Vivado Simulator v2022.1
Copyright 1986-1999, 2001-2022 Xilinx, Inc. All Rights Reserved.
Running: /opt/Xilinx/Vivado/2022.1/bin/unwrapped/lnx64.o/xelab -relax -debug typical tb -L uvm -L xilinx_vip -L unisims_ver -L unimacro_ver -L secureip --snapshot tb glbl 
Multi-threading is on. Using 18 slave threads.
Starting static elaboration
Pass Through NonSizing Optimizer
WARNING: [VRFC 10-3091] actual bit length 32 differs from formal bit length 1 for port 'TRACE_tready' [/home/b57zheng/ECE320_LAB/b57zheng-pd6/build/design/tb.sv:26]
WARNING: [VRFC 10-3091] actual bit length 3 differs from formal bit length 4 for port 'CO' [/home/b57zheng/ECE320_LAB/b57zheng-pd6/build/output/overlay_post_synth.v:2598]
WARNING: [VRFC 10-3091] actual bit length 3 differs from formal bit length 4 for port 'CO' [/home/b57zheng/ECE320_LAB/b57zheng-pd6/build/output/overlay_post_synth.v:2866]
WARNING: [VRFC 10-3091] actual bit length 3 differs from formal bit length 4 for port 'CO' [/home/b57zheng/ECE320_LAB/b57zheng-pd6/build/output/overlay_post_synth.v:89021]
WARNING: [VRFC 10-3091] actual bit length 8 differs from formal bit length 16 for port 'DOADO' [/home/b57zheng/ECE320_LAB/b57zheng-pd6/build/output/overlay_post_synth.v:89372]
WARNING: [VRFC 10-3091] actual bit length 8 differs from formal bit length 16 for port 'DOADO' [/home/b57zheng/ECE320_LAB/b57zheng-pd6/build/output/overlay_post_synth.v:90114]
WARNING: [VRFC 10-3091] actual bit length 8 differs from formal bit length 16 for port 'DOADO' [/home/b57zheng/ECE320_LAB/b57zheng-pd6/build/output/overlay_post_synth.v:90629]
WARNING: [VRFC 10-3091] actual bit length 8 differs from formal bit length 16 for port 'DOADO' [/home/b57zheng/ECE320_LAB/b57zheng-pd6/build/output/overlay_post_synth.v:91022]
WARNING: [VRFC 10-3091] actual bit length 2 differs from formal bit length 4 for port 'CO' [/home/b57zheng/ECE320_LAB/b57zheng-pd6/build/output/overlay_post_synth.v:105190]
WARNING: [VRFC 10-3091] actual bit length 3 differs from formal bit length 4 for port 'O' [/home/b57zheng/ECE320_LAB/b57zheng-pd6/build/output/overlay_post_synth.v:105193]
WARNING: [VRFC 10-3091] actual bit length 2 differs from formal bit length 4 for port 'CO' [/home/b57zheng/ECE320_LAB/b57zheng-pd6/build/output/overlay_post_synth.v:105643]
WARNING: [VRFC 10-3091] actual bit length 3 differs from formal bit length 4 for port 'O' [/home/b57zheng/ECE320_LAB/b57zheng-pd6/build/output/overlay_post_synth.v:105646]
WARNING: [VRFC 10-3091] actual bit length 3 differs from formal bit length 4 for port 'CO' [/home/b57zheng/ECE320_LAB/b57zheng-pd6/build/output/overlay_post_synth.v:107587]
WARNING: [VRFC 10-3091] actual bit length 2 differs from formal bit length 4 for port 'CO' [/home/b57zheng/ECE320_LAB/b57zheng-pd6/build/output/overlay_post_synth.v:107901]
WARNING: [VRFC 10-3091] actual bit length 3 differs from formal bit length 4 for port 'O' [/home/b57zheng/ECE320_LAB/b57zheng-pd6/build/output/overlay_post_synth.v:107904]
WARNING: [VRFC 10-3091] actual bit length 3 differs from formal bit length 4 for port 'CO' [/home/b57zheng/ECE320_LAB/b57zheng-pd6/build/output/overlay_post_synth.v:128966]
Completed static elaboration
Starting simulation data flow analysis
WARNING: [XSIM 43-4100] "/home/b57zheng/ECE320_LAB/b57zheng-pd6/build/output/overlay_post_synth.v" Line 102719. Module overlay_top_design_0 has a timescale but at least one module in design doesn't have timescale.
WARNING: [XSIM 43-4100] "/wrk/ci/prod/2022.1/rdi_builds/continuous/2022_04_18_3526262/data/verilog/src/unisims/GND.v" Line 24. Module GND has a timescale but at least one module in design doesn't have timescale.
WARNING: [XSIM 43-4100] "/home/b57zheng/ECE320_LAB/b57zheng-pd6/build/output/overlay_post_synth.v" Line 127007. Module top has a timescale but at least one module in design doesn't have timescale.
WARNING: [XSIM 43-4100] "/wrk/ci/prod/2022.1/rdi_builds/continuous/2022_04_18_3526262/data/verilog/src/unisims/GND.v" Line 24. Module GND has a timescale but at least one module in design doesn't have timescale.
WARNING: [XSIM 43-4100] "/wrk/ci/prod/2022.1/rdi_builds/continuous/2022_04_18_3526262/data/verilog/src/unisims/LUT3.v" Line 28. Module LUT3 has a timescale but at least one module in design doesn't have timescale.
WARNING: [XSIM 43-4100] "/wrk/ci/prod/2022.1/rdi_builds/continuous/2022_04_18_3526262/data/verilog/src/unisims/LUT3.v" Line 67. Module x_lut3_mux8 has a timescale but at least one module in design doesn't have timescale.
WARNING: [XSIM 43-4100] "/wrk/ci/prod/2022.1/rdi_builds/continuous/2022_04_18_3526262/data/verilog/src/unisims/LUT3.v" Line 28. Module LUT3 has a timescale but at least one module in design doesn't have timescale.
WARNING: [XSIM 43-4100] "/wrk/ci/prod/2022.1/rdi_builds/continuous/2022_04_18_3526262/data/verilog/src/unisims/LUT3.v" Line 67. Module x_lut3_mux8 has a timescale but at least one module in design doesn't have timescale.
WARNING: [XSIM 43-4100] "/wrk/ci/prod/2022.1/rdi_builds/continuous/2022_04_18_3526262/data/verilog/src/unisims/LUT3.v" Line 28. Module LUT3 has a timescale but at least one module in design doesn't have timescale.
WARNING: [XSIM 43-4100] "/wrk/ci/prod/2022.1/rdi_builds/continuous/2022_04_18_3526262/data/verilog/src/unisims/LUT3.v" Line 67. Module x_lut3_mux8 has a timescale but at least one module in design doesn't have timescale.
WARNING: [XSIM 43-4100] "/wrk/ci/prod/2022.1/rdi_builds/continuous/2022_04_18_3526262/data/verilog/src/unisims/LUT3.v" Line 28. Module LUT3 has a timescale but at least one module in design doesn't have timescale.
WARNING: [XSIM 43-4100] "/wrk/ci/prod/2022.1/rdi_builds/continuous/2022_04_18_3526262/data/verilog/src/unisims/LUT3.v" Line 67. Module x_lut3_mux8 has a timescale but at least one module in design doesn't have timescale.
WARNING: [XSIM 43-4100] "/wrk/ci/prod/2022.1/rdi_builds/continuous/2022_04_18_3526262/data/verilog/src/unisims/LUT3.v" Line 28. Module LUT3 has a timescale but at least one module in design doesn't have timescale.
WARNING: [XSIM 43-4100] "/wrk/ci/prod/2022.1/rdi_builds/continuous/2022_04_18_3526262/data/verilog/src/unisims/LUT3.v" Line 67. Module x_lut3_mux8 has a timescale but at least one module in design doesn't have timescale.
WARNING: [XSIM 43-4100] "/wrk/ci/prod/2022.1/rdi_builds/continuous/2022_04_18_3526262/data/verilog/src/unisims/LUT3.v" Line 28. Module LUT3 has a timescale but at least one module in design doesn't have timescale.
WARNING: [XSIM 43-4100] "/wrk/ci/prod/2022.1/rdi_builds/continuous/2022_04_18_3526262/data/verilog/src/unisims/LUT3.v" Line 67. Module x_lut3_mux8 has a timescale but at least one module in design doesn't have timescale.
WARNING: [XSIM 43-4100] "/wrk/ci/prod/2022.1/rdi_builds/continuous/2022_04_18_3526262/data/verilog/src/unisims/LUT3.v" Line 28. Module LUT3 has a timescale but at least one module in design doesn't have timescale.
WARNING: [XSIM 43-4100] "/wrk/ci/prod/2022.1/rdi_builds/continuous/2022_04_18_3526262/data/verilog/src/unisims/LUT3.v" Line 67. Module x_lut3_mux8 has a timescale but at least one module in design doesn't have timescale.
WARNING: [XSIM 43-4100] "/wrk/ci/prod/2022.1/rdi_builds/continuous/2022_04_18_3526262/data/verilog/src/unisims/LUT3.v" Line 28. Module LUT3 has a timescale but at least one module in design doesn't have timescale.
WARNING: [XSIM 43-4100] "/wrk/ci/prod/2022.1/rdi_builds/continuous/2022_04_18_3526262/data/verilog/src/unisims/LUT3.v" Line 67. Module x_lut3_mux8 has a timescale but at least one module in design doesn't have timescale.
WARNING: [XSIM 43-4100] "/wrk/ci/prod/2022.1/rdi_builds/continuous/2022_04_18_3526262/data/verilog/src/unisims/LUT3.v" Line 28. Module LUT3 has a timescale but at least one module in design doesn't have timescale.
WARNING: [XSIM 43-4100] "/wrk/ci/prod/2022.1/rdi_builds/continuous/2022_04_18_3526262/data/verilog/src/unisims/LUT3.v" Line 67. Module x_lut3_mux8 has a timescale but at least one module in design doesn't have timescale.
WARNING: [XSIM 43-4100] "/wrk/ci/prod/2022.1/rdi_builds/continuous/2022_04_18_3526262/data/verilog/src/unisims/LUT3.v" Line 28. Module LUT3 has a timescale but at least one module in design doesn't have timescale.
WARNING: [XSIM 43-4100] "/wrk/ci/prod/2022.1/rdi_builds/continuous/2022_04_18_3526262/data/verilog/src/unisims/LUT3.v" Line 67. Module x_lut3_mux8 has a timescale but at least one module in design doesn't have timescale.
WARNING: [XSIM 43-4100] "/wrk/ci/prod/2022.1/rdi_builds/continuous/2022_04_18_3526262/data/verilog/src/unisims/LUT3.v" Line 28. Module LUT3 has a timescale but at least one module in design doesn't have timescale.
WARNING: [XSIM 43-4100] "/wrk/ci/prod/2022.1/rdi_builds/continuous/2022_04_18_3526262/data/verilog/src/unisims/LUT3.v" Line 67. Module x_lut3_mux8 has a timescale but at least one module in design doesn't have timescale.
WARNING: [XSIM 43-4100] "/wrk/ci/prod/2022.1/rdi_builds/continuous/2022_04_18_3526262/data/verilog/src/unisims/LUT3.v" Line 28. Module LUT3 has a timescale but at least one module in design doesn't have timescale.
WARNING: [XSIM 43-4100] "/wrk/ci/prod/2022.1/rdi_builds/continuous/2022_04_18_3526262/data/verilog/src/unisims/LUT3.v" Line 67. Module x_lut3_mux8 has a timescale but at least one module in design doesn't have timescale.
WARNING: [XSIM 43-4100] "/wrk/ci/prod/2022.1/rdi_builds/continuous/2022_04_18_3526262/data/verilog/src/unisims/LUT3.v" Line 28. Module LUT3 has a timescale but at least one module in design doesn't have timescale.
WARNING: [XSIM 43-4100] "/wrk/ci/prod/2022.1/rdi_builds/continuous/2022_04_18_3526262/data/verilog/src/unisims/LUT3.v" Line 67. Module x_lut3_mux8 has a timescale but at least one module in design doesn't have timescale.
WARNING: [XSIM 43-4100] "/wrk/ci/prod/2022.1/rdi_builds/continuous/2022_04_18_3526262/data/verilog/src/unisims/LUT3.v" Line 28. Module LUT3 has a timescale but at least one module in design doesn't have timescale.
WARNING: [XSIM 43-4100] "/wrk/ci/prod/2022.1/rdi_builds/continuous/2022_04_18_3526262/data/verilog/src/unisims/LUT3.v" Line 67. Module x_lut3_mux8 has a timescale but at least one module in design doesn't have timescale.
WARNING: [XSIM 43-4100] "/wrk/ci/prod/2022.1/rdi_builds/continuous/2022_04_18_3526262/data/verilog/src/unisims/LUT3.v" Line 28. Module LUT3 has a timescale but at least one module in design doesn't have timescale.
WARNING: [XSIM 43-4100] "/wrk/ci/prod/2022.1/rdi_builds/continuous/2022_04_18_3526262/data/verilog/src/unisims/LUT3.v" Line 67. Module x_lut3_mux8 has a timescale but at least one module in design doesn't have timescale.
WARNING: [XSIM 43-4100] "/wrk/ci/prod/2022.1/rdi_builds/continuous/2022_04_18_3526262/data/verilog/src/unisims/LUT3.v" Line 28. Module LUT3 has a timescale but at least one module in design doesn't have timescale.
WARNING: [XSIM 43-4100] "/wrk/ci/prod/2022.1/rdi_builds/continuous/2022_04_18_3526262/data/verilog/src/unisims/LUT3.v" Line 67. Module x_lut3_mux8 has a timescale but at least one module in design doesn't have timescale.
WARNING: [XSIM 43-4100] "/wrk/ci/prod/2022.1/rdi_builds/continuous/2022_04_18_3526262/data/verilog/src/unisims/LUT3.v" Line 28. Module LUT3 has a timescale but at least one module in design doesn't have timescale.
WARNING: [XSIM 43-4100] "/wrk/ci/prod/2022.1/rdi_builds/continuous/2022_04_18_3526262/data/verilog/src/unisims/LUT3.v" Line 67. Module x_lut3_mux8 has a timescale but at least one module in design doesn't have timescale.
WARNING: [XSIM 43-4100] "/wrk/ci/prod/2022.1/rdi_builds/continuous/2022_04_18_3526262/data/verilog/src/unisims/LUT3.v" Line 28. Module LUT3 has a timescale but at least one module in design doesn't have timescale.
WARNING: [XSIM 43-4100] "/wrk/ci/prod/2022.1/rdi_builds/continuous/2022_04_18_3526262/data/verilog/src/unisims/LUT3.v" Line 67. Module x_lut3_mux8 has a timescale but at least one module in design doesn't have timescale.
WARNING: [XSIM 43-4100] "/wrk/ci/prod/2022.1/rdi_builds/continuous/2022_04_18_3526262/data/verilog/src/unisims/LUT3.v" Line 28. Module LUT3 has a timescale but at least one module in design doesn't have timescale.
WARNING: [XSIM 43-4100] "/wrk/ci/prod/2022.1/rdi_builds/continuous/2022_04_18_3526262/data/verilog/src/unisims/LUT3.v" Line 67. Module x_lut3_mux8 has a timescale but at least one module in design doesn't have timescale.
WARNING: [XSIM 43-4100] "/wrk/ci/prod/2022.1/rdi_builds/continuous/2022_04_18_3526262/data/verilog/src/unisims/LUT3.v" Line 28. Module LUT3 has a timescale but at least one module in design doesn't have timescale.
WARNING: [XSIM 43-4100] "/wrk/ci/prod/2022.1/rdi_builds/continuous/2022_04_18_3526262/data/verilog/src/unisims/LUT3.v" Line 67. Module x_lut3_mux8 has a timescale but at least one module in design doesn't have timescale.
WARNING: [XSIM 43-4100] "/wrk/ci/prod/2022.1/rdi_builds/continuous/2022_04_18_3526262/data/verilog/src/unisims/LUT3.v" Line 28. Module LUT3 has a timescale but at least one module in design doesn't have timescale.
WARNING: [XSIM 43-4100] "/wrk/ci/prod/2022.1/rdi_builds/continuous/2022_04_18_3526262/data/verilog/src/unisims/LUT3.v" Line 67. Module x_lut3_mux8 has a timescale but at least one module in design doesn't have timescale.
WARNING: [XSIM 43-4100] "/wrk/ci/prod/2022.1/rdi_builds/continuous/2022_04_18_3526262/data/verilog/src/unisims/LUT3.v" Line 28. Module LUT3 has a timescale but at least one module in design doesn't have timescale.
WARNING: [XSIM 43-4100] "/wrk/ci/prod/2022.1/rdi_builds/continuous/2022_04_18_3526262/data/verilog/src/unisims/LUT3.v" Line 67. Module x_lut3_mux8 has a timescale but at least one module in design doesn't have timescale.
WARNING: [XSIM 43-4100] "/wrk/ci/prod/2022.1/rdi_builds/continuous/2022_04_18_3526262/data/verilog/src/unisims/LUT3.v" Line 28. Module LUT3 has a timescale but at least one module in design doesn't have timescale.
WARNING: [XSIM 43-4100] "/wrk/ci/prod/2022.1/rdi_builds/continuous/2022_04_18_3526262/data/verilog/src/unisims/LUT3.v" Line 67. Module x_lut3_mux8 has a timescale but at least one module in design doesn't have timescale.
INFO: [Common 17-14] Message 'XSIM 43-4100' appears 50 times and further instances of the messages will be disabled. Use the Tcl command set_msg_config to change the current settings.
Completed simulation data flow analysis
Time Resolution for simulation is 1ps
Compiling module unisims_ver.GND
Compiling module unisims_ver.x_lut3_mux8
Compiling module unisims_ver.LUT3
Compiling module unisims_ver.x_lut2_mux4
Compiling module unisims_ver.LUT2
Compiling module unisims_ver.LUT4
Compiling module unisims_ver.LUT6
Compiling module unisims_ver.LUT5
Compiling module unisims_ver.VCC
Compiling module unisims_ver.x_lut1_mux2
Compiling module unisims_ver.LUT1
Compiling module unisims_ver.FDRE_default
Compiling module unisims_ver.CARRY4
Compiling module work.alu
Compiling module work.bcu
Compiling module unisims_ver.RB18_INTERNAL_VLOG(RDADDR_COLLIS...
Compiling module unisims_ver.RAMB18E1(RDADDR_COLLISION_HWCONF...
Compiling module work.byte_mem
Compiling module work.byte_mem_0
Compiling module work.byte_mem_1
Compiling module work.byte_mem_2
Compiling module work.dmemory
Compiling module unisims_ver.FDSE_default
Compiling module unisims_ver.RB36_INTERNAL_VLOG(DOB_REG=1,INI...
Compiling module unisims_ver.RAMB36E1(DOB_REG=1,INIT_00=256'b...
Compiling module work.imemory
Compiling module unisims_ver.RB18_INTERNAL_VLOG(DOA_REG=1,DOB...
Compiling module unisims_ver.RAMB18E1(DOA_REG=1,DOB_REG=1,INI...
Compiling module work.register_file
Compiling module work.pd
Compiling module work.design_wrapper
Compiling module work.top
Compiling module work.overlay_top_design_0
Compiling module work.tb
Compiling module work.glbl
Built simulation snapshot tb
