#-----------------------------------------------------------
# xsim v2022.1 (64-bit)
# SW Build 3526262 on Mon Apr 18 15:47:01 MDT 2022
# IP Build 3524634 on Mon Apr 18 20:55:01 MDT 2022
# Start of session at: Fri Nov 28 17:59:17 2025
# Process ID: 2937681
# Current directory: /home/b57zheng/ECE320_LAB/b57zheng-pd6/build/output
# Command line: xsim -mode tcl -source {xsim.dir/tb/xsim_script.tcl}
# Log file: /home/b57zheng/ECE320_LAB/b57zheng-pd6/build/output/xsim.log
# Journal file: /home/b57zheng/ECE320_LAB/b57zheng-pd6/build/output/xsim.jou
# Running On: eceubuntu2, OS: Linux, CPU Frequency: 2695.572 MHz, CPU Physical cores: 10, Host memory: 99797 MB
#-----------------------------------------------------------
source xsim.dir/tb/xsim_script.tcl
# xsim {tb} -autoloadwcfg -tclbatch {/home/b57zheng/ECE320_LAB/b57zheng-pd6/build/scripts/xsim.tcl}
Time resolution is 1 ps
source /home/b57zheng/ECE320_LAB/b57zheng-pd6/build/scripts/xsim.tcl
## run 2000ns
Simulation started.
Final transfer at 01000590
[W] 00000000 0 00 00000000
[W] 00000000 0 00 00000000
[W] 01000000 1 00 00000000
[W] 01000000 0 00 00000000
[W] 01000000 1 01 00000000
[W] 01000000 1 01 00000000
[W] 01000004 0 00 00000000
[W] 01000004 1 02 00000000
[W] 01000008 0 00 00000000
[W] 01000008 1 1e 00000000
[W] 0100000c 0 00 00000000
[W] 0100000c 1 1d 00000000
[W] 01000010 0 00 00000000
[W] 01000010 1 03 00000002
[W] 01000014 0 00 00000000
[W] 01000014 0 00 010004e0
[W] 01000018 0 00 00000000
[W] 01000018 1 01 00000001
[W] 0100001c 0 00 00000000
[W] 0100001c 1 02 00000001
[W] 01000020 0 00 00000000
[W] 01000020 1 1e 00000001
[W] 01000024 0 00 00000000
[W] 01000024 1 1d 00000002
[W] 01000028 0 00 00000000
[W] 01000028 1 03 00000003
[W] 0100002c 0 00 00000000
[W] 0100002c 0 00 010004e0
[W] 01000030 0 00 00000000
[W] 01000034 1 00 00000000
[W] 01000034 0 00 00000000
[W] 01000034 1 02 00000007
[W] 01000038 0 00 00000000
[W] 01000038 1 1e 00000008
[W] 0100003c 0 00 00000000
[W] 0100003c 1 1d 0000000a
[W] 01000040 0 00 00000000
[W] 01000040 1 03 00000004
[W] 01000044 0 00 00000000
[W] 01000044 0 00 010004e0
[W] 01000048 0 00 00000000
[W] 0100004c 1 00 00000000
[W] 0100004c 0 00 00000000
[W] 0100004c 1 02 ffff8000
[W] 01000050 0 00 00000000
[W] 01000050 1 1e ffff8001
[W] 01000054 0 00 00000000
[W] 01000054 1 1d ffff8000
[W] 01000058 0 00 00000000
[W] 01000058 1 03 00000005
[W] 0100005c 0 00 00000000
[W] 0100005c 0 00 010004e0
[W] 01000060 0 00 00000000
[W] 01000064 1 00 00000000
[W] 01000064 0 00 00000000
[W] 01000064 1 02 00000000
[W] 01000068 0 00 00000000
[W] 01000068 1 1e 00000001
[W] 0100006c 0 00 00000000
[W] 0100006c 1 1d 80000000
[W] 01000070 0 00 00000000
[W] 01000070 1 03 00000006
[W] 01000074 0 00 00000000
[W] 01000074 0 00 010004e0
[W] 01000078 0 00 00000000
[W] 0100007c 1 00 00000000
[W] 0100007c 0 00 00000000
[W] 0100007c 1 02 ffff8000
[W] 01000080 0 00 00000000
[W] 01000080 1 1e ffff8001
[W] 01000084 0 00 00000000
[W] 01000084 1 1d 7fff8000
[W] 01000088 0 00 00000000
[W] 01000088 1 03 00000007
[W] 0100008c 0 00 00000000
[W] 0100008c 0 00 010004e0
[W] 01000090 0 00 00000000
[W] 01000094 1 00 00000000
[W] 01000094 0 00 00000000
[W] 01000094 1 02 00008000
[W] 01000098 0 00 00000000
[W] 01000098 1 02 00007fff
[W] 0100009c 0 00 00000000
[W] 0100009c 1 1e 00008000
[W] 010000a0 0 00 00000000
[W] 010000a0 1 1d 00008000
[W] 010000a4 0 00 00000000
[W] 010000a4 1 1d 00007fff
[W] 010000a8 0 00 00000000
[W] 010000a8 1 03 00000008
[W] 010000ac 0 00 00000000
[W] 010000ac 0 00 010004e0
[W] 010000b0 0 00 00000000
[W] 010000b0 1 01 80000000
[W] 010000b4 0 00 00000000
[W] 010000b4 1 01 7fffffff
[W] 010000b8 0 00 00000000
[W] 010000b8 1 02 00000000
[W] 010000bc 0 00 00000000
[W] 010000bc 1 1e 80000000
[W] 010000c0 0 00 00000000
[W] 010000c0 1 1d 80000000
[W] 010000c4 0 00 00000000
[W] 010000c4 1 1d 7fffffff
[W] 010000c8 0 00 00000000
[W] 010000c8 1 03 00000009
[W] 010000cc 0 00 00000000
[W] 010000cc 0 00 010004e0
[W] 010000d0 0 00 00000000
[W] 010000d0 1 01 80000000
[W] 010000d4 0 00 00000000
[W] 010000d4 1 01 7fffffff
[W] 010000d8 0 00 00000000
[W] 010000d8 1 02 00008000
[W] 010000dc 0 00 00000000
[W] 010000dc 1 02 00007fff
[W] 010000e0 0 00 00000000
[W] 010000e0 1 1e 80007ffe
[W] 010000e4 0 00 00000000
[W] 010000e4 1 1d 80008000
[W] 010000e8 0 00 00000000
[W] 010000e8 1 1d 80007ffe
[W] 010000ec 0 00 00000000
[W] 010000ec 1 03 0000000a
[W] 010000f0 0 00 00000000
[W] 010000f0 0 00 010004e0
[W] 010000f4 0 00 00000000
[W] 010000f8 1 00 00000000
[W] 010000f8 0 00 00000000
[W] 010000f8 1 02 00008000
[W] 010000fc 0 00 00000000
[W] 010000fc 1 02 00007fff
[W] 01000100 0 00 00000000
[W] 01000100 1 1e 80007ffe
[W] 01000104 0 00 00000000
[W] 01000104 1 1d 80008000
[W] 01000108 0 00 00000000
[W] 01000108 1 1d 80007fff
[W] 0100010c 0 00 00000000
[W] 0100010c 1 03 0000000b
[W] 01000110 0 00 00000000
[W] 01000110 0 00 010004e0
[W] 01000114 0 00 00000000
[W] 01000118 1 00 00000000
[W] 01000118 0 00 00000000
[W] 01000118 1 01 7ffffffe
[W] 0100011c 0 00 00000000
[W] 0100011c 1 02 ffff8000
[W] 01000120 0 00 00000000
[W] 01000120 1 1e 7fff7fff
[W] 01000124 0 00 00000000
[W] 01000124 1 1d 7fff8000
[W] 01000128 0 00 00000000
[W] 01000128 1 1d 7fff7fff
[W] 0100012c 0 00 00000000
[W] 0100012c 1 03 0000000c
[W] 01000130 0 00 00000000
[W] 01000130 0 00 010004e0
[W] 01000134 0 00 00000000
[W] 01000138 1 00 00000000
[W] 01000138 0 00 00000000
[W] 01000138 1 02 ffffffff
[W] 0100013c 0 00 00000000
[W] 0100013c 1 1e 7ffffffd
[W] 01000140 0 00 00000000
[W] 01000140 1 1d ffffffff
[W] 01000144 0 00 00000000
[W] 01000144 1 03 0000000d
[W] 01000148 0 00 00000000
[W] 01000148 0 00 010004e0
[W] 0100014c 0 00 00000000
[W] 01000150 1 00 00000000
[W] 01000150 0 00 00000000
[W] 01000150 1 02 00000001
[W] 01000154 0 00 00000000
[W] 01000154 1 1e 7fffffff
[W] 01000158 0 00 00000000
[W] 01000158 1 1d 00000000
[W] 0100015c 0 00 00000000
[W] 0100015c 1 03 0000000e
[W] 01000160 0 00 00000000
[W] 01000160 0 00 010004e0
[W] 01000164 0 00 00000000
[W] 01000168 1 00 00000000
[W] 01000168 0 00 00000000
[W] 01000168 1 02 ffffffff
[W] 0100016c 0 00 00000000
[W] 0100016c 1 1e 7ffffffd
[W] 01000170 0 00 00000000
[W] 01000170 1 1d fffffffe
[W] 01000174 0 00 00000000
[W] 01000174 1 03 0000000f
[W] 01000178 0 00 00000000
[W] 01000178 0 00 010004e0
[W] 0100017c 0 00 00000000
[W] 01000180 1 00 00000000
[W] 01000180 0 00 00000000
[W] 01000180 1 02 80000000
[W] 01000184 0 00 00000000
[W] 01000184 1 02 7fffffff
[W] 01000188 0 00 00000000
[W] 01000188 1 1e fffffffd
[W] 0100018c 0 00 00000000
[W] 0100018c 1 1d 80000000
[W] 01000190 0 00 00000000
[W] 01000190 1 03 00000010
[W] 01000194 0 00 00000000
[W] 01000194 0 00 010004e0
[W] 01000198 0 00 00000000
[W] 0100019c 1 00 00000000
[W] 0100019c 0 00 00000000
[W] 0100019c 1 02 0000000b
[W] 010001a0 0 00 00000000
[W] 010001a0 1 01 80000009
[W] 010001a4 0 00 00000000
[W] 010001a4 1 1d 00000018
[W] 010001a8 0 00 00000000
[W] 010001a8 1 03 00000011
[W] 010001ac 0 00 00000000
[W] 010001ac 0 00 010004e0
[W] 010001b0 0 00 00000000
[W] 010001b4 1 00 00000000
[W] 010001b4 0 00 00000000
[W] 010001b4 1 02 0000000b
[W] 010001b8 0 00 00000000
[W] 010001b8 1 02 80000014
[W] 010001bc 0 00 00000000
[W] 010001bc 1 1d 00000019
[W] 010001c0 0 00 00000000
[W] 010001c0 1 03 00000012
[W] 010001c4 0 00 00000000
[W] 010001c4 0 00 010004e0
[W] 010001c8 0 00 00000000
[W] 010001cc 1 00 00000000
[W] 010001cc 0 00 00000000
[W] 010001cc 1 01 00000012
[W] 010001d0 0 00 00000000
[W] 010001d0 1 1d 0000001a
[W] 010001d4 0 00 00000000
[W] 010001d4 1 03 00000013
[W] 010001d8 0 00 00000000
[W] 010001d8 0 00 010004e0
[W] 010001dc 0 00 00000000
[W] 010001e0 1 00 00000000
[W] 010001e0 0 00 00000000
[W] 010001e0 1 01 0000000d
[W] 010001e4 0 00 00000000
[W] 010001e4 1 02 0000000b
[W] 010001e8 0 00 00000000
[W] 010001e8 1 1e 0000001d
[W] 010001ec 0 00 00000000
[W] 010001ec 1 06 0000001d
[W] 010001f0 0 00 00000000
[W] 010001f0 1 04 00000001
[W] 010001f4 0 00 00000000
[W] 010001f4 1 05 00000002
[W] 010001f8 0 00 00000000
[W] 010001f8 0 00 010001e0
[W] 010001fc 0 00 00000000
[W] 01000200 1 00 00000000
[W] 01000200 0 00 00000000
[W] 01000200 1 03 00000014
[W] 01000204 0 00 00000000
[W] 01000204 0 00 010004e0
[W] 01000208 0 00 00000000
[W] 0100020c 1 00 00000000
[W] 0100020c 0 00 00000000
[W] 0100020c 1 01 0000000e
[W] 01000210 0 00 00000000
[W] 01000210 1 02 0000000b
[W] 01000214 0 00 00000000
[W] 01000214 1 1e 00000018
[W] 01000218 0 00 00000000
[W] 01000218 1 00 00000000
[W] 0100021c 0 00 00000000
[W] 0100021c 1 06 0000001d
[W] 01000220 0 00 00000000
[W] 01000220 1 04 00000002
[W] 01000224 0 00 00000000
[W] 01000224 1 05 00000002
[W] 01000228 0 00 00000000
[W] 01000228 0 00 0100020c
[W] 0100022c 0 00 00000000
[W] 01000230 1 00 00000000
[W] 01000230 0 00 00000000
[W] 01000230 1 03 00000015
[W] 01000234 0 00 00000000
[W] 01000234 0 00 010004e0
[W] 01000238 0 00 00000000
[W] 0100023c 1 00 00000000
[W] 0100023c 0 00 00000000
[W] 0100023c 1 01 0000000f
[W] 01000240 0 00 00000000
[W] 01000240 1 02 0000000b
[W] 01000244 0 00 00000000
[W] 01000244 1 1e 00000019
[W] 01000248 0 00 00000000
[W] 01000248 1 00 00000000
[W] 0100024c 0 00 00000000
[W] 0100024c 1 00 00000000
[W] 01000250 0 00 00000000
[W] 01000250 1 06 00000019
[W] 01000254 0 00 00000000
[W] 01000254 1 04 00000003
[W] 01000258 0 00 00000000
[W] 01000258 1 05 00000002
[W] 0100025c 0 00 00000000
[W] 0100025c 0 00 0100023c
[W] 01000260 0 00 00000000
[W] 01000260 1 1d 0000001a
[W] 01000264 0 00 00000000
[W] 01000264 1 03 00000016
[W] 01000268 0 00 00000000
[W] 01000268 0 00 010004e0
[W] 0100026c 0 00 00000000
[W] 01000270 1 00 00000000
[W] 01000270 0 00 00000000
[W] 01000270 1 01 0000000d
[W] 01000274 0 00 00000000
[W] 01000274 1 02 0000000b
[W] 01000278 0 00 00000000
[W] 01000278 1 1e 0000001a
[W] 0100027c 0 00 00000000
[W] 0100027c 1 04 00000004
[W] 01000280 0 00 00000000
[W] 01000280 1 05 00000002
[W] 01000284 0 00 00000000
[W] 01000284 0 00 01000270
[W] 01000288 0 00 00000000
[W] 0100028c 1 00 00000000
[W] 0100028c 0 00 00000000
[W] 0100028c 1 03 00000017
[W] 01000290 0 00 00000000
[W] 01000290 0 00 010004e0
[W] 01000294 0 00 00000000
[W] 01000294 1 04 00000000
[W] 01000298 0 00 00000000
[W] 01000298 1 01 0000000e
[W] 0100029c 0 00 00000000
[W] 0100029c 1 02 0000000b
[W] 010002a0 0 00 00000000
[W] 010002a0 1 00 00000000
[W] 010002a4 0 00 00000000
[W] 010002a4 1 1e 00000019
[W] 010002a8 0 00 00000000
[W] 010002a8 1 04 00000001
[W] 010002ac 0 00 00000000
[W] 010002ac 1 05 00000002
[W] 010002b0 0 00 00000000
[W] 010002b0 0 00 01000298
[W] 010002b4 0 00 00000000
[W] 010002b8 1 00 00000000
[W] 010002b8 0 00 00000000
[W] 010002b8 1 03 00000018
[W] 010002bc 0 00 00000000
[W] 010002bc 0 00 010004e0
[W] 010002c0 0 00 00000000
[W] 010002c4 1 00 00000000
[W] 010002c4 0 00 00000000
[W] 010002c4 1 01 0000000f
[W] 010002c8 0 00 00000000
[W] 010002c8 1 02 0000000b
[W] 010002cc 0 00 00000000
[W] 010002cc 1 00 00000000
[W] 010002d0 0 00 00000000
[W] 010002d0 1 00 00000000
[W] 010002d4 0 00 00000000
[W] 010002d4 1 1e 0000001a
[W] 010002d8 0 00 00000000
[W] 010002d8 1 04 00000002
[W] 010002dc 0 00 00000000
[W] 010002dc 1 05 00000002
[W] 010002e0 0 00 00000000
[W] 010002e0 0 00 010002c4
[W] 010002e4 0 00 00000000
[W] 010002e8 1 00 00000000
[W] 010002e8 0 00 00000000
[W] 010002e8 1 03 00000019
[W] 010002ec 0 00 00000000
[W] 010002ec 0 00 010004e0
[W] 010002f0 0 00 00000000
[W] 010002f0 1 04 00000000
[W] 010002f4 0 00 00000000
[W] 010002f4 1 01 0000000d
[W] 010002f8 0 00 00000000
[W] 010002f8 1 00 00000000
[W] 010002fc 0 00 00000000
[W] 010002fc 1 02 0000000b
[W] 01000300 0 00 00000000
[W] 01000300 1 1e 00000018
[W] 01000304 0 00 00000000
[W] 01000304 1 04 00000001
[W] 01000308 0 00 00000000
[W] 01000308 1 05 00000002
[W] 0100030c 0 00 00000000
[W] 0100030c 0 00 010002f4
[W] 01000310 0 00 00000000
[W] 01000314 1 00 00000000
[W] 01000314 0 00 00000000
[W] 01000314 1 03 0000001a
[W] 01000318 0 00 00000000
[W] 01000318 0 00 010004e0
[W] 0100031c 0 00 00000000
[W] 01000320 1 00 00000000
[W] 01000320 0 00 00000000
[W] 01000320 1 01 0000000e
[W] 01000324 0 00 00000000
[W] 01000324 1 00 00000000
[W] 01000328 0 00 00000000
[W] 01000328 1 02 0000000b
[W] 0100032c 0 00 00000000
[W] 0100032c 1 00 00000000
[W] 01000330 0 00 00000000
[W] 01000330 1 1e 00000019
[W] 01000334 0 00 00000000
[W] 01000334 1 04 00000002
[W] 01000338 0 00 00000000
[W] 01000338 1 05 00000002
[W] 0100033c 0 00 00000000
[W] 0100033c 0 00 01000320
[W] 01000340 0 00 00000000
[W] 01000344 1 00 00000000
[W] 01000344 0 00 00000000
[W] 01000344 1 03 0000001b
[W] 01000348 0 00 00000000
[W] 01000348 0 00 010004e0
[W] 0100034c 0 00 00000000
[W] 01000350 1 00 00000000
[W] 01000350 0 00 00000000
[W] 01000350 1 01 0000000f
[W] 01000354 0 00 00000000
[W] 01000354 1 00 00000000
[W] 01000358 0 00 00000000
[W] 01000358 1 00 00000000
[W] 0100035c 0 00 00000000
[W] 0100035c 1 02 0000000b
[W] 01000360 0 00 00000000
[W] 01000360 1 1e 0000001a
[W] 01000364 0 00 00000000
[W] 01000364 1 04 00000003
[W] 01000368 0 00 00000000
[W] 01000368 1 05 00000002
[W] 0100036c 0 00 00000000
[W] 0100036c 0 00 01000350
[W] 01000370 0 00 00000000
[W] 01000370 1 1d 0000001a
[W] 01000374 0 00 00000000
[W] 01000374 1 03 0000001c
[W] 01000378 0 00 00000000
[W] 01000378 0 00 010004e0
[W] 0100037c 0 00 00000000
[W] 0100037c 1 04 00000000
[W] 01000380 0 00 00000000
[W] 01000380 1 02 0000000b
[W] 01000384 0 00 00000000
[W] 01000384 1 01 0000000d
[W] 01000388 0 00 00000000
[W] 01000388 1 1e 00000018
[W] 0100038c 0 00 00000000
[W] 0100038c 1 04 00000001
[W] 01000390 0 00 00000000
[W] 01000390 1 05 00000002
[W] 01000394 0 00 00000000
[W] 01000394 0 00 01000380
[W] 01000398 0 00 00000000
[W] 0100039c 1 00 00000000
[W] 0100039c 0 00 00000000
[W] 0100039c 1 03 0000001d
[W] 010003a0 0 00 00000000
[W] 010003a0 0 00 010004e0
[W] 010003a4 0 00 00000000
[W] 010003a8 1 00 00000000
[W] 010003a8 0 00 00000000
[W] 010003a8 1 02 0000000b
[W] 010003ac 0 00 00000000
[W] 010003ac 1 01 0000000e
[W] 010003b0 0 00 00000000
[W] 010003b0 1 00 00000000
[W] 010003b4 0 00 00000000
[W] 010003b4 1 1e 00000018
[W] 010003b8 0 00 00000000
[W] 010003b8 1 04 00000002
[W] 010003bc 0 00 00000000
[W] 010003bc 1 05 00000002
[W] 010003c0 0 00 00000000
[W] 010003c0 0 00 010003a8
[W] 010003c4 0 00 00000000
[W] 010003c8 1 00 00000000
[W] 010003c8 0 00 00000000
[W] 010003c8 1 03 0000001e
[W] 010003cc 0 00 00000000
[W] 010003cc 0 00 010004e0
[W] 010003d0 0 00 00000000
[W] 010003d4 1 00 00000000
[W] 010003d4 0 00 00000000
[W] 010003d4 1 02 0000000b
[W] 010003d8 0 00 00000000
[W] 010003d8 1 01 0000000f
[W] 010003dc 0 00 00000000
[W] 010003dc 1 00 00000000
[W] 010003e0 0 00 00000000
[W] 010003e0 1 00 00000000
[W] 010003e4 0 00 00000000
[W] 010003e4 1 1e 0000001a
[W] 010003e8 0 00 00000000
[W] 010003e8 1 04 00000003
[W] 010003ec 0 00 00000000
[W] 010003ec 1 05 00000002
[W] 010003f0 0 00 00000000
[W] 010003f0 0 00 010003d4
[W] 010003f4 0 00 00000000
[W] 010003f4 1 1d 0000001a
[W] 010003f8 0 00 00000000
[W] 010003f8 1 03 0000001f
[W] 010003fc 0 00 00000000
[W] 010003fc 0 00 010004e0
[W] 01000400 0 00 00000000
[W] 01000400 1 04 00000000
[W] 01000404 0 00 00000000
[W] 01000404 1 02 0000000b
[W] 01000408 0 00 00000000
[W] 01000408 1 00 00000000
[W] 0100040c 0 00 00000000
[W] 0100040c 1 01 0000000d
[W] 01000410 0 00 00000000
[W] 01000410 1 1e 00000018
[W] 01000414 0 00 00000000
[W] 01000414 1 04 00000001
[W] 01000418 0 00 00000000
[W] 01000418 1 05 00000002
[W] 0100041c 0 00 00000000
[W] 0100041c 0 00 01000404
[W] 01000420 0 00 00000000
[W] 01000424 1 00 00000000
[W] 01000424 0 00 00000000
[W] 01000424 1 03 00000020
[W] 01000428 0 00 00000000
[W] 01000428 0 00 010004e0
[W] 0100042c 0 00 00000000
[W] 01000430 1 00 00000000
[W] 01000430 0 00 00000000
## exit
INFO: [Common 17-206] Exiting xsim at Fri Nov 28 17:59:23 2025...
