--- /tmp/tmp.dgxfwyh4bv	2025-11-28 17:09:52.972371613 -0500
+++ /tmp/tmp.LFdMG2HT6I	2025-11-28 17:09:52.981371654 -0500
@@ -1,96 +1,68 @@
-[f] 01000004 00002517
-[d] 01000000 17 0a - - - - 00002000 -
-[r] - - - -
 [f] 01000008 71c50513
-[d] 01000004 13 0a 0a - 0 - 0000071c -
-[r] 0a - 00000000 -
-[e] 01000000 01002000 0
-[f] 0100000c 004005ef
-[d] 01000008 6f 0b - - - - 00000004 -
+[d] 01000004 17 0a - - - - 00002000 -
 [r] - - - -
-[e] 01000004 0100271c 0
-[f] 01000010 40b50533
-[d] 0100000c 33 0a 0a 0b 0 20 - -
-[r] 0a 0b 00000000 00000000
-[e] 01000008 0100000c 0
-[w] 01000000 1 0a 01002000
-[f] 01000010 40b50533
-[d] 0100000c 33 0a 0a 0b 0 20 - -
-[r] 0a 0b 00000000 00000000
-[w] 01000008 1 0b 0100000c
+[e] 01000000 00000000 0
+[f] 0100000c 004005ef
+[d] 01000008 13 0a 0a - 0 - 0000071c -
+[r] 0a - 00000000 -
+[e] 01000004 01002004 0
 [f] 01000010 40b50533
-[d] 0100000c 33 0a 0a 0b 0 20 - -
-[r] 0a 0b 0100271c 00000000
-[e] 0100000c 0100271c 0
-[f] 01000014 00002eb7
-[d] 01000010 37 1d - - - - 00002000 -
+[d] 0100000c 6f 0b - - - - 00000004 -
 [r] - - - -
-[e] 0100000c 00002710 0
+[e] 01000008 01002720 0
+[f] 01000014 00002eb7
+[d] 01000010 33 0a 0a 0b 0 20 - -
+[r] 0a 0b 00000000 00000000
+[e] 0100000c 01000010 0
+[w] 01000004 1 0a 01002004
 [f] 01000018 710e8e93
-[d] 01000014 13 1d 1d - 0 - 00000710 -
-[r] 1d - 00000000 -
-[e] 01000010 00002000 0
+[d] 01000014 37 1d - - - - 00002000 -
+[r] - - - -
+[e] 01000014 00000000 0
+[w] 0100000c 1 0b 01000010
 [f] 0100001c 00200193
-[d] 01000018 13 03 00 - 0 - 00000002 -
-[r] 00 - 00000000 -
-[e] 01000014 00002710 0
-[w] 0100000c 1 0a 00002710
+[d] 01000018 13 1d 1d - 0 - 00000710 -
+[r] 1d - 00000000 -
+[e] 01000014 00002000 0
 [f] 01000020 03d51463
-[d] 0100001c 63 - 0a 1d 1 - 00000028 -
+[d] 0100001c 13 03 00 - 0 - 00000002 -
+[r] 00 - 00000000 -
+[e] 01000018 00002710 0
+[f] 01000024 ffffe517
+[d] 01000020 63 - 0a 1d 1 - 00000028 -
 [r] 0a 1d 00000000 00000000
-[e] 01000018 00000002 0
-[w] 01000010 1 1d 00002000
+[e] 0100001c 00000002 0
+[w] 01000014 1 1d 00002000
 [f] 01000024 ffffe517
-[d] 01000020 17 0a - - - - ffffe000 -
-[r] - - - -
-[e] 0100001c 01000044 0
-[w] 01000014 1 1d 00002710
+[d] 01000020 63 - 0a 1d 1 - 00000028 -
+[r] 0a 1d 01002720 00000000
+[e] 01000020 00000000 0
+[w] 01000018 1 1d 00002710
+[f] 01000024 ffffe517
+[d] 01000020 63 - 0a 1d 1 - 00000028 -
+[r] 0a 1d 01002720 00002000
+[e] 01000020 00000000 0
+[w] 0100001c 1 03 00000002
 [f] 01000028 8fc50513
-[d] 01000024 13 0a 0a - 0 - fffff8fc -
-[r] 0a - 00000000 -
-[e] 01000020 00ffe020 0
-[w] 01000018 1 03 00000002
-[f] 0100002c 004005ef
-[d] 01000028 6f 0b - - - - 00000004 -
+[d] 01000024 17 0a - - - - ffffe000 -
 [r] - - - -
-[e] 01000024 00ffd91c 0
-[f] 01000030 40b50533
-[d] 0100002c 33 0a 0a 0b 0 20 - -
-[r] 0a 0b 00000000 00000000
-[e] 01000028 0100002c 0
-[w] 01000020 1 0a 00ffe020
-[f] 01000030 40b50533
-[d] 0100002c 33 0a 0a 0b 0 20 - -
-[r] 0a 0b 00000000 00000000
-[w] 01000028 1 0b 0100002c
-[f] 01000030 40b50533
-[d] 0100002c 33 0a 0a 0b 0 20 - -
-[r] 0a 0b 00ffd91c 0100000c
-[e] 0100002c 00ffd91c 0
-[f] 01000034 ffffeeb7
-[d] 01000030 37 1d - - - - ffffe000 -
-[r] - - - -
-[e] 0100002c ffffd8f0 0
-[f] 01000038 8f0e8e93
-[d] 01000034 13 1d 1d - 0 - fffff8f0 -
-[r] 1d - 00000000 -
-[e] 01000030 ffffe000 0
-[f] 0100003c 00300193
-[d] 01000038 13 03 00 - 0 - 00000003 -
-[r] 00 - 00002710 -
-[e] 01000034 ffffd8f0 0
-[w] 0100002c 1 0a ffffd8f0
-[f] 01000040 01d51463
-[d] 0100003c 63 - 0a 1d 1 - 00000008 -
-[r] 0a 1d 00000000 00000000
-[e] 01000038 00000003 0
-[w] 01000030 1 1d ffffe000
-[f] 01000044 00301c63
-[d] 01000040 63 - 00 03 1 - 00000018 -
-[r] 00 03 ffffd8f0 00002710
-[e] 0100003c 01000044 0
-[w] 01000034 1 1d ffffd8f0
-[f] 01000060 00100193
-[d] 0100005c 13 03 00 - 0 - 00000001 -
-[r] 00 - 00000000 -
-[e] 01000058 00000000 0
+[e] 01000020 01000048 1
+[f] 0100004c 00018063
+[d] 01000048 6f 0b - - - - 00000004 -
+[r] - - - -
+[f] 01000050 00119193
+[d] 0100004c 63 - 03 00 0 - 00000000 -
+[r] 03 00 00000000 00000000
+[e] 01000048 0100004c 0
+[f] 01000050 00119193
+[d] 0100004c 13 03 03 - 6 - 00000001 -
+[r] 03 - 00000000 -
+[w] 01000048 1 0b 0100004c
+[f] 01000054 0011e193
+[d] 01000050 13 03 03 - 1 - 00000000 -
+[r] 03 - 00000002 -
+[e] 0100004c 00000001 0
+[f] 01000058 00000073
+[d] 01000054 13 03 03 - 6 - 00000001 -
+[r] 03 - 00000002 -
+[e] 01000050 00000001 0
