--- /tmp/tmp.wJpxYtXZxJ	2025-11-28 17:09:56.090385726 -0500
+++ /tmp/tmp.PjNRCzG0mv	2025-11-28 17:09:56.106385798 -0500
@@ -1,1803 +1,158 @@
-[f] 01000004 fc010113
-[d] 01000000 13 02 02 - 0 - ffffffc0 -
-[r] 02 - 00000000 -
 [f] 01000008 02112e23
-[d] 01000004 23 - 02 01 2 - 0000003c -
-[r] 02 01 01100000 00000000
-[e] 01000000 010fffc0 0
+[d] 01000004 13 02 02 - 0 - ffffffc0 -
+[r] 02 - 00000000 -
+[e] 01000000 00000000 0
 [f] 0100000c 02012623
-[d] 01000008 23 - 02 00 2 - 0000002c -
-[r] 02 00 01100000 00000000
-[e] 01000004 010ffffc 0
+[d] 01000008 23 - 02 01 2 - 0000003c -
+[r] 02 01 00000000 00000000
+[e] 01000004 ffffffc0 0
 [f] 01000010 02012423
-[d] 0100000c 23 - 02 00 2 - 00000028 -
-[r] 02 00 01100000 00000000
-[e] 01000008 010fffec 0
-[m] 01000004 010ffffc 1 2 00000000
-[w] 01000000 1 02 010fffc0
-[f] 01000010 02012423
-[d] 0100000c 23 - 02 00 2 - 00000028 -
-[r] 02 00 01100000 00000000
-[e] 0100000c 01100000 0
-[m] 01000008 010fffec 1 2 00000000
+[d] 0100000c 23 - 02 00 2 - 0000002c -
+[r] 02 00 00000000 00000000
+[e] 01000008 fffffffc 0
 [f] 01000014 02012623
-[d] 01000010 23 - 02 00 2 - 0000002c -
-[r] 02 00 010fffc0 00000000
-[e] 0100000c 010fffe8 0
-[f] 01000018 0280006f
-[d] 01000014 6f 00 - - - - 00000028 -
-[r] - - - -
-[e] 01000010 010fffec 0
-[m] 0100000c 010fffe8 1 2 00000000
-[f] 0100001c 02c12783
-[d] 01000018 03 0f 02 - 2 - 0000002c -
-[r] 02 - 00000000 -
-[e] 01000014 0100003c 0
-[m] 01000010 010fffec 1 2 00000000
-[f] 01000040 02c12703
-[d] 0100003c 03 0e 02 - 2 - 0000002c -
-[r] 02 - 00000000 -
-[f] 01000044 00900793
-[d] 01000040 13 0f 00 - 0 - 00000009 -
-[r] 00 - 010fffc0 -
-[e] 0100003c 010fffec 0
-[f] 01000048 fce7dae3
-[d] 01000044 63 - 0f 0e 5 - ffffffd4 -
-[r] 0f 0e 00000000 00000000
-[e] 01000040 00000009 0
-[f] 0100004c 02012623
-[d] 01000048 23 - 02 00 2 - 0000002c -
+[d] 01000010 23 - 02 00 2 - 00000028 -
 [r] 02 00 00000000 00000000
-[e] 01000044 01000018 1
-[w] 0100003c 1 0e 00000000
-[f] 0100001c 02c12783
-[d] 01000018 03 0f 02 - 2 - 0000002c -
-[r] 02 - 00000000 -
-[f] 01000020 00279793
-[d] 0100001c 13 0f 0f - 1 - 00000002 -
-[r] 0f - 010fffc0 -
-[e] 01000018 010fffec 0
-[f] 01000020 00279793
-[d] 0100001c 13 0f 0f - 1 - 00000002 -
-[r] 0f - 00000009 -
-[e] 0100001c 00000009 0
-[f] 01000024 03010713
-[d] 01000020 13 0e 02 - 0 - 00000030 -
-[r] 02 - 00000009 -
-[e] 0100001c 00000000 0
-[w] 01000018 1 0f 00000000
-[f] 01000028 00f707b3
-[d] 01000024 33 0f 0e 0f 0 00 - -
-[r] 0e 0f 010fffc0 00000000
-[e] 01000020 010ffff0 0
-[f] 0100002c 02c12703
-[d] 01000028 03 0e 02 - 2 - 0000002c -
-[r] 02 - 00000000 -
-[e] 01000024 010ffff0 0
-[w] 0100001c 1 0f 00000000
-[f] 01000030 fce7a823
-[d] 0100002c 23 - 0f 0e 2 - ffffffd0 -
-[r] 0f 0e 010fffc0 00000000
-[e] 01000028 010fffec 0
-[w] 01000020 1 0e 010ffff0
-[f] 01000034 02c12783
-[d] 01000030 03 0f 02 - 2 - 0000002c -
-[r] 02 - 00000000 -
-[e] 0100002c 010fffc0 0
-[w] 01000024 1 0f 010ffff0
-[f] 01000038 00178793
-[d] 01000034 13 0f 0f - 0 - 00000001 -
-[r] 0f - 010fffc0 -
-[e] 01000030 010fffec 0
-[m] 0100002c 010fffc0 1 2 00000000
-[w] 01000028 1 0e 00000000
-[f] 01000038 00178793
-[d] 01000034 13 0f 0f - 0 - 00000001 -
-[r] 0f - 010ffff0 -
-[e] 01000034 010ffff0 0
-[f] 0100003c 02f12623
-[d] 01000038 23 - 02 0f 2 - 0000002c -
-[r] 02 0f 010ffff0 00000000
-[e] 01000034 00000001 0
-[w] 01000030 1 0f 00000000
-[f] 01000040 02c12703
-[d] 0100003c 03 0e 02 - 2 - 0000002c -
-[r] 02 - 010fffc0 -
-[e] 01000038 010fffec 0
-[f] 01000044 00900793
-[d] 01000040 13 0f 00 - 0 - 00000009 -
-[r] 00 - 010fffc0 -
-[e] 0100003c 010fffec 0
-[m] 01000038 010fffec 1 2 00000001
-[w] 01000034 1 0f 00000001
-[f] 01000048 fce7dae3
-[d] 01000044 63 - 0f 0e 5 - ffffffd4 -
-[r] 0f 0e 00000000 00000000
-[e] 01000040 00000009 0
-[f] 0100004c 02012623
-[d] 01000048 23 - 02 00 2 - 0000002c -
-[r] 02 00 00000001 00000000
-[e] 01000044 01000018 1
-[w] 0100003c 1 0e 00000001
-[f] 0100001c 02c12783
-[d] 01000018 03 0f 02 - 2 - 0000002c -
-[r] 02 - 00000000 -
-[f] 01000020 00279793
-[d] 0100001c 13 0f 0f - 1 - 00000002 -
-[r] 0f - 010fffc0 -
-[e] 01000018 010fffec 0
-[f] 01000020 00279793
-[d] 0100001c 13 0f 0f - 1 - 00000002 -
-[r] 0f - 00000009 -
-[e] 0100001c 00000009 0
-[f] 01000024 03010713
-[d] 01000020 13 0e 02 - 0 - 00000030 -
-[r] 02 - 00000009 -
-[e] 0100001c 00000004 0
-[w] 01000018 1 0f 00000001
-[f] 01000028 00f707b3
-[d] 01000024 33 0f 0e 0f 0 00 - -
-[r] 0e 0f 010fffc0 00000000
-[e] 01000020 010ffff0 0
-[f] 0100002c 02c12703
-[d] 01000028 03 0e 02 - 2 - 0000002c -
-[r] 02 - 00000001 -
-[e] 01000024 010ffff4 0
-[w] 0100001c 1 0f 00000004
-[f] 01000030 fce7a823
-[d] 0100002c 23 - 0f 0e 2 - ffffffd0 -
-[r] 0f 0e 010fffc0 00000000
-[e] 01000028 010fffec 0
-[w] 01000020 1 0e 010ffff0
-[f] 01000034 02c12783
-[d] 01000030 03 0f 02 - 2 - 0000002c -
-[r] 02 - 00000004 -
-[e] 0100002c 010fffc4 0
-[w] 01000024 1 0f 010ffff4
-[f] 01000038 00178793
-[d] 01000034 13 0f 0f - 0 - 00000001 -
-[r] 0f - 010fffc0 -
-[e] 01000030 010fffec 0
-[m] 0100002c 010fffc4 1 2 00000001
-[w] 01000028 1 0e 00000001
-[f] 01000038 00178793
-[d] 01000034 13 0f 0f - 0 - 00000001 -
-[r] 0f - 010ffff4 -
-[e] 01000034 010ffff4 0
-[f] 0100003c 02f12623
-[d] 01000038 23 - 02 0f 2 - 0000002c -
-[r] 02 0f 010ffff4 00000000
-[e] 01000034 00000002 0
-[w] 01000030 1 0f 00000001
-[f] 01000040 02c12703
-[d] 0100003c 03 0e 02 - 2 - 0000002c -
-[r] 02 - 010fffc0 -
-[e] 01000038 010fffec 0
-[f] 01000044 00900793
-[d] 01000040 13 0f 00 - 0 - 00000009 -
-[r] 00 - 010fffc0 -
-[e] 0100003c 010fffec 0
-[m] 01000038 010fffec 1 2 00000002
-[w] 01000034 1 0f 00000002
-[f] 01000048 fce7dae3
-[d] 01000044 63 - 0f 0e 5 - ffffffd4 -
-[r] 0f 0e 00000000 00000000
-[e] 01000040 00000009 0
-[f] 0100004c 02012623
-[d] 01000048 23 - 02 00 2 - 0000002c -
-[r] 02 00 00000002 00000001
-[e] 01000044 01000018 1
-[w] 0100003c 1 0e 00000002
-[f] 0100001c 02c12783
-[d] 01000018 03 0f 02 - 2 - 0000002c -
-[r] 02 - 00000000 -
-[f] 01000020 00279793
-[d] 0100001c 13 0f 0f - 1 - 00000002 -
-[r] 0f - 010fffc0 -
-[e] 01000018 010fffec 0
-[f] 01000020 00279793
-[d] 0100001c 13 0f 0f - 1 - 00000002 -
-[r] 0f - 00000009 -
-[e] 0100001c 00000009 0
-[f] 01000024 03010713
-[d] 01000020 13 0e 02 - 0 - 00000030 -
-[r] 02 - 00000009 -
-[e] 0100001c 00000008 0
-[w] 01000018 1 0f 00000002
-[f] 01000028 00f707b3
-[d] 01000024 33 0f 0e 0f 0 00 - -
-[r] 0e 0f 010fffc0 00000000
-[e] 01000020 010ffff0 0
-[f] 0100002c 02c12703
-[d] 01000028 03 0e 02 - 2 - 0000002c -
-[r] 02 - 00000002 -
-[e] 01000024 010ffff8 0
-[w] 0100001c 1 0f 00000008
-[f] 01000030 fce7a823
-[d] 0100002c 23 - 0f 0e 2 - ffffffd0 -
-[r] 0f 0e 010fffc0 00000000
-[e] 01000028 010fffec 0
-[w] 01000020 1 0e 010ffff0
-[f] 01000034 02c12783
-[d] 01000030 03 0f 02 - 2 - 0000002c -
-[r] 02 - 00000008 -
-[e] 0100002c 010fffc8 0
-[w] 01000024 1 0f 010ffff8
-[f] 01000038 00178793
-[d] 01000034 13 0f 0f - 0 - 00000001 -
-[r] 0f - 010fffc0 -
-[e] 01000030 010fffec 0
-[m] 0100002c 010fffc8 1 2 00000002
-[w] 01000028 1 0e 00000002
-[f] 01000038 00178793
-[d] 01000034 13 0f 0f - 0 - 00000001 -
-[r] 0f - 010ffff8 -
-[e] 01000034 010ffff8 0
-[f] 0100003c 02f12623
-[d] 01000038 23 - 02 0f 2 - 0000002c -
-[r] 02 0f 010ffff8 00000000
-[e] 01000034 00000003 0
-[w] 01000030 1 0f 00000002
-[f] 01000040 02c12703
-[d] 0100003c 03 0e 02 - 2 - 0000002c -
-[r] 02 - 010fffc0 -
-[e] 01000038 010fffec 0
-[f] 01000044 00900793
-[d] 01000040 13 0f 00 - 0 - 00000009 -
-[r] 00 - 010fffc0 -
-[e] 0100003c 010fffec 0
-[m] 01000038 010fffec 1 2 00000003
-[w] 01000034 1 0f 00000003
-[f] 01000048 fce7dae3
-[d] 01000044 63 - 0f 0e 5 - ffffffd4 -
-[r] 0f 0e 00000000 00000000
-[e] 01000040 00000009 0
-[f] 0100004c 02012623
-[d] 01000048 23 - 02 00 2 - 0000002c -
-[r] 02 00 00000003 00000002
-[e] 01000044 01000018 1
-[w] 0100003c 1 0e 00000003
-[f] 0100001c 02c12783
-[d] 01000018 03 0f 02 - 2 - 0000002c -
-[r] 02 - 00000000 -
-[f] 01000020 00279793
-[d] 0100001c 13 0f 0f - 1 - 00000002 -
-[r] 0f - 010fffc0 -
-[e] 01000018 010fffec 0
-[f] 01000020 00279793
-[d] 0100001c 13 0f 0f - 1 - 00000002 -
-[r] 0f - 00000009 -
-[e] 0100001c 00000009 0
-[f] 01000024 03010713
-[d] 01000020 13 0e 02 - 0 - 00000030 -
-[r] 02 - 00000009 -
-[e] 0100001c 0000000c 0
-[w] 01000018 1 0f 00000003
-[f] 01000028 00f707b3
-[d] 01000024 33 0f 0e 0f 0 00 - -
-[r] 0e 0f 010fffc0 00000000
-[e] 01000020 010ffff0 0
-[f] 0100002c 02c12703
-[d] 01000028 03 0e 02 - 2 - 0000002c -
-[r] 02 - 00000003 -
-[e] 01000024 010ffffc 0
-[w] 0100001c 1 0f 0000000c
-[f] 01000030 fce7a823
-[d] 0100002c 23 - 0f 0e 2 - ffffffd0 -
-[r] 0f 0e 010fffc0 00000000
-[e] 01000028 010fffec 0
-[w] 01000020 1 0e 010ffff0
-[f] 01000034 02c12783
-[d] 01000030 03 0f 02 - 2 - 0000002c -
-[r] 02 - 0000000c -
-[e] 0100002c 010fffcc 0
-[w] 01000024 1 0f 010ffffc
-[f] 01000038 00178793
-[d] 01000034 13 0f 0f - 0 - 00000001 -
-[r] 0f - 010fffc0 -
-[e] 01000030 010fffec 0
-[m] 0100002c 010fffcc 1 2 00000003
-[w] 01000028 1 0e 00000003
-[f] 01000038 00178793
-[d] 01000034 13 0f 0f - 0 - 00000001 -
-[r] 0f - 010ffffc -
-[e] 01000034 010ffffc 0
-[f] 0100003c 02f12623
-[d] 01000038 23 - 02 0f 2 - 0000002c -
-[r] 02 0f 010ffffc 00000000
-[e] 01000034 00000004 0
-[w] 01000030 1 0f 00000003
-[f] 01000040 02c12703
-[d] 0100003c 03 0e 02 - 2 - 0000002c -
-[r] 02 - 010fffc0 -
-[e] 01000038 010fffec 0
-[f] 01000044 00900793
-[d] 01000040 13 0f 00 - 0 - 00000009 -
-[r] 00 - 010fffc0 -
-[e] 0100003c 010fffec 0
-[m] 01000038 010fffec 1 2 00000004
-[w] 01000034 1 0f 00000004
-[f] 01000048 fce7dae3
-[d] 01000044 63 - 0f 0e 5 - ffffffd4 -
-[r] 0f 0e 00000000 00000000
-[e] 01000040 00000009 0
-[f] 0100004c 02012623
-[d] 01000048 23 - 02 00 2 - 0000002c -
-[r] 02 00 00000004 00000003
-[e] 01000044 01000018 1
-[w] 0100003c 1 0e 00000004
-[f] 0100001c 02c12783
-[d] 01000018 03 0f 02 - 2 - 0000002c -
-[r] 02 - 00000000 -
-[f] 01000020 00279793
-[d] 0100001c 13 0f 0f - 1 - 00000002 -
-[r] 0f - 010fffc0 -
-[e] 01000018 010fffec 0
-[f] 01000020 00279793
-[d] 0100001c 13 0f 0f - 1 - 00000002 -
-[r] 0f - 00000009 -
-[e] 0100001c 00000009 0
-[f] 01000024 03010713
-[d] 01000020 13 0e 02 - 0 - 00000030 -
-[r] 02 - 00000009 -
-[e] 0100001c 00000010 0
-[w] 01000018 1 0f 00000004
-[f] 01000028 00f707b3
-[d] 01000024 33 0f 0e 0f 0 00 - -
-[r] 0e 0f 010fffc0 00000000
-[e] 01000020 010ffff0 0
-[f] 0100002c 02c12703
-[d] 01000028 03 0e 02 - 2 - 0000002c -
-[r] 02 - 00000004 -
-[e] 01000024 01100000 0
-[w] 0100001c 1 0f 00000010
-[f] 01000030 fce7a823
-[d] 0100002c 23 - 0f 0e 2 - ffffffd0 -
-[r] 0f 0e 010fffc0 00000000
-[e] 01000028 010fffec 0
-[w] 01000020 1 0e 010ffff0
-[f] 01000034 02c12783
-[d] 01000030 03 0f 02 - 2 - 0000002c -
-[r] 02 - 00000010 -
-[e] 0100002c 010fffd0 0
-[w] 01000024 1 0f 01100000
-[f] 01000038 00178793
-[d] 01000034 13 0f 0f - 0 - 00000001 -
-[r] 0f - 010fffc0 -
-[e] 01000030 010fffec 0
-[m] 0100002c 010fffd0 1 2 00000004
-[w] 01000028 1 0e 00000004
-[f] 01000038 00178793
-[d] 01000034 13 0f 0f - 0 - 00000001 -
-[r] 0f - 01100000 -
-[e] 01000034 01100000 0
-[f] 0100003c 02f12623
-[d] 01000038 23 - 02 0f 2 - 0000002c -
-[r] 02 0f 01100000 00000000
-[e] 01000034 00000005 0
-[w] 01000030 1 0f 00000004
-[f] 01000040 02c12703
-[d] 0100003c 03 0e 02 - 2 - 0000002c -
-[r] 02 - 010fffc0 -
-[e] 01000038 010fffec 0
-[f] 01000044 00900793
-[d] 01000040 13 0f 00 - 0 - 00000009 -
-[r] 00 - 010fffc0 -
-[e] 0100003c 010fffec 0
-[m] 01000038 010fffec 1 2 00000005
-[w] 01000034 1 0f 00000005
-[f] 01000048 fce7dae3
-[d] 01000044 63 - 0f 0e 5 - ffffffd4 -
-[r] 0f 0e 00000000 00000000
-[e] 01000040 00000009 0
-[f] 0100004c 02012623
-[d] 01000048 23 - 02 00 2 - 0000002c -
-[r] 02 00 00000005 00000004
-[e] 01000044 01000018 1
-[w] 0100003c 1 0e 00000005
-[f] 0100001c 02c12783
-[d] 01000018 03 0f 02 - 2 - 0000002c -
-[r] 02 - 00000000 -
-[f] 01000020 00279793
-[d] 0100001c 13 0f 0f - 1 - 00000002 -
-[r] 0f - 010fffc0 -
-[e] 01000018 010fffec 0
-[f] 01000020 00279793
-[d] 0100001c 13 0f 0f - 1 - 00000002 -
-[r] 0f - 00000009 -
-[e] 0100001c 00000009 0
-[f] 01000024 03010713
-[d] 01000020 13 0e 02 - 0 - 00000030 -
-[r] 02 - 00000009 -
-[e] 0100001c 00000014 0
-[w] 01000018 1 0f 00000005
-[f] 01000028 00f707b3
-[d] 01000024 33 0f 0e 0f 0 00 - -
-[r] 0e 0f 010fffc0 00000000
-[e] 01000020 010ffff0 0
-[f] 0100002c 02c12703
-[d] 01000028 03 0e 02 - 2 - 0000002c -
-[r] 02 - 00000005 -
-[e] 01000024 01100004 0
-[w] 0100001c 1 0f 00000014
-[f] 01000030 fce7a823
-[d] 0100002c 23 - 0f 0e 2 - ffffffd0 -
-[r] 0f 0e 010fffc0 00000000
-[e] 01000028 010fffec 0
-[w] 01000020 1 0e 010ffff0
-[f] 01000034 02c12783
-[d] 01000030 03 0f 02 - 2 - 0000002c -
-[r] 02 - 00000014 -
-[e] 0100002c 010fffd4 0
-[w] 01000024 1 0f 01100004
-[f] 01000038 00178793
-[d] 01000034 13 0f 0f - 0 - 00000001 -
-[r] 0f - 010fffc0 -
-[e] 01000030 010fffec 0
-[m] 0100002c 010fffd4 1 2 00000005
-[w] 01000028 1 0e 00000005
-[f] 01000038 00178793
-[d] 01000034 13 0f 0f - 0 - 00000001 -
-[r] 0f - 01100004 -
-[e] 01000034 01100004 0
-[f] 0100003c 02f12623
-[d] 01000038 23 - 02 0f 2 - 0000002c -
-[r] 02 0f 01100004 00000000
-[e] 01000034 00000006 0
-[w] 01000030 1 0f 00000005
-[f] 01000040 02c12703
-[d] 0100003c 03 0e 02 - 2 - 0000002c -
-[r] 02 - 010fffc0 -
-[e] 01000038 010fffec 0
-[f] 01000044 00900793
-[d] 01000040 13 0f 00 - 0 - 00000009 -
-[r] 00 - 010fffc0 -
-[e] 0100003c 010fffec 0
-[m] 01000038 010fffec 1 2 00000006
-[w] 01000034 1 0f 00000006
-[f] 01000048 fce7dae3
-[d] 01000044 63 - 0f 0e 5 - ffffffd4 -
-[r] 0f 0e 00000000 00000000
-[e] 01000040 00000009 0
-[f] 0100004c 02012623
-[d] 01000048 23 - 02 00 2 - 0000002c -
-[r] 02 00 00000006 00000005
-[e] 01000044 01000018 1
-[w] 0100003c 1 0e 00000006
+[e] 0100000c ffffffec 0
+[m] 01000008 fffffffc 1 2 00000000
+[w] 01000004 1 02 ffffffc0
+[f] 01000014 02012623
+[d] 01000010 23 - 02 00 2 - 00000028 -
+[r] 02 00 00000000 00000000
+[e] 01000010 00000000 0
+[m] 0100000c ffffffec 1 2 00000000
+[f] 01000018 0280006f
+[d] 01000014 23 - 02 00 2 - 0000002c -
+[r] 02 00 ffffffc0 00000000
+[e] 01000010 00000028 0
 [f] 0100001c 02c12783
-[d] 01000018 03 0f 02 - 2 - 0000002c -
-[r] 02 - 00000000 -
-[f] 01000020 00279793
-[d] 0100001c 13 0f 0f - 1 - 00000002 -
-[r] 0f - 010fffc0 -
-[e] 01000018 010fffec 0
+[d] 01000018 6f 00 - - - - 00000028 -
+[r] - - - -
+[e] 01000014 ffffffec 0
+[m] 01000010 00000028 1 2 00000000
 [f] 01000020 00279793
-[d] 0100001c 13 0f 0f - 1 - 00000002 -
-[r] 0f - 00000009 -
-[e] 0100001c 00000009 0
-[f] 01000024 03010713
-[d] 01000020 13 0e 02 - 0 - 00000030 -
-[r] 02 - 00000009 -
-[e] 0100001c 00000018 0
-[w] 01000018 1 0f 00000006
-[f] 01000028 00f707b3
-[d] 01000024 33 0f 0e 0f 0 00 - -
-[r] 0e 0f 010fffc0 00000000
-[e] 01000020 010ffff0 0
-[f] 0100002c 02c12703
-[d] 01000028 03 0e 02 - 2 - 0000002c -
-[r] 02 - 00000006 -
-[e] 01000024 01100008 0
-[w] 0100001c 1 0f 00000018
-[f] 01000030 fce7a823
-[d] 0100002c 23 - 0f 0e 2 - ffffffd0 -
-[r] 0f 0e 010fffc0 00000000
-[e] 01000028 010fffec 0
-[w] 01000020 1 0e 010ffff0
-[f] 01000034 02c12783
-[d] 01000030 03 0f 02 - 2 - 0000002c -
-[r] 02 - 00000018 -
-[e] 0100002c 010fffd8 0
-[w] 01000024 1 0f 01100008
-[f] 01000038 00178793
-[d] 01000034 13 0f 0f - 0 - 00000001 -
-[r] 0f - 010fffc0 -
-[e] 01000030 010fffec 0
-[m] 0100002c 010fffd8 1 2 00000006
-[w] 01000028 1 0e 00000006
-[f] 01000038 00178793
-[d] 01000034 13 0f 0f - 0 - 00000001 -
-[r] 0f - 01100008 -
-[e] 01000034 01100008 0
-[f] 0100003c 02f12623
-[d] 01000038 23 - 02 0f 2 - 0000002c -
-[r] 02 0f 01100008 00000000
-[e] 01000034 00000007 0
-[w] 01000030 1 0f 00000006
-[f] 01000040 02c12703
-[d] 0100003c 03 0e 02 - 2 - 0000002c -
-[r] 02 - 010fffc0 -
-[e] 01000038 010fffec 0
-[f] 01000044 00900793
-[d] 01000040 13 0f 00 - 0 - 00000009 -
-[r] 00 - 010fffc0 -
-[e] 0100003c 010fffec 0
-[m] 01000038 010fffec 1 2 00000007
-[w] 01000034 1 0f 00000007
-[f] 01000048 fce7dae3
-[d] 01000044 63 - 0f 0e 5 - ffffffd4 -
-[r] 0f 0e 00000000 00000000
-[e] 01000040 00000009 0
-[f] 0100004c 02012623
-[d] 01000048 23 - 02 00 2 - 0000002c -
-[r] 02 00 00000007 00000006
-[e] 01000044 01000018 1
-[w] 0100003c 1 0e 00000007
-[f] 0100001c 02c12783
-[d] 01000018 03 0f 02 - 2 - 0000002c -
+[d] 0100001c 03 0f 02 - 2 - 0000002c -
 [r] 02 - 00000000 -
-[f] 01000020 00279793
-[d] 0100001c 13 0f 0f - 1 - 00000002 -
-[r] 0f - 010fffc0 -
-[e] 01000018 010fffec 0
-[f] 01000020 00279793
-[d] 0100001c 13 0f 0f - 1 - 00000002 -
-[r] 0f - 00000009 -
-[e] 0100001c 00000009 0
-[f] 01000024 03010713
-[d] 01000020 13 0e 02 - 0 - 00000030 -
-[r] 02 - 00000009 -
-[e] 0100001c 0000001c 0
-[w] 01000018 1 0f 00000007
-[f] 01000028 00f707b3
-[d] 01000024 33 0f 0e 0f 0 00 - -
-[r] 0e 0f 010fffc0 00000000
-[e] 01000020 010ffff0 0
-[f] 0100002c 02c12703
-[d] 01000028 03 0e 02 - 2 - 0000002c -
-[r] 02 - 00000007 -
-[e] 01000024 0110000c 0
-[w] 0100001c 1 0f 0000001c
-[f] 01000030 fce7a823
-[d] 0100002c 23 - 0f 0e 2 - ffffffd0 -
-[r] 0f 0e 010fffc0 00000000
-[e] 01000028 010fffec 0
-[w] 01000020 1 0e 010ffff0
-[f] 01000034 02c12783
-[d] 01000030 03 0f 02 - 2 - 0000002c -
-[r] 02 - 0000001c -
-[e] 0100002c 010fffdc 0
-[w] 01000024 1 0f 0110000c
-[f] 01000038 00178793
-[d] 01000034 13 0f 0f - 0 - 00000001 -
-[r] 0f - 010fffc0 -
-[e] 01000030 010fffec 0
-[m] 0100002c 010fffdc 1 2 00000007
-[w] 01000028 1 0e 00000007
-[f] 01000038 00178793
-[d] 01000034 13 0f 0f - 0 - 00000001 -
-[r] 0f - 0110000c -
-[e] 01000034 0110000c 0
-[f] 0100003c 02f12623
-[d] 01000038 23 - 02 0f 2 - 0000002c -
-[r] 02 0f 0110000c 00000000
-[e] 01000034 00000008 0
-[w] 01000030 1 0f 00000007
-[f] 01000040 02c12703
-[d] 0100003c 03 0e 02 - 2 - 0000002c -
-[r] 02 - 010fffc0 -
-[e] 01000038 010fffec 0
+[e] 01000018 01000040 0
+[m] 01000014 ffffffec 1 2 00000000
 [f] 01000044 00900793
-[d] 01000040 13 0f 00 - 0 - 00000009 -
-[r] 00 - 010fffc0 -
-[e] 0100003c 010fffec 0
-[m] 01000038 010fffec 1 2 00000008
-[w] 01000034 1 0f 00000008
-[f] 01000048 fce7dae3
-[d] 01000044 63 - 0f 0e 5 - ffffffd4 -
-[r] 0f 0e 00000000 00000000
-[e] 01000040 00000009 0
-[f] 0100004c 02012623
-[d] 01000048 23 - 02 00 2 - 0000002c -
-[r] 02 00 00000008 00000007
-[e] 01000044 01000018 1
-[w] 0100003c 1 0e 00000008
-[f] 0100001c 02c12783
-[d] 01000018 03 0f 02 - 2 - 0000002c -
+[d] 01000040 13 0e 02 - 0 - 00000030 -
 [r] 02 - 00000000 -
-[f] 01000020 00279793
-[d] 0100001c 13 0f 0f - 1 - 00000002 -
-[r] 0f - 010fffc0 -
-[e] 01000018 010fffec 0
-[f] 01000020 00279793
-[d] 0100001c 13 0f 0f - 1 - 00000002 -
-[r] 0f - 00000009 -
-[e] 0100001c 00000009 0
-[f] 01000024 03010713
-[d] 01000020 13 0e 02 - 0 - 00000030 -
-[r] 02 - 00000009 -
-[e] 0100001c 00000020 0
-[w] 01000018 1 0f 00000008
-[f] 01000028 00f707b3
-[d] 01000024 33 0f 0e 0f 0 00 - -
-[r] 0e 0f 010fffc0 00000000
-[e] 01000020 010ffff0 0
-[f] 0100002c 02c12703
-[d] 01000028 03 0e 02 - 2 - 0000002c -
-[r] 02 - 00000008 -
-[e] 01000024 01100010 0
-[w] 0100001c 1 0f 00000020
-[f] 01000030 fce7a823
-[d] 0100002c 23 - 0f 0e 2 - ffffffd0 -
-[r] 0f 0e 010fffc0 00000000
-[e] 01000028 010fffec 0
-[w] 01000020 1 0e 010ffff0
-[f] 01000034 02c12783
-[d] 01000030 03 0f 02 - 2 - 0000002c -
-[r] 02 - 00000020 -
-[e] 0100002c 010fffe0 0
-[w] 01000024 1 0f 01100010
-[f] 01000038 00178793
-[d] 01000034 13 0f 0f - 0 - 00000001 -
-[r] 0f - 010fffc0 -
-[e] 01000030 010fffec 0
-[m] 0100002c 010fffe0 1 2 00000008
-[w] 01000028 1 0e 00000008
-[f] 01000038 00178793
-[d] 01000034 13 0f 0f - 0 - 00000001 -
-[r] 0f - 01100010 -
-[e] 01000034 01100010 0
-[f] 0100003c 02f12623
-[d] 01000038 23 - 02 0f 2 - 0000002c -
-[r] 02 0f 01100010 00000000
-[e] 01000034 00000009 0
-[w] 01000030 1 0f 00000008
-[f] 01000040 02c12703
-[d] 0100003c 03 0e 02 - 2 - 0000002c -
-[r] 02 - 010fffc0 -
-[e] 01000038 010fffec 0
-[f] 01000044 00900793
-[d] 01000040 13 0f 00 - 0 - 00000009 -
-[r] 00 - 010fffc0 -
-[e] 0100003c 010fffec 0
-[m] 01000038 010fffec 1 2 00000009
-[w] 01000034 1 0f 00000009
 [f] 01000048 fce7dae3
-[d] 01000044 63 - 0f 0e 5 - ffffffd4 -
-[r] 0f 0e 00000000 00000000
-[e] 01000040 00000009 0
+[d] 01000044 13 0f 00 - 0 - 00000009 -
+[r] 00 - ffffffc0 -
+[e] 01000040 00000030 0
 [f] 0100004c 02012623
-[d] 01000048 23 - 02 00 2 - 0000002c -
-[r] 02 00 00000009 00000008
-[e] 01000044 01000018 1
-[w] 0100003c 1 0e 00000009
-[f] 0100001c 02c12783
-[d] 01000018 03 0f 02 - 2 - 0000002c -
-[r] 02 - 00000000 -
-[f] 01000020 00279793
-[d] 0100001c 13 0f 0f - 1 - 00000002 -
-[r] 0f - 010fffc0 -
-[e] 01000018 010fffec 0
-[f] 01000020 00279793
-[d] 0100001c 13 0f 0f - 1 - 00000002 -
-[r] 0f - 00000009 -
-[e] 0100001c 00000009 0
-[f] 01000024 03010713
-[d] 01000020 13 0e 02 - 0 - 00000030 -
-[r] 02 - 00000009 -
-[e] 0100001c 00000024 0
-[w] 01000018 1 0f 00000009
-[f] 01000028 00f707b3
-[d] 01000024 33 0f 0e 0f 0 00 - -
-[r] 0e 0f 010fffc0 00000000
-[e] 01000020 010ffff0 0
-[f] 0100002c 02c12703
-[d] 01000028 03 0e 02 - 2 - 0000002c -
-[r] 02 - 00000009 -
-[e] 01000024 01100014 0
-[w] 0100001c 1 0f 00000024
-[f] 01000030 fce7a823
-[d] 0100002c 23 - 0f 0e 2 - ffffffd0 -
-[r] 0f 0e 010fffc0 00000000
-[e] 01000028 010fffec 0
-[w] 01000020 1 0e 010ffff0
-[f] 01000034 02c12783
-[d] 01000030 03 0f 02 - 2 - 0000002c -
-[r] 02 - 00000024 -
-[e] 0100002c 010fffe4 0
-[w] 01000024 1 0f 01100014
-[f] 01000038 00178793
-[d] 01000034 13 0f 0f - 0 - 00000001 -
-[r] 0f - 010fffc0 -
-[e] 01000030 010fffec 0
-[m] 0100002c 010fffe4 1 2 00000009
-[w] 01000028 1 0e 00000009
-[f] 01000038 00178793
-[d] 01000034 13 0f 0f - 0 - 00000001 -
-[r] 0f - 01100014 -
-[e] 01000034 01100014 0
-[f] 0100003c 02f12623
-[d] 01000038 23 - 02 0f 2 - 0000002c -
-[r] 02 0f 01100014 00000000
-[e] 01000034 0000000a 0
-[w] 01000030 1 0f 00000009
-[f] 01000040 02c12703
-[d] 0100003c 03 0e 02 - 2 - 0000002c -
-[r] 02 - 010fffc0 -
-[e] 01000038 010fffec 0
-[f] 01000044 00900793
-[d] 01000040 13 0f 00 - 0 - 00000009 -
-[r] 00 - 010fffc0 -
-[e] 0100003c 010fffec 0
-[m] 01000038 010fffec 1 2 0000000a
-[w] 01000034 1 0f 0000000a
-[f] 01000048 fce7dae3
-[d] 01000044 63 - 0f 0e 5 - ffffffd4 -
+[d] 01000048 63 - 0f 0e 5 - ffffffd4 -
 [r] 0f 0e 00000000 00000000
-[e] 01000040 00000009 0
-[f] 0100004c 02012623
-[d] 01000048 23 - 02 00 2 - 0000002c -
-[r] 02 00 0000000a 00000009
-[e] 01000044 01000018 0
-[w] 0100003c 1 0e 0000000a
+[e] 01000044 ffffffc9 0
 [f] 01000050 0300006f
-[d] 0100004c 6f 00 - - - - 00000030 -
-[r] - - - -
-[e] 01000048 010fffec 0
-[w] 01000040 1 0f 00000009
-[f] 01000054 02c12783
-[d] 01000050 03 0f 02 - 2 - 0000002c -
-[r] 02 - 00000000 -
-[e] 0100004c 0100007c 0
-[m] 01000048 010fffec 1 2 00000000
-[f] 01000080 02c12703
-[d] 0100007c 03 0e 02 - 2 - 0000002c -
-[r] 02 - 00000000 -
-[f] 01000084 00900793
-[d] 01000080 13 0f 00 - 0 - 00000009 -
-[r] 00 - 010fffc0 -
-[e] 0100007c 010fffec 0
-[f] 01000088 fce7d6e3
-[d] 01000084 63 - 0f 0e 5 - ffffffcc -
-[r] 0f 0e 00000000 00000000
-[e] 01000080 00000009 0
-[f] 0100008c 02812503
-[d] 01000088 03 0a 02 - 2 - 00000028 -
-[r] 02 - 00000009 -
-[e] 01000084 01000050 1
-[w] 0100007c 1 0e 00000000
-[f] 01000054 02c12783
-[d] 01000050 03 0f 02 - 2 - 0000002c -
-[r] 02 - 00000000 -
-[f] 01000058 00279793
-[d] 01000054 13 0f 0f - 1 - 00000002 -
-[r] 0f - 010fffc0 -
-[e] 01000050 010fffec 0
-[f] 01000058 00279793
-[d] 01000054 13 0f 0f - 1 - 00000002 -
-[r] 0f - 00000009 -
-[e] 01000054 00000009 0
-[f] 0100005c 03010713
-[d] 01000058 13 0e 02 - 0 - 00000030 -
-[r] 02 - 00000009 -
-[e] 01000054 00000000 0
-[w] 01000050 1 0f 00000000
-[f] 01000060 00f707b3
-[d] 0100005c 33 0f 0e 0f 0 00 - -
-[r] 0e 0f 010fffc0 00000000
-[e] 01000058 010ffff0 0
-[f] 01000064 fd07a783
-[d] 01000060 03 0f 0f - 2 - ffffffd0 -
-[r] 0f - 00000000 -
-[e] 0100005c 010ffff0 0
-[w] 01000054 1 0f 00000000
-[f] 01000068 02812703
-[d] 01000064 03 0e 02 - 2 - 00000028 -
-[r] 02 - 00000000 -
-[e] 01000060 010fffc0 0
-[w] 01000058 1 0e 010ffff0
-[f] 0100006c 00f707b3
-[d] 01000068 33 0f 0e 0f 0 00 - -
-[r] 0e 0f 010fffc0 00000000
-[e] 01000064 010fffe8 0
-[w] 0100005c 1 0f 010ffff0
-[f] 0100006c 00f707b3
-[d] 01000068 33 0f 0e 0f 0 00 - -
-[r] 0e 0f 010ffff0 00000000
-[e] 01000068 010ffff0 0
-[w] 01000060 1 0f 00000000
-[f] 0100006c 00f707b3
-[d] 01000068 33 0f 0e 0f 0 00 - -
-[r] 0e 0f 010ffff0 010ffff0
-[e] 01000068 010ffff0 0
-[w] 01000064 1 0e 00000000
-[f] 0100006c 00f707b3
-[d] 01000068 33 0f 0e 0f 0 00 - -
-[r] 0e 0f 010ffff0 00000000
-[e] 01000068 010ffff0 0
-[f] 01000070 02f12423
-[d] 0100006c 23 - 02 0f 2 - 00000028 -
-[r] 02 0f 00000000 00000000
-[e] 01000068 00000000 0
-[f] 01000074 02c12783
-[d] 01000070 03 0f 02 - 2 - 0000002c -
-[r] 02 - 010fffc0 -
-[e] 0100006c 010fffe8 0
-[f] 01000078 00178793
-[d] 01000074 13 0f 0f - 0 - 00000001 -
-[r] 0f - 010fffc0 -
-[e] 01000070 010fffec 0
-[m] 0100006c 010fffe8 1 2 00000000
-[w] 01000068 1 0f 00000000
-[f] 01000078 00178793
-[d] 01000074 13 0f 0f - 0 - 00000001 -
-[r] 0f - 00000000 -
-[e] 01000074 00000000 0
-[f] 0100007c 02f12623
-[d] 01000078 23 - 02 0f 2 - 0000002c -
-[r] 02 0f 00000000 00000000
-[e] 01000074 00000001 0
-[w] 01000070 1 0f 00000000
-[f] 01000080 02c12703
-[d] 0100007c 03 0e 02 - 2 - 0000002c -
-[r] 02 - 010fffc0 -
-[e] 01000078 010fffec 0
-[f] 01000084 00900793
-[d] 01000080 13 0f 00 - 0 - 00000009 -
-[r] 00 - 010fffc0 -
-[e] 0100007c 010fffec 0
-[m] 01000078 010fffec 1 2 00000001
-[w] 01000074 1 0f 00000001
-[f] 01000088 fce7d6e3
-[d] 01000084 63 - 0f 0e 5 - ffffffcc -
-[r] 0f 0e 00000000 00000000
-[e] 01000080 00000009 0
-[f] 0100008c 02812503
-[d] 01000088 03 0a 02 - 2 - 00000028 -
-[r] 02 - 00000001 -
-[e] 01000084 01000050 1
-[w] 0100007c 1 0e 00000001
-[f] 01000054 02c12783
-[d] 01000050 03 0f 02 - 2 - 0000002c -
-[r] 02 - 00000000 -
-[f] 01000058 00279793
-[d] 01000054 13 0f 0f - 1 - 00000002 -
-[r] 0f - 010fffc0 -
-[e] 01000050 010fffec 0
-[f] 01000058 00279793
-[d] 01000054 13 0f 0f - 1 - 00000002 -
-[r] 0f - 00000009 -
-[e] 01000054 00000009 0
-[f] 0100005c 03010713
-[d] 01000058 13 0e 02 - 0 - 00000030 -
-[r] 02 - 00000009 -
-[e] 01000054 00000004 0
-[w] 01000050 1 0f 00000001
-[f] 01000060 00f707b3
-[d] 0100005c 33 0f 0e 0f 0 00 - -
-[r] 0e 0f 010fffc0 00000000
-[e] 01000058 010ffff0 0
-[f] 01000064 fd07a783
-[d] 01000060 03 0f 0f - 2 - ffffffd0 -
-[r] 0f - 00000001 -
-[e] 0100005c 010ffff4 0
-[w] 01000054 1 0f 00000004
-[f] 01000068 02812703
-[d] 01000064 03 0e 02 - 2 - 00000028 -
-[r] 02 - 00000001 -
-[e] 01000060 010fffc4 0
-[w] 01000058 1 0e 010ffff0
-[f] 0100006c 00f707b3
-[d] 01000068 33 0f 0e 0f 0 00 - -
-[r] 0e 0f 010fffc0 00000000
-[e] 01000064 010fffe8 0
-[w] 0100005c 1 0f 010ffff4
-[f] 0100006c 00f707b3
-[d] 01000068 33 0f 0e 0f 0 00 - -
-[r] 0e 0f 010ffff0 00000004
-[e] 01000068 010ffff0 0
-[w] 01000060 1 0f 00000001
-[f] 0100006c 00f707b3
-[d] 01000068 33 0f 0e 0f 0 00 - -
-[r] 0e 0f 010ffff0 010ffff4
-[e] 01000068 010ffff0 0
-[w] 01000064 1 0e 00000000
-[f] 0100006c 00f707b3
-[d] 01000068 33 0f 0e 0f 0 00 - -
-[r] 0e 0f 010ffff0 00000001
-[e] 01000068 010ffff0 0
-[f] 01000070 02f12423
-[d] 0100006c 23 - 02 0f 2 - 00000028 -
-[r] 02 0f 00000000 00000001
-[e] 01000068 00000001 0
-[f] 01000074 02c12783
-[d] 01000070 03 0f 02 - 2 - 0000002c -
-[r] 02 - 010fffc0 -
-[e] 0100006c 010fffe8 0
-[f] 01000078 00178793
-[d] 01000074 13 0f 0f - 0 - 00000001 -
-[r] 0f - 010fffc0 -
-[e] 01000070 010fffec 0
-[m] 0100006c 010fffe8 1 2 00000001
-[w] 01000068 1 0f 00000001
-[f] 01000078 00178793
-[d] 01000074 13 0f 0f - 0 - 00000001 -
-[r] 0f - 00000001 -
-[e] 01000074 00000001 0
-[f] 0100007c 02f12623
-[d] 01000078 23 - 02 0f 2 - 0000002c -
-[r] 02 0f 00000001 00000000
-[e] 01000074 00000002 0
-[w] 01000070 1 0f 00000001
-[f] 01000080 02c12703
-[d] 0100007c 03 0e 02 - 2 - 0000002c -
-[r] 02 - 010fffc0 -
-[e] 01000078 010fffec 0
-[f] 01000084 00900793
-[d] 01000080 13 0f 00 - 0 - 00000009 -
-[r] 00 - 010fffc0 -
-[e] 0100007c 010fffec 0
-[m] 01000078 010fffec 1 2 00000002
-[w] 01000074 1 0f 00000002
-[f] 01000088 fce7d6e3
-[d] 01000084 63 - 0f 0e 5 - ffffffcc -
-[r] 0f 0e 00000000 00000000
-[e] 01000080 00000009 0
-[f] 0100008c 02812503
-[d] 01000088 03 0a 02 - 2 - 00000028 -
-[r] 02 - 00000002 -
-[e] 01000084 01000050 1
-[w] 0100007c 1 0e 00000002
-[f] 01000054 02c12783
-[d] 01000050 03 0f 02 - 2 - 0000002c -
-[r] 02 - 00000000 -
-[f] 01000058 00279793
-[d] 01000054 13 0f 0f - 1 - 00000002 -
-[r] 0f - 010fffc0 -
-[e] 01000050 010fffec 0
-[f] 01000058 00279793
-[d] 01000054 13 0f 0f - 1 - 00000002 -
-[r] 0f - 00000009 -
-[e] 01000054 00000009 0
-[f] 0100005c 03010713
-[d] 01000058 13 0e 02 - 0 - 00000030 -
-[r] 02 - 00000009 -
-[e] 01000054 00000008 0
-[w] 01000050 1 0f 00000002
-[f] 01000060 00f707b3
-[d] 0100005c 33 0f 0e 0f 0 00 - -
-[r] 0e 0f 010fffc0 00000000
-[e] 01000058 010ffff0 0
-[f] 01000064 fd07a783
-[d] 01000060 03 0f 0f - 2 - ffffffd0 -
-[r] 0f - 00000002 -
-[e] 0100005c 010ffff8 0
-[w] 01000054 1 0f 00000008
-[f] 01000068 02812703
-[d] 01000064 03 0e 02 - 2 - 00000028 -
-[r] 02 - 00000002 -
-[e] 01000060 010fffc8 0
-[w] 01000058 1 0e 010ffff0
-[f] 0100006c 00f707b3
-[d] 01000068 33 0f 0e 0f 0 00 - -
-[r] 0e 0f 010fffc0 00000000
-[e] 01000064 010fffe8 0
-[w] 0100005c 1 0f 010ffff8
-[f] 0100006c 00f707b3
-[d] 01000068 33 0f 0e 0f 0 00 - -
-[r] 0e 0f 010ffff0 00000008
-[e] 01000068 010ffff0 0
-[w] 01000060 1 0f 00000002
-[f] 0100006c 00f707b3
-[d] 01000068 33 0f 0e 0f 0 00 - -
-[r] 0e 0f 010ffff0 010ffff8
-[e] 01000068 010ffff0 0
-[w] 01000064 1 0e 00000001
-[f] 0100006c 00f707b3
-[d] 01000068 33 0f 0e 0f 0 00 - -
-[r] 0e 0f 010ffff0 00000002
-[e] 01000068 010ffff0 0
-[f] 01000070 02f12423
-[d] 0100006c 23 - 02 0f 2 - 00000028 -
-[r] 02 0f 00000001 00000002
-[e] 01000068 00000003 0
-[f] 01000074 02c12783
-[d] 01000070 03 0f 02 - 2 - 0000002c -
-[r] 02 - 010fffc0 -
-[e] 0100006c 010fffe8 0
-[f] 01000078 00178793
-[d] 01000074 13 0f 0f - 0 - 00000001 -
-[r] 0f - 010fffc0 -
-[e] 01000070 010fffec 0
-[m] 0100006c 010fffe8 1 2 00000003
-[w] 01000068 1 0f 00000003
-[f] 01000078 00178793
-[d] 01000074 13 0f 0f - 0 - 00000001 -
-[r] 0f - 00000002 -
-[e] 01000074 00000002 0
-[f] 0100007c 02f12623
-[d] 01000078 23 - 02 0f 2 - 0000002c -
-[r] 02 0f 00000003 00000000
-[e] 01000074 00000003 0
-[w] 01000070 1 0f 00000002
-[f] 01000080 02c12703
-[d] 0100007c 03 0e 02 - 2 - 0000002c -
-[r] 02 - 010fffc0 -
-[e] 01000078 010fffec 0
-[f] 01000084 00900793
-[d] 01000080 13 0f 00 - 0 - 00000009 -
-[r] 00 - 010fffc0 -
-[e] 0100007c 010fffec 0
-[m] 01000078 010fffec 1 2 00000003
-[w] 01000074 1 0f 00000003
-[f] 01000088 fce7d6e3
-[d] 01000084 63 - 0f 0e 5 - ffffffcc -
-[r] 0f 0e 00000000 00000000
-[e] 01000080 00000009 0
-[f] 0100008c 02812503
-[d] 01000088 03 0a 02 - 2 - 00000028 -
-[r] 02 - 00000003 -
-[e] 01000084 01000050 1
-[w] 0100007c 1 0e 00000003
-[f] 01000054 02c12783
-[d] 01000050 03 0f 02 - 2 - 0000002c -
-[r] 02 - 00000000 -
-[f] 01000058 00279793
-[d] 01000054 13 0f 0f - 1 - 00000002 -
-[r] 0f - 010fffc0 -
-[e] 01000050 010fffec 0
-[f] 01000058 00279793
-[d] 01000054 13 0f 0f - 1 - 00000002 -
-[r] 0f - 00000009 -
-[e] 01000054 00000009 0
-[f] 0100005c 03010713
-[d] 01000058 13 0e 02 - 0 - 00000030 -
-[r] 02 - 00000009 -
-[e] 01000054 0000000c 0
-[w] 01000050 1 0f 00000003
-[f] 01000060 00f707b3
-[d] 0100005c 33 0f 0e 0f 0 00 - -
-[r] 0e 0f 010fffc0 00000000
-[e] 01000058 010ffff0 0
-[f] 01000064 fd07a783
-[d] 01000060 03 0f 0f - 2 - ffffffd0 -
-[r] 0f - 00000003 -
-[e] 0100005c 010ffffc 0
-[w] 01000054 1 0f 0000000c
-[f] 01000068 02812703
-[d] 01000064 03 0e 02 - 2 - 00000028 -
-[r] 02 - 00000003 -
-[e] 01000060 010fffcc 0
-[w] 01000058 1 0e 010ffff0
-[f] 0100006c 00f707b3
-[d] 01000068 33 0f 0e 0f 0 00 - -
-[r] 0e 0f 010fffc0 00000000
-[e] 01000064 010fffe8 0
-[w] 0100005c 1 0f 010ffffc
-[f] 0100006c 00f707b3
-[d] 01000068 33 0f 0e 0f 0 00 - -
-[r] 0e 0f 010ffff0 0000000c
-[e] 01000068 010ffff0 0
-[w] 01000060 1 0f 00000003
-[f] 0100006c 00f707b3
-[d] 01000068 33 0f 0e 0f 0 00 - -
-[r] 0e 0f 010ffff0 010ffffc
-[e] 01000068 010ffff0 0
-[w] 01000064 1 0e 00000003
-[f] 0100006c 00f707b3
-[d] 01000068 33 0f 0e 0f 0 00 - -
-[r] 0e 0f 010ffff0 00000003
-[e] 01000068 010ffff0 0
-[f] 01000070 02f12423
-[d] 0100006c 23 - 02 0f 2 - 00000028 -
-[r] 02 0f 00000003 00000003
-[e] 01000068 00000006 0
-[f] 01000074 02c12783
-[d] 01000070 03 0f 02 - 2 - 0000002c -
-[r] 02 - 010fffc0 -
-[e] 0100006c 010fffe8 0
-[f] 01000078 00178793
-[d] 01000074 13 0f 0f - 0 - 00000001 -
-[r] 0f - 010fffc0 -
-[e] 01000070 010fffec 0
-[m] 0100006c 010fffe8 1 2 00000006
-[w] 01000068 1 0f 00000006
-[f] 01000078 00178793
-[d] 01000074 13 0f 0f - 0 - 00000001 -
-[r] 0f - 00000003 -
-[e] 01000074 00000003 0
-[f] 0100007c 02f12623
-[d] 01000078 23 - 02 0f 2 - 0000002c -
-[r] 02 0f 00000006 00000000
-[e] 01000074 00000004 0
-[w] 01000070 1 0f 00000003
-[f] 01000080 02c12703
-[d] 0100007c 03 0e 02 - 2 - 0000002c -
-[r] 02 - 010fffc0 -
-[e] 01000078 010fffec 0
-[f] 01000084 00900793
-[d] 01000080 13 0f 00 - 0 - 00000009 -
-[r] 00 - 010fffc0 -
-[e] 0100007c 010fffec 0
-[m] 01000078 010fffec 1 2 00000004
-[w] 01000074 1 0f 00000004
-[f] 01000088 fce7d6e3
-[d] 01000084 63 - 0f 0e 5 - ffffffcc -
-[r] 0f 0e 00000000 00000000
-[e] 01000080 00000009 0
-[f] 0100008c 02812503
-[d] 01000088 03 0a 02 - 2 - 00000028 -
-[r] 02 - 00000004 -
-[e] 01000084 01000050 1
-[w] 0100007c 1 0e 00000004
-[f] 01000054 02c12783
-[d] 01000050 03 0f 02 - 2 - 0000002c -
-[r] 02 - 00000000 -
-[f] 01000058 00279793
-[d] 01000054 13 0f 0f - 1 - 00000002 -
-[r] 0f - 010fffc0 -
-[e] 01000050 010fffec 0
-[f] 01000058 00279793
-[d] 01000054 13 0f 0f - 1 - 00000002 -
-[r] 0f - 00000009 -
-[e] 01000054 00000009 0
-[f] 0100005c 03010713
-[d] 01000058 13 0e 02 - 0 - 00000030 -
-[r] 02 - 00000009 -
-[e] 01000054 00000010 0
-[w] 01000050 1 0f 00000004
-[f] 01000060 00f707b3
-[d] 0100005c 33 0f 0e 0f 0 00 - -
-[r] 0e 0f 010fffc0 00000000
-[e] 01000058 010ffff0 0
-[f] 01000064 fd07a783
-[d] 01000060 03 0f 0f - 2 - ffffffd0 -
-[r] 0f - 00000004 -
-[e] 0100005c 01100000 0
-[w] 01000054 1 0f 00000010
-[f] 01000068 02812703
-[d] 01000064 03 0e 02 - 2 - 00000028 -
-[r] 02 - 00000004 -
-[e] 01000060 010fffd0 0
-[w] 01000058 1 0e 010ffff0
-[f] 0100006c 00f707b3
-[d] 01000068 33 0f 0e 0f 0 00 - -
-[r] 0e 0f 010fffc0 00000000
-[e] 01000064 010fffe8 0
-[w] 0100005c 1 0f 01100000
-[f] 0100006c 00f707b3
-[d] 01000068 33 0f 0e 0f 0 00 - -
-[r] 0e 0f 010ffff0 00000010
-[e] 01000068 010ffff0 0
-[w] 01000060 1 0f 00000004
-[f] 0100006c 00f707b3
-[d] 01000068 33 0f 0e 0f 0 00 - -
-[r] 0e 0f 010ffff0 01100000
-[e] 01000068 010ffff0 0
-[w] 01000064 1 0e 00000006
-[f] 0100006c 00f707b3
-[d] 01000068 33 0f 0e 0f 0 00 - -
-[r] 0e 0f 010ffff0 00000004
-[e] 01000068 010ffff0 0
-[f] 01000070 02f12423
-[d] 0100006c 23 - 02 0f 2 - 00000028 -
-[r] 02 0f 00000006 00000004
-[e] 01000068 0000000a 0
-[f] 01000074 02c12783
-[d] 01000070 03 0f 02 - 2 - 0000002c -
-[r] 02 - 010fffc0 -
-[e] 0100006c 010fffe8 0
-[f] 01000078 00178793
-[d] 01000074 13 0f 0f - 0 - 00000001 -
-[r] 0f - 010fffc0 -
-[e] 01000070 010fffec 0
-[m] 0100006c 010fffe8 1 2 0000000a
-[w] 01000068 1 0f 0000000a
-[f] 01000078 00178793
-[d] 01000074 13 0f 0f - 0 - 00000001 -
-[r] 0f - 00000004 -
-[e] 01000074 00000004 0
-[f] 0100007c 02f12623
-[d] 01000078 23 - 02 0f 2 - 0000002c -
-[r] 02 0f 0000000a 00000000
-[e] 01000074 00000005 0
-[w] 01000070 1 0f 00000004
-[f] 01000080 02c12703
-[d] 0100007c 03 0e 02 - 2 - 0000002c -
-[r] 02 - 010fffc0 -
-[e] 01000078 010fffec 0
-[f] 01000084 00900793
-[d] 01000080 13 0f 00 - 0 - 00000009 -
-[r] 00 - 010fffc0 -
-[e] 0100007c 010fffec 0
-[m] 01000078 010fffec 1 2 00000005
-[w] 01000074 1 0f 00000005
-[f] 01000088 fce7d6e3
-[d] 01000084 63 - 0f 0e 5 - ffffffcc -
-[r] 0f 0e 00000000 00000000
-[e] 01000080 00000009 0
-[f] 0100008c 02812503
-[d] 01000088 03 0a 02 - 2 - 00000028 -
-[r] 02 - 00000005 -
-[e] 01000084 01000050 1
-[w] 0100007c 1 0e 00000005
-[f] 01000054 02c12783
-[d] 01000050 03 0f 02 - 2 - 0000002c -
-[r] 02 - 00000000 -
-[f] 01000058 00279793
-[d] 01000054 13 0f 0f - 1 - 00000002 -
-[r] 0f - 010fffc0 -
-[e] 01000050 010fffec 0
-[f] 01000058 00279793
-[d] 01000054 13 0f 0f - 1 - 00000002 -
-[r] 0f - 00000009 -
-[e] 01000054 00000009 0
-[f] 0100005c 03010713
-[d] 01000058 13 0e 02 - 0 - 00000030 -
-[r] 02 - 00000009 -
-[e] 01000054 00000014 0
-[w] 01000050 1 0f 00000005
-[f] 01000060 00f707b3
-[d] 0100005c 33 0f 0e 0f 0 00 - -
-[r] 0e 0f 010fffc0 00000000
-[e] 01000058 010ffff0 0
-[f] 01000064 fd07a783
-[d] 01000060 03 0f 0f - 2 - ffffffd0 -
-[r] 0f - 00000005 -
-[e] 0100005c 01100004 0
-[w] 01000054 1 0f 00000014
-[f] 01000068 02812703
-[d] 01000064 03 0e 02 - 2 - 00000028 -
-[r] 02 - 00000005 -
-[e] 01000060 010fffd4 0
-[w] 01000058 1 0e 010ffff0
-[f] 0100006c 00f707b3
-[d] 01000068 33 0f 0e 0f 0 00 - -
-[r] 0e 0f 010fffc0 00000000
-[e] 01000064 010fffe8 0
-[w] 0100005c 1 0f 01100004
-[f] 0100006c 00f707b3
-[d] 01000068 33 0f 0e 0f 0 00 - -
-[r] 0e 0f 010ffff0 00000014
-[e] 01000068 010ffff0 0
-[w] 01000060 1 0f 00000005
-[f] 0100006c 00f707b3
-[d] 01000068 33 0f 0e 0f 0 00 - -
-[r] 0e 0f 010ffff0 01100004
-[e] 01000068 010ffff0 0
-[w] 01000064 1 0e 0000000a
-[f] 0100006c 00f707b3
-[d] 01000068 33 0f 0e 0f 0 00 - -
-[r] 0e 0f 010ffff0 00000005
-[e] 01000068 010ffff0 0
-[f] 01000070 02f12423
-[d] 0100006c 23 - 02 0f 2 - 00000028 -
-[r] 02 0f 0000000a 00000005
-[e] 01000068 0000000f 0
-[f] 01000074 02c12783
-[d] 01000070 03 0f 02 - 2 - 0000002c -
-[r] 02 - 010fffc0 -
-[e] 0100006c 010fffe8 0
-[f] 01000078 00178793
-[d] 01000074 13 0f 0f - 0 - 00000001 -
-[r] 0f - 010fffc0 -
-[e] 01000070 010fffec 0
-[m] 0100006c 010fffe8 1 2 0000000f
-[w] 01000068 1 0f 0000000f
-[f] 01000078 00178793
-[d] 01000074 13 0f 0f - 0 - 00000001 -
-[r] 0f - 00000005 -
-[e] 01000074 00000005 0
-[f] 0100007c 02f12623
-[d] 01000078 23 - 02 0f 2 - 0000002c -
-[r] 02 0f 0000000f 00000000
-[e] 01000074 00000006 0
-[w] 01000070 1 0f 00000005
-[f] 01000080 02c12703
-[d] 0100007c 03 0e 02 - 2 - 0000002c -
-[r] 02 - 010fffc0 -
-[e] 01000078 010fffec 0
-[f] 01000084 00900793
-[d] 01000080 13 0f 00 - 0 - 00000009 -
-[r] 00 - 010fffc0 -
-[e] 0100007c 010fffec 0
-[m] 01000078 010fffec 1 2 00000006
-[w] 01000074 1 0f 00000006
-[f] 01000088 fce7d6e3
-[d] 01000084 63 - 0f 0e 5 - ffffffcc -
-[r] 0f 0e 00000000 00000000
-[e] 01000080 00000009 0
-[f] 0100008c 02812503
-[d] 01000088 03 0a 02 - 2 - 00000028 -
-[r] 02 - 00000006 -
-[e] 01000084 01000050 1
-[w] 0100007c 1 0e 00000006
+[d] 0100004c 23 - 02 00 2 - 0000002c -
+[r] 02 00 00000000 00000000
+[e] 01000048 0100001c 0
+[w] 01000040 1 0e 00000030
 [f] 01000054 02c12783
-[d] 01000050 03 0f 02 - 2 - 0000002c -
-[r] 02 - 00000000 -
-[f] 01000058 00279793
-[d] 01000054 13 0f 0f - 1 - 00000002 -
-[r] 0f - 010fffc0 -
-[e] 01000050 010fffec 0
+[d] 01000050 6f 00 - - - - 00000030 -
+[r] - - - -
+[e] 0100004c 0000002c 0
+[w] 01000044 1 0f ffffffc9
 [f] 01000058 00279793
-[d] 01000054 13 0f 0f - 1 - 00000002 -
-[r] 0f - 00000009 -
-[e] 01000054 00000009 0
-[f] 0100005c 03010713
-[d] 01000058 13 0e 02 - 0 - 00000030 -
-[r] 02 - 00000009 -
-[e] 01000054 00000018 0
-[w] 01000050 1 0f 00000006
-[f] 01000060 00f707b3
-[d] 0100005c 33 0f 0e 0f 0 00 - -
-[r] 0e 0f 010fffc0 00000000
-[e] 01000058 010ffff0 0
-[f] 01000064 fd07a783
-[d] 01000060 03 0f 0f - 2 - ffffffd0 -
-[r] 0f - 00000006 -
-[e] 0100005c 01100008 0
-[w] 01000054 1 0f 00000018
-[f] 01000068 02812703
-[d] 01000064 03 0e 02 - 2 - 00000028 -
-[r] 02 - 00000006 -
-[e] 01000060 010fffd8 0
-[w] 01000058 1 0e 010ffff0
-[f] 0100006c 00f707b3
-[d] 01000068 33 0f 0e 0f 0 00 - -
-[r] 0e 0f 010fffc0 00000000
-[e] 01000064 010fffe8 0
-[w] 0100005c 1 0f 01100008
-[f] 0100006c 00f707b3
-[d] 01000068 33 0f 0e 0f 0 00 - -
-[r] 0e 0f 010ffff0 00000018
-[e] 01000068 010ffff0 0
-[w] 01000060 1 0f 00000006
-[f] 0100006c 00f707b3
-[d] 01000068 33 0f 0e 0f 0 00 - -
-[r] 0e 0f 010ffff0 01100008
-[e] 01000068 010ffff0 0
-[w] 01000064 1 0e 0000000f
-[f] 0100006c 00f707b3
-[d] 01000068 33 0f 0e 0f 0 00 - -
-[r] 0e 0f 010ffff0 00000006
-[e] 01000068 010ffff0 0
-[f] 01000070 02f12423
-[d] 0100006c 23 - 02 0f 2 - 00000028 -
-[r] 02 0f 0000000f 00000006
-[e] 01000068 00000015 0
-[f] 01000074 02c12783
-[d] 01000070 03 0f 02 - 2 - 0000002c -
-[r] 02 - 010fffc0 -
-[e] 0100006c 010fffe8 0
-[f] 01000078 00178793
-[d] 01000074 13 0f 0f - 0 - 00000001 -
-[r] 0f - 010fffc0 -
-[e] 01000070 010fffec 0
-[m] 0100006c 010fffe8 1 2 00000015
-[w] 01000068 1 0f 00000015
-[f] 01000078 00178793
-[d] 01000074 13 0f 0f - 0 - 00000001 -
-[r] 0f - 00000006 -
-[e] 01000074 00000006 0
-[f] 0100007c 02f12623
-[d] 01000078 23 - 02 0f 2 - 0000002c -
-[r] 02 0f 00000015 00000000
-[e] 01000074 00000007 0
-[w] 01000070 1 0f 00000006
-[f] 01000080 02c12703
-[d] 0100007c 03 0e 02 - 2 - 0000002c -
-[r] 02 - 010fffc0 -
-[e] 01000078 010fffec 0
-[f] 01000084 00900793
-[d] 01000080 13 0f 00 - 0 - 00000009 -
-[r] 00 - 010fffc0 -
-[e] 0100007c 010fffec 0
-[m] 01000078 010fffec 1 2 00000007
-[w] 01000074 1 0f 00000007
-[f] 01000088 fce7d6e3
-[d] 01000084 63 - 0f 0e 5 - ffffffcc -
-[r] 0f 0e 00000000 00000000
-[e] 01000080 00000009 0
-[f] 0100008c 02812503
-[d] 01000088 03 0a 02 - 2 - 00000028 -
-[r] 02 - 00000007 -
-[e] 01000084 01000050 1
-[w] 0100007c 1 0e 00000007
-[f] 01000054 02c12783
-[d] 01000050 03 0f 02 - 2 - 0000002c -
+[d] 01000054 03 0f 02 - 2 - 0000002c -
 [r] 02 - 00000000 -
-[f] 01000058 00279793
-[d] 01000054 13 0f 0f - 1 - 00000002 -
-[r] 0f - 010fffc0 -
-[e] 01000050 010fffec 0
-[f] 01000058 00279793
-[d] 01000054 13 0f 0f - 1 - 00000002 -
-[r] 0f - 00000009 -
-[e] 01000054 00000009 0
-[f] 0100005c 03010713
-[d] 01000058 13 0e 02 - 0 - 00000030 -
-[r] 02 - 00000009 -
-[e] 01000054 0000001c 0
-[w] 01000050 1 0f 00000007
-[f] 01000060 00f707b3
-[d] 0100005c 33 0f 0e 0f 0 00 - -
-[r] 0e 0f 010fffc0 00000000
-[e] 01000058 010ffff0 0
-[f] 01000064 fd07a783
-[d] 01000060 03 0f 0f - 2 - ffffffd0 -
-[r] 0f - 00000007 -
-[e] 0100005c 0110000c 0
-[w] 01000054 1 0f 0000001c
-[f] 01000068 02812703
-[d] 01000064 03 0e 02 - 2 - 00000028 -
-[r] 02 - 00000007 -
-[e] 01000060 010fffdc 0
-[w] 01000058 1 0e 010ffff0
-[f] 0100006c 00f707b3
-[d] 01000068 33 0f 0e 0f 0 00 - -
-[r] 0e 0f 010fffc0 00000000
-[e] 01000064 010fffe8 0
-[w] 0100005c 1 0f 0110000c
-[f] 0100006c 00f707b3
-[d] 01000068 33 0f 0e 0f 0 00 - -
-[r] 0e 0f 010ffff0 0000001c
-[e] 01000068 010ffff0 0
-[w] 01000060 1 0f 00000007
-[f] 0100006c 00f707b3
-[d] 01000068 33 0f 0e 0f 0 00 - -
-[r] 0e 0f 010ffff0 0110000c
-[e] 01000068 010ffff0 0
-[w] 01000064 1 0e 00000015
-[f] 0100006c 00f707b3
-[d] 01000068 33 0f 0e 0f 0 00 - -
-[r] 0e 0f 010ffff0 00000007
-[e] 01000068 010ffff0 0
-[f] 01000070 02f12423
-[d] 0100006c 23 - 02 0f 2 - 00000028 -
-[r] 02 0f 00000015 00000007
-[e] 01000068 0000001c 0
-[f] 01000074 02c12783
-[d] 01000070 03 0f 02 - 2 - 0000002c -
-[r] 02 - 010fffc0 -
-[e] 0100006c 010fffe8 0
-[f] 01000078 00178793
-[d] 01000074 13 0f 0f - 0 - 00000001 -
-[r] 0f - 010fffc0 -
-[e] 01000070 010fffec 0
-[m] 0100006c 010fffe8 1 2 0000001c
-[w] 01000068 1 0f 0000001c
-[f] 01000078 00178793
-[d] 01000074 13 0f 0f - 0 - 00000001 -
-[r] 0f - 00000007 -
-[e] 01000074 00000007 0
-[f] 0100007c 02f12623
-[d] 01000078 23 - 02 0f 2 - 0000002c -
-[r] 02 0f 0000001c 00000000
-[e] 01000074 00000008 0
-[w] 01000070 1 0f 00000007
-[f] 01000080 02c12703
-[d] 0100007c 03 0e 02 - 2 - 0000002c -
-[r] 02 - 010fffc0 -
-[e] 01000078 010fffec 0
+[e] 01000050 01000080 0
+[m] 0100004c 0000002c 1 2 00000000
 [f] 01000084 00900793
-[d] 01000080 13 0f 00 - 0 - 00000009 -
-[r] 00 - 010fffc0 -
-[e] 0100007c 010fffec 0
-[m] 01000078 010fffec 1 2 00000008
-[w] 01000074 1 0f 00000008
-[f] 01000088 fce7d6e3
-[d] 01000084 63 - 0f 0e 5 - ffffffcc -
-[r] 0f 0e 00000000 00000000
-[e] 01000080 00000009 0
-[f] 0100008c 02812503
-[d] 01000088 03 0a 02 - 2 - 00000028 -
-[r] 02 - 00000008 -
-[e] 01000084 01000050 1
-[w] 0100007c 1 0e 00000008
-[f] 01000054 02c12783
-[d] 01000050 03 0f 02 - 2 - 0000002c -
+[d] 01000080 13 0e 02 - 0 - 00000030 -
 [r] 02 - 00000000 -
-[f] 01000058 00279793
-[d] 01000054 13 0f 0f - 1 - 00000002 -
-[r] 0f - 010fffc0 -
-[e] 01000050 010fffec 0
-[f] 01000058 00279793
-[d] 01000054 13 0f 0f - 1 - 00000002 -
-[r] 0f - 00000009 -
-[e] 01000054 00000009 0
-[f] 0100005c 03010713
-[d] 01000058 13 0e 02 - 0 - 00000030 -
-[r] 02 - 00000009 -
-[e] 01000054 00000020 0
-[w] 01000050 1 0f 00000008
-[f] 01000060 00f707b3
-[d] 0100005c 33 0f 0e 0f 0 00 - -
-[r] 0e 0f 010fffc0 00000000
-[e] 01000058 010ffff0 0
-[f] 01000064 fd07a783
-[d] 01000060 03 0f 0f - 2 - ffffffd0 -
-[r] 0f - 00000008 -
-[e] 0100005c 01100010 0
-[w] 01000054 1 0f 00000020
-[f] 01000068 02812703
-[d] 01000064 03 0e 02 - 2 - 00000028 -
-[r] 02 - 00000008 -
-[e] 01000060 010fffe0 0
-[w] 01000058 1 0e 010ffff0
-[f] 0100006c 00f707b3
-[d] 01000068 33 0f 0e 0f 0 00 - -
-[r] 0e 0f 010fffc0 00000000
-[e] 01000064 010fffe8 0
-[w] 0100005c 1 0f 01100010
-[f] 0100006c 00f707b3
-[d] 01000068 33 0f 0e 0f 0 00 - -
-[r] 0e 0f 010ffff0 00000020
-[e] 01000068 010ffff0 0
-[w] 01000060 1 0f 00000008
-[f] 0100006c 00f707b3
-[d] 01000068 33 0f 0e 0f 0 00 - -
-[r] 0e 0f 010ffff0 01100010
-[e] 01000068 010ffff0 0
-[w] 01000064 1 0e 0000001c
-[f] 0100006c 00f707b3
-[d] 01000068 33 0f 0e 0f 0 00 - -
-[r] 0e 0f 010ffff0 00000008
-[e] 01000068 010ffff0 0
-[f] 01000070 02f12423
-[d] 0100006c 23 - 02 0f 2 - 00000028 -
-[r] 02 0f 0000001c 00000008
-[e] 01000068 00000024 0
-[f] 01000074 02c12783
-[d] 01000070 03 0f 02 - 2 - 0000002c -
-[r] 02 - 010fffc0 -
-[e] 0100006c 010fffe8 0
-[f] 01000078 00178793
-[d] 01000074 13 0f 0f - 0 - 00000001 -
-[r] 0f - 010fffc0 -
-[e] 01000070 010fffec 0
-[m] 0100006c 010fffe8 1 2 00000024
-[w] 01000068 1 0f 00000024
-[f] 01000078 00178793
-[d] 01000074 13 0f 0f - 0 - 00000001 -
-[r] 0f - 00000008 -
-[e] 01000074 00000008 0
-[f] 0100007c 02f12623
-[d] 01000078 23 - 02 0f 2 - 0000002c -
-[r] 02 0f 00000024 00000000
-[e] 01000074 00000009 0
-[w] 01000070 1 0f 00000008
-[f] 01000080 02c12703
-[d] 0100007c 03 0e 02 - 2 - 0000002c -
-[r] 02 - 010fffc0 -
-[e] 01000078 010fffec 0
-[f] 01000084 00900793
-[d] 01000080 13 0f 00 - 0 - 00000009 -
-[r] 00 - 010fffc0 -
-[e] 0100007c 010fffec 0
-[m] 01000078 010fffec 1 2 00000009
-[w] 01000074 1 0f 00000009
 [f] 01000088 fce7d6e3
-[d] 01000084 63 - 0f 0e 5 - ffffffcc -
-[r] 0f 0e 00000000 00000000
-[e] 01000080 00000009 0
+[d] 01000084 13 0f 00 - 0 - 00000009 -
+[r] 00 - ffffffc0 -
+[e] 01000080 00000030 0
 [f] 0100008c 02812503
-[d] 01000088 03 0a 02 - 2 - 00000028 -
-[r] 02 - 00000009 -
-[e] 01000084 01000050 1
-[w] 0100007c 1 0e 00000009
-[f] 01000054 02c12783
-[d] 01000050 03 0f 02 - 2 - 0000002c -
-[r] 02 - 00000000 -
-[f] 01000058 00279793
-[d] 01000054 13 0f 0f - 1 - 00000002 -
-[r] 0f - 010fffc0 -
-[e] 01000050 010fffec 0
-[f] 01000058 00279793
-[d] 01000054 13 0f 0f - 1 - 00000002 -
-[r] 0f - 00000009 -
-[e] 01000054 00000009 0
-[f] 0100005c 03010713
-[d] 01000058 13 0e 02 - 0 - 00000030 -
-[r] 02 - 00000009 -
-[e] 01000054 00000024 0
-[w] 01000050 1 0f 00000009
-[f] 01000060 00f707b3
-[d] 0100005c 33 0f 0e 0f 0 00 - -
-[r] 0e 0f 010fffc0 00000000
-[e] 01000058 010ffff0 0
-[f] 01000064 fd07a783
-[d] 01000060 03 0f 0f - 2 - ffffffd0 -
-[r] 0f - 00000009 -
-[e] 0100005c 01100014 0
-[w] 01000054 1 0f 00000024
-[f] 01000068 02812703
-[d] 01000064 03 0e 02 - 2 - 00000028 -
-[r] 02 - 00000009 -
-[e] 01000060 010fffe4 0
-[w] 01000058 1 0e 010ffff0
-[f] 0100006c 00f707b3
-[d] 01000068 33 0f 0e 0f 0 00 - -
-[r] 0e 0f 010fffc0 00000000
-[e] 01000064 010fffe8 0
-[w] 0100005c 1 0f 01100014
-[f] 0100006c 00f707b3
-[d] 01000068 33 0f 0e 0f 0 00 - -
-[r] 0e 0f 010ffff0 00000024
-[e] 01000068 010ffff0 0
-[w] 01000060 1 0f 00000009
-[f] 0100006c 00f707b3
-[d] 01000068 33 0f 0e 0f 0 00 - -
-[r] 0e 0f 010ffff0 01100014
-[e] 01000068 010ffff0 0
-[w] 01000064 1 0e 00000024
-[f] 0100006c 00f707b3
-[d] 01000068 33 0f 0e 0f 0 00 - -
-[r] 0e 0f 010ffff0 00000009
-[e] 01000068 010ffff0 0
-[f] 01000070 02f12423
-[d] 0100006c 23 - 02 0f 2 - 00000028 -
-[r] 02 0f 00000024 00000009
-[e] 01000068 0000002d 0
-[f] 01000074 02c12783
-[d] 01000070 03 0f 02 - 2 - 0000002c -
-[r] 02 - 010fffc0 -
-[e] 0100006c 010fffe8 0
-[f] 01000078 00178793
-[d] 01000074 13 0f 0f - 0 - 00000001 -
-[r] 0f - 010fffc0 -
-[e] 01000070 010fffec 0
-[m] 0100006c 010fffe8 1 2 0000002d
-[w] 01000068 1 0f 0000002d
-[f] 01000078 00178793
-[d] 01000074 13 0f 0f - 0 - 00000001 -
-[r] 0f - 00000009 -
-[e] 01000074 00000009 0
-[f] 0100007c 02f12623
-[d] 01000078 23 - 02 0f 2 - 0000002c -
-[r] 02 0f 0000002d 00000000
-[e] 01000074 0000000a 0
-[w] 01000070 1 0f 00000009
-[f] 01000080 02c12703
-[d] 0100007c 03 0e 02 - 2 - 0000002c -
-[r] 02 - 010fffc0 -
-[e] 01000078 010fffec 0
-[f] 01000084 00900793
-[d] 01000080 13 0f 00 - 0 - 00000009 -
-[r] 00 - 010fffc0 -
-[e] 0100007c 010fffec 0
-[m] 01000078 010fffec 1 2 0000000a
-[w] 01000074 1 0f 0000000a
-[f] 01000088 fce7d6e3
-[d] 01000084 63 - 0f 0e 5 - ffffffcc -
+[d] 01000088 63 - 0f 0e 5 - ffffffcc -
 [r] 0f 0e 00000000 00000000
-[e] 01000080 00000009 0
-[f] 0100008c 02812503
-[d] 01000088 03 0a 02 - 2 - 00000028 -
-[r] 02 - 0000000a -
-[e] 01000084 01000050 0
-[w] 0100007c 1 0e 0000000a
+[e] 01000084 ffffffc9 0
 [f] 01000090 018000ef
-[d] 0100008c 6f 01 - - - - 00000018 -
-[r] - - - -
-[e] 01000088 010fffe8 0
-[w] 01000080 1 0f 00000009
+[d] 0100008c 03 0a 02 - 2 - 00000028 -
+[r] 02 - ffffffc9 -
+[e] 01000088 01000054 0
+[w] 01000080 1 0e 00000030
 [f] 01000094 00050793
-[d] 01000090 13 0f 0a - 0 - 00000000 -
-[r] 0a - 00000000 -
-[e] 0100008c 010000a4 0
-[f] 010000a8 fe010113
-[d] 010000a4 13 02 02 - 0 - ffffffe0 -
-[r] 02 - 00000000 -
-[w] 0100008c 1 01 01000090
-[f] 010000ac 00112e23
-[d] 010000a8 23 - 02 01 2 - 0000001c -
-[r] 02 01 010fffc0 00000000
-[e] 010000a4 010fffa0 0
-[f] 010000b0 00a12623
-[d] 010000ac 23 - 02 0a 2 - 0000000c -
-[r] 02 0a 010fffc0 01000090
-[e] 010000a8 010fffbc 0
-[f] 010000b4 00c12703
-[d] 010000b0 03 0e 02 - 2 - 0000000c -
-[r] 02 - 010fffc0 -
-[e] 010000ac 010fffac 0
-[m] 010000a8 010fffbc 1 2 01000090
-[w] 010000a4 1 02 010fffa0
-[f] 010000b4 00c12703
-[d] 010000b0 03 0e 02 - 2 - 0000000c -
-[r] 02 - 010fffc0 -
-[e] 010000b0 010fffc0 0
-[m] 010000ac 010fffac 1 2 0000002d
-[f] 010000b8 02d00793
-[d] 010000b4 13 0f 00 - 0 - 0000002d -
-[r] 00 - 010fffa0 -
-[e] 010000b0 010fffac 0
-[f] 010000bc 00f71863
-[d] 010000b8 63 - 0e 0f 1 - 00000010 -
-[r] 0e 0f 00000000 00000000
-[e] 010000b4 0000002d 0
-[f] 010000c0 024000ef
-[d] 010000bc 6f 01 - - - - 00000024 -
+[d] 01000090 6f 01 - - - - 00000018 -
 [r] - - - -
-[e] 010000b8 010000c8 0
-[w] 010000b0 1 0e 0000002d
-[f] 010000c4 00050793
-[d] 010000c0 13 0f 0a - 0 - 00000000 -
-[r] 0a - 00000000 -
-[e] 010000bc 010000e0 0
-[w] 010000b4 1 0f 0000002d
-[f] 010000e4 00100793
-[d] 010000e0 13 0f 00 - 0 - 00000001 -
-[r] 00 - 00000000 -
-[w] 010000bc 1 01 010000c0
-[f] 010000e8 00078513
-[d] 010000e4 13 0a 0f - 0 - 00000000 -
-[r] 0f - 00000000 -
-[e] 010000e0 00000001 0
-[f] 010000ec 00008067
-[d] 010000e8 67 00 01 - - - 00000000 -
-[r] 01 - 0000002d -
-[e] 010000e4 00000001 0
-[f] 010000f0 00000793
-[d] 010000ec 13 0f 00 - 0 - 00000000 -
-[r] 00 - 010000c0 -
-[e] 010000e8 010000c0 0
-[w] 010000e0 1 0f 00000001
-[f] 010000c4 00050793
-[d] 010000c0 13 0f 0a - 0 - 00000000 -
+[e] 0100008c fffffff1 0
+[w] 01000084 1 0f ffffffc9
+[f] 01000098 00078513
+[d] 01000094 13 0f 0a - 0 - 00000000 -
 [r] 0a - 00000000 -
-[f] 010000c8 00c0006f
-[d] 010000c4 6f 00 - - - - 0000000c -
-[r] - - - -
-[e] 010000c0 00000001 0
-[f] 010000cc 024000ef
-[d] 010000c8 6f 01 - - - - 00000024 -
-[r] - - - -
-[e] 010000c4 010000d0 0
-[f] 010000d4 00078513
-[d] 010000d0 13 0a 0f - 0 - 00000000 -
+[e] 01000090 010000a8 0
+[f] 0100009c 03c12083
+[d] 01000098 13 0a 0f - 0 - 00000000 -
 [r] 0f - 00000000 -
-[f] 010000d8 01c12083
-[d] 010000d4 03 01 02 - 2 - 0000001c -
-[r] 02 - 00000001 -
-[e] 010000d0 00000001 0
-[f] 010000dc 02010113
-[d] 010000d8 13 02 02 - 0 - 00000020 -
-[r] 02 - 010fffa0 -
-[e] 010000d4 010fffbc 0
-[f] 010000e0 00008067
-[d] 010000dc 67 00 01 - - - 00000000 -
-[r] 01 - 010fffa0 -
-[e] 010000d8 010fffc0 0
-[w] 010000d0 1 0a 00000001
-[f] 010000e4 00100793
-[d] 010000e0 13 0f 00 - 0 - 00000001 -
-[r] 00 - 010000c0 -
-[e] 010000dc 01000090 0
-[w] 010000d4 1 01 01000090
-[f] 01000094 00050793
-[d] 01000090 13 0f 0a - 0 - 00000000 -
-[r] 0a - 00000000 -
+[e] 01000098 00000000 0
+[w] 01000090 1 01 01000094
+[f] 010000a0 04010113
+[d] 0100009c 03 01 02 - 2 - 0000003c -
+[r] 02 - ffffffc9 -
+[e] 01000098 00000000 0
+[f] 010000a4 00008067
+[d] 010000a0 13 02 02 - 0 - 00000040 -
+[r] 02 - ffffffc0 -
+[e] 0100009c 00000005 0
+[f] 010000a8 fe010113
+[d] 010000a4 67 00 01 - - - 00000000 -
+[r] 01 - ffffffc0 -
+[e] 010000a0 00000000 0
+[w] 01000098 1 0a 00000000
+[f] 010000a8 fe010113
+[d] 010000a4 67 00 01 - - - 00000000 -
+[r] 01 - 01000094 -
+[e] 010000a4 00000000 0
+[w] 0100009c 1 01 fc010113
+[f] 010000a8 fe010113
+[d] 010000a4 67 00 01 - - - 00000000 -
+[r] 01 - 01000094 -
+[e] 010000a4 00000000 0
+[w] 010000a0 1 02 00000000
+[f] 010000ac 00112e23
+[d] 010000a8 13 02 02 - 0 - ffffffe0 -
+[r] 02 - fc010113 -
+[e] 010000a4 01000094 0
 [f] 01000098 00078513
-[d] 01000094 13 0a 0f - 0 - 00000000 -
-[r] 0f - 00000001 -
-[e] 01000090 00000001 0
+[d] 01000094 23 - 02 0a 2 - 0000000c -
+[r] 02 0a 00000000 00000000
 [f] 0100009c 03c12083
-[d] 01000098 03 01 02 - 2 - 0000003c -
-[r] 02 - 00000001 -
-[e] 01000094 00000001 0
+[d] 01000098 13 0a 0f - 0 - 00000000 -
+[r] 0f - 00000000 -
+[e] 01000094 0000000c 0
 [f] 010000a0 04010113
-[d] 0100009c 13 02 02 - 0 - 00000040 -
-[r] 02 - 010fffc0 -
-[e] 01000098 010ffffc 0
-[w] 01000090 1 0f 00000001
+[d] 0100009c 03 01 02 - 2 - 0000003c -
+[r] 02 - ffffffc9 -
+[e] 01000098 00000000 0
+[m] 01000094 0000000c 1 2 00000000
 [f] 010000a4 00008067
-[d] 010000a0 67 00 01 - - - 00000000 -
-[r] 01 - 010fffc0 -
-[e] 0100009c 01100000 0
-[w] 01000094 1 0a 00000001
+[d] 010000a0 13 02 02 - 0 - 00000040 -
+[r] 02 - 00000000 -
+[e] 0100009c 00000005 0
 [f] 010000a8 fe010113
-[d] 010000a4 13 02 02 - 0 - ffffffe0 -
-[r] 02 - 01000090 -
-[e] 010000a0 00000000 0
-[w] 01000098 1 01 00000000
+[d] 010000a4 67 00 01 - - - 00000000 -
+[r] 01 - 00000000 -
+[e] 010000a0 00000040 0
+[w] 01000098 1 0a 00000000
+[f] 010000a8 fe010113
+[d] 010000a4 67 00 01 - - - 00000000 -
+[r] 01 - fc010113 -
+[e] 010000a4 00000000 0
+[w] 0100009c 1 01 02012423
+[f] 010000a8 fe010113
+[d] 010000a4 67 00 01 - - - 00000000 -
+[r] 01 - fc010113 -
+[e] 010000a4 00000000 0
+[w] 010000a0 1 02 00000040
+[f] 010000ac 00112e23
+[d] 010000a8 13 02 02 - 0 - ffffffe0 -
+[r] 02 - 02012423 -
+[e] 010000a4 fc010113 0
+[f] fc010116 00000000
+[d] fc010112 23 - 02 0a 2 - 0000000c -
+[r] 02 0a 00000000 00000000
