--- /tmp/tmp.sOim7CL5c6	2025-11-28 17:09:52.833370984 -0500
+++ /tmp/tmp.BiUMsALoTr	2025-11-28 17:09:52.840371016 -0500
@@ -1,750 +1,62 @@
-[f] 01000004 ff0100b7
-[d] 01000000 37 01 - - - - ff010000 -
-[r] - - - -
 [f] 01000008 f0008093
-[d] 01000004 13 01 01 - 0 - ffffff00 -
-[r] 01 - 00000000 -
-[e] 01000000 ff010000 0
+[d] 01000004 37 01 - - - - ff010000 -
+[r] - - - -
+[e] 01000000 00000000 0
 [f] 0100000c f0f0ff13
-[d] 01000008 13 1e 01 - 7 - ffffff0f -
+[d] 01000008 13 01 01 - 0 - ffffff00 -
 [r] 01 - 00000000 -
-[e] 01000004 ff00ff00 0
+[e] 01000004 ff010000 0
 [f] 01000010 ff010eb7
-[d] 0100000c 37 1d - - - - ff010000 -
-[r] - - - -
-[e] 01000008 ff00ff00 1
-[w] 01000000 1 01 ff010000
+[d] 0100000c 13 1e 01 - 7 - ffffff0f -
+[r] 01 - 00000000 -
+[e] 01000008 ff00ff00 0
 [f] 01000014 f00e8e93
-[d] 01000010 13 1d 1d - 0 - ffffff00 -
-[r] 1d - 00000000 -
-[e] 0100000c ff010000 0
-[w] 01000004 1 01 ff00ff00
+[d] 01000010 37 1d - - - - ff010000 -
+[r] - - - -
+[e] 0100000c ff00ff00 0
+[w] 01000004 1 01 ff010000
 [f] 01000018 00200193
-[d] 01000014 13 03 00 - 0 - 00000002 -
-[r] 00 - 00000000 -
-[e] 01000010 ff00ff00 0
-[w] 01000008 1 1e ff00ff00
+[d] 01000014 13 1d 1d - 0 - ffffff00 -
+[r] 1d - 00000000 -
+[e] 01000010 ff010000 0
+[w] 01000008 1 01 ff00ff00
 [f] 0100001c 1bdf1463
-[d] 01000018 63 - 1e 1d 1 - 000001a8 -
+[d] 01000018 13 03 00 - 0 - 00000002 -
+[r] 00 - 00000000 -
+[e] 01000014 ff00ff00 0
+[w] 0100000c 1 1e ff00ff00
+[f] 01000020 0ff010b7
+[d] 0100001c 63 - 1e 1d 1 - 000001a8 -
 [r] 1e 1d 00000000 00000000
-[e] 01000014 00000002 0
-[w] 0100000c 1 1d ff010000
+[e] 01000018 00000002 0
+[w] 01000010 1 1d ff010000
 [f] 01000020 0ff010b7
-[d] 0100001c 37 01 - - - - 0ff01000 -
-[r] - - - -
-[e] 01000018 010001c0 0
-[w] 01000010 1 1d ff00ff00
+[d] 0100001c 63 - 1e 1d 1 - 000001a8 -
+[r] 1e 1d ff00ff00 00000000
+[e] 0100001c 00000000 0
+[w] 01000014 1 1d ff00ff00
+[f] 01000020 0ff010b7
+[d] 0100001c 63 - 1e 1d 1 - 000001a8 -
+[r] 1e 1d ff00ff00 ff010000
+[e] 0100001c 00000000 0
+[w] 01000018 1 03 00000002
 [f] 01000024 ff008093
-[d] 01000020 13 01 01 - 0 - fffffff0 -
-[r] 01 - 00000000 -
-[e] 0100001c 0ff01000 0
-[w] 01000014 1 03 00000002
-[f] 01000028 0f00ff13
-[d] 01000024 13 1e 01 - 7 - 000000f0 -
-[r] 01 - ff00ff00 -
-[e] 01000020 0ff00ff0 0
-[f] 0100002c 0f000e93
-[d] 01000028 13 1d 00 - 0 - 000000f0 -
-[r] 00 - ff00ff00 -
-[e] 01000024 000000f0 1
-[w] 0100001c 1 01 0ff01000
-[f] 01000030 00300193
-[d] 0100002c 13 03 00 - 0 - 00000003 -
-[r] 00 - 00000000 -
-[e] 01000028 000000f0 0
-[w] 01000020 1 01 0ff00ff0
-[f] 01000034 19df1863
-[d] 01000030 63 - 1e 1d 1 - 00000190 -
-[r] 1e 1d 00000000 00000000
-[e] 0100002c 00000003 0
-[w] 01000024 1 1e 000000f0
-[f] 01000034 19df1863
-[d] 01000030 63 - 1e 1d 1 - 00000190 -
-[r] 1e 1d ff00ff00 ff00ff00
-[e] 01000030 ff00ff00 0
-[w] 01000028 1 1d 000000f0
-[f] 01000034 19df1863
-[d] 01000030 63 - 1e 1d 1 - 00000190 -
-[r] 1e 1d 000000f0 ff00ff00
-[e] 01000030 000000f0 0
-[w] 0100002c 1 03 00000003
-[f] 01000038 00ff00b7
-[d] 01000034 37 01 - - - - 00ff0000 -
-[r] - - - -
-[e] 01000030 010001c0 0
-[f] 0100003c 0ff08093
-[d] 01000038 13 01 01 - 0 - 000000ff -
-[r] 01 - 00000000 -
-[e] 01000034 00ff0000 0
-[f] 01000040 70f0ff13
-[d] 0100003c 13 1e 01 - 7 - 0000070f -
-[r] 01 - 0ff00ff0 -
-[e] 01000038 00ff00ff 0
-[f] 01000044 00f00e93
-[d] 01000040 13 1d 00 - 0 - 0000000f -
-[r] 00 - 0ff00ff0 -
-[e] 0100003c 0000000f 1
-[w] 01000034 1 01 00ff0000
-[f] 01000048 00400193
-[d] 01000044 13 03 00 - 0 - 00000004 -
-[r] 00 - 00000000 -
-[e] 01000040 0000000f 0
-[w] 01000038 1 01 00ff00ff
-[f] 0100004c 17df1c63
-[d] 01000048 63 - 1e 1d 1 - 00000178 -
-[r] 1e 1d 00000000 00000000
-[e] 01000044 00000004 0
-[w] 0100003c 1 1e 0000000f
-[f] 0100004c 17df1c63
-[d] 01000048 63 - 1e 1d 1 - 00000178 -
-[r] 1e 1d 000000f0 000000f0
-[e] 01000048 000000f0 0
-[w] 01000040 1 1d 0000000f
-[f] 0100004c 17df1c63
-[d] 01000048 63 - 1e 1d 1 - 00000178 -
-[r] 1e 1d 0000000f 000000f0
-[e] 01000048 0000000f 0
-[w] 01000044 1 03 00000004
-[f] 01000050 f00ff0b7
-[d] 0100004c 37 01 - - - - f00ff000 -
-[r] - - - -
-[e] 01000048 010001c0 0
-[f] 01000054 00f08093
-[d] 01000050 13 01 01 - 0 - 0000000f -
-[r] 01 - 00000000 -
-[e] 0100004c f00ff000 1
-[f] 01000058 0f00ff13
-[d] 01000054 13 1e 01 - 7 - 000000f0 -
-[r] 01 - 00ff00ff -
-[e] 01000050 f00ff00f 0
-[f] 0100005c 00000e93
-[d] 01000058 13 1d 00 - 0 - 00000000 -
-[r] 00 - 00ff00ff -
-[e] 01000054 00000000 1
-[w] 0100004c 1 01 f00ff000
-[f] 01000060 00500193
-[d] 0100005c 13 03 00 - 0 - 00000005 -
-[r] 00 - 00000000 -
-[e] 01000058 00000000 0
-[w] 01000050 1 01 f00ff00f
-[f] 01000064 17df1063
-[d] 01000060 63 - 1e 1d 1 - 00000160 -
-[r] 1e 1d 00000000 00000000
-[e] 0100005c 00000005 0
-[w] 01000054 1 1e 00000000
-[f] 01000064 17df1063
-[d] 01000060 63 - 1e 1d 1 - 00000160 -
-[r] 1e 1d 0000000f 0000000f
-[e] 01000060 0000000f 0
-[w] 01000058 1 1d 00000000
-[f] 01000064 17df1063
-[d] 01000060 63 - 1e 1d 1 - 00000160 -
-[r] 1e 1d 00000000 0000000f
-[e] 01000060 00000000 0
-[w] 0100005c 1 03 00000005
-[f] 01000068 ff0100b7
-[d] 01000064 37 01 - - - - ff010000 -
-[r] - - - -
-[e] 01000060 010001c0 0
-[f] 0100006c f0008093
-[d] 01000068 13 01 01 - 0 - ffffff00 -
-[r] 01 - 00000000 -
-[e] 01000064 ff010000 0
-[f] 01000070 0f00f093
-[d] 0100006c 13 01 01 - 7 - 000000f0 -
-[r] 01 - f00ff00f -
-[e] 01000068 ff00ff00 0
-[f] 01000074 00000e93
-[d] 01000070 13 1d 00 - 0 - 00000000 -
-[r] 00 - f00ff00f -
-[e] 0100006c 00000000 1
-[w] 01000064 1 01 ff010000
-[f] 01000078 00600193
-[d] 01000074 13 03 00 - 0 - 00000006 -
-[r] 00 - 00000000 -
-[e] 01000070 00000000 0
-[w] 01000068 1 01 ff00ff00
-[f] 0100007c 15d09463
-[d] 01000078 63 - 01 1d 1 - 00000148 -
-[r] 01 1d 00000000 00000000
-[e] 01000074 00000006 0
-[w] 0100006c 1 01 00000000
-[f] 0100007c 15d09463
-[d] 01000078 63 - 01 1d 1 - 00000148 -
-[r] 01 1d ff00ff00 00000000
-[e] 01000078 ff00ff00 0
-[w] 01000070 1 1d 00000000
-[f] 0100007c 15d09463
-[d] 01000078 63 - 01 1d 1 - 00000148 -
-[r] 01 1d 00000000 00000000
-[e] 01000078 00000000 0
-[w] 01000074 1 03 00000006
-[f] 01000080 00000213
-[d] 0100007c 13 04 00 - 0 - 00000000 -
-[r] 00 - 00000000 -
-[e] 01000078 010001c0 0
-[f] 01000084 0ff010b7
-[d] 01000080 37 01 - - - - 0ff01000 -
-[r] - - - -
-[e] 0100007c 00000000 0
-[f] 01000088 ff008093
-[d] 01000084 13 01 01 - 0 - fffffff0 -
-[r] 01 - 00000000 -
-[e] 01000080 0ff01000 0
-[f] 0100008c 70f0ff13
-[d] 01000088 13 1e 01 - 7 - 0000070f -
-[r] 01 - 00000000 -
-[e] 01000084 0ff00ff0 0
-[w] 0100007c 1 04 00000000
-[f] 01000090 000f0313
-[d] 0100008c 13 06 1e - 0 - 00000000 -
-[r] 1e - 00000000 -
-[e] 01000088 00000700 1
-[w] 01000080 1 01 0ff01000
-[f] 01000094 00120213
-[d] 01000090 13 04 04 - 0 - 00000001 -
-[r] 04 - 00000000 -
-[e] 0100008c 00000700 0
-[w] 01000084 1 01 0ff00ff0
-[f] 01000098 00200293
-[d] 01000094 13 05 00 - 0 - 00000002 -
-[r] 00 - 00000000 -
-[e] 01000090 00000001 0
-[w] 01000088 1 1e 00000700
-[f] 0100009c fe5214e3
-[d] 01000098 63 - 04 05 1 - ffffffe8 -
-[r] 04 05 00000000 00000000
-[e] 01000094 00000002 0
-[w] 0100008c 1 06 00000700
-[f] 010000a0 70000e93
-[d] 0100009c 13 1d 00 - 0 - 00000700 -
-[r] 00 - 00000000 -
-[e] 01000098 01000080 1
-[w] 01000090 1 04 00000001
-[f] 01000084 0ff010b7
-[d] 01000080 37 01 - - - - 0ff01000 -
-[r] - - - -
-[f] 01000088 ff008093
-[d] 01000084 13 01 01 - 0 - fffffff0 -
-[r] 01 - 00000000 -
-[e] 01000080 0ff01000 0
-[f] 0100008c 70f0ff13
-[d] 01000088 13 1e 01 - 7 - 0000070f -
-[r] 01 - 0ff00ff0 -
-[e] 01000084 0ff00ff0 0
-[f] 01000090 000f0313
-[d] 0100008c 13 06 1e - 0 - 00000000 -
-[r] 1e - 0ff00ff0 -
-[e] 01000088 00000700 1
-[w] 01000080 1 01 0ff01000
-[f] 01000094 00120213
-[d] 01000090 13 04 04 - 0 - 00000001 -
-[r] 04 - 00000700 -
-[e] 0100008c 00000700 0
-[w] 01000084 1 01 0ff00ff0
-[f] 01000098 00200293
-[d] 01000094 13 05 00 - 0 - 00000002 -
-[r] 00 - 00000001 -
-[e] 01000090 00000002 0
-[w] 01000088 1 1e 00000700
-[f] 0100009c fe5214e3
-[d] 01000098 63 - 04 05 1 - ffffffe8 -
-[r] 04 05 00000000 00000000
-[e] 01000094 00000002 0
-[w] 0100008c 1 06 00000700
-[f] 010000a0 70000e93
-[d] 0100009c 13 1d 00 - 0 - 00000700 -
-[r] 00 - 00000001 -
-[e] 01000098 01000080 0
-[w] 01000090 1 04 00000002
-[f] 010000a4 00700193
-[d] 010000a0 13 03 00 - 0 - 00000007 -
-[r] 00 - 00000000 -
-[e] 0100009c 00000700 0
-[w] 01000094 1 05 00000002
-[f] 010000a8 11d31e63
-[d] 010000a4 63 - 06 1d 1 - 0000011c -
-[r] 06 1d 00000000 00000000
-[e] 010000a0 00000007 0
-[f] 010000ac 00000213
-[d] 010000a8 13 04 00 - 0 - 00000000 -
-[r] 00 - 00000700 -
-[e] 010000a4 010001c0 0
-[w] 0100009c 1 1d 00000700
-[f] 010000b0 00ff00b7
-[d] 010000ac 37 01 - - - - 00ff0000 -
-[r] - - - -
-[e] 010000a8 00000000 0
-[w] 010000a0 1 03 00000007
-[f] 010000b4 0ff08093
-[d] 010000b0 13 01 01 - 0 - 000000ff -
-[r] 01 - 00000000 -
-[e] 010000ac 00ff0000 0
-[f] 010000b8 0f00ff13
-[d] 010000b4 13 1e 01 - 7 - 000000f0 -
-[r] 01 - 0ff00ff0 -
-[e] 010000b0 00ff00ff 0
-[w] 010000a8 1 04 00000000
-[f] 010000c0 000f0313
-[d] 010000bc 13 06 1e - 0 - 00000000 -
-[r] 1e - 00000000 -
-[w] 010000b0 1 01 00ff00ff
-[f] 010000c4 00120213
-[d] 010000c0 13 04 04 - 0 - 00000001 -
-[r] 04 - 00000700 -
-[e] 010000bc 000000f0 0
-[w] 010000b4 1 1e 000000f0
-[f] 010000c8 00200293
-[d] 010000c4 13 05 00 - 0 - 00000002 -
-[r] 00 - 00000000 -
-[e] 010000c0 00000001 0
-[f] 010000cc fe5212e3
-[d] 010000c8 63 - 04 05 1 - ffffffe4 -
-[r] 04 05 00000000 00000000
-[e] 010000c4 00000002 0
-[w] 010000bc 1 06 000000f0
-[f] 010000d0 0f000e93
-[d] 010000cc 13 1d 00 - 0 - 000000f0 -
-[r] 00 - 00000000 -
-[e] 010000c8 010000ac 1
-[w] 010000c0 1 04 00000001
-[f] 010000b0 00ff00b7
-[d] 010000ac 37 01 - - - - 00ff0000 -
-[r] - - - -
-[f] 010000b4 0ff08093
-[d] 010000b0 13 01 01 - 0 - 000000ff -
-[r] 01 - 00000000 -
-[e] 010000ac 00ff0000 0
-[f] 010000b8 0f00ff13
-[d] 010000b4 13 1e 01 - 7 - 000000f0 -
-[r] 01 - 00ff00ff -
-[e] 010000b0 00ff00ff 0
-[f] 010000c0 000f0313
-[d] 010000bc 13 06 1e - 0 - 00000000 -
-[r] 1e - 00000000 -
-[w] 010000b0 1 01 00ff00ff
-[f] 010000c4 00120213
-[d] 010000c0 13 04 04 - 0 - 00000001 -
-[r] 04 - 000000f0 -
-[e] 010000bc 000000f0 0
-[w] 010000b4 1 1e 000000f0
-[f] 010000c8 00200293
-[d] 010000c4 13 05 00 - 0 - 00000002 -
-[r] 00 - 00000001 -
-[e] 010000c0 00000002 0
-[f] 010000cc fe5212e3
-[d] 010000c8 63 - 04 05 1 - ffffffe4 -
-[r] 04 05 00000000 00000000
-[e] 010000c4 00000002 0
-[w] 010000bc 1 06 000000f0
-[f] 010000d0 0f000e93
-[d] 010000cc 13 1d 00 - 0 - 000000f0 -
-[r] 00 - 00000001 -
-[e] 010000c8 010000ac 0
-[w] 010000c0 1 04 00000002
-[f] 010000d4 00800193
-[d] 010000d0 13 03 00 - 0 - 00000008 -
-[r] 00 - 00000000 -
-[e] 010000cc 000000f0 0
-[w] 010000c4 1 05 00000002
-[f] 010000d8 0fd31663
-[d] 010000d4 63 - 06 1d 1 - 000000ec -
-[r] 06 1d 00000000 00000000
-[e] 010000d0 00000008 0
-[f] 010000dc 00000213
-[d] 010000d8 13 04 00 - 0 - 00000000 -
-[r] 00 - 000000f0 -
-[e] 010000d4 010001c0 0
-[w] 010000cc 1 1d 000000f0
-[f] 010000e0 f00ff0b7
-[d] 010000dc 37 01 - - - - f00ff000 -
+[d] 01000020 37 01 - - - - 0ff01000 -
 [r] - - - -
-[e] 010000d8 00000000 0
-[w] 010000d0 1 03 00000008
-[f] 010000e4 00f08093
-[d] 010000e0 13 01 01 - 0 - 0000000f -
-[r] 01 - 00000000 -
-[e] 010000dc f00ff000 1
-[f] 010000e8 f0f0ff13
-[d] 010000e4 13 1e 01 - 7 - ffffff0f -
-[r] 01 - 00ff00ff -
-[e] 010000e0 f00ff00f 0
-[w] 010000d8 1 04 00000000
-[f] 010000f4 000f0313
-[d] 010000f0 13 06 1e - 0 - 00000000 -
-[r] 1e - 00000000 -
-[w] 010000e4 1 1e f00ff00f
-[f] 010000f4 000f0313
-[d] 010000f0 13 06 1e - 0 - 00000000 -
-[r] 1e - 000000f0 -
-[e] 010000f0 000000f0 0
-[f] 010000f8 00120213
-[d] 010000f4 13 04 04 - 0 - 00000001 -
-[r] 04 - f00ff00f -
-[e] 010000f0 f00ff00f 0
-[f] 010000fc 00200293
-[d] 010000f8 13 05 00 - 0 - 00000002 -
-[r] 00 - 00000000 -
-[e] 010000f4 00000001 0
-[f] 01000100 fe5210e3
-[d] 010000fc 63 - 04 05 1 - ffffffe0 -
-[r] 04 05 00000000 00000000
-[e] 010000f8 00000002 0
-[w] 010000f0 1 06 f00ff00f
-[f] 01000104 f00ffeb7
-[d] 01000100 37 1d - - - - f00ff000 -
-[r] - - - -
-[e] 010000fc 010000dc 1
-[w] 010000f4 1 04 00000001
-[f] 010000e0 f00ff0b7
-[d] 010000dc 37 01 - - - - f00ff000 -
-[r] - - - -
-[f] 010000e4 00f08093
-[d] 010000e0 13 01 01 - 0 - 0000000f -
-[r] 01 - 00000000 -
-[e] 010000dc f00ff000 1
-[f] 010000e8 f0f0ff13
-[d] 010000e4 13 1e 01 - 7 - ffffff0f -
-[r] 01 - f00ff00f -
-[e] 010000e0 f00ff00f 0
-[f] 010000f4 000f0313
-[d] 010000f0 13 06 1e - 0 - 00000000 -
-[r] 1e - 00000000 -
-[w] 010000e4 1 1e f00ff00f
-[f] 010000f4 000f0313
-[d] 010000f0 13 06 1e - 0 - 00000000 -
-[r] 1e - f00ff00f -
-[e] 010000f0 f00ff00f 0
-[f] 010000f8 00120213
-[d] 010000f4 13 04 04 - 0 - 00000001 -
-[r] 04 - f00ff00f -
-[e] 010000f0 f00ff00f 0
-[f] 010000fc 00200293
-[d] 010000f8 13 05 00 - 0 - 00000002 -
-[r] 00 - 00000001 -
-[e] 010000f4 00000002 0
-[f] 01000100 fe5210e3
-[d] 010000fc 63 - 04 05 1 - ffffffe0 -
-[r] 04 05 00000000 00000000
-[e] 010000f8 00000002 0
-[w] 010000f0 1 06 f00ff00f
-[f] 01000104 f00ffeb7
-[d] 01000100 37 1d - - - - f00ff000 -
-[r] - - - -
-[e] 010000fc 010000dc 0
-[w] 010000f4 1 04 00000002
-[f] 01000108 00fe8e93
-[d] 01000104 13 1d 1d - 0 - 0000000f -
-[r] 1d - 00000000 -
-[e] 01000100 f00ff000 1
-[w] 010000f8 1 05 00000002
-[f] 0100010c 00900193
-[d] 01000108 13 03 00 - 0 - 00000009 -
-[r] 00 - 000000f0 -
-[e] 01000104 f00ff00f 0
-[f] 01000110 0bd31a63
-[d] 0100010c 63 - 06 1d 1 - 000000b4 -
-[r] 06 1d 00000000 00000000
-[e] 01000108 00000009 0
-[w] 01000100 1 1d f00ff000
-[f] 01000114 00000213
-[d] 01000110 13 04 00 - 0 - 00000000 -
-[r] 00 - f00ff00f -
-[e] 0100010c 010001c0 0
-[w] 01000104 1 1d f00ff00f
-[f] 01000118 0ff010b7
-[d] 01000114 37 01 - - - - 0ff01000 -
-[r] - - - -
-[e] 01000110 00000000 0
-[w] 01000108 1 03 00000009
-[f] 0100011c ff008093
-[d] 01000118 13 01 01 - 0 - fffffff0 -
-[r] 01 - 00000000 -
-[e] 01000114 0ff01000 0
-[f] 01000120 70f0ff13
-[d] 0100011c 13 1e 01 - 7 - 0000070f -
-[r] 01 - f00ff00f -
-[e] 01000118 0ff00ff0 0
-[w] 01000110 1 04 00000000
-[f] 01000124 00120213
-[d] 01000120 13 04 04 - 0 - 00000001 -
-[r] 04 - f00ff00f -
-[e] 0100011c 00000700 1
-[w] 01000114 1 01 0ff01000
-[f] 01000128 00200293
-[d] 01000124 13 05 00 - 0 - 00000002 -
-[r] 00 - 00000000 -
-[e] 01000120 00000001 0
-[w] 01000118 1 01 0ff00ff0
-[f] 0100012c fe5216e3
-[d] 01000128 63 - 04 05 1 - ffffffec -
-[r] 04 05 00000000 00000000
-[e] 01000124 00000002 0
-[w] 0100011c 1 1e 00000700
-[f] 01000130 70000e93
-[d] 0100012c 13 1d 00 - 0 - 00000700 -
-[r] 00 - 00000000 -
-[e] 01000128 01000114 1
-[w] 01000120 1 04 00000001
-[f] 01000118 0ff010b7
-[d] 01000114 37 01 - - - - 0ff01000 -
-[r] - - - -
-[f] 0100011c ff008093
-[d] 01000118 13 01 01 - 0 - fffffff0 -
-[r] 01 - 00000000 -
-[e] 01000114 0ff01000 0
-[f] 01000120 70f0ff13
-[d] 0100011c 13 1e 01 - 7 - 0000070f -
-[r] 01 - 0ff00ff0 -
-[e] 01000118 0ff00ff0 0
-[f] 01000124 00120213
-[d] 01000120 13 04 04 - 0 - 00000001 -
-[r] 04 - 0ff00ff0 -
-[e] 0100011c 00000700 1
-[w] 01000114 1 01 0ff01000
-[f] 01000128 00200293
-[d] 01000124 13 05 00 - 0 - 00000002 -
-[r] 00 - 00000001 -
-[e] 01000120 00000002 0
-[w] 01000118 1 01 0ff00ff0
-[f] 0100012c fe5216e3
-[d] 01000128 63 - 04 05 1 - ffffffec -
-[r] 04 05 00000000 00000000
-[e] 01000124 00000002 0
-[w] 0100011c 1 1e 00000700
-[f] 01000130 70000e93
-[d] 0100012c 13 1d 00 - 0 - 00000700 -
-[r] 00 - 00000001 -
-[e] 01000128 01000114 0
-[w] 01000120 1 04 00000002
-[f] 01000134 00a00193
-[d] 01000130 13 03 00 - 0 - 0000000a -
-[r] 00 - 00000000 -
-[e] 0100012c 00000700 0
-[w] 01000124 1 05 00000002
-[f] 01000138 09df1663
-[d] 01000134 63 - 1e 1d 1 - 0000008c -
-[r] 1e 1d 00000000 00000000
-[e] 01000130 0000000a 0
-[f] 0100013c 00000213
-[d] 01000138 13 04 00 - 0 - 00000000 -
-[r] 00 - 00000700 -
-[e] 01000134 010001c0 0
-[w] 0100012c 1 1d 00000700
-[f] 01000140 00ff00b7
-[d] 0100013c 37 01 - - - - 00ff0000 -
-[r] - - - -
-[e] 01000138 00000000 0
-[w] 01000130 1 03 0000000a
-[f] 01000144 0ff08093
-[d] 01000140 13 01 01 - 0 - 000000ff -
-[r] 01 - 00000000 -
-[e] 0100013c 00ff0000 0
-[f] 0100014c 0f00ff13
-[d] 01000148 13 1e 01 - 7 - 000000f0 -
-[r] 01 - 00000000 -
-[w] 0100013c 1 01 00ff0000
-[f] 01000150 00120213
-[d] 0100014c 13 04 04 - 0 - 00000001 -
-[r] 04 - 0ff00ff0 -
-[e] 01000148 000000f0 1
-[w] 01000140 1 01 00ff00ff
-[f] 01000154 00200293
-[d] 01000150 13 05 00 - 0 - 00000002 -
-[r] 00 - 00000000 -
-[e] 0100014c 00000001 0
-[f] 01000158 fe5214e3
-[d] 01000154 63 - 04 05 1 - ffffffe8 -
-[r] 04 05 00000000 00000000
-[e] 01000150 00000002 0
-[w] 01000148 1 1e 000000f0
-[f] 0100015c 0f000e93
-[d] 01000158 13 1d 00 - 0 - 000000f0 -
-[r] 00 - 00000000 -
-[e] 01000154 0100013c 1
-[w] 0100014c 1 04 00000001
-[f] 01000140 00ff00b7
-[d] 0100013c 37 01 - - - - 00ff0000 -
-[r] - - - -
-[f] 01000144 0ff08093
-[d] 01000140 13 01 01 - 0 - 000000ff -
-[r] 01 - 00000000 -
-[e] 0100013c 00ff0000 0
-[f] 0100014c 0f00ff13
-[d] 01000148 13 1e 01 - 7 - 000000f0 -
-[r] 01 - 00000000 -
-[w] 0100013c 1 01 00ff0000
-[f] 01000150 00120213
-[d] 0100014c 13 04 04 - 0 - 00000001 -
-[r] 04 - 00ff00ff -
-[e] 01000148 000000f0 1
-[w] 01000140 1 01 00ff00ff
-[f] 01000154 00200293
-[d] 01000150 13 05 00 - 0 - 00000002 -
-[r] 00 - 00000001 -
-[e] 0100014c 00000002 0
-[f] 01000158 fe5214e3
-[d] 01000154 63 - 04 05 1 - ffffffe8 -
-[r] 04 05 00000000 00000000
-[e] 01000150 00000002 0
-[w] 01000148 1 1e 000000f0
-[f] 0100015c 0f000e93
-[d] 01000158 13 1d 00 - 0 - 000000f0 -
-[r] 00 - 00000001 -
-[e] 01000154 0100013c 0
-[w] 0100014c 1 04 00000002
-[f] 01000160 00b00193
-[d] 0100015c 13 03 00 - 0 - 0000000b -
-[r] 00 - 00000000 -
-[e] 01000158 000000f0 0
-[w] 01000150 1 05 00000002
-[f] 01000164 07df1063
-[d] 01000160 63 - 1e 1d 1 - 00000060 -
-[r] 1e 1d 00000000 00000000
-[e] 0100015c 0000000b 0
-[f] 01000168 00000213
-[d] 01000164 13 04 00 - 0 - 00000000 -
-[r] 00 - 000000f0 -
-[e] 01000160 010001c0 0
-[w] 01000158 1 1d 000000f0
-[f] 0100016c f00ff0b7
-[d] 01000168 37 01 - - - - f00ff000 -
-[r] - - - -
-[e] 01000164 00000000 0
-[w] 0100015c 1 03 0000000b
-[f] 01000170 00f08093
-[d] 0100016c 13 01 01 - 0 - 0000000f -
-[r] 01 - 00000000 -
-[e] 01000168 f00ff000 1
-[f] 0100017c 70f0ff13
-[d] 01000178 13 1e 01 - 7 - 0000070f -
-[r] 01 - 00000000 -
-[w] 0100016c 1 01 f00ff00f
-[f] 0100017c 70f0ff13
-[d] 01000178 13 1e 01 - 7 - 0000070f -
-[r] 01 - f00ff000 -
-[e] 01000178 f00ff000 0
-[f] 01000180 00120213
-[d] 0100017c 13 04 04 - 0 - 00000001 -
-[r] 04 - f00ff00f -
-[e] 01000178 0000000f 1
-[f] 01000184 00200293
-[d] 01000180 13 05 00 - 0 - 00000002 -
-[r] 00 - 00000000 -
-[e] 0100017c 00000001 0
-[f] 01000188 fe5212e3
-[d] 01000184 63 - 04 05 1 - ffffffe4 -
-[r] 04 05 00000000 00000000
-[e] 01000180 00000002 0
-[w] 01000178 1 1e 0000000f
-[f] 0100018c 00f00e93
-[d] 01000188 13 1d 00 - 0 - 0000000f -
-[r] 00 - 00000000 -
-[e] 01000184 01000168 1
-[w] 0100017c 1 04 00000001
-[f] 0100016c f00ff0b7
-[d] 01000168 37 01 - - - - f00ff000 -
-[r] - - - -
-[f] 01000170 00f08093
-[d] 0100016c 13 01 01 - 0 - 0000000f -
-[r] 01 - 00000000 -
-[e] 01000168 f00ff000 1
-[f] 0100017c 70f0ff13
-[d] 01000178 13 1e 01 - 7 - 0000070f -
-[r] 01 - 00000000 -
-[w] 0100016c 1 01 f00ff00f
-[f] 0100017c 70f0ff13
-[d] 01000178 13 1e 01 - 7 - 0000070f -
-[r] 01 - f00ff000 -
-[e] 01000178 f00ff000 0
-[f] 01000180 00120213
-[d] 0100017c 13 04 04 - 0 - 00000001 -
-[r] 04 - f00ff00f -
-[e] 01000178 0000000f 1
-[f] 01000184 00200293
-[d] 01000180 13 05 00 - 0 - 00000002 -
-[r] 00 - 00000001 -
-[e] 0100017c 00000002 0
-[f] 01000188 fe5212e3
-[d] 01000184 63 - 04 05 1 - ffffffe4 -
-[r] 04 05 00000000 00000000
-[e] 01000180 00000002 0
-[w] 01000178 1 1e 0000000f
-[f] 0100018c 00f00e93
-[d] 01000188 13 1d 00 - 0 - 0000000f -
-[r] 00 - 00000001 -
-[e] 01000184 01000168 0
-[w] 0100017c 1 04 00000002
-[f] 01000190 00c00193
-[d] 0100018c 13 03 00 - 0 - 0000000c -
-[r] 00 - 00000000 -
-[e] 01000188 0000000f 0
-[w] 01000180 1 05 00000002
-[f] 01000194 03df1863
-[d] 01000190 63 - 1e 1d 1 - 00000030 -
-[r] 1e 1d 00000000 00000000
-[e] 0100018c 0000000c 0
-[f] 01000198 0f007093
-[d] 01000194 13 01 00 - 7 - 000000f0 -
-[r] 00 - 0000000f -
-[e] 01000190 010001c0 0
-[w] 01000188 1 1d 0000000f
-[f] 0100019c 00000e93
-[d] 01000198 13 1d 00 - 0 - 00000000 -
-[r] 00 - 00000000 -
-[e] 01000194 00000000 1
-[w] 0100018c 1 03 0000000c
-[f] 010001a0 00d00193
-[d] 0100019c 13 03 00 - 0 - 0000000d -
-[r] 00 - 00000000 -
-[e] 01000198 00000000 0
-[f] 010001a4 03d09063
-[d] 010001a0 63 - 01 1d 1 - 00000020 -
-[r] 01 1d 00000000 00000000
-[e] 0100019c 0000000d 0
-[w] 01000194 1 01 00000000
-[f] 010001a4 03d09063
-[d] 010001a0 63 - 01 1d 1 - 00000020 -
-[r] 01 1d f00ff00f 0000000f
-[e] 010001a0 f00ff00f 0
-[w] 01000198 1 1d 00000000
-[f] 010001a4 03d09063
-[d] 010001a0 63 - 01 1d 1 - 00000020 -
-[r] 01 1d 00000000 0000000f
-[e] 010001a0 00000000 0
-[w] 0100019c 1 03 0000000d
-[f] 010001a8 00ff00b7
-[d] 010001a4 37 01 - - - - 00ff0000 -
-[r] - - - -
-[e] 010001a0 010001c0 0
-[f] 010001ac 0ff08093
-[d] 010001a8 13 01 01 - 0 - 000000ff -
-[r] 01 - 00000000 -
-[e] 010001a4 00ff0000 0
-[f] 010001b0 70f0f013
-[d] 010001ac 13 00 01 - 7 - 0000070f -
-[r] 01 - 00000000 -
-[e] 010001a8 00ff00ff 0
-[f] 010001b4 00000e93
-[d] 010001b0 13 1d 00 - 0 - 00000000 -
-[r] 00 - 00000000 -
-[e] 010001ac 0000000f 1
-[w] 010001a4 1 01 00ff0000
-[f] 010001b8 00e00193
-[d] 010001b4 13 03 00 - 0 - 0000000e -
-[r] 00 - 00000000 -
-[e] 010001b0 00000000 0
-[w] 010001a8 1 01 00ff00ff
-[f] 010001bc 01d01463
-[d] 010001b8 63 - 00 1d 1 - 00000008 -
-[r] 00 1d 00000000 00000000
-[e] 010001b4 0000000e 0
-[f] 010001c0 00301c63
-[d] 010001bc 63 - 00 03 1 - 00000018 -
-[r] 00 03 00000000 00000000
-[e] 010001b8 010001c0 0
-[w] 010001b0 1 1d 00000000
-[f] 010001dc 00100193
-[d] 010001d8 13 03 00 - 0 - 00000001 -
-[r] 00 - 00000000 -
-[e] 010001d4 00000000 0
+[e] 0100001c 010001c4 1
+[f] 010001c8 00018063
+[d] 010001c4 13 1e 01 - 7 - 000000f0 -
+[r] 01 - 00000000 -
+[f] 010001cc 00119193
+[d] 010001c8 63 - 03 00 0 - 00000000 -
+[r] 03 00 ff00ff00 00000000
+[e] 010001c4 00000000 0
+[f] 010001d0 0011e193
+[d] 010001cc 13 03 03 - 1 - 00000000 -
+[r] 03 - 00000002 -
+[e] 010001c8 010001c8 0
+[f] 010001d4 00000073
+[d] 010001d0 13 03 03 - 6 - 00000001 -
+[r] 03 - 00000002 -
+[e] 010001cc 00000002 0
+[w] 010001c4 1 1e 00000000
