--- /tmp/tmp.i4lItbKBbH	2025-11-28 17:09:54.062376546 -0500
+++ /tmp/tmp.5IQuVmbmSq	2025-11-28 17:09:54.072376591 -0500
@@ -1,76 +1,31 @@
-[f] 01000004 00200193
-[d] 01000000 13 03 00 - 0 - 00000002 -
-[r] 00 - 00000000 -
 [f] 01000008 00000093
-[d] 01000004 13 01 00 - 0 - 00000000 -
+[d] 01000004 13 03 00 - 0 - 00000002 -
 [r] 00 - 00000000 -
-[e] 01000000 00000002 0
+[e] 01000000 00000000 0
 [f] 0100000c 0100026f
-[d] 01000008 6f 04 - - - - 00000010 -
-[r] - - - -
-[e] 01000004 00000000 0
-[f] 0100001c 00000117
-[d] 01000018 17 02 - - - - 00000000 -
+[d] 01000008 13 01 00 - 0 - 00000000 -
+[r] 00 - 00000000 -
+[e] 01000004 00000002 0
+[f] 01000010 00000013
+[d] 0100000c 6f 04 - - - - 00000010 -
 [r] - - - -
-[w] 01000008 1 04 0100000c
+[e] 01000008 00000000 0
 [f] 01000020 ff410113
-[d] 0100001c 13 02 02 - 0 - fffffff4 -
-[r] 02 - 00000000 -
-[e] 01000018 01000018 0
-[f] 01000024 02411a63
-[d] 01000020 63 - 02 04 1 - 00000034 -
-[r] 02 04 01100000 00000000
-[e] 0100001c 0100000c 0
-[f] 01000028 00100093
-[d] 01000024 13 01 00 - 0 - 00000001 -
-[r] 00 - 01100000 -
-[e] 01000020 01000054 0
-[w] 01000018 1 02 01000018
-[f] 0100002c 0140006f
-[d] 01000028 6f 00 - - - - 00000014 -
+[d] 0100001c 6f 00 - - - - 00000040 -
 [r] - - - -
-[e] 01000024 00000001 0
-[w] 0100001c 1 02 0100000c
-[f] 01000030 00108093
-[d] 0100002c 13 01 01 - 0 - 00000001 -
-[r] 01 - 00000000 -
-[e] 01000028 0100003c 0
-[f] 01000040 00108093
-[d] 0100003c 13 01 01 - 0 - 00000001 -
-[r] 01 - 00000000 -
-[f] 01000044 00108093
-[d] 01000040 13 01 01 - 0 - 00000001 -
-[r] 01 - 00000001 -
-[e] 0100003c 00000002 0
-[f] 01000048 00300e93
-[d] 01000044 13 1d 00 - 0 - 00000003 -
-[r] 00 - 00000001 -
-[e] 01000040 00000003 0
-[f] 0100004c 00300193
-[d] 01000048 13 03 00 - 0 - 00000003 -
-[r] 00 - 00000000 -
-[e] 01000044 00000003 0
-[w] 0100003c 1 01 00000002
-[f] 01000050 01d09463
-[d] 0100004c 63 - 01 1d 1 - 00000008 -
-[r] 01 1d 00000000 00000000
-[e] 01000048 00000003 0
-[w] 01000040 1 01 00000003
-[f] 01000050 01d09463
-[d] 0100004c 63 - 01 1d 1 - 00000008 -
-[r] 01 1d 00000002 00000000
-[e] 0100004c 00000002 0
-[w] 01000044 1 1d 00000003
-[f] 01000050 01d09463
-[d] 0100004c 63 - 01 1d 1 - 00000008 -
-[r] 01 1d 00000003 00000000
-[e] 0100004c 00000003 0
-[w] 01000048 1 03 00000003
-[f] 01000054 00301c63
-[d] 01000050 63 - 00 03 1 - 00000018 -
-[r] 00 03 00000003 00000003
-[e] 0100004c 01000054 0
-[f] 01000070 00100193
-[d] 0100006c 13 03 00 - 0 - 00000001 -
+[w] 0100000c 1 04 01000010
+[f] 01000024 02411a63
+[d] 01000020 13 02 02 - 0 - fffffff4 -
+[r] 02 - 00000000 -
+[e] 0100001c 0100005c 0
+[f] 01000060 00119193
+[d] 0100005c 13 01 00 - 0 - 00000001 -
 [r] 00 - 00000000 -
-[e] 01000068 00000000 0
+[f] 01000064 0011e193
+[d] 01000060 13 03 03 - 1 - 00000000 -
+[r] 03 - 00000000 -
+[e] 0100005c 00000001 0
+[f] 01000068 00000073
+[d] 01000064 13 03 03 - 6 - 00000001 -
+[r] 03 - 00000002 -
+[e] 01000060 00000000 0
