--- /tmp/tmp.3kgeP8i5Rz	2025-11-28 17:09:55.269382009 -0500
+++ /tmp/tmp.VgiBHWY6bC	2025-11-28 17:09:55.280382059 -0500
@@ -1,2067 +1,131 @@
-[f] 01000004 00000093
-[d] 01000000 13 01 00 - 0 - 00000000 -
-[r] 00 - 00000000 -
 [f] 01000008 00000113
-[d] 01000004 13 02 00 - 0 - 00000000 -
+[d] 01000004 13 01 00 - 0 - 00000000 -
 [r] 00 - 00000000 -
 [e] 01000000 00000000 0
 [f] 0100000c 0020bf33
-[d] 01000008 33 1e 01 02 3 00 - -
-[r] 01 02 00000000 00000000
+[d] 01000008 13 02 00 - 0 - 00000000 -
+[r] 00 - 00000000 -
 [e] 01000004 00000000 0
 [f] 01000010 00000e93
-[d] 0100000c 13 1d 00 - 0 - 00000000 -
-[r] 00 - 00000000 -
+[d] 0100000c 33 1e 01 02 3 00 - -
+[r] 01 02 00000000 00000000
 [e] 01000008 00000000 0
-[w] 01000000 1 01 00000000
 [f] 01000014 00200193
-[d] 01000010 13 03 00 - 0 - 00000002 -
+[d] 01000010 13 1d 00 - 0 - 00000000 -
 [r] 00 - 00000000 -
 [e] 0100000c 00000000 0
-[w] 01000004 1 02 00000000
+[w] 01000004 1 01 00000000
 [f] 01000018 4bdf1a63
-[d] 01000014 63 - 1e 1d 1 - 000004b4 -
-[r] 1e 1d 00000000 00000000
-[e] 01000010 00000002 0
-[w] 01000008 1 1e 00000000
-[f] 01000018 4bdf1a63
-[d] 01000014 63 - 1e 1d 1 - 000004b4 -
+[d] 01000014 13 03 00 - 0 - 00000002 -
+[r] 00 - 00000000 -
+[e] 01000010 00000000 0
+[w] 01000008 1 02 00000000
+[f] 0100001c 00100093
+[d] 01000018 63 - 1e 1d 1 - 000004b4 -
 [r] 1e 1d 00000000 00000000
-[e] 01000014 00000000 0
-[w] 0100000c 1 1d 00000000
-[f] 01000018 4bdf1a63
-[d] 01000014 63 - 1e 1d 1 - 000004b4 -
+[e] 01000014 00000002 0
+[w] 0100000c 1 1e 00000000
+[f] 0100001c 00100093
+[d] 01000018 63 - 1e 1d 1 - 000004b4 -
 [r] 1e 1d 00000000 00000000
-[e] 01000014 00000000 0
-[w] 01000010 1 03 00000002
+[e] 01000018 00000000 0
+[w] 01000010 1 1d 00000000
 [f] 0100001c 00100093
-[d] 01000018 13 01 00 - 0 - 00000001 -
-[r] 00 - 00000000 -
-[e] 01000014 010004c8 0
+[d] 01000018 63 - 1e 1d 1 - 000004b4 -
+[r] 1e 1d 00000000 00000000
+[e] 01000018 00000000 0
+[w] 01000014 1 03 00000002
 [f] 01000020 00100113
-[d] 0100001c 13 02 00 - 0 - 00000001 -
+[d] 0100001c 13 01 00 - 0 - 00000001 -
 [r] 00 - 00000000 -
-[e] 01000018 00000001 0
+[e] 01000018 010004cc 0
 [f] 01000024 0020bf33
-[d] 01000020 33 1e 01 02 3 00 - -
-[r] 01 02 00000000 00000000
+[d] 01000020 13 02 00 - 0 - 00000001 -
+[r] 00 - 00000000 -
 [e] 0100001c 00000001 0
 [f] 01000028 00000e93
-[d] 01000024 13 1d 00 - 0 - 00000000 -
-[r] 00 - 00000000 -
-[e] 01000020 00000000 0
-[w] 01000018 1 01 00000001
+[d] 01000024 33 1e 01 02 3 00 - -
+[r] 01 02 00000000 00000000
+[e] 01000020 00000001 0
 [f] 0100002c 00300193
-[d] 01000028 13 03 00 - 0 - 00000003 -
+[d] 01000028 13 1d 00 - 0 - 00000000 -
 [r] 00 - 00000000 -
 [e] 01000024 00000000 0
-[w] 0100001c 1 02 00000001
+[w] 0100001c 1 01 00000001
 [f] 01000030 49df1e63
-[d] 0100002c 63 - 1e 1d 1 - 0000049c -
-[r] 1e 1d 00000000 00000000
-[e] 01000028 00000003 0
-[w] 01000020 1 1e 00000000
-[f] 01000030 49df1e63
-[d] 0100002c 63 - 1e 1d 1 - 0000049c -
+[d] 0100002c 13 03 00 - 0 - 00000003 -
+[r] 00 - 00000000 -
+[e] 01000028 00000000 0
+[w] 01000020 1 02 00000001
+[f] 01000034 00300093
+[d] 01000030 63 - 1e 1d 1 - 0000049c -
 [r] 1e 1d 00000000 00000000
-[e] 0100002c 00000000 0
-[w] 01000024 1 1d 00000000
-[f] 01000030 49df1e63
-[d] 0100002c 63 - 1e 1d 1 - 0000049c -
+[e] 0100002c 00000003 0
+[w] 01000024 1 1e 00000000
+[f] 01000034 00300093
+[d] 01000030 63 - 1e 1d 1 - 0000049c -
 [r] 1e 1d 00000000 00000000
-[e] 0100002c 00000000 0
-[w] 01000028 1 03 00000003
+[e] 01000030 00000000 0
+[w] 01000028 1 1d 00000000
 [f] 01000034 00300093
-[d] 01000030 13 01 00 - 0 - 00000003 -
-[r] 00 - 00000000 -
-[e] 0100002c 010004c8 0
+[d] 01000030 63 - 1e 1d 1 - 0000049c -
+[r] 1e 1d 00000000 00000000
+[e] 01000030 00000000 0
+[w] 0100002c 1 03 00000003
 [f] 01000038 00700113
-[d] 01000034 13 02 00 - 0 - 00000007 -
+[d] 01000034 13 01 00 - 0 - 00000003 -
 [r] 00 - 00000000 -
-[e] 01000030 00000003 0
+[e] 01000030 010004cc 0
 [f] 0100003c 0020bf33
-[d] 01000038 33 1e 01 02 3 00 - -
-[r] 01 02 00000000 00000000
-[e] 01000034 00000007 0
+[d] 01000038 13 02 00 - 0 - 00000007 -
+[r] 00 - 00000000 -
+[e] 01000034 00000003 0
 [f] 01000040 00100e93
-[d] 0100003c 13 1d 00 - 0 - 00000001 -
-[r] 00 - 00000001 -
-[e] 01000038 00000001 0
-[w] 01000030 1 01 00000003
+[d] 0100003c 33 1e 01 02 3 00 - -
+[r] 01 02 00000000 00000000
+[e] 01000038 00000007 0
 [f] 01000044 00400193
-[d] 01000040 13 03 00 - 0 - 00000004 -
-[r] 00 - 00000000 -
+[d] 01000040 13 1d 00 - 0 - 00000001 -
+[r] 00 - 00000001 -
 [e] 0100003c 00000001 0
-[w] 01000034 1 02 00000007
-[f] 01000048 49df1263
-[d] 01000044 63 - 1e 1d 1 - 00000484 -
-[r] 1e 1d 00000000 00000000
-[e] 01000040 00000004 0
-[w] 01000038 1 1e 00000001
-[f] 01000048 49df1263
-[d] 01000044 63 - 1e 1d 1 - 00000484 -
-[r] 1e 1d 00000000 00000000
-[e] 01000044 00000000 0
-[w] 0100003c 1 1d 00000001
+[w] 01000034 1 01 00000003
 [f] 01000048 49df1263
-[d] 01000044 63 - 1e 1d 1 - 00000484 -
-[r] 1e 1d 00000001 00000000
-[e] 01000044 00000001 0
-[w] 01000040 1 03 00000004
-[f] 0100004c 00700093
-[d] 01000048 13 01 00 - 0 - 00000007 -
-[r] 00 - 00000001 -
-[e] 01000044 010004c8 0
-[f] 01000050 00300113
-[d] 0100004c 13 02 00 - 0 - 00000003 -
+[d] 01000044 13 03 00 - 0 - 00000004 -
 [r] 00 - 00000000 -
-[e] 01000048 00000007 0
-[f] 01000054 0020bf33
-[d] 01000050 33 1e 01 02 3 00 - -
-[r] 01 02 00000000 00000000
-[e] 0100004c 00000003 0
-[f] 01000058 00000e93
-[d] 01000054 13 1d 00 - 0 - 00000000 -
-[r] 00 - 00000003 -
-[e] 01000050 00000000 0
-[w] 01000048 1 01 00000007
-[f] 0100005c 00500193
-[d] 01000058 13 03 00 - 0 - 00000005 -
-[r] 00 - 00000000 -
-[e] 01000054 00000000 0
-[w] 0100004c 1 02 00000003
-[f] 01000060 47df1663
-[d] 0100005c 63 - 1e 1d 1 - 0000046c -
-[r] 1e 1d 00000000 00000000
-[e] 01000058 00000005 0
-[w] 01000050 1 1e 00000000
-[f] 01000060 47df1663
-[d] 0100005c 63 - 1e 1d 1 - 0000046c -
-[r] 1e 1d 00000001 00000001
-[e] 0100005c 00000001 0
-[w] 01000054 1 1d 00000000
-[f] 01000060 47df1663
-[d] 0100005c 63 - 1e 1d 1 - 0000046c -
-[r] 1e 1d 00000000 00000001
-[e] 0100005c 00000000 0
-[w] 01000058 1 03 00000005
-[f] 01000064 00000093
-[d] 01000060 13 01 00 - 0 - 00000000 -
-[r] 00 - 00000000 -
-[e] 0100005c 010004c8 0
-[f] 01000068 ffff8137
-[d] 01000064 37 02 - - - - ffff8000 -
-[r] - - - -
-[e] 01000060 00000000 0
-[f] 0100006c 0020bf33
-[d] 01000068 33 1e 01 02 3 00 - -
-[r] 01 02 00000000 00000000
-[e] 01000064 ffff8000 0
-[f] 01000070 00100e93
-[d] 0100006c 13 1d 00 - 0 - 00000001 -
-[r] 00 - 00000007 -
-[e] 01000068 00000001 0
-[w] 01000060 1 01 00000000
-[f] 01000074 00600193
-[d] 01000070 13 03 00 - 0 - 00000006 -
-[r] 00 - 00000000 -
-[e] 0100006c 00000001 0
-[w] 01000064 1 02 ffff8000
-[f] 01000078 45df1a63
-[d] 01000074 63 - 1e 1d 1 - 00000454 -
-[r] 1e 1d 00000000 00000000
-[e] 01000070 00000006 0
-[w] 01000068 1 1e 00000001
-[f] 01000078 45df1a63
-[d] 01000074 63 - 1e 1d 1 - 00000454 -
-[r] 1e 1d 00000000 00000000
-[e] 01000074 00000000 0
-[w] 0100006c 1 1d 00000001
-[f] 01000078 45df1a63
-[d] 01000074 63 - 1e 1d 1 - 00000454 -
-[r] 1e 1d 00000001 00000000
-[e] 01000074 00000001 0
-[w] 01000070 1 03 00000006
-[f] 0100007c 800000b7
-[d] 01000078 37 01 - - - - 80000000 -
-[r] - - - -
-[e] 01000074 010004c8 0
-[f] 01000080 00000113
-[d] 0100007c 13 02 00 - 0 - 00000000 -
-[r] 00 - 00000000 -
-[e] 01000078 80000000 0
-[f] 01000084 0020bf33
-[d] 01000080 33 1e 01 02 3 00 - -
-[r] 01 02 00000000 00000000
-[e] 0100007c 00000000 0
-[f] 01000088 00000e93
-[d] 01000084 13 1d 00 - 0 - 00000000 -
-[r] 00 - 00000000 -
-[e] 01000080 00000000 0
-[w] 01000078 1 01 80000000
-[f] 0100008c 00700193
-[d] 01000088 13 03 00 - 0 - 00000007 -
-[r] 00 - 00000000 -
-[e] 01000084 00000000 0
-[w] 0100007c 1 02 00000000
-[f] 01000090 43df1e63
-[d] 0100008c 63 - 1e 1d 1 - 0000043c -
-[r] 1e 1d 00000000 00000000
-[e] 01000088 00000007 0
-[w] 01000080 1 1e 00000000
-[f] 01000090 43df1e63
-[d] 0100008c 63 - 1e 1d 1 - 0000043c -
-[r] 1e 1d 00000001 00000001
-[e] 0100008c 00000001 0
-[w] 01000084 1 1d 00000000
-[f] 01000090 43df1e63
-[d] 0100008c 63 - 1e 1d 1 - 0000043c -
-[r] 1e 1d 00000000 00000001
-[e] 0100008c 00000000 0
-[w] 01000088 1 03 00000007
-[f] 01000094 800000b7
-[d] 01000090 37 01 - - - - 80000000 -
-[r] - - - -
-[e] 0100008c 010004c8 0
-[f] 01000098 ffff8137
-[d] 01000094 37 02 - - - - ffff8000 -
-[r] - - - -
-[e] 01000090 80000000 0
-[f] 0100009c 0020bf33
-[d] 01000098 33 1e 01 02 3 00 - -
-[r] 01 02 00000000 00000000
-[e] 01000094 ffff8000 0
-[f] 010000a0 00100e93
-[d] 0100009c 13 1d 00 - 0 - 00000001 -
-[r] 00 - 80000000 -
-[e] 01000098 00000001 0
-[w] 01000090 1 01 80000000
-[f] 010000a4 00800193
-[d] 010000a0 13 03 00 - 0 - 00000008 -
-[r] 00 - 00000000 -
-[e] 0100009c 00000001 0
-[w] 01000094 1 02 ffff8000
-[f] 010000a8 43df1263
-[d] 010000a4 63 - 1e 1d 1 - 00000424 -
-[r] 1e 1d 00000000 00000000
-[e] 010000a0 00000008 0
-[w] 01000098 1 1e 00000001
-[f] 010000a8 43df1263
-[d] 010000a4 63 - 1e 1d 1 - 00000424 -
-[r] 1e 1d 00000000 00000000
-[e] 010000a4 00000000 0
-[w] 0100009c 1 1d 00000001
-[f] 010000a8 43df1263
-[d] 010000a4 63 - 1e 1d 1 - 00000424 -
-[r] 1e 1d 00000001 00000000
-[e] 010000a4 00000001 0
-[w] 010000a0 1 03 00000008
-[f] 010000ac 00000093
-[d] 010000a8 13 01 00 - 0 - 00000000 -
-[r] 00 - 00000001 -
-[e] 010000a4 010004c8 0
-[f] 010000b0 00008137
-[d] 010000ac 37 02 - - - - 00008000 -
-[r] - - - -
-[e] 010000a8 00000000 0
-[f] 010000b4 fff10113
-[d] 010000b0 13 02 02 - 0 - ffffffff -
-[r] 02 - 00000000 -
-[e] 010000ac 00008000 0
-[f] 010000b8 0020bf33
-[d] 010000b4 33 1e 01 02 3 00 - -
-[r] 01 02 ffff8000 00000000
-[e] 010000b0 00007fff 0
-[w] 010000a8 1 01 00000000
-[f] 010000b8 0020bf33
-[d] 010000b4 33 1e 01 02 3 00 - -
-[r] 01 02 80000000 ffff8000
-[e] 010000b4 80000000 0
-[w] 010000ac 1 02 00008000
-[f] 010000bc 00100e93
-[d] 010000b8 13 1d 00 - 0 - 00000001 -
-[r] 00 - 00000000 -
-[e] 010000b4 00000001 0
-[w] 010000b0 1 02 00007fff
-[f] 010000c0 00900193
-[d] 010000bc 13 03 00 - 0 - 00000009 -
-[r] 00 - 00000000 -
-[e] 010000b8 00000001 0
-[f] 010000c4 41df1463
-[d] 010000c0 63 - 1e 1d 1 - 00000408 -
-[r] 1e 1d 00000000 00000000
-[e] 010000bc 00000009 0
-[w] 010000b4 1 1e 00000001
-[f] 010000c4 41df1463
-[d] 010000c0 63 - 1e 1d 1 - 00000408 -
-[r] 1e 1d 00000001 00000001
-[e] 010000c0 00000001 0
-[w] 010000b8 1 1d 00000001
-[f] 010000c4 41df1463
-[d] 010000c0 63 - 1e 1d 1 - 00000408 -
-[r] 1e 1d 00000001 00000001
-[e] 010000c0 00000001 0
-[w] 010000bc 1 03 00000009
-[f] 010000c8 800000b7
-[d] 010000c4 37 01 - - - - 80000000 -
-[r] - - - -
-[e] 010000c0 010004c8 0
-[f] 010000cc fff08093
-[d] 010000c8 13 01 01 - 0 - ffffffff -
-[r] 01 - 00000000 -
-[e] 010000c4 80000000 0
-[f] 010000d0 00000113
-[d] 010000cc 13 02 00 - 0 - 00000000 -
-[r] 00 - 00000000 -
-[e] 010000c8 7fffffff 0
-[f] 010000d4 0020bf33
-[d] 010000d0 33 1e 01 02 3 00 - -
-[r] 01 02 00000000 00000000
-[e] 010000cc 00000000 0
-[w] 010000c4 1 01 80000000
-[f] 010000d8 00000e93
-[d] 010000d4 13 1d 00 - 0 - 00000000 -
-[r] 00 - 00000000 -
-[e] 010000d0 00000000 0
-[w] 010000c8 1 01 7fffffff
-[f] 010000dc 00a00193
-[d] 010000d8 13 03 00 - 0 - 0000000a -
-[r] 00 - 00000000 -
-[e] 010000d4 00000000 0
-[w] 010000cc 1 02 00000000
-[f] 010000e0 3fdf1663
-[d] 010000dc 63 - 1e 1d 1 - 000003ec -
-[r] 1e 1d 00000000 00000000
-[e] 010000d8 0000000a 0
-[w] 010000d0 1 1e 00000000
-[f] 010000e0 3fdf1663
-[d] 010000dc 63 - 1e 1d 1 - 000003ec -
-[r] 1e 1d 00000001 00000001
-[e] 010000dc 00000001 0
-[w] 010000d4 1 1d 00000000
-[f] 010000e0 3fdf1663
-[d] 010000dc 63 - 1e 1d 1 - 000003ec -
-[r] 1e 1d 00000000 00000001
-[e] 010000dc 00000000 0
-[w] 010000d8 1 03 0000000a
-[f] 010000e4 800000b7
-[d] 010000e0 37 01 - - - - 80000000 -
-[r] - - - -
-[e] 010000dc 010004c8 0
-[f] 010000e8 fff08093
-[d] 010000e4 13 01 01 - 0 - ffffffff -
-[r] 01 - 00000000 -
-[e] 010000e0 80000000 0
-[f] 010000ec 00008137
-[d] 010000e8 37 02 - - - - 00008000 -
-[r] - - - -
-[e] 010000e4 7fffffff 0
-[f] 010000f0 fff10113
-[d] 010000ec 13 02 02 - 0 - ffffffff -
-[r] 02 - 00000000 -
-[e] 010000e8 00008000 0
-[w] 010000e0 1 01 80000000
-[f] 010000f4 0020bf33
-[d] 010000f0 33 1e 01 02 3 00 - -
-[r] 01 02 00000000 00000000
-[e] 010000ec 00007fff 0
-[w] 010000e4 1 01 7fffffff
-[f] 010000f4 0020bf33
-[d] 010000f0 33 1e 01 02 3 00 - -
-[r] 01 02 80000000 00000000
-[e] 010000f0 80000000 0
-[w] 010000e8 1 02 00008000
-[f] 010000f8 00000e93
-[d] 010000f4 13 1d 00 - 0 - 00000000 -
-[r] 00 - 7fffffff -
-[e] 010000f0 00000000 0
-[w] 010000ec 1 02 00007fff
-[f] 010000fc 00b00193
-[d] 010000f8 13 03 00 - 0 - 0000000b -
-[r] 00 - 00000000 -
-[e] 010000f4 00000000 0
-[f] 01000100 3ddf1663
-[d] 010000fc 63 - 1e 1d 1 - 000003cc -
-[r] 1e 1d 00000000 00000000
-[e] 010000f8 0000000b 0
-[w] 010000f0 1 1e 00000000
-[f] 01000100 3ddf1663
-[d] 010000fc 63 - 1e 1d 1 - 000003cc -
-[r] 1e 1d 00000000 00000000
-[e] 010000fc 00000000 0
-[w] 010000f4 1 1d 00000000
-[f] 01000100 3ddf1663
-[d] 010000fc 63 - 1e 1d 1 - 000003cc -
-[r] 1e 1d 00000000 00000000
-[e] 010000fc 00000000 0
-[w] 010000f8 1 03 0000000b
-[f] 01000104 800000b7
-[d] 01000100 37 01 - - - - 80000000 -
-[r] - - - -
-[e] 010000fc 010004c8 0
-[f] 01000108 00008137
-[d] 01000104 37 02 - - - - 00008000 -
-[r] - - - -
-[e] 01000100 80000000 0
-[f] 0100010c fff10113
-[d] 01000108 13 02 02 - 0 - ffffffff -
-[r] 02 - 00000000 -
-[e] 01000104 00008000 0
-[f] 01000110 0020bf33
-[d] 0100010c 33 1e 01 02 3 00 - -
-[r] 01 02 00007fff 00000000
-[e] 01000108 00007fff 0
-[w] 01000100 1 01 80000000
-[f] 01000110 0020bf33
-[d] 0100010c 33 1e 01 02 3 00 - -
-[r] 01 02 7fffffff 00007fff
-[e] 0100010c 7fffffff 0
-[w] 01000104 1 02 00008000
-[f] 01000114 00000e93
-[d] 01000110 13 1d 00 - 0 - 00000000 -
-[r] 00 - 80000000 -
-[e] 0100010c 00000000 0
-[w] 01000108 1 02 00007fff
-[f] 01000118 00c00193
-[d] 01000114 13 03 00 - 0 - 0000000c -
-[r] 00 - 00000000 -
-[e] 01000110 00000000 0
-[f] 0100011c 3bdf1863
-[d] 01000118 63 - 1e 1d 1 - 000003b0 -
-[r] 1e 1d 00000000 00000000
-[e] 01000114 0000000c 0
-[w] 0100010c 1 1e 00000000
-[f] 0100011c 3bdf1863
-[d] 01000118 63 - 1e 1d 1 - 000003b0 -
-[r] 1e 1d 00000000 00000000
-[e] 01000118 00000000 0
-[w] 01000110 1 1d 00000000
-[f] 0100011c 3bdf1863
-[d] 01000118 63 - 1e 1d 1 - 000003b0 -
-[r] 1e 1d 00000000 00000000
-[e] 01000118 00000000 0
-[w] 01000114 1 03 0000000c
-[f] 01000120 800000b7
-[d] 0100011c 37 01 - - - - 80000000 -
-[r] - - - -
-[e] 01000118 010004c8 0
-[f] 01000124 fff08093
-[d] 01000120 13 01 01 - 0 - ffffffff -
-[r] 01 - 00000000 -
-[e] 0100011c 80000000 0
-[f] 01000128 ffff8137
-[d] 01000124 37 02 - - - - ffff8000 -
-[r] - - - -
-[e] 01000120 7fffffff 0
-[f] 0100012c 0020bf33
-[d] 01000128 33 1e 01 02 3 00 - -
-[r] 01 02 00000000 00000000
-[e] 01000124 ffff8000 0
-[w] 0100011c 1 01 80000000
-[f] 01000130 00100e93
-[d] 0100012c 13 1d 00 - 0 - 00000001 -
-[r] 00 - 80000000 -
-[e] 01000128 00000001 0
-[w] 01000120 1 01 7fffffff
-[f] 01000134 00d00193
-[d] 01000130 13 03 00 - 0 - 0000000d -
-[r] 00 - 00000000 -
-[e] 0100012c 00000001 0
-[w] 01000124 1 02 ffff8000
-[f] 01000138 39df1a63
-[d] 01000134 63 - 1e 1d 1 - 00000394 -
+[e] 01000040 00000002 0
+[w] 01000038 1 02 00000007
+[f] 0100004c 00700093
+[d] 01000048 63 - 1e 1d 1 - 00000484 -
 [r] 1e 1d 00000000 00000000
-[e] 01000130 0000000d 0
-[w] 01000128 1 1e 00000001
-[f] 01000138 39df1a63
-[d] 01000134 63 - 1e 1d 1 - 00000394 -
+[e] 01000044 00000004 0
+[w] 0100003c 1 1e 00000001
+[f] 0100004c 00700093
+[d] 01000048 63 - 1e 1d 1 - 00000484 -
 [r] 1e 1d 00000000 00000000
-[e] 01000134 00000000 0
-[w] 0100012c 1 1d 00000001
-[f] 01000138 39df1a63
-[d] 01000134 63 - 1e 1d 1 - 00000394 -
+[e] 01000048 00000000 0
+[w] 01000040 1 1d 00000002
+[f] 0100004c 00700093
+[d] 01000048 63 - 1e 1d 1 - 00000484 -
 [r] 1e 1d 00000001 00000000
-[e] 01000134 00000001 0
-[w] 01000130 1 03 0000000d
-[f] 0100013c 00000093
-[d] 01000138 13 01 00 - 0 - 00000000 -
-[r] 00 - 00000001 -
-[e] 01000134 010004c8 0
-[f] 01000140 fff00113
-[d] 0100013c 13 02 00 - 0 - ffffffff -
-[r] 00 - 00000000 -
-[e] 01000138 00000000 0
-[f] 01000144 0020bf33
-[d] 01000140 33 1e 01 02 3 00 - -
-[r] 01 02 00000000 00000000
-[e] 0100013c ffffffff 0
-[f] 01000148 00100e93
-[d] 01000144 13 1d 00 - 0 - 00000001 -
-[r] 00 - 7fffffff -
-[e] 01000140 00000001 0
-[w] 01000138 1 01 00000000
-[f] 0100014c 00e00193
-[d] 01000148 13 03 00 - 0 - 0000000e -
-[r] 00 - 00000000 -
-[e] 01000144 00000001 0
-[w] 0100013c 1 02 ffffffff
-[f] 01000150 37df1e63
-[d] 0100014c 63 - 1e 1d 1 - 0000037c -
-[r] 1e 1d 00000000 00000000
-[e] 01000148 0000000e 0
-[w] 01000140 1 1e 00000001
-[f] 01000150 37df1e63
-[d] 0100014c 63 - 1e 1d 1 - 0000037c -
-[r] 1e 1d 00000001 00000001
-[e] 0100014c 00000001 0
-[w] 01000144 1 1d 00000001
-[f] 01000150 37df1e63
-[d] 0100014c 63 - 1e 1d 1 - 0000037c -
-[r] 1e 1d 00000001 00000001
-[e] 0100014c 00000001 0
-[w] 01000148 1 03 0000000e
-[f] 01000154 fff00093
-[d] 01000150 13 01 00 - 0 - ffffffff -
-[r] 00 - 00000001 -
-[e] 0100014c 010004c8 0
-[f] 01000158 00100113
-[d] 01000154 13 02 00 - 0 - 00000001 -
-[r] 00 - 00000000 -
-[e] 01000150 ffffffff 0
-[f] 0100015c 0020bf33
-[d] 01000158 33 1e 01 02 3 00 - -
-[r] 01 02 00000000 00000000
-[e] 01000154 00000001 0
-[f] 01000160 00000e93
-[d] 0100015c 13 1d 00 - 0 - 00000000 -
-[r] 00 - 00000000 -
-[e] 01000158 00000000 0
-[w] 01000150 1 01 ffffffff
-[f] 01000164 00f00193
-[d] 01000160 13 03 00 - 0 - 0000000f -
-[r] 00 - 00000000 -
-[e] 0100015c 00000000 0
-[w] 01000154 1 02 00000001
-[f] 01000168 37df1263
-[d] 01000164 63 - 1e 1d 1 - 00000364 -
-[r] 1e 1d 00000000 00000000
-[e] 01000160 0000000f 0
-[w] 01000158 1 1e 00000000
-[f] 01000168 37df1263
-[d] 01000164 63 - 1e 1d 1 - 00000364 -
-[r] 1e 1d 00000001 00000001
-[e] 01000164 00000001 0
-[w] 0100015c 1 1d 00000000
-[f] 01000168 37df1263
-[d] 01000164 63 - 1e 1d 1 - 00000364 -
-[r] 1e 1d 00000000 00000001
-[e] 01000164 00000000 0
-[w] 01000160 1 03 0000000f
-[f] 0100016c fff00093
-[d] 01000168 13 01 00 - 0 - ffffffff -
-[r] 00 - 00000000 -
-[e] 01000164 010004c8 0
-[f] 01000170 fff00113
-[d] 0100016c 13 02 00 - 0 - ffffffff -
-[r] 00 - 00000000 -
-[e] 01000168 ffffffff 0
-[f] 01000174 0020bf33
-[d] 01000170 33 1e 01 02 3 00 - -
-[r] 01 02 00000000 00000000
-[e] 0100016c ffffffff 0
-[f] 01000178 00000e93
-[d] 01000174 13 1d 00 - 0 - 00000000 -
-[r] 00 - ffffffff -
-[e] 01000170 00000000 0
-[w] 01000168 1 01 ffffffff
-[f] 0100017c 01000193
-[d] 01000178 13 03 00 - 0 - 00000010 -
-[r] 00 - 00000000 -
-[e] 01000174 00000000 0
-[w] 0100016c 1 02 ffffffff
-[f] 01000180 35df1663
-[d] 0100017c 63 - 1e 1d 1 - 0000034c -
-[r] 1e 1d 00000000 00000000
-[e] 01000178 00000010 0
-[w] 01000170 1 1e 00000000
-[f] 01000180 35df1663
-[d] 0100017c 63 - 1e 1d 1 - 0000034c -
-[r] 1e 1d 00000000 00000000
-[e] 0100017c 00000000 0
-[w] 01000174 1 1d 00000000
-[f] 01000180 35df1663
-[d] 0100017c 63 - 1e 1d 1 - 0000034c -
-[r] 1e 1d 00000000 00000000
-[e] 0100017c 00000000 0
-[w] 01000178 1 03 00000010
-[f] 01000184 00e00093
-[d] 01000180 13 01 00 - 0 - 0000000e -
-[r] 00 - 00000000 -
-[e] 0100017c 010004c8 0
-[f] 01000188 00d00113
-[d] 01000184 13 02 00 - 0 - 0000000d -
-[r] 00 - 00000000 -
-[e] 01000180 0000000e 0
-[f] 0100018c 0020b0b3
-[d] 01000188 33 01 01 02 3 00 - -
-[r] 01 02 00000000 00000000
-[e] 01000184 0000000d 0
-[f] 01000190 00000e93
-[d] 0100018c 13 1d 00 - 0 - 00000000 -
-[r] 00 - ffffffff -
-[e] 01000188 00000000 0
-[w] 01000180 1 01 0000000e
-[f] 01000194 01100193
-[d] 01000190 13 03 00 - 0 - 00000011 -
-[r] 00 - 00000000 -
-[e] 0100018c 00000000 0
-[w] 01000184 1 02 0000000d
-[f] 01000198 33d09a63
-[d] 01000194 63 - 01 1d 1 - 00000334 -
-[r] 01 1d 00000000 00000000
-[e] 01000190 00000011 0
-[w] 01000188 1 01 00000000
-[f] 01000198 33d09a63
-[d] 01000194 63 - 01 1d 1 - 00000334 -
-[r] 01 1d 0000000e 00000000
-[e] 01000194 0000000e 0
-[w] 0100018c 1 1d 00000000
-[f] 01000198 33d09a63
-[d] 01000194 63 - 01 1d 1 - 00000334 -
-[r] 01 1d 00000000 00000000
-[e] 01000194 00000000 0
-[w] 01000190 1 03 00000011
-[f] 0100019c 00b00093
-[d] 01000198 13 01 00 - 0 - 0000000b -
-[r] 00 - 00000000 -
-[e] 01000194 010004c8 0
-[f] 010001a0 00d00113
-[d] 0100019c 13 02 00 - 0 - 0000000d -
-[r] 00 - 00000000 -
-[e] 01000198 0000000b 0
-[f] 010001a4 0020b133
-[d] 010001a0 33 02 01 02 3 00 - -
-[r] 01 02 00000000 00000000
-[e] 0100019c 0000000d 0
-[f] 010001a8 00100e93
-[d] 010001a4 13 1d 00 - 0 - 00000001 -
-[r] 00 - 00000000 -
-[e] 010001a0 00000001 0
-[w] 01000198 1 01 0000000b
-[f] 010001ac 01200193
-[d] 010001a8 13 03 00 - 0 - 00000012 -
-[r] 00 - 00000000 -
-[e] 010001a4 00000001 0
-[w] 0100019c 1 02 0000000d
-[f] 010001b0 31d11e63
-[d] 010001ac 63 - 02 1d 1 - 0000031c -
-[r] 02 1d 00000000 00000000
-[e] 010001a8 00000012 0
-[w] 010001a0 1 02 00000001
-[f] 010001b0 31d11e63
-[d] 010001ac 63 - 02 1d 1 - 0000031c -
-[r] 02 1d 0000000d 00000000
-[e] 010001ac 0000000d 0
-[w] 010001a4 1 1d 00000001
-[f] 010001b0 31d11e63
-[d] 010001ac 63 - 02 1d 1 - 0000031c -
-[r] 02 1d 00000001 00000000
-[e] 010001ac 00000001 0
-[w] 010001a8 1 03 00000012
-[f] 010001b4 00d00093
-[d] 010001b0 13 01 00 - 0 - 0000000d -
-[r] 00 - 00000001 -
-[e] 010001ac 010004c8 0
-[f] 010001b8 0010b0b3
-[d] 010001b4 33 01 01 01 3 00 - -
-[r] 01 01 00000000 00000000
-[e] 010001b0 0000000d 0
-[f] 010001bc 00000e93
-[d] 010001b8 13 1d 00 - 0 - 00000000 -
-[r] 00 - 0000000b -
-[e] 010001b4 00000000 0
-[f] 010001c0 01300193
-[d] 010001bc 13 03 00 - 0 - 00000013 -
-[r] 00 - 00000000 -
-[e] 010001b8 00000000 0
-[w] 010001b0 1 01 0000000d
-[f] 010001c4 31d09463
-[d] 010001c0 63 - 01 1d 1 - 00000308 -
-[r] 01 1d 00000000 00000000
-[e] 010001bc 00000013 0
-[w] 010001b4 1 01 00000000
-[f] 010001c4 31d09463
-[d] 010001c0 63 - 01 1d 1 - 00000308 -
-[r] 01 1d 0000000d 00000001
-[e] 010001c0 0000000d 0
-[w] 010001b8 1 1d 00000000
-[f] 010001c4 31d09463
-[d] 010001c0 63 - 01 1d 1 - 00000308 -
-[r] 01 1d 00000000 00000001
-[e] 010001c0 00000000 0
-[w] 010001bc 1 03 00000013
-[f] 010001c8 00000213
-[d] 010001c4 13 04 00 - 0 - 00000000 -
-[r] 00 - 00000000 -
-[e] 010001c0 010004c8 0
-[f] 010001cc 00b00093
-[d] 010001c8 13 01 00 - 0 - 0000000b -
-[r] 00 - 00000000 -
-[e] 010001c4 00000000 0
-[f] 010001d0 00d00113
-[d] 010001cc 13 02 00 - 0 - 0000000d -
-[r] 00 - 00000000 -
-[e] 010001c8 0000000b 0
-[f] 010001d4 0020bf33
-[d] 010001d0 33 1e 01 02 3 00 - -
-[r] 01 02 00000000 00000000
-[e] 010001cc 0000000d 0
-[w] 010001c4 1 04 00000000
-[f] 010001d8 000f0313
-[d] 010001d4 13 06 1e - 0 - 00000000 -
-[r] 1e - 00000000 -
-[e] 010001d0 00000001 0
-[w] 010001c8 1 01 0000000b
-[f] 010001dc 00120213
-[d] 010001d8 13 04 04 - 0 - 00000001 -
-[r] 04 - 00000000 -
-[e] 010001d4 00000001 0
-[w] 010001cc 1 02 0000000d
-[f] 010001e0 00200293
-[d] 010001dc 13 05 00 - 0 - 00000002 -
-[r] 00 - 00000000 -
-[e] 010001d8 00000001 0
-[w] 010001d0 1 1e 00000001
-[f] 010001e4 fe5214e3
-[d] 010001e0 63 - 04 05 1 - ffffffe8 -
-[r] 04 05 00000000 00000000
-[e] 010001dc 00000002 0
-[w] 010001d4 1 06 00000001
-[f] 010001e8 00100e93
-[d] 010001e4 13 1d 00 - 0 - 00000001 -
-[r] 00 - 00000000 -
-[e] 010001e0 010001c8 1
-[w] 010001d8 1 04 00000001
-[f] 010001cc 00b00093
-[d] 010001c8 13 01 00 - 0 - 0000000b -
-[r] 00 - 00000000 -
-[f] 010001d0 00d00113
-[d] 010001cc 13 02 00 - 0 - 0000000d -
-[r] 00 - 00000000 -
-[e] 010001c8 0000000b 0
-[f] 010001d4 0020bf33
-[d] 010001d0 33 1e 01 02 3 00 - -
-[r] 01 02 00000000 00000000
-[e] 010001cc 0000000d 0
-[f] 010001d8 000f0313
-[d] 010001d4 13 06 1e - 0 - 00000000 -
-[r] 1e - 0000000b -
-[e] 010001d0 00000001 0
-[w] 010001c8 1 01 0000000b
-[f] 010001dc 00120213
-[d] 010001d8 13 04 04 - 0 - 00000001 -
-[r] 04 - 00000001 -
-[e] 010001d4 00000001 0
-[w] 010001cc 1 02 0000000d
-[f] 010001e0 00200293
-[d] 010001dc 13 05 00 - 0 - 00000002 -
-[r] 00 - 00000001 -
-[e] 010001d8 00000002 0
-[w] 010001d0 1 1e 00000001
-[f] 010001e4 fe5214e3
-[d] 010001e0 63 - 04 05 1 - ffffffe8 -
-[r] 04 05 00000000 00000000
-[e] 010001dc 00000002 0
-[w] 010001d4 1 06 00000001
-[f] 010001e8 00100e93
-[d] 010001e4 13 1d 00 - 0 - 00000001 -
-[r] 00 - 00000001 -
-[e] 010001e0 010001c8 0
-[w] 010001d8 1 04 00000002
-[f] 010001ec 01400193
-[d] 010001e8 13 03 00 - 0 - 00000014 -
-[r] 00 - 00000000 -
-[e] 010001e4 00000001 0
-[w] 010001dc 1 05 00000002
-[f] 010001f0 2dd31e63
-[d] 010001ec 63 - 06 1d 1 - 000002dc -
-[r] 06 1d 00000000 00000000
-[e] 010001e8 00000014 0
-[f] 010001f4 00000213
-[d] 010001f0 13 04 00 - 0 - 00000000 -
-[r] 00 - 00000001 -
-[e] 010001ec 010004c8 0
-[w] 010001e4 1 1d 00000001
-[f] 010001f8 00e00093
-[d] 010001f4 13 01 00 - 0 - 0000000e -
-[r] 00 - 00000000 -
-[e] 010001f0 00000000 0
-[w] 010001e8 1 03 00000014
-[f] 010001fc 00d00113
-[d] 010001f8 13 02 00 - 0 - 0000000d -
-[r] 00 - 00000000 -
-[e] 010001f4 0000000e 0
-[f] 01000200 0020bf33
-[d] 010001fc 33 1e 01 02 3 00 - -
-[r] 01 02 00000000 00000000
-[e] 010001f8 0000000d 0
-[w] 010001f0 1 04 00000000
-[f] 01000208 000f0313
-[d] 01000204 13 06 1e - 0 - 00000000 -
-[r] 1e - 00000000 -
-[w] 010001f8 1 02 0000000d
-[f] 0100020c 00120213
-[d] 01000208 13 04 04 - 0 - 00000001 -
-[r] 04 - 00000001 -
-[e] 01000204 00000000 0
-[w] 010001fc 1 1e 00000000
-[f] 01000210 00200293
-[d] 0100020c 13 05 00 - 0 - 00000002 -
-[r] 00 - 00000000 -
-[e] 01000208 00000001 0
-[f] 01000214 fe5212e3
-[d] 01000210 63 - 04 05 1 - ffffffe4 -
-[r] 04 05 00000000 00000000
-[e] 0100020c 00000002 0
-[w] 01000204 1 06 00000000
-[f] 01000218 00000e93
-[d] 01000214 13 1d 00 - 0 - 00000000 -
-[r] 00 - 00000000 -
-[e] 01000210 010001f4 1
-[w] 01000208 1 04 00000001
-[f] 010001f8 00e00093
-[d] 010001f4 13 01 00 - 0 - 0000000e -
-[r] 00 - 00000000 -
-[f] 010001fc 00d00113
-[d] 010001f8 13 02 00 - 0 - 0000000d -
-[r] 00 - 00000000 -
-[e] 010001f4 0000000e 0
-[f] 01000200 0020bf33
-[d] 010001fc 33 1e 01 02 3 00 - -
-[r] 01 02 00000000 00000000
-[e] 010001f8 0000000d 0
-[f] 01000208 000f0313
-[d] 01000204 13 06 1e - 0 - 00000000 -
-[r] 1e - 00000000 -
-[w] 010001f8 1 02 0000000d
-[f] 0100020c 00120213
-[d] 01000208 13 04 04 - 0 - 00000001 -
-[r] 04 - 00000000 -
-[e] 01000204 00000000 0
-[w] 010001fc 1 1e 00000000
-[f] 01000210 00200293
-[d] 0100020c 13 05 00 - 0 - 00000002 -
-[r] 00 - 00000001 -
-[e] 01000208 00000002 0
-[f] 01000214 fe5212e3
-[d] 01000210 63 - 04 05 1 - ffffffe4 -
-[r] 04 05 00000000 00000000
-[e] 0100020c 00000002 0
-[w] 01000204 1 06 00000000
-[f] 01000218 00000e93
-[d] 01000214 13 1d 00 - 0 - 00000000 -
-[r] 00 - 00000001 -
-[e] 01000210 010001f4 0
-[w] 01000208 1 04 00000002
-[f] 0100021c 01500193
-[d] 01000218 13 03 00 - 0 - 00000015 -
-[r] 00 - 00000000 -
-[e] 01000214 00000000 0
-[w] 0100020c 1 05 00000002
-[f] 01000220 2bd31663
-[d] 0100021c 63 - 06 1d 1 - 000002ac -
-[r] 06 1d 00000000 00000000
-[e] 01000218 00000015 0
-[f] 01000224 00000213
-[d] 01000220 13 04 00 - 0 - 00000000 -
-[r] 00 - 00000000 -
-[e] 0100021c 010004c8 0
-[w] 01000214 1 1d 00000000
-[f] 01000228 00c00093
-[d] 01000224 13 01 00 - 0 - 0000000c -
-[r] 00 - 00000000 -
-[e] 01000220 00000000 0
-[w] 01000218 1 03 00000015
-[f] 0100022c 00d00113
-[d] 01000228 13 02 00 - 0 - 0000000d -
-[r] 00 - 00000000 -
-[e] 01000224 0000000c 0
-[f] 01000230 0020bf33
-[d] 0100022c 33 1e 01 02 3 00 - -
-[r] 01 02 00000000 00000000
-[e] 01000228 0000000d 0
-[w] 01000220 1 04 00000000
-[f] 0100023c 000f0313
-[d] 01000238 13 06 1e - 0 - 00000000 -
-[r] 1e - 00000000 -
-[w] 0100022c 1 1e 00000001
-[f] 0100023c 000f0313
-[d] 01000238 13 06 1e - 0 - 00000000 -
-[r] 1e - 00000000 -
-[e] 01000238 00000000 0
-[f] 01000240 00120213
-[d] 0100023c 13 04 04 - 0 - 00000001 -
-[r] 04 - 00000001 -
-[e] 01000238 00000001 0
-[f] 01000244 00200293
-[d] 01000240 13 05 00 - 0 - 00000002 -
-[r] 00 - 00000000 -
-[e] 0100023c 00000001 0
-[f] 01000248 fe5210e3
-[d] 01000244 63 - 04 05 1 - ffffffe0 -
-[r] 04 05 00000000 00000000
-[e] 01000240 00000002 0
-[w] 01000238 1 06 00000001
-[f] 0100024c 00100e93
-[d] 01000248 13 1d 00 - 0 - 00000001 -
-[r] 00 - 00000000 -
-[e] 01000244 01000224 1
-[w] 0100023c 1 04 00000001
-[f] 01000228 00c00093
-[d] 01000224 13 01 00 - 0 - 0000000c -
-[r] 00 - 00000000 -
-[f] 0100022c 00d00113
-[d] 01000228 13 02 00 - 0 - 0000000d -
-[r] 00 - 00000000 -
-[e] 01000224 0000000c 0
-[f] 01000230 0020bf33
-[d] 0100022c 33 1e 01 02 3 00 - -
-[r] 01 02 00000000 00000000
-[e] 01000228 0000000d 0
-[f] 0100023c 000f0313
-[d] 01000238 13 06 1e - 0 - 00000000 -
-[r] 1e - 00000000 -
-[w] 0100022c 1 1e 00000001
-[f] 0100023c 000f0313
-[d] 01000238 13 06 1e - 0 - 00000000 -
-[r] 1e - 00000001 -
-[e] 01000238 00000001 0
-[f] 01000240 00120213
-[d] 0100023c 13 04 04 - 0 - 00000001 -
-[r] 04 - 00000001 -
-[e] 01000238 00000001 0
-[f] 01000244 00200293
-[d] 01000240 13 05 00 - 0 - 00000002 -
-[r] 00 - 00000001 -
-[e] 0100023c 00000002 0
-[f] 01000248 fe5210e3
-[d] 01000244 63 - 04 05 1 - ffffffe0 -
-[r] 04 05 00000000 00000000
-[e] 01000240 00000002 0
-[w] 01000238 1 06 00000001
-[f] 0100024c 00100e93
-[d] 01000248 13 1d 00 - 0 - 00000001 -
-[r] 00 - 00000001 -
-[e] 01000244 01000224 0
-[w] 0100023c 1 04 00000002
-[f] 01000250 01600193
-[d] 0100024c 13 03 00 - 0 - 00000016 -
-[r] 00 - 00000000 -
-[e] 01000248 00000001 0
-[w] 01000240 1 05 00000002
-[f] 01000254 27d31c63
-[d] 01000250 63 - 06 1d 1 - 00000278 -
-[r] 06 1d 00000000 00000000
-[e] 0100024c 00000016 0
-[f] 01000258 00000213
-[d] 01000254 13 04 00 - 0 - 00000000 -
-[r] 00 - 00000001 -
-[e] 01000250 010004c8 0
-[w] 01000248 1 1d 00000001
-[f] 0100025c 00e00093
-[d] 01000258 13 01 00 - 0 - 0000000e -
-[r] 00 - 00000000 -
-[e] 01000254 00000000 0
-[w] 0100024c 1 03 00000016
-[f] 01000260 00d00113
-[d] 0100025c 13 02 00 - 0 - 0000000d -
-[r] 00 - 00000000 -
-[e] 01000258 0000000e 0
-[f] 01000264 0020bf33
-[d] 01000260 33 1e 01 02 3 00 - -
-[r] 01 02 00000000 00000000
-[e] 0100025c 0000000d 0
-[w] 01000254 1 04 00000000
-[f] 01000268 00120213
-[d] 01000264 13 04 04 - 0 - 00000001 -
-[r] 04 - 0000000c -
-[e] 01000260 00000000 0
-[w] 01000258 1 01 0000000e
-[f] 0100026c 00200293
-[d] 01000268 13 05 00 - 0 - 00000002 -
-[r] 00 - 00000000 -
-[e] 01000264 00000001 0
-[w] 0100025c 1 02 0000000d
-[f] 01000270 fe5216e3
-[d] 0100026c 63 - 04 05 1 - ffffffec -
-[r] 04 05 00000000 00000000
-[e] 01000268 00000002 0
-[w] 01000260 1 1e 00000000
-[f] 01000274 00000e93
-[d] 01000270 13 1d 00 - 0 - 00000000 -
-[r] 00 - 00000000 -
-[e] 0100026c 01000258 1
-[w] 01000264 1 04 00000001
-[f] 0100025c 00e00093
-[d] 01000258 13 01 00 - 0 - 0000000e -
-[r] 00 - 00000000 -
-[f] 01000260 00d00113
-[d] 0100025c 13 02 00 - 0 - 0000000d -
-[r] 00 - 00000000 -
-[e] 01000258 0000000e 0
-[f] 01000264 0020bf33
-[d] 01000260 33 1e 01 02 3 00 - -
-[r] 01 02 00000000 00000000
-[e] 0100025c 0000000d 0
-[f] 01000268 00120213
-[d] 01000264 13 04 04 - 0 - 00000001 -
-[r] 04 - 0000000e -
-[e] 01000260 00000000 0
-[w] 01000258 1 01 0000000e
-[f] 0100026c 00200293
-[d] 01000268 13 05 00 - 0 - 00000002 -
-[r] 00 - 00000001 -
-[e] 01000264 00000002 0
-[w] 0100025c 1 02 0000000d
-[f] 01000270 fe5216e3
-[d] 0100026c 63 - 04 05 1 - ffffffec -
-[r] 04 05 00000000 00000000
-[e] 01000268 00000002 0
-[w] 01000260 1 1e 00000000
-[f] 01000274 00000e93
-[d] 01000270 13 1d 00 - 0 - 00000000 -
-[r] 00 - 00000001 -
-[e] 0100026c 01000258 0
-[w] 01000264 1 04 00000002
-[f] 01000278 01700193
-[d] 01000274 13 03 00 - 0 - 00000017 -
-[r] 00 - 00000000 -
-[e] 01000270 00000000 0
-[w] 01000268 1 05 00000002
-[f] 0100027c 25df1863
-[d] 01000278 63 - 1e 1d 1 - 00000250 -
-[r] 1e 1d 00000000 00000000
-[e] 01000274 00000017 0
-[f] 01000280 00000213
-[d] 0100027c 13 04 00 - 0 - 00000000 -
-[r] 00 - 00000000 -
-[e] 01000278 010004c8 0
-[w] 01000270 1 1d 00000000
-[f] 01000284 00b00093
-[d] 01000280 13 01 00 - 0 - 0000000b -
-[r] 00 - 00000000 -
-[e] 0100027c 00000000 0
-[w] 01000274 1 03 00000017
-[f] 01000288 00d00113
-[d] 01000284 13 02 00 - 0 - 0000000d -
-[r] 00 - 00000000 -
-[e] 01000280 0000000b 0
-[f] 01000290 0020bf33
-[d] 0100028c 33 1e 01 02 3 00 - -
-[r] 01 02 00000000 00000000
-[w] 01000280 1 01 0000000b
-[f] 01000290 0020bf33
-[d] 0100028c 33 1e 01 02 3 00 - -
-[r] 01 02 0000000e 0000000d
-[e] 0100028c 0000000e 0
-[w] 01000284 1 02 0000000d
-[f] 01000290 0020bf33
-[d] 0100028c 33 1e 01 02 3 00 - -
-[r] 01 02 0000000b 0000000d
-[e] 0100028c 0000000b 0
-[f] 01000294 00120213
-[d] 01000290 13 04 04 - 0 - 00000001 -
-[r] 04 - 0000000b -
-[e] 0100028c 00000001 0
-[f] 01000298 00200293
-[d] 01000294 13 05 00 - 0 - 00000002 -
-[r] 00 - 00000000 -
-[e] 01000290 00000001 0
-[f] 0100029c fe5214e3
-[d] 01000298 63 - 04 05 1 - ffffffe8 -
-[r] 04 05 00000000 00000000
-[e] 01000294 00000002 0
-[w] 0100028c 1 1e 00000001
-[f] 010002a0 00100e93
-[d] 0100029c 13 1d 00 - 0 - 00000001 -
-[r] 00 - 00000000 -
-[e] 01000298 01000280 1
-[w] 01000290 1 04 00000001
-[f] 01000284 00b00093
-[d] 01000280 13 01 00 - 0 - 0000000b -
-[r] 00 - 00000000 -
-[f] 01000288 00d00113
-[d] 01000284 13 02 00 - 0 - 0000000d -
-[r] 00 - 00000000 -
-[e] 01000280 0000000b 0
-[f] 01000290 0020bf33
-[d] 0100028c 33 1e 01 02 3 00 - -
-[r] 01 02 00000000 00000000
-[w] 01000280 1 01 0000000b
-[f] 01000290 0020bf33
-[d] 0100028c 33 1e 01 02 3 00 - -
-[r] 01 02 0000000b 0000000d
-[e] 0100028c 0000000b 0
-[w] 01000284 1 02 0000000d
-[f] 01000290 0020bf33
-[d] 0100028c 33 1e 01 02 3 00 - -
-[r] 01 02 0000000b 0000000d
-[e] 0100028c 0000000b 0
-[f] 01000294 00120213
-[d] 01000290 13 04 04 - 0 - 00000001 -
-[r] 04 - 0000000b -
-[e] 0100028c 00000001 0
-[f] 01000298 00200293
-[d] 01000294 13 05 00 - 0 - 00000002 -
-[r] 00 - 00000001 -
-[e] 01000290 00000002 0
-[f] 0100029c fe5214e3
-[d] 01000298 63 - 04 05 1 - ffffffe8 -
-[r] 04 05 00000000 00000000
-[e] 01000294 00000002 0
-[w] 0100028c 1 1e 00000001
-[f] 010002a0 00100e93
-[d] 0100029c 13 1d 00 - 0 - 00000001 -
-[r] 00 - 00000001 -
-[e] 01000298 01000280 0
-[w] 01000290 1 04 00000002
-[f] 010002a4 01800193
-[d] 010002a0 13 03 00 - 0 - 00000018 -
-[r] 00 - 00000000 -
-[e] 0100029c 00000001 0
-[w] 01000294 1 05 00000002
-[f] 010002a8 23df1263
-[d] 010002a4 63 - 1e 1d 1 - 00000224 -
-[r] 1e 1d 00000000 00000000
-[e] 010002a0 00000018 0
-[f] 010002ac 00000213
-[d] 010002a8 13 04 00 - 0 - 00000000 -
-[r] 00 - 00000001 -
-[e] 010002a4 010004c8 0
-[w] 0100029c 1 1d 00000001
-[f] 010002b0 00f00093
-[d] 010002ac 13 01 00 - 0 - 0000000f -
-[r] 00 - 00000000 -
-[e] 010002a8 00000000 0
-[w] 010002a0 1 03 00000018
-[f] 010002b4 00d00113
-[d] 010002b0 13 02 00 - 0 - 0000000d -
-[r] 00 - 00000000 -
-[e] 010002ac 0000000f 0
-[f] 010002c0 0020bf33
-[d] 010002bc 33 1e 01 02 3 00 - -
-[r] 01 02 00000000 00000000
-[w] 010002b0 1 02 0000000d
-[f] 010002c0 0020bf33
-[d] 010002bc 33 1e 01 02 3 00 - -
-[r] 01 02 0000000f 0000000d
-[e] 010002bc 0000000f 0
-[f] 010002c4 00120213
-[d] 010002c0 13 04 04 - 0 - 00000001 -
-[r] 04 - 0000000f -
-[e] 010002bc 00000000 0
-[f] 010002c8 00200293
-[d] 010002c4 13 05 00 - 0 - 00000002 -
-[r] 00 - 00000000 -
-[e] 010002c0 00000001 0
-[f] 010002cc fe5212e3
-[d] 010002c8 63 - 04 05 1 - ffffffe4 -
-[r] 04 05 00000000 00000000
-[e] 010002c4 00000002 0
-[w] 010002bc 1 1e 00000000
-[f] 010002d0 00000e93
-[d] 010002cc 13 1d 00 - 0 - 00000000 -
-[r] 00 - 00000000 -
-[e] 010002c8 010002ac 1
-[w] 010002c0 1 04 00000001
-[f] 010002b0 00f00093
-[d] 010002ac 13 01 00 - 0 - 0000000f -
-[r] 00 - 00000000 -
-[f] 010002b4 00d00113
-[d] 010002b0 13 02 00 - 0 - 0000000d -
-[r] 00 - 00000000 -
-[e] 010002ac 0000000f 0
-[f] 010002c0 0020bf33
-[d] 010002bc 33 1e 01 02 3 00 - -
-[r] 01 02 00000000 00000000
-[w] 010002b0 1 02 0000000d
-[f] 010002c0 0020bf33
-[d] 010002bc 33 1e 01 02 3 00 - -
-[r] 01 02 0000000f 0000000d
-[e] 010002bc 0000000f 0
-[f] 010002c4 00120213
-[d] 010002c0 13 04 04 - 0 - 00000001 -
-[r] 04 - 0000000f -
-[e] 010002bc 00000000 0
-[f] 010002c8 00200293
-[d] 010002c4 13 05 00 - 0 - 00000002 -
-[r] 00 - 00000001 -
-[e] 010002c0 00000002 0
-[f] 010002cc fe5212e3
-[d] 010002c8 63 - 04 05 1 - ffffffe4 -
-[r] 04 05 00000000 00000000
-[e] 010002c4 00000002 0
-[w] 010002bc 1 1e 00000000
-[f] 010002d0 00000e93
-[d] 010002cc 13 1d 00 - 0 - 00000000 -
-[r] 00 - 00000001 -
-[e] 010002c8 010002ac 0
-[w] 010002c0 1 04 00000002
-[f] 010002d4 01900193
-[d] 010002d0 13 03 00 - 0 - 00000019 -
-[r] 00 - 00000000 -
-[e] 010002cc 00000000 0
-[w] 010002c4 1 05 00000002
-[f] 010002d8 1fdf1a63
-[d] 010002d4 63 - 1e 1d 1 - 000001f4 -
-[r] 1e 1d 00000000 00000000
-[e] 010002d0 00000019 0
-[f] 010002dc 00000213
-[d] 010002d8 13 04 00 - 0 - 00000000 -
-[r] 00 - 00000000 -
-[e] 010002d4 010004c8 0
-[w] 010002cc 1 1d 00000000
-[f] 010002e0 00a00093
-[d] 010002dc 13 01 00 - 0 - 0000000a -
-[r] 00 - 00000000 -
-[e] 010002d8 00000000 0
-[w] 010002d0 1 03 00000019
-[f] 010002e8 00d00113
-[d] 010002e4 13 02 00 - 0 - 0000000d -
-[r] 00 - 00000000 -
-[w] 010002d8 1 04 00000000
-[f] 010002ec 0020bf33
-[d] 010002e8 33 1e 01 02 3 00 - -
-[r] 01 02 00000000 00000000
-[e] 010002e4 0000000d 0
-[w] 010002dc 1 01 0000000a
-[f] 010002ec 0020bf33
-[d] 010002e8 33 1e 01 02 3 00 - -
-[r] 01 02 0000000f 0000000d
-[e] 010002e8 0000000f 0
-[f] 010002f0 00120213
-[d] 010002ec 13 04 04 - 0 - 00000001 -
-[r] 04 - 0000000a -
-[e] 010002e8 00000001 0
-[w] 010002e4 1 02 0000000d
-[f] 010002f4 00200293
-[d] 010002f0 13 05 00 - 0 - 00000002 -
-[r] 00 - 00000000 -
-[e] 010002ec 00000001 0
-[f] 010002f8 fe5214e3
-[d] 010002f4 63 - 04 05 1 - ffffffe8 -
-[r] 04 05 00000000 00000000
-[e] 010002f0 00000002 0
-[w] 010002e8 1 1e 00000001
-[f] 010002fc 00100e93
-[d] 010002f8 13 1d 00 - 0 - 00000001 -
-[r] 00 - 00000000 -
-[e] 010002f4 010002dc 1
-[w] 010002ec 1 04 00000001
-[f] 010002e0 00a00093
-[d] 010002dc 13 01 00 - 0 - 0000000a -
-[r] 00 - 00000000 -
-[f] 010002e8 00d00113
-[d] 010002e4 13 02 00 - 0 - 0000000d -
-[r] 00 - 00000000 -
-[f] 010002ec 0020bf33
-[d] 010002e8 33 1e 01 02 3 00 - -
-[r] 01 02 00000000 00000000
-[e] 010002e4 0000000d 0
-[w] 010002dc 1 01 0000000a
-[f] 010002ec 0020bf33
-[d] 010002e8 33 1e 01 02 3 00 - -
-[r] 01 02 0000000a 0000000d
-[e] 010002e8 0000000a 0
-[f] 010002f0 00120213
-[d] 010002ec 13 04 04 - 0 - 00000001 -
-[r] 04 - 0000000a -
-[e] 010002e8 00000001 0
-[w] 010002e4 1 02 0000000d
-[f] 010002f4 00200293
-[d] 010002f0 13 05 00 - 0 - 00000002 -
-[r] 00 - 00000001 -
-[e] 010002ec 00000002 0
-[f] 010002f8 fe5214e3
-[d] 010002f4 63 - 04 05 1 - ffffffe8 -
-[r] 04 05 00000000 00000000
-[e] 010002f0 00000002 0
-[w] 010002e8 1 1e 00000001
-[f] 010002fc 00100e93
-[d] 010002f8 13 1d 00 - 0 - 00000001 -
-[r] 00 - 00000001 -
-[e] 010002f4 010002dc 0
-[w] 010002ec 1 04 00000002
-[f] 01000300 01a00193
-[d] 010002fc 13 03 00 - 0 - 0000001a -
-[r] 00 - 00000000 -
-[e] 010002f8 00000001 0
-[w] 010002f0 1 05 00000002
-[f] 01000304 1ddf1463
-[d] 01000300 63 - 1e 1d 1 - 000001c8 -
-[r] 1e 1d 00000000 00000000
-[e] 010002fc 0000001a 0
-[f] 01000308 00000213
-[d] 01000304 13 04 00 - 0 - 00000000 -
-[r] 00 - 00000001 -
-[e] 01000300 010004c8 0
-[w] 010002f8 1 1d 00000001
-[f] 0100030c 01000093
-[d] 01000308 13 01 00 - 0 - 00000010 -
-[r] 00 - 00000000 -
-[e] 01000304 00000000 0
-[w] 010002fc 1 03 0000001a
-[f] 01000314 00d00113
-[d] 01000310 13 02 00 - 0 - 0000000d -
-[r] 00 - 00000000 -
-[w] 01000304 1 04 00000000
-[f] 0100031c 0020bf33
-[d] 01000318 33 1e 01 02 3 00 - -
-[r] 01 02 00000000 00000000
-[f] 01000320 00120213
-[d] 0100031c 13 04 04 - 0 - 00000001 -
-[r] 04 - 00000010 -
-[e] 01000318 00000000 0
-[w] 01000310 1 02 0000000d
-[f] 01000324 00200293
-[d] 01000320 13 05 00 - 0 - 00000002 -
-[r] 00 - 00000000 -
-[e] 0100031c 00000001 0
-[f] 01000328 fe5212e3
-[d] 01000324 63 - 04 05 1 - ffffffe4 -
-[r] 04 05 00000000 00000000
-[e] 01000320 00000002 0
-[w] 01000318 1 1e 00000000
-[f] 0100032c 00000e93
-[d] 01000328 13 1d 00 - 0 - 00000000 -
-[r] 00 - 00000000 -
-[e] 01000324 01000308 1
-[w] 0100031c 1 04 00000001
-[f] 0100030c 01000093
-[d] 01000308 13 01 00 - 0 - 00000010 -
-[r] 00 - 00000000 -
-[f] 01000314 00d00113
-[d] 01000310 13 02 00 - 0 - 0000000d -
-[r] 00 - 00000000 -
-[f] 0100031c 0020bf33
-[d] 01000318 33 1e 01 02 3 00 - -
-[r] 01 02 00000000 00000000
-[f] 01000320 00120213
-[d] 0100031c 13 04 04 - 0 - 00000001 -
-[r] 04 - 00000010 -
-[e] 01000318 00000000 0
-[w] 01000310 1 02 0000000d
-[f] 01000324 00200293
-[d] 01000320 13 05 00 - 0 - 00000002 -
-[r] 00 - 00000001 -
-[e] 0100031c 00000002 0
-[f] 01000328 fe5212e3
-[d] 01000324 63 - 04 05 1 - ffffffe4 -
-[r] 04 05 00000000 00000000
-[e] 01000320 00000002 0
-[w] 01000318 1 1e 00000000
-[f] 0100032c 00000e93
-[d] 01000328 13 1d 00 - 0 - 00000000 -
-[r] 00 - 00000001 -
-[e] 01000324 01000308 0
-[w] 0100031c 1 04 00000002
-[f] 01000330 01b00193
-[d] 0100032c 13 03 00 - 0 - 0000001b -
-[r] 00 - 00000000 -
-[e] 01000328 00000000 0
-[w] 01000320 1 05 00000002
-[f] 01000334 19df1c63
-[d] 01000330 63 - 1e 1d 1 - 00000198 -
-[r] 1e 1d 00000000 00000000
-[e] 0100032c 0000001b 0
-[f] 01000338 00000213
-[d] 01000334 13 04 00 - 0 - 00000000 -
-[r] 00 - 00000000 -
-[e] 01000330 010004c8 0
-[w] 01000328 1 1d 00000000
-[f] 0100033c 00900093
-[d] 01000338 13 01 00 - 0 - 00000009 -
-[r] 00 - 00000000 -
-[e] 01000334 00000000 0
-[w] 0100032c 1 03 0000001b
-[f] 01000348 00d00113
-[d] 01000344 13 02 00 - 0 - 0000000d -
-[r] 00 - 00000000 -
-[w] 01000338 1 01 00000009
-[f] 0100034c 0020bf33
-[d] 01000348 33 1e 01 02 3 00 - -
-[r] 01 02 00000000 00000000
-[e] 01000344 0000000d 0
-[f] 01000350 00120213
-[d] 0100034c 13 04 04 - 0 - 00000001 -
-[r] 04 - 00000009 -
-[e] 01000348 00000001 0
-[f] 01000354 00200293
-[d] 01000350 13 05 00 - 0 - 00000002 -
-[r] 00 - 00000000 -
-[e] 0100034c 00000001 0
-[w] 01000344 1 02 0000000d
-[f] 01000358 fe5212e3
-[d] 01000354 63 - 04 05 1 - ffffffe4 -
-[r] 04 05 00000000 00000000
-[e] 01000350 00000002 0
-[w] 01000348 1 1e 00000001
-[f] 0100035c 00100e93
-[d] 01000358 13 1d 00 - 0 - 00000001 -
-[r] 00 - 00000000 -
-[e] 01000354 01000338 1
-[w] 0100034c 1 04 00000001
-[f] 0100033c 00900093
-[d] 01000338 13 01 00 - 0 - 00000009 -
-[r] 00 - 00000000 -
-[f] 01000348 00d00113
-[d] 01000344 13 02 00 - 0 - 0000000d -
-[r] 00 - 00000000 -
-[w] 01000338 1 01 00000009
-[f] 0100034c 0020bf33
-[d] 01000348 33 1e 01 02 3 00 - -
-[r] 01 02 00000000 00000000
-[e] 01000344 0000000d 0
-[f] 01000350 00120213
-[d] 0100034c 13 04 04 - 0 - 00000001 -
-[r] 04 - 00000009 -
-[e] 01000348 00000001 0
-[f] 01000354 00200293
-[d] 01000350 13 05 00 - 0 - 00000002 -
-[r] 00 - 00000001 -
-[e] 0100034c 00000002 0
-[w] 01000344 1 02 0000000d
-[f] 01000358 fe5212e3
-[d] 01000354 63 - 04 05 1 - ffffffe4 -
-[r] 04 05 00000000 00000000
-[e] 01000350 00000002 0
-[w] 01000348 1 1e 00000001
-[f] 0100035c 00100e93
-[d] 01000358 13 1d 00 - 0 - 00000001 -
-[r] 00 - 00000001 -
-[e] 01000354 01000338 0
-[w] 0100034c 1 04 00000002
-[f] 01000360 01c00193
-[d] 0100035c 13 03 00 - 0 - 0000001c -
-[r] 00 - 00000000 -
-[e] 01000358 00000001 0
-[w] 01000350 1 05 00000002
-[f] 01000364 17df1463
-[d] 01000360 63 - 1e 1d 1 - 00000168 -
-[r] 1e 1d 00000000 00000000
-[e] 0100035c 0000001c 0
-[f] 01000368 00000213
-[d] 01000364 13 04 00 - 0 - 00000000 -
-[r] 00 - 00000001 -
-[e] 01000360 010004c8 0
-[w] 01000358 1 1d 00000001
-[f] 0100036c 00d00113
-[d] 01000368 13 02 00 - 0 - 0000000d -
-[r] 00 - 00000000 -
-[e] 01000364 00000000 0
-[w] 0100035c 1 03 0000001c
-[f] 01000370 01100093
-[d] 0100036c 13 01 00 - 0 - 00000011 -
-[r] 00 - 00000000 -
-[e] 01000368 0000000d 0
-[f] 01000374 0020bf33
-[d] 01000370 33 1e 01 02 3 00 - -
-[r] 01 02 00000000 00000000
-[e] 0100036c 00000011 0
-[w] 01000364 1 04 00000000
-[f] 01000378 00120213
-[d] 01000374 13 04 04 - 0 - 00000001 -
-[r] 04 - 00000009 -
-[e] 01000370 00000000 0
-[w] 01000368 1 02 0000000d
-[f] 0100037c 00200293
-[d] 01000378 13 05 00 - 0 - 00000002 -
-[r] 00 - 00000000 -
-[e] 01000374 00000001 0
-[w] 0100036c 1 01 00000011
-[f] 01000380 fe5216e3
-[d] 0100037c 63 - 04 05 1 - ffffffec -
-[r] 04 05 00000000 00000000
-[e] 01000378 00000002 0
-[w] 01000370 1 1e 00000000
-[f] 01000384 00000e93
-[d] 01000380 13 1d 00 - 0 - 00000000 -
-[r] 00 - 00000000 -
-[e] 0100037c 01000368 1
-[w] 01000374 1 04 00000001
-[f] 0100036c 00d00113
-[d] 01000368 13 02 00 - 0 - 0000000d -
-[r] 00 - 00000000 -
-[f] 01000370 01100093
-[d] 0100036c 13 01 00 - 0 - 00000011 -
-[r] 00 - 00000000 -
-[e] 01000368 0000000d 0
-[f] 01000374 0020bf33
-[d] 01000370 33 1e 01 02 3 00 - -
-[r] 01 02 00000000 00000000
-[e] 0100036c 00000011 0
-[f] 01000378 00120213
-[d] 01000374 13 04 04 - 0 - 00000001 -
-[r] 04 - 00000011 -
-[e] 01000370 00000000 0
-[w] 01000368 1 02 0000000d
-[f] 0100037c 00200293
-[d] 01000378 13 05 00 - 0 - 00000002 -
-[r] 00 - 00000001 -
-[e] 01000374 00000002 0
-[w] 0100036c 1 01 00000011
-[f] 01000380 fe5216e3
-[d] 0100037c 63 - 04 05 1 - ffffffec -
-[r] 04 05 00000000 00000000
-[e] 01000378 00000002 0
-[w] 01000370 1 1e 00000000
-[f] 01000384 00000e93
-[d] 01000380 13 1d 00 - 0 - 00000000 -
-[r] 00 - 00000001 -
-[e] 0100037c 01000368 0
-[w] 01000374 1 04 00000002
-[f] 01000388 01d00193
-[d] 01000384 13 03 00 - 0 - 0000001d -
-[r] 00 - 00000000 -
-[e] 01000380 00000000 0
-[w] 01000378 1 05 00000002
-[f] 0100038c 15df1063
-[d] 01000388 63 - 1e 1d 1 - 00000140 -
-[r] 1e 1d 00000000 00000000
-[e] 01000384 0000001d 0
-[f] 01000390 00000213
-[d] 0100038c 13 04 00 - 0 - 00000000 -
-[r] 00 - 00000000 -
-[e] 01000388 010004c8 0
-[w] 01000380 1 1d 00000000
-[f] 01000394 00d00113
-[d] 01000390 13 02 00 - 0 - 0000000d -
-[r] 00 - 00000000 -
-[e] 0100038c 00000000 0
-[w] 01000384 1 03 0000001d
-[f] 01000398 00800093
-[d] 01000394 13 01 00 - 0 - 00000008 -
-[r] 00 - 00000000 -
-[e] 01000390 0000000d 0
-[f] 010003a0 0020bf33
-[d] 0100039c 33 1e 01 02 3 00 - -
-[r] 01 02 00000000 00000000
-[w] 01000390 1 02 0000000d
-[f] 010003a0 0020bf33
-[d] 0100039c 33 1e 01 02 3 00 - -
-[r] 01 02 00000011 0000000d
-[e] 0100039c 00000011 0
-[w] 01000394 1 01 00000008
-[f] 010003a0 0020bf33
-[d] 0100039c 33 1e 01 02 3 00 - -
-[r] 01 02 00000011 0000000d
-[e] 0100039c 00000011 0
-[f] 010003a4 00120213
-[d] 010003a0 13 04 04 - 0 - 00000001 -
-[r] 04 - 00000008 -
-[e] 0100039c 00000001 0
-[f] 010003a8 00200293
-[d] 010003a4 13 05 00 - 0 - 00000002 -
-[r] 00 - 00000000 -
-[e] 010003a0 00000001 0
-[f] 010003ac fe5214e3
-[d] 010003a8 63 - 04 05 1 - ffffffe8 -
-[r] 04 05 00000000 00000000
-[e] 010003a4 00000002 0
-[w] 0100039c 1 1e 00000001
-[f] 010003b0 00100e93
-[d] 010003ac 13 1d 00 - 0 - 00000001 -
-[r] 00 - 00000000 -
-[e] 010003a8 01000390 1
-[w] 010003a0 1 04 00000001
-[f] 01000394 00d00113
-[d] 01000390 13 02 00 - 0 - 0000000d -
-[r] 00 - 00000000 -
-[f] 01000398 00800093
-[d] 01000394 13 01 00 - 0 - 00000008 -
-[r] 00 - 00000000 -
-[e] 01000390 0000000d 0
-[f] 010003a0 0020bf33
-[d] 0100039c 33 1e 01 02 3 00 - -
-[r] 01 02 00000000 00000000
-[w] 01000390 1 02 0000000d
-[f] 010003a0 0020bf33
-[d] 0100039c 33 1e 01 02 3 00 - -
-[r] 01 02 00000008 0000000d
-[e] 0100039c 00000008 0
-[w] 01000394 1 01 00000008
-[f] 010003a0 0020bf33
-[d] 0100039c 33 1e 01 02 3 00 - -
-[r] 01 02 00000008 0000000d
-[e] 0100039c 00000008 0
-[f] 010003a4 00120213
-[d] 010003a0 13 04 04 - 0 - 00000001 -
-[r] 04 - 00000008 -
-[e] 0100039c 00000001 0
-[f] 010003a8 00200293
-[d] 010003a4 13 05 00 - 0 - 00000002 -
-[r] 00 - 00000001 -
-[e] 010003a0 00000002 0
-[f] 010003ac fe5214e3
-[d] 010003a8 63 - 04 05 1 - ffffffe8 -
-[r] 04 05 00000000 00000000
-[e] 010003a4 00000002 0
-[w] 0100039c 1 1e 00000001
-[f] 010003b0 00100e93
-[d] 010003ac 13 1d 00 - 0 - 00000001 -
-[r] 00 - 00000001 -
-[e] 010003a8 01000390 0
-[w] 010003a0 1 04 00000002
-[f] 010003b4 01e00193
-[d] 010003b0 13 03 00 - 0 - 0000001e -
-[r] 00 - 00000000 -
-[e] 010003ac 00000001 0
-[w] 010003a4 1 05 00000002
-[f] 010003b8 11df1a63
-[d] 010003b4 63 - 1e 1d 1 - 00000114 -
-[r] 1e 1d 00000000 00000000
-[e] 010003b0 0000001e 0
-[f] 010003bc 00000213
-[d] 010003b8 13 04 00 - 0 - 00000000 -
-[r] 00 - 00000001 -
-[e] 010003b4 010004c8 0
-[w] 010003ac 1 1d 00000001
-[f] 010003c0 00d00113
-[d] 010003bc 13 02 00 - 0 - 0000000d -
-[r] 00 - 00000000 -
-[e] 010003b8 00000000 0
-[w] 010003b0 1 03 0000001e
-[f] 010003c4 01200093
-[d] 010003c0 13 01 00 - 0 - 00000012 -
-[r] 00 - 00000000 -
-[e] 010003bc 0000000d 0
-[f] 010003d0 0020bf33
-[d] 010003cc 33 1e 01 02 3 00 - -
-[r] 01 02 00000000 00000000
-[w] 010003c0 1 01 00000012
-[f] 010003d0 0020bf33
-[d] 010003cc 33 1e 01 02 3 00 - -
-[r] 01 02 00000008 0000000d
-[e] 010003cc 00000008 0
-[f] 010003d4 00120213
-[d] 010003d0 13 04 04 - 0 - 00000001 -
-[r] 04 - 00000012 -
-[e] 010003cc 00000000 0
-[f] 010003d8 00200293
-[d] 010003d4 13 05 00 - 0 - 00000002 -
-[r] 00 - 00000000 -
-[e] 010003d0 00000001 0
-[f] 010003dc fe5212e3
-[d] 010003d8 63 - 04 05 1 - ffffffe4 -
-[r] 04 05 00000000 00000000
-[e] 010003d4 00000002 0
-[w] 010003cc 1 1e 00000000
-[f] 010003e0 00000e93
-[d] 010003dc 13 1d 00 - 0 - 00000000 -
-[r] 00 - 00000000 -
-[e] 010003d8 010003bc 1
-[w] 010003d0 1 04 00000001
-[f] 010003c0 00d00113
-[d] 010003bc 13 02 00 - 0 - 0000000d -
-[r] 00 - 00000000 -
-[f] 010003c4 01200093
-[d] 010003c0 13 01 00 - 0 - 00000012 -
-[r] 00 - 00000000 -
-[e] 010003bc 0000000d 0
-[f] 010003d0 0020bf33
-[d] 010003cc 33 1e 01 02 3 00 - -
-[r] 01 02 00000000 00000000
-[w] 010003c0 1 01 00000012
-[f] 010003d0 0020bf33
-[d] 010003cc 33 1e 01 02 3 00 - -
-[r] 01 02 00000012 0000000d
-[e] 010003cc 00000012 0
-[f] 010003d4 00120213
-[d] 010003d0 13 04 04 - 0 - 00000001 -
-[r] 04 - 00000012 -
-[e] 010003cc 00000000 0
-[f] 010003d8 00200293
-[d] 010003d4 13 05 00 - 0 - 00000002 -
-[r] 00 - 00000001 -
-[e] 010003d0 00000002 0
-[f] 010003dc fe5212e3
-[d] 010003d8 63 - 04 05 1 - ffffffe4 -
-[r] 04 05 00000000 00000000
-[e] 010003d4 00000002 0
-[w] 010003cc 1 1e 00000000
-[f] 010003e0 00000e93
-[d] 010003dc 13 1d 00 - 0 - 00000000 -
-[r] 00 - 00000001 -
-[e] 010003d8 010003bc 0
-[w] 010003d0 1 04 00000002
-[f] 010003e4 01f00193
-[d] 010003e0 13 03 00 - 0 - 0000001f -
-[r] 00 - 00000000 -
-[e] 010003dc 00000000 0
-[w] 010003d4 1 05 00000002
-[f] 010003e8 0fdf1263
-[d] 010003e4 63 - 1e 1d 1 - 000000e4 -
-[r] 1e 1d 00000000 00000000
-[e] 010003e0 0000001f 0
-[f] 010003ec 00000213
-[d] 010003e8 13 04 00 - 0 - 00000000 -
-[r] 00 - 00000000 -
-[e] 010003e4 010004c8 0
-[w] 010003dc 1 1d 00000000
-[f] 010003f0 00d00113
-[d] 010003ec 13 02 00 - 0 - 0000000d -
-[r] 00 - 00000000 -
-[e] 010003e8 00000000 0
-[w] 010003e0 1 03 0000001f
-[f] 010003f8 00700093
-[d] 010003f4 13 01 00 - 0 - 00000007 -
-[r] 00 - 00000000 -
-[w] 010003e8 1 04 00000000
-[f] 010003fc 0020bf33
-[d] 010003f8 33 1e 01 02 3 00 - -
-[r] 01 02 00000000 00000000
-[e] 010003f4 00000007 0
-[w] 010003ec 1 02 0000000d
-[f] 010003fc 0020bf33
-[d] 010003f8 33 1e 01 02 3 00 - -
-[r] 01 02 00000012 0000000d
-[e] 010003f8 00000012 0
-[f] 01000400 00120213
-[d] 010003fc 13 04 04 - 0 - 00000001 -
-[r] 04 - 00000012 -
-[e] 010003f8 00000001 0
-[w] 010003f4 1 01 00000007
-[f] 01000404 00200293
-[d] 01000400 13 05 00 - 0 - 00000002 -
-[r] 00 - 00000000 -
-[e] 010003fc 00000001 0
-[f] 01000408 fe5214e3
-[d] 01000404 63 - 04 05 1 - ffffffe8 -
-[r] 04 05 00000000 00000000
-[e] 01000400 00000002 0
-[w] 010003f8 1 1e 00000001
-[f] 0100040c 00100e93
-[d] 01000408 13 1d 00 - 0 - 00000001 -
-[r] 00 - 00000000 -
-[e] 01000404 010003ec 1
-[w] 010003fc 1 04 00000001
-[f] 010003f0 00d00113
-[d] 010003ec 13 02 00 - 0 - 0000000d -
-[r] 00 - 00000000 -
-[f] 010003f8 00700093
-[d] 010003f4 13 01 00 - 0 - 00000007 -
-[r] 00 - 00000000 -
-[f] 010003fc 0020bf33
-[d] 010003f8 33 1e 01 02 3 00 - -
-[r] 01 02 00000000 00000000
-[e] 010003f4 00000007 0
-[w] 010003ec 1 02 0000000d
-[f] 010003fc 0020bf33
-[d] 010003f8 33 1e 01 02 3 00 - -
-[r] 01 02 00000007 0000000d
-[e] 010003f8 00000007 0
-[f] 01000400 00120213
-[d] 010003fc 13 04 04 - 0 - 00000001 -
-[r] 04 - 00000007 -
-[e] 010003f8 00000001 0
-[w] 010003f4 1 01 00000007
-[f] 01000404 00200293
-[d] 01000400 13 05 00 - 0 - 00000002 -
-[r] 00 - 00000001 -
-[e] 010003fc 00000002 0
-[f] 01000408 fe5214e3
-[d] 01000404 63 - 04 05 1 - ffffffe8 -
-[r] 04 05 00000000 00000000
-[e] 01000400 00000002 0
-[w] 010003f8 1 1e 00000001
-[f] 0100040c 00100e93
-[d] 01000408 13 1d 00 - 0 - 00000001 -
-[r] 00 - 00000001 -
-[e] 01000404 010003ec 0
-[w] 010003fc 1 04 00000002
-[f] 01000410 02000193
-[d] 0100040c 13 03 00 - 0 - 00000020 -
-[r] 00 - 00000000 -
-[e] 01000408 00000001 0
-[w] 01000400 1 05 00000002
-[f] 01000414 0bdf1c63
-[d] 01000410 63 - 1e 1d 1 - 000000b8 -
-[r] 1e 1d 00000000 00000000
-[e] 0100040c 00000020 0
-[f] 01000418 00000213
-[d] 01000414 13 04 00 - 0 - 00000000 -
-[r] 00 - 00000001 -
-[e] 01000410 010004c8 0
-[w] 01000408 1 1d 00000001
-[f] 0100041c 00d00113
-[d] 01000418 13 02 00 - 0 - 0000000d -
-[r] 00 - 00000000 -
-[e] 01000414 00000000 0
-[w] 0100040c 1 03 00000020
-[f] 01000424 01300093
-[d] 01000420 13 01 00 - 0 - 00000013 -
-[r] 00 - 00000000 -
-[w] 01000414 1 04 00000000
-[f] 0100042c 0020bf33
-[d] 01000428 33 1e 01 02 3 00 - -
-[r] 01 02 00000000 00000000
-[f] 01000430 00120213
-[d] 0100042c 13 04 04 - 0 - 00000001 -
-[r] 04 - 00000007 -
-[e] 01000428 00000000 0
-[w] 01000420 1 01 00000013
-[f] 01000434 00200293
-[d] 01000430 13 05 00 - 0 - 00000002 -
-[r] 00 - 00000000 -
-[e] 0100042c 00000001 0
-[f] 01000438 fe5212e3
-[d] 01000434 63 - 04 05 1 - ffffffe4 -
-[r] 04 05 00000000 00000000
-[e] 01000430 00000002 0
-[w] 01000428 1 1e 00000000
-[f] 0100043c 00000e93
-[d] 01000438 13 1d 00 - 0 - 00000000 -
-[r] 00 - 00000000 -
-[e] 01000434 01000418 1
-[w] 0100042c 1 04 00000001
-[f] 0100041c 00d00113
-[d] 01000418 13 02 00 - 0 - 0000000d -
-[r] 00 - 00000000 -
-[f] 01000424 01300093
-[d] 01000420 13 01 00 - 0 - 00000013 -
-[r] 00 - 00000000 -
-[f] 0100042c 0020bf33
-[d] 01000428 33 1e 01 02 3 00 - -
-[r] 01 02 00000000 00000000
-[f] 01000430 00120213
-[d] 0100042c 13 04 04 - 0 - 00000001 -
-[r] 04 - 00000013 -
-[e] 01000428 00000000 0
-[w] 01000420 1 01 00000013
-[f] 01000434 00200293
-[d] 01000430 13 05 00 - 0 - 00000002 -
-[r] 00 - 00000001 -
-[e] 0100042c 00000002 0
-[f] 01000438 fe5212e3
-[d] 01000434 63 - 04 05 1 - ffffffe4 -
-[r] 04 05 00000000 00000000
-[e] 01000430 00000002 0
-[w] 01000428 1 1e 00000000
-[f] 0100043c 00000e93
-[d] 01000438 13 1d 00 - 0 - 00000000 -
-[r] 00 - 00000001 -
-[e] 01000434 01000418 0
-[w] 0100042c 1 04 00000002
-[f] 01000440 02100193
-[d] 0100043c 13 03 00 - 0 - 00000021 -
-[r] 00 - 00000000 -
-[e] 01000438 00000000 0
-[w] 01000430 1 05 00000002
-[f] 01000444 09df1463
-[d] 01000440 63 - 1e 1d 1 - 00000088 -
-[r] 1e 1d 00000000 00000000
-[e] 0100043c 00000021 0
-[f] 01000448 00000213
-[d] 01000444 13 04 00 - 0 - 00000000 -
-[r] 00 - 00000000 -
-[e] 01000440 010004c8 0
-[w] 01000438 1 1d 00000000
-[f] 0100044c 00d00113
-[d] 01000448 13 02 00 - 0 - 0000000d -
-[r] 00 - 00000000 -
-[e] 01000444 00000000 0
-[w] 0100043c 1 03 00000021
-[f] 01000458 00600093
-[d] 01000454 13 01 00 - 0 - 00000006 -
-[r] 00 - 00000000 -
-[w] 01000448 1 02 0000000d
-[f] 0100045c 0020bf33
-[d] 01000458 33 1e 01 02 3 00 - -
-[r] 01 02 00000000 00000000
-[e] 01000454 00000006 0
-[f] 01000460 00120213
-[d] 0100045c 13 04 04 - 0 - 00000001 -
-[r] 04 - 00000013 -
-[e] 01000458 00000001 0
-[f] 01000464 00200293
-[d] 01000460 13 05 00 - 0 - 00000002 -
-[r] 00 - 00000000 -
-[e] 0100045c 00000001 0
-[w] 01000454 1 01 00000006
-[f] 01000468 fe5212e3
-[d] 01000464 63 - 04 05 1 - ffffffe4 -
-[r] 04 05 00000000 00000000
-[e] 01000460 00000002 0
-[w] 01000458 1 1e 00000001
-[f] 0100046c 00100e93
-[d] 01000468 13 1d 00 - 0 - 00000001 -
-[r] 00 - 00000000 -
-[e] 01000464 01000448 1
-[w] 0100045c 1 04 00000001
-[f] 0100044c 00d00113
-[d] 01000448 13 02 00 - 0 - 0000000d -
-[r] 00 - 00000000 -
-[f] 01000458 00600093
-[d] 01000454 13 01 00 - 0 - 00000006 -
-[r] 00 - 00000000 -
-[w] 01000448 1 02 0000000d
-[f] 0100045c 0020bf33
-[d] 01000458 33 1e 01 02 3 00 - -
-[r] 01 02 00000000 00000000
-[e] 01000454 00000006 0
-[f] 01000460 00120213
-[d] 0100045c 13 04 04 - 0 - 00000001 -
-[r] 04 - 00000006 -
-[e] 01000458 00000001 0
-[f] 01000464 00200293
-[d] 01000460 13 05 00 - 0 - 00000002 -
-[r] 00 - 00000001 -
-[e] 0100045c 00000002 0
-[w] 01000454 1 01 00000006
-[f] 01000468 fe5212e3
-[d] 01000464 63 - 04 05 1 - ffffffe4 -
-[r] 04 05 00000000 00000000
-[e] 01000460 00000002 0
-[w] 01000458 1 1e 00000001
-[f] 0100046c 00100e93
-[d] 01000468 13 1d 00 - 0 - 00000001 -
-[r] 00 - 00000001 -
-[e] 01000464 01000448 0
-[w] 0100045c 1 04 00000002
-[f] 01000470 02200193
-[d] 0100046c 13 03 00 - 0 - 00000022 -
-[r] 00 - 00000000 -
-[e] 01000468 00000001 0
-[w] 01000460 1 05 00000002
-[f] 01000474 05df1c63
-[d] 01000470 63 - 1e 1d 1 - 00000058 -
-[r] 1e 1d 00000000 00000000
-[e] 0100046c 00000022 0
-[f] 01000478 fff00093
-[d] 01000474 13 01 00 - 0 - ffffffff -
-[r] 00 - 00000001 -
-[e] 01000470 010004c8 0
-[w] 01000468 1 1d 00000001
-[f] 0100047c 00103133
-[d] 01000478 33 02 00 01 3 00 - -
-[r] 00 01 00000000 00000000
-[e] 01000474 ffffffff 0
-[w] 0100046c 1 03 00000022
-[f] 01000480 00100e93
-[d] 0100047c 13 1d 00 - 0 - 00000001 -
-[r] 00 - 00000000 -
-[e] 01000478 00000001 0
-[f] 01000484 02300193
-[d] 01000480 13 03 00 - 0 - 00000023 -
-[r] 00 - 00000000 -
-[e] 0100047c 00000001 0
-[w] 01000474 1 01 ffffffff
-[f] 01000488 05d11263
-[d] 01000484 63 - 02 1d 1 - 00000044 -
-[r] 02 1d 00000000 00000000
-[e] 01000480 00000023 0
-[w] 01000478 1 02 00000001
-[f] 01000488 05d11263
-[d] 01000484 63 - 02 1d 1 - 00000044 -
-[r] 02 1d 0000000d 00000001
-[e] 01000484 0000000d 0
-[w] 0100047c 1 1d 00000001
-[f] 01000488 05d11263
-[d] 01000484 63 - 02 1d 1 - 00000044 -
-[r] 02 1d 00000001 00000001
-[e] 01000484 00000001 0
-[w] 01000480 1 03 00000023
-[f] 0100048c fff00093
-[d] 01000488 13 01 00 - 0 - ffffffff -
+[e] 01000048 00000000 0
+[w] 01000044 1 03 00000004
+[f] 01000050 00300113
+[d] 0100004c 13 01 00 - 0 - 00000007 -
 [r] 00 - 00000001 -
-[e] 01000484 010004c8 0
-[f] 01000490 0000b133
-[d] 0100048c 33 02 01 00 3 00 - -
-[r] 01 00 00000000 00000000
-[e] 01000488 ffffffff 0
-[f] 01000494 00000e93
-[d] 01000490 13 1d 00 - 0 - 00000000 -
-[r] 00 - ffffffff -
-[e] 0100048c 00000000 0
-[f] 01000498 02400193
-[d] 01000494 13 03 00 - 0 - 00000024 -
-[r] 00 - 00000000 -
-[e] 01000490 00000000 0
-[w] 01000488 1 01 ffffffff
-[f] 0100049c 03d11863
-[d] 01000498 63 - 02 1d 1 - 00000030 -
-[r] 02 1d 00000000 00000000
-[e] 01000494 00000024 0
-[w] 0100048c 1 02 00000000
-[f] 0100049c 03d11863
-[d] 01000498 63 - 02 1d 1 - 00000030 -
-[r] 02 1d 00000001 00000001
-[e] 01000498 00000001 0
-[w] 01000490 1 1d 00000000
-[f] 0100049c 03d11863
-[d] 01000498 63 - 02 1d 1 - 00000030 -
-[r] 02 1d 00000000 00000001
-[e] 01000498 00000000 0
-[w] 01000494 1 03 00000024
-[f] 010004a0 000030b3
-[d] 0100049c 33 01 00 00 3 00 - -
-[r] 00 00 00000000 00000000
-[e] 01000498 010004c8 0
-[f] 010004a4 00000e93
-[d] 010004a0 13 1d 00 - 0 - 00000000 -
-[r] 00 - 00000000 -
-[e] 0100049c 00000000 0
-[f] 010004a8 02500193
-[d] 010004a4 13 03 00 - 0 - 00000025 -
-[r] 00 - 00000000 -
-[e] 010004a0 00000000 0
-[f] 010004ac 03d09063
-[d] 010004a8 63 - 01 1d 1 - 00000020 -
-[r] 01 1d 00000000 00000000
-[e] 010004a4 00000025 0
-[w] 0100049c 1 01 00000000
-[f] 010004ac 03d09063
-[d] 010004a8 63 - 01 1d 1 - 00000020 -
-[r] 01 1d ffffffff 00000000
-[e] 010004a8 ffffffff 0
-[w] 010004a0 1 1d 00000000
-[f] 010004ac 03d09063
-[d] 010004a8 63 - 01 1d 1 - 00000020 -
-[r] 01 1d 00000000 00000000
-[e] 010004a8 00000000 0
-[w] 010004a4 1 03 00000025
-[f] 010004b0 01000093
-[d] 010004ac 13 01 00 - 0 - 00000010 -
-[r] 00 - 00000000 -
-[e] 010004a8 010004c8 0
-[f] 010004b4 01e00113
-[d] 010004b0 13 02 00 - 0 - 0000001e -
-[r] 00 - 00000000 -
-[e] 010004ac 00000010 0
-[f] 010004b8 0020b033
-[d] 010004b4 33 00 01 02 3 00 - -
-[r] 01 02 00000000 00000000
-[e] 010004b0 0000001e 0
-[f] 010004bc 00000e93
-[d] 010004b8 13 1d 00 - 0 - 00000000 -
-[r] 00 - 00000000 -
-[e] 010004b4 00000001 0
-[w] 010004ac 1 01 00000010
-[f] 010004c0 02600193
-[d] 010004bc 13 03 00 - 0 - 00000026 -
-[r] 00 - 00000000 -
-[e] 010004b8 00000000 0
-[w] 010004b0 1 02 0000001e
-[f] 010004c4 01d01463
-[d] 010004c0 63 - 00 1d 1 - 00000008 -
-[r] 00 1d 00000000 00000000
-[e] 010004bc 00000026 0
-[f] 010004c8 00301c63
-[d] 010004c4 63 - 00 03 1 - 00000018 -
-[r] 00 03 00000000 00000000
-[e] 010004c0 010004c8 0
-[w] 010004b8 1 1d 00000000
-[f] 010004e4 00100193
-[d] 010004e0 13 03 00 - 0 - 00000001 -
-[r] 00 - 00000000 -
-[e] 010004dc 00000000 0
+[e] 01000048 010004cc 1
+[f] 010004d0 00018063
+[d] 010004cc 33 1e 01 02 3 00 - -
+[r] 01 02 00000000 00000000
+[f] 010004d4 00119193
+[d] 010004d0 63 - 03 00 0 - 00000000 -
+[r] 03 00 00000003 00000007
+[e] 010004cc 00000000 0
+[f] 010004d8 0011e193
+[d] 010004d4 13 03 03 - 1 - 00000000 -
+[r] 03 - 00000004 -
+[e] 010004d0 010004d0 0
+[f] 010004dc 00000073
+[d] 010004d8 13 03 03 - 6 - 00000001 -
+[r] 03 - 00000004 -
+[e] 010004d4 00000004 0
+[w] 010004cc 1 1e 00000000
