--- /tmp/tmp.uLkfD8BWjF	2025-11-28 17:09:55.574383390 -0500
+++ /tmp/tmp.ttnxJFWrda	2025-11-28 17:09:55.585383440 -0500
@@ -1,2241 +1,57 @@
-[f] 01000004 800000b7
-[d] 01000000 37 01 - - - - 80000000 -
-[r] - - - -
 [f] 01000008 00000113
-[d] 01000004 13 02 00 - 0 - 00000000 -
-[r] 00 - 00000000 -
-[e] 01000000 80000000 0
+[d] 01000004 37 01 - - - - 80000000 -
+[r] - - - -
+[e] 01000000 00000000 0
 [f] 0100000c 0020df33
-[d] 01000008 33 1e 01 02 5 00 - -
-[r] 01 02 00000000 00000000
-[e] 01000004 00000000 0
+[d] 01000008 13 02 00 - 0 - 00000000 -
+[r] 00 - 00000000 -
+[e] 01000004 80000000 0
 [f] 01000010 80000eb7
-[d] 0100000c 37 1d - - - - 80000000 -
-[r] - - - -
-[e] 01000008 80000000 0
-[w] 01000000 1 01 80000000
+[d] 0100000c 33 1e 01 02 5 00 - -
+[r] 01 02 00000000 00000000
+[e] 01000008 00000000 0
 [f] 01000014 00200193
-[d] 01000010 13 03 00 - 0 - 00000002 -
-[r] 00 - 00000000 -
+[d] 01000010 37 1d - - - - 80000000 -
+[r] - - - -
 [e] 0100000c 80000000 0
-[w] 01000004 1 02 00000000
+[w] 01000004 1 01 80000000
 [f] 01000018 57df1863
-[d] 01000014 63 - 1e 1d 1 - 00000570 -
+[d] 01000014 13 03 00 - 0 - 00000002 -
+[r] 00 - 00000000 -
+[e] 01000010 80000000 0
+[w] 01000008 1 02 00000000
+[f] 0100001c 800000b7
+[d] 01000018 63 - 1e 1d 1 - 00000570 -
 [r] 1e 1d 00000000 00000000
-[e] 01000010 00000002 0
-[w] 01000008 1 1e 80000000
-[f] 01000018 57df1863
-[d] 01000014 63 - 1e 1d 1 - 00000570 -
+[e] 01000014 00000002 0
+[w] 0100000c 1 1e 80000000
+[f] 0100001c 800000b7
+[d] 01000018 63 - 1e 1d 1 - 00000570 -
 [r] 1e 1d 00000000 00000000
-[e] 01000014 00000000 0
-[w] 0100000c 1 1d 80000000
-[f] 01000018 57df1863
-[d] 01000014 63 - 1e 1d 1 - 00000570 -
-[r] 1e 1d 80000000 00000000
-[e] 01000014 80000000 0
-[w] 01000010 1 03 00000002
+[e] 01000018 00000000 0
+[w] 01000010 1 1d 80000000
 [f] 0100001c 800000b7
-[d] 01000018 37 01 - - - - 80000000 -
-[r] - - - -
-[e] 01000014 01000584 0
+[d] 01000018 63 - 1e 1d 1 - 00000570 -
+[r] 1e 1d 80000000 00000000
+[e] 01000018 00000000 0
+[w] 01000014 1 03 00000002
 [f] 01000020 00100113
-[d] 0100001c 13 02 00 - 0 - 00000001 -
-[r] 00 - 00000000 -
-[e] 01000018 80000000 0
-[f] 01000024 0020df33
-[d] 01000020 33 1e 01 02 5 00 - -
-[r] 01 02 00000000 00000000
-[e] 0100001c 00000001 0
-[f] 01000028 40000eb7
-[d] 01000024 37 1d - - - - 40000000 -
-[r] - - - -
-[e] 01000020 40000000 0
-[w] 01000018 1 01 80000000
-[f] 0100002c 00300193
-[d] 01000028 13 03 00 - 0 - 00000003 -
-[r] 00 - 00000000 -
-[e] 01000024 40000000 0
-[w] 0100001c 1 02 00000001
-[f] 01000030 55df1c63
-[d] 0100002c 63 - 1e 1d 1 - 00000558 -
-[r] 1e 1d 00000000 00000000
-[e] 01000028 00000003 0
-[w] 01000020 1 1e 40000000
-[f] 01000030 55df1c63
-[d] 0100002c 63 - 1e 1d 1 - 00000558 -
-[r] 1e 1d 80000000 80000000
-[e] 0100002c 80000000 0
-[w] 01000024 1 1d 40000000
-[f] 01000030 55df1c63
-[d] 0100002c 63 - 1e 1d 1 - 00000558 -
-[r] 1e 1d 40000000 80000000
-[e] 0100002c 40000000 0
-[w] 01000028 1 03 00000003
-[f] 01000034 800000b7
-[d] 01000030 37 01 - - - - 80000000 -
-[r] - - - -
-[e] 0100002c 01000584 0
-[f] 01000038 00700113
-[d] 01000034 13 02 00 - 0 - 00000007 -
-[r] 00 - 00000000 -
-[e] 01000030 80000000 0
-[f] 0100003c 0020df33
-[d] 01000038 33 1e 01 02 5 00 - -
-[r] 01 02 00000000 00000000
-[e] 01000034 00000007 0
-[f] 01000040 01000eb7
-[d] 0100003c 37 1d - - - - 01000000 -
-[r] - - - -
-[e] 01000038 01000000 0
-[w] 01000030 1 01 80000000
-[f] 01000044 00400193
-[d] 01000040 13 03 00 - 0 - 00000004 -
-[r] 00 - 00000000 -
-[e] 0100003c 01000000 0
-[w] 01000034 1 02 00000007
-[f] 01000048 55df1063
-[d] 01000044 63 - 1e 1d 1 - 00000540 -
-[r] 1e 1d 00000000 00000000
-[e] 01000040 00000004 0
-[w] 01000038 1 1e 01000000
-[f] 01000048 55df1063
-[d] 01000044 63 - 1e 1d 1 - 00000540 -
-[r] 1e 1d 40000000 40000000
-[e] 01000044 40000000 0
-[w] 0100003c 1 1d 01000000
-[f] 01000048 55df1063
-[d] 01000044 63 - 1e 1d 1 - 00000540 -
-[r] 1e 1d 01000000 40000000
-[e] 01000044 01000000 0
-[w] 01000040 1 03 00000004
-[f] 0100004c 800000b7
-[d] 01000048 37 01 - - - - 80000000 -
-[r] - - - -
-[e] 01000044 01000584 0
-[f] 01000050 00e00113
-[d] 0100004c 13 02 00 - 0 - 0000000e -
-[r] 00 - 00000000 -
-[e] 01000048 80000000 0
-[f] 01000054 0020df33
-[d] 01000050 33 1e 01 02 5 00 - -
-[r] 01 02 00000000 00000000
-[e] 0100004c 0000000e 0
-[f] 01000058 00020eb7
-[d] 01000054 37 1d - - - - 00020000 -
-[r] - - - -
-[e] 01000050 00020000 0
-[w] 01000048 1 01 80000000
-[f] 0100005c 00500193
-[d] 01000058 13 03 00 - 0 - 00000005 -
-[r] 00 - 00000000 -
-[e] 01000054 00020000 0
-[w] 0100004c 1 02 0000000e
-[f] 01000060 53df1463
-[d] 0100005c 63 - 1e 1d 1 - 00000528 -
-[r] 1e 1d 00000000 00000000
-[e] 01000058 00000005 0
-[w] 01000050 1 1e 00020000
-[f] 01000060 53df1463
-[d] 0100005c 63 - 1e 1d 1 - 00000528 -
-[r] 1e 1d 01000000 01000000
-[e] 0100005c 01000000 0
-[w] 01000054 1 1d 00020000
-[f] 01000060 53df1463
-[d] 0100005c 63 - 1e 1d 1 - 00000528 -
-[r] 1e 1d 00020000 01000000
-[e] 0100005c 00020000 0
-[w] 01000058 1 03 00000005
-[f] 01000064 800000b7
-[d] 01000060 37 01 - - - - 80000000 -
-[r] - - - -
-[e] 0100005c 01000584 0
-[f] 01000068 00108093
-[d] 01000064 13 01 01 - 0 - 00000001 -
-[r] 01 - 00000000 -
-[e] 01000060 80000000 0
-[f] 0100006c 01f00113
-[d] 01000068 13 02 00 - 0 - 0000001f -
-[r] 00 - 80000000 -
-[e] 01000064 80000001 0
-[f] 01000070 0020df33
-[d] 0100006c 33 1e 01 02 5 00 - -
-[r] 01 02 00000000 00000000
-[e] 01000068 0000001f 0
-[w] 01000060 1 01 80000000
-[f] 01000074 00100e93
-[d] 01000070 13 1d 00 - 0 - 00000001 -
-[r] 00 - 80000000 -
-[e] 0100006c 00000001 0
-[w] 01000064 1 01 80000001
-[f] 01000078 00600193
-[d] 01000074 13 03 00 - 0 - 00000006 -
-[r] 00 - 00000000 -
-[e] 01000070 00000001 0
-[w] 01000068 1 02 0000001f
-[f] 0100007c 51df1663
-[d] 01000078 63 - 1e 1d 1 - 0000050c -
-[r] 1e 1d 00000000 00000000
-[e] 01000074 00000006 0
-[w] 0100006c 1 1e 00000001
-[f] 0100007c 51df1663
-[d] 01000078 63 - 1e 1d 1 - 0000050c -
-[r] 1e 1d 00020000 00020000
-[e] 01000078 00020000 0
-[w] 01000070 1 1d 00000001
-[f] 0100007c 51df1663
-[d] 01000078 63 - 1e 1d 1 - 0000050c -
-[r] 1e 1d 00000001 00020000
-[e] 01000078 00000001 0
-[w] 01000074 1 03 00000006
-[f] 01000080 fff00093
-[d] 0100007c 13 01 00 - 0 - ffffffff -
-[r] 00 - 00000001 -
-[e] 01000078 01000584 0
-[f] 01000084 00000113
-[d] 01000080 13 02 00 - 0 - 00000000 -
-[r] 00 - 00000000 -
-[e] 0100007c ffffffff 0
-[f] 01000088 0020df33
-[d] 01000084 33 1e 01 02 5 00 - -
-[r] 01 02 00000000 00000000
-[e] 01000080 00000000 0
-[f] 0100008c fff00e93
-[d] 01000088 13 1d 00 - 0 - ffffffff -
-[r] 00 - 80000001 -
-[e] 01000084 ffffffff 0
-[w] 0100007c 1 01 ffffffff
-[f] 01000090 00700193
-[d] 0100008c 13 03 00 - 0 - 00000007 -
-[r] 00 - 00000000 -
-[e] 01000088 ffffffff 0
-[w] 01000080 1 02 00000000
-[f] 01000094 4fdf1a63
-[d] 01000090 63 - 1e 1d 1 - 000004f4 -
-[r] 1e 1d 00000000 00000000
-[e] 0100008c 00000007 0
-[w] 01000084 1 1e ffffffff
-[f] 01000094 4fdf1a63
-[d] 01000090 63 - 1e 1d 1 - 000004f4 -
-[r] 1e 1d 00000001 00000001
-[e] 01000090 00000001 0
-[w] 01000088 1 1d ffffffff
-[f] 01000094 4fdf1a63
-[d] 01000090 63 - 1e 1d 1 - 000004f4 -
-[r] 1e 1d ffffffff 00000001
-[e] 01000090 ffffffff 0
-[w] 0100008c 1 03 00000007
-[f] 01000098 fff00093
-[d] 01000094 13 01 00 - 0 - ffffffff -
-[r] 00 - ffffffff -
-[e] 01000090 01000584 0
-[f] 0100009c 00100113
-[d] 01000098 13 02 00 - 0 - 00000001 -
-[r] 00 - 00000000 -
-[e] 01000094 ffffffff 0
-[f] 010000a0 0020df33
-[d] 0100009c 33 1e 01 02 5 00 - -
-[r] 01 02 00000000 00000000
-[e] 01000098 00000001 0
-[f] 010000a4 80000eb7
-[d] 010000a0 37 1d - - - - 80000000 -
-[r] - - - -
-[e] 0100009c 7fffffff 0
-[w] 01000094 1 01 ffffffff
-[f] 010000a8 fffe8e93
-[d] 010000a4 13 1d 1d - 0 - ffffffff -
-[r] 1d - 00000000 -
-[e] 010000a0 80000000 0
-[w] 01000098 1 02 00000001
-[f] 010000ac 00800193
-[d] 010000a8 13 03 00 - 0 - 00000008 -
-[r] 00 - ffffffff -
-[e] 010000a4 7fffffff 0
-[w] 0100009c 1 1e 7fffffff
-[f] 010000b0 4ddf1c63
-[d] 010000ac 63 - 1e 1d 1 - 000004d8 -
-[r] 1e 1d 00000000 00000000
-[e] 010000a8 00000008 0
-[w] 010000a0 1 1d 80000000
-[f] 010000b4 fff00093
-[d] 010000b0 13 01 00 - 0 - ffffffff -
-[r] 00 - 7fffffff -
-[e] 010000ac 01000584 0
-[w] 010000a4 1 1d 7fffffff
-[f] 010000b8 00700113
-[d] 010000b4 13 02 00 - 0 - 00000007 -
-[r] 00 - 00000000 -
-[e] 010000b0 ffffffff 0
-[w] 010000a8 1 03 00000008
-[f] 010000bc 0020df33
-[d] 010000b8 33 1e 01 02 5 00 - -
-[r] 01 02 00000000 00000000
-[e] 010000b4 00000007 0
-[f] 010000c0 02000eb7
-[d] 010000bc 37 1d - - - - 02000000 -
-[r] - - - -
-[e] 010000b8 01ffffff 0
-[w] 010000b0 1 01 ffffffff
-[f] 010000c4 fffe8e93
-[d] 010000c0 13 1d 1d - 0 - ffffffff -
-[r] 1d - 00000000 -
-[e] 010000bc 02000000 0
-[w] 010000b4 1 02 00000007
-[f] 010000c8 00900193
-[d] 010000c4 13 03 00 - 0 - 00000009 -
-[r] 00 - 7fffffff -
-[e] 010000c0 01ffffff 0
-[w] 010000b8 1 1e 01ffffff
-[f] 010000cc 4bdf1e63
-[d] 010000c8 63 - 1e 1d 1 - 000004bc -
-[r] 1e 1d 00000000 00000000
-[e] 010000c4 00000009 0
-[w] 010000bc 1 1d 02000000
-[f] 010000d0 fff00093
-[d] 010000cc 13 01 00 - 0 - ffffffff -
-[r] 00 - 01ffffff -
-[e] 010000c8 01000584 0
-[w] 010000c0 1 1d 01ffffff
-[f] 010000d4 00e00113
-[d] 010000d0 13 02 00 - 0 - 0000000e -
-[r] 00 - 00000000 -
-[e] 010000cc ffffffff 0
-[w] 010000c4 1 03 00000009
-[f] 010000d8 0020df33
-[d] 010000d4 33 1e 01 02 5 00 - -
-[r] 01 02 00000000 00000000
-[e] 010000d0 0000000e 0
-[f] 010000dc 00040eb7
-[d] 010000d8 37 1d - - - - 00040000 -
-[r] - - - -
-[e] 010000d4 0003ffff 0
-[w] 010000cc 1 01 ffffffff
-[f] 010000e0 fffe8e93
-[d] 010000dc 13 1d 1d - 0 - ffffffff -
-[r] 1d - 00000000 -
-[e] 010000d8 00040000 0
-[w] 010000d0 1 02 0000000e
-[f] 010000e4 00a00193
-[d] 010000e0 13 03 00 - 0 - 0000000a -
-[r] 00 - 01ffffff -
-[e] 010000dc 0003ffff 0
-[w] 010000d4 1 1e 0003ffff
-[f] 010000e8 4bdf1063
-[d] 010000e4 63 - 1e 1d 1 - 000004a0 -
-[r] 1e 1d 00000000 00000000
-[e] 010000e0 0000000a 0
-[w] 010000d8 1 1d 00040000
-[f] 010000ec fff00093
-[d] 010000e8 13 01 00 - 0 - ffffffff -
-[r] 00 - 0003ffff -
-[e] 010000e4 01000584 0
-[w] 010000dc 1 1d 0003ffff
-[f] 010000f0 01f00113
-[d] 010000ec 13 02 00 - 0 - 0000001f -
-[r] 00 - 00000000 -
-[e] 010000e8 ffffffff 0
-[w] 010000e0 1 03 0000000a
-[f] 010000f4 0020df33
-[d] 010000f0 33 1e 01 02 5 00 - -
-[r] 01 02 00000000 00000000
-[e] 010000ec 0000001f 0
-[f] 010000f8 00100e93
-[d] 010000f4 13 1d 00 - 0 - 00000001 -
-[r] 00 - ffffffff -
-[e] 010000f0 00000001 0
-[w] 010000e8 1 01 ffffffff
-[f] 010000fc 00b00193
-[d] 010000f8 13 03 00 - 0 - 0000000b -
-[r] 00 - 00000000 -
-[e] 010000f4 00000001 0
-[w] 010000ec 1 02 0000001f
-[f] 01000100 49df1463
-[d] 010000fc 63 - 1e 1d 1 - 00000488 -
-[r] 1e 1d 00000000 00000000
-[e] 010000f8 0000000b 0
-[w] 010000f0 1 1e 00000001
-[f] 01000100 49df1463
-[d] 010000fc 63 - 1e 1d 1 - 00000488 -
-[r] 1e 1d 0003ffff 0003ffff
-[e] 010000fc 0003ffff 0
-[w] 010000f4 1 1d 00000001
-[f] 01000100 49df1463
-[d] 010000fc 63 - 1e 1d 1 - 00000488 -
-[r] 1e 1d 00000001 0003ffff
-[e] 010000fc 00000001 0
-[w] 010000f8 1 03 0000000b
-[f] 01000104 212120b7
-[d] 01000100 37 01 - - - - 21212000 -
-[r] - - - -
-[e] 010000fc 01000584 0
-[f] 01000108 12108093
-[d] 01000104 13 01 01 - 0 - 00000121 -
-[r] 01 - 00000000 -
-[e] 01000100 21212000 0
-[f] 0100010c 00000113
-[d] 01000108 13 02 00 - 0 - 00000000 -
-[r] 00 - ffffffff -
-[e] 01000104 21212121 0
-[f] 01000110 0020df33
-[d] 0100010c 33 1e 01 02 5 00 - -
-[r] 01 02 00000000 00000000
-[e] 01000108 00000000 0
-[w] 01000100 1 01 21212000
-[f] 01000114 21212eb7
-[d] 01000110 37 1d - - - - 21212000 -
-[r] - - - -
-[e] 0100010c 21212121 1
-[w] 01000104 1 01 21212121
-[f] 01000118 121e8e93
-[d] 01000114 13 1d 1d - 0 - 00000121 -
-[r] 1d - 00000000 -
-[e] 01000110 21212000 0
-[w] 01000108 1 02 00000000
-[f] 0100011c 00c00193
-[d] 01000118 13 03 00 - 0 - 0000000c -
-[r] 00 - 00000001 -
-[e] 01000114 21212121 0
-[w] 0100010c 1 1e 21212121
-[f] 01000120 47df1463
-[d] 0100011c 63 - 1e 1d 1 - 00000468 -
-[r] 1e 1d 00000000 00000000
-[e] 01000118 0000000c 0
-[w] 01000110 1 1d 21212000
-[f] 01000124 212120b7
-[d] 01000120 37 01 - - - - 21212000 -
-[r] - - - -
-[e] 0100011c 01000584 0
-[w] 01000114 1 1d 21212121
-[f] 01000128 12108093
-[d] 01000124 13 01 01 - 0 - 00000121 -
-[r] 01 - 00000000 -
-[e] 01000120 21212000 0
-[w] 01000118 1 03 0000000c
-[f] 0100012c 00100113
-[d] 01000128 13 02 00 - 0 - 00000001 -
-[r] 00 - 21212121 -
-[e] 01000124 21212121 0
-[f] 01000130 0020df33
-[d] 0100012c 33 1e 01 02 5 00 - -
-[r] 01 02 00000000 00000000
-[e] 01000128 00000001 0
-[w] 01000120 1 01 21212000
-[f] 01000134 10909eb7
-[d] 01000130 37 1d - - - - 10909000 -
-[r] - - - -
-[e] 0100012c 10909090 1
-[w] 01000124 1 01 21212121
-[f] 01000138 090e8e93
-[d] 01000134 13 1d 1d - 0 - 00000090 -
-[r] 1d - 00000000 -
-[e] 01000130 10909000 0
-[w] 01000128 1 02 00000001
-[f] 0100013c 00d00193
-[d] 01000138 13 03 00 - 0 - 0000000d -
-[r] 00 - 21212121 -
-[e] 01000134 10909090 0
-[w] 0100012c 1 1e 10909090
-[f] 01000140 45df1463
-[d] 0100013c 63 - 1e 1d 1 - 00000448 -
-[r] 1e 1d 00000000 00000000
-[e] 01000138 0000000d 0
-[w] 01000130 1 1d 10909000
-[f] 01000144 212120b7
-[d] 01000140 37 01 - - - - 21212000 -
-[r] - - - -
-[e] 0100013c 01000584 0
-[w] 01000134 1 1d 10909090
-[f] 01000148 12108093
-[d] 01000144 13 01 01 - 0 - 00000121 -
-[r] 01 - 00000000 -
-[e] 01000140 21212000 0
-[w] 01000138 1 03 0000000d
-[f] 0100014c 00700113
-[d] 01000148 13 02 00 - 0 - 00000007 -
-[r] 00 - 21212121 -
-[e] 01000144 21212121 0
-[f] 01000150 0020df33
-[d] 0100014c 33 1e 01 02 5 00 - -
-[r] 01 02 00000000 00000000
-[e] 01000148 00000007 0
-[w] 01000140 1 01 21212000
-[f] 01000154 00424eb7
-[d] 01000150 37 1d - - - - 00424000 -
-[r] - - - -
-[e] 0100014c 00424242 1
-[w] 01000144 1 01 21212121
-[f] 01000158 242e8e93
-[d] 01000154 13 1d 1d - 0 - 00000242 -
-[r] 1d - 00000000 -
-[e] 01000150 00424000 0
-[w] 01000148 1 02 00000007
-[f] 0100015c 00e00193
-[d] 01000158 13 03 00 - 0 - 0000000e -
-[r] 00 - 10909090 -
-[e] 01000154 00424242 0
-[w] 0100014c 1 1e 00424242
-[f] 01000160 43df1463
-[d] 0100015c 63 - 1e 1d 1 - 00000428 -
-[r] 1e 1d 00000000 00000000
-[e] 01000158 0000000e 0
-[w] 01000150 1 1d 00424000
-[f] 01000164 212120b7
-[d] 01000160 37 01 - - - - 21212000 -
+[d] 0100001c 37 01 - - - - 80000000 -
 [r] - - - -
-[e] 0100015c 01000584 0
-[w] 01000154 1 1d 00424242
-[f] 01000168 12108093
-[d] 01000164 13 01 01 - 0 - 00000121 -
-[r] 01 - 00000000 -
-[e] 01000160 21212000 0
-[w] 01000158 1 03 0000000e
-[f] 0100016c 00e00113
-[d] 01000168 13 02 00 - 0 - 0000000e -
-[r] 00 - 21212121 -
-[e] 01000164 21212121 0
-[f] 01000170 0020df33
-[d] 0100016c 33 1e 01 02 5 00 - -
-[r] 01 02 00000000 00000000
-[e] 01000168 0000000e 0
-[w] 01000160 1 01 21212000
-[f] 01000174 00008eb7
-[d] 01000170 37 1d - - - - 00008000 -
-[r] - - - -
-[e] 0100016c 00008484 1
-[w] 01000164 1 01 21212121
-[f] 01000178 484e8e93
-[d] 01000174 13 1d 1d - 0 - 00000484 -
-[r] 1d - 00000000 -
-[e] 01000170 00008000 0
-[w] 01000168 1 02 0000000e
-[f] 0100017c 00f00193
-[d] 01000178 13 03 00 - 0 - 0000000f -
-[r] 00 - 00424242 -
-[e] 01000174 00008484 0
-[w] 0100016c 1 1e 00008484
-[f] 01000180 41df1463
-[d] 0100017c 63 - 1e 1d 1 - 00000408 -
-[r] 1e 1d 00000000 00000000
-[e] 01000178 0000000f 0
-[w] 01000170 1 1d 00008000
-[f] 01000184 212120b7
-[d] 01000180 37 01 - - - - 21212000 -
-[r] - - - -
-[e] 0100017c 01000584 0
-[w] 01000174 1 1d 00008484
-[f] 01000188 12108093
-[d] 01000184 13 01 01 - 0 - 00000121 -
-[r] 01 - 00000000 -
-[e] 01000180 21212000 0
-[w] 01000178 1 03 0000000f
-[f] 0100018c 01f00113
-[d] 01000188 13 02 00 - 0 - 0000001f -
-[r] 00 - 21212121 -
-[e] 01000184 21212121 0
-[f] 01000190 0020df33
-[d] 0100018c 33 1e 01 02 5 00 - -
-[r] 01 02 00000000 00000000
-[e] 01000188 0000001f 0
-[w] 01000180 1 01 21212000
-[f] 01000194 00000e93
-[d] 01000190 13 1d 00 - 0 - 00000000 -
-[r] 00 - 21212121 -
-[e] 0100018c 00000000 1
-[w] 01000184 1 01 21212121
-[f] 01000198 01000193
-[d] 01000194 13 03 00 - 0 - 00000010 -
-[r] 00 - 00000000 -
-[e] 01000190 00000000 0
-[w] 01000188 1 02 0000001f
-[f] 0100019c 3fdf1663
-[d] 01000198 63 - 1e 1d 1 - 000003ec -
-[r] 1e 1d 00000000 00000000
-[e] 01000194 00000010 0
-[w] 0100018c 1 1e 00000000
-[f] 0100019c 3fdf1663
-[d] 01000198 63 - 1e 1d 1 - 000003ec -
-[r] 1e 1d 00008484 00008484
-[e] 01000198 00008484 0
-[w] 01000190 1 1d 00000000
-[f] 0100019c 3fdf1663
-[d] 01000198 63 - 1e 1d 1 - 000003ec -
-[r] 1e 1d 00000000 00008484
-[e] 01000198 00000000 0
-[w] 01000194 1 03 00000010
-[f] 010001a0 212120b7
-[d] 0100019c 37 01 - - - - 21212000 -
-[r] - - - -
-[e] 01000198 01000584 0
-[f] 010001a4 12108093
-[d] 010001a0 13 01 01 - 0 - 00000121 -
-[r] 01 - 00000000 -
-[e] 0100019c 21212000 0
-[f] 010001a8 fc000113
-[d] 010001a4 13 02 00 - 0 - ffffffc0 -
-[r] 00 - 21212121 -
-[e] 010001a0 21212121 0
-[f] 010001ac 0020df33
-[d] 010001a8 33 1e 01 02 5 00 - -
-[r] 01 02 00000000 00000000
-[e] 010001a4 ffffffc0 0
-[w] 0100019c 1 01 21212000
-[f] 010001b0 21212eb7
-[d] 010001ac 37 1d - - - - 21212000 -
-[r] - - - -
-[e] 010001a8 21212121 1
-[w] 010001a0 1 01 21212121
-[f] 010001b4 121e8e93
-[d] 010001b0 13 1d 1d - 0 - 00000121 -
-[r] 1d - 00000000 -
-[e] 010001ac 21212000 0
-[w] 010001a4 1 02 ffffffc0
-[f] 010001b8 01100193
-[d] 010001b4 13 03 00 - 0 - 00000011 -
-[r] 00 - 00000000 -
-[e] 010001b0 21212121 0
-[w] 010001a8 1 1e 21212121
-[f] 010001bc 3ddf1663
-[d] 010001b8 63 - 1e 1d 1 - 000003cc -
-[r] 1e 1d 00000000 00000000
-[e] 010001b4 00000011 0
-[w] 010001ac 1 1d 21212000
-[f] 010001c0 212120b7
-[d] 010001bc 37 01 - - - - 21212000 -
-[r] - - - -
-[e] 010001b8 01000584 0
-[w] 010001b0 1 1d 21212121
-[f] 010001c4 12108093
-[d] 010001c0 13 01 01 - 0 - 00000121 -
-[r] 01 - 00000000 -
-[e] 010001bc 21212000 0
-[w] 010001b4 1 03 00000011
-[f] 010001c8 fc100113
-[d] 010001c4 13 02 00 - 0 - ffffffc1 -
-[r] 00 - 21212121 -
-[e] 010001c0 21212121 0
-[f] 010001cc 0020df33
-[d] 010001c8 33 1e 01 02 5 00 - -
-[r] 01 02 00000000 00000000
-[e] 010001c4 ffffffc1 0
-[w] 010001bc 1 01 21212000
-[f] 010001d0 10909eb7
-[d] 010001cc 37 1d - - - - 10909000 -
-[r] - - - -
-[e] 010001c8 10909090 1
-[w] 010001c0 1 01 21212121
-[f] 010001d4 090e8e93
-[d] 010001d0 13 1d 1d - 0 - 00000090 -
-[r] 1d - 00000000 -
-[e] 010001cc 10909000 0
-[w] 010001c4 1 02 ffffffc1
-[f] 010001d8 01200193
-[d] 010001d4 13 03 00 - 0 - 00000012 -
-[r] 00 - 21212121 -
-[e] 010001d0 10909090 0
-[w] 010001c8 1 1e 10909090
-[f] 010001dc 3bdf1663
-[d] 010001d8 63 - 1e 1d 1 - 000003ac -
-[r] 1e 1d 00000000 00000000
-[e] 010001d4 00000012 0
-[w] 010001cc 1 1d 10909000
-[f] 010001e0 212120b7
-[d] 010001dc 37 01 - - - - 21212000 -
-[r] - - - -
-[e] 010001d8 01000584 0
-[w] 010001d0 1 1d 10909090
-[f] 010001e4 12108093
-[d] 010001e0 13 01 01 - 0 - 00000121 -
-[r] 01 - 00000000 -
-[e] 010001dc 21212000 0
-[w] 010001d4 1 03 00000012
-[f] 010001e8 fc700113
-[d] 010001e4 13 02 00 - 0 - ffffffc7 -
-[r] 00 - 21212121 -
-[e] 010001e0 21212121 0
-[f] 010001ec 0020df33
-[d] 010001e8 33 1e 01 02 5 00 - -
-[r] 01 02 00000000 00000000
-[e] 010001e4 ffffffc7 0
-[w] 010001dc 1 01 21212000
-[f] 010001f0 00424eb7
-[d] 010001ec 37 1d - - - - 00424000 -
-[r] - - - -
-[e] 010001e8 00424242 1
-[w] 010001e0 1 01 21212121
-[f] 010001f4 242e8e93
-[d] 010001f0 13 1d 1d - 0 - 00000242 -
-[r] 1d - 00000000 -
-[e] 010001ec 00424000 0
-[w] 010001e4 1 02 ffffffc7
-[f] 010001f8 01300193
-[d] 010001f4 13 03 00 - 0 - 00000013 -
-[r] 00 - 10909090 -
-[e] 010001f0 00424242 0
-[w] 010001e8 1 1e 00424242
-[f] 010001fc 39df1663
-[d] 010001f8 63 - 1e 1d 1 - 0000038c -
-[r] 1e 1d 00000000 00000000
-[e] 010001f4 00000013 0
-[w] 010001ec 1 1d 00424000
-[f] 01000200 212120b7
-[d] 010001fc 37 01 - - - - 21212000 -
-[r] - - - -
-[e] 010001f8 01000584 0
-[w] 010001f0 1 1d 00424242
-[f] 01000204 12108093
-[d] 01000200 13 01 01 - 0 - 00000121 -
-[r] 01 - 00000000 -
-[e] 010001fc 21212000 0
-[w] 010001f4 1 03 00000013
-[f] 01000208 fce00113
-[d] 01000204 13 02 00 - 0 - ffffffce -
-[r] 00 - 21212121 -
-[e] 01000200 21212121 0
-[f] 0100020c 0020df33
-[d] 01000208 33 1e 01 02 5 00 - -
-[r] 01 02 00000000 00000000
-[e] 01000204 ffffffce 0
-[w] 010001fc 1 01 21212000
-[f] 01000210 00008eb7
-[d] 0100020c 37 1d - - - - 00008000 -
-[r] - - - -
-[e] 01000208 00008484 1
-[w] 01000200 1 01 21212121
-[f] 01000214 484e8e93
-[d] 01000210 13 1d 1d - 0 - 00000484 -
-[r] 1d - 00000000 -
-[e] 0100020c 00008000 0
-[w] 01000204 1 02 ffffffce
-[f] 01000218 01400193
-[d] 01000214 13 03 00 - 0 - 00000014 -
-[r] 00 - 00424242 -
-[e] 01000210 00008484 0
-[w] 01000208 1 1e 00008484
-[f] 0100021c 37df1663
-[d] 01000218 63 - 1e 1d 1 - 0000036c -
-[r] 1e 1d 00000000 00000000
-[e] 01000214 00000014 0
-[w] 0100020c 1 1d 00008000
-[f] 01000220 212120b7
-[d] 0100021c 37 01 - - - - 21212000 -
-[r] - - - -
-[e] 01000218 01000584 0
-[w] 01000210 1 1d 00008484
-[f] 01000224 12108093
-[d] 01000220 13 01 01 - 0 - 00000121 -
-[r] 01 - 00000000 -
-[e] 0100021c 21212000 0
-[w] 01000214 1 03 00000014
-[f] 01000228 fff00113
-[d] 01000224 13 02 00 - 0 - ffffffff -
-[r] 00 - 21212121 -
-[e] 01000220 21212121 0
-[f] 0100022c 0020df33
-[d] 01000228 33 1e 01 02 5 00 - -
-[r] 01 02 00000000 00000000
-[e] 01000224 ffffffff 0
-[w] 0100021c 1 01 21212000
-[f] 01000230 00000e93
-[d] 0100022c 13 1d 00 - 0 - 00000000 -
-[r] 00 - 21212121 -
-[e] 01000228 00000000 1
-[w] 01000220 1 01 21212121
-[f] 01000234 01500193
-[d] 01000230 13 03 00 - 0 - 00000015 -
-[r] 00 - 00000000 -
-[e] 0100022c 00000000 0
-[w] 01000224 1 02 ffffffff
-[f] 01000238 35df1863
-[d] 01000234 63 - 1e 1d 1 - 00000350 -
-[r] 1e 1d 00000000 00000000
-[e] 01000230 00000015 0
-[w] 01000228 1 1e 00000000
-[f] 01000238 35df1863
-[d] 01000234 63 - 1e 1d 1 - 00000350 -
-[r] 1e 1d 00008484 00008484
-[e] 01000234 00008484 0
-[w] 0100022c 1 1d 00000000
-[f] 01000238 35df1863
-[d] 01000234 63 - 1e 1d 1 - 00000350 -
-[r] 1e 1d 00000000 00008484
-[e] 01000234 00000000 0
-[w] 01000230 1 03 00000015
-[f] 0100023c 800000b7
-[d] 01000238 37 01 - - - - 80000000 -
-[r] - - - -
-[e] 01000234 01000584 0
-[f] 01000240 00700113
-[d] 0100023c 13 02 00 - 0 - 00000007 -
-[r] 00 - 00000000 -
-[e] 01000238 80000000 0
-[f] 01000244 0020d0b3
-[d] 01000240 33 01 01 02 5 00 - -
-[r] 01 02 00000000 00000000
-[e] 0100023c 00000007 0
-[f] 01000248 01000eb7
-[d] 01000244 37 1d - - - - 01000000 -
-[r] - - - -
-[e] 01000240 01000000 0
-[w] 01000238 1 01 80000000
-[f] 0100024c 01600193
-[d] 01000248 13 03 00 - 0 - 00000016 -
-[r] 00 - 00000000 -
-[e] 01000244 01000000 0
-[w] 0100023c 1 02 00000007
-[f] 01000250 33d09c63
-[d] 0100024c 63 - 01 1d 1 - 00000338 -
-[r] 01 1d 00000000 00000000
-[e] 01000248 00000016 0
-[w] 01000240 1 01 01000000
-[f] 01000250 33d09c63
-[d] 0100024c 63 - 01 1d 1 - 00000338 -
-[r] 01 1d 80000000 00000000
-[e] 0100024c 80000000 0
-[w] 01000244 1 1d 01000000
-[f] 01000250 33d09c63
-[d] 0100024c 63 - 01 1d 1 - 00000338 -
-[r] 01 1d 01000000 00000000
-[e] 0100024c 01000000 0
-[w] 01000248 1 03 00000016
-[f] 01000254 800000b7
-[d] 01000250 37 01 - - - - 80000000 -
-[r] - - - -
-[e] 0100024c 01000584 0
-[f] 01000258 00e00113
-[d] 01000254 13 02 00 - 0 - 0000000e -
-[r] 00 - 00000000 -
-[e] 01000250 80000000 0
-[f] 0100025c 0020d133
-[d] 01000258 33 02 01 02 5 00 - -
-[r] 01 02 00000000 00000000
-[e] 01000254 0000000e 0
-[f] 01000260 00020eb7
-[d] 0100025c 37 1d - - - - 00020000 -
-[r] - - - -
-[e] 01000258 00020000 0
-[w] 01000250 1 01 80000000
-[f] 01000264 01700193
-[d] 01000260 13 03 00 - 0 - 00000017 -
-[r] 00 - 00000000 -
-[e] 0100025c 00020000 0
-[w] 01000254 1 02 0000000e
-[f] 01000268 33d11063
-[d] 01000264 63 - 02 1d 1 - 00000320 -
-[r] 02 1d 00000000 00000000
-[e] 01000260 00000017 0
-[w] 01000258 1 02 00020000
-[f] 01000268 33d11063
-[d] 01000264 63 - 02 1d 1 - 00000320 -
-[r] 02 1d 0000000e 01000000
-[e] 01000264 0000000e 0
-[w] 0100025c 1 1d 00020000
-[f] 01000268 33d11063
-[d] 01000264 63 - 02 1d 1 - 00000320 -
-[r] 02 1d 00020000 01000000
-[e] 01000264 00020000 0
-[w] 01000260 1 03 00000017
-[f] 0100026c 00700093
-[d] 01000268 13 01 00 - 0 - 00000007 -
-[r] 00 - 00020000 -
-[e] 01000264 01000584 0
-[f] 01000270 0010d0b3
-[d] 0100026c 33 01 01 01 5 00 - -
-[r] 01 01 00000000 00000000
-[e] 01000268 00000007 0
-[f] 01000274 00000e93
-[d] 01000270 13 1d 00 - 0 - 00000000 -
-[r] 00 - 80000000 -
-[e] 0100026c 00000000 1
-[f] 01000278 01800193
-[d] 01000274 13 03 00 - 0 - 00000018 -
-[r] 00 - 00000000 -
-[e] 01000270 00000000 0
-[w] 01000268 1 01 00000007
-[f] 0100027c 31d09663
-[d] 01000278 63 - 01 1d 1 - 0000030c -
-[r] 01 1d 00000000 00000000
-[e] 01000274 00000018 0
-[w] 0100026c 1 01 00000000
-[f] 0100027c 31d09663
-[d] 01000278 63 - 01 1d 1 - 0000030c -
-[r] 01 1d 00000007 00020000
-[e] 01000278 00000007 0
-[w] 01000270 1 1d 00000000
-[f] 0100027c 31d09663
-[d] 01000278 63 - 01 1d 1 - 0000030c -
-[r] 01 1d 00000000 00020000
-[e] 01000278 00000000 0
-[w] 01000274 1 03 00000018
-[f] 01000280 00000213
-[d] 0100027c 13 04 00 - 0 - 00000000 -
-[r] 00 - 00000000 -
-[e] 01000278 01000584 0
-[f] 01000284 800000b7
-[d] 01000280 37 01 - - - - 80000000 -
-[r] - - - -
-[e] 0100027c 00000000 0
-[f] 01000288 00700113
-[d] 01000284 13 02 00 - 0 - 00000007 -
-[r] 00 - 00000000 -
-[e] 01000280 80000000 0
-[f] 0100028c 0020df33
-[d] 01000288 33 1e 01 02 5 00 - -
-[r] 01 02 00000000 00000000
-[e] 01000284 00000007 0
-[w] 0100027c 1 04 00000000
-[f] 01000290 000f0313
-[d] 0100028c 13 06 1e - 0 - 00000000 -
-[r] 1e - 00000000 -
-[e] 01000288 01000000 0
-[w] 01000280 1 01 80000000
-[f] 01000294 00120213
-[d] 01000290 13 04 04 - 0 - 00000001 -
-[r] 04 - 00000000 -
-[e] 0100028c 01000000 0
-[w] 01000284 1 02 00000007
-[f] 01000298 00200293
-[d] 01000294 13 05 00 - 0 - 00000002 -
-[r] 00 - 00000000 -
-[e] 01000290 00000001 0
-[w] 01000288 1 1e 01000000
-[f] 0100029c fe5214e3
-[d] 01000298 63 - 04 05 1 - ffffffe8 -
-[r] 04 05 00000000 00000000
-[e] 01000294 00000002 0
-[w] 0100028c 1 06 01000000
-[f] 010002a0 01000eb7
-[d] 0100029c 37 1d - - - - 01000000 -
-[r] - - - -
-[e] 01000298 01000280 1
-[w] 01000290 1 04 00000001
-[f] 01000284 800000b7
-[d] 01000280 37 01 - - - - 80000000 -
-[r] - - - -
-[f] 01000288 00700113
-[d] 01000284 13 02 00 - 0 - 00000007 -
-[r] 00 - 00000000 -
-[e] 01000280 80000000 0
-[f] 0100028c 0020df33
-[d] 01000288 33 1e 01 02 5 00 - -
-[r] 01 02 00000000 00000000
-[e] 01000284 00000007 0
-[f] 01000290 000f0313
-[d] 0100028c 13 06 1e - 0 - 00000000 -
-[r] 1e - 80000000 -
-[e] 01000288 01000000 0
-[w] 01000280 1 01 80000000
-[f] 01000294 00120213
-[d] 01000290 13 04 04 - 0 - 00000001 -
-[r] 04 - 01000000 -
-[e] 0100028c 01000000 0
-[w] 01000284 1 02 00000007
-[f] 01000298 00200293
-[d] 01000294 13 05 00 - 0 - 00000002 -
-[r] 00 - 00000001 -
-[e] 01000290 00000002 0
-[w] 01000288 1 1e 01000000
-[f] 0100029c fe5214e3
-[d] 01000298 63 - 04 05 1 - ffffffe8 -
-[r] 04 05 00000000 00000000
-[e] 01000294 00000002 0
-[w] 0100028c 1 06 01000000
-[f] 010002a0 01000eb7
-[d] 0100029c 37 1d - - - - 01000000 -
-[r] - - - -
-[e] 01000298 01000280 0
-[w] 01000290 1 04 00000002
-[f] 010002a4 01900193
-[d] 010002a0 13 03 00 - 0 - 00000019 -
-[r] 00 - 00000000 -
-[e] 0100029c 01000000 0
-[w] 01000294 1 05 00000002
-[f] 010002a8 2fd31063
-[d] 010002a4 63 - 06 1d 1 - 000002e0 -
-[r] 06 1d 00000000 00000000
-[e] 010002a0 00000019 0
-[f] 010002ac 00000213
-[d] 010002a8 13 04 00 - 0 - 00000000 -
-[r] 00 - 01000000 -
-[e] 010002a4 01000584 0
-[w] 0100029c 1 1d 01000000
-[f] 010002b0 800000b7
-[d] 010002ac 37 01 - - - - 80000000 -
-[r] - - - -
-[e] 010002a8 00000000 0
-[w] 010002a0 1 03 00000019
-[f] 010002b4 00e00113
-[d] 010002b0 13 02 00 - 0 - 0000000e -
-[r] 00 - 00000000 -
-[e] 010002ac 80000000 0
-[f] 010002b8 0020df33
-[d] 010002b4 33 1e 01 02 5 00 - -
-[r] 01 02 00000000 00000000
-[e] 010002b0 0000000e 0
-[w] 010002a8 1 04 00000000
-[f] 010002c0 000f0313
-[d] 010002bc 13 06 1e - 0 - 00000000 -
-[r] 1e - 00000000 -
-[w] 010002b0 1 02 0000000e
-[f] 010002c4 00120213
-[d] 010002c0 13 04 04 - 0 - 00000001 -
-[r] 04 - 01000000 -
-[e] 010002bc 00020000 0
-[w] 010002b4 1 1e 00020000
-[f] 010002c8 00200293
-[d] 010002c4 13 05 00 - 0 - 00000002 -
-[r] 00 - 00000000 -
-[e] 010002c0 00000001 0
-[f] 010002cc fe5212e3
-[d] 010002c8 63 - 04 05 1 - ffffffe4 -
-[r] 04 05 00000000 00000000
-[e] 010002c4 00000002 0
-[w] 010002bc 1 06 00020000
-[f] 010002d0 00020eb7
-[d] 010002cc 37 1d - - - - 00020000 -
-[r] - - - -
-[e] 010002c8 010002ac 1
-[w] 010002c0 1 04 00000001
-[f] 010002b0 800000b7
-[d] 010002ac 37 01 - - - - 80000000 -
-[r] - - - -
-[f] 010002b4 00e00113
-[d] 010002b0 13 02 00 - 0 - 0000000e -
-[r] 00 - 00000000 -
-[e] 010002ac 80000000 0
-[f] 010002b8 0020df33
-[d] 010002b4 33 1e 01 02 5 00 - -
-[r] 01 02 00000000 00000000
-[e] 010002b0 0000000e 0
-[f] 010002c0 000f0313
-[d] 010002bc 13 06 1e - 0 - 00000000 -
-[r] 1e - 00000000 -
-[w] 010002b0 1 02 0000000e
-[f] 010002c4 00120213
-[d] 010002c0 13 04 04 - 0 - 00000001 -
-[r] 04 - 00020000 -
-[e] 010002bc 00020000 0
-[w] 010002b4 1 1e 00020000
-[f] 010002c8 00200293
-[d] 010002c4 13 05 00 - 0 - 00000002 -
-[r] 00 - 00000001 -
-[e] 010002c0 00000002 0
-[f] 010002cc fe5212e3
-[d] 010002c8 63 - 04 05 1 - ffffffe4 -
-[r] 04 05 00000000 00000000
-[e] 010002c4 00000002 0
-[w] 010002bc 1 06 00020000
-[f] 010002d0 00020eb7
-[d] 010002cc 37 1d - - - - 00020000 -
-[r] - - - -
-[e] 010002c8 010002ac 0
-[w] 010002c0 1 04 00000002
-[f] 010002d4 01a00193
-[d] 010002d0 13 03 00 - 0 - 0000001a -
-[r] 00 - 00000000 -
-[e] 010002cc 00020000 0
-[w] 010002c4 1 05 00000002
-[f] 010002d8 2bd31863
-[d] 010002d4 63 - 06 1d 1 - 000002b0 -
-[r] 06 1d 00000000 00000000
-[e] 010002d0 0000001a 0
-[f] 010002dc 00000213
-[d] 010002d8 13 04 00 - 0 - 00000000 -
-[r] 00 - 00020000 -
-[e] 010002d4 01000584 0
-[w] 010002cc 1 1d 00020000
-[f] 010002e0 800000b7
-[d] 010002dc 37 01 - - - - 80000000 -
-[r] - - - -
-[e] 010002d8 00000000 0
-[w] 010002d0 1 03 0000001a
-[f] 010002e4 01f00113
-[d] 010002e0 13 02 00 - 0 - 0000001f -
-[r] 00 - 00000000 -
-[e] 010002dc 80000000 0
-[f] 010002e8 0020df33
-[d] 010002e4 33 1e 01 02 5 00 - -
-[r] 01 02 00000000 00000000
-[e] 010002e0 0000001f 0
-[w] 010002d8 1 04 00000000
-[f] 010002f4 000f0313
-[d] 010002f0 13 06 1e - 0 - 00000000 -
-[r] 1e - 00000000 -
-[w] 010002e4 1 1e 00000001
-[f] 010002f4 000f0313
-[d] 010002f0 13 06 1e - 0 - 00000000 -
-[r] 1e - 00020000 -
-[e] 010002f0 00020000 0
-[f] 010002f8 00120213
-[d] 010002f4 13 04 04 - 0 - 00000001 -
-[r] 04 - 00000001 -
-[e] 010002f0 00000001 0
-[f] 010002fc 00200293
-[d] 010002f8 13 05 00 - 0 - 00000002 -
-[r] 00 - 00000000 -
-[e] 010002f4 00000001 0
-[f] 01000300 fe5210e3
-[d] 010002fc 63 - 04 05 1 - ffffffe0 -
-[r] 04 05 00000000 00000000
-[e] 010002f8 00000002 0
-[w] 010002f0 1 06 00000001
-[f] 01000304 00100e93
-[d] 01000300 13 1d 00 - 0 - 00000001 -
-[r] 00 - 00000000 -
-[e] 010002fc 010002dc 1
-[w] 010002f4 1 04 00000001
-[f] 010002e0 800000b7
-[d] 010002dc 37 01 - - - - 80000000 -
-[r] - - - -
-[f] 010002e4 01f00113
-[d] 010002e0 13 02 00 - 0 - 0000001f -
-[r] 00 - 00000000 -
-[e] 010002dc 80000000 0
-[f] 010002e8 0020df33
-[d] 010002e4 33 1e 01 02 5 00 - -
-[r] 01 02 00000000 00000000
-[e] 010002e0 0000001f 0
-[f] 010002f4 000f0313
-[d] 010002f0 13 06 1e - 0 - 00000000 -
-[r] 1e - 00000000 -
-[w] 010002e4 1 1e 00000001
-[f] 010002f4 000f0313
-[d] 010002f0 13 06 1e - 0 - 00000000 -
-[r] 1e - 00000001 -
-[e] 010002f0 00000001 0
-[f] 010002f8 00120213
-[d] 010002f4 13 04 04 - 0 - 00000001 -
-[r] 04 - 00000001 -
-[e] 010002f0 00000001 0
-[f] 010002fc 00200293
-[d] 010002f8 13 05 00 - 0 - 00000002 -
-[r] 00 - 00000001 -
-[e] 010002f4 00000002 0
-[f] 01000300 fe5210e3
-[d] 010002fc 63 - 04 05 1 - ffffffe0 -
-[r] 04 05 00000000 00000000
-[e] 010002f8 00000002 0
-[w] 010002f0 1 06 00000001
-[f] 01000304 00100e93
-[d] 01000300 13 1d 00 - 0 - 00000001 -
-[r] 00 - 00000001 -
-[e] 010002fc 010002dc 0
-[w] 010002f4 1 04 00000002
-[f] 01000308 01b00193
-[d] 01000304 13 03 00 - 0 - 0000001b -
-[r] 00 - 00000000 -
-[e] 01000300 00000001 0
-[w] 010002f8 1 05 00000002
-[f] 0100030c 27d31e63
-[d] 01000308 63 - 06 1d 1 - 0000027c -
-[r] 06 1d 00000000 00000000
-[e] 01000304 0000001b 0
-[f] 01000310 00000213
-[d] 0100030c 13 04 00 - 0 - 00000000 -
-[r] 00 - 00000001 -
-[e] 01000308 01000584 0
-[w] 01000300 1 1d 00000001
-[f] 01000314 800000b7
-[d] 01000310 37 01 - - - - 80000000 -
-[r] - - - -
-[e] 0100030c 00000000 0
-[w] 01000304 1 03 0000001b
-[f] 01000318 00700113
-[d] 01000314 13 02 00 - 0 - 00000007 -
-[r] 00 - 00000000 -
-[e] 01000310 80000000 0
-[f] 0100031c 0020df33
-[d] 01000318 33 1e 01 02 5 00 - -
-[r] 01 02 00000000 00000000
-[e] 01000314 00000007 0
-[w] 0100030c 1 04 00000000
-[f] 01000320 00120213
-[d] 0100031c 13 04 04 - 0 - 00000001 -
-[r] 04 - 80000000 -
-[e] 01000318 01000000 0
-[w] 01000310 1 01 80000000
-[f] 01000324 00200293
-[d] 01000320 13 05 00 - 0 - 00000002 -
-[r] 00 - 00000000 -
-[e] 0100031c 00000001 0
-[w] 01000314 1 02 00000007
-[f] 01000328 fe5216e3
-[d] 01000324 63 - 04 05 1 - ffffffec -
-[r] 04 05 00000000 00000000
-[e] 01000320 00000002 0
-[w] 01000318 1 1e 01000000
-[f] 0100032c 01000eb7
-[d] 01000328 37 1d - - - - 01000000 -
-[r] - - - -
-[e] 01000324 01000310 1
-[w] 0100031c 1 04 00000001
-[f] 01000314 800000b7
-[d] 01000310 37 01 - - - - 80000000 -
-[r] - - - -
-[f] 01000318 00700113
-[d] 01000314 13 02 00 - 0 - 00000007 -
-[r] 00 - 00000000 -
-[e] 01000310 80000000 0
-[f] 0100031c 0020df33
-[d] 01000318 33 1e 01 02 5 00 - -
-[r] 01 02 00000000 00000000
-[e] 01000314 00000007 0
-[f] 01000320 00120213
-[d] 0100031c 13 04 04 - 0 - 00000001 -
-[r] 04 - 80000000 -
-[e] 01000318 01000000 0
-[w] 01000310 1 01 80000000
-[f] 01000324 00200293
-[d] 01000320 13 05 00 - 0 - 00000002 -
-[r] 00 - 00000001 -
-[e] 0100031c 00000002 0
-[w] 01000314 1 02 00000007
-[f] 01000328 fe5216e3
-[d] 01000324 63 - 04 05 1 - ffffffec -
-[r] 04 05 00000000 00000000
-[e] 01000320 00000002 0
-[w] 01000318 1 1e 01000000
-[f] 0100032c 01000eb7
-[d] 01000328 37 1d - - - - 01000000 -
-[r] - - - -
-[e] 01000324 01000310 0
-[w] 0100031c 1 04 00000002
-[f] 01000330 01c00193
-[d] 0100032c 13 03 00 - 0 - 0000001c -
-[r] 00 - 00000000 -
-[e] 01000328 01000000 0
-[w] 01000320 1 05 00000002
-[f] 01000334 25df1a63
-[d] 01000330 63 - 1e 1d 1 - 00000254 -
-[r] 1e 1d 00000000 00000000
-[e] 0100032c 0000001c 0
-[f] 01000338 00000213
-[d] 01000334 13 04 00 - 0 - 00000000 -
-[r] 00 - 01000000 -
-[e] 01000330 01000584 0
-[w] 01000328 1 1d 01000000
-[f] 0100033c 800000b7
-[d] 01000338 37 01 - - - - 80000000 -
-[r] - - - -
-[e] 01000334 00000000 0
-[w] 0100032c 1 03 0000001c
-[f] 01000340 00e00113
-[d] 0100033c 13 02 00 - 0 - 0000000e -
-[r] 00 - 00000000 -
-[e] 01000338 80000000 0
-[f] 01000348 0020df33
-[d] 01000344 33 1e 01 02 5 00 - -
-[r] 01 02 00000000 00000000
-[w] 01000338 1 01 80000000
-[f] 01000348 0020df33
-[d] 01000344 33 1e 01 02 5 00 - -
-[r] 01 02 80000000 00000007
-[e] 01000344 80000000 0
-[w] 0100033c 1 02 0000000e
-[f] 01000348 0020df33
-[d] 01000344 33 1e 01 02 5 00 - -
-[r] 01 02 80000000 00000007
-[e] 01000344 80000000 0
-[f] 0100034c 00120213
-[d] 01000348 13 04 04 - 0 - 00000001 -
-[r] 04 - 80000000 -
-[e] 01000344 00020000 0
-[f] 01000350 00200293
-[d] 0100034c 13 05 00 - 0 - 00000002 -
-[r] 00 - 00000000 -
-[e] 01000348 00000001 0
-[f] 01000354 fe5214e3
-[d] 01000350 63 - 04 05 1 - ffffffe8 -
-[r] 04 05 00000000 00000000
-[e] 0100034c 00000002 0
-[w] 01000344 1 1e 00020000
-[f] 01000358 00020eb7
-[d] 01000354 37 1d - - - - 00020000 -
-[r] - - - -
-[e] 01000350 01000338 1
-[w] 01000348 1 04 00000001
-[f] 0100033c 800000b7
-[d] 01000338 37 01 - - - - 80000000 -
-[r] - - - -
-[f] 01000340 00e00113
-[d] 0100033c 13 02 00 - 0 - 0000000e -
-[r] 00 - 00000000 -
-[e] 01000338 80000000 0
-[f] 01000348 0020df33
-[d] 01000344 33 1e 01 02 5 00 - -
-[r] 01 02 00000000 00000000
-[w] 01000338 1 01 80000000
-[f] 01000348 0020df33
-[d] 01000344 33 1e 01 02 5 00 - -
-[r] 01 02 80000000 0000000e
-[e] 01000344 80000000 0
-[w] 0100033c 1 02 0000000e
-[f] 01000348 0020df33
-[d] 01000344 33 1e 01 02 5 00 - -
-[r] 01 02 80000000 0000000e
-[e] 01000344 80000000 0
-[f] 0100034c 00120213
-[d] 01000348 13 04 04 - 0 - 00000001 -
-[r] 04 - 80000000 -
-[e] 01000344 00020000 0
-[f] 01000350 00200293
-[d] 0100034c 13 05 00 - 0 - 00000002 -
-[r] 00 - 00000001 -
-[e] 01000348 00000002 0
-[f] 01000354 fe5214e3
-[d] 01000350 63 - 04 05 1 - ffffffe8 -
-[r] 04 05 00000000 00000000
-[e] 0100034c 00000002 0
-[w] 01000344 1 1e 00020000
-[f] 01000358 00020eb7
-[d] 01000354 37 1d - - - - 00020000 -
-[r] - - - -
-[e] 01000350 01000338 0
-[w] 01000348 1 04 00000002
-[f] 0100035c 01d00193
-[d] 01000358 13 03 00 - 0 - 0000001d -
-[r] 00 - 00000000 -
-[e] 01000354 00020000 0
-[w] 0100034c 1 05 00000002
-[f] 01000360 23df1463
-[d] 0100035c 63 - 1e 1d 1 - 00000228 -
-[r] 1e 1d 00000000 00000000
-[e] 01000358 0000001d 0
-[f] 01000364 00000213
-[d] 01000360 13 04 00 - 0 - 00000000 -
-[r] 00 - 00020000 -
-[e] 0100035c 01000584 0
-[w] 01000354 1 1d 00020000
-[f] 01000368 800000b7
-[d] 01000364 37 01 - - - - 80000000 -
-[r] - - - -
-[e] 01000360 00000000 0
-[w] 01000358 1 03 0000001d
-[f] 0100036c 01f00113
-[d] 01000368 13 02 00 - 0 - 0000001f -
-[r] 00 - 00000000 -
-[e] 01000364 80000000 0
-[f] 01000378 0020df33
-[d] 01000374 33 1e 01 02 5 00 - -
-[r] 01 02 00000000 00000000
-[w] 01000368 1 02 0000001f
-[f] 01000378 0020df33
-[d] 01000374 33 1e 01 02 5 00 - -
-[r] 01 02 80000000 0000000e
-[e] 01000374 80000000 0
-[f] 0100037c 00120213
-[d] 01000378 13 04 04 - 0 - 00000001 -
-[r] 04 - 80000000 -
-[e] 01000374 00000001 0
-[f] 01000380 00200293
-[d] 0100037c 13 05 00 - 0 - 00000002 -
-[r] 00 - 00000000 -
-[e] 01000378 00000001 0
-[f] 01000384 fe5212e3
-[d] 01000380 63 - 04 05 1 - ffffffe4 -
-[r] 04 05 00000000 00000000
-[e] 0100037c 00000002 0
-[w] 01000374 1 1e 00000001
-[f] 01000388 00100e93
-[d] 01000384 13 1d 00 - 0 - 00000001 -
-[r] 00 - 00000000 -
-[e] 01000380 01000364 1
-[w] 01000378 1 04 00000001
-[f] 01000368 800000b7
-[d] 01000364 37 01 - - - - 80000000 -
-[r] - - - -
-[f] 0100036c 01f00113
-[d] 01000368 13 02 00 - 0 - 0000001f -
-[r] 00 - 00000000 -
-[e] 01000364 80000000 0
-[f] 01000378 0020df33
-[d] 01000374 33 1e 01 02 5 00 - -
-[r] 01 02 00000000 00000000
-[w] 01000368 1 02 0000001f
-[f] 01000378 0020df33
-[d] 01000374 33 1e 01 02 5 00 - -
-[r] 01 02 80000000 0000001f
-[e] 01000374 80000000 0
-[f] 0100037c 00120213
-[d] 01000378 13 04 04 - 0 - 00000001 -
-[r] 04 - 80000000 -
-[e] 01000374 00000001 0
-[f] 01000380 00200293
-[d] 0100037c 13 05 00 - 0 - 00000002 -
-[r] 00 - 00000001 -
-[e] 01000378 00000002 0
-[f] 01000384 fe5212e3
-[d] 01000380 63 - 04 05 1 - ffffffe4 -
-[r] 04 05 00000000 00000000
-[e] 0100037c 00000002 0
-[w] 01000374 1 1e 00000001
-[f] 01000388 00100e93
-[d] 01000384 13 1d 00 - 0 - 00000001 -
-[r] 00 - 00000001 -
-[e] 01000380 01000364 0
-[w] 01000378 1 04 00000002
-[f] 0100038c 01e00193
-[d] 01000388 13 03 00 - 0 - 0000001e -
-[r] 00 - 00000000 -
-[e] 01000384 00000001 0
-[w] 0100037c 1 05 00000002
-[f] 01000390 1fdf1c63
-[d] 0100038c 63 - 1e 1d 1 - 000001f8 -
-[r] 1e 1d 00000000 00000000
-[e] 01000388 0000001e 0
-[f] 01000394 00000213
-[d] 01000390 13 04 00 - 0 - 00000000 -
-[r] 00 - 00000001 -
-[e] 0100038c 01000584 0
-[w] 01000384 1 1d 00000001
-[f] 01000398 800000b7
-[d] 01000394 37 01 - - - - 80000000 -
-[r] - - - -
-[e] 01000390 00000000 0
-[w] 01000388 1 03 0000001e
-[f] 010003a0 00700113
-[d] 0100039c 13 02 00 - 0 - 00000007 -
-[r] 00 - 00000000 -
-[w] 01000390 1 04 00000000
-[f] 010003a4 0020df33
-[d] 010003a0 33 1e 01 02 5 00 - -
-[r] 01 02 00000000 00000000
-[e] 0100039c 00000007 0
-[w] 01000394 1 01 80000000
-[f] 010003a4 0020df33
-[d] 010003a0 33 1e 01 02 5 00 - -
-[r] 01 02 80000000 0000001f
-[e] 010003a0 80000000 0
-[f] 010003a8 00120213
-[d] 010003a4 13 04 04 - 0 - 00000001 -
-[r] 04 - 80000000 -
-[e] 010003a0 01000000 0
-[w] 0100039c 1 02 00000007
-[f] 010003ac 00200293
-[d] 010003a8 13 05 00 - 0 - 00000002 -
-[r] 00 - 00000000 -
-[e] 010003a4 00000001 0
-[f] 010003b0 fe5214e3
-[d] 010003ac 63 - 04 05 1 - ffffffe8 -
-[r] 04 05 00000000 00000000
-[e] 010003a8 00000002 0
-[w] 010003a0 1 1e 01000000
-[f] 010003b4 01000eb7
-[d] 010003b0 37 1d - - - - 01000000 -
-[r] - - - -
-[e] 010003ac 01000394 1
-[w] 010003a4 1 04 00000001
-[f] 01000398 800000b7
-[d] 01000394 37 01 - - - - 80000000 -
-[r] - - - -
-[f] 010003a0 00700113
-[d] 0100039c 13 02 00 - 0 - 00000007 -
-[r] 00 - 00000000 -
-[f] 010003a4 0020df33
-[d] 010003a0 33 1e 01 02 5 00 - -
-[r] 01 02 00000000 00000000
-[e] 0100039c 00000007 0
-[w] 01000394 1 01 80000000
-[f] 010003a4 0020df33
-[d] 010003a0 33 1e 01 02 5 00 - -
-[r] 01 02 80000000 00000007
-[e] 010003a0 80000000 0
-[f] 010003a8 00120213
-[d] 010003a4 13 04 04 - 0 - 00000001 -
-[r] 04 - 80000000 -
-[e] 010003a0 01000000 0
-[w] 0100039c 1 02 00000007
-[f] 010003ac 00200293
-[d] 010003a8 13 05 00 - 0 - 00000002 -
-[r] 00 - 00000001 -
-[e] 010003a4 00000002 0
-[f] 010003b0 fe5214e3
-[d] 010003ac 63 - 04 05 1 - ffffffe8 -
-[r] 04 05 00000000 00000000
-[e] 010003a8 00000002 0
-[w] 010003a0 1 1e 01000000
-[f] 010003b4 01000eb7
-[d] 010003b0 37 1d - - - - 01000000 -
-[r] - - - -
-[e] 010003ac 01000394 0
-[w] 010003a4 1 04 00000002
-[f] 010003b8 01f00193
-[d] 010003b4 13 03 00 - 0 - 0000001f -
-[r] 00 - 00000000 -
-[e] 010003b0 01000000 0
-[w] 010003a8 1 05 00000002
-[f] 010003bc 1ddf1663
-[d] 010003b8 63 - 1e 1d 1 - 000001cc -
-[r] 1e 1d 00000000 00000000
-[e] 010003b4 0000001f 0
-[f] 010003c0 00000213
-[d] 010003bc 13 04 00 - 0 - 00000000 -
-[r] 00 - 01000000 -
-[e] 010003b8 01000584 0
-[w] 010003b0 1 1d 01000000
-[f] 010003c4 800000b7
-[d] 010003c0 37 01 - - - - 80000000 -
-[r] - - - -
-[e] 010003bc 00000000 0
-[w] 010003b4 1 03 0000001f
-[f] 010003cc 00e00113
-[d] 010003c8 13 02 00 - 0 - 0000000e -
-[r] 00 - 00000000 -
-[w] 010003bc 1 04 00000000
-[f] 010003d4 0020df33
-[d] 010003d0 33 1e 01 02 5 00 - -
-[r] 01 02 00000000 00000000
-[f] 010003d8 00120213
-[d] 010003d4 13 04 04 - 0 - 00000001 -
-[r] 04 - 80000000 -
-[e] 010003d0 00020000 0
-[w] 010003c8 1 02 0000000e
-[f] 010003dc 00200293
-[d] 010003d8 13 05 00 - 0 - 00000002 -
-[r] 00 - 00000000 -
-[e] 010003d4 00000001 0
-[f] 010003e0 fe5212e3
-[d] 010003dc 63 - 04 05 1 - ffffffe4 -
-[r] 04 05 00000000 00000000
-[e] 010003d8 00000002 0
-[w] 010003d0 1 1e 00020000
-[f] 010003e4 00020eb7
-[d] 010003e0 37 1d - - - - 00020000 -
-[r] - - - -
-[e] 010003dc 010003c0 1
-[w] 010003d4 1 04 00000001
-[f] 010003c4 800000b7
-[d] 010003c0 37 01 - - - - 80000000 -
-[r] - - - -
-[f] 010003cc 00e00113
-[d] 010003c8 13 02 00 - 0 - 0000000e -
-[r] 00 - 00000000 -
-[f] 010003d4 0020df33
-[d] 010003d0 33 1e 01 02 5 00 - -
-[r] 01 02 00000000 00000000
-[f] 010003d8 00120213
-[d] 010003d4 13 04 04 - 0 - 00000001 -
-[r] 04 - 80000000 -
-[e] 010003d0 00020000 0
-[w] 010003c8 1 02 0000000e
-[f] 010003dc 00200293
-[d] 010003d8 13 05 00 - 0 - 00000002 -
-[r] 00 - 00000001 -
-[e] 010003d4 00000002 0
-[f] 010003e0 fe5212e3
-[d] 010003dc 63 - 04 05 1 - ffffffe4 -
-[r] 04 05 00000000 00000000
-[e] 010003d8 00000002 0
-[w] 010003d0 1 1e 00020000
-[f] 010003e4 00020eb7
-[d] 010003e0 37 1d - - - - 00020000 -
-[r] - - - -
-[e] 010003dc 010003c0 0
-[w] 010003d4 1 04 00000002
-[f] 010003e8 02000193
-[d] 010003e4 13 03 00 - 0 - 00000020 -
-[r] 00 - 00000000 -
-[e] 010003e0 00020000 0
-[w] 010003d8 1 05 00000002
-[f] 010003ec 19df1e63
-[d] 010003e8 63 - 1e 1d 1 - 0000019c -
-[r] 1e 1d 00000000 00000000
-[e] 010003e4 00000020 0
-[f] 010003f0 00000213
-[d] 010003ec 13 04 00 - 0 - 00000000 -
-[r] 00 - 00020000 -
-[e] 010003e8 01000584 0
-[w] 010003e0 1 1d 00020000
-[f] 010003f4 800000b7
-[d] 010003f0 37 01 - - - - 80000000 -
-[r] - - - -
-[e] 010003ec 00000000 0
-[w] 010003e4 1 03 00000020
-[f] 01000400 01f00113
-[d] 010003fc 13 02 00 - 0 - 0000001f -
-[r] 00 - 00000000 -
-[w] 010003f0 1 01 80000000
-[f] 01000404 0020df33
-[d] 01000400 33 1e 01 02 5 00 - -
-[r] 01 02 00000000 00000000
-[e] 010003fc 0000001f 0
-[f] 01000408 00120213
-[d] 01000404 13 04 04 - 0 - 00000001 -
-[r] 04 - 80000000 -
-[e] 01000400 00000001 0
-[f] 0100040c 00200293
-[d] 01000408 13 05 00 - 0 - 00000002 -
-[r] 00 - 00000000 -
-[e] 01000404 00000001 0
-[w] 010003fc 1 02 0000001f
-[f] 01000410 fe5212e3
-[d] 0100040c 63 - 04 05 1 - ffffffe4 -
-[r] 04 05 00000000 00000000
-[e] 01000408 00000002 0
-[w] 01000400 1 1e 00000001
-[f] 01000414 00100e93
-[d] 01000410 13 1d 00 - 0 - 00000001 -
-[r] 00 - 00000000 -
-[e] 0100040c 010003f0 1
-[w] 01000404 1 04 00000001
-[f] 010003f4 800000b7
-[d] 010003f0 37 01 - - - - 80000000 -
-[r] - - - -
-[f] 01000400 01f00113
-[d] 010003fc 13 02 00 - 0 - 0000001f -
-[r] 00 - 00000000 -
-[w] 010003f0 1 01 80000000
-[f] 01000404 0020df33
-[d] 01000400 33 1e 01 02 5 00 - -
-[r] 01 02 00000000 00000000
-[e] 010003fc 0000001f 0
-[f] 01000408 00120213
-[d] 01000404 13 04 04 - 0 - 00000001 -
-[r] 04 - 80000000 -
-[e] 01000400 00000001 0
-[f] 0100040c 00200293
-[d] 01000408 13 05 00 - 0 - 00000002 -
-[r] 00 - 00000001 -
-[e] 01000404 00000002 0
-[w] 010003fc 1 02 0000001f
-[f] 01000410 fe5212e3
-[d] 0100040c 63 - 04 05 1 - ffffffe4 -
-[r] 04 05 00000000 00000000
-[e] 01000408 00000002 0
-[w] 01000400 1 1e 00000001
-[f] 01000414 00100e93
-[d] 01000410 13 1d 00 - 0 - 00000001 -
-[r] 00 - 00000001 -
-[e] 0100040c 010003f0 0
-[w] 01000404 1 04 00000002
-[f] 01000418 02100193
-[d] 01000414 13 03 00 - 0 - 00000021 -
-[r] 00 - 00000000 -
-[e] 01000410 00000001 0
-[w] 01000408 1 05 00000002
-[f] 0100041c 17df1663
-[d] 01000418 63 - 1e 1d 1 - 0000016c -
-[r] 1e 1d 00000000 00000000
-[e] 01000414 00000021 0
-[f] 01000420 00000213
-[d] 0100041c 13 04 00 - 0 - 00000000 -
-[r] 00 - 00000001 -
-[e] 01000418 01000584 0
-[w] 01000410 1 1d 00000001
-[f] 01000424 00700113
-[d] 01000420 13 02 00 - 0 - 00000007 -
-[r] 00 - 00000000 -
-[e] 0100041c 00000000 0
-[w] 01000414 1 03 00000021
-[f] 01000428 800000b7
-[d] 01000424 37 01 - - - - 80000000 -
-[r] - - - -
-[e] 01000420 00000007 0
-[f] 0100042c 0020df33
-[d] 01000428 33 1e 01 02 5 00 - -
-[r] 01 02 00000000 00000000
-[e] 01000424 80000000 0
-[w] 0100041c 1 04 00000000
-[f] 01000430 00120213
-[d] 0100042c 13 04 04 - 0 - 00000001 -
-[r] 04 - 80000000 -
-[e] 01000428 01000000 0
-[w] 01000420 1 02 00000007
-[f] 01000434 00200293
-[d] 01000430 13 05 00 - 0 - 00000002 -
-[r] 00 - 00000000 -
-[e] 0100042c 00000001 0
-[w] 01000424 1 01 80000000
-[f] 01000438 fe5216e3
-[d] 01000434 63 - 04 05 1 - ffffffec -
-[r] 04 05 00000000 00000000
-[e] 01000430 00000002 0
-[w] 01000428 1 1e 01000000
-[f] 0100043c 01000eb7
-[d] 01000438 37 1d - - - - 01000000 -
-[r] - - - -
-[e] 01000434 01000420 1
-[w] 0100042c 1 04 00000001
-[f] 01000424 00700113
-[d] 01000420 13 02 00 - 0 - 00000007 -
-[r] 00 - 00000000 -
-[f] 01000428 800000b7
-[d] 01000424 37 01 - - - - 80000000 -
-[r] - - - -
-[e] 01000420 00000007 0
-[f] 0100042c 0020df33
-[d] 01000428 33 1e 01 02 5 00 - -
-[r] 01 02 00000000 00000000
-[e] 01000424 80000000 0
-[f] 01000430 00120213
-[d] 0100042c 13 04 04 - 0 - 00000001 -
-[r] 04 - 80000000 -
-[e] 01000428 01000000 0
-[w] 01000420 1 02 00000007
-[f] 01000434 00200293
-[d] 01000430 13 05 00 - 0 - 00000002 -
-[r] 00 - 00000001 -
-[e] 0100042c 00000002 0
-[w] 01000424 1 01 80000000
-[f] 01000438 fe5216e3
-[d] 01000434 63 - 04 05 1 - ffffffec -
-[r] 04 05 00000000 00000000
-[e] 01000430 00000002 0
-[w] 01000428 1 1e 01000000
-[f] 0100043c 01000eb7
-[d] 01000438 37 1d - - - - 01000000 -
-[r] - - - -
-[e] 01000434 01000420 0
-[w] 0100042c 1 04 00000002
-[f] 01000440 02200193
-[d] 0100043c 13 03 00 - 0 - 00000022 -
-[r] 00 - 00000000 -
-[e] 01000438 01000000 0
-[w] 01000430 1 05 00000002
-[f] 01000444 15df1263
-[d] 01000440 63 - 1e 1d 1 - 00000144 -
-[r] 1e 1d 00000000 00000000
-[e] 0100043c 00000022 0
-[f] 01000448 00000213
-[d] 01000444 13 04 00 - 0 - 00000000 -
-[r] 00 - 01000000 -
-[e] 01000440 01000584 0
-[w] 01000438 1 1d 01000000
-[f] 0100044c 00e00113
-[d] 01000448 13 02 00 - 0 - 0000000e -
-[r] 00 - 00000000 -
-[e] 01000444 00000000 0
-[w] 0100043c 1 03 00000022
-[f] 01000450 800000b7
-[d] 0100044c 37 01 - - - - 80000000 -
-[r] - - - -
-[e] 01000448 0000000e 0
-[f] 01000458 0020df33
-[d] 01000454 33 1e 01 02 5 00 - -
-[r] 01 02 00000000 00000000
-[w] 01000448 1 02 0000000e
-[f] 01000458 0020df33
-[d] 01000454 33 1e 01 02 5 00 - -
-[r] 01 02 80000000 00000007
-[e] 01000454 80000000 0
-[w] 0100044c 1 01 80000000
-[f] 01000458 0020df33
-[d] 01000454 33 1e 01 02 5 00 - -
-[r] 01 02 80000000 0000000e
-[e] 01000454 80000000 0
-[f] 0100045c 00120213
-[d] 01000458 13 04 04 - 0 - 00000001 -
-[r] 04 - 80000000 -
-[e] 01000454 00020000 0
-[f] 01000460 00200293
-[d] 0100045c 13 05 00 - 0 - 00000002 -
-[r] 00 - 00000000 -
-[e] 01000458 00000001 0
-[f] 01000464 fe5214e3
-[d] 01000460 63 - 04 05 1 - ffffffe8 -
-[r] 04 05 00000000 00000000
-[e] 0100045c 00000002 0
-[w] 01000454 1 1e 00020000
-[f] 01000468 00020eb7
-[d] 01000464 37 1d - - - - 00020000 -
-[r] - - - -
-[e] 01000460 01000448 1
-[w] 01000458 1 04 00000001
-[f] 0100044c 00e00113
-[d] 01000448 13 02 00 - 0 - 0000000e -
-[r] 00 - 00000000 -
-[f] 01000450 800000b7
-[d] 0100044c 37 01 - - - - 80000000 -
-[r] - - - -
-[e] 01000448 0000000e 0
-[f] 01000458 0020df33
-[d] 01000454 33 1e 01 02 5 00 - -
-[r] 01 02 00000000 00000000
-[w] 01000448 1 02 0000000e
-[f] 01000458 0020df33
-[d] 01000454 33 1e 01 02 5 00 - -
-[r] 01 02 80000000 0000000e
-[e] 01000454 80000000 0
-[w] 0100044c 1 01 80000000
-[f] 01000458 0020df33
-[d] 01000454 33 1e 01 02 5 00 - -
-[r] 01 02 80000000 0000000e
-[e] 01000454 80000000 0
-[f] 0100045c 00120213
-[d] 01000458 13 04 04 - 0 - 00000001 -
-[r] 04 - 80000000 -
-[e] 01000454 00020000 0
-[f] 01000460 00200293
-[d] 0100045c 13 05 00 - 0 - 00000002 -
-[r] 00 - 00000001 -
-[e] 01000458 00000002 0
-[f] 01000464 fe5214e3
-[d] 01000460 63 - 04 05 1 - ffffffe8 -
-[r] 04 05 00000000 00000000
-[e] 0100045c 00000002 0
-[w] 01000454 1 1e 00020000
-[f] 01000468 00020eb7
-[d] 01000464 37 1d - - - - 00020000 -
-[r] - - - -
-[e] 01000460 01000448 0
-[w] 01000458 1 04 00000002
-[f] 0100046c 02300193
-[d] 01000468 13 03 00 - 0 - 00000023 -
-[r] 00 - 00000000 -
-[e] 01000464 00020000 0
-[w] 0100045c 1 05 00000002
-[f] 01000470 11df1c63
-[d] 0100046c 63 - 1e 1d 1 - 00000118 -
-[r] 1e 1d 00000000 00000000
-[e] 01000468 00000023 0
-[f] 01000474 00000213
-[d] 01000470 13 04 00 - 0 - 00000000 -
-[r] 00 - 00020000 -
-[e] 0100046c 01000584 0
-[w] 01000464 1 1d 00020000
-[f] 01000478 01f00113
-[d] 01000474 13 02 00 - 0 - 0000001f -
-[r] 00 - 00000000 -
-[e] 01000470 00000000 0
-[w] 01000468 1 03 00000023
-[f] 0100047c 800000b7
-[d] 01000478 37 01 - - - - 80000000 -
-[r] - - - -
-[e] 01000474 0000001f 0
-[f] 01000488 0020df33
-[d] 01000484 33 1e 01 02 5 00 - -
-[r] 01 02 00000000 00000000
-[w] 01000478 1 01 80000000
-[f] 01000488 0020df33
-[d] 01000484 33 1e 01 02 5 00 - -
-[r] 01 02 80000000 0000001f
-[e] 01000484 80000000 0
-[f] 0100048c 00120213
-[d] 01000488 13 04 04 - 0 - 00000001 -
-[r] 04 - 80000000 -
-[e] 01000484 00000001 0
-[f] 01000490 00200293
-[d] 0100048c 13 05 00 - 0 - 00000002 -
-[r] 00 - 00000000 -
-[e] 01000488 00000001 0
-[f] 01000494 fe5212e3
-[d] 01000490 63 - 04 05 1 - ffffffe4 -
-[r] 04 05 00000000 00000000
-[e] 0100048c 00000002 0
-[w] 01000484 1 1e 00000001
-[f] 01000498 00100e93
-[d] 01000494 13 1d 00 - 0 - 00000001 -
-[r] 00 - 00000000 -
-[e] 01000490 01000474 1
-[w] 01000488 1 04 00000001
-[f] 01000478 01f00113
-[d] 01000474 13 02 00 - 0 - 0000001f -
-[r] 00 - 00000000 -
-[f] 0100047c 800000b7
-[d] 01000478 37 01 - - - - 80000000 -
-[r] - - - -
-[e] 01000474 0000001f 0
-[f] 01000488 0020df33
-[d] 01000484 33 1e 01 02 5 00 - -
-[r] 01 02 00000000 00000000
-[w] 01000478 1 01 80000000
-[f] 01000488 0020df33
-[d] 01000484 33 1e 01 02 5 00 - -
-[r] 01 02 80000000 0000001f
-[e] 01000484 80000000 0
-[f] 0100048c 00120213
-[d] 01000488 13 04 04 - 0 - 00000001 -
-[r] 04 - 80000000 -
-[e] 01000484 00000001 0
-[f] 01000490 00200293
-[d] 0100048c 13 05 00 - 0 - 00000002 -
-[r] 00 - 00000001 -
-[e] 01000488 00000002 0
-[f] 01000494 fe5212e3
-[d] 01000490 63 - 04 05 1 - ffffffe4 -
-[r] 04 05 00000000 00000000
-[e] 0100048c 00000002 0
-[w] 01000484 1 1e 00000001
-[f] 01000498 00100e93
-[d] 01000494 13 1d 00 - 0 - 00000001 -
-[r] 00 - 00000001 -
-[e] 01000490 01000474 0
-[w] 01000488 1 04 00000002
-[f] 0100049c 02400193
-[d] 01000498 13 03 00 - 0 - 00000024 -
-[r] 00 - 00000000 -
-[e] 01000494 00000001 0
-[w] 0100048c 1 05 00000002
-[f] 010004a0 0fdf1463
-[d] 0100049c 63 - 1e 1d 1 - 000000e8 -
-[r] 1e 1d 00000000 00000000
-[e] 01000498 00000024 0
-[f] 010004a4 00000213
-[d] 010004a0 13 04 00 - 0 - 00000000 -
-[r] 00 - 00000001 -
-[e] 0100049c 01000584 0
-[w] 01000494 1 1d 00000001
-[f] 010004a8 00700113
-[d] 010004a4 13 02 00 - 0 - 00000007 -
-[r] 00 - 00000000 -
-[e] 010004a0 00000000 0
-[w] 01000498 1 03 00000024
-[f] 010004b0 800000b7
-[d] 010004ac 37 01 - - - - 80000000 -
-[r] - - - -
-[w] 010004a0 1 04 00000000
-[f] 010004b4 0020df33
-[d] 010004b0 33 1e 01 02 5 00 - -
-[r] 01 02 00000000 00000000
-[e] 010004ac 80000000 0
-[w] 010004a4 1 02 00000007
-[f] 010004b4 0020df33
-[d] 010004b0 33 1e 01 02 5 00 - -
-[r] 01 02 80000000 0000001f
-[e] 010004b0 80000000 0
-[f] 010004b8 00120213
-[d] 010004b4 13 04 04 - 0 - 00000001 -
-[r] 04 - 80000000 -
-[e] 010004b0 01000000 0
-[w] 010004ac 1 01 80000000
-[f] 010004bc 00200293
-[d] 010004b8 13 05 00 - 0 - 00000002 -
-[r] 00 - 00000000 -
-[e] 010004b4 00000001 0
-[f] 010004c0 fe5214e3
-[d] 010004bc 63 - 04 05 1 - ffffffe8 -
-[r] 04 05 00000000 00000000
-[e] 010004b8 00000002 0
-[w] 010004b0 1 1e 01000000
-[f] 010004c4 01000eb7
-[d] 010004c0 37 1d - - - - 01000000 -
-[r] - - - -
-[e] 010004bc 010004a4 1
-[w] 010004b4 1 04 00000001
-[f] 010004a8 00700113
-[d] 010004a4 13 02 00 - 0 - 00000007 -
-[r] 00 - 00000000 -
-[f] 010004b0 800000b7
-[d] 010004ac 37 01 - - - - 80000000 -
-[r] - - - -
-[f] 010004b4 0020df33
-[d] 010004b0 33 1e 01 02 5 00 - -
-[r] 01 02 00000000 00000000
-[e] 010004ac 80000000 0
-[w] 010004a4 1 02 00000007
-[f] 010004b4 0020df33
-[d] 010004b0 33 1e 01 02 5 00 - -
-[r] 01 02 80000000 00000007
-[e] 010004b0 80000000 0
-[f] 010004b8 00120213
-[d] 010004b4 13 04 04 - 0 - 00000001 -
-[r] 04 - 80000000 -
-[e] 010004b0 01000000 0
-[w] 010004ac 1 01 80000000
-[f] 010004bc 00200293
-[d] 010004b8 13 05 00 - 0 - 00000002 -
-[r] 00 - 00000001 -
-[e] 010004b4 00000002 0
-[f] 010004c0 fe5214e3
-[d] 010004bc 63 - 04 05 1 - ffffffe8 -
-[r] 04 05 00000000 00000000
-[e] 010004b8 00000002 0
-[w] 010004b0 1 1e 01000000
-[f] 010004c4 01000eb7
-[d] 010004c0 37 1d - - - - 01000000 -
-[r] - - - -
-[e] 010004bc 010004a4 0
-[w] 010004b4 1 04 00000002
-[f] 010004c8 02500193
-[d] 010004c4 13 03 00 - 0 - 00000025 -
-[r] 00 - 00000000 -
-[e] 010004c0 01000000 0
-[w] 010004b8 1 05 00000002
-[f] 010004cc 0bdf1e63
-[d] 010004c8 63 - 1e 1d 1 - 000000bc -
-[r] 1e 1d 00000000 00000000
-[e] 010004c4 00000025 0
-[f] 010004d0 00000213
-[d] 010004cc 13 04 00 - 0 - 00000000 -
-[r] 00 - 01000000 -
-[e] 010004c8 01000584 0
-[w] 010004c0 1 1d 01000000
-[f] 010004d4 00e00113
-[d] 010004d0 13 02 00 - 0 - 0000000e -
-[r] 00 - 00000000 -
-[e] 010004cc 00000000 0
-[w] 010004c4 1 03 00000025
-[f] 010004dc 800000b7
-[d] 010004d8 37 01 - - - - 80000000 -
-[r] - - - -
-[w] 010004cc 1 04 00000000
-[f] 010004e4 0020df33
-[d] 010004e0 33 1e 01 02 5 00 - -
-[r] 01 02 00000000 00000000
-[f] 010004e8 00120213
-[d] 010004e4 13 04 04 - 0 - 00000001 -
-[r] 04 - 80000000 -
-[e] 010004e0 00020000 0
-[w] 010004d8 1 01 80000000
-[f] 010004ec 00200293
-[d] 010004e8 13 05 00 - 0 - 00000002 -
-[r] 00 - 00000000 -
-[e] 010004e4 00000001 0
-[f] 010004f0 fe5212e3
-[d] 010004ec 63 - 04 05 1 - ffffffe4 -
-[r] 04 05 00000000 00000000
-[e] 010004e8 00000002 0
-[w] 010004e0 1 1e 00020000
-[f] 010004f4 00020eb7
-[d] 010004f0 37 1d - - - - 00020000 -
-[r] - - - -
-[e] 010004ec 010004d0 1
-[w] 010004e4 1 04 00000001
-[f] 010004d4 00e00113
-[d] 010004d0 13 02 00 - 0 - 0000000e -
-[r] 00 - 00000000 -
-[f] 010004dc 800000b7
-[d] 010004d8 37 01 - - - - 80000000 -
-[r] - - - -
-[f] 010004e4 0020df33
-[d] 010004e0 33 1e 01 02 5 00 - -
-[r] 01 02 00000000 00000000
-[f] 010004e8 00120213
-[d] 010004e4 13 04 04 - 0 - 00000001 -
-[r] 04 - 80000000 -
-[e] 010004e0 00020000 0
-[w] 010004d8 1 01 80000000
-[f] 010004ec 00200293
-[d] 010004e8 13 05 00 - 0 - 00000002 -
-[r] 00 - 00000001 -
-[e] 010004e4 00000002 0
-[f] 010004f0 fe5212e3
-[d] 010004ec 63 - 04 05 1 - ffffffe4 -
-[r] 04 05 00000000 00000000
-[e] 010004e8 00000002 0
-[w] 010004e0 1 1e 00020000
-[f] 010004f4 00020eb7
-[d] 010004f0 37 1d - - - - 00020000 -
-[r] - - - -
-[e] 010004ec 010004d0 0
-[w] 010004e4 1 04 00000002
-[f] 010004f8 02600193
-[d] 010004f4 13 03 00 - 0 - 00000026 -
-[r] 00 - 00000000 -
-[e] 010004f0 00020000 0
-[w] 010004e8 1 05 00000002
-[f] 010004fc 09df1663
-[d] 010004f8 63 - 1e 1d 1 - 0000008c -
-[r] 1e 1d 00000000 00000000
-[e] 010004f4 00000026 0
-[f] 01000500 00000213
-[d] 010004fc 13 04 00 - 0 - 00000000 -
-[r] 00 - 00020000 -
-[e] 010004f8 01000584 0
-[w] 010004f0 1 1d 00020000
-[f] 01000504 01f00113
-[d] 01000500 13 02 00 - 0 - 0000001f -
-[r] 00 - 00000000 -
-[e] 010004fc 00000000 0
-[w] 010004f4 1 03 00000026
-[f] 01000510 800000b7
-[d] 0100050c 37 01 - - - - 80000000 -
-[r] - - - -
-[w] 01000500 1 02 0000001f
-[f] 01000514 0020df33
-[d] 01000510 33 1e 01 02 5 00 - -
-[r] 01 02 00000000 00000000
-[e] 0100050c 80000000 0
-[f] 01000518 00120213
-[d] 01000514 13 04 04 - 0 - 00000001 -
-[r] 04 - 80000000 -
-[e] 01000510 00000001 0
-[f] 0100051c 00200293
-[d] 01000518 13 05 00 - 0 - 00000002 -
-[r] 00 - 00000000 -
-[e] 01000514 00000001 0
-[w] 0100050c 1 01 80000000
-[f] 01000520 fe5212e3
-[d] 0100051c 63 - 04 05 1 - ffffffe4 -
-[r] 04 05 00000000 00000000
-[e] 01000518 00000002 0
-[w] 01000510 1 1e 00000001
-[f] 01000524 00100e93
-[d] 01000520 13 1d 00 - 0 - 00000001 -
-[r] 00 - 00000000 -
-[e] 0100051c 01000500 1
-[w] 01000514 1 04 00000001
-[f] 01000504 01f00113
-[d] 01000500 13 02 00 - 0 - 0000001f -
-[r] 00 - 00000000 -
-[f] 01000510 800000b7
-[d] 0100050c 37 01 - - - - 80000000 -
-[r] - - - -
-[w] 01000500 1 02 0000001f
-[f] 01000514 0020df33
-[d] 01000510 33 1e 01 02 5 00 - -
-[r] 01 02 00000000 00000000
-[e] 0100050c 80000000 0
-[f] 01000518 00120213
-[d] 01000514 13 04 04 - 0 - 00000001 -
-[r] 04 - 80000000 -
-[e] 01000510 00000001 0
-[f] 0100051c 00200293
-[d] 01000518 13 05 00 - 0 - 00000002 -
-[r] 00 - 00000001 -
-[e] 01000514 00000002 0
-[w] 0100050c 1 01 80000000
-[f] 01000520 fe5212e3
-[d] 0100051c 63 - 04 05 1 - ffffffe4 -
-[r] 04 05 00000000 00000000
-[e] 01000518 00000002 0
-[w] 01000510 1 1e 00000001
-[f] 01000524 00100e93
-[d] 01000520 13 1d 00 - 0 - 00000001 -
-[r] 00 - 00000001 -
-[e] 0100051c 01000500 0
-[w] 01000514 1 04 00000002
-[f] 01000528 02700193
-[d] 01000524 13 03 00 - 0 - 00000027 -
-[r] 00 - 00000000 -
-[e] 01000520 00000001 0
-[w] 01000518 1 05 00000002
-[f] 0100052c 05df1e63
-[d] 01000528 63 - 1e 1d 1 - 0000005c -
-[r] 1e 1d 00000000 00000000
-[e] 01000524 00000027 0
-[f] 01000530 00f00093
-[d] 0100052c 13 01 00 - 0 - 0000000f -
-[r] 00 - 00000001 -
-[e] 01000528 01000584 0
-[w] 01000520 1 1d 00000001
-[f] 01000534 00105133
-[d] 01000530 33 02 00 01 5 00 - -
-[r] 00 01 00000000 00000000
-[e] 0100052c 0000000f 0
-[w] 01000524 1 03 00000027
-[f] 01000538 00000e93
-[d] 01000534 13 1d 00 - 0 - 00000000 -
-[r] 00 - 00000000 -
-[e] 01000530 00000000 0
-[f] 0100053c 02800193
-[d] 01000538 13 03 00 - 0 - 00000028 -
-[r] 00 - 00000000 -
-[e] 01000534 00000000 0
-[w] 0100052c 1 01 0000000f
-[f] 01000540 05d11463
-[d] 0100053c 63 - 02 1d 1 - 00000048 -
-[r] 02 1d 00000000 00000000
-[e] 01000538 00000028 0
-[w] 01000530 1 02 00000000
-[f] 01000540 05d11463
-[d] 0100053c 63 - 02 1d 1 - 00000048 -
-[r] 02 1d 0000001f 00000001
-[e] 0100053c 0000001f 0
-[w] 01000534 1 1d 00000000
-[f] 01000540 05d11463
-[d] 0100053c 63 - 02 1d 1 - 00000048 -
-[r] 02 1d 00000000 00000001
-[e] 0100053c 00000000 0
-[w] 01000538 1 03 00000028
-[f] 01000544 02000093
-[d] 01000540 13 01 00 - 0 - 00000020 -
-[r] 00 - 00000000 -
-[e] 0100053c 01000584 0
-[f] 01000548 0000d133
-[d] 01000544 33 02 01 00 5 00 - -
-[r] 01 00 00000000 00000000
-[e] 01000540 00000020 0
-[f] 0100054c 02000e93
-[d] 01000548 13 1d 00 - 0 - 00000020 -
-[r] 00 - 0000000f -
-[e] 01000544 00000020 1
-[f] 01000550 02900193
-[d] 0100054c 13 03 00 - 0 - 00000029 -
-[r] 00 - 00000000 -
-[e] 01000548 00000020 0
-[w] 01000540 1 01 00000020
-[f] 01000554 03d11a63
-[d] 01000550 63 - 02 1d 1 - 00000034 -
-[r] 02 1d 00000000 00000000
-[e] 0100054c 00000029 0
-[w] 01000544 1 02 00000020
-[f] 01000554 03d11a63
-[d] 01000550 63 - 02 1d 1 - 00000034 -
-[r] 02 1d 00000000 00000000
-[e] 01000550 00000000 0
-[w] 01000548 1 1d 00000020
-[f] 01000554 03d11a63
-[d] 01000550 63 - 02 1d 1 - 00000034 -
-[r] 02 1d 00000020 00000000
-[e] 01000550 00000020 0
-[w] 0100054c 1 03 00000029
-[f] 01000558 000050b3
-[d] 01000554 33 01 00 00 5 00 - -
-[r] 00 00 00000020 00000020
-[e] 01000550 01000584 0
-[f] 0100055c 00000e93
-[d] 01000558 13 1d 00 - 0 - 00000000 -
-[r] 00 - 00000000 -
-[e] 01000554 00000000 1
-[f] 01000560 02a00193
-[d] 0100055c 13 03 00 - 0 - 0000002a -
-[r] 00 - 00000000 -
-[e] 01000558 00000000 0
-[f] 01000564 03d09263
-[d] 01000560 63 - 01 1d 1 - 00000024 -
-[r] 01 1d 00000000 00000000
-[e] 0100055c 0000002a 0
-[w] 01000554 1 01 00000000
-[f] 01000564 03d09263
-[d] 01000560 63 - 01 1d 1 - 00000024 -
-[r] 01 1d 00000020 00000020
-[e] 01000560 00000020 0
-[w] 01000558 1 1d 00000000
-[f] 01000564 03d09263
-[d] 01000560 63 - 01 1d 1 - 00000024 -
-[r] 01 1d 00000000 00000020
-[e] 01000560 00000000 0
-[w] 0100055c 1 03 0000002a
-[f] 01000568 40000093
-[d] 01000564 13 01 00 - 0 - 00000400 -
-[r] 00 - 00000000 -
-[e] 01000560 01000584 0
-[f] 0100056c 00001137
-[d] 01000568 37 02 - - - - 00001000 -
-[r] - - - -
-[e] 01000564 00000400 0
-[f] 01000570 80010113
-[d] 0100056c 13 02 02 - 0 - fffff800 -
-[r] 02 - 00000000 -
-[e] 01000568 00001000 0
-[f] 01000574 0020d033
-[d] 01000570 33 00 01 02 5 00 - -
-[r] 01 02 00000020 00000000
-[e] 0100056c 00000800 0
-[w] 01000564 1 01 00000400
-[f] 01000574 0020d033
-[d] 01000570 33 00 01 02 5 00 - -
-[r] 01 02 00000000 00000020
-[e] 01000570 00000000 0
-[w] 01000568 1 02 00001000
-[f] 01000578 00000e93
-[d] 01000574 13 1d 00 - 0 - 00000000 -
-[r] 00 - 00000400 -
-[e] 01000570 00000400 0
-[w] 0100056c 1 02 00000800
-[f] 0100057c 02b00193
-[d] 01000578 13 03 00 - 0 - 0000002b -
-[r] 00 - 00000000 -
-[e] 01000574 00000000 0
-[f] 01000580 01d01463
-[d] 0100057c 63 - 00 1d 1 - 00000008 -
-[r] 00 1d 00000000 00000000
-[e] 01000578 0000002b 0
-[f] 01000584 00301c63
-[d] 01000580 63 - 00 03 1 - 00000018 -
-[r] 00 03 00000000 00000000
-[e] 0100057c 01000584 0
-[w] 01000574 1 1d 00000000
-[f] 010005a0 00100193
-[d] 0100059c 13 03 00 - 0 - 00000001 -
-[r] 00 - 00000000 -
-[e] 01000598 00000000 0
+[e] 01000018 01000588 1
+[f] 0100058c 00018063
+[d] 01000588 33 1e 01 02 5 00 - -
+[r] 01 02 00000000 00000000
+[f] 01000590 00119193
+[d] 0100058c 63 - 03 00 0 - 00000000 -
+[r] 03 00 80000000 00000000
+[e] 01000588 00000000 0
+[f] 01000594 0011e193
+[d] 01000590 13 03 03 - 1 - 00000000 -
+[r] 03 - 00000002 -
+[e] 0100058c 0100058c 0
+[f] 01000598 00000073
+[d] 01000594 13 03 03 - 6 - 00000001 -
+[r] 03 - 00000002 -
+[e] 01000590 00000002 0
+[w] 01000588 1 1e 00000000
