--- /tmp/tmp.Ht9moKgrp6	2025-11-28 17:09:54.348377841 -0500
+++ /tmp/tmp.JoCrNySgs5	2025-11-28 17:09:54.356377877 -0500
@@ -1,1120 +1,57 @@
-[f] 01000004 00000097
-[d] 01000000 17 01 - - - - 00000000 -
-[r] - - - -
 [f] 01000008 2c408093
-[d] 01000004 13 01 01 - 0 - 000002c4 -
-[r] 01 - 00000000 -
-[e] 01000000 01000000 0
+[d] 01000004 17 01 - - - - 00000000 -
+[r] - - - -
+[e] 01000000 00000000 0
 [f] 0100000c 0000df03
-[d] 01000008 03 1e 01 - 5 - 00000000 -
+[d] 01000008 13 01 01 - 0 - 000002c4 -
 [r] 01 - 00000000 -
-[e] 01000004 010002c4 0
+[e] 01000004 01000004 0
 [f] 01000010 0ff00e93
-[d] 0100000c 13 1d 00 - 0 - 000000ff -
-[r] 00 - 00000000 -
-[e] 01000008 010002c4 1
-[w] 01000000 1 01 01000000
+[d] 0100000c 03 1e 01 - 5 - 00000000 -
+[r] 01 - 00000000 -
+[e] 01000008 010002c8 0
 [f] 01000014 00200193
-[d] 01000010 13 03 00 - 0 - 00000002 -
+[d] 01000010 13 1d 00 - 0 - 000000ff -
 [r] 00 - 00000000 -
-[e] 0100000c 000000ff 0
-[w] 01000004 1 01 010002c4
+[e] 0100000c 010002c8 0
+[w] 01000004 1 01 01000004
 [f] 01000018 27df1663
-[d] 01000014 63 - 1e 1d 1 - 0000026c -
+[d] 01000014 13 03 00 - 0 - 00000002 -
+[r] 00 - 00000000 -
+[e] 01000010 000000ff 0
+[w] 01000008 1 01 010002c8
+[f] 0100001c 00000097
+[d] 01000018 63 - 1e 1d 1 - 0000026c -
 [r] 1e 1d 00000000 00000000
-[e] 01000010 00000002 0
-[w] 01000008 1 1e 000000ff
-[f] 01000018 27df1663
-[d] 01000014 63 - 1e 1d 1 - 0000026c -
+[e] 01000014 00000002 0
+[w] 0100000c 1 1e 00008093
+[f] 0100001c 00000097
+[d] 01000018 63 - 1e 1d 1 - 0000026c -
 [r] 1e 1d 00000000 00000000
-[e] 01000014 00000000 0
-[w] 0100000c 1 1d 000000ff
-[f] 01000018 27df1663
-[d] 01000014 63 - 1e 1d 1 - 0000026c -
-[r] 1e 1d 000000ff 00000000
-[e] 01000014 000000ff 0
-[w] 01000010 1 03 00000002
+[e] 01000018 00000000 0
+[w] 01000010 1 1d 000000ff
 [f] 0100001c 00000097
-[d] 01000018 17 01 - - - - 00000000 -
-[r] - - - -
-[e] 01000014 01000280 0
+[d] 01000018 63 - 1e 1d 1 - 0000026c -
+[r] 1e 1d 00008093 00000000
+[e] 01000018 00000000 0
+[w] 01000014 1 03 00000002
 [f] 01000020 2ac08093
-[d] 0100001c 13 01 01 - 0 - 000002ac -
-[r] 01 - 00000000 -
-[e] 01000018 01000018 0
-[f] 01000024 0020df03
-[d] 01000020 03 1e 01 - 5 - 00000002 -
-[r] 01 - 010002c4 -
-[e] 0100001c 010002c4 0
-[f] 01000028 00010eb7
-[d] 01000024 37 1d - - - - 00010000 -
-[r] - - - -
-[e] 01000020 010002c6 1
-[w] 01000018 1 01 01000018
-[f] 0100002c f00e8e93
-[d] 01000028 13 1d 1d - 0 - ffffff00 -
-[r] 1d - 00000000 -
-[e] 01000024 00010000 0
-[w] 0100001c 1 01 010002c4
-[f] 01000030 00300193
-[d] 0100002c 13 03 00 - 0 - 00000003 -
-[r] 00 - 000000ff -
-[e] 01000028 0000ff00 0
-[w] 01000020 1 1e 0000ff00
-[f] 01000034 25df1863
-[d] 01000030 63 - 1e 1d 1 - 00000250 -
-[r] 1e 1d 00000000 00000000
-[e] 0100002c 00000003 0
-[w] 01000024 1 1d 00010000
-[f] 01000038 00000097
-[d] 01000034 17 01 - - - - 00000000 -
-[r] - - - -
-[e] 01000030 01000280 0
-[w] 01000028 1 1d 0000ff00
-[f] 0100003c 29008093
-[d] 01000038 13 01 01 - 0 - 00000290 -
-[r] 01 - 00000000 -
-[e] 01000034 01000034 0
-[w] 0100002c 1 03 00000003
-[f] 01000040 0040df03
-[d] 0100003c 03 1e 01 - 5 - 00000004 -
-[r] 01 - 010002c4 -
-[e] 01000038 010002c4 0
-[f] 01000044 00001eb7
-[d] 01000040 37 1d - - - - 00001000 -
-[r] - - - -
-[e] 0100003c 010002c8 1
-[w] 01000034 1 01 01000034
-[f] 01000048 ff0e8e93
-[d] 01000044 13 1d 1d - 0 - fffffff0 -
-[r] 1d - 00000000 -
-[e] 01000040 00001000 0
-[w] 01000038 1 01 010002c4
-[f] 0100004c 00400193
-[d] 01000048 13 03 00 - 0 - 00000004 -
-[r] 00 - 0000ff00 -
-[e] 01000044 00000ff0 0
-[w] 0100003c 1 1e 00000ff0
-[f] 01000050 23df1a63
-[d] 0100004c 63 - 1e 1d 1 - 00000234 -
-[r] 1e 1d 00000000 00000000
-[e] 01000048 00000004 0
-[w] 01000040 1 1d 00001000
-[f] 01000054 00000097
-[d] 01000050 17 01 - - - - 00000000 -
-[r] - - - -
-[e] 0100004c 01000280 0
-[w] 01000044 1 1d 00000ff0
-[f] 01000058 27408093
-[d] 01000054 13 01 01 - 0 - 00000274 -
-[r] 01 - 00000000 -
-[e] 01000050 01000050 0
-[w] 01000048 1 03 00000004
-[f] 0100005c 0060df03
-[d] 01000058 03 1e 01 - 5 - 00000006 -
-[r] 01 - 010002c4 -
-[e] 01000054 010002c4 0
-[f] 01000060 0000feb7
-[d] 0100005c 37 1d - - - - 0000f000 -
-[r] - - - -
-[e] 01000058 010002ca 1
-[w] 01000050 1 01 01000050
-[f] 01000064 00fe8e93
-[d] 01000060 13 1d 1d - 0 - 0000000f -
-[r] 1d - 00000000 -
-[e] 0100005c 0000f000 1
-[w] 01000054 1 01 010002c4
-[f] 01000068 00500193
-[d] 01000064 13 03 00 - 0 - 00000005 -
-[r] 00 - 00000ff0 -
-[e] 01000060 0000f00f 0
-[w] 01000058 1 1e 0000f00f
-[f] 0100006c 21df1c63
-[d] 01000068 63 - 1e 1d 1 - 00000218 -
-[r] 1e 1d 00000000 00000000
-[e] 01000064 00000005 0
-[w] 0100005c 1 1d 0000f000
-[f] 01000070 00000097
-[d] 0100006c 17 01 - - - - 00000000 -
-[r] - - - -
-[e] 01000068 01000280 0
-[w] 01000060 1 1d 0000f00f
-[f] 01000074 25e08093
-[d] 01000070 13 01 01 - 0 - 0000025e -
-[r] 01 - 00000000 -
-[e] 0100006c 0100006c 0
-[w] 01000064 1 03 00000005
-[f] 01000078 ffa0df03
-[d] 01000074 03 1e 01 - 5 - fffffffa -
-[r] 01 - 010002c4 -
-[e] 01000070 010002ca 0
-[f] 0100007c 0ff00e93
-[d] 01000078 13 1d 00 - 0 - 000000ff -
-[r] 00 - 010002c4 -
-[e] 01000074 010002c4 1
-[w] 0100006c 1 01 0100006c
-[f] 01000080 00600193
-[d] 0100007c 13 03 00 - 0 - 00000006 -
-[r] 00 - 00000000 -
-[e] 01000078 000000ff 0
-[w] 01000070 1 01 010002ca
-[f] 01000084 21df1063
-[d] 01000080 63 - 1e 1d 1 - 00000200 -
-[r] 1e 1d 00000000 00000000
-[e] 0100007c 00000006 0
-[w] 01000074 1 1e 000000ff
-[f] 01000084 21df1063
-[d] 01000080 63 - 1e 1d 1 - 00000200 -
-[r] 1e 1d 0000f00f 0000f00f
-[e] 01000080 0000f00f 0
-[w] 01000078 1 1d 000000ff
-[f] 01000084 21df1063
-[d] 01000080 63 - 1e 1d 1 - 00000200 -
-[r] 1e 1d 000000ff 0000f00f
-[e] 01000080 000000ff 0
-[w] 0100007c 1 03 00000006
-[f] 01000088 00000097
-[d] 01000084 17 01 - - - - 00000000 -
-[r] - - - -
-[e] 01000080 01000280 0
-[f] 0100008c 24608093
-[d] 01000088 13 01 01 - 0 - 00000246 -
-[r] 01 - 00000000 -
-[e] 01000084 01000084 0
-[f] 01000090 ffc0df03
-[d] 0100008c 03 1e 01 - 5 - fffffffc -
-[r] 01 - 010002ca -
-[e] 01000088 010002ca 0
-[f] 01000094 00010eb7
-[d] 01000090 37 1d - - - - 00010000 -
+[d] 0100001c 17 01 - - - - 00000000 -
 [r] - - - -
-[e] 0100008c 010002c6 1
-[w] 01000084 1 01 01000084
-[f] 01000098 f00e8e93
-[d] 01000094 13 1d 1d - 0 - ffffff00 -
-[r] 1d - 00000000 -
-[e] 01000090 00010000 0
-[w] 01000088 1 01 010002ca
-[f] 0100009c 00700193
-[d] 01000098 13 03 00 - 0 - 00000007 -
-[r] 00 - 000000ff -
-[e] 01000094 0000ff00 0
-[w] 0100008c 1 1e 0000ff00
-[f] 010000a0 1fdf1263
-[d] 0100009c 63 - 1e 1d 1 - 000001e4 -
-[r] 1e 1d 00000000 00000000
-[e] 01000098 00000007 0
-[w] 01000090 1 1d 00010000
-[f] 010000a4 00000097
-[d] 010000a0 17 01 - - - - 00000000 -
-[r] - - - -
-[e] 0100009c 01000280 0
-[w] 01000094 1 1d 0000ff00
-[f] 010000a8 22a08093
-[d] 010000a4 13 01 01 - 0 - 0000022a -
-[r] 01 - 00000000 -
-[e] 010000a0 010000a0 0
-[w] 01000098 1 03 00000007
-[f] 010000ac ffe0df03
-[d] 010000a8 03 1e 01 - 5 - fffffffe -
-[r] 01 - 010002ca -
-[e] 010000a4 010002ca 0
-[f] 010000b0 00001eb7
-[d] 010000ac 37 1d - - - - 00001000 -
-[r] - - - -
-[e] 010000a8 010002c8 1
-[w] 010000a0 1 01 010000a0
-[f] 010000b4 ff0e8e93
-[d] 010000b0 13 1d 1d - 0 - fffffff0 -
-[r] 1d - 00000000 -
-[e] 010000ac 00001000 0
-[w] 010000a4 1 01 010002ca
-[f] 010000b8 00800193
-[d] 010000b4 13 03 00 - 0 - 00000008 -
-[r] 00 - 0000ff00 -
-[e] 010000b0 00000ff0 0
-[w] 010000a8 1 1e 00000ff0
-[f] 010000bc 1ddf1463
-[d] 010000b8 63 - 1e 1d 1 - 000001c8 -
-[r] 1e 1d 00000000 00000000
-[e] 010000b4 00000008 0
-[w] 010000ac 1 1d 00001000
-[f] 010000c0 00000097
-[d] 010000bc 17 01 - - - - 00000000 -
-[r] - - - -
-[e] 010000b8 01000280 0
-[w] 010000b0 1 1d 00000ff0
-[f] 010000c4 20e08093
-[d] 010000c0 13 01 01 - 0 - 0000020e -
-[r] 01 - 00000000 -
-[e] 010000bc 010000bc 0
-[w] 010000b4 1 03 00000008
-[f] 010000c8 0000df03
-[d] 010000c4 03 1e 01 - 5 - 00000000 -
-[r] 01 - 010002ca -
-[e] 010000c0 010002ca 0
-[f] 010000cc 0000feb7
-[d] 010000c8 37 1d - - - - 0000f000 -
-[r] - - - -
-[e] 010000c4 010002ca 1
-[w] 010000bc 1 01 010000bc
-[f] 010000d0 00fe8e93
-[d] 010000cc 13 1d 1d - 0 - 0000000f -
-[r] 1d - 00000000 -
-[e] 010000c8 0000f000 1
-[w] 010000c0 1 01 010002ca
-[f] 010000d4 00900193
-[d] 010000d0 13 03 00 - 0 - 00000009 -
-[r] 00 - 00000ff0 -
-[e] 010000cc 0000f00f 0
-[w] 010000c4 1 1e 0000f00f
-[f] 010000d8 1bdf1663
-[d] 010000d4 63 - 1e 1d 1 - 000001ac -
-[r] 1e 1d 00000000 00000000
-[e] 010000d0 00000009 0
-[w] 010000c8 1 1d 0000f000
-[f] 010000dc 00000097
-[d] 010000d8 17 01 - - - - 00000000 -
-[r] - - - -
-[e] 010000d4 01000280 0
-[w] 010000cc 1 1d 0000f00f
-[f] 010000e0 1ec08093
-[d] 010000dc 13 01 01 - 0 - 000001ec -
-[r] 01 - 00000000 -
-[e] 010000d8 010000d8 0
-[w] 010000d0 1 03 00000009
-[f] 010000e4 fe008093
-[d] 010000e0 13 01 01 - 0 - ffffffe0 -
-[r] 01 - 010002ca -
-[e] 010000dc 010002c4 0
-[f] 010000e8 0200d283
-[d] 010000e4 03 05 01 - 5 - 00000020 -
-[r] 01 - 010002ca -
-[e] 010000e0 010002a4 0
-[w] 010000d8 1 01 010000d8
-[f] 010000ec 0ff00e93
-[d] 010000e8 13 1d 00 - 0 - 000000ff -
-[r] 00 - 010002ca -
-[e] 010000e4 010002c4 1
-[w] 010000dc 1 01 010002c4
-[f] 010000f0 00a00193
-[d] 010000ec 13 03 00 - 0 - 0000000a -
-[r] 00 - 00000000 -
-[e] 010000e8 000000ff 0
-[w] 010000e0 1 01 010002a4
-[f] 010000f4 19d29863
-[d] 010000f0 63 - 05 1d 1 - 00000190 -
-[r] 05 1d 00000000 00000000
-[e] 010000ec 0000000a 0
-[w] 010000e4 1 05 000000ff
-[f] 010000f4 19d29863
-[d] 010000f0 63 - 05 1d 1 - 00000190 -
-[r] 05 1d 00000000 0000f00f
-[e] 010000f0 00000000 0
-[w] 010000e8 1 1d 000000ff
-[f] 010000f4 19d29863
-[d] 010000f0 63 - 05 1d 1 - 00000190 -
-[r] 05 1d 000000ff 0000f00f
-[e] 010000f0 000000ff 0
-[w] 010000ec 1 03 0000000a
-[f] 010000f8 00000097
-[d] 010000f4 17 01 - - - - 00000000 -
-[r] - - - -
-[e] 010000f0 01000280 0
-[f] 010000fc 1d008093
-[d] 010000f8 13 01 01 - 0 - 000001d0 -
-[r] 01 - 00000000 -
-[e] 010000f4 010000f4 0
-[f] 01000100 ffb08093
-[d] 010000fc 13 01 01 - 0 - fffffffb -
-[r] 01 - 010002a4 -
-[e] 010000f8 010002c4 0
-[f] 01000104 0070d283
-[d] 01000100 03 05 01 - 5 - 00000007 -
-[r] 01 - 010002a4 -
-[e] 010000fc 010002bf 0
-[w] 010000f4 1 01 010000f4
-[f] 01000108 00010eb7
-[d] 01000104 37 1d - - - - 00010000 -
-[r] - - - -
-[e] 01000100 010002c6 1
-[w] 010000f8 1 01 010002c4
-[f] 0100010c f00e8e93
-[d] 01000108 13 1d 1d - 0 - ffffff00 -
-[r] 1d - 00000000 -
-[e] 01000104 00010000 0
-[w] 010000fc 1 01 010002bf
-[f] 01000110 00b00193
-[d] 0100010c 13 03 00 - 0 - 0000000b -
-[r] 00 - 000000ff -
-[e] 01000108 0000ff00 0
-[w] 01000100 1 05 0000ff00
-[f] 01000114 17d29863
-[d] 01000110 63 - 05 1d 1 - 00000170 -
-[r] 05 1d 00000000 00000000
-[e] 0100010c 0000000b 0
-[w] 01000104 1 1d 00010000
-[f] 01000118 00c00193
-[d] 01000114 13 03 00 - 0 - 0000000c -
-[r] 00 - 0000ff00 -
-[e] 01000110 01000280 0
-[w] 01000108 1 1d 0000ff00
-[f] 0100011c 00000213
-[d] 01000118 13 04 00 - 0 - 00000000 -
-[r] 00 - 00000000 -
-[e] 01000114 0000000c 0
-[w] 0100010c 1 03 0000000b
-[f] 01000120 00000097
-[d] 0100011c 17 01 - - - - 00000000 -
-[r] - - - -
-[e] 01000118 00000000 0
-[f] 01000124 1aa08093
-[d] 01000120 13 01 01 - 0 - 000001aa -
-[r] 01 - 00000000 -
-[e] 0100011c 0100011c 0
-[w] 01000114 1 03 0000000c
-[f] 01000128 0020df03
-[d] 01000124 03 1e 01 - 5 - 00000002 -
-[r] 01 - 010002bf -
-[e] 01000120 010002c6 0
-[w] 01000118 1 04 00000000
-[f] 0100012c 000f0313
-[d] 01000128 13 06 1e - 0 - 00000000 -
-[r] 1e - 010002bf -
-[e] 01000124 010002c8 1
-[w] 0100011c 1 01 0100011c
-[f] 0100012c 000f0313
-[d] 01000128 13 06 1e - 0 - 00000000 -
-[r] 1e - 0000f00f -
-[e] 01000128 0000f00f 0
-[w] 01000120 1 01 010002c6
-[f] 01000130 00001eb7
-[d] 0100012c 37 1d - - - - 00001000 -
-[r] - - - -
-[e] 01000128 00000ff0 0
-[w] 01000124 1 1e 00000ff0
-[f] 01000134 ff0e8e93
-[d] 01000130 13 1d 1d - 0 - fffffff0 -
-[r] 1d - 00000000 -
-[e] 0100012c 00001000 0
-[f] 01000138 15d31663
-[d] 01000134 63 - 06 1d 1 - 0000014c -
-[r] 06 1d 0000ff00 00000000
-[e] 01000130 00000ff0 0
-[w] 01000128 1 06 00000ff0
-[f] 01000138 15d31663
-[d] 01000134 63 - 06 1d 1 - 0000014c -
-[r] 06 1d 00000000 0000ff00
-[e] 01000134 00000000 0
-[w] 0100012c 1 1d 00001000
-[f] 0100013c 00120213
-[d] 01000138 13 04 04 - 0 - 00000001 -
-[r] 04 - 00000ff0 -
-[e] 01000134 01000280 0
-[w] 01000130 1 1d 00000ff0
-[f] 01000140 00200293
-[d] 0100013c 13 05 00 - 0 - 00000002 -
-[r] 00 - 00000000 -
-[e] 01000138 00000001 0
-[f] 01000144 fc521ee3
-[d] 01000140 63 - 04 05 1 - ffffffdc -
-[r] 04 05 00000000 00000000
-[e] 0100013c 00000002 0
-[f] 01000148 00d00193
-[d] 01000144 13 03 00 - 0 - 0000000d -
-[r] 00 - 00000000 -
-[e] 01000140 0100011c 1
-[w] 01000138 1 04 00000001
-[f] 01000120 00000097
-[d] 0100011c 17 01 - - - - 00000000 -
-[r] - - - -
-[f] 01000124 1aa08093
-[d] 01000120 13 01 01 - 0 - 000001aa -
-[r] 01 - 00000000 -
-[e] 0100011c 0100011c 0
-[f] 01000128 0020df03
-[d] 01000124 03 1e 01 - 5 - 00000002 -
-[r] 01 - 010002c6 -
-[e] 01000120 010002c6 0
-[f] 0100012c 000f0313
-[d] 01000128 13 06 1e - 0 - 00000000 -
-[r] 1e - 010002c6 -
-[e] 01000124 010002c8 1
-[w] 0100011c 1 01 0100011c
-[f] 0100012c 000f0313
-[d] 01000128 13 06 1e - 0 - 00000000 -
-[r] 1e - 00000ff0 -
-[e] 01000128 00000ff0 0
-[w] 01000120 1 01 010002c6
-[f] 01000130 00001eb7
-[d] 0100012c 37 1d - - - - 00001000 -
-[r] - - - -
-[e] 01000128 00000ff0 0
-[w] 01000124 1 1e 00000ff0
-[f] 01000134 ff0e8e93
-[d] 01000130 13 1d 1d - 0 - fffffff0 -
-[r] 1d - 00000000 -
-[e] 0100012c 00001000 0
-[f] 01000138 15d31663
-[d] 01000134 63 - 06 1d 1 - 0000014c -
-[r] 06 1d 00000ff0 00000000
-[e] 01000130 00000ff0 0
-[w] 01000128 1 06 00000ff0
-[f] 01000138 15d31663
-[d] 01000134 63 - 06 1d 1 - 0000014c -
-[r] 06 1d 00000ff0 00000ff0
-[e] 01000134 00000ff0 0
-[w] 0100012c 1 1d 00001000
-[f] 0100013c 00120213
-[d] 01000138 13 04 04 - 0 - 00000001 -
-[r] 04 - 00000ff0 -
-[e] 01000134 01000280 0
-[w] 01000130 1 1d 00000ff0
-[f] 01000140 00200293
-[d] 0100013c 13 05 00 - 0 - 00000002 -
-[r] 00 - 00000001 -
-[e] 01000138 00000002 0
-[f] 01000144 fc521ee3
-[d] 01000140 63 - 04 05 1 - ffffffdc -
-[r] 04 05 00000000 00000000
-[e] 0100013c 00000002 0
-[f] 01000148 00d00193
-[d] 01000144 13 03 00 - 0 - 0000000d -
-[r] 00 - 00000001 -
-[e] 01000140 0100011c 0
-[w] 01000138 1 04 00000002
-[f] 0100014c 00000213
-[d] 01000148 13 04 00 - 0 - 00000000 -
-[r] 00 - 00000000 -
-[e] 01000144 0000000d 0
-[w] 0100013c 1 05 00000002
-[f] 01000150 00000097
-[d] 0100014c 17 01 - - - - 00000000 -
-[r] - - - -
-[e] 01000148 00000000 0
-[f] 01000154 17c08093
-[d] 01000150 13 01 01 - 0 - 0000017c -
-[r] 01 - 00000000 -
-[e] 0100014c 0100014c 0
-[w] 01000144 1 03 0000000d
-[f] 01000158 0020df03
-[d] 01000154 03 1e 01 - 5 - 00000002 -
-[r] 01 - 010002c6 -
-[e] 01000150 010002c8 0
-[w] 01000148 1 04 00000000
-[f] 01000160 000f0313
-[d] 0100015c 13 06 1e - 0 - 00000000 -
-[r] 1e - 00000000 -
-[w] 01000150 1 01 010002c8
-[f] 01000164 0000feb7
-[d] 01000160 37 1d - - - - 0000f000 -
-[r] - - - -
-[e] 0100015c 0000f00f 0
-[w] 01000154 1 1e 0000f00f
-[f] 01000168 00fe8e93
-[d] 01000164 13 1d 1d - 0 - 0000000f -
-[r] 1d - 00000000 -
-[e] 01000160 0000f000 1
-[f] 0100016c 11d31c63
-[d] 01000168 63 - 06 1d 1 - 00000118 -
-[r] 06 1d 00000ff0 00000000
-[e] 01000164 0000f00f 0
-[w] 0100015c 1 06 0000f00f
-[f] 0100016c 11d31c63
-[d] 01000168 63 - 06 1d 1 - 00000118 -
-[r] 06 1d 00000ff0 00000ff0
-[e] 01000168 00000ff0 0
-[w] 01000160 1 1d 0000f000
-[f] 01000170 00120213
-[d] 0100016c 13 04 04 - 0 - 00000001 -
-[r] 04 - 0000f00f -
-[e] 01000168 01000280 0
-[w] 01000164 1 1d 0000f00f
-[f] 01000174 00200293
-[d] 01000170 13 05 00 - 0 - 00000002 -
-[r] 00 - 00000000 -
-[e] 0100016c 00000001 0
-[f] 01000178 fc521ce3
-[d] 01000174 63 - 04 05 1 - ffffffd8 -
-[r] 04 05 00000000 00000000
-[e] 01000170 00000002 0
-[f] 0100017c 00e00193
-[d] 01000178 13 03 00 - 0 - 0000000e -
-[r] 00 - 00000000 -
-[e] 01000174 0100014c 1
-[w] 0100016c 1 04 00000001
-[f] 01000150 00000097
-[d] 0100014c 17 01 - - - - 00000000 -
-[r] - - - -
-[f] 01000154 17c08093
-[d] 01000150 13 01 01 - 0 - 0000017c -
-[r] 01 - 00000000 -
-[e] 0100014c 0100014c 0
-[f] 01000158 0020df03
-[d] 01000154 03 1e 01 - 5 - 00000002 -
-[r] 01 - 010002c8 -
-[e] 01000150 010002c8 0
-[f] 01000160 000f0313
-[d] 0100015c 13 06 1e - 0 - 00000000 -
-[r] 1e - 00000000 -
-[w] 01000150 1 01 010002c8
-[f] 01000164 0000feb7
-[d] 01000160 37 1d - - - - 0000f000 -
-[r] - - - -
-[e] 0100015c 0000f00f 0
-[w] 01000154 1 1e 0000f00f
-[f] 01000168 00fe8e93
-[d] 01000164 13 1d 1d - 0 - 0000000f -
-[r] 1d - 00000000 -
-[e] 01000160 0000f000 1
-[f] 0100016c 11d31c63
-[d] 01000168 63 - 06 1d 1 - 00000118 -
-[r] 06 1d 0000f00f 00000000
-[e] 01000164 0000f00f 0
-[w] 0100015c 1 06 0000f00f
-[f] 0100016c 11d31c63
-[d] 01000168 63 - 06 1d 1 - 00000118 -
-[r] 06 1d 0000f00f 0000f00f
-[e] 01000168 0000f00f 0
-[w] 01000160 1 1d 0000f000
-[f] 01000170 00120213
-[d] 0100016c 13 04 04 - 0 - 00000001 -
-[r] 04 - 0000f00f -
-[e] 01000168 01000280 0
-[w] 01000164 1 1d 0000f00f
-[f] 01000174 00200293
-[d] 01000170 13 05 00 - 0 - 00000002 -
-[r] 00 - 00000001 -
-[e] 0100016c 00000002 0
-[f] 01000178 fc521ce3
-[d] 01000174 63 - 04 05 1 - ffffffd8 -
-[r] 04 05 00000000 00000000
-[e] 01000170 00000002 0
-[f] 0100017c 00e00193
-[d] 01000178 13 03 00 - 0 - 0000000e -
-[r] 00 - 00000001 -
-[e] 01000174 0100014c 0
-[w] 0100016c 1 04 00000002
-[f] 01000180 00000213
-[d] 0100017c 13 04 00 - 0 - 00000000 -
-[r] 00 - 00000000 -
-[e] 01000178 0000000e 0
-[w] 01000170 1 05 00000002
-[f] 01000184 00000097
-[d] 01000180 17 01 - - - - 00000000 -
-[r] - - - -
-[e] 0100017c 00000000 0
-[f] 01000188 14408093
-[d] 01000184 13 01 01 - 0 - 00000144 -
-[r] 01 - 00000000 -
-[e] 01000180 01000180 0
-[w] 01000178 1 03 0000000e
-[f] 0100018c 0020df03
-[d] 01000188 03 1e 01 - 5 - 00000002 -
-[r] 01 - 010002c8 -
-[e] 01000184 010002c4 0
-[w] 0100017c 1 04 00000000
-[f] 01000198 000f0313
-[d] 01000194 13 06 1e - 0 - 00000000 -
-[r] 1e - 00000000 -
-[w] 01000188 1 1e 0000ff00
-[f] 01000198 000f0313
-[d] 01000194 13 06 1e - 0 - 00000000 -
-[r] 1e - 0000f00f -
-[e] 01000194 0000f00f 0
-[f] 0100019c 00010eb7
-[d] 01000198 37 1d - - - - 00010000 -
-[r] - - - -
-[e] 01000194 0000ff00 0
-[f] 010001a0 f00e8e93
-[d] 0100019c 13 1d 1d - 0 - ffffff00 -
-[r] 1d - 00000000 -
-[e] 01000198 00010000 0
-[f] 010001a4 0fd31063
-[d] 010001a0 63 - 06 1d 1 - 000000e0 -
-[r] 06 1d 0000f00f 00000000
-[e] 0100019c 0000ff00 0
-[w] 01000194 1 06 0000ff00
-[f] 010001a4 0fd31063
-[d] 010001a0 63 - 06 1d 1 - 000000e0 -
-[r] 06 1d 0000f00f 0000f00f
-[e] 010001a0 0000f00f 0
-[w] 01000198 1 1d 00010000
-[f] 010001a8 00120213
-[d] 010001a4 13 04 04 - 0 - 00000001 -
-[r] 04 - 0000ff00 -
-[e] 010001a0 01000280 0
-[w] 0100019c 1 1d 0000ff00
-[f] 010001ac 00200293
-[d] 010001a8 13 05 00 - 0 - 00000002 -
-[r] 00 - 00000000 -
-[e] 010001a4 00000001 0
-[f] 010001b0 fc521ae3
-[d] 010001ac 63 - 04 05 1 - ffffffd4 -
-[r] 04 05 00000000 00000000
-[e] 010001a8 00000002 0
-[f] 010001b4 00f00193
-[d] 010001b0 13 03 00 - 0 - 0000000f -
-[r] 00 - 00000000 -
-[e] 010001ac 01000180 1
-[w] 010001a4 1 04 00000001
-[f] 01000184 00000097
-[d] 01000180 17 01 - - - - 00000000 -
-[r] - - - -
-[f] 01000188 14408093
-[d] 01000184 13 01 01 - 0 - 00000144 -
-[r] 01 - 00000000 -
-[e] 01000180 01000180 0
-[f] 0100018c 0020df03
-[d] 01000188 03 1e 01 - 5 - 00000002 -
-[r] 01 - 010002c4 -
-[e] 01000184 010002c4 0
-[f] 01000198 000f0313
-[d] 01000194 13 06 1e - 0 - 00000000 -
-[r] 1e - 00000000 -
-[w] 01000188 1 1e 0000ff00
-[f] 01000198 000f0313
-[d] 01000194 13 06 1e - 0 - 00000000 -
-[r] 1e - 0000ff00 -
-[e] 01000194 0000ff00 0
-[f] 0100019c 00010eb7
-[d] 01000198 37 1d - - - - 00010000 -
-[r] - - - -
-[e] 01000194 0000ff00 0
-[f] 010001a0 f00e8e93
-[d] 0100019c 13 1d 1d - 0 - ffffff00 -
-[r] 1d - 00000000 -
-[e] 01000198 00010000 0
-[f] 010001a4 0fd31063
-[d] 010001a0 63 - 06 1d 1 - 000000e0 -
-[r] 06 1d 0000ff00 00000000
-[e] 0100019c 0000ff00 0
-[w] 01000194 1 06 0000ff00
-[f] 010001a4 0fd31063
-[d] 010001a0 63 - 06 1d 1 - 000000e0 -
-[r] 06 1d 0000ff00 0000ff00
-[e] 010001a0 0000ff00 0
-[w] 01000198 1 1d 00010000
-[f] 010001a8 00120213
-[d] 010001a4 13 04 04 - 0 - 00000001 -
-[r] 04 - 0000ff00 -
-[e] 010001a0 01000280 0
-[w] 0100019c 1 1d 0000ff00
-[f] 010001ac 00200293
-[d] 010001a8 13 05 00 - 0 - 00000002 -
-[r] 00 - 00000001 -
-[e] 010001a4 00000002 0
-[f] 010001b0 fc521ae3
-[d] 010001ac 63 - 04 05 1 - ffffffd4 -
-[r] 04 05 00000000 00000000
-[e] 010001a8 00000002 0
-[f] 010001b4 00f00193
-[d] 010001b0 13 03 00 - 0 - 0000000f -
-[r] 00 - 00000001 -
-[e] 010001ac 01000180 0
-[w] 010001a4 1 04 00000002
-[f] 010001b8 00000213
-[d] 010001b4 13 04 00 - 0 - 00000000 -
-[r] 00 - 00000000 -
-[e] 010001b0 0000000f 0
-[w] 010001a8 1 05 00000002
-[f] 010001bc 00000097
-[d] 010001b8 17 01 - - - - 00000000 -
-[r] - - - -
-[e] 010001b4 00000000 0
-[f] 010001c0 10e08093
-[d] 010001bc 13 01 01 - 0 - 0000010e -
-[r] 01 - 00000000 -
-[e] 010001b8 010001b8 0
-[w] 010001b0 1 03 0000000f
-[f] 010001c4 0020df03
-[d] 010001c0 03 1e 01 - 5 - 00000002 -
-[r] 01 - 010002c4 -
-[e] 010001bc 010002c6 0
-[w] 010001b4 1 04 00000000
-[f] 010001c8 00001eb7
-[d] 010001c4 37 1d - - - - 00001000 -
-[r] - - - -
-[e] 010001c0 010002c8 1
-[w] 010001b8 1 01 010001b8
-[f] 010001cc ff0e8e93
-[d] 010001c8 13 1d 1d - 0 - fffffff0 -
-[r] 1d - 00000000 -
-[e] 010001c4 00001000 0
-[w] 010001bc 1 01 010002c6
-[f] 010001d0 0bdf1a63
-[d] 010001cc 63 - 1e 1d 1 - 000000b4 -
-[r] 1e 1d 0000ff00 00000000
-[e] 010001c8 00000ff0 0
-[w] 010001c0 1 1e 00000ff0
-[f] 010001d0 0bdf1a63
-[d] 010001cc 63 - 1e 1d 1 - 000000b4 -
-[r] 1e 1d 0000ff00 0000ff00
-[e] 010001cc 0000ff00 0
-[w] 010001c4 1 1d 00001000
-[f] 010001d4 00120213
-[d] 010001d0 13 04 04 - 0 - 00000001 -
-[r] 04 - 00000ff0 -
-[e] 010001cc 01000280 0
-[w] 010001c8 1 1d 00000ff0
-[f] 010001d8 00200293
-[d] 010001d4 13 05 00 - 0 - 00000002 -
-[r] 00 - 00000000 -
-[e] 010001d0 00000001 0
-[f] 010001dc fe5210e3
-[d] 010001d8 63 - 04 05 1 - ffffffe0 -
-[r] 04 05 00000000 00000000
-[e] 010001d4 00000002 0
-[f] 010001e0 01000193
-[d] 010001dc 13 03 00 - 0 - 00000010 -
-[r] 00 - 00000000 -
-[e] 010001d8 010001b8 1
-[w] 010001d0 1 04 00000001
-[f] 010001bc 00000097
-[d] 010001b8 17 01 - - - - 00000000 -
-[r] - - - -
-[f] 010001c0 10e08093
-[d] 010001bc 13 01 01 - 0 - 0000010e -
-[r] 01 - 00000000 -
-[e] 010001b8 010001b8 0
-[f] 010001c4 0020df03
-[d] 010001c0 03 1e 01 - 5 - 00000002 -
-[r] 01 - 010002c6 -
-[e] 010001bc 010002c6 0
-[f] 010001c8 00001eb7
-[d] 010001c4 37 1d - - - - 00001000 -
-[r] - - - -
-[e] 010001c0 010002c8 1
-[w] 010001b8 1 01 010001b8
-[f] 010001cc ff0e8e93
-[d] 010001c8 13 1d 1d - 0 - fffffff0 -
-[r] 1d - 00000000 -
-[e] 010001c4 00001000 0
-[w] 010001bc 1 01 010002c6
-[f] 010001d0 0bdf1a63
-[d] 010001cc 63 - 1e 1d 1 - 000000b4 -
-[r] 1e 1d 00000ff0 00000000
-[e] 010001c8 00000ff0 0
-[w] 010001c0 1 1e 00000ff0
-[f] 010001d0 0bdf1a63
-[d] 010001cc 63 - 1e 1d 1 - 000000b4 -
-[r] 1e 1d 00000ff0 00000ff0
-[e] 010001cc 00000ff0 0
-[w] 010001c4 1 1d 00001000
-[f] 010001d4 00120213
-[d] 010001d0 13 04 04 - 0 - 00000001 -
-[r] 04 - 00000ff0 -
-[e] 010001cc 01000280 0
-[w] 010001c8 1 1d 00000ff0
-[f] 010001d8 00200293
-[d] 010001d4 13 05 00 - 0 - 00000002 -
-[r] 00 - 00000001 -
-[e] 010001d0 00000002 0
-[f] 010001dc fe5210e3
-[d] 010001d8 63 - 04 05 1 - ffffffe0 -
-[r] 04 05 00000000 00000000
-[e] 010001d4 00000002 0
-[f] 010001e0 01000193
-[d] 010001dc 13 03 00 - 0 - 00000010 -
-[r] 00 - 00000001 -
-[e] 010001d8 010001b8 0
-[w] 010001d0 1 04 00000002
-[f] 010001e4 00000213
-[d] 010001e0 13 04 00 - 0 - 00000000 -
-[r] 00 - 00000000 -
-[e] 010001dc 00000010 0
-[w] 010001d4 1 05 00000002
-[f] 010001e8 00000097
-[d] 010001e4 17 01 - - - - 00000000 -
-[r] - - - -
-[e] 010001e0 00000000 0
-[f] 010001ec 0e408093
-[d] 010001e8 13 01 01 - 0 - 000000e4 -
-[r] 01 - 00000000 -
-[e] 010001e4 010001e4 0
-[w] 010001dc 1 03 00000010
-[f] 010001f4 0020df03
-[d] 010001f0 03 1e 01 - 5 - 00000002 -
-[r] 01 - 00000000 -
-[w] 010001e4 1 01 010001e4
-[f] 010001f8 0000feb7
-[d] 010001f4 37 1d - - - - 0000f000 -
-[r] - - - -
-[e] 010001f0 010002ca 1
-[w] 010001e8 1 01 010002c8
-[f] 010001fc 00fe8e93
-[d] 010001f8 13 1d 1d - 0 - 0000000f -
-[r] 1d - 00000000 -
-[e] 010001f4 0000f000 1
-[f] 01000200 09df1263
-[d] 010001fc 63 - 1e 1d 1 - 00000084 -
-[r] 1e 1d 00000ff0 00000000
-[e] 010001f8 0000f00f 0
-[w] 010001f0 1 1e 0000f00f
-[f] 01000200 09df1263
-[d] 010001fc 63 - 1e 1d 1 - 00000084 -
-[r] 1e 1d 00000ff0 00000ff0
-[e] 010001fc 00000ff0 0
-[w] 010001f4 1 1d 0000f000
-[f] 01000204 00120213
-[d] 01000200 13 04 04 - 0 - 00000001 -
-[r] 04 - 0000f00f -
-[e] 010001fc 01000280 0
-[w] 010001f8 1 1d 0000f00f
-[f] 01000208 00200293
-[d] 01000204 13 05 00 - 0 - 00000002 -
-[r] 00 - 00000000 -
-[e] 01000200 00000001 0
-[f] 0100020c fc521ee3
-[d] 01000208 63 - 04 05 1 - ffffffdc -
-[r] 04 05 00000000 00000000
-[e] 01000204 00000002 0
-[f] 01000210 01100193
-[d] 0100020c 13 03 00 - 0 - 00000011 -
-[r] 00 - 00000000 -
-[e] 01000208 010001e4 1
-[w] 01000200 1 04 00000001
-[f] 010001e8 00000097
-[d] 010001e4 17 01 - - - - 00000000 -
-[r] - - - -
-[f] 010001ec 0e408093
-[d] 010001e8 13 01 01 - 0 - 000000e4 -
-[r] 01 - 00000000 -
-[e] 010001e4 010001e4 0
-[f] 010001f4 0020df03
-[d] 010001f0 03 1e 01 - 5 - 00000002 -
-[r] 01 - 00000000 -
-[w] 010001e4 1 01 010001e4
-[f] 010001f8 0000feb7
-[d] 010001f4 37 1d - - - - 0000f000 -
-[r] - - - -
-[e] 010001f0 010002ca 1
-[w] 010001e8 1 01 010002c8
-[f] 010001fc 00fe8e93
-[d] 010001f8 13 1d 1d - 0 - 0000000f -
-[r] 1d - 00000000 -
-[e] 010001f4 0000f000 1
-[f] 01000200 09df1263
-[d] 010001fc 63 - 1e 1d 1 - 00000084 -
-[r] 1e 1d 0000f00f 00000000
-[e] 010001f8 0000f00f 0
-[w] 010001f0 1 1e 0000f00f
-[f] 01000200 09df1263
-[d] 010001fc 63 - 1e 1d 1 - 00000084 -
-[r] 1e 1d 0000f00f 0000f00f
-[e] 010001fc 0000f00f 0
-[w] 010001f4 1 1d 0000f000
-[f] 01000204 00120213
-[d] 01000200 13 04 04 - 0 - 00000001 -
-[r] 04 - 0000f00f -
-[e] 010001fc 01000280 0
-[w] 010001f8 1 1d 0000f00f
-[f] 01000208 00200293
-[d] 01000204 13 05 00 - 0 - 00000002 -
-[r] 00 - 00000001 -
-[e] 01000200 00000002 0
-[f] 0100020c fc521ee3
-[d] 01000208 63 - 04 05 1 - ffffffdc -
-[r] 04 05 00000000 00000000
-[e] 01000204 00000002 0
-[f] 01000210 01100193
-[d] 0100020c 13 03 00 - 0 - 00000011 -
-[r] 00 - 00000001 -
-[e] 01000208 010001e4 0
-[w] 01000200 1 04 00000002
-[f] 01000214 00000213
-[d] 01000210 13 04 00 - 0 - 00000000 -
-[r] 00 - 00000000 -
-[e] 0100020c 00000011 0
-[w] 01000204 1 05 00000002
-[f] 01000218 00000097
-[d] 01000214 17 01 - - - - 00000000 -
-[r] - - - -
-[e] 01000210 00000000 0
-[f] 0100021c 0b008093
-[d] 01000218 13 01 01 - 0 - 000000b0 -
-[r] 01 - 00000000 -
-[e] 01000214 01000214 0
-[w] 0100020c 1 03 00000011
-[f] 01000228 0020df03
-[d] 01000224 03 1e 01 - 5 - 00000002 -
-[r] 01 - 00000000 -
-[w] 01000218 1 01 010002c4
-[f] 01000228 0020df03
-[d] 01000224 03 1e 01 - 5 - 00000002 -
-[r] 01 - 01000214 -
-[e] 01000224 01000214 0
-[f] 0100022c 00010eb7
-[d] 01000228 37 1d - - - - 00010000 -
-[r] - - - -
-[e] 01000224 010002c6 1
-[f] 01000230 f00e8e93
-[d] 0100022c 13 1d 1d - 0 - ffffff00 -
-[r] 1d - 00000000 -
-[e] 01000228 00010000 0
-[f] 01000234 05df1863
-[d] 01000230 63 - 1e 1d 1 - 00000050 -
-[r] 1e 1d 0000f00f 00000000
-[e] 0100022c 0000ff00 0
-[w] 01000224 1 1e 0000ff00
-[f] 01000234 05df1863
-[d] 01000230 63 - 1e 1d 1 - 00000050 -
-[r] 1e 1d 0000f00f 0000f00f
-[e] 01000230 0000f00f 0
-[w] 01000228 1 1d 00010000
-[f] 01000238 00120213
-[d] 01000234 13 04 04 - 0 - 00000001 -
-[r] 04 - 0000ff00 -
-[e] 01000230 01000280 0
-[w] 0100022c 1 1d 0000ff00
-[f] 0100023c 00200293
-[d] 01000238 13 05 00 - 0 - 00000002 -
-[r] 00 - 00000000 -
-[e] 01000234 00000001 0
-[f] 01000240 fc521ce3
-[d] 0100023c 63 - 04 05 1 - ffffffd8 -
-[r] 04 05 00000000 00000000
-[e] 01000238 00000002 0
-[f] 01000244 00000297
-[d] 01000240 17 05 - - - - 00000000 -
-[r] - - - -
-[e] 0100023c 01000214 1
-[w] 01000234 1 04 00000001
-[f] 01000218 00000097
-[d] 01000214 17 01 - - - - 00000000 -
-[r] - - - -
-[f] 0100021c 0b008093
-[d] 01000218 13 01 01 - 0 - 000000b0 -
-[r] 01 - 00000000 -
-[e] 01000214 01000214 0
-[f] 01000228 0020df03
-[d] 01000224 03 1e 01 - 5 - 00000002 -
-[r] 01 - 00000000 -
-[w] 01000218 1 01 010002c4
-[f] 01000228 0020df03
-[d] 01000224 03 1e 01 - 5 - 00000002 -
-[r] 01 - 01000214 -
-[e] 01000224 01000214 0
-[f] 0100022c 00010eb7
-[d] 01000228 37 1d - - - - 00010000 -
-[r] - - - -
-[e] 01000224 010002c6 1
-[f] 01000230 f00e8e93
-[d] 0100022c 13 1d 1d - 0 - ffffff00 -
-[r] 1d - 00000000 -
-[e] 01000228 00010000 0
-[f] 01000234 05df1863
-[d] 01000230 63 - 1e 1d 1 - 00000050 -
-[r] 1e 1d 0000ff00 00000000
-[e] 0100022c 0000ff00 0
-[w] 01000224 1 1e 0000ff00
-[f] 01000234 05df1863
-[d] 01000230 63 - 1e 1d 1 - 00000050 -
-[r] 1e 1d 0000ff00 0000ff00
-[e] 01000230 0000ff00 0
-[w] 01000228 1 1d 00010000
-[f] 01000238 00120213
-[d] 01000234 13 04 04 - 0 - 00000001 -
-[r] 04 - 0000ff00 -
-[e] 01000230 01000280 0
-[w] 0100022c 1 1d 0000ff00
-[f] 0100023c 00200293
-[d] 01000238 13 05 00 - 0 - 00000002 -
-[r] 00 - 00000001 -
-[e] 01000234 00000002 0
-[f] 01000240 fc521ce3
-[d] 0100023c 63 - 04 05 1 - ffffffd8 -
-[r] 04 05 00000000 00000000
-[e] 01000238 00000002 0
-[f] 01000244 00000297
-[d] 01000240 17 05 - - - - 00000000 -
-[r] - - - -
-[e] 0100023c 01000214 0
-[w] 01000234 1 04 00000002
-[f] 01000248 08428293
-[d] 01000244 13 05 05 - 0 - 00000084 -
-[r] 05 - 00000000 -
-[e] 01000240 01000240 0
-[w] 01000238 1 05 00000002
-[f] 0100024c 0002d103
-[d] 01000248 03 02 05 - 5 - 00000000 -
-[r] 05 - 00000002 -
-[e] 01000244 010002c4 0
-[f] 01000250 00200113
-[d] 0100024c 13 02 00 - 0 - 00000002 -
-[r] 00 - 00000002 -
-[e] 01000248 010002c4 1
-[w] 01000240 1 05 01000240
-[f] 01000254 00200e93
-[d] 01000250 13 1d 00 - 0 - 00000002 -
-[r] 00 - 00000000 -
-[e] 0100024c 00000002 0
-[w] 01000244 1 05 010002c4
-[f] 01000258 01200193
-[d] 01000254 13 03 00 - 0 - 00000012 -
-[r] 00 - 00000000 -
-[e] 01000250 00000002 0
-[w] 01000248 1 02 000000ff
-[f] 0100025c 03d11463
-[d] 01000258 63 - 02 1d 1 - 00000028 -
-[r] 02 1d 00000000 00000000
-[e] 01000254 00000012 0
-[w] 0100024c 1 02 00000002
-[f] 0100025c 03d11463
-[d] 01000258 63 - 02 1d 1 - 00000028 -
-[r] 02 1d 000000ff 0000ff00
-[e] 01000258 000000ff 0
-[w] 01000250 1 1d 00000002
-[f] 0100025c 03d11463
-[d] 01000258 63 - 02 1d 1 - 00000028 -
-[r] 02 1d 00000002 0000ff00
-[e] 01000258 00000002 0
-[w] 01000254 1 03 00000012
-[f] 01000260 00000297
-[d] 0100025c 17 05 - - - - 00000000 -
-[r] - - - -
-[e] 01000258 01000280 0
-[f] 01000264 06828293
-[d] 01000260 13 05 05 - 0 - 00000068 -
-[r] 05 - 00000000 -
-[e] 0100025c 0100025c 0
-[f] 01000268 0002d103
-[d] 01000264 03 02 05 - 5 - 00000000 -
-[r] 05 - 010002c4 -
-[e] 01000260 010002c4 0
-[f] 01000270 00200113
-[d] 0100026c 13 02 00 - 0 - 00000002 -
-[r] 00 - 00000000 -
-[w] 01000260 1 05 010002c4
-[f] 01000274 00200e93
-[d] 01000270 13 1d 00 - 0 - 00000002 -
-[r] 00 - 00000000 -
-[e] 0100026c 00000002 0
-[w] 01000264 1 02 000000ff
-[f] 01000278 01300193
-[d] 01000274 13 03 00 - 0 - 00000013 -
-[r] 00 - 00000000 -
-[e] 01000270 00000002 0
-[f] 0100027c 01d11463
-[d] 01000278 63 - 02 1d 1 - 00000008 -
-[r] 02 1d 00000000 00000000
-[e] 01000274 00000013 0
-[w] 0100026c 1 02 00000002
-[f] 0100027c 01d11463
-[d] 01000278 63 - 02 1d 1 - 00000008 -
-[r] 02 1d 000000ff 00000002
-[e] 01000278 000000ff 0
-[w] 01000270 1 1d 00000002
-[f] 0100027c 01d11463
-[d] 01000278 63 - 02 1d 1 - 00000008 -
-[r] 02 1d 00000002 00000002
-[e] 01000278 00000002 0
-[w] 01000274 1 03 00000013
-[f] 01000280 00301c63
-[d] 0100027c 63 - 00 03 1 - 00000018 -
-[r] 00 03 00000002 00000002
-[e] 01000278 01000280 0
-[f] 0100029c 00100193
-[d] 01000298 13 03 00 - 0 - 00000001 -
-[r] 00 - 00000000 -
-[e] 01000294 00000000 0
+[e] 01000018 01000284 1
+[f] 01000288 00018063
+[d] 01000284 03 1e 01 - 5 - 00000002 -
+[r] 01 - 00000000 -
+[f] 0100028c 00119193
+[d] 01000288 63 - 03 00 0 - 00000000 -
+[r] 03 00 010002c8 00000000
+[e] 01000284 00000002 0
+[f] 01000290 0011e193
+[d] 0100028c 13 03 03 - 1 - 00000000 -
+[r] 03 - 00000002 -
+[e] 01000288 01000288 0
+[f] 01000294 00000073
+[d] 01000290 13 03 03 - 6 - 00000001 -
+[r] 03 - 00000002 -
+[e] 0100028c 00000002 0
+[w] 01000284 1 1e 00000097
