--- /tmp/tmp.Id2Jf7yZCT	2025-11-28 17:09:55.941385051 -0500
+++ /tmp/tmp.U38GF9nkL2	2025-11-28 17:09:55.953385105 -0500
@@ -1,198 +1,153 @@
-[f] 01000004 fe010113
-[d] 01000000 13 02 02 - 0 - ffffffe0 -
-[r] 02 - 00000000 -
 [f] 01000008 00112e23
-[d] 01000004 23 - 02 01 2 - 0000001c -
-[r] 02 01 01100000 00000000
-[e] 01000000 010fffe0 0
+[d] 01000004 13 02 02 - 0 - ffffffe0 -
+[r] 02 - 00000000 -
+[e] 01000000 00000000 0
 [f] 0100000c 00300793
-[d] 01000008 13 0f 00 - 0 - 00000003 -
-[r] 00 - 01100000 -
-[e] 01000004 010ffffc 0
+[d] 01000008 23 - 02 01 2 - 0000001c -
+[r] 02 01 00000000 00000000
+[e] 01000004 ffffffe0 0
 [f] 01000010 00f12623
-[d] 0100000c 23 - 02 0f 2 - 0000000c -
+[d] 0100000c 13 0f 00 - 0 - 00000003 -
+[r] 00 - 00000000 -
+[e] 01000008 fffffffc 0
+[f] 01000014 00200793
+[d] 01000010 23 - 02 0f 2 - 0000000c -
 [r] 02 0f 00000000 00000000
-[e] 01000008 00000003 0
-[m] 01000004 010ffffc 1 2 00000000
-[w] 01000000 1 02 010fffe0
-[f] 01000010 00f12623
-[d] 0100000c 23 - 02 0f 2 - 0000000c -
-[r] 02 0f 01100000 00000000
-[e] 0100000c 01100000 0
+[e] 0100000c 00000003 0
+[m] 01000008 fffffffc 1 2 00000000
+[w] 01000004 1 02 ffffffe0
 [f] 01000014 00200793
-[d] 01000010 13 0f 00 - 0 - 00000002 -
-[r] 00 - 010fffe0 -
-[e] 0100000c 010fffec 0
-[w] 01000008 1 0f 00000003
-[f] 01000018 00f12423
-[d] 01000014 23 - 02 0f 2 - 00000008 -
+[d] 01000010 23 - 02 0f 2 - 0000000c -
 [r] 02 0f 00000000 00000000
-[e] 01000010 00000002 0
-[m] 0100000c 010fffec 1 2 00000003
+[e] 01000010 00000000 0
+[f] 01000018 00f12423
+[d] 01000014 13 0f 00 - 0 - 00000002 -
+[r] 00 - ffffffe0 -
+[e] 01000010 0000000c 0
+[w] 0100000c 1 0f 00000003
 [f] 0100001c 00012223
-[d] 01000018 23 - 02 00 2 - 00000004 -
-[r] 02 00 010fffe0 00000003
-[e] 01000014 010fffe8 0
+[d] 01000018 23 - 02 0f 2 - 00000008 -
+[r] 02 0f 00000000 00000000
+[e] 01000014 ffffffe2 0
+[m] 01000010 0000000c 1 2 00000003
 [f] 01000020 00c12703
-[d] 0100001c 03 0e 02 - 2 - 0000000c -
-[r] 02 - 010fffe0 -
-[e] 01000018 010fffe4 0
-[m] 01000014 010fffe8 1 2 00000002
-[w] 01000010 1 0f 00000002
+[d] 0100001c 23 - 02 00 2 - 00000004 -
+[r] 02 00 ffffffe0 00000003
+[e] 01000018 00000008 0
 [f] 01000024 00812783
-[d] 01000020 03 0f 02 - 2 - 00000008 -
-[r] 02 - 010fffe0 -
-[e] 0100001c 010fffec 0
-[m] 01000018 010fffe4 1 2 00000000
-[f] 01000028 00f707b3
-[d] 01000024 33 0f 0e 0f 0 00 - -
-[r] 0e 0f 010fffe0 00000000
-[e] 01000020 010fffe8 0
-[f] 01000028 00f707b3
-[d] 01000024 33 0f 0e 0f 0 00 - -
-[r] 0e 0f 00000000 00000002
-[e] 01000024 00000000 0
-[w] 0100001c 1 0e 00000003
-[f] 01000028 00f707b3
-[d] 01000024 33 0f 0e 0f 0 00 - -
-[r] 0e 0f 00000000 00000002
-[e] 01000024 00000000 0
-[w] 01000020 1 0f 00000002
+[d] 01000020 03 0e 02 - 2 - 0000000c -
+[r] 02 - ffffffe0 -
+[e] 0100001c ffffffe4 0
+[m] 01000018 00000008 1 2 ffffffe2
+[w] 01000014 1 0f ffffffe2
 [f] 01000028 00f707b3
-[d] 01000024 33 0f 0e 0f 0 00 - -
-[r] 0e 0f 00000003 00000002
-[e] 01000024 00000003 0
+[d] 01000024 03 0f 02 - 2 - 00000008 -
+[r] 02 - ffffffe0 -
+[e] 01000020 ffffffec 0
+[m] 0100001c ffffffe4 1 2 00000003
 [f] 0100002c 00f12223
-[d] 01000028 23 - 02 0f 2 - 00000004 -
-[r] 02 0f 00000003 00000002
-[e] 01000024 00000005 0
+[d] 01000028 33 0f 0e 0f 0 00 - -
+[r] 0e 0f ffffffe0 00000000
+[e] 01000024 ffffffe8 0
+[f] 0100002c 00f12223
+[d] 01000028 33 0f 0e 0f 0 00 - -
+[r] 0e 0f 00000000 ffffffe2
+[e] 01000028 00000000 0
+[w] 01000020 1 0e 00300793
+[f] 0100002c 00f12223
+[d] 01000028 33 0f 0e 0f 0 00 - -
+[r] 0e 0f 00000000 ffffffe2
+[e] 01000028 00000000 0
+[w] 01000024 1 0f 00000000
+[f] 0100002c 00f12223
+[d] 01000028 33 0f 0e 0f 0 00 - -
+[r] 0e 0f 00300793 ffffffe2
+[e] 01000028 00000000 0
 [f] 01000030 00412503
-[d] 0100002c 03 0a 02 - 2 - 00000004 -
-[r] 02 - 010fffe0 -
-[e] 01000028 010fffe4 0
+[d] 0100002c 23 - 02 0f 2 - 00000004 -
+[r] 02 0f 00300793 00000000
+[e] 01000028 00300775 0
 [f] 01000034 018000ef
-[d] 01000030 6f 01 - - - - 00000018 -
-[r] - - - -
-[e] 0100002c 010fffe4 0
-[m] 01000028 010fffe4 1 2 00000005
-[w] 01000024 1 0f 00000005
+[d] 01000030 03 0a 02 - 2 - 00000004 -
+[r] 02 - ffffffe0 -
+[e] 0100002c 00300797 0
 [f] 01000038 00050793
-[d] 01000034 13 0f 0a - 0 - 00000000 -
-[r] 0a - 00000000 -
-[e] 01000030 01000048 0
-[f] 0100004c fe010113
-[d] 01000048 13 02 02 - 0 - ffffffe0 -
-[r] 02 - 00000000 -
-[w] 01000030 1 01 01000034
-[f] 01000050 00112e23
-[d] 0100004c 23 - 02 01 2 - 0000001c -
-[r] 02 01 010fffe0 00000000
-[e] 01000048 010fffc0 0
-[f] 01000054 00a12623
-[d] 01000050 23 - 02 0a 2 - 0000000c -
-[r] 02 0a 010fffe0 01000034
-[e] 0100004c 010fffdc 0
-[f] 01000058 00c12703
-[d] 01000054 03 0e 02 - 2 - 0000000c -
-[r] 02 - 010fffe0 -
-[e] 01000050 010fffcc 0
-[m] 0100004c 010fffdc 1 2 01000034
-[w] 01000048 1 02 010fffc0
-[f] 01000058 00c12703
-[d] 01000054 03 0e 02 - 2 - 0000000c -
-[r] 02 - 010fffe0 -
-[e] 01000054 010fffe0 0
-[m] 01000050 010fffcc 1 2 00000005
-[f] 0100005c 00500793
-[d] 01000058 13 0f 00 - 0 - 00000005 -
-[r] 00 - 010fffc0 -
-[e] 01000054 010fffcc 0
-[f] 01000060 00f71863
-[d] 0100005c 63 - 0e 0f 1 - 00000010 -
-[r] 0e 0f 00000000 00000000
-[e] 01000058 00000005 0
-[f] 01000064 024000ef
-[d] 01000060 6f 01 - - - - 00000024 -
+[d] 01000034 6f 01 - - - - 00000018 -
 [r] - - - -
-[e] 0100005c 0100006c 0
-[w] 01000054 1 0e 00000005
-[f] 01000068 00050793
-[d] 01000064 13 0f 0a - 0 - 00000000 -
-[r] 0a - 00000000 -
-[e] 01000060 01000084 0
-[w] 01000058 1 0f 00000005
-[f] 01000088 00100793
-[d] 01000084 13 0f 00 - 0 - 00000001 -
-[r] 00 - 00000000 -
-[w] 01000060 1 01 01000064
-[f] 0100008c 00078513
-[d] 01000088 13 0a 0f - 0 - 00000000 -
-[r] 0f - 00000000 -
-[e] 01000084 00000001 0
-[f] 01000090 00008067
-[d] 0100008c 67 00 01 - - - 00000000 -
-[r] 01 - 00000005 -
-[e] 01000088 00000001 0
-[f] 01000094 00000793
-[d] 01000090 13 0f 00 - 0 - 00000000 -
-[r] 00 - 01000064 -
-[e] 0100008c 01000064 0
-[w] 01000084 1 0f 00000001
-[f] 01000068 00050793
-[d] 01000064 13 0f 0a - 0 - 00000000 -
+[e] 01000030 ffffffe4 0
+[m] 0100002c 00300797 1 2 00300775
+[w] 01000028 1 0f 00300775
+[f] 0100003c 00078513
+[d] 01000038 13 0f 0a - 0 - 00000000 -
 [r] 0a - 00000000 -
-[f] 0100006c 00c0006f
-[d] 01000068 6f 00 - - - - 0000000c -
-[r] - - - -
-[e] 01000064 00000001 0
-[f] 01000070 024000ef
-[d] 0100006c 6f 01 - - - - 00000024 -
-[r] - - - -
-[e] 01000068 01000074 0
-[f] 01000078 00078513
-[d] 01000074 13 0a 0f - 0 - 00000000 -
+[e] 01000034 0100004c 0
+[f] 01000040 01c12083
+[d] 0100003c 13 0a 0f - 0 - 00000000 -
 [r] 0f - 00000000 -
-[f] 0100007c 01c12083
-[d] 01000078 03 01 02 - 2 - 0000001c -
-[r] 02 - 00000001 -
-[e] 01000074 00000001 0
-[f] 01000080 02010113
-[d] 0100007c 13 02 02 - 0 - 00000020 -
-[r] 02 - 010fffc0 -
-[e] 01000078 010fffdc 0
-[f] 01000084 00008067
-[d] 01000080 67 00 01 - - - 00000000 -
-[r] 01 - 010fffc0 -
-[e] 0100007c 010fffe0 0
-[w] 01000074 1 0a 00000001
-[f] 01000088 00100793
-[d] 01000084 13 0f 00 - 0 - 00000001 -
-[r] 00 - 01000064 -
-[e] 01000080 01000034 0
-[w] 01000078 1 01 01000034
-[f] 01000038 00050793
-[d] 01000034 13 0f 0a - 0 - 00000000 -
-[r] 0a - 00000000 -
+[e] 0100003c 00000000 0
+[w] 01000034 1 01 01000038
+[f] 01000044 02010113
+[d] 01000040 03 01 02 - 2 - 0000001c -
+[r] 02 - 00300775 -
+[e] 0100003c 00000000 0
+[f] 01000048 00008067
+[d] 01000044 13 02 02 - 0 - 00000020 -
+[r] 02 - ffffffe0 -
+[e] 01000040 00300791 0
+[f] 0100004c fe010113
+[d] 01000048 67 00 01 - - - 00000000 -
+[r] 01 - ffffffe0 -
+[e] 01000044 00000000 0
+[w] 0100003c 1 0a 00000000
+[f] 0100004c fe010113
+[d] 01000048 67 00 01 - - - 00000000 -
+[r] 01 - 01000038 -
+[e] 01000048 00000000 0
+[w] 01000040 1 01 fe010113
+[f] 0100004c fe010113
+[d] 01000048 67 00 01 - - - 00000000 -
+[r] 01 - 01000038 -
+[e] 01000048 00000000 0
+[w] 01000044 1 02 00000000
+[f] 01000050 00112e23
+[d] 0100004c 13 02 02 - 0 - ffffffe0 -
+[r] 02 - fe010113 -
+[e] 01000048 01000038 0
 [f] 0100003c 00078513
-[d] 01000038 13 0a 0f - 0 - 00000000 -
-[r] 0f - 00000001 -
-[e] 01000034 00000001 0
+[d] 01000038 23 - 02 0a 2 - 0000000c -
+[r] 02 0a 00000000 00000000
 [f] 01000040 01c12083
-[d] 0100003c 03 01 02 - 2 - 0000001c -
-[r] 02 - 00000001 -
-[e] 01000038 00000001 0
+[d] 0100003c 13 0a 0f - 0 - 00000000 -
+[r] 0f - 00000000 -
+[e] 01000038 0000000c 0
 [f] 01000044 02010113
-[d] 01000040 13 02 02 - 0 - 00000020 -
-[r] 02 - 010fffe0 -
-[e] 0100003c 010ffffc 0
-[w] 01000034 1 0f 00000001
+[d] 01000040 03 01 02 - 2 - 0000001c -
+[r] 02 - 00300775 -
+[e] 0100003c 00000000 0
+[m] 01000038 0000000c 1 2 00000000
 [f] 01000048 00008067
-[d] 01000044 67 00 01 - - - 00000000 -
-[r] 01 - 010fffe0 -
-[e] 01000040 01100000 0
-[w] 01000038 1 0a 00000001
+[d] 01000044 13 02 02 - 0 - 00000020 -
+[r] 02 - 00000000 -
+[e] 01000040 00300791 0
 [f] 0100004c fe010113
-[d] 01000048 13 02 02 - 0 - ffffffe0 -
-[r] 02 - 01000034 -
-[e] 01000044 00000000 0
-[w] 0100003c 1 01 00000000
+[d] 01000048 67 00 01 - - - 00000000 -
+[r] 01 - 00000000 -
+[e] 01000044 00000020 0
+[w] 0100003c 1 0a 00000000
+[f] 0100004c fe010113
+[d] 01000048 67 00 01 - - - 00000000 -
+[r] 01 - fe010113 -
+[e] 01000048 00000000 0
+[w] 01000040 1 01 00000003
+[f] 0100004c fe010113
+[d] 01000048 67 00 01 - - - 00000000 -
+[r] 01 - fe010113 -
+[e] 01000048 00000000 0
+[w] 01000044 1 02 00000020
+[f] 01000050 00112e23
+[d] 0100004c 13 02 02 - 0 - ffffffe0 -
+[r] 02 - 00000003 -
+[e] 01000048 fe010113 0
+[f] fe010116 00000000
+[d] fe010112 23 - 02 0a 2 - 0000000c -
+[r] 02 0a 00000000 00000000
