--- /tmp/tmp.wSRppWmnyg	2025-11-28 17:09:56.159386038 -0500
+++ /tmp/tmp.tYNbr5QtQP	2025-11-28 17:09:56.173386101 -0500
@@ -1,399 +1,268 @@
-[f] 01000004 fe010113
-[d] 01000000 13 02 02 - 0 - ffffffe0 -
-[r] 02 - 00000000 -
 [f] 01000008 00112e23
-[d] 01000004 23 - 02 01 2 - 0000001c -
-[r] 02 01 01100000 00000000
-[e] 01000000 010fffe0 0
+[d] 01000004 13 02 02 - 0 - ffffffe0 -
+[r] 02 - 00000000 -
+[e] 01000000 00000000 0
 [f] 0100000c 00500793
-[d] 01000008 13 0f 00 - 0 - 00000005 -
-[r] 00 - 01100000 -
-[e] 01000004 010ffffc 0
+[d] 01000008 23 - 02 01 2 - 0000001c -
+[r] 02 01 00000000 00000000
+[e] 01000004 ffffffe0 0
 [f] 01000010 00f12223
-[d] 0100000c 23 - 02 0f 2 - 00000004 -
+[d] 0100000c 13 0f 00 - 0 - 00000005 -
+[r] 00 - 00000000 -
+[e] 01000008 fffffffc 0
+[f] 01000014 00900793
+[d] 01000010 23 - 02 0f 2 - 00000004 -
 [r] 02 0f 00000000 00000000
-[e] 01000008 00000005 0
-[m] 01000004 010ffffc 1 2 00000000
-[w] 01000000 1 02 010fffe0
-[f] 01000010 00f12223
-[d] 0100000c 23 - 02 0f 2 - 00000004 -
-[r] 02 0f 01100000 00000000
-[e] 0100000c 01100000 0
+[e] 0100000c 00000005 0
+[m] 01000008 fffffffc 1 2 00000000
+[w] 01000004 1 02 ffffffe0
 [f] 01000014 00900793
-[d] 01000010 13 0f 00 - 0 - 00000009 -
-[r] 00 - 010fffe0 -
-[e] 0100000c 010fffe4 0
-[w] 01000008 1 0f 00000005
-[f] 01000018 00f12023
-[d] 01000014 23 - 02 0f 2 - 00000000 -
+[d] 01000010 23 - 02 0f 2 - 00000004 -
 [r] 02 0f 00000000 00000000
-[e] 01000010 00000009 0
-[m] 0100000c 010fffe4 1 2 00000005
+[e] 01000010 00000000 0
+[f] 01000018 00f12023
+[d] 01000014 13 0f 00 - 0 - 00000009 -
+[r] 00 - ffffffe0 -
+[e] 01000010 00000004 0
+[w] 0100000c 1 0f 00000005
 [f] 0100001c 00012783
-[d] 01000018 03 0f 02 - 2 - 00000000 -
-[r] 02 - 010fffe0 -
-[e] 01000014 010fffe0 0
-[f] 01000020 00279793
-[d] 0100001c 13 0f 0f - 1 - 00000002 -
-[r] 0f - 010fffe0 -
-[e] 01000018 010fffe0 0
-[m] 01000014 010fffe0 1 2 00000009
-[w] 01000010 1 0f 00000009
+[d] 01000018 23 - 02 0f 2 - 00000000 -
+[r] 02 0f 00000000 00000000
+[e] 01000014 ffffffe9 0
+[m] 01000010 00000004 1 2 00000005
 [f] 01000020 00279793
-[d] 0100001c 13 0f 0f - 1 - 00000002 -
+[d] 0100001c 03 0f 02 - 2 - 00000000 -
+[r] 02 - ffffffe0 -
+[e] 01000018 00000000 0
+[f] 01000024 00f12023
+[d] 01000020 13 0f 0f - 1 - 00000000 -
+[r] 0f - ffffffe0 -
+[e] 0100001c ffffffe0 0
+[m] 01000018 00000000 1 2 ffffffe9
+[w] 01000014 1 0f ffffffe9
+[f] 01000024 00f12023
+[d] 01000020 13 0f 0f - 1 - 00000000 -
 [r] 0f - 00000005 -
-[e] 0100001c 00000005 0
+[e] 01000020 00000000 0
 [f] 01000024 00f12023
-[d] 01000020 23 - 02 0f 2 - 00000000 -
-[r] 02 0f 00000009 00000000
-[e] 0100001c 00000024 0
-[w] 01000018 1 0f 00000009
+[d] 01000020 13 0f 0f - 1 - 00000000 -
+[r] 0f - ffffffe9 -
+[e] 01000020 00000000 0
+[w] 0100001c 1 0f 00000000
+[f] 01000024 00f12023
+[d] 01000020 13 0f 0f - 1 - 00000000 -
+[r] 0f - ffffffe9 -
+[e] 01000020 00000000 0
 [f] 01000028 00412783
-[d] 01000024 03 0f 02 - 2 - 00000004 -
-[r] 02 - 010fffe0 -
-[e] 01000020 010fffe0 0
-[f] 0100002c 4017d793
-[d] 01000028 13 0f 0f - 5 - 00000001 -
-[r] 0f - 010fffe0 -
-[e] 01000024 010fffe4 0
-[m] 01000020 010fffe0 1 2 00000024
-[w] 0100001c 1 0f 00000024
+[d] 01000024 23 - 02 0f 2 - 00000000 -
+[r] 02 0f 00000000 00000000
+[e] 01000020 ffffffe9 0
 [f] 0100002c 4017d793
-[d] 01000028 13 0f 0f - 5 - 00000001 -
-[r] 0f - 00000009 -
-[e] 01000028 00000009 0
+[d] 01000028 03 0f 02 - 2 - 00000004 -
+[r] 02 - ffffffe0 -
+[e] 01000024 00000000 0
 [f] 01000030 00f12223
-[d] 0100002c 23 - 02 0f 2 - 00000004 -
-[r] 02 0f 00000024 00000000
-[e] 01000028 00000002 1
-[w] 01000024 1 0f 00000005
+[d] 0100002c 13 0f 0f - 5 - 00000000 -
+[r] 0f - ffffffe0 -
+[e] 01000028 ffffffe4 0
+[m] 01000024 00000000 1 2 ffffffe9
+[w] 01000020 1 0f ffffffe9
+[f] 01000030 00f12223
+[d] 0100002c 13 0f 0f - 5 - 00000000 -
+[r] 0f - 00000000 -
+[e] 0100002c 00000000 0
+[f] 01000030 00f12223
+[d] 0100002c 13 0f 0f - 5 - 00000000 -
+[r] 0f - ffffffe9 -
+[e] 0100002c 00000000 0
+[w] 01000028 1 0f 00000000
+[f] 01000030 00f12223
+[d] 0100002c 13 0f 0f - 5 - 00000000 -
+[r] 0f - ffffffe9 -
+[e] 0100002c 00000000 0
 [f] 01000034 00410793
-[d] 01000030 13 0f 02 - 0 - 00000004 -
-[r] 02 - 010fffe0 -
-[e] 0100002c 010fffe4 0
+[d] 01000030 23 - 02 0f 2 - 00000004 -
+[r] 02 0f 00000000 00000000
+[e] 0100002c ffffffe9 0
 [f] 01000038 00f12623
-[d] 01000034 23 - 02 0f 2 - 0000000c -
-[r] 02 0f 010fffe0 00000000
-[e] 01000030 010fffe4 0
-[m] 0100002c 010fffe4 1 2 00000002
-[w] 01000028 1 0f 00000002
+[d] 01000034 13 0f 02 - 0 - 00000004 -
+[r] 02 - ffffffe0 -
+[e] 01000030 00000004 0
+[f] 0100003c 00010793
+[d] 01000038 23 - 02 0f 2 - 0000000c -
+[r] 02 0f ffffffe0 00000000
+[e] 01000034 ffffffe4 0
+[m] 01000030 00000004 1 2 ffffffe9
+[w] 0100002c 1 0f ffffffe9
 [f] 0100003c 00010793
-[d] 01000038 13 0f 02 - 0 - 00000000 -
-[r] 02 - 010fffe0 -
-[e] 01000034 010fffec 0
+[d] 01000038 23 - 02 0f 2 - 0000000c -
+[r] 02 0f ffffffe0 00000000
+[e] 01000038 00000000 0
 [f] 01000040 00f12423
-[d] 0100003c 23 - 02 0f 2 - 00000008 -
-[r] 02 0f 010fffe0 00000000
-[e] 01000038 010fffe0 0
-[m] 01000034 010fffec 1 2 010fffe4
-[w] 01000030 1 0f 010fffe4
+[d] 0100003c 13 0f 02 - 0 - 00000000 -
+[r] 02 - ffffffe0 -
+[e] 01000038 ffffffec 0
+[w] 01000034 1 0f ffffffe4
 [f] 01000044 00812583
-[d] 01000040 03 0b 02 - 2 - 00000008 -
-[r] 02 - 010fffe0 -
-[e] 0100003c 010fffe8 0
+[d] 01000040 23 - 02 0f 2 - 00000008 -
+[r] 02 0f ffffffe0 00000000
+[e] 0100003c ffffffe0 0
+[m] 01000038 ffffffec 1 2 ffffffe4
 [f] 01000048 00c12503
-[d] 01000044 03 0a 02 - 2 - 0000000c -
-[r] 02 - 010fffe0 -
-[e] 01000040 010fffe8 0
-[m] 0100003c 010fffe8 1 2 010fffe0
-[w] 01000038 1 0f 010fffe0
+[d] 01000044 03 0b 02 - 2 - 00000008 -
+[r] 02 - ffffffe0 -
+[e] 01000040 ffffffe8 0
 [f] 0100004c 044000ef
-[d] 01000048 6f 01 - - - - 00000044 -
-[r] - - - -
-[e] 01000044 010fffec 0
+[d] 01000048 03 0a 02 - 2 - 0000000c -
+[r] 02 - ffffffe0 -
+[e] 01000044 ffffffe8 0
+[m] 01000040 ffffffe8 1 2 ffffffe0
+[w] 0100003c 1 0f ffffffe0
 [f] 01000050 00c12783
-[d] 0100004c 03 0f 02 - 2 - 0000000c -
-[r] 02 - 00000000 -
-[e] 01000048 0100008c 0
-[w] 01000040 1 0b 010fffe0
-[f] 01000090 fe010113
-[d] 0100008c 13 02 02 - 0 - ffffffe0 -
+[d] 0100004c 6f 01 - - - - 00000044 -
+[r] - - - -
+[e] 01000048 ffffffec 0
+[f] 01000054 0007a783
+[d] 01000050 03 0f 02 - 2 - 0000000c -
 [r] 02 - 00000000 -
-[w] 01000048 1 01 0100004c
+[e] 0100004c 01000090 0
+[w] 01000044 1 0b 00000000
 [f] 01000094 00a12623
-[d] 01000090 23 - 02 0a 2 - 0000000c -
-[r] 02 0a 010fffe0 00000000
-[e] 0100008c 010fffc0 0
+[d] 01000090 23 - 02 0f 2 - 00000004 -
+[r] 02 0f 00000000 00000000
+[w] 0100004c 1 01 01000050
 [f] 01000098 00b12423
-[d] 01000094 23 - 02 0b 2 - 00000008 -
-[r] 02 0b 010fffe0 010fffe4
-[e] 01000090 010fffcc 0
+[d] 01000094 23 - 02 0a 2 - 0000000c -
+[r] 02 0a ffffffe0 ffffffe0
+[e] 01000090 00000004 0
 [f] 0100009c 00c12783
-[d] 01000098 03 0f 02 - 2 - 0000000c -
-[r] 02 - 010fffe0 -
-[e] 01000094 010fffc8 0
-[m] 01000090 010fffcc 1 2 010fffe4
-[w] 0100008c 1 02 010fffc0
-[f] 0100009c 00c12783
-[d] 01000098 03 0f 02 - 2 - 0000000c -
-[r] 02 - 010fffe0 -
-[e] 01000098 010fffe0 0
-[m] 01000094 010fffc8 1 2 010fffe0
-[f] 010000a0 0007a783
-[d] 0100009c 03 0f 0f - 2 - 00000000 -
-[r] 0f - 010fffc0 -
-[e] 01000098 010fffcc 0
+[d] 01000098 23 - 02 0b 2 - 00000008 -
+[r] 02 0b ffffffe0 00000000
+[e] 01000094 ffffffec 0
+[m] 01000090 00000004 1 2 00000000
 [f] 010000a0 0007a783
-[d] 0100009c 03 0f 0f - 2 - 00000000 -
-[r] 0f - 010fffe0 -
-[e] 0100009c 010fffe0 0
+[d] 0100009c 03 0f 02 - 2 - 0000000c -
+[r] 02 - ffffffe0 -
+[e] 01000098 ffffffe8 0
+[m] 01000094 ffffffec 1 2 ffffffe0
+[f] 010000a4 00f12e23
+[d] 010000a0 03 0f 0f - 2 - 00000000 -
+[r] 0f - ffffffe0 -
+[e] 0100009c ffffffec 0
+[m] 01000098 ffffffe8 1 2 00000000
 [f] 010000a4 00f12e23
-[d] 010000a0 23 - 02 0f 2 - 0000001c -
-[r] 02 0f 010fffe0 00000000
-[e] 0100009c 010fffe4 0
-[w] 01000098 1 0f 010fffe4
+[d] 010000a0 03 0f 0f - 2 - 00000000 -
+[r] 0f - ffffffe0 -
+[e] 010000a0 00000000 0
+[f] 010000a4 00f12e23
+[d] 010000a0 03 0f 0f - 2 - 00000000 -
+[r] 0f - ffffffe0 -
+[e] 010000a0 00000000 0
+[w] 0100009c 1 0f ffffffe4
+[f] 010000a4 00f12e23
+[d] 010000a0 03 0f 0f - 2 - 00000000 -
+[r] 0f - ffffffe0 -
+[e] 010000a0 00000000 0
 [f] 010000a8 00812783
-[d] 010000a4 03 0f 02 - 2 - 00000008 -
-[r] 02 - 010fffc0 -
-[e] 010000a0 010fffdc 0
-[f] 010000ac 0007a703
-[d] 010000a8 03 0e 0f - 2 - 00000000 -
-[r] 0f - 010fffc0 -
-[e] 010000a4 010fffc8 0
-[m] 010000a0 010fffdc 1 2 00000002
-[w] 0100009c 1 0f 00000002
+[d] 010000a4 23 - 02 0f 2 - 0000001c -
+[r] 02 0f ffffffe4 00000000
+[e] 010000a0 ffffffe0 0
+[f] 010000a8 00812783
+[d] 010000a4 23 - 02 0f 2 - 0000001c -
+[r] 02 0f ffffffe0 ffffffe4
+[e] 010000a4 00000000 0
+[f] 010000a8 00812783
+[d] 010000a4 23 - 02 0f 2 - 0000001c -
+[r] 02 0f ffffffe0 ffffffe4
+[e] 010000a4 00000000 0
+[w] 010000a0 1 0f ffffffe9
+[f] 010000a8 00812783
+[d] 010000a4 23 - 02 0f 2 - 0000001c -
+[r] 02 0f ffffffe0 ffffffe4
+[e] 010000a4 00000000 0
 [f] 010000ac 0007a703
-[d] 010000a8 03 0e 0f - 2 - 00000000 -
-[r] 0f - 010fffe4 -
-[e] 010000a8 010fffe4 0
+[d] 010000a8 03 0f 02 - 2 - 00000008 -
+[r] 02 - ffffffe0 -
+[e] 010000a4 fffffffc 0
 [f] 010000b0 00c12783
-[d] 010000ac 03 0f 02 - 2 - 0000000c -
-[r] 02 - 00000002 -
-[e] 010000a8 010fffe0 0
-[w] 010000a4 1 0f 010fffe0
-[f] 010000b4 00e7a023
-[d] 010000b0 23 - 0f 0e 2 - 00000000 -
-[r] 0f 0e 010fffc0 00000000
-[e] 010000ac 010fffcc 0
-[f] 010000b4 00e7a023
-[d] 010000b0 23 - 0f 0e 2 - 00000000 -
-[r] 0f 0e 010fffe0 00000000
-[e] 010000b0 010fffe0 0
-[w] 010000a8 1 0e 00000024
-[f] 010000b4 00e7a023
-[d] 010000b0 23 - 0f 0e 2 - 00000000 -
-[r] 0f 0e 010fffe0 00000000
-[e] 010000b0 010fffe0 0
-[w] 010000ac 1 0f 010fffe4
+[d] 010000ac 03 0e 0f - 2 - 00000000 -
+[r] 0f - ffffffe0 -
+[e] 010000a8 ffffffe8 0
+[m] 010000a4 fffffffc 1 2 ffffffe4
+[f] 010000b0 00c12783
+[d] 010000ac 03 0e 0f - 2 - 00000000 -
+[r] 0f - ffffffe9 -
+[e] 010000ac 00000000 0
+[f] 010000b0 00c12783
+[d] 010000ac 03 0e 0f - 2 - 00000000 -
+[r] 0f - ffffffe9 -
+[e] 010000ac 00000000 0
+[w] 010000a8 1 0f ffffffe9
+[f] 010000b0 00c12783
+[d] 010000ac 03 0e 0f - 2 - 00000000 -
+[r] 0f - ffffffe9 -
+[e] 010000ac 00000000 0
 [f] 010000b4 00e7a023
-[d] 010000b0 23 - 0f 0e 2 - 00000000 -
-[r] 0f 0e 010fffe0 00000024
-[e] 010000b0 010fffe0 0
+[d] 010000b0 03 0f 02 - 2 - 0000000c -
+[r] 02 - ffffffe9 -
+[e] 010000ac ffffffe9 0
+[f] 010000b8 00812783
+[d] 010000b4 23 - 0f 0e 2 - 00000000 -
+[r] 0f 0e ffffffe0 00000000
+[e] 010000b0 fffffff5 0
+[f] 010000b8 00812783
+[d] 010000b4 23 - 0f 0e 2 - 00000000 -
+[r] 0f 0e ffffffe9 00000000
+[e] 010000b4 00000000 0
+[w] 010000ac 1 0e ffffffe9
 [f] 010000b8 00812783
-[d] 010000b4 03 0f 02 - 2 - 00000008 -
-[r] 02 - 010fffe4 -
-[e] 010000b0 010fffe4 0
+[d] 010000b4 23 - 0f 0e 2 - 00000000 -
+[r] 0f 0e ffffffe9 00000000
+[e] 010000b4 00000000 0
+[w] 010000b0 1 0f ffffffe9
+[f] 010000b8 00812783
+[d] 010000b4 23 - 0f 0e 2 - 00000000 -
+[r] 0f 0e ffffffe9 ffffffe9
+[e] 010000b4 00000000 0
 [f] 010000bc 01c12703
-[d] 010000b8 03 0e 02 - 2 - 0000001c -
-[r] 02 - 010fffc0 -
-[e] 010000b4 010fffc8 0
-[m] 010000b0 010fffe4 1 2 00000024
+[d] 010000b8 03 0f 02 - 2 - 00000008 -
+[r] 02 - ffffffe9 -
+[e] 010000b4 ffffffe9 0
 [f] 010000c0 00e7a023
-[d] 010000bc 23 - 0f 0e 2 - 00000000 -
-[r] 0f 0e 010fffc0 00000000
-[e] 010000b8 010fffdc 0
-[f] 010000c8 02010113
-[d] 010000c4 13 02 02 - 0 - 00000020 -
-[r] 02 - 00000000 -
-[m] 010000bc 010fffe0 1 2 00000002
-[w] 010000b8 1 0e 00000002
+[d] 010000bc 03 0e 02 - 2 - 0000001c -
+[r] 02 - ffffffe0 -
+[e] 010000b8 fffffff1 0
+[m] 010000b4 ffffffe9 1 2 ffffffe9
+[f] 010000c4 00000013
+[d] 010000c0 23 - 0f 0e 2 - 00000000 -
+[r] 0f 0e ffffffe0 00000000
+[e] 010000bc fffffffc 0
+[f] 010000c4 00000013
+[d] 010000c0 23 - 0f 0e 2 - 00000000 -
+[r] 0f 0e ffffffe9 ffffffe9
+[e] 010000c0 00000000 0
+[w] 010000b8 1 0f ffffffe9
+[f] 010000c4 00000013
+[d] 010000c0 23 - 0f 0e 2 - 00000000 -
+[r] 0f 0e ffffffe9 ffffffe9
+[e] 010000c0 00000000 0
+[w] 010000bc 1 0e e0000000
+[f] 010000c4 00000013
+[d] 010000c0 23 - 0f 0e 2 - 00000000 -
+[r] 0f 0e ffffffe9 ffffffe9
+[e] 010000c0 00000000 0
 [f] 010000cc 00008067
-[d] 010000c8 67 00 01 - - - 00000000 -
-[r] 01 - 010fffc0 -
-[e] 010000c4 010fffe0 0
-[f] 010000d0 fe010113
-[d] 010000cc 13 02 02 - 0 - ffffffe0 -
-[r] 02 - 0100004c -
-[e] 010000c8 0100004c 0
-[f] 01000050 00c12783
-[d] 0100004c 03 0f 02 - 2 - 0000000c -
+[d] 010000c8 13 02 02 - 0 - 00000020 -
 [r] 02 - 00000000 -
-[f] 01000054 0007a783
-[d] 01000050 03 0f 0f - 2 - 00000000 -
-[r] 0f - 010fffe0 -
-[e] 0100004c 010fffec 0
-[f] 01000054 0007a783
-[d] 01000050 03 0f 0f - 2 - 00000000 -
-[r] 0f - 010fffe0 -
-[e] 01000050 010fffe0 0
-[f] 01000058 00f12223
-[d] 01000054 23 - 02 0f 2 - 00000004 -
-[r] 02 0f 010fffe0 00000000
-[e] 01000050 010fffe4 0
-[w] 0100004c 1 0f 010fffe4
-[f] 0100005c 00812783
-[d] 01000058 03 0f 02 - 2 - 00000008 -
-[r] 02 - 010fffe0 -
-[e] 01000054 010fffe4 0
-[f] 01000060 0007a783
-[d] 0100005c 03 0f 0f - 2 - 00000000 -
-[r] 0f - 010fffe0 -
-[e] 01000058 010fffe8 0
-[m] 01000054 010fffe4 1 2 00000024
-[w] 01000050 1 0f 00000024
-[f] 01000060 0007a783
-[d] 0100005c 03 0f 0f - 2 - 00000000 -
-[r] 0f - 010fffe4 -
-[e] 0100005c 010fffe4 0
-[f] 01000064 00f12023
-[d] 01000060 23 - 02 0f 2 - 00000000 -
-[r] 02 0f 00000024 00000000
-[e] 0100005c 010fffe0 0
-[w] 01000058 1 0f 010fffe0
-[f] 01000068 00412703
-[d] 01000064 03 0e 02 - 2 - 00000004 -
-[r] 02 - 010fffe0 -
-[e] 01000060 010fffe0 0
-[f] 0100006c 00012783
-[d] 01000068 03 0f 02 - 2 - 00000000 -
-[r] 02 - 010fffe0 -
-[e] 01000064 010fffe4 0
-[m] 01000060 010fffe0 1 2 00000002
-[w] 0100005c 1 0f 00000002
-[f] 01000070 00f707b3
-[d] 0100006c 33 0f 0e 0f 0 00 - -
-[r] 0e 0f 010fffe0 00000000
-[e] 01000068 010fffe0 0
-[f] 01000070 00f707b3
-[d] 0100006c 33 0f 0e 0f 0 00 - -
-[r] 0e 0f 00000002 00000002
-[e] 0100006c 00000002 0
-[w] 01000064 1 0e 00000024
-[f] 01000070 00f707b3
-[d] 0100006c 33 0f 0e 0f 0 00 - -
-[r] 0e 0f 00000002 00000002
-[e] 0100006c 00000002 0
-[w] 01000068 1 0f 00000002
-[f] 01000070 00f707b3
-[d] 0100006c 33 0f 0e 0f 0 00 - -
-[r] 0e 0f 00000024 00000002
-[e] 0100006c 00000024 0
-[f] 01000074 00078513
-[d] 01000070 13 0a 0f - 0 - 00000000 -
-[r] 0f - 00000024 -
-[e] 0100006c 00000026 0
-[f] 01000078 058000ef
-[d] 01000074 6f 01 - - - - 00000058 -
-[r] - - - -
-[e] 01000070 00000026 0
-[f] 0100007c 00050793
-[d] 01000078 13 0f 0a - 0 - 00000000 -
-[r] 0a - 00000000 -
-[e] 01000074 010000cc 0
-[w] 0100006c 1 0f 00000026
+[m] 010000c0 ffffffe9 1 2 ffffffe9
 [f] 010000d0 fe010113
-[d] 010000cc 13 02 02 - 0 - ffffffe0 -
-[r] 02 - 00000000 -
-[w] 01000074 1 01 01000078
+[d] 010000cc 67 00 01 - - - 00000000 -
+[r] 01 - ffffffe0 -
+[e] 010000c8 00000020 0
 [f] 010000d4 00112e23
-[d] 010000d0 23 - 02 01 2 - 0000001c -
-[r] 02 01 010fffe0 00000000
-[e] 010000cc 010fffc0 0
-[f] 010000d8 00a12623
-[d] 010000d4 23 - 02 0a 2 - 0000000c -
-[r] 02 0a 010fffe0 01000078
-[e] 010000d0 010fffdc 0
-[f] 010000dc 00c12703
-[d] 010000d8 03 0e 02 - 2 - 0000000c -
-[r] 02 - 010fffe0 -
-[e] 010000d4 010fffcc 0
-[m] 010000d0 010fffdc 1 2 01000078
-[w] 010000cc 1 02 010fffc0
-[f] 010000dc 00c12703
-[d] 010000d8 03 0e 02 - 2 - 0000000c -
-[r] 02 - 010fffe0 -
-[e] 010000d8 010fffe0 0
-[m] 010000d4 010fffcc 1 2 00000026
-[f] 010000e0 02600793
-[d] 010000dc 13 0f 00 - 0 - 00000026 -
-[r] 00 - 010fffc0 -
-[e] 010000d8 010fffcc 0
-[f] 010000e4 00f71863
-[d] 010000e0 63 - 0e 0f 1 - 00000010 -
-[r] 0e 0f 00000000 00000000
-[e] 010000dc 00000026 0
-[f] 010000e8 024000ef
-[d] 010000e4 6f 01 - - - - 00000024 -
-[r] - - - -
-[e] 010000e0 010000f0 0
-[w] 010000d8 1 0e 00000026
-[f] 010000ec 00050793
-[d] 010000e8 13 0f 0a - 0 - 00000000 -
-[r] 0a - 00000000 -
-[e] 010000e4 01000108 0
-[w] 010000dc 1 0f 00000026
-[f] 0100010c 00100793
-[d] 01000108 13 0f 00 - 0 - 00000001 -
-[r] 00 - 00000000 -
-[w] 010000e4 1 01 010000e8
-[f] 01000110 00078513
-[d] 0100010c 13 0a 0f - 0 - 00000000 -
-[r] 0f - 00000000 -
-[e] 01000108 00000001 0
-[f] 01000114 00008067
-[d] 01000110 67 00 01 - - - 00000000 -
-[r] 01 - 00000026 -
-[e] 0100010c 00000001 0
-[f] 01000118 00000793
-[d] 01000114 13 0f 00 - 0 - 00000000 -
-[r] 00 - 010000e8 -
-[e] 01000110 010000e8 0
-[w] 01000108 1 0f 00000001
-[f] 010000ec 00050793
-[d] 010000e8 13 0f 0a - 0 - 00000000 -
-[r] 0a - 00000000 -
-[f] 010000f0 00c0006f
-[d] 010000ec 6f 00 - - - - 0000000c -
-[r] - - - -
-[e] 010000e8 00000001 0
-[f] 010000f4 024000ef
-[d] 010000f0 6f 01 - - - - 00000024 -
-[r] - - - -
-[e] 010000ec 010000f8 0
-[f] 010000fc 00078513
-[d] 010000f8 13 0a 0f - 0 - 00000000 -
-[r] 0f - 00000000 -
-[f] 01000100 01c12083
-[d] 010000fc 03 01 02 - 2 - 0000001c -
-[r] 02 - 00000001 -
-[e] 010000f8 00000001 0
-[f] 01000104 02010113
-[d] 01000100 13 02 02 - 0 - 00000020 -
-[r] 02 - 010fffc0 -
-[e] 010000fc 010fffdc 0
-[f] 01000108 00008067
-[d] 01000104 67 00 01 - - - 00000000 -
-[r] 01 - 010fffc0 -
-[e] 01000100 010fffe0 0
-[w] 010000f8 1 0a 00000001
-[f] 0100010c 00100793
-[d] 01000108 13 0f 00 - 0 - 00000001 -
-[r] 00 - 010000e8 -
-[e] 01000104 01000078 0
-[w] 010000fc 1 01 01000078
-[f] 0100007c 00050793
-[d] 01000078 13 0f 0a - 0 - 00000000 -
-[r] 0a - 00000000 -
-[f] 01000080 00078513
-[d] 0100007c 13 0a 0f - 0 - 00000000 -
-[r] 0f - 00000001 -
-[e] 01000078 00000001 0
-[f] 01000084 01c12083
-[d] 01000080 03 01 02 - 2 - 0000001c -
-[r] 02 - 00000001 -
-[e] 0100007c 00000001 0
-[f] 01000088 02010113
-[d] 01000084 13 02 02 - 0 - 00000020 -
-[r] 02 - 010fffe0 -
-[e] 01000080 010ffffc 0
-[w] 01000078 1 0f 00000001
-[f] 0100008c 00008067
-[d] 01000088 67 00 01 - - - 00000000 -
-[r] 01 - 010fffe0 -
-[e] 01000084 01100000 0
-[w] 0100007c 1 0a 00000001
-[f] 01000090 fe010113
-[d] 0100008c 13 02 02 - 0 - ffffffe0 -
-[r] 02 - 01000078 -
-[e] 01000088 00000000 0
-[w] 01000080 1 01 00000000
+[d] 010000d0 13 02 02 - 0 - ffffffe0 -
+[r] 02 - 01000050 -
+[e] 010000cc ffffffe0 0
+[f] ffffffe4 00000000
+[d] ffffffe0 23 - 02 0a 2 - 0000000c -
+[r] 02 0a 00000000 00000000
