--- /tmp/tmp.uV3P3JL5t1	2025-11-28 17:09:54.134376872 -0500
+++ /tmp/tmp.mfeovrEcQz	2025-11-28 17:09:54.143376913 -0500
@@ -1,1033 +1,57 @@
-[f] 01000004 00000097
-[d] 01000000 17 01 - - - - 00000000 -
-[r] - - - -
 [f] 01000008 28408093
-[d] 01000004 13 01 01 - 0 - 00000284 -
-[r] 01 - 00000000 -
-[e] 01000000 01000000 0
+[d] 01000004 17 01 - - - - 00000000 -
+[r] - - - -
+[e] 01000000 00000000 0
 [f] 0100000c 00008f03
-[d] 01000008 03 1e 01 - 0 - 00000000 -
+[d] 01000008 13 01 01 - 0 - 00000284 -
 [r] 01 - 00000000 -
-[e] 01000004 01000284 0
+[e] 01000004 01000004 0
 [f] 01000010 fff00e93
-[d] 0100000c 13 1d 00 - 0 - ffffffff -
-[r] 00 - 00000000 -
-[e] 01000008 01000284 0
-[w] 01000000 1 01 01000000
+[d] 0100000c 03 1e 01 - 0 - 00000000 -
+[r] 01 - 00000000 -
+[e] 01000008 01000288 0
 [f] 01000014 00200193
-[d] 01000010 13 03 00 - 0 - 00000002 -
+[d] 01000010 13 1d 00 - 0 - ffffffff -
 [r] 00 - 00000000 -
-[e] 0100000c ffffffff 0
-[w] 01000004 1 01 01000284
+[e] 0100000c 01000288 0
+[w] 01000004 1 01 01000004
 [f] 01000018 23df1c63
-[d] 01000014 63 - 1e 1d 1 - 00000238 -
+[d] 01000014 13 03 00 - 0 - 00000002 -
+[r] 00 - 00000000 -
+[e] 01000010 ffffffff 0
+[w] 01000008 1 01 01000288
+[f] 0100001c 00000097
+[d] 01000018 63 - 1e 1d 1 - 00000238 -
 [r] 1e 1d 00000000 00000000
-[e] 01000010 00000002 0
-[w] 01000008 1 1e ffffffff
-[f] 01000018 23df1c63
-[d] 01000014 63 - 1e 1d 1 - 00000238 -
+[e] 01000014 00000002 0
+[w] 0100000c 1 1e ffffff93
+[f] 0100001c 00000097
+[d] 01000018 63 - 1e 1d 1 - 00000238 -
 [r] 1e 1d 00000000 00000000
-[e] 01000014 00000000 0
-[w] 0100000c 1 1d ffffffff
-[f] 01000018 23df1c63
-[d] 01000014 63 - 1e 1d 1 - 00000238 -
-[r] 1e 1d ffffffff 00000000
-[e] 01000014 ffffffff 0
-[w] 01000010 1 03 00000002
+[e] 01000018 00000000 0
+[w] 01000010 1 1d ffffffff
 [f] 0100001c 00000097
-[d] 01000018 17 01 - - - - 00000000 -
-[r] - - - -
-[e] 01000014 0100024c 0
+[d] 01000018 63 - 1e 1d 1 - 00000238 -
+[r] 1e 1d ffffff93 00000000
+[e] 01000018 00000000 0
+[w] 01000014 1 03 00000002
 [f] 01000020 26c08093
-[d] 0100001c 13 01 01 - 0 - 0000026c -
-[r] 01 - 00000000 -
-[e] 01000018 01000018 0
-[f] 01000024 00108f03
-[d] 01000020 03 1e 01 - 0 - 00000001 -
-[r] 01 - 01000284 -
-[e] 0100001c 01000284 0
-[f] 01000028 00000e93
-[d] 01000024 13 1d 00 - 0 - 00000000 -
-[r] 00 - 01000284 -
-[e] 01000020 01000285 0
-[w] 01000018 1 01 01000018
-[f] 0100002c 00300193
-[d] 01000028 13 03 00 - 0 - 00000003 -
-[r] 00 - 00000000 -
-[e] 01000024 00000000 0
-[w] 0100001c 1 01 01000284
-[f] 01000030 23df1063
-[d] 0100002c 63 - 1e 1d 1 - 00000220 -
-[r] 1e 1d 00000000 00000000
-[e] 01000028 00000003 0
-[w] 01000020 1 1e 00000000
-[f] 01000030 23df1063
-[d] 0100002c 63 - 1e 1d 1 - 00000220 -
-[r] 1e 1d ffffffff ffffffff
-[e] 0100002c ffffffff 0
-[w] 01000024 1 1d 00000000
-[f] 01000030 23df1063
-[d] 0100002c 63 - 1e 1d 1 - 00000220 -
-[r] 1e 1d 00000000 ffffffff
-[e] 0100002c 00000000 0
-[w] 01000028 1 03 00000003
-[f] 01000034 00000097
-[d] 01000030 17 01 - - - - 00000000 -
-[r] - - - -
-[e] 0100002c 0100024c 0
-[f] 01000038 25408093
-[d] 01000034 13 01 01 - 0 - 00000254 -
-[r] 01 - 00000000 -
-[e] 01000030 01000030 0
-[f] 0100003c 00208f03
-[d] 01000038 03 1e 01 - 0 - 00000002 -
-[r] 01 - 01000284 -
-[e] 01000034 01000284 0
-[f] 01000040 ff000e93
-[d] 0100003c 13 1d 00 - 0 - fffffff0 -
-[r] 00 - 01000284 -
-[e] 01000038 01000286 0
-[w] 01000030 1 01 01000030
-[f] 01000044 00400193
-[d] 01000040 13 03 00 - 0 - 00000004 -
-[r] 00 - 00000000 -
-[e] 0100003c fffffff0 0
-[w] 01000034 1 01 01000284
-[f] 01000048 21df1463
-[d] 01000044 63 - 1e 1d 1 - 00000208 -
-[r] 1e 1d 00000000 00000000
-[e] 01000040 00000004 0
-[w] 01000038 1 1e fffffff0
-[f] 01000048 21df1463
-[d] 01000044 63 - 1e 1d 1 - 00000208 -
-[r] 1e 1d 00000000 00000000
-[e] 01000044 00000000 0
-[w] 0100003c 1 1d fffffff0
-[f] 01000048 21df1463
-[d] 01000044 63 - 1e 1d 1 - 00000208 -
-[r] 1e 1d fffffff0 00000000
-[e] 01000044 fffffff0 0
-[w] 01000040 1 03 00000004
-[f] 0100004c 00000097
-[d] 01000048 17 01 - - - - 00000000 -
-[r] - - - -
-[e] 01000044 0100024c 0
-[f] 01000050 23c08093
-[d] 0100004c 13 01 01 - 0 - 0000023c -
-[r] 01 - 00000000 -
-[e] 01000048 01000048 0
-[f] 01000054 00308f03
-[d] 01000050 03 1e 01 - 0 - 00000003 -
-[r] 01 - 01000284 -
-[e] 0100004c 01000284 0
-[f] 01000058 00f00e93
-[d] 01000054 13 1d 00 - 0 - 0000000f -
-[r] 00 - 01000284 -
-[e] 01000050 01000287 0
-[w] 01000048 1 01 01000048
-[f] 0100005c 00500193
-[d] 01000058 13 03 00 - 0 - 00000005 -
-[r] 00 - 00000000 -
-[e] 01000054 0000000f 0
-[w] 0100004c 1 01 01000284
-[f] 01000060 1fdf1863
-[d] 0100005c 63 - 1e 1d 1 - 000001f0 -
-[r] 1e 1d 00000000 00000000
-[e] 01000058 00000005 0
-[w] 01000050 1 1e 0000000f
-[f] 01000060 1fdf1863
-[d] 0100005c 63 - 1e 1d 1 - 000001f0 -
-[r] 1e 1d fffffff0 fffffff0
-[e] 0100005c fffffff0 0
-[w] 01000054 1 1d 0000000f
-[f] 01000060 1fdf1863
-[d] 0100005c 63 - 1e 1d 1 - 000001f0 -
-[r] 1e 1d 0000000f fffffff0
-[e] 0100005c 0000000f 0
-[w] 01000058 1 03 00000005
-[f] 01000064 00000097
-[d] 01000060 17 01 - - - - 00000000 -
-[r] - - - -
-[e] 0100005c 0100024c 0
-[f] 01000068 22708093
-[d] 01000064 13 01 01 - 0 - 00000227 -
-[r] 01 - 00000000 -
-[e] 01000060 01000060 0
-[f] 0100006c ffd08f03
-[d] 01000068 03 1e 01 - 0 - fffffffd -
-[r] 01 - 01000284 -
-[e] 01000064 01000287 0
-[f] 01000070 fff00e93
-[d] 0100006c 13 1d 00 - 0 - ffffffff -
-[r] 00 - 01000284 -
-[e] 01000068 01000284 0
-[w] 01000060 1 01 01000060
-[f] 01000074 00600193
-[d] 01000070 13 03 00 - 0 - 00000006 -
-[r] 00 - 00000000 -
-[e] 0100006c ffffffff 0
-[w] 01000064 1 01 01000287
-[f] 01000078 1ddf1c63
-[d] 01000074 63 - 1e 1d 1 - 000001d8 -
-[r] 1e 1d 00000000 00000000
-[e] 01000070 00000006 0
-[w] 01000068 1 1e ffffffff
-[f] 01000078 1ddf1c63
-[d] 01000074 63 - 1e 1d 1 - 000001d8 -
-[r] 1e 1d 0000000f 0000000f
-[e] 01000074 0000000f 0
-[w] 0100006c 1 1d ffffffff
-[f] 01000078 1ddf1c63
-[d] 01000074 63 - 1e 1d 1 - 000001d8 -
-[r] 1e 1d ffffffff 0000000f
-[e] 01000074 ffffffff 0
-[w] 01000070 1 03 00000006
-[f] 0100007c 00000097
-[d] 01000078 17 01 - - - - 00000000 -
-[r] - - - -
-[e] 01000074 0100024c 0
-[f] 01000080 20f08093
-[d] 0100007c 13 01 01 - 0 - 0000020f -
-[r] 01 - 00000000 -
-[e] 01000078 01000078 0
-[f] 01000084 ffe08f03
-[d] 01000080 03 1e 01 - 0 - fffffffe -
-[r] 01 - 01000287 -
-[e] 0100007c 01000287 0
-[f] 01000088 00000e93
-[d] 01000084 13 1d 00 - 0 - 00000000 -
-[r] 00 - 01000287 -
-[e] 01000080 01000285 0
-[w] 01000078 1 01 01000078
-[f] 0100008c 00700193
-[d] 01000088 13 03 00 - 0 - 00000007 -
-[r] 00 - 00000000 -
-[e] 01000084 00000000 0
-[w] 0100007c 1 01 01000287
-[f] 01000090 1ddf1063
-[d] 0100008c 63 - 1e 1d 1 - 000001c0 -
-[r] 1e 1d 00000000 00000000
-[e] 01000088 00000007 0
-[w] 01000080 1 1e 00000000
-[f] 01000090 1ddf1063
-[d] 0100008c 63 - 1e 1d 1 - 000001c0 -
-[r] 1e 1d ffffffff ffffffff
-[e] 0100008c ffffffff 0
-[w] 01000084 1 1d 00000000
-[f] 01000090 1ddf1063
-[d] 0100008c 63 - 1e 1d 1 - 000001c0 -
-[r] 1e 1d 00000000 ffffffff
-[e] 0100008c 00000000 0
-[w] 01000088 1 03 00000007
-[f] 01000094 00000097
-[d] 01000090 17 01 - - - - 00000000 -
-[r] - - - -
-[e] 0100008c 0100024c 0
-[f] 01000098 1f708093
-[d] 01000094 13 01 01 - 0 - 000001f7 -
-[r] 01 - 00000000 -
-[e] 01000090 01000090 0
-[f] 0100009c fff08f03
-[d] 01000098 03 1e 01 - 0 - ffffffff -
-[r] 01 - 01000287 -
-[e] 01000094 01000287 0
-[f] 010000a0 ff000e93
-[d] 0100009c 13 1d 00 - 0 - fffffff0 -
-[r] 00 - 01000287 -
-[e] 01000098 01000286 0
-[w] 01000090 1 01 01000090
-[f] 010000a4 00800193
-[d] 010000a0 13 03 00 - 0 - 00000008 -
-[r] 00 - 00000000 -
-[e] 0100009c fffffff0 0
-[w] 01000094 1 01 01000287
-[f] 010000a8 1bdf1463
-[d] 010000a4 63 - 1e 1d 1 - 000001a8 -
-[r] 1e 1d 00000000 00000000
-[e] 010000a0 00000008 0
-[w] 01000098 1 1e fffffff0
-[f] 010000a8 1bdf1463
-[d] 010000a4 63 - 1e 1d 1 - 000001a8 -
-[r] 1e 1d 00000000 00000000
-[e] 010000a4 00000000 0
-[w] 0100009c 1 1d fffffff0
-[f] 010000a8 1bdf1463
-[d] 010000a4 63 - 1e 1d 1 - 000001a8 -
-[r] 1e 1d fffffff0 00000000
-[e] 010000a4 fffffff0 0
-[w] 010000a0 1 03 00000008
-[f] 010000ac 00000097
-[d] 010000a8 17 01 - - - - 00000000 -
-[r] - - - -
-[e] 010000a4 0100024c 0
-[f] 010000b0 1df08093
-[d] 010000ac 13 01 01 - 0 - 000001df -
-[r] 01 - 00000000 -
-[e] 010000a8 010000a8 0
-[f] 010000b4 00008f03
-[d] 010000b0 03 1e 01 - 0 - 00000000 -
-[r] 01 - 01000287 -
-[e] 010000ac 01000287 0
-[f] 010000b8 00f00e93
-[d] 010000b4 13 1d 00 - 0 - 0000000f -
-[r] 00 - 01000287 -
-[e] 010000b0 01000287 0
-[w] 010000a8 1 01 010000a8
-[f] 010000bc 00900193
-[d] 010000b8 13 03 00 - 0 - 00000009 -
-[r] 00 - 00000000 -
-[e] 010000b4 0000000f 0
-[w] 010000ac 1 01 01000287
-[f] 010000c0 19df1863
-[d] 010000bc 63 - 1e 1d 1 - 00000190 -
-[r] 1e 1d 00000000 00000000
-[e] 010000b8 00000009 0
-[w] 010000b0 1 1e 0000000f
-[f] 010000c0 19df1863
-[d] 010000bc 63 - 1e 1d 1 - 00000190 -
-[r] 1e 1d fffffff0 fffffff0
-[e] 010000bc fffffff0 0
-[w] 010000b4 1 1d 0000000f
-[f] 010000c0 19df1863
-[d] 010000bc 63 - 1e 1d 1 - 00000190 -
-[r] 1e 1d 0000000f fffffff0
-[e] 010000bc 0000000f 0
-[w] 010000b8 1 03 00000009
-[f] 010000c4 00000097
-[d] 010000c0 17 01 - - - - 00000000 -
-[r] - - - -
-[e] 010000bc 0100024c 0
-[f] 010000c8 1c408093
-[d] 010000c4 13 01 01 - 0 - 000001c4 -
-[r] 01 - 00000000 -
-[e] 010000c0 010000c0 0
-[f] 010000cc fe008093
-[d] 010000c8 13 01 01 - 0 - ffffffe0 -
-[r] 01 - 01000287 -
-[e] 010000c4 01000284 0
-[f] 010000d0 02008283
-[d] 010000cc 03 05 01 - 0 - 00000020 -
-[r] 01 - 01000287 -
-[e] 010000c8 01000264 0
-[w] 010000c0 1 01 010000c0
-[f] 010000d4 fff00e93
-[d] 010000d0 13 1d 00 - 0 - ffffffff -
-[r] 00 - 01000287 -
-[e] 010000cc 01000284 0
-[w] 010000c4 1 01 01000284
-[f] 010000d8 00a00193
-[d] 010000d4 13 03 00 - 0 - 0000000a -
-[r] 00 - 00000000 -
-[e] 010000d0 ffffffff 0
-[w] 010000c8 1 01 01000264
-[f] 010000dc 17d29a63
-[d] 010000d8 63 - 05 1d 1 - 00000174 -
-[r] 05 1d 00000000 00000000
-[e] 010000d4 0000000a 0
-[w] 010000cc 1 05 ffffffff
-[f] 010000dc 17d29a63
-[d] 010000d8 63 - 05 1d 1 - 00000174 -
-[r] 05 1d 00000000 0000000f
-[e] 010000d8 00000000 0
-[w] 010000d0 1 1d ffffffff
-[f] 010000dc 17d29a63
-[d] 010000d8 63 - 05 1d 1 - 00000174 -
-[r] 05 1d ffffffff 0000000f
-[e] 010000d8 ffffffff 0
-[w] 010000d4 1 03 0000000a
-[f] 010000e0 00000097
-[d] 010000dc 17 01 - - - - 00000000 -
-[r] - - - -
-[e] 010000d8 0100024c 0
-[f] 010000e4 1a808093
-[d] 010000e0 13 01 01 - 0 - 000001a8 -
-[r] 01 - 00000000 -
-[e] 010000dc 010000dc 0
-[f] 010000e8 ffa08093
-[d] 010000e4 13 01 01 - 0 - fffffffa -
-[r] 01 - 01000264 -
-[e] 010000e0 01000284 0
-[f] 010000ec 00708283
-[d] 010000e8 03 05 01 - 0 - 00000007 -
-[r] 01 - 01000264 -
-[e] 010000e4 0100027e 0
-[w] 010000dc 1 01 010000dc
-[f] 010000f0 00000e93
-[d] 010000ec 13 1d 00 - 0 - 00000000 -
-[r] 00 - 01000264 -
-[e] 010000e8 01000285 0
-[w] 010000e0 1 01 01000284
-[f] 010000f4 00b00193
-[d] 010000f0 13 03 00 - 0 - 0000000b -
-[r] 00 - 00000000 -
-[e] 010000ec 00000000 0
-[w] 010000e4 1 01 0100027e
-[f] 010000f8 15d29c63
-[d] 010000f4 63 - 05 1d 1 - 00000158 -
-[r] 05 1d 00000000 00000000
-[e] 010000f0 0000000b 0
-[w] 010000e8 1 05 00000000
-[f] 010000f8 15d29c63
-[d] 010000f4 63 - 05 1d 1 - 00000158 -
-[r] 05 1d ffffffff ffffffff
-[e] 010000f4 ffffffff 0
-[w] 010000ec 1 1d 00000000
-[f] 010000f8 15d29c63
-[d] 010000f4 63 - 05 1d 1 - 00000158 -
-[r] 05 1d 00000000 ffffffff
-[e] 010000f4 00000000 0
-[w] 010000f0 1 03 0000000b
-[f] 010000fc 00c00193
-[d] 010000f8 13 03 00 - 0 - 0000000c -
-[r] 00 - 00000000 -
-[e] 010000f4 0100024c 0
-[f] 01000100 00000213
-[d] 010000fc 13 04 00 - 0 - 00000000 -
-[r] 00 - 00000000 -
-[e] 010000f8 0000000c 0
-[f] 01000104 00000097
-[d] 01000100 17 01 - - - - 00000000 -
-[r] - - - -
-[e] 010000fc 00000000 0
-[f] 01000108 18508093
-[d] 01000104 13 01 01 - 0 - 00000185 -
-[r] 01 - 00000000 -
-[e] 01000100 01000100 0
-[w] 010000f8 1 03 0000000c
-[f] 0100010c 00108f03
-[d] 01000108 03 1e 01 - 0 - 00000001 -
-[r] 01 - 0100027e -
-[e] 01000104 01000285 0
-[w] 010000fc 1 04 00000000
-[f] 01000110 000f0313
-[d] 0100010c 13 06 1e - 0 - 00000000 -
-[r] 1e - 0100027e -
-[e] 01000108 01000286 0
-[w] 01000100 1 01 01000100
-[f] 01000110 000f0313
-[d] 0100010c 13 06 1e - 0 - 00000000 -
-[r] 1e - 0000000f -
-[e] 0100010c 0000000f 0
-[w] 01000104 1 01 01000285
-[f] 01000114 ff000e93
-[d] 01000110 13 1d 00 - 0 - fffffff0 -
-[r] 00 - 0000000f -
-[e] 0100010c fffffff0 0
-[w] 01000108 1 1e fffffff0
-[f] 01000118 13d31c63
-[d] 01000114 63 - 06 1d 1 - 00000138 -
-[r] 06 1d 00000000 00000000
-[e] 01000110 fffffff0 0
-[f] 0100011c 00120213
-[d] 01000118 13 04 04 - 0 - 00000001 -
-[r] 04 - 00000000 -
-[e] 01000114 0100024c 0
-[w] 0100010c 1 06 fffffff0
-[f] 01000120 00200293
-[d] 0100011c 13 05 00 - 0 - 00000002 -
-[r] 00 - 00000000 -
-[e] 01000118 00000001 0
-[w] 01000110 1 1d fffffff0
-[f] 01000124 fe5210e3
-[d] 01000120 63 - 04 05 1 - ffffffe0 -
-[r] 04 05 00000000 00000000
-[e] 0100011c 00000002 0
-[f] 01000128 00d00193
-[d] 01000124 13 03 00 - 0 - 0000000d -
-[r] 00 - 00000000 -
-[e] 01000120 01000100 1
-[w] 01000118 1 04 00000001
-[f] 01000104 00000097
-[d] 01000100 17 01 - - - - 00000000 -
-[r] - - - -
-[f] 01000108 18508093
-[d] 01000104 13 01 01 - 0 - 00000185 -
-[r] 01 - 00000000 -
-[e] 01000100 01000100 0
-[f] 0100010c 00108f03
-[d] 01000108 03 1e 01 - 0 - 00000001 -
-[r] 01 - 01000285 -
-[e] 01000104 01000285 0
-[f] 01000110 000f0313
-[d] 0100010c 13 06 1e - 0 - 00000000 -
-[r] 1e - 01000285 -
-[e] 01000108 01000286 0
-[w] 01000100 1 01 01000100
-[f] 01000110 000f0313
-[d] 0100010c 13 06 1e - 0 - 00000000 -
-[r] 1e - fffffff0 -
-[e] 0100010c fffffff0 0
-[w] 01000104 1 01 01000285
-[f] 01000114 ff000e93
-[d] 01000110 13 1d 00 - 0 - fffffff0 -
-[r] 00 - fffffff0 -
-[e] 0100010c fffffff0 0
-[w] 01000108 1 1e fffffff0
-[f] 01000118 13d31c63
-[d] 01000114 63 - 06 1d 1 - 00000138 -
-[r] 06 1d 00000000 00000000
-[e] 01000110 fffffff0 0
-[f] 0100011c 00120213
-[d] 01000118 13 04 04 - 0 - 00000001 -
-[r] 04 - fffffff0 -
-[e] 01000114 0100024c 0
-[w] 0100010c 1 06 fffffff0
-[f] 01000120 00200293
-[d] 0100011c 13 05 00 - 0 - 00000002 -
-[r] 00 - 00000001 -
-[e] 01000118 00000002 0
-[w] 01000110 1 1d fffffff0
-[f] 01000124 fe5210e3
-[d] 01000120 63 - 04 05 1 - ffffffe0 -
-[r] 04 05 00000000 00000000
-[e] 0100011c 00000002 0
-[f] 01000128 00d00193
-[d] 01000124 13 03 00 - 0 - 0000000d -
-[r] 00 - 00000001 -
-[e] 01000120 01000100 0
-[w] 01000118 1 04 00000002
-[f] 0100012c 00000213
-[d] 01000128 13 04 00 - 0 - 00000000 -
-[r] 00 - 00000000 -
-[e] 01000124 0000000d 0
-[w] 0100011c 1 05 00000002
-[f] 01000130 00000097
-[d] 0100012c 17 01 - - - - 00000000 -
-[r] - - - -
-[e] 01000128 00000000 0
-[f] 01000134 15a08093
-[d] 01000130 13 01 01 - 0 - 0000015a -
-[r] 01 - 00000000 -
-[e] 0100012c 0100012c 0
-[w] 01000124 1 03 0000000d
-[f] 01000138 00108f03
-[d] 01000134 03 1e 01 - 0 - 00000001 -
-[r] 01 - 01000285 -
-[e] 01000130 01000286 0
-[w] 01000128 1 04 00000000
-[f] 01000140 000f0313
-[d] 0100013c 13 06 1e - 0 - 00000000 -
-[r] 1e - 00000000 -
-[w] 01000130 1 01 01000286
-[f] 01000144 00f00e93
-[d] 01000140 13 1d 00 - 0 - 0000000f -
-[r] 00 - fffffff0 -
-[e] 0100013c 0000000f 0
-[w] 01000134 1 1e 0000000f
-[f] 01000148 11d31463
-[d] 01000144 63 - 06 1d 1 - 00000108 -
-[r] 06 1d 00000000 00000000
-[e] 01000140 0000000f 0
-[f] 0100014c 00120213
-[d] 01000148 13 04 04 - 0 - 00000001 -
-[r] 04 - fffffff0 -
-[e] 01000144 0100024c 0
-[w] 0100013c 1 06 0000000f
-[f] 01000150 00200293
-[d] 0100014c 13 05 00 - 0 - 00000002 -
-[r] 00 - 00000000 -
-[e] 01000148 00000001 0
-[w] 01000140 1 1d 0000000f
-[f] 01000154 fc521ee3
-[d] 01000150 63 - 04 05 1 - ffffffdc -
-[r] 04 05 00000000 00000000
-[e] 0100014c 00000002 0
-[f] 01000158 00e00193
-[d] 01000154 13 03 00 - 0 - 0000000e -
-[r] 00 - 00000000 -
-[e] 01000150 0100012c 1
-[w] 01000148 1 04 00000001
-[f] 01000130 00000097
-[d] 0100012c 17 01 - - - - 00000000 -
-[r] - - - -
-[f] 01000134 15a08093
-[d] 01000130 13 01 01 - 0 - 0000015a -
-[r] 01 - 00000000 -
-[e] 0100012c 0100012c 0
-[f] 01000138 00108f03
-[d] 01000134 03 1e 01 - 0 - 00000001 -
-[r] 01 - 01000286 -
-[e] 01000130 01000286 0
-[f] 01000140 000f0313
-[d] 0100013c 13 06 1e - 0 - 00000000 -
-[r] 1e - 00000000 -
-[w] 01000130 1 01 01000286
-[f] 01000144 00f00e93
-[d] 01000140 13 1d 00 - 0 - 0000000f -
-[r] 00 - 0000000f -
-[e] 0100013c 0000000f 0
-[w] 01000134 1 1e 0000000f
-[f] 01000148 11d31463
-[d] 01000144 63 - 06 1d 1 - 00000108 -
-[r] 06 1d 00000000 00000000
-[e] 01000140 0000000f 0
-[f] 0100014c 00120213
-[d] 01000148 13 04 04 - 0 - 00000001 -
-[r] 04 - 0000000f -
-[e] 01000144 0100024c 0
-[w] 0100013c 1 06 0000000f
-[f] 01000150 00200293
-[d] 0100014c 13 05 00 - 0 - 00000002 -
-[r] 00 - 00000001 -
-[e] 01000148 00000002 0
-[w] 01000140 1 1d 0000000f
-[f] 01000154 fc521ee3
-[d] 01000150 63 - 04 05 1 - ffffffdc -
-[r] 04 05 00000000 00000000
-[e] 0100014c 00000002 0
-[f] 01000158 00e00193
-[d] 01000154 13 03 00 - 0 - 0000000e -
-[r] 00 - 00000001 -
-[e] 01000150 0100012c 0
-[w] 01000148 1 04 00000002
-[f] 0100015c 00000213
-[d] 01000158 13 04 00 - 0 - 00000000 -
-[r] 00 - 00000000 -
-[e] 01000154 0000000e 0
-[w] 0100014c 1 05 00000002
-[f] 01000160 00000097
-[d] 0100015c 17 01 - - - - 00000000 -
-[r] - - - -
-[e] 01000158 00000000 0
-[f] 01000164 12808093
-[d] 01000160 13 01 01 - 0 - 00000128 -
-[r] 01 - 00000000 -
-[e] 0100015c 0100015c 0
-[w] 01000154 1 03 0000000e
-[f] 01000168 00108f03
-[d] 01000164 03 1e 01 - 0 - 00000001 -
-[r] 01 - 01000286 -
-[e] 01000160 01000284 0
-[w] 01000158 1 04 00000000
-[f] 01000174 000f0313
-[d] 01000170 13 06 1e - 0 - 00000000 -
-[r] 1e - 00000000 -
-[w] 01000164 1 1e 00000000
-[f] 01000174 000f0313
-[d] 01000170 13 06 1e - 0 - 00000000 -
-[r] 1e - 0000000f -
-[e] 01000170 0000000f 0
-[f] 01000178 00000e93
-[d] 01000174 13 1d 00 - 0 - 00000000 -
-[r] 00 - 00000000 -
-[e] 01000170 00000000 0
-[f] 0100017c 0dd31a63
-[d] 01000178 63 - 06 1d 1 - 000000d4 -
-[r] 06 1d 00000000 00000000
-[e] 01000174 00000000 0
-[f] 01000180 00120213
-[d] 0100017c 13 04 04 - 0 - 00000001 -
-[r] 04 - 0000000f -
-[e] 01000178 0100024c 0
-[w] 01000170 1 06 00000000
-[f] 01000184 00200293
-[d] 01000180 13 05 00 - 0 - 00000002 -
-[r] 00 - 00000000 -
-[e] 0100017c 00000001 0
-[w] 01000174 1 1d 00000000
-[f] 01000188 fc521ce3
-[d] 01000184 63 - 04 05 1 - ffffffd8 -
-[r] 04 05 00000000 00000000
-[e] 01000180 00000002 0
-[f] 0100018c 00f00193
-[d] 01000188 13 03 00 - 0 - 0000000f -
-[r] 00 - 00000000 -
-[e] 01000184 0100015c 1
-[w] 0100017c 1 04 00000001
-[f] 01000160 00000097
-[d] 0100015c 17 01 - - - - 00000000 -
-[r] - - - -
-[f] 01000164 12808093
-[d] 01000160 13 01 01 - 0 - 00000128 -
-[r] 01 - 00000000 -
-[e] 0100015c 0100015c 0
-[f] 01000168 00108f03
-[d] 01000164 03 1e 01 - 0 - 00000001 -
-[r] 01 - 01000284 -
-[e] 01000160 01000284 0
-[f] 01000174 000f0313
-[d] 01000170 13 06 1e - 0 - 00000000 -
-[r] 1e - 00000000 -
-[w] 01000164 1 1e 00000000
-[f] 01000174 000f0313
-[d] 01000170 13 06 1e - 0 - 00000000 -
-[r] 1e - 00000000 -
-[e] 01000170 00000000 0
-[f] 01000178 00000e93
-[d] 01000174 13 1d 00 - 0 - 00000000 -
-[r] 00 - 00000000 -
-[e] 01000170 00000000 0
-[f] 0100017c 0dd31a63
-[d] 01000178 63 - 06 1d 1 - 000000d4 -
-[r] 06 1d 00000000 00000000
-[e] 01000174 00000000 0
-[f] 01000180 00120213
-[d] 0100017c 13 04 04 - 0 - 00000001 -
-[r] 04 - 00000000 -
-[e] 01000178 0100024c 0
-[w] 01000170 1 06 00000000
-[f] 01000184 00200293
-[d] 01000180 13 05 00 - 0 - 00000002 -
-[r] 00 - 00000001 -
-[e] 0100017c 00000002 0
-[w] 01000174 1 1d 00000000
-[f] 01000188 fc521ce3
-[d] 01000184 63 - 04 05 1 - ffffffd8 -
-[r] 04 05 00000000 00000000
-[e] 01000180 00000002 0
-[f] 0100018c 00f00193
-[d] 01000188 13 03 00 - 0 - 0000000f -
-[r] 00 - 00000001 -
-[e] 01000184 0100015c 0
-[w] 0100017c 1 04 00000002
-[f] 01000190 00000213
-[d] 0100018c 13 04 00 - 0 - 00000000 -
-[r] 00 - 00000000 -
-[e] 01000188 0000000f 0
-[w] 01000180 1 05 00000002
-[f] 01000194 00000097
-[d] 01000190 17 01 - - - - 00000000 -
-[r] - - - -
-[e] 0100018c 00000000 0
-[f] 01000198 0f508093
-[d] 01000194 13 01 01 - 0 - 000000f5 -
-[r] 01 - 00000000 -
-[e] 01000190 01000190 0
-[w] 01000188 1 03 0000000f
-[f] 0100019c 00108f03
-[d] 01000198 03 1e 01 - 0 - 00000001 -
-[r] 01 - 01000284 -
-[e] 01000194 01000285 0
-[w] 0100018c 1 04 00000000
-[f] 010001a0 ff000e93
-[d] 0100019c 13 1d 00 - 0 - fffffff0 -
-[r] 00 - 01000284 -
-[e] 01000198 01000286 0
-[w] 01000190 1 01 01000190
-[f] 010001a4 0bdf1663
-[d] 010001a0 63 - 1e 1d 1 - 000000ac -
-[r] 1e 1d 00000000 00000000
-[e] 0100019c fffffff0 0
-[w] 01000194 1 01 01000285
-[f] 010001a8 00120213
-[d] 010001a4 13 04 04 - 0 - 00000001 -
-[r] 04 - 00000000 -
-[e] 010001a0 0100024c 0
-[w] 01000198 1 1e fffffff0
-[f] 010001ac 00200293
-[d] 010001a8 13 05 00 - 0 - 00000002 -
-[r] 00 - 00000000 -
-[e] 010001a4 00000001 0
-[w] 0100019c 1 1d fffffff0
-[f] 010001b0 fe5212e3
-[d] 010001ac 63 - 04 05 1 - ffffffe4 -
-[r] 04 05 00000000 00000000
-[e] 010001a8 00000002 0
-[f] 010001b4 01000193
-[d] 010001b0 13 03 00 - 0 - 00000010 -
-[r] 00 - 00000000 -
-[e] 010001ac 01000190 1
-[w] 010001a4 1 04 00000001
-[f] 01000194 00000097
-[d] 01000190 17 01 - - - - 00000000 -
-[r] - - - -
-[f] 01000198 0f508093
-[d] 01000194 13 01 01 - 0 - 000000f5 -
-[r] 01 - 00000000 -
-[e] 01000190 01000190 0
-[f] 0100019c 00108f03
-[d] 01000198 03 1e 01 - 0 - 00000001 -
-[r] 01 - 01000285 -
-[e] 01000194 01000285 0
-[f] 010001a0 ff000e93
-[d] 0100019c 13 1d 00 - 0 - fffffff0 -
-[r] 00 - 01000285 -
-[e] 01000198 01000286 0
-[w] 01000190 1 01 01000190
-[f] 010001a4 0bdf1663
-[d] 010001a0 63 - 1e 1d 1 - 000000ac -
-[r] 1e 1d 00000000 00000000
-[e] 0100019c fffffff0 0
-[w] 01000194 1 01 01000285
-[f] 010001a8 00120213
-[d] 010001a4 13 04 04 - 0 - 00000001 -
-[r] 04 - fffffff0 -
-[e] 010001a0 0100024c 0
-[w] 01000198 1 1e fffffff0
-[f] 010001ac 00200293
-[d] 010001a8 13 05 00 - 0 - 00000002 -
-[r] 00 - 00000001 -
-[e] 010001a4 00000002 0
-[w] 0100019c 1 1d fffffff0
-[f] 010001b0 fe5212e3
-[d] 010001ac 63 - 04 05 1 - ffffffe4 -
-[r] 04 05 00000000 00000000
-[e] 010001a8 00000002 0
-[f] 010001b4 01000193
-[d] 010001b0 13 03 00 - 0 - 00000010 -
-[r] 00 - 00000001 -
-[e] 010001ac 01000190 0
-[w] 010001a4 1 04 00000002
-[f] 010001b8 00000213
-[d] 010001b4 13 04 00 - 0 - 00000000 -
-[r] 00 - 00000000 -
-[e] 010001b0 00000010 0
-[w] 010001a8 1 05 00000002
-[f] 010001bc 00000097
-[d] 010001b8 17 01 - - - - 00000000 -
-[r] - - - -
-[e] 010001b4 00000000 0
-[f] 010001c0 0ce08093
-[d] 010001bc 13 01 01 - 0 - 000000ce -
-[r] 01 - 00000000 -
-[e] 010001b8 010001b8 0
-[w] 010001b0 1 03 00000010
-[f] 010001c8 00108f03
-[d] 010001c4 03 1e 01 - 0 - 00000001 -
-[r] 01 - 00000000 -
-[w] 010001b8 1 01 010001b8
-[f] 010001cc 00f00e93
-[d] 010001c8 13 1d 00 - 0 - 0000000f -
-[r] 00 - 01000285 -
-[e] 010001c4 01000287 0
-[w] 010001bc 1 01 01000286
-[f] 010001d0 09df1063
-[d] 010001cc 63 - 1e 1d 1 - 00000080 -
-[r] 1e 1d 00000000 00000000
-[e] 010001c8 0000000f 0
-[f] 010001d4 00120213
-[d] 010001d0 13 04 04 - 0 - 00000001 -
-[r] 04 - fffffff0 -
-[e] 010001cc 0100024c 0
-[w] 010001c4 1 1e 0000000f
-[f] 010001d8 00200293
-[d] 010001d4 13 05 00 - 0 - 00000002 -
-[r] 00 - 00000000 -
-[e] 010001d0 00000001 0
-[w] 010001c8 1 1d 0000000f
-[f] 010001dc fe5210e3
-[d] 010001d8 63 - 04 05 1 - ffffffe0 -
-[r] 04 05 00000000 00000000
-[e] 010001d4 00000002 0
-[f] 010001e0 01100193
-[d] 010001dc 13 03 00 - 0 - 00000011 -
-[r] 00 - 00000000 -
-[e] 010001d8 010001b8 1
-[w] 010001d0 1 04 00000001
-[f] 010001bc 00000097
-[d] 010001b8 17 01 - - - - 00000000 -
-[r] - - - -
-[f] 010001c0 0ce08093
-[d] 010001bc 13 01 01 - 0 - 000000ce -
-[r] 01 - 00000000 -
-[e] 010001b8 010001b8 0
-[f] 010001c8 00108f03
-[d] 010001c4 03 1e 01 - 0 - 00000001 -
-[r] 01 - 00000000 -
-[w] 010001b8 1 01 010001b8
-[f] 010001cc 00f00e93
-[d] 010001c8 13 1d 00 - 0 - 0000000f -
-[r] 00 - 01000286 -
-[e] 010001c4 01000287 0
-[w] 010001bc 1 01 01000286
-[f] 010001d0 09df1063
-[d] 010001cc 63 - 1e 1d 1 - 00000080 -
-[r] 1e 1d 00000000 00000000
-[e] 010001c8 0000000f 0
-[f] 010001d4 00120213
-[d] 010001d0 13 04 04 - 0 - 00000001 -
-[r] 04 - 0000000f -
-[e] 010001cc 0100024c 0
-[w] 010001c4 1 1e 0000000f
-[f] 010001d8 00200293
-[d] 010001d4 13 05 00 - 0 - 00000002 -
-[r] 00 - 00000001 -
-[e] 010001d0 00000002 0
-[w] 010001c8 1 1d 0000000f
-[f] 010001dc fe5210e3
-[d] 010001d8 63 - 04 05 1 - ffffffe0 -
-[r] 04 05 00000000 00000000
-[e] 010001d4 00000002 0
-[f] 010001e0 01100193
-[d] 010001dc 13 03 00 - 0 - 00000011 -
-[r] 00 - 00000001 -
-[e] 010001d8 010001b8 0
-[w] 010001d0 1 04 00000002
-[f] 010001e4 00000213
-[d] 010001e0 13 04 00 - 0 - 00000000 -
-[r] 00 - 00000000 -
-[e] 010001dc 00000011 0
-[w] 010001d4 1 05 00000002
-[f] 010001e8 00000097
-[d] 010001e4 17 01 - - - - 00000000 -
+[d] 0100001c 17 01 - - - - 00000000 -
 [r] - - - -
-[e] 010001e0 00000000 0
-[f] 010001ec 0a008093
-[d] 010001e8 13 01 01 - 0 - 000000a0 -
-[r] 01 - 00000000 -
-[e] 010001e4 010001e4 0
-[w] 010001dc 1 03 00000011
-[f] 010001f8 00108f03
-[d] 010001f4 03 1e 01 - 0 - 00000001 -
-[r] 01 - 00000000 -
-[w] 010001e8 1 01 01000284
-[f] 010001f8 00108f03
-[d] 010001f4 03 1e 01 - 0 - 00000001 -
-[r] 01 - 010001e4 -
-[e] 010001f4 010001e4 0
-[f] 010001fc 00000e93
-[d] 010001f8 13 1d 00 - 0 - 00000000 -
-[r] 00 - 01000284 -
-[e] 010001f4 01000285 0
-[f] 01000200 05df1863
-[d] 010001fc 63 - 1e 1d 1 - 00000050 -
-[r] 1e 1d 00000000 00000000
-[e] 010001f8 00000000 0
-[f] 01000204 00120213
-[d] 01000200 13 04 04 - 0 - 00000001 -
-[r] 04 - 0000000f -
-[e] 010001fc 0100024c 0
-[w] 010001f4 1 1e 00000000
-[f] 01000208 00200293
-[d] 01000204 13 05 00 - 0 - 00000002 -
-[r] 00 - 00000000 -
-[e] 01000200 00000001 0
-[w] 010001f8 1 1d 00000000
-[f] 0100020c fc521ee3
-[d] 01000208 63 - 04 05 1 - ffffffdc -
-[r] 04 05 00000000 00000000
-[e] 01000204 00000002 0
-[f] 01000210 00000297
-[d] 0100020c 17 05 - - - - 00000000 -
-[r] - - - -
-[e] 01000208 010001e4 1
-[w] 01000200 1 04 00000001
-[f] 010001e8 00000097
-[d] 010001e4 17 01 - - - - 00000000 -
-[r] - - - -
-[f] 010001ec 0a008093
-[d] 010001e8 13 01 01 - 0 - 000000a0 -
-[r] 01 - 00000000 -
-[e] 010001e4 010001e4 0
-[f] 010001f8 00108f03
-[d] 010001f4 03 1e 01 - 0 - 00000001 -
-[r] 01 - 00000000 -
-[w] 010001e8 1 01 01000284
-[f] 010001f8 00108f03
-[d] 010001f4 03 1e 01 - 0 - 00000001 -
-[r] 01 - 010001e4 -
-[e] 010001f4 010001e4 0
-[f] 010001fc 00000e93
-[d] 010001f8 13 1d 00 - 0 - 00000000 -
-[r] 00 - 01000284 -
-[e] 010001f4 01000285 0
-[f] 01000200 05df1863
-[d] 010001fc 63 - 1e 1d 1 - 00000050 -
-[r] 1e 1d 00000000 00000000
-[e] 010001f8 00000000 0
-[f] 01000204 00120213
-[d] 01000200 13 04 04 - 0 - 00000001 -
-[r] 04 - 00000000 -
-[e] 010001fc 0100024c 0
-[w] 010001f4 1 1e 00000000
-[f] 01000208 00200293
-[d] 01000204 13 05 00 - 0 - 00000002 -
-[r] 00 - 00000001 -
-[e] 01000200 00000002 0
-[w] 010001f8 1 1d 00000000
-[f] 0100020c fc521ee3
-[d] 01000208 63 - 04 05 1 - ffffffdc -
-[r] 04 05 00000000 00000000
-[e] 01000204 00000002 0
-[f] 01000210 00000297
-[d] 0100020c 17 05 - - - - 00000000 -
-[r] - - - -
-[e] 01000208 010001e4 0
-[w] 01000200 1 04 00000002
-[f] 01000214 07828293
-[d] 01000210 13 05 05 - 0 - 00000078 -
-[r] 05 - 00000000 -
-[e] 0100020c 0100020c 0
-[w] 01000204 1 05 00000002
-[f] 01000218 00028103
-[d] 01000214 03 02 05 - 0 - 00000000 -
-[r] 05 - 00000002 -
-[e] 01000210 01000284 0
-[f] 0100021c 00200113
-[d] 01000218 13 02 00 - 0 - 00000002 -
-[r] 00 - 00000002 -
-[e] 01000214 01000284 0
-[w] 0100020c 1 05 0100020c
-[f] 01000220 00200e93
-[d] 0100021c 13 1d 00 - 0 - 00000002 -
-[r] 00 - 00000000 -
-[e] 01000218 00000002 0
-[w] 01000210 1 05 01000284
-[f] 01000224 01200193
-[d] 01000220 13 03 00 - 0 - 00000012 -
-[r] 00 - 00000000 -
-[e] 0100021c 00000002 0
-[w] 01000214 1 02 ffffffff
-[f] 01000228 03d11463
-[d] 01000224 63 - 02 1d 1 - 00000028 -
-[r] 02 1d 00000000 00000000
-[e] 01000220 00000012 0
-[w] 01000218 1 02 00000002
-[f] 01000228 03d11463
-[d] 01000224 63 - 02 1d 1 - 00000028 -
-[r] 02 1d ffffffff 00000000
-[e] 01000224 ffffffff 0
-[w] 0100021c 1 1d 00000002
-[f] 01000228 03d11463
-[d] 01000224 63 - 02 1d 1 - 00000028 -
-[r] 02 1d 00000002 00000000
-[e] 01000224 00000002 0
-[w] 01000220 1 03 00000012
-[f] 0100022c 00000297
-[d] 01000228 17 05 - - - - 00000000 -
-[r] - - - -
-[e] 01000224 0100024c 0
-[f] 01000230 05c28293
-[d] 0100022c 13 05 05 - 0 - 0000005c -
-[r] 05 - 00000000 -
-[e] 01000228 01000228 0
-[f] 01000234 00028103
-[d] 01000230 03 02 05 - 0 - 00000000 -
-[r] 05 - 01000284 -
-[e] 0100022c 01000284 0
-[f] 0100023c 00200113
-[d] 01000238 13 02 00 - 0 - 00000002 -
-[r] 00 - 00000000 -
-[w] 0100022c 1 05 01000284
-[f] 01000240 00200e93
-[d] 0100023c 13 1d 00 - 0 - 00000002 -
-[r] 00 - 00000000 -
-[e] 01000238 00000002 0
-[w] 01000230 1 02 ffffffff
-[f] 01000244 01300193
-[d] 01000240 13 03 00 - 0 - 00000013 -
-[r] 00 - 00000000 -
-[e] 0100023c 00000002 0
-[f] 01000248 01d11463
-[d] 01000244 63 - 02 1d 1 - 00000008 -
-[r] 02 1d 00000000 00000000
-[e] 01000240 00000013 0
-[w] 01000238 1 02 00000002
-[f] 01000248 01d11463
-[d] 01000244 63 - 02 1d 1 - 00000008 -
-[r] 02 1d ffffffff 00000002
-[e] 01000244 ffffffff 0
-[w] 0100023c 1 1d 00000002
-[f] 01000248 01d11463
-[d] 01000244 63 - 02 1d 1 - 00000008 -
-[r] 02 1d 00000002 00000002
-[e] 01000244 00000002 0
-[w] 01000240 1 03 00000013
-[f] 0100024c 00301c63
-[d] 01000248 63 - 00 03 1 - 00000018 -
-[r] 00 03 00000002 00000002
-[e] 01000244 0100024c 0
-[f] 01000268 00100193
-[d] 01000264 13 03 00 - 0 - 00000001 -
-[r] 00 - 00000000 -
-[e] 01000260 00000000 0
+[e] 01000018 01000250 1
+[f] 01000254 00018063
+[d] 01000250 03 1e 01 - 0 - 00000001 -
+[r] 01 - 00000000 -
+[f] 01000258 00119193
+[d] 01000254 63 - 03 00 0 - 00000000 -
+[r] 03 00 01000288 00000000
+[e] 01000250 00000001 0
+[f] 0100025c 0011e193
+[d] 01000258 13 03 03 - 1 - 00000000 -
+[r] 03 - 00000002 -
+[e] 01000254 01000254 0
+[f] 01000260 00000073
+[d] 0100025c 13 03 03 - 6 - 00000001 -
+[r] 03 - 00000002 -
+[e] 01000258 00000002 0
+[w] 01000250 1 1e ffffff97
