--- /tmp/tmp.Vkr16diOHj	2025-11-28 17:09:54.404378094 -0500
+++ /tmp/tmp.VQVdWxeZ0I	2025-11-28 17:09:54.413378135 -0500
@@ -1,147 +1,74 @@
-[f] 01000004 000000b7
-[d] 01000000 37 01 - - - - 00000000 -
-[r] - - - -
 [f] 01000008 00000e93
-[d] 01000004 13 1d 00 - 0 - 00000000 -
-[r] 00 - 00000000 -
+[d] 01000004 37 01 - - - - 00000000 -
+[r] - - - -
 [e] 01000000 00000000 0
 [f] 0100000c 00200193
-[d] 01000008 13 03 00 - 0 - 00000002 -
+[d] 01000008 13 1d 00 - 0 - 00000000 -
 [r] 00 - 00000000 -
 [e] 01000004 00000000 0
 [f] 01000010 05d09a63
-[d] 0100000c 63 - 01 1d 1 - 00000054 -
-[r] 01 1d 00000000 00000000
-[e] 01000008 00000002 0
-[w] 01000000 1 01 00000000
-[f] 01000010 05d09a63
-[d] 0100000c 63 - 01 1d 1 - 00000054 -
+[d] 0100000c 13 03 00 - 0 - 00000002 -
+[r] 00 - 00000000 -
+[e] 01000008 00000000 0
+[f] 01000014 fffff0b7
+[d] 01000010 63 - 01 1d 1 - 00000054 -
 [r] 01 1d 00000000 00000000
-[e] 0100000c 00000000 0
-[w] 01000004 1 1d 00000000
-[f] 01000010 05d09a63
-[d] 0100000c 63 - 01 1d 1 - 00000054 -
+[e] 0100000c 00000002 0
+[w] 01000004 1 01 00000000
+[f] 01000014 fffff0b7
+[d] 01000010 63 - 01 1d 1 - 00000054 -
 [r] 01 1d 00000000 00000000
-[e] 0100000c 00000000 0
-[w] 01000008 1 03 00000002
+[e] 01000010 00000000 0
+[w] 01000008 1 1d 00000000
 [f] 01000014 fffff0b7
-[d] 01000010 37 01 - - - - fffff000 -
-[r] - - - -
-[e] 0100000c 01000060 0
+[d] 01000010 63 - 01 1d 1 - 00000054 -
+[r] 01 1d 00000000 00000000
+[e] 01000010 00000000 0
+[w] 0100000c 1 03 00000002
 [f] 01000018 4010d093
-[d] 01000014 13 01 01 - 5 - 00000001 -
-[r] 01 - 00000000 -
-[e] 01000010 fffff000 1
+[d] 01000014 37 01 - - - - fffff000 -
+[r] - - - -
+[e] 01000010 01000064 0
 [f] 0100001c 80000e93
-[d] 01000018 13 1d 00 - 0 - fffff800 -
-[r] 00 - 00000000 -
-[e] 01000014 fffff800 0
+[d] 01000018 13 01 01 - 5 - 00000000 -
+[r] 01 - 00000000 -
+[e] 01000014 fffff000 0
 [f] 01000020 00300193
-[d] 0100001c 13 03 00 - 0 - 00000003 -
+[d] 0100001c 13 1d 00 - 0 - fffff800 -
 [r] 00 - 00000000 -
-[e] 01000018 fffff800 0
-[w] 01000010 1 01 fffff000
+[e] 01000018 fffff000 0
 [f] 01000024 05d09063
-[d] 01000020 63 - 01 1d 1 - 00000040 -
+[d] 01000020 13 03 00 - 0 - 00000003 -
+[r] 00 - 00000000 -
+[e] 0100001c fffff800 0
+[w] 01000014 1 01 fffff000
+[f] 01000028 7ffff0b7
+[d] 01000024 63 - 01 1d 1 - 00000040 -
 [r] 01 1d 00000000 00000000
-[e] 0100001c 00000003 0
-[w] 01000014 1 01 fffff800
-[f] 01000024 05d09063
-[d] 01000020 63 - 01 1d 1 - 00000040 -
+[e] 01000020 00000003 0
+[w] 01000018 1 01 fffff000
+[f] 01000028 7ffff0b7
+[d] 01000024 63 - 01 1d 1 - 00000040 -
 [r] 01 1d fffff000 00000000
-[e] 01000020 fffff000 0
-[w] 01000018 1 1d fffff800
-[f] 01000024 05d09063
-[d] 01000020 63 - 01 1d 1 - 00000040 -
-[r] 01 1d fffff800 00000000
-[e] 01000020 fffff800 0
-[w] 0100001c 1 03 00000003
+[e] 01000024 00000000 0
+[w] 0100001c 1 1d fffff800
 [f] 01000028 7ffff0b7
-[d] 01000024 37 01 - - - - 7ffff000 -
-[r] - - - -
-[e] 01000020 01000060 0
+[d] 01000024 63 - 01 1d 1 - 00000040 -
+[r] 01 1d fffff000 00000000
+[e] 01000024 00000000 0
+[w] 01000020 1 03 00000003
 [f] 0100002c 4140d093
-[d] 01000028 13 01 01 - 5 - 00000014 -
-[r] 01 - 00000000 -
-[e] 01000024 7ffff000 1
-[f] 01000030 7ff00e93
-[d] 0100002c 13 1d 00 - 0 - 000007ff -
-[r] 00 - fffff800 -
-[e] 01000028 000007ff 1
-[f] 01000034 00400193
-[d] 01000030 13 03 00 - 0 - 00000004 -
-[r] 00 - 00000000 -
-[e] 0100002c 000007ff 0
-[w] 01000024 1 01 7ffff000
-[f] 01000038 03d09663
-[d] 01000034 63 - 01 1d 1 - 0000002c -
-[r] 01 1d 00000000 00000000
-[e] 01000030 00000004 0
-[w] 01000028 1 01 000007ff
-[f] 01000038 03d09663
-[d] 01000034 63 - 01 1d 1 - 0000002c -
-[r] 01 1d 7ffff000 fffff800
-[e] 01000034 7ffff000 0
-[w] 0100002c 1 1d 000007ff
-[f] 01000038 03d09663
-[d] 01000034 63 - 01 1d 1 - 0000002c -
-[r] 01 1d 000007ff fffff800
-[e] 01000034 000007ff 0
-[w] 01000030 1 03 00000004
-[f] 0100003c 800000b7
-[d] 01000038 37 01 - - - - 80000000 -
-[r] - - - -
-[e] 01000034 01000060 0
-[f] 01000040 4140d093
-[d] 0100003c 13 01 01 - 5 - 00000014 -
-[r] 01 - 00000000 -
-[e] 01000038 80000000 0
-[f] 01000044 80000e93
-[d] 01000040 13 1d 00 - 0 - fffff800 -
-[r] 00 - 000007ff -
-[e] 0100003c fffff800 0
-[f] 01000048 00500193
-[d] 01000044 13 03 00 - 0 - 00000005 -
-[r] 00 - 00000000 -
-[e] 01000040 fffff800 0
-[w] 01000038 1 01 80000000
-[f] 0100004c 01d09c63
-[d] 01000048 63 - 01 1d 1 - 00000018 -
-[r] 01 1d 00000000 00000000
-[e] 01000044 00000005 0
-[w] 0100003c 1 01 fffff800
-[f] 0100004c 01d09c63
-[d] 01000048 63 - 01 1d 1 - 00000018 -
-[r] 01 1d 80000000 000007ff
-[e] 01000048 80000000 0
-[w] 01000040 1 1d fffff800
-[f] 0100004c 01d09c63
-[d] 01000048 63 - 01 1d 1 - 00000018 -
-[r] 01 1d fffff800 000007ff
-[e] 01000048 fffff800 0
-[w] 01000044 1 03 00000005
-[f] 01000050 80000037
-[d] 0100004c 37 00 - - - - 80000000 -
+[d] 01000028 37 01 - - - - 7ffff000 -
 [r] - - - -
-[e] 01000048 01000060 0
-[f] 01000054 00000e93
-[d] 01000050 13 1d 00 - 0 - 00000000 -
-[r] 00 - 00000000 -
-[e] 0100004c 80000000 0
-[f] 01000058 00600193
-[d] 01000054 13 03 00 - 0 - 00000006 -
-[r] 00 - 00000000 -
-[e] 01000050 00000000 0
-[f] 0100005c 01d01463
-[d] 01000058 63 - 00 1d 1 - 00000008 -
-[r] 00 1d 00000000 00000000
-[e] 01000054 00000006 0
-[f] 01000060 00301c63
-[d] 0100005c 63 - 00 03 1 - 00000018 -
-[r] 00 03 00000000 fffff800
-[e] 01000058 01000060 0
-[w] 01000050 1 1d 00000000
-[f] 0100007c 00100193
-[d] 01000078 13 03 00 - 0 - 00000001 -
-[r] 00 - 00000000 -
-[e] 01000074 00000000 0
+[e] 01000024 01000064 1
+[f] 01000068 00018063
+[d] 01000064 13 1d 00 - 0 - 000007ff -
+[r] 00 - 00000000 -
+[f] 0100006c 00119193
+[d] 01000068 63 - 03 00 0 - 00000000 -
+[r] 03 00 00000000 00000000
+[e] 01000064 000007ff 0
+[f] 01000070 0011e193
+[d] 0100006c 13 03 03 - 1 - 00000000 -
+[r] 03 - 00000003 -
+[e] 01000068 01000068 1
