--- /tmp/tmp.grpGzaobZa	2025-11-28 17:09:55.107381276 -0500
+++ /tmp/tmp.yAF9dzkTba	2025-11-28 17:09:55.116381317 -0500
@@ -1,1039 +1,111 @@
-[f] 01000004 00000093
-[d] 01000000 13 01 00 - 0 - 00000000 -
-[r] 00 - 00000000 -
 [f] 01000008 0000bf13
-[d] 01000004 13 1e 01 - 3 - 00000000 -
-[r] 01 - 00000000 -
+[d] 01000004 13 01 00 - 0 - 00000000 -
+[r] 00 - 00000000 -
 [e] 01000000 00000000 0
 [f] 0100000c 00000e93
-[d] 01000008 13 1d 00 - 0 - 00000000 -
-[r] 00 - 00000000 -
+[d] 01000008 13 1e 01 - 3 - 00000000 -
+[r] 01 - 00000000 -
 [e] 01000004 00000000 0
 [f] 01000010 00200193
-[d] 0100000c 13 03 00 - 0 - 00000002 -
+[d] 0100000c 13 1d 00 - 0 - 00000000 -
 [r] 00 - 00000000 -
 [e] 01000008 00000000 0
-[w] 01000000 1 01 00000000
 [f] 01000014 27df1263
-[d] 01000010 63 - 1e 1d 1 - 00000264 -
-[r] 1e 1d 00000000 00000000
-[e] 0100000c 00000002 0
-[w] 01000004 1 1e 00000000
-[f] 01000014 27df1263
-[d] 01000010 63 - 1e 1d 1 - 00000264 -
+[d] 01000010 13 03 00 - 0 - 00000002 -
+[r] 00 - 00000000 -
+[e] 0100000c 00000000 0
+[w] 01000004 1 01 00000000
+[f] 01000018 00100093
+[d] 01000014 63 - 1e 1d 1 - 00000264 -
 [r] 1e 1d 00000000 00000000
-[e] 01000010 00000000 0
-[w] 01000008 1 1d 00000000
-[f] 01000014 27df1263
-[d] 01000010 63 - 1e 1d 1 - 00000264 -
+[e] 01000010 00000002 0
+[w] 01000008 1 1e 00000000
+[f] 01000018 00100093
+[d] 01000014 63 - 1e 1d 1 - 00000264 -
 [r] 1e 1d 00000000 00000000
-[e] 01000010 00000000 0
-[w] 0100000c 1 03 00000002
+[e] 01000014 00000000 0
+[w] 0100000c 1 1d 00000000
 [f] 01000018 00100093
-[d] 01000014 13 01 00 - 0 - 00000001 -
-[r] 00 - 00000000 -
-[e] 01000010 01000274 0
+[d] 01000014 63 - 1e 1d 1 - 00000264 -
+[r] 1e 1d 00000000 00000000
+[e] 01000014 00000000 0
+[w] 01000010 1 03 00000002
 [f] 0100001c 0010bf13
-[d] 01000018 13 1e 01 - 3 - 00000001 -
-[r] 01 - 00000000 -
-[e] 01000014 00000001 0
-[f] 01000020 00000e93
-[d] 0100001c 13 1d 00 - 0 - 00000000 -
+[d] 01000018 13 01 00 - 0 - 00000001 -
 [r] 00 - 00000000 -
-[e] 01000018 00000000 0
+[e] 01000014 01000278 0
+[f] 01000020 00000e93
+[d] 0100001c 13 1e 01 - 3 - 00000001 -
+[r] 01 - 00000000 -
+[e] 01000018 00000001 0
 [f] 01000024 00300193
-[d] 01000020 13 03 00 - 0 - 00000003 -
+[d] 01000020 13 1d 00 - 0 - 00000000 -
 [r] 00 - 00000000 -
 [e] 0100001c 00000000 0
-[w] 01000014 1 01 00000001
-[f] 01000028 25df1863
-[d] 01000024 63 - 1e 1d 1 - 00000250 -
-[r] 1e 1d 00000000 00000000
-[e] 01000020 00000003 0
-[w] 01000018 1 1e 00000000
 [f] 01000028 25df1863
-[d] 01000024 63 - 1e 1d 1 - 00000250 -
+[d] 01000024 13 03 00 - 0 - 00000003 -
+[r] 00 - 00000000 -
+[e] 01000020 00000000 0
+[w] 01000018 1 01 00000001
+[f] 0100002c 00300093
+[d] 01000028 63 - 1e 1d 1 - 00000250 -
 [r] 1e 1d 00000000 00000000
-[e] 01000024 00000000 0
-[w] 0100001c 1 1d 00000000
-[f] 01000028 25df1863
-[d] 01000024 63 - 1e 1d 1 - 00000250 -
+[e] 01000024 00000003 0
+[w] 0100001c 1 1e 00000000
+[f] 0100002c 00300093
+[d] 01000028 63 - 1e 1d 1 - 00000250 -
 [r] 1e 1d 00000000 00000000
-[e] 01000024 00000000 0
-[w] 01000020 1 03 00000003
+[e] 01000028 00000000 0
+[w] 01000020 1 1d 00000000
 [f] 0100002c 00300093
-[d] 01000028 13 01 00 - 0 - 00000003 -
-[r] 00 - 00000000 -
-[e] 01000024 01000274 0
+[d] 01000028 63 - 1e 1d 1 - 00000250 -
+[r] 1e 1d 00000000 00000000
+[e] 01000028 00000000 0
+[w] 01000024 1 03 00000003
 [f] 01000030 0070bf13
-[d] 0100002c 13 1e 01 - 3 - 00000007 -
-[r] 01 - 00000000 -
-[e] 01000028 00000003 0
+[d] 0100002c 13 01 00 - 0 - 00000003 -
+[r] 00 - 00000000 -
+[e] 01000028 01000278 0
 [f] 01000034 00100e93
-[d] 01000030 13 1d 00 - 0 - 00000001 -
-[r] 00 - 00000001 -
-[e] 0100002c 00000001 0
+[d] 01000030 13 1e 01 - 3 - 00000007 -
+[r] 01 - 00000000 -
+[e] 0100002c 00000003 0
 [f] 01000038 00400193
-[d] 01000034 13 03 00 - 0 - 00000004 -
-[r] 00 - 00000000 -
+[d] 01000034 13 1d 00 - 0 - 00000001 -
+[r] 00 - 00000001 -
 [e] 01000030 00000001 0
-[w] 01000028 1 01 00000003
 [f] 0100003c 23df1e63
-[d] 01000038 63 - 1e 1d 1 - 0000023c -
-[r] 1e 1d 00000000 00000000
-[e] 01000034 00000004 0
-[w] 0100002c 1 1e 00000001
-[f] 0100003c 23df1e63
-[d] 01000038 63 - 1e 1d 1 - 0000023c -
-[r] 1e 1d 00000000 00000000
-[e] 01000038 00000000 0
-[w] 01000030 1 1d 00000001
-[f] 0100003c 23df1e63
-[d] 01000038 63 - 1e 1d 1 - 0000023c -
-[r] 1e 1d 00000001 00000000
-[e] 01000038 00000001 0
-[w] 01000034 1 03 00000004
-[f] 01000040 00700093
-[d] 0100003c 13 01 00 - 0 - 00000007 -
-[r] 00 - 00000001 -
-[e] 01000038 01000274 0
-[f] 01000044 0030bf13
-[d] 01000040 13 1e 01 - 3 - 00000003 -
-[r] 01 - 00000000 -
-[e] 0100003c 00000007 0
-[f] 01000048 00000e93
-[d] 01000044 13 1d 00 - 0 - 00000000 -
-[r] 00 - 00000003 -
-[e] 01000040 00000000 0
-[f] 0100004c 00500193
-[d] 01000048 13 03 00 - 0 - 00000005 -
-[r] 00 - 00000000 -
-[e] 01000044 00000000 0
-[w] 0100003c 1 01 00000007
-[f] 01000050 23df1463
-[d] 0100004c 63 - 1e 1d 1 - 00000228 -
-[r] 1e 1d 00000000 00000000
-[e] 01000048 00000005 0
-[w] 01000040 1 1e 00000000
-[f] 01000050 23df1463
-[d] 0100004c 63 - 1e 1d 1 - 00000228 -
-[r] 1e 1d 00000001 00000001
-[e] 0100004c 00000001 0
-[w] 01000044 1 1d 00000000
-[f] 01000050 23df1463
-[d] 0100004c 63 - 1e 1d 1 - 00000228 -
-[r] 1e 1d 00000000 00000001
-[e] 0100004c 00000000 0
-[w] 01000048 1 03 00000005
-[f] 01000054 00000093
-[d] 01000050 13 01 00 - 0 - 00000000 -
+[d] 01000038 13 03 00 - 0 - 00000004 -
 [r] 00 - 00000000 -
-[e] 0100004c 01000274 0
-[f] 01000058 8000bf13
-[d] 01000054 13 1e 01 - 3 - fffff800 -
-[r] 01 - 00000000 -
-[e] 01000050 00000000 0
-[f] 0100005c 00100e93
-[d] 01000058 13 1d 00 - 0 - 00000001 -
-[r] 00 - 00000007 -
-[e] 01000054 00000001 0
-[f] 01000060 00600193
-[d] 0100005c 13 03 00 - 0 - 00000006 -
-[r] 00 - 00000000 -
-[e] 01000058 00000001 0
-[w] 01000050 1 01 00000000
-[f] 01000064 21df1a63
-[d] 01000060 63 - 1e 1d 1 - 00000214 -
-[r] 1e 1d 00000000 00000000
-[e] 0100005c 00000006 0
-[w] 01000054 1 1e 00000001
-[f] 01000064 21df1a63
-[d] 01000060 63 - 1e 1d 1 - 00000214 -
-[r] 1e 1d 00000000 00000000
-[e] 01000060 00000000 0
-[w] 01000058 1 1d 00000001
-[f] 01000064 21df1a63
-[d] 01000060 63 - 1e 1d 1 - 00000214 -
-[r] 1e 1d 00000001 00000000
-[e] 01000060 00000001 0
-[w] 0100005c 1 03 00000006
-[f] 01000068 800000b7
-[d] 01000064 37 01 - - - - 80000000 -
-[r] - - - -
-[e] 01000060 01000274 0
-[f] 0100006c 0000bf13
-[d] 01000068 13 1e 01 - 3 - 00000000 -
-[r] 01 - 00000000 -
-[e] 01000064 80000000 0
-[f] 01000070 00000e93
-[d] 0100006c 13 1d 00 - 0 - 00000000 -
-[r] 00 - 00000000 -
-[e] 01000068 00000000 0
-[f] 01000074 00700193
-[d] 01000070 13 03 00 - 0 - 00000007 -
-[r] 00 - 00000000 -
-[e] 0100006c 00000000 0
-[w] 01000064 1 01 80000000
-[f] 01000078 21df1063
-[d] 01000074 63 - 1e 1d 1 - 00000200 -
-[r] 1e 1d 00000000 00000000
-[e] 01000070 00000007 0
-[w] 01000068 1 1e 00000000
-[f] 01000078 21df1063
-[d] 01000074 63 - 1e 1d 1 - 00000200 -
-[r] 1e 1d 00000001 00000001
-[e] 01000074 00000001 0
-[w] 0100006c 1 1d 00000000
-[f] 01000078 21df1063
-[d] 01000074 63 - 1e 1d 1 - 00000200 -
-[r] 1e 1d 00000000 00000001
-[e] 01000074 00000000 0
-[w] 01000070 1 03 00000007
-[f] 0100007c 800000b7
-[d] 01000078 37 01 - - - - 80000000 -
-[r] - - - -
-[e] 01000074 01000274 0
-[f] 01000080 8000bf13
-[d] 0100007c 13 1e 01 - 3 - fffff800 -
-[r] 01 - 00000000 -
-[e] 01000078 80000000 0
-[f] 01000084 00100e93
-[d] 01000080 13 1d 00 - 0 - 00000001 -
-[r] 00 - 80000000 -
-[e] 0100007c 00000001 0
-[f] 01000088 00800193
-[d] 01000084 13 03 00 - 0 - 00000008 -
-[r] 00 - 00000000 -
-[e] 01000080 00000001 0
-[w] 01000078 1 01 80000000
-[f] 0100008c 1fdf1663
-[d] 01000088 63 - 1e 1d 1 - 000001ec -
-[r] 1e 1d 00000000 00000000
-[e] 01000084 00000008 0
-[w] 0100007c 1 1e 00000001
-[f] 0100008c 1fdf1663
-[d] 01000088 63 - 1e 1d 1 - 000001ec -
-[r] 1e 1d 00000000 00000000
-[e] 01000088 00000000 0
-[w] 01000080 1 1d 00000001
-[f] 0100008c 1fdf1663
-[d] 01000088 63 - 1e 1d 1 - 000001ec -
-[r] 1e 1d 00000001 00000000
-[e] 01000088 00000001 0
-[w] 01000084 1 03 00000008
-[f] 01000090 00000093
-[d] 0100008c 13 01 00 - 0 - 00000000 -
-[r] 00 - 00000001 -
-[e] 01000088 01000274 0
-[f] 01000094 7ff0bf13
-[d] 01000090 13 1e 01 - 3 - 000007ff -
-[r] 01 - 00000000 -
-[e] 0100008c 00000000 0
-[f] 01000098 00100e93
-[d] 01000094 13 1d 00 - 0 - 00000001 -
-[r] 00 - 80000000 -
-[e] 01000090 00000001 0
-[f] 0100009c 00900193
-[d] 01000098 13 03 00 - 0 - 00000009 -
-[r] 00 - 00000000 -
-[e] 01000094 00000001 0
-[w] 0100008c 1 01 00000000
-[f] 010000a0 1ddf1c63
-[d] 0100009c 63 - 1e 1d 1 - 000001d8 -
-[r] 1e 1d 00000000 00000000
-[e] 01000098 00000009 0
-[w] 01000090 1 1e 00000001
-[f] 010000a0 1ddf1c63
-[d] 0100009c 63 - 1e 1d 1 - 000001d8 -
-[r] 1e 1d 00000001 00000001
-[e] 0100009c 00000001 0
-[w] 01000094 1 1d 00000001
-[f] 010000a0 1ddf1c63
-[d] 0100009c 63 - 1e 1d 1 - 000001d8 -
-[r] 1e 1d 00000001 00000001
-[e] 0100009c 00000001 0
-[w] 01000098 1 03 00000009
-[f] 010000a4 800000b7
-[d] 010000a0 37 01 - - - - 80000000 -
-[r] - - - -
-[e] 0100009c 01000274 0
-[f] 010000a8 fff08093
-[d] 010000a4 13 01 01 - 0 - ffffffff -
-[r] 01 - 00000000 -
-[e] 010000a0 80000000 0
-[f] 010000ac 0000bf13
-[d] 010000a8 13 1e 01 - 3 - 00000000 -
-[r] 01 - 00000000 -
-[e] 010000a4 7fffffff 0
-[f] 010000b0 00000e93
-[d] 010000ac 13 1d 00 - 0 - 00000000 -
-[r] 00 - 00000000 -
-[e] 010000a8 00000000 0
-[w] 010000a0 1 01 80000000
-[f] 010000b4 00a00193
-[d] 010000b0 13 03 00 - 0 - 0000000a -
-[r] 00 - 00000000 -
-[e] 010000ac 00000000 0
-[w] 010000a4 1 01 7fffffff
-[f] 010000b8 1ddf1063
-[d] 010000b4 63 - 1e 1d 1 - 000001c0 -
-[r] 1e 1d 00000000 00000000
-[e] 010000b0 0000000a 0
-[w] 010000a8 1 1e 00000000
-[f] 010000b8 1ddf1063
-[d] 010000b4 63 - 1e 1d 1 - 000001c0 -
-[r] 1e 1d 00000001 00000001
-[e] 010000b4 00000001 0
-[w] 010000ac 1 1d 00000000
-[f] 010000b8 1ddf1063
-[d] 010000b4 63 - 1e 1d 1 - 000001c0 -
-[r] 1e 1d 00000000 00000001
-[e] 010000b4 00000000 0
-[w] 010000b0 1 03 0000000a
-[f] 010000bc 800000b7
-[d] 010000b8 37 01 - - - - 80000000 -
-[r] - - - -
-[e] 010000b4 01000274 0
-[f] 010000c0 fff08093
-[d] 010000bc 13 01 01 - 0 - ffffffff -
-[r] 01 - 00000000 -
-[e] 010000b8 80000000 0
-[f] 010000c4 7ff0bf13
-[d] 010000c0 13 1e 01 - 3 - 000007ff -
-[r] 01 - 7fffffff -
-[e] 010000bc 7fffffff 0
-[f] 010000c8 00000e93
-[d] 010000c4 13 1d 00 - 0 - 00000000 -
-[r] 00 - 7fffffff -
-[e] 010000c0 00000000 0
-[w] 010000b8 1 01 80000000
-[f] 010000cc 00b00193
-[d] 010000c8 13 03 00 - 0 - 0000000b -
-[r] 00 - 00000000 -
-[e] 010000c4 00000000 0
-[w] 010000bc 1 01 7fffffff
-[f] 010000d0 1bdf1463
-[d] 010000cc 63 - 1e 1d 1 - 000001a8 -
-[r] 1e 1d 00000000 00000000
-[e] 010000c8 0000000b 0
-[w] 010000c0 1 1e 00000000
-[f] 010000d0 1bdf1463
-[d] 010000cc 63 - 1e 1d 1 - 000001a8 -
-[r] 1e 1d 00000000 00000000
-[e] 010000cc 00000000 0
-[w] 010000c4 1 1d 00000000
-[f] 010000d0 1bdf1463
-[d] 010000cc 63 - 1e 1d 1 - 000001a8 -
-[r] 1e 1d 00000000 00000000
-[e] 010000cc 00000000 0
-[w] 010000c8 1 03 0000000b
-[f] 010000d4 800000b7
-[d] 010000d0 37 01 - - - - 80000000 -
-[r] - - - -
-[e] 010000cc 01000274 0
-[f] 010000d8 7ff0bf13
-[d] 010000d4 13 1e 01 - 3 - 000007ff -
-[r] 01 - 00000000 -
-[e] 010000d0 80000000 0
-[f] 010000dc 00000e93
-[d] 010000d8 13 1d 00 - 0 - 00000000 -
-[r] 00 - 7fffffff -
-[e] 010000d4 00000000 0
-[f] 010000e0 00c00193
-[d] 010000dc 13 03 00 - 0 - 0000000c -
-[r] 00 - 00000000 -
-[e] 010000d8 00000000 0
-[w] 010000d0 1 01 80000000
-[f] 010000e4 19df1a63
-[d] 010000e0 63 - 1e 1d 1 - 00000194 -
-[r] 1e 1d 00000000 00000000
-[e] 010000dc 0000000c 0
-[w] 010000d4 1 1e 00000000
-[f] 010000e4 19df1a63
-[d] 010000e0 63 - 1e 1d 1 - 00000194 -
-[r] 1e 1d 00000000 00000000
-[e] 010000e0 00000000 0
-[w] 010000d8 1 1d 00000000
-[f] 010000e4 19df1a63
-[d] 010000e0 63 - 1e 1d 1 - 00000194 -
-[r] 1e 1d 00000000 00000000
-[e] 010000e0 00000000 0
-[w] 010000dc 1 03 0000000c
-[f] 010000e8 800000b7
-[d] 010000e4 37 01 - - - - 80000000 -
-[r] - - - -
-[e] 010000e0 01000274 0
-[f] 010000ec fff08093
-[d] 010000e8 13 01 01 - 0 - ffffffff -
-[r] 01 - 00000000 -
-[e] 010000e4 80000000 0
-[f] 010000f0 8000bf13
-[d] 010000ec 13 1e 01 - 3 - fffff800 -
-[r] 01 - 80000000 -
-[e] 010000e8 7fffffff 0
-[f] 010000f4 00100e93
-[d] 010000f0 13 1d 00 - 0 - 00000001 -
-[r] 00 - 80000000 -
-[e] 010000ec 00000001 0
-[w] 010000e4 1 01 80000000
-[f] 010000f8 00d00193
-[d] 010000f4 13 03 00 - 0 - 0000000d -
-[r] 00 - 00000000 -
-[e] 010000f0 00000001 0
-[w] 010000e8 1 01 7fffffff
-[f] 010000fc 17df1e63
-[d] 010000f8 63 - 1e 1d 1 - 0000017c -
+[e] 01000034 00000002 0
+[w] 0100002c 1 01 00000003
+[f] 01000040 00700093
+[d] 0100003c 63 - 1e 1d 1 - 0000023c -
 [r] 1e 1d 00000000 00000000
-[e] 010000f4 0000000d 0
-[w] 010000ec 1 1e 00000001
-[f] 010000fc 17df1e63
-[d] 010000f8 63 - 1e 1d 1 - 0000017c -
+[e] 01000038 00000004 0
+[w] 01000030 1 1e 00000001
+[f] 01000040 00700093
+[d] 0100003c 63 - 1e 1d 1 - 0000023c -
 [r] 1e 1d 00000000 00000000
-[e] 010000f8 00000000 0
-[w] 010000f0 1 1d 00000001
-[f] 010000fc 17df1e63
-[d] 010000f8 63 - 1e 1d 1 - 0000017c -
+[e] 0100003c 00000000 0
+[w] 01000034 1 1d 00000002
+[f] 01000040 00700093
+[d] 0100003c 63 - 1e 1d 1 - 0000023c -
 [r] 1e 1d 00000001 00000000
-[e] 010000f8 00000001 0
-[w] 010000f4 1 03 0000000d
-[f] 01000100 00000093
-[d] 010000fc 13 01 00 - 0 - 00000000 -
-[r] 00 - 00000001 -
-[e] 010000f8 01000274 0
-[f] 01000104 fff0bf13
-[d] 01000100 13 1e 01 - 3 - ffffffff -
-[r] 01 - 00000000 -
-[e] 010000fc 00000000 0
-[f] 01000108 00100e93
-[d] 01000104 13 1d 00 - 0 - 00000001 -
-[r] 00 - 7fffffff -
-[e] 01000100 00000001 0
-[f] 0100010c 00e00193
-[d] 01000108 13 03 00 - 0 - 0000000e -
-[r] 00 - 00000000 -
-[e] 01000104 00000001 0
-[w] 010000fc 1 01 00000000
-[f] 01000110 17df1463
-[d] 0100010c 63 - 1e 1d 1 - 00000168 -
-[r] 1e 1d 00000000 00000000
-[e] 01000108 0000000e 0
-[w] 01000100 1 1e 00000001
-[f] 01000110 17df1463
-[d] 0100010c 63 - 1e 1d 1 - 00000168 -
-[r] 1e 1d 00000001 00000001
-[e] 0100010c 00000001 0
-[w] 01000104 1 1d 00000001
-[f] 01000110 17df1463
-[d] 0100010c 63 - 1e 1d 1 - 00000168 -
-[r] 1e 1d 00000001 00000001
-[e] 0100010c 00000001 0
-[w] 01000108 1 03 0000000e
-[f] 01000114 fff00093
-[d] 01000110 13 01 00 - 0 - ffffffff -
-[r] 00 - 00000001 -
-[e] 0100010c 01000274 0
-[f] 01000118 0010bf13
-[d] 01000114 13 1e 01 - 3 - 00000001 -
-[r] 01 - 00000000 -
-[e] 01000110 ffffffff 0
-[f] 0100011c 00000e93
-[d] 01000118 13 1d 00 - 0 - 00000000 -
-[r] 00 - 00000000 -
-[e] 01000114 00000000 0
-[f] 01000120 00f00193
-[d] 0100011c 13 03 00 - 0 - 0000000f -
-[r] 00 - 00000000 -
-[e] 01000118 00000000 0
-[w] 01000110 1 01 ffffffff
-[f] 01000124 15df1a63
-[d] 01000120 63 - 1e 1d 1 - 00000154 -
-[r] 1e 1d 00000000 00000000
-[e] 0100011c 0000000f 0
-[w] 01000114 1 1e 00000000
-[f] 01000124 15df1a63
-[d] 01000120 63 - 1e 1d 1 - 00000154 -
-[r] 1e 1d 00000001 00000001
-[e] 01000120 00000001 0
-[w] 01000118 1 1d 00000000
-[f] 01000124 15df1a63
-[d] 01000120 63 - 1e 1d 1 - 00000154 -
-[r] 1e 1d 00000000 00000001
-[e] 01000120 00000000 0
-[w] 0100011c 1 03 0000000f
-[f] 01000128 fff00093
-[d] 01000124 13 01 00 - 0 - ffffffff -
-[r] 00 - 00000000 -
-[e] 01000120 01000274 0
-[f] 0100012c fff0bf13
-[d] 01000128 13 1e 01 - 3 - ffffffff -
-[r] 01 - 00000000 -
-[e] 01000124 ffffffff 0
-[f] 01000130 00000e93
-[d] 0100012c 13 1d 00 - 0 - 00000000 -
-[r] 00 - ffffffff -
-[e] 01000128 00000000 0
-[f] 01000134 01000193
-[d] 01000130 13 03 00 - 0 - 00000010 -
-[r] 00 - 00000000 -
-[e] 0100012c 00000000 0
-[w] 01000124 1 01 ffffffff
-[f] 01000138 15df1063
-[d] 01000134 63 - 1e 1d 1 - 00000140 -
-[r] 1e 1d 00000000 00000000
-[e] 01000130 00000010 0
-[w] 01000128 1 1e 00000000
-[f] 01000138 15df1063
-[d] 01000134 63 - 1e 1d 1 - 00000140 -
-[r] 1e 1d 00000000 00000000
-[e] 01000134 00000000 0
-[w] 0100012c 1 1d 00000000
-[f] 01000138 15df1063
-[d] 01000134 63 - 1e 1d 1 - 00000140 -
-[r] 1e 1d 00000000 00000000
-[e] 01000134 00000000 0
-[w] 01000130 1 03 00000010
-[f] 0100013c 00b00093
-[d] 01000138 13 01 00 - 0 - 0000000b -
-[r] 00 - 00000000 -
-[e] 01000134 01000274 0
-[f] 01000140 00d0b093
-[d] 0100013c 13 01 01 - 3 - 0000000d -
-[r] 01 - 00000000 -
-[e] 01000138 0000000b 0
-[f] 01000144 00100e93
-[d] 01000140 13 1d 00 - 0 - 00000001 -
-[r] 00 - ffffffff -
-[e] 0100013c 00000001 0
-[f] 01000148 01100193
-[d] 01000144 13 03 00 - 0 - 00000011 -
-[r] 00 - 00000000 -
-[e] 01000140 00000001 0
-[w] 01000138 1 01 0000000b
-[f] 0100014c 13d09663
-[d] 01000148 63 - 01 1d 1 - 0000012c -
-[r] 01 1d 00000000 00000000
-[e] 01000144 00000011 0
-[w] 0100013c 1 01 00000001
-[f] 0100014c 13d09663
-[d] 01000148 63 - 01 1d 1 - 0000012c -
-[r] 01 1d 0000000b 00000000
-[e] 01000148 0000000b 0
-[w] 01000140 1 1d 00000001
-[f] 0100014c 13d09663
-[d] 01000148 63 - 01 1d 1 - 0000012c -
-[r] 01 1d 00000001 00000000
-[e] 01000148 00000001 0
-[w] 01000144 1 03 00000011
-[f] 01000150 00000213
-[d] 0100014c 13 04 00 - 0 - 00000000 -
-[r] 00 - 00000001 -
-[e] 01000148 01000274 0
-[f] 01000154 00f00093
-[d] 01000150 13 01 00 - 0 - 0000000f -
-[r] 00 - 00000000 -
-[e] 0100014c 00000000 0
-[f] 01000158 00a0bf13
-[d] 01000154 13 1e 01 - 3 - 0000000a -
-[r] 01 - 00000000 -
-[e] 01000150 0000000f 0
-[f] 0100015c 000f0313
-[d] 01000158 13 06 1e - 0 - 00000000 -
-[r] 1e - 00000001 -
-[e] 01000154 00000000 0
-[w] 0100014c 1 04 00000000
-[f] 01000160 00120213
-[d] 0100015c 13 04 04 - 0 - 00000001 -
-[r] 04 - 00000000 -
-[e] 01000158 00000000 0
-[w] 01000150 1 01 0000000f
-[f] 01000164 00200293
-[d] 01000160 13 05 00 - 0 - 00000002 -
-[r] 00 - 00000000 -
-[e] 0100015c 00000001 0
-[w] 01000154 1 1e 00000000
-[f] 01000168 fe5216e3
-[d] 01000164 63 - 04 05 1 - ffffffec -
-[r] 04 05 00000000 00000000
-[e] 01000160 00000002 0
-[w] 01000158 1 06 00000000
-[f] 0100016c 00000e93
-[d] 01000168 13 1d 00 - 0 - 00000000 -
-[r] 00 - 00000000 -
-[e] 01000164 01000150 1
-[w] 0100015c 1 04 00000001
-[f] 01000154 00f00093
-[d] 01000150 13 01 00 - 0 - 0000000f -
-[r] 00 - 00000000 -
-[f] 01000158 00a0bf13
-[d] 01000154 13 1e 01 - 3 - 0000000a -
-[r] 01 - 00000000 -
-[e] 01000150 0000000f 0
-[f] 0100015c 000f0313
-[d] 01000158 13 06 1e - 0 - 00000000 -
-[r] 1e - 0000000f -
-[e] 01000154 00000000 0
-[f] 01000160 00120213
-[d] 0100015c 13 04 04 - 0 - 00000001 -
-[r] 04 - 00000000 -
-[e] 01000158 00000000 0
-[w] 01000150 1 01 0000000f
-[f] 01000164 00200293
-[d] 01000160 13 05 00 - 0 - 00000002 -
-[r] 00 - 00000001 -
-[e] 0100015c 00000002 0
-[w] 01000154 1 1e 00000000
-[f] 01000168 fe5216e3
-[d] 01000164 63 - 04 05 1 - ffffffec -
-[r] 04 05 00000000 00000000
-[e] 01000160 00000002 0
-[w] 01000158 1 06 00000000
-[f] 0100016c 00000e93
-[d] 01000168 13 1d 00 - 0 - 00000000 -
-[r] 00 - 00000001 -
-[e] 01000164 01000150 0
-[w] 0100015c 1 04 00000002
-[f] 01000170 01200193
-[d] 0100016c 13 03 00 - 0 - 00000012 -
-[r] 00 - 00000000 -
-[e] 01000168 00000000 0
-[w] 01000160 1 05 00000002
-[f] 01000174 11d31263
-[d] 01000170 63 - 06 1d 1 - 00000104 -
-[r] 06 1d 00000000 00000000
-[e] 0100016c 00000012 0
-[f] 01000178 00000213
-[d] 01000174 13 04 00 - 0 - 00000000 -
-[r] 00 - 00000000 -
-[e] 01000170 01000274 0
-[w] 01000168 1 1d 00000000
-[f] 0100017c 00a00093
-[d] 01000178 13 01 00 - 0 - 0000000a -
-[r] 00 - 00000000 -
-[e] 01000174 00000000 0
-[w] 0100016c 1 03 00000012
-[f] 01000180 0100bf13
-[d] 0100017c 13 1e 01 - 3 - 00000010 -
-[r] 01 - 00000000 -
-[e] 01000178 0000000a 0
-[f] 01000188 000f0313
-[d] 01000184 13 06 1e - 0 - 00000000 -
-[r] 1e - 00000000 -
-[w] 01000178 1 01 0000000a
-[f] 0100018c 00120213
-[d] 01000188 13 04 04 - 0 - 00000001 -
-[r] 04 - 00000000 -
-[e] 01000184 00000001 0
-[w] 0100017c 1 1e 00000001
-[f] 01000190 00200293
-[d] 0100018c 13 05 00 - 0 - 00000002 -
-[r] 00 - 00000000 -
-[e] 01000188 00000001 0
-[f] 01000194 fe5214e3
-[d] 01000190 63 - 04 05 1 - ffffffe8 -
-[r] 04 05 00000000 00000000
-[e] 0100018c 00000002 0
-[w] 01000184 1 06 00000001
-[f] 01000198 00100e93
-[d] 01000194 13 1d 00 - 0 - 00000001 -
-[r] 00 - 00000000 -
-[e] 01000190 01000178 1
-[w] 01000188 1 04 00000001
-[f] 0100017c 00a00093
-[d] 01000178 13 01 00 - 0 - 0000000a -
-[r] 00 - 00000000 -
-[f] 01000180 0100bf13
-[d] 0100017c 13 1e 01 - 3 - 00000010 -
-[r] 01 - 00000000 -
-[e] 01000178 0000000a 0
-[f] 01000188 000f0313
-[d] 01000184 13 06 1e - 0 - 00000000 -
-[r] 1e - 00000000 -
-[w] 01000178 1 01 0000000a
-[f] 0100018c 00120213
-[d] 01000188 13 04 04 - 0 - 00000001 -
-[r] 04 - 00000001 -
-[e] 01000184 00000001 0
-[w] 0100017c 1 1e 00000001
-[f] 01000190 00200293
-[d] 0100018c 13 05 00 - 0 - 00000002 -
-[r] 00 - 00000001 -
-[e] 01000188 00000002 0
-[f] 01000194 fe5214e3
-[d] 01000190 63 - 04 05 1 - ffffffe8 -
-[r] 04 05 00000000 00000000
-[e] 0100018c 00000002 0
-[w] 01000184 1 06 00000001
-[f] 01000198 00100e93
-[d] 01000194 13 1d 00 - 0 - 00000001 -
-[r] 00 - 00000001 -
-[e] 01000190 01000178 0
-[w] 01000188 1 04 00000002
-[f] 0100019c 01300193
-[d] 01000198 13 03 00 - 0 - 00000013 -
-[r] 00 - 00000000 -
-[e] 01000194 00000001 0
-[w] 0100018c 1 05 00000002
-[f] 010001a0 0dd31c63
-[d] 0100019c 63 - 06 1d 1 - 000000d8 -
-[r] 06 1d 00000000 00000000
-[e] 01000198 00000013 0
-[f] 010001a4 00000213
-[d] 010001a0 13 04 00 - 0 - 00000000 -
-[r] 00 - 00000001 -
-[e] 0100019c 01000274 0
-[w] 01000194 1 1d 00000001
-[f] 010001a8 01000093
-[d] 010001a4 13 01 00 - 0 - 00000010 -
-[r] 00 - 00000000 -
-[e] 010001a0 00000000 0
-[w] 01000198 1 03 00000013
-[f] 010001ac 0090bf13
-[d] 010001a8 13 1e 01 - 3 - 00000009 -
-[r] 01 - 00000000 -
-[e] 010001a4 00000010 0
-[f] 010001b8 000f0313
-[d] 010001b4 13 06 1e - 0 - 00000000 -
-[r] 1e - 00000000 -
-[w] 010001a8 1 1e 00000000
-[f] 010001b8 000f0313
-[d] 010001b4 13 06 1e - 0 - 00000000 -
-[r] 1e - 00000001 -
-[e] 010001b4 00000001 0
-[f] 010001bc 00120213
-[d] 010001b8 13 04 04 - 0 - 00000001 -
-[r] 04 - 00000000 -
-[e] 010001b4 00000000 0
-[f] 010001c0 00200293
-[d] 010001bc 13 05 00 - 0 - 00000002 -
-[r] 00 - 00000000 -
-[e] 010001b8 00000001 0
-[f] 010001c4 fe5212e3
-[d] 010001c0 63 - 04 05 1 - ffffffe4 -
-[r] 04 05 00000000 00000000
-[e] 010001bc 00000002 0
-[w] 010001b4 1 06 00000000
-[f] 010001c8 00000e93
-[d] 010001c4 13 1d 00 - 0 - 00000000 -
-[r] 00 - 00000000 -
-[e] 010001c0 010001a4 1
-[w] 010001b8 1 04 00000001
-[f] 010001a8 01000093
-[d] 010001a4 13 01 00 - 0 - 00000010 -
-[r] 00 - 00000000 -
-[f] 010001ac 0090bf13
-[d] 010001a8 13 1e 01 - 3 - 00000009 -
-[r] 01 - 00000000 -
-[e] 010001a4 00000010 0
-[f] 010001b8 000f0313
-[d] 010001b4 13 06 1e - 0 - 00000000 -
-[r] 1e - 00000000 -
-[w] 010001a8 1 1e 00000000
-[f] 010001b8 000f0313
-[d] 010001b4 13 06 1e - 0 - 00000000 -
-[r] 1e - 00000000 -
-[e] 010001b4 00000000 0
-[f] 010001bc 00120213
-[d] 010001b8 13 04 04 - 0 - 00000001 -
-[r] 04 - 00000000 -
-[e] 010001b4 00000000 0
-[f] 010001c0 00200293
-[d] 010001bc 13 05 00 - 0 - 00000002 -
-[r] 00 - 00000001 -
-[e] 010001b8 00000002 0
-[f] 010001c4 fe5212e3
-[d] 010001c0 63 - 04 05 1 - ffffffe4 -
-[r] 04 05 00000000 00000000
-[e] 010001bc 00000002 0
-[w] 010001b4 1 06 00000000
-[f] 010001c8 00000e93
-[d] 010001c4 13 1d 00 - 0 - 00000000 -
-[r] 00 - 00000001 -
-[e] 010001c0 010001a4 0
-[w] 010001b8 1 04 00000002
-[f] 010001cc 01400193
-[d] 010001c8 13 03 00 - 0 - 00000014 -
-[r] 00 - 00000000 -
-[e] 010001c4 00000000 0
-[w] 010001bc 1 05 00000002
-[f] 010001d0 0bd31463
-[d] 010001cc 63 - 06 1d 1 - 000000a8 -
-[r] 06 1d 00000000 00000000
-[e] 010001c8 00000014 0
-[f] 010001d4 00000213
-[d] 010001d0 13 04 00 - 0 - 00000000 -
-[r] 00 - 00000000 -
-[e] 010001cc 01000274 0
-[w] 010001c4 1 1d 00000000
-[f] 010001d8 00b00093
-[d] 010001d4 13 01 00 - 0 - 0000000b -
-[r] 00 - 00000000 -
-[e] 010001d0 00000000 0
-[w] 010001c8 1 03 00000014
-[f] 010001dc 00f0bf13
-[d] 010001d8 13 1e 01 - 3 - 0000000f -
-[r] 01 - 00000000 -
-[e] 010001d4 0000000b 0
-[f] 010001e0 00120213
-[d] 010001dc 13 04 04 - 0 - 00000001 -
-[r] 04 - 00000010 -
-[e] 010001d8 00000001 0
-[w] 010001d0 1 04 00000000
-[f] 010001e0 00120213
-[d] 010001dc 13 04 04 - 0 - 00000001 -
-[r] 04 - 00000002 -
-[e] 010001dc 00000002 0
-[w] 010001d4 1 01 0000000b
-[f] 010001e4 00200293
-[d] 010001e0 13 05 00 - 0 - 00000002 -
-[r] 00 - 00000000 -
-[e] 010001dc 00000001 0
-[w] 010001d8 1 1e 00000001
-[f] 010001e8 fe5218e3
-[d] 010001e4 63 - 04 05 1 - fffffff0 -
-[r] 04 05 00000000 00000000
-[e] 010001e0 00000002 0
-[f] 010001ec 00100e93
-[d] 010001e8 13 1d 00 - 0 - 00000001 -
-[r] 00 - 00000000 -
-[e] 010001e4 010001d4 1
-[w] 010001dc 1 04 00000001
-[f] 010001d8 00b00093
-[d] 010001d4 13 01 00 - 0 - 0000000b -
-[r] 00 - 00000000 -
-[f] 010001dc 00f0bf13
-[d] 010001d8 13 1e 01 - 3 - 0000000f -
-[r] 01 - 00000000 -
-[e] 010001d4 0000000b 0
-[f] 010001e0 00120213
-[d] 010001dc 13 04 04 - 0 - 00000001 -
-[r] 04 - 0000000b -
-[e] 010001d8 00000001 0
-[f] 010001e4 00200293
-[d] 010001e0 13 05 00 - 0 - 00000002 -
-[r] 00 - 00000001 -
-[e] 010001dc 00000002 0
-[w] 010001d4 1 01 0000000b
-[f] 010001e8 fe5218e3
-[d] 010001e4 63 - 04 05 1 - fffffff0 -
-[r] 04 05 00000000 00000000
-[e] 010001e0 00000002 0
-[w] 010001d8 1 1e 00000001
-[f] 010001ec 00100e93
-[d] 010001e8 13 1d 00 - 0 - 00000001 -
-[r] 00 - 00000001 -
-[e] 010001e4 010001d4 0
-[w] 010001dc 1 04 00000002
-[f] 010001f0 01500193
-[d] 010001ec 13 03 00 - 0 - 00000015 -
-[r] 00 - 00000000 -
-[e] 010001e8 00000001 0
-[w] 010001e0 1 05 00000002
-[f] 010001f4 09df1263
-[d] 010001f0 63 - 1e 1d 1 - 00000084 -
-[r] 1e 1d 00000000 00000000
-[e] 010001ec 00000015 0
-[f] 010001f8 00000213
-[d] 010001f4 13 04 00 - 0 - 00000000 -
-[r] 00 - 00000001 -
-[e] 010001f0 01000274 0
-[w] 010001e8 1 1d 00000001
-[f] 010001fc 01100093
-[d] 010001f8 13 01 00 - 0 - 00000011 -
-[r] 00 - 00000000 -
-[e] 010001f4 00000000 0
-[w] 010001ec 1 03 00000015
-[f] 01000204 0080bf13
-[d] 01000200 13 1e 01 - 3 - 00000008 -
-[r] 01 - 00000000 -
-[w] 010001f4 1 04 00000000
-[f] 01000208 00120213
-[d] 01000204 13 04 04 - 0 - 00000001 -
-[r] 04 - 0000000b -
-[e] 01000200 00000000 0
-[w] 010001f8 1 01 00000011
-[f] 0100020c 00200293
-[d] 01000208 13 05 00 - 0 - 00000002 -
-[r] 00 - 00000000 -
-[e] 01000204 00000001 0
-[f] 01000210 fe5216e3
-[d] 0100020c 63 - 04 05 1 - ffffffec -
-[r] 04 05 00000000 00000000
-[e] 01000208 00000002 0
-[w] 01000200 1 1e 00000000
-[f] 01000214 00000e93
-[d] 01000210 13 1d 00 - 0 - 00000000 -
-[r] 00 - 00000000 -
-[e] 0100020c 010001f8 1
-[w] 01000204 1 04 00000001
-[f] 010001fc 01100093
-[d] 010001f8 13 01 00 - 0 - 00000011 -
-[r] 00 - 00000000 -
-[f] 01000204 0080bf13
-[d] 01000200 13 1e 01 - 3 - 00000008 -
-[r] 01 - 00000000 -
-[f] 01000208 00120213
-[d] 01000204 13 04 04 - 0 - 00000001 -
-[r] 04 - 00000011 -
-[e] 01000200 00000000 0
-[w] 010001f8 1 01 00000011
-[f] 0100020c 00200293
-[d] 01000208 13 05 00 - 0 - 00000002 -
-[r] 00 - 00000001 -
-[e] 01000204 00000002 0
-[f] 01000210 fe5216e3
-[d] 0100020c 63 - 04 05 1 - ffffffec -
-[r] 04 05 00000000 00000000
-[e] 01000208 00000002 0
-[w] 01000200 1 1e 00000000
-[f] 01000214 00000e93
-[d] 01000210 13 1d 00 - 0 - 00000000 -
-[r] 00 - 00000001 -
-[e] 0100020c 010001f8 0
-[w] 01000204 1 04 00000002
-[f] 01000218 01600193
-[d] 01000214 13 03 00 - 0 - 00000016 -
-[r] 00 - 00000000 -
-[e] 01000210 00000000 0
-[w] 01000208 1 05 00000002
-[f] 0100021c 05df1e63
-[d] 01000218 63 - 1e 1d 1 - 0000005c -
-[r] 1e 1d 00000000 00000000
-[e] 01000214 00000016 0
-[f] 01000220 00000213
-[d] 0100021c 13 04 00 - 0 - 00000000 -
-[r] 00 - 00000000 -
-[e] 01000218 01000274 0
-[w] 01000210 1 1d 00000000
-[f] 01000224 00c00093
-[d] 01000220 13 01 00 - 0 - 0000000c -
-[r] 00 - 00000000 -
-[e] 0100021c 00000000 0
-[w] 01000214 1 03 00000016
-[f] 01000230 00e0bf13
-[d] 0100022c 13 1e 01 - 3 - 0000000e -
-[r] 01 - 00000000 -
-[w] 01000220 1 01 0000000c
-[f] 01000230 00e0bf13
-[d] 0100022c 13 1e 01 - 3 - 0000000e -
-[r] 01 - 00000011 -
-[e] 0100022c 00000011 0
-[f] 01000234 00120213
-[d] 01000230 13 04 04 - 0 - 00000001 -
-[r] 04 - 0000000c -
-[e] 0100022c 00000001 0
-[f] 01000238 00200293
-[d] 01000234 13 05 00 - 0 - 00000002 -
-[r] 00 - 00000000 -
-[e] 01000230 00000001 0
-[f] 0100023c fe5214e3
-[d] 01000238 63 - 04 05 1 - ffffffe8 -
-[r] 04 05 00000000 00000000
-[e] 01000234 00000002 0
-[w] 0100022c 1 1e 00000001
-[f] 01000240 00100e93
-[d] 0100023c 13 1d 00 - 0 - 00000001 -
-[r] 00 - 00000000 -
-[e] 01000238 01000220 1
-[w] 01000230 1 04 00000001
-[f] 01000224 00c00093
-[d] 01000220 13 01 00 - 0 - 0000000c -
-[r] 00 - 00000000 -
-[f] 01000230 00e0bf13
-[d] 0100022c 13 1e 01 - 3 - 0000000e -
-[r] 01 - 00000000 -
-[w] 01000220 1 01 0000000c
-[f] 01000230 00e0bf13
-[d] 0100022c 13 1e 01 - 3 - 0000000e -
-[r] 01 - 0000000c -
-[e] 0100022c 0000000c 0
-[f] 01000234 00120213
-[d] 01000230 13 04 04 - 0 - 00000001 -
-[r] 04 - 0000000c -
-[e] 0100022c 00000001 0
-[f] 01000238 00200293
-[d] 01000234 13 05 00 - 0 - 00000002 -
-[r] 00 - 00000001 -
-[e] 01000230 00000002 0
-[f] 0100023c fe5214e3
-[d] 01000238 63 - 04 05 1 - ffffffe8 -
-[r] 04 05 00000000 00000000
-[e] 01000234 00000002 0
-[w] 0100022c 1 1e 00000001
-[f] 01000240 00100e93
-[d] 0100023c 13 1d 00 - 0 - 00000001 -
-[r] 00 - 00000001 -
-[e] 01000238 01000220 0
-[w] 01000230 1 04 00000002
-[f] 01000244 01700193
-[d] 01000240 13 03 00 - 0 - 00000017 -
-[r] 00 - 00000000 -
-[e] 0100023c 00000001 0
-[w] 01000234 1 05 00000002
-[f] 01000248 03df1863
-[d] 01000244 63 - 1e 1d 1 - 00000030 -
-[r] 1e 1d 00000000 00000000
-[e] 01000240 00000017 0
-[f] 0100024c fff03093
-[d] 01000248 13 01 00 - 3 - ffffffff -
-[r] 00 - 00000001 -
-[e] 01000244 01000274 0
-[w] 0100023c 1 1d 00000001
-[f] 01000250 00100e93
-[d] 0100024c 13 1d 00 - 0 - 00000001 -
-[r] 00 - 00000000 -
-[e] 01000248 00000001 0
-[w] 01000240 1 03 00000017
-[f] 01000254 01800193
-[d] 01000250 13 03 00 - 0 - 00000018 -
-[r] 00 - 00000000 -
-[e] 0100024c 00000001 0
-[f] 01000258 03d09063
-[d] 01000254 63 - 01 1d 1 - 00000020 -
-[r] 01 1d 00000000 00000000
-[e] 01000250 00000018 0
-[w] 01000248 1 01 00000001
-[f] 01000258 03d09063
-[d] 01000254 63 - 01 1d 1 - 00000020 -
-[r] 01 1d 0000000c 00000001
-[e] 01000254 0000000c 0
-[w] 0100024c 1 1d 00000001
-[f] 01000258 03d09063
-[d] 01000254 63 - 01 1d 1 - 00000020 -
-[r] 01 1d 00000001 00000001
-[e] 01000254 00000001 0
-[w] 01000250 1 03 00000018
-[f] 0100025c 00ff00b7
-[d] 01000258 37 01 - - - - 00ff0000 -
-[r] - - - -
-[e] 01000254 01000274 0
-[f] 01000260 0ff08093
-[d] 0100025c 13 01 01 - 0 - 000000ff -
-[r] 01 - 00000000 -
-[e] 01000258 00ff0000 0
-[f] 01000264 fff0b013
-[d] 01000260 13 00 01 - 3 - ffffffff -
-[r] 01 - 00000001 -
-[e] 0100025c 00ff00ff 0
-[f] 01000268 00000e93
-[d] 01000264 13 1d 00 - 0 - 00000000 -
+[e] 0100003c 00000000 0
+[w] 01000038 1 03 00000004
+[f] 01000044 0030bf13
+[d] 01000040 13 01 00 - 0 - 00000007 -
 [r] 00 - 00000001 -
-[e] 01000260 00000001 0
-[w] 01000258 1 01 00ff0000
-[f] 0100026c 01900193
-[d] 01000268 13 03 00 - 0 - 00000019 -
-[r] 00 - 00000000 -
-[e] 01000264 00000000 0
-[w] 0100025c 1 01 00ff00ff
-[f] 01000270 01d01463
-[d] 0100026c 63 - 00 1d 1 - 00000008 -
-[r] 00 1d 00000000 00000000
-[e] 01000268 00000019 0
-[f] 01000274 00301c63
-[d] 01000270 63 - 00 03 1 - 00000018 -
-[r] 00 03 00000000 00000001
-[e] 0100026c 01000274 0
-[w] 01000264 1 1d 00000000
-[f] 01000290 00100193
-[d] 0100028c 13 03 00 - 0 - 00000001 -
-[r] 00 - 00000000 -
-[e] 01000288 00000000 0
+[e] 0100003c 01000278 1
+[f] 0100027c 00018063
+[d] 01000278 13 1d 00 - 0 - 00000000 -
+[r] 00 - 00000000 -
+[f] 01000280 00119193
+[d] 0100027c 63 - 03 00 0 - 00000000 -
+[r] 03 00 00000000 00000000
+[e] 01000278 00000000 0
+[f] 01000284 0011e193
+[d] 01000280 13 03 03 - 1 - 00000000 -
+[r] 03 - 00000004 -
+[e] 0100027c 0100027c 1
