--- /tmp/tmp.mg566b1CXq	2025-11-28 17:09:53.869375673 -0500
+++ /tmp/tmp.97CCdC6TcY	2025-11-28 17:09:53.878375713 -0500
@@ -1,1208 +1,44 @@
-[f] 01000004 00200193
-[d] 01000000 13 03 00 - 0 - 00000002 -
-[r] 00 - 00000000 -
 [f] 01000008 00000093
-[d] 01000004 13 01 00 - 0 - 00000000 -
+[d] 01000004 13 03 00 - 0 - 00000002 -
 [r] 00 - 00000000 -
-[e] 01000000 00000002 0
+[e] 01000000 00000000 0
 [f] 0100000c 00100113
-[d] 01000008 13 02 00 - 0 - 00000001 -
+[d] 01000008 13 01 00 - 0 - 00000000 -
 [r] 00 - 00000000 -
-[e] 01000004 00000000 0
+[e] 01000004 00000002 0
 [f] 01000010 0020e663
-[d] 0100000c 63 - 01 02 6 - 0000000c -
-[r] 01 02 00000000 00000000
-[e] 01000008 00000001 0
-[w] 01000000 1 03 00000002
+[d] 0100000c 13 02 00 - 0 - 00000001 -
+[r] 00 - 00000000 -
+[e] 01000008 00000000 0
 [f] 01000014 2e301263
-[d] 01000010 63 - 00 03 1 - 000002e4 -
-[r] 00 03 00000000 01100000
-[e] 0100000c 01000018 1
-[w] 01000004 1 01 00000000
-[f] 0100001c fe20eee3
-[d] 01000018 63 - 01 02 6 - fffffffc -
+[d] 01000010 63 - 01 02 6 - 0000000c -
 [r] 01 02 00000000 00000000
-[f] 01000020 2c301c63
-[d] 0100001c 63 - 00 03 1 - 000002d8 -
-[r] 00 03 00000000 00000001
-[e] 01000018 01000014 1
+[e] 0100000c 00000001 0
+[w] 01000004 1 03 00000002
 [f] 01000018 00301663
-[d] 01000014 63 - 00 03 1 - 0000000c -
+[d] 01000014 63 - 00 03 1 - 000002e4 -
 [r] 00 03 00000000 00000000
-[f] 0100001c fe20eee3
-[d] 01000018 63 - 01 02 6 - fffffffc -
-[r] 01 02 00000000 00000002
-[e] 01000014 01000020 1
-[f] 01000024 00300193
-[d] 01000020 13 03 00 - 0 - 00000003 -
-[r] 00 - 00000000 -
-[f] 01000028 ffe00093
-[d] 01000024 13 01 00 - 0 - fffffffe -
-[r] 00 - 00000000 -
-[e] 01000020 00000003 0
-[f] 0100002c fff00113
-[d] 01000028 13 02 00 - 0 - ffffffff -
-[r] 00 - 00000000 -
-[e] 01000024 fffffffe 0
-[f] 01000030 0020e663
-[d] 0100002c 63 - 01 02 6 - 0000000c -
+[e] 01000010 0100001c 1
+[w] 01000008 1 01 00000000
+[f] 01000020 2c301c63
+[d] 0100001c 63 - 01 02 6 - fffffffc -
 [r] 01 02 00000000 00000000
-[e] 01000028 ffffffff 0
-[w] 01000020 1 03 00000003
-[f] 01000034 2c301263
-[d] 01000030 63 - 00 03 1 - 000002c4 -
+[f] 01000024 00300193
+[d] 01000020 63 - 00 03 1 - 000002d8 -
 [r] 00 03 00000000 00000001
-[e] 0100002c 01000038 1
-[w] 01000024 1 01 fffffffe
-[f] 0100003c fe20eee3
-[d] 01000038 63 - 01 02 6 - fffffffc -
-[r] 01 02 00000000 00000000
-[f] 01000040 2a301c63
-[d] 0100003c 63 - 00 03 1 - 000002b8 -
-[r] 00 03 fffffffe ffffffff
-[e] 01000038 01000034 1
-[f] 01000038 00301663
-[d] 01000034 63 - 00 03 1 - 0000000c -
-[r] 00 03 00000000 00000000
-[f] 0100003c fe20eee3
-[d] 01000038 63 - 01 02 6 - fffffffc -
-[r] 01 02 00000000 00000003
-[e] 01000034 01000040 1
-[f] 01000044 00400193
-[d] 01000040 13 03 00 - 0 - 00000004 -
-[r] 00 - 00000000 -
-[f] 01000048 00000093
-[d] 01000044 13 01 00 - 0 - 00000000 -
-[r] 00 - 00000000 -
-[e] 01000040 00000004 0
-[f] 0100004c fff00113
-[d] 01000048 13 02 00 - 0 - ffffffff -
-[r] 00 - 00000000 -
-[e] 01000044 00000000 0
-[f] 01000050 0020e663
-[d] 0100004c 63 - 01 02 6 - 0000000c -
-[r] 01 02 00000000 00000000
-[e] 01000048 ffffffff 0
-[w] 01000040 1 03 00000004
-[f] 01000054 2a301263
-[d] 01000050 63 - 00 03 1 - 000002a4 -
-[r] 00 03 fffffffe ffffffff
-[e] 0100004c 01000058 1
-[w] 01000044 1 01 00000000
-[f] 0100005c fe20eee3
-[d] 01000058 63 - 01 02 6 - fffffffc -
-[r] 01 02 00000000 00000000
-[f] 01000060 28301c63
-[d] 0100005c 63 - 00 03 1 - 00000298 -
-[r] 00 03 00000000 ffffffff
-[e] 01000058 01000054 1
-[f] 01000058 00301663
-[d] 01000054 63 - 00 03 1 - 0000000c -
-[r] 00 03 00000000 00000000
-[f] 0100005c fe20eee3
-[d] 01000058 63 - 01 02 6 - fffffffc -
-[r] 01 02 00000000 00000004
-[e] 01000054 01000060 1
-[f] 01000064 00500193
-[d] 01000060 13 03 00 - 0 - 00000005 -
-[r] 00 - 00000000 -
-[f] 01000068 00100093
-[d] 01000064 13 01 00 - 0 - 00000001 -
-[r] 00 - 00000000 -
-[e] 01000060 00000005 0
-[f] 0100006c 00000113
-[d] 01000068 13 02 00 - 0 - 00000000 -
-[r] 00 - 00000000 -
-[e] 01000064 00000001 0
-[f] 01000070 0020e463
-[d] 0100006c 63 - 01 02 6 - 00000008 -
-[r] 01 02 00000000 00000000
-[e] 01000068 00000000 0
-[w] 01000060 1 03 00000005
-[f] 01000074 00301463
-[d] 01000070 63 - 00 03 1 - 00000008 -
-[r] 00 03 00000000 ffffffff
-[e] 0100006c 01000074 0
-[w] 01000064 1 01 00000001
-[f] 01000078 28301063
-[d] 01000074 63 - 00 03 1 - 00000280 -
-[r] 00 03 00000000 00000005
-[e] 01000070 01000078 1
-[w] 01000068 1 02 00000000
-[f] 0100007c fe20eee3
-[d] 01000078 63 - 01 02 6 - fffffffc -
-[r] 01 02 00000000 00000000
-[f] 01000080 00600193
-[d] 0100007c 13 03 00 - 0 - 00000006 -
-[r] 00 - 00000001 -
-[e] 01000078 01000074 0
-[f] 01000084 fff00093
-[d] 01000080 13 01 00 - 0 - ffffffff -
-[r] 00 - 00000000 -
-[e] 0100007c 00000006 0
-[f] 01000088 ffe00113
-[d] 01000084 13 02 00 - 0 - fffffffe -
-[r] 00 - 00000000 -
-[e] 01000080 ffffffff 0
-[f] 0100008c 0020e463
-[d] 01000088 63 - 01 02 6 - 00000008 -
-[r] 01 02 00000000 00000000
-[e] 01000084 fffffffe 0
-[w] 0100007c 1 03 00000006
-[f] 01000090 00301463
-[d] 0100008c 63 - 00 03 1 - 00000008 -
-[r] 00 03 00000001 00000000
-[e] 01000088 01000090 0
-[w] 01000080 1 01 ffffffff
-[f] 01000094 26301263
-[d] 01000090 63 - 00 03 1 - 00000264 -
-[r] 00 03 00000000 00000006
-[e] 0100008c 01000094 1
-[w] 01000084 1 02 fffffffe
-[f] 01000098 fe20eee3
-[d] 01000094 63 - 01 02 6 - fffffffc -
-[r] 01 02 00000000 00000000
-[f] 0100009c 00700193
-[d] 01000098 13 03 00 - 0 - 00000007 -
-[r] 00 - ffffffff -
-[e] 01000094 01000090 0
-[f] 010000a0 fff00093
-[d] 0100009c 13 01 00 - 0 - ffffffff -
-[r] 00 - 00000000 -
-[e] 01000098 00000007 0
-[f] 010000a4 00000113
-[d] 010000a0 13 02 00 - 0 - 00000000 -
-[r] 00 - 00000000 -
-[e] 0100009c ffffffff 0
-[f] 010000a8 0020e463
-[d] 010000a4 63 - 01 02 6 - 00000008 -
-[r] 01 02 00000000 00000000
-[e] 010000a0 00000000 0
-[w] 01000098 1 03 00000007
-[f] 010000ac 00301463
-[d] 010000a8 63 - 00 03 1 - 00000008 -
-[r] 00 03 ffffffff fffffffe
-[e] 010000a4 010000ac 0
-[w] 0100009c 1 01 ffffffff
-[f] 010000b0 24301463
-[d] 010000ac 63 - 00 03 1 - 00000248 -
-[r] 00 03 00000000 00000007
-[e] 010000a8 010000b0 1
-[w] 010000a0 1 02 00000000
-[f] 010000b4 fe20eee3
-[d] 010000b0 63 - 01 02 6 - fffffffc -
-[r] 01 02 00000000 00000000
-[f] 010000b8 00800193
-[d] 010000b4 13 03 00 - 0 - 00000008 -
-[r] 00 - ffffffff -
-[e] 010000b0 010000ac 0
-[f] 010000bc 800000b7
-[d] 010000b8 37 01 - - - - 80000000 -
-[r] - - - -
-[e] 010000b4 00000008 0
-[f] 010000c0 80000137
-[d] 010000bc 37 02 - - - - 80000000 -
-[r] - - - -
-[e] 010000b8 80000000 0
-[f] 010000c4 fff10113
-[d] 010000c0 13 02 02 - 0 - ffffffff -
-[r] 02 - 00000000 -
-[e] 010000bc 80000000 0
-[w] 010000b4 1 03 00000008
-[f] 010000c8 0020e463
-[d] 010000c4 63 - 01 02 6 - 00000008 -
-[r] 01 02 00000000 00000000
-[e] 010000c0 7fffffff 0
-[w] 010000b8 1 01 80000000
-[f] 010000c8 0020e463
-[d] 010000c4 63 - 01 02 6 - 00000008 -
-[r] 01 02 ffffffff 00000000
-[e] 010000c4 ffffffff 0
-[w] 010000bc 1 02 80000000
-[f] 010000cc 00301463
-[d] 010000c8 63 - 00 03 1 - 00000008 -
-[r] 00 03 80000000 00000000
-[e] 010000c4 010000cc 0
-[w] 010000c0 1 02 7fffffff
-[f] 010000d0 22301463
-[d] 010000cc 63 - 00 03 1 - 00000228 -
-[r] 00 03 00000000 00000008
-[e] 010000c8 010000d0 1
-[f] 010000d4 fe20eee3
-[d] 010000d0 63 - 01 02 6 - fffffffc -
-[r] 01 02 00000000 00000000
-[f] 010000d8 00900193
-[d] 010000d4 13 03 00 - 0 - 00000009 -
-[r] 00 - 80000000 -
-[e] 010000d0 010000cc 0
-[f] 010000dc 00000213
-[d] 010000d8 13 04 00 - 0 - 00000000 -
-[r] 00 - 00000000 -
-[e] 010000d4 00000009 0
-[f] 010000e0 f00000b7
-[d] 010000dc 37 01 - - - - f0000000 -
-[r] - - - -
-[e] 010000d8 00000000 0
-[f] 010000e4 f0000137
-[d] 010000e0 37 02 - - - - f0000000 -
-[r] - - - -
-[e] 010000dc f0000000 0
-[w] 010000d4 1 03 00000009
-[f] 010000e8 fff10113
-[d] 010000e4 13 02 02 - 0 - ffffffff -
-[r] 02 - 00000000 -
-[e] 010000e0 f0000000 0
-[w] 010000d8 1 04 00000000
-[f] 010000ec 2020e663
-[d] 010000e8 63 - 01 02 6 - 0000020c -
-[r] 01 02 7fffffff 00000000
-[e] 010000e4 efffffff 0
-[w] 010000dc 1 01 f0000000
-[f] 010000ec 2020e663
-[d] 010000e8 63 - 01 02 6 - 0000020c -
-[r] 01 02 80000000 7fffffff
-[e] 010000e8 80000000 0
-[w] 010000e0 1 02 f0000000
-[f] 010000f0 00120213
-[d] 010000ec 13 04 04 - 0 - 00000001 -
-[r] 04 - f0000000 -
-[e] 010000e8 010002f4 0
-[w] 010000e4 1 02 efffffff
-[f] 010000f4 00200293
-[d] 010000f0 13 05 00 - 0 - 00000002 -
-[r] 00 - 00000000 -
-[e] 010000ec 00000001 0
-[f] 010000f8 fe5214e3
-[d] 010000f4 63 - 04 05 1 - ffffffe8 -
-[r] 04 05 00000000 00000000
-[e] 010000f0 00000002 0
-[f] 010000fc 00a00193
-[d] 010000f8 13 03 00 - 0 - 0000000a -
-[r] 00 - 00000000 -
-[e] 010000f4 010000dc 1
-[w] 010000ec 1 04 00000001
-[f] 010000e0 f00000b7
-[d] 010000dc 37 01 - - - - f0000000 -
-[r] - - - -
-[f] 010000e4 f0000137
-[d] 010000e0 37 02 - - - - f0000000 -
-[r] - - - -
-[e] 010000dc f0000000 0
-[f] 010000e8 fff10113
-[d] 010000e4 13 02 02 - 0 - ffffffff -
-[r] 02 - 00000000 -
-[e] 010000e0 f0000000 0
-[f] 010000ec 2020e663
-[d] 010000e8 63 - 01 02 6 - 0000020c -
-[r] 01 02 efffffff 00000000
-[e] 010000e4 efffffff 0
-[w] 010000dc 1 01 f0000000
-[f] 010000ec 2020e663
-[d] 010000e8 63 - 01 02 6 - 0000020c -
-[r] 01 02 f0000000 efffffff
-[e] 010000e8 f0000000 0
-[w] 010000e0 1 02 f0000000
-[f] 010000f0 00120213
-[d] 010000ec 13 04 04 - 0 - 00000001 -
-[r] 04 - f0000000 -
-[e] 010000e8 010002f4 0
-[w] 010000e4 1 02 efffffff
-[f] 010000f4 00200293
-[d] 010000f0 13 05 00 - 0 - 00000002 -
-[r] 00 - 00000001 -
-[e] 010000ec 00000002 0
-[f] 010000f8 fe5214e3
-[d] 010000f4 63 - 04 05 1 - ffffffe8 -
-[r] 04 05 00000000 00000000
-[e] 010000f0 00000002 0
-[f] 010000fc 00a00193
-[d] 010000f8 13 03 00 - 0 - 0000000a -
-[r] 00 - 00000001 -
-[e] 010000f4 010000dc 0
-[w] 010000ec 1 04 00000002
-[f] 01000100 00000213
-[d] 010000fc 13 04 00 - 0 - 00000000 -
-[r] 00 - 00000000 -
-[e] 010000f8 0000000a 0
-[w] 010000f0 1 05 00000002
-[f] 01000104 f00000b7
-[d] 01000100 37 01 - - - - f0000000 -
-[r] - - - -
-[e] 010000fc 00000000 0
-[f] 01000108 f0000137
-[d] 01000104 37 02 - - - - f0000000 -
-[r] - - - -
-[e] 01000100 f0000000 0
-[w] 010000f8 1 03 0000000a
-[f] 0100010c fff10113
-[d] 01000108 13 02 02 - 0 - ffffffff -
-[r] 02 - 00000000 -
-[e] 01000104 f0000000 0
-[w] 010000fc 1 04 00000000
-[f] 01000114 1e20e263
-[d] 01000110 63 - 01 02 6 - 000001e4 -
-[r] 01 02 00000000 00000000
-[w] 01000104 1 02 f0000000
-[f] 01000118 00120213
-[d] 01000114 13 04 04 - 0 - 00000001 -
-[r] 04 - f0000000 -
-[e] 01000110 010002f4 0
-[w] 01000108 1 02 efffffff
-[f] 0100011c 00200293
-[d] 01000118 13 05 00 - 0 - 00000002 -
-[r] 00 - 00000000 -
-[e] 01000114 00000001 0
-[f] 01000120 fe5212e3
-[d] 0100011c 63 - 04 05 1 - ffffffe4 -
-[r] 04 05 00000000 00000000
-[e] 01000118 00000002 0
-[f] 01000124 00b00193
-[d] 01000120 13 03 00 - 0 - 0000000b -
-[r] 00 - 00000000 -
-[e] 0100011c 01000100 1
-[w] 01000114 1 04 00000001
-[f] 01000104 f00000b7
-[d] 01000100 37 01 - - - - f0000000 -
-[r] - - - -
-[f] 01000108 f0000137
-[d] 01000104 37 02 - - - - f0000000 -
-[r] - - - -
-[e] 01000100 f0000000 0
-[f] 0100010c fff10113
-[d] 01000108 13 02 02 - 0 - ffffffff -
-[r] 02 - 00000000 -
-[e] 01000104 f0000000 0
-[f] 01000114 1e20e263
-[d] 01000110 63 - 01 02 6 - 000001e4 -
-[r] 01 02 00000000 00000000
-[w] 01000104 1 02 f0000000
-[f] 01000118 00120213
-[d] 01000114 13 04 04 - 0 - 00000001 -
-[r] 04 - f0000000 -
-[e] 01000110 010002f4 0
-[w] 01000108 1 02 efffffff
-[f] 0100011c 00200293
-[d] 01000118 13 05 00 - 0 - 00000002 -
-[r] 00 - 00000001 -
-[e] 01000114 00000002 0
-[f] 01000120 fe5212e3
-[d] 0100011c 63 - 04 05 1 - ffffffe4 -
-[r] 04 05 00000000 00000000
-[e] 01000118 00000002 0
-[f] 01000124 00b00193
-[d] 01000120 13 03 00 - 0 - 0000000b -
-[r] 00 - 00000001 -
-[e] 0100011c 01000100 0
-[w] 01000114 1 04 00000002
-[f] 01000128 00000213
-[d] 01000124 13 04 00 - 0 - 00000000 -
-[r] 00 - 00000000 -
-[e] 01000120 0000000b 0
-[w] 01000118 1 05 00000002
-[f] 0100012c f00000b7
-[d] 01000128 37 01 - - - - f0000000 -
-[r] - - - -
-[e] 01000124 00000000 0
-[f] 01000130 f0000137
-[d] 0100012c 37 02 - - - - f0000000 -
-[r] - - - -
-[e] 01000128 f0000000 0
-[w] 01000120 1 03 0000000b
-[f] 01000134 fff10113
-[d] 01000130 13 02 02 - 0 - ffffffff -
-[r] 02 - 00000000 -
-[e] 0100012c f0000000 0
-[w] 01000124 1 04 00000000
-[f] 01000140 1a20ec63
-[d] 0100013c 63 - 01 02 6 - 000001b8 -
-[r] 01 02 00000000 00000000
-[w] 01000130 1 02 efffffff
-[f] 01000140 1a20ec63
-[d] 0100013c 63 - 01 02 6 - 000001b8 -
-[r] 01 02 f0000000 f0000000
-[e] 0100013c f0000000 0
-[f] 01000144 00120213
-[d] 01000140 13 04 04 - 0 - 00000001 -
-[r] 04 - f0000000 -
-[e] 0100013c 010002f4 0
-[f] 01000148 00200293
-[d] 01000144 13 05 00 - 0 - 00000002 -
-[r] 00 - 00000000 -
-[e] 01000140 00000001 0
-[f] 0100014c fe5210e3
-[d] 01000148 63 - 04 05 1 - ffffffe0 -
-[r] 04 05 00000000 00000000
-[e] 01000144 00000002 0
-[f] 01000150 00c00193
-[d] 0100014c 13 03 00 - 0 - 0000000c -
-[r] 00 - 00000000 -
-[e] 01000148 01000128 1
-[w] 01000140 1 04 00000001
-[f] 0100012c f00000b7
-[d] 01000128 37 01 - - - - f0000000 -
-[r] - - - -
-[f] 01000130 f0000137
-[d] 0100012c 37 02 - - - - f0000000 -
-[r] - - - -
-[e] 01000128 f0000000 0
-[f] 01000134 fff10113
-[d] 01000130 13 02 02 - 0 - ffffffff -
-[r] 02 - 00000000 -
-[e] 0100012c f0000000 0
-[f] 01000140 1a20ec63
-[d] 0100013c 63 - 01 02 6 - 000001b8 -
-[r] 01 02 00000000 00000000
-[w] 01000130 1 02 efffffff
-[f] 01000140 1a20ec63
-[d] 0100013c 63 - 01 02 6 - 000001b8 -
-[r] 01 02 f0000000 f0000000
-[e] 0100013c f0000000 0
-[f] 01000144 00120213
-[d] 01000140 13 04 04 - 0 - 00000001 -
-[r] 04 - f0000000 -
-[e] 0100013c 010002f4 0
-[f] 01000148 00200293
-[d] 01000144 13 05 00 - 0 - 00000002 -
-[r] 00 - 00000001 -
-[e] 01000140 00000002 0
-[f] 0100014c fe5210e3
-[d] 01000148 63 - 04 05 1 - ffffffe0 -
-[r] 04 05 00000000 00000000
-[e] 01000144 00000002 0
-[f] 01000150 00c00193
-[d] 0100014c 13 03 00 - 0 - 0000000c -
-[r] 00 - 00000001 -
-[e] 01000148 01000128 0
-[w] 01000140 1 04 00000002
-[f] 01000154 00000213
-[d] 01000150 13 04 00 - 0 - 00000000 -
-[r] 00 - 00000000 -
-[e] 0100014c 0000000c 0
-[w] 01000144 1 05 00000002
-[f] 01000158 f00000b7
-[d] 01000154 37 01 - - - - f0000000 -
-[r] - - - -
-[e] 01000150 00000000 0
-[f] 01000160 f0000137
-[d] 0100015c 37 02 - - - - f0000000 -
-[r] - - - -
-[w] 01000150 1 04 00000000
-[f] 01000164 fff10113
-[d] 01000160 13 02 02 - 0 - ffffffff -
-[r] 02 - 00000000 -
-[e] 0100015c f0000000 0
-[w] 01000154 1 01 f0000000
-[f] 01000168 1820e863
-[d] 01000164 63 - 01 02 6 - 00000190 -
-[r] 01 02 efffffff 00000000
-[e] 01000160 efffffff 0
-[f] 0100016c 00120213
-[d] 01000168 13 04 04 - 0 - 00000001 -
-[r] 04 - f0000000 -
-[e] 01000164 010002f4 0
-[w] 0100015c 1 02 f0000000
-[f] 01000170 00200293
-[d] 0100016c 13 05 00 - 0 - 00000002 -
-[r] 00 - 00000000 -
-[e] 01000168 00000001 0
-[w] 01000160 1 02 efffffff
-[f] 01000174 fe5212e3
-[d] 01000170 63 - 04 05 1 - ffffffe4 -
-[r] 04 05 00000000 00000000
-[e] 0100016c 00000002 0
-[f] 01000178 00d00193
-[d] 01000174 13 03 00 - 0 - 0000000d -
-[r] 00 - 00000000 -
-[e] 01000170 01000154 1
-[w] 01000168 1 04 00000001
-[f] 01000158 f00000b7
-[d] 01000154 37 01 - - - - f0000000 -
-[r] - - - -
-[f] 01000160 f0000137
-[d] 0100015c 37 02 - - - - f0000000 -
-[r] - - - -
-[f] 01000164 fff10113
-[d] 01000160 13 02 02 - 0 - ffffffff -
-[r] 02 - 00000000 -
-[e] 0100015c f0000000 0
-[w] 01000154 1 01 f0000000
-[f] 01000168 1820e863
-[d] 01000164 63 - 01 02 6 - 00000190 -
-[r] 01 02 efffffff 00000000
-[e] 01000160 efffffff 0
-[f] 0100016c 00120213
-[d] 01000168 13 04 04 - 0 - 00000001 -
-[r] 04 - f0000000 -
-[e] 01000164 010002f4 0
-[w] 0100015c 1 02 f0000000
-[f] 01000170 00200293
-[d] 0100016c 13 05 00 - 0 - 00000002 -
-[r] 00 - 00000001 -
-[e] 01000168 00000002 0
-[w] 01000160 1 02 efffffff
-[f] 01000174 fe5212e3
-[d] 01000170 63 - 04 05 1 - ffffffe4 -
-[r] 04 05 00000000 00000000
-[e] 0100016c 00000002 0
-[f] 01000178 00d00193
-[d] 01000174 13 03 00 - 0 - 0000000d -
-[r] 00 - 00000001 -
-[e] 01000170 01000154 0
-[w] 01000168 1 04 00000002
-[f] 0100017c 00000213
-[d] 01000178 13 04 00 - 0 - 00000000 -
-[r] 00 - 00000000 -
-[e] 01000174 0000000d 0
-[w] 0100016c 1 05 00000002
-[f] 01000180 f00000b7
-[d] 0100017c 37 01 - - - - f0000000 -
-[r] - - - -
-[e] 01000178 00000000 0
-[f] 01000188 f0000137
-[d] 01000184 37 02 - - - - f0000000 -
-[r] - - - -
-[w] 01000178 1 04 00000000
-[f] 0100018c fff10113
-[d] 01000188 13 02 02 - 0 - ffffffff -
-[r] 02 - 00000000 -
-[e] 01000184 f0000000 0
-[w] 0100017c 1 01 f0000000
-[f] 01000194 1620e263
-[d] 01000190 63 - 01 02 6 - 00000164 -
-[r] 01 02 00000000 00000000
-[w] 01000184 1 02 f0000000
-[f] 01000198 00120213
-[d] 01000194 13 04 04 - 0 - 00000001 -
-[r] 04 - f0000000 -
-[e] 01000190 010002f4 0
-[w] 01000188 1 02 efffffff
-[f] 0100019c 00200293
-[d] 01000198 13 05 00 - 0 - 00000002 -
-[r] 00 - 00000000 -
-[e] 01000194 00000001 0
-[f] 010001a0 fe5210e3
-[d] 0100019c 63 - 04 05 1 - ffffffe0 -
-[r] 04 05 00000000 00000000
-[e] 01000198 00000002 0
-[f] 010001a4 00e00193
-[d] 010001a0 13 03 00 - 0 - 0000000e -
-[r] 00 - 00000000 -
-[e] 0100019c 0100017c 1
-[w] 01000194 1 04 00000001
-[f] 01000180 f00000b7
-[d] 0100017c 37 01 - - - - f0000000 -
-[r] - - - -
-[f] 01000188 f0000137
-[d] 01000184 37 02 - - - - f0000000 -
-[r] - - - -
-[f] 0100018c fff10113
-[d] 01000188 13 02 02 - 0 - ffffffff -
-[r] 02 - 00000000 -
-[e] 01000184 f0000000 0
-[w] 0100017c 1 01 f0000000
-[f] 01000194 1620e263
-[d] 01000190 63 - 01 02 6 - 00000164 -
-[r] 01 02 00000000 00000000
-[w] 01000184 1 02 f0000000
-[f] 01000198 00120213
-[d] 01000194 13 04 04 - 0 - 00000001 -
-[r] 04 - f0000000 -
-[e] 01000190 010002f4 0
-[w] 01000188 1 02 efffffff
-[f] 0100019c 00200293
-[d] 01000198 13 05 00 - 0 - 00000002 -
-[r] 00 - 00000001 -
-[e] 01000194 00000002 0
-[f] 010001a0 fe5210e3
-[d] 0100019c 63 - 04 05 1 - ffffffe0 -
-[r] 04 05 00000000 00000000
-[e] 01000198 00000002 0
-[f] 010001a4 00e00193
-[d] 010001a0 13 03 00 - 0 - 0000000e -
-[r] 00 - 00000001 -
-[e] 0100019c 0100017c 0
-[w] 01000194 1 04 00000002
-[f] 010001a8 00000213
-[d] 010001a4 13 04 00 - 0 - 00000000 -
-[r] 00 - 00000000 -
-[e] 010001a0 0000000e 0
-[w] 01000198 1 05 00000002
-[f] 010001ac f00000b7
-[d] 010001a8 37 01 - - - - f0000000 -
-[r] - - - -
-[e] 010001a4 00000000 0
-[f] 010001b8 f0000137
-[d] 010001b4 37 02 - - - - f0000000 -
-[r] - - - -
-[w] 010001a8 1 01 f0000000
-[f] 010001bc fff10113
-[d] 010001b8 13 02 02 - 0 - ffffffff -
-[r] 02 - 00000000 -
-[e] 010001b4 f0000000 0
-[f] 010001c0 1220ec63
-[d] 010001bc 63 - 01 02 6 - 00000138 -
-[r] 01 02 efffffff 00000000
-[e] 010001b8 efffffff 0
-[f] 010001c4 00120213
-[d] 010001c0 13 04 04 - 0 - 00000001 -
-[r] 04 - f0000000 -
-[e] 010001bc 010002f4 0
-[w] 010001b4 1 02 f0000000
-[f] 010001c8 00200293
-[d] 010001c4 13 05 00 - 0 - 00000002 -
-[r] 00 - 00000000 -
-[e] 010001c0 00000001 0
-[w] 010001b8 1 02 efffffff
-[f] 010001cc fe5210e3
-[d] 010001c8 63 - 04 05 1 - ffffffe0 -
-[r] 04 05 00000000 00000000
-[e] 010001c4 00000002 0
-[f] 010001d0 00f00193
-[d] 010001cc 13 03 00 - 0 - 0000000f -
-[r] 00 - 00000000 -
-[e] 010001c8 010001a8 1
-[w] 010001c0 1 04 00000001
-[f] 010001ac f00000b7
-[d] 010001a8 37 01 - - - - f0000000 -
-[r] - - - -
-[f] 010001b8 f0000137
-[d] 010001b4 37 02 - - - - f0000000 -
-[r] - - - -
-[w] 010001a8 1 01 f0000000
-[f] 010001bc fff10113
-[d] 010001b8 13 02 02 - 0 - ffffffff -
-[r] 02 - 00000000 -
-[e] 010001b4 f0000000 0
-[f] 010001c0 1220ec63
-[d] 010001bc 63 - 01 02 6 - 00000138 -
-[r] 01 02 efffffff 00000000
-[e] 010001b8 efffffff 0
-[f] 010001c4 00120213
-[d] 010001c0 13 04 04 - 0 - 00000001 -
-[r] 04 - f0000000 -
-[e] 010001bc 010002f4 0
-[w] 010001b4 1 02 f0000000
-[f] 010001c8 00200293
-[d] 010001c4 13 05 00 - 0 - 00000002 -
-[r] 00 - 00000001 -
-[e] 010001c0 00000002 0
-[w] 010001b8 1 02 efffffff
-[f] 010001cc fe5210e3
-[d] 010001c8 63 - 04 05 1 - ffffffe0 -
-[r] 04 05 00000000 00000000
-[e] 010001c4 00000002 0
-[f] 010001d0 00f00193
-[d] 010001cc 13 03 00 - 0 - 0000000f -
-[r] 00 - 00000001 -
-[e] 010001c8 010001a8 0
-[w] 010001c0 1 04 00000002
-[f] 010001d4 00000213
-[d] 010001d0 13 04 00 - 0 - 00000000 -
-[r] 00 - 00000000 -
-[e] 010001cc 0000000f 0
-[w] 010001c4 1 05 00000002
-[f] 010001d8 f00000b7
-[d] 010001d4 37 01 - - - - f0000000 -
-[r] - - - -
-[e] 010001d0 00000000 0
-[f] 010001dc f0000137
-[d] 010001d8 37 02 - - - - f0000000 -
-[r] - - - -
-[e] 010001d4 f0000000 0
-[w] 010001cc 1 03 0000000f
-[f] 010001e0 fff10113
-[d] 010001dc 13 02 02 - 0 - ffffffff -
-[r] 02 - 00000000 -
-[e] 010001d8 f0000000 0
-[w] 010001d0 1 04 00000000
-[f] 010001e4 1020ea63
-[d] 010001e0 63 - 01 02 6 - 00000114 -
-[r] 01 02 efffffff 00000000
-[e] 010001dc efffffff 0
-[w] 010001d4 1 01 f0000000
-[f] 010001e4 1020ea63
-[d] 010001e0 63 - 01 02 6 - 00000114 -
-[r] 01 02 f0000000 efffffff
-[e] 010001e0 f0000000 0
-[w] 010001d8 1 02 f0000000
-[f] 010001e8 00120213
-[d] 010001e4 13 04 04 - 0 - 00000001 -
-[r] 04 - f0000000 -
-[e] 010001e0 010002f4 0
-[w] 010001dc 1 02 efffffff
-[f] 010001ec 00200293
-[d] 010001e8 13 05 00 - 0 - 00000002 -
-[r] 00 - 00000000 -
-[e] 010001e4 00000001 0
-[f] 010001f0 fe5214e3
-[d] 010001ec 63 - 04 05 1 - ffffffe8 -
-[r] 04 05 00000000 00000000
-[e] 010001e8 00000002 0
-[f] 010001f4 01000193
-[d] 010001f0 13 03 00 - 0 - 00000010 -
-[r] 00 - 00000000 -
-[e] 010001ec 010001d4 1
-[w] 010001e4 1 04 00000001
-[f] 010001d8 f00000b7
-[d] 010001d4 37 01 - - - - f0000000 -
-[r] - - - -
-[f] 010001dc f0000137
-[d] 010001d8 37 02 - - - - f0000000 -
-[r] - - - -
-[e] 010001d4 f0000000 0
-[f] 010001e0 fff10113
-[d] 010001dc 13 02 02 - 0 - ffffffff -
-[r] 02 - 00000000 -
-[e] 010001d8 f0000000 0
-[f] 010001e4 1020ea63
-[d] 010001e0 63 - 01 02 6 - 00000114 -
-[r] 01 02 efffffff 00000000
-[e] 010001dc efffffff 0
-[w] 010001d4 1 01 f0000000
-[f] 010001e4 1020ea63
-[d] 010001e0 63 - 01 02 6 - 00000114 -
-[r] 01 02 f0000000 efffffff
-[e] 010001e0 f0000000 0
-[w] 010001d8 1 02 f0000000
-[f] 010001e8 00120213
-[d] 010001e4 13 04 04 - 0 - 00000001 -
-[r] 04 - f0000000 -
-[e] 010001e0 010002f4 0
-[w] 010001dc 1 02 efffffff
-[f] 010001ec 00200293
-[d] 010001e8 13 05 00 - 0 - 00000002 -
-[r] 00 - 00000001 -
-[e] 010001e4 00000002 0
-[f] 010001f0 fe5214e3
-[d] 010001ec 63 - 04 05 1 - ffffffe8 -
-[r] 04 05 00000000 00000000
-[e] 010001e8 00000002 0
-[f] 010001f4 01000193
-[d] 010001f0 13 03 00 - 0 - 00000010 -
-[r] 00 - 00000001 -
-[e] 010001ec 010001d4 0
-[w] 010001e4 1 04 00000002
-[f] 010001f8 00000213
-[d] 010001f4 13 04 00 - 0 - 00000000 -
-[r] 00 - 00000000 -
-[e] 010001f0 00000010 0
-[w] 010001e8 1 05 00000002
-[f] 010001fc f00000b7
-[d] 010001f8 37 01 - - - - f0000000 -
-[r] - - - -
-[e] 010001f4 00000000 0
-[f] 01000200 f0000137
-[d] 010001fc 37 02 - - - - f0000000 -
-[r] - - - -
-[e] 010001f8 f0000000 0
-[w] 010001f0 1 03 00000010
-[f] 01000204 fff10113
-[d] 01000200 13 02 02 - 0 - ffffffff -
-[r] 02 - 00000000 -
-[e] 010001fc f0000000 0
-[w] 010001f4 1 04 00000000
-[f] 0100020c 0e20e663
-[d] 01000208 63 - 01 02 6 - 000000ec -
-[r] 01 02 00000000 00000000
-[w] 010001fc 1 02 f0000000
-[f] 01000210 00120213
-[d] 0100020c 13 04 04 - 0 - 00000001 -
-[r] 04 - f0000000 -
-[e] 01000208 010002f4 0
-[w] 01000200 1 02 efffffff
-[f] 01000214 00200293
-[d] 01000210 13 05 00 - 0 - 00000002 -
-[r] 00 - 00000000 -
-[e] 0100020c 00000001 0
-[f] 01000218 fe5212e3
-[d] 01000214 63 - 04 05 1 - ffffffe4 -
-[r] 04 05 00000000 00000000
-[e] 01000210 00000002 0
-[f] 0100021c 01100193
-[d] 01000218 13 03 00 - 0 - 00000011 -
-[r] 00 - 00000000 -
-[e] 01000214 010001f8 1
-[w] 0100020c 1 04 00000001
-[f] 010001fc f00000b7
-[d] 010001f8 37 01 - - - - f0000000 -
-[r] - - - -
-[f] 01000200 f0000137
-[d] 010001fc 37 02 - - - - f0000000 -
-[r] - - - -
-[e] 010001f8 f0000000 0
-[f] 01000204 fff10113
-[d] 01000200 13 02 02 - 0 - ffffffff -
-[r] 02 - 00000000 -
-[e] 010001fc f0000000 0
-[f] 0100020c 0e20e663
-[d] 01000208 63 - 01 02 6 - 000000ec -
-[r] 01 02 00000000 00000000
-[w] 010001fc 1 02 f0000000
-[f] 01000210 00120213
-[d] 0100020c 13 04 04 - 0 - 00000001 -
-[r] 04 - f0000000 -
-[e] 01000208 010002f4 0
-[w] 01000200 1 02 efffffff
-[f] 01000214 00200293
-[d] 01000210 13 05 00 - 0 - 00000002 -
-[r] 00 - 00000001 -
-[e] 0100020c 00000002 0
-[f] 01000218 fe5212e3
-[d] 01000214 63 - 04 05 1 - ffffffe4 -
-[r] 04 05 00000000 00000000
-[e] 01000210 00000002 0
-[f] 0100021c 01100193
-[d] 01000218 13 03 00 - 0 - 00000011 -
-[r] 00 - 00000001 -
-[e] 01000214 010001f8 0
-[w] 0100020c 1 04 00000002
-[f] 01000220 00000213
-[d] 0100021c 13 04 00 - 0 - 00000000 -
-[r] 00 - 00000000 -
-[e] 01000218 00000011 0
-[w] 01000210 1 05 00000002
-[f] 01000224 f00000b7
-[d] 01000220 37 01 - - - - f0000000 -
-[r] - - - -
-[e] 0100021c 00000000 0
-[f] 01000228 f0000137
-[d] 01000224 37 02 - - - - f0000000 -
-[r] - - - -
-[e] 01000220 f0000000 0
-[w] 01000218 1 03 00000011
-[f] 0100022c fff10113
-[d] 01000228 13 02 02 - 0 - ffffffff -
-[r] 02 - 00000000 -
-[e] 01000224 f0000000 0
-[w] 0100021c 1 04 00000000
-[f] 01000238 0c20e063
-[d] 01000234 63 - 01 02 6 - 000000c0 -
-[r] 01 02 00000000 00000000
-[w] 01000228 1 02 efffffff
-[f] 01000238 0c20e063
-[d] 01000234 63 - 01 02 6 - 000000c0 -
-[r] 01 02 f0000000 f0000000
-[e] 01000234 f0000000 0
-[f] 0100023c 00120213
-[d] 01000238 13 04 04 - 0 - 00000001 -
-[r] 04 - f0000000 -
-[e] 01000234 010002f4 0
-[f] 01000240 00200293
-[d] 0100023c 13 05 00 - 0 - 00000002 -
-[r] 00 - 00000000 -
-[e] 01000238 00000001 0
-[f] 01000244 fe5210e3
-[d] 01000240 63 - 04 05 1 - ffffffe0 -
-[r] 04 05 00000000 00000000
-[e] 0100023c 00000002 0
-[f] 01000248 01200193
-[d] 01000244 13 03 00 - 0 - 00000012 -
-[r] 00 - 00000000 -
-[e] 01000240 01000220 1
-[w] 01000238 1 04 00000001
-[f] 01000224 f00000b7
-[d] 01000220 37 01 - - - - f0000000 -
-[r] - - - -
-[f] 01000228 f0000137
-[d] 01000224 37 02 - - - - f0000000 -
-[r] - - - -
-[e] 01000220 f0000000 0
-[f] 0100022c fff10113
-[d] 01000228 13 02 02 - 0 - ffffffff -
-[r] 02 - 00000000 -
-[e] 01000224 f0000000 0
-[f] 01000238 0c20e063
-[d] 01000234 63 - 01 02 6 - 000000c0 -
-[r] 01 02 00000000 00000000
-[w] 01000228 1 02 efffffff
-[f] 01000238 0c20e063
-[d] 01000234 63 - 01 02 6 - 000000c0 -
-[r] 01 02 f0000000 f0000000
-[e] 01000234 f0000000 0
-[f] 0100023c 00120213
-[d] 01000238 13 04 04 - 0 - 00000001 -
-[r] 04 - f0000000 -
-[e] 01000234 010002f4 0
-[f] 01000240 00200293
-[d] 0100023c 13 05 00 - 0 - 00000002 -
-[r] 00 - 00000001 -
-[e] 01000238 00000002 0
-[f] 01000244 fe5210e3
-[d] 01000240 63 - 04 05 1 - ffffffe0 -
-[r] 04 05 00000000 00000000
-[e] 0100023c 00000002 0
-[f] 01000248 01200193
-[d] 01000244 13 03 00 - 0 - 00000012 -
-[r] 00 - 00000001 -
-[e] 01000240 01000220 0
-[w] 01000238 1 04 00000002
-[f] 0100024c 00000213
-[d] 01000248 13 04 00 - 0 - 00000000 -
-[r] 00 - 00000000 -
-[e] 01000244 00000012 0
-[w] 0100023c 1 05 00000002
-[f] 01000250 f00000b7
-[d] 0100024c 37 01 - - - - f0000000 -
-[r] - - - -
-[e] 01000248 00000000 0
-[f] 01000258 f0000137
-[d] 01000254 37 02 - - - - f0000000 -
-[r] - - - -
-[w] 01000248 1 04 00000000
-[f] 0100025c fff10113
-[d] 01000258 13 02 02 - 0 - ffffffff -
-[r] 02 - 00000000 -
-[e] 01000254 f0000000 0
-[w] 0100024c 1 01 f0000000
-[f] 01000260 0820ec63
-[d] 0100025c 63 - 01 02 6 - 00000098 -
-[r] 01 02 efffffff 00000000
-[e] 01000258 efffffff 0
-[f] 01000264 00120213
-[d] 01000260 13 04 04 - 0 - 00000001 -
-[r] 04 - f0000000 -
-[e] 0100025c 010002f4 0
-[w] 01000254 1 02 f0000000
-[f] 01000268 00200293
-[d] 01000264 13 05 00 - 0 - 00000002 -
-[r] 00 - 00000000 -
-[e] 01000260 00000001 0
-[w] 01000258 1 02 efffffff
-[f] 0100026c fe5212e3
-[d] 01000268 63 - 04 05 1 - ffffffe4 -
-[r] 04 05 00000000 00000000
-[e] 01000264 00000002 0
-[f] 01000270 01300193
-[d] 0100026c 13 03 00 - 0 - 00000013 -
-[r] 00 - 00000000 -
-[e] 01000268 0100024c 1
-[w] 01000260 1 04 00000001
-[f] 01000250 f00000b7
-[d] 0100024c 37 01 - - - - f0000000 -
-[r] - - - -
-[f] 01000258 f0000137
-[d] 01000254 37 02 - - - - f0000000 -
-[r] - - - -
-[f] 0100025c fff10113
-[d] 01000258 13 02 02 - 0 - ffffffff -
-[r] 02 - 00000000 -
-[e] 01000254 f0000000 0
-[w] 0100024c 1 01 f0000000
-[f] 01000260 0820ec63
-[d] 0100025c 63 - 01 02 6 - 00000098 -
-[r] 01 02 efffffff 00000000
-[e] 01000258 efffffff 0
-[f] 01000264 00120213
-[d] 01000260 13 04 04 - 0 - 00000001 -
-[r] 04 - f0000000 -
-[e] 0100025c 010002f4 0
-[w] 01000254 1 02 f0000000
-[f] 01000268 00200293
-[d] 01000264 13 05 00 - 0 - 00000002 -
-[r] 00 - 00000001 -
-[e] 01000260 00000002 0
-[w] 01000258 1 02 efffffff
-[f] 0100026c fe5212e3
-[d] 01000268 63 - 04 05 1 - ffffffe4 -
-[r] 04 05 00000000 00000000
-[e] 01000264 00000002 0
-[f] 01000270 01300193
-[d] 0100026c 13 03 00 - 0 - 00000013 -
-[r] 00 - 00000001 -
-[e] 01000268 0100024c 0
-[w] 01000260 1 04 00000002
-[f] 01000274 00000213
-[d] 01000270 13 04 00 - 0 - 00000000 -
-[r] 00 - 00000000 -
-[e] 0100026c 00000013 0
-[w] 01000264 1 05 00000002
-[f] 01000278 f00000b7
-[d] 01000274 37 01 - - - - f0000000 -
-[r] - - - -
-[e] 01000270 00000000 0
-[f] 01000280 f0000137
-[d] 0100027c 37 02 - - - - f0000000 -
-[r] - - - -
-[w] 01000270 1 04 00000000
-[f] 01000284 fff10113
-[d] 01000280 13 02 02 - 0 - ffffffff -
-[r] 02 - 00000000 -
-[e] 0100027c f0000000 0
-[w] 01000274 1 01 f0000000
-[f] 0100028c 0620e663
-[d] 01000288 63 - 01 02 6 - 0000006c -
-[r] 01 02 00000000 00000000
-[w] 0100027c 1 02 f0000000
-[f] 01000290 00120213
-[d] 0100028c 13 04 04 - 0 - 00000001 -
-[r] 04 - f0000000 -
-[e] 01000288 010002f4 0
-[w] 01000280 1 02 efffffff
-[f] 01000294 00200293
-[d] 01000290 13 05 00 - 0 - 00000002 -
-[r] 00 - 00000000 -
-[e] 0100028c 00000001 0
-[f] 01000298 fe5210e3
-[d] 01000294 63 - 04 05 1 - ffffffe0 -
-[r] 04 05 00000000 00000000
-[e] 01000290 00000002 0
-[f] 0100029c 01400193
-[d] 01000298 13 03 00 - 0 - 00000014 -
-[r] 00 - 00000000 -
-[e] 01000294 01000274 1
-[w] 0100028c 1 04 00000001
-[f] 01000278 f00000b7
-[d] 01000274 37 01 - - - - f0000000 -
-[r] - - - -
-[f] 01000280 f0000137
-[d] 0100027c 37 02 - - - - f0000000 -
-[r] - - - -
-[f] 01000284 fff10113
-[d] 01000280 13 02 02 - 0 - ffffffff -
-[r] 02 - 00000000 -
-[e] 0100027c f0000000 0
-[w] 01000274 1 01 f0000000
-[f] 0100028c 0620e663
-[d] 01000288 63 - 01 02 6 - 0000006c -
-[r] 01 02 00000000 00000000
-[w] 0100027c 1 02 f0000000
-[f] 01000290 00120213
-[d] 0100028c 13 04 04 - 0 - 00000001 -
-[r] 04 - f0000000 -
-[e] 01000288 010002f4 0
-[w] 01000280 1 02 efffffff
-[f] 01000294 00200293
-[d] 01000290 13 05 00 - 0 - 00000002 -
-[r] 00 - 00000001 -
-[e] 0100028c 00000002 0
-[f] 01000298 fe5210e3
-[d] 01000294 63 - 04 05 1 - ffffffe0 -
-[r] 04 05 00000000 00000000
-[e] 01000290 00000002 0
-[f] 0100029c 01400193
-[d] 01000298 13 03 00 - 0 - 00000014 -
-[r] 00 - 00000001 -
-[e] 01000294 01000274 0
-[w] 0100028c 1 04 00000002
-[f] 010002a0 00000213
-[d] 0100029c 13 04 00 - 0 - 00000000 -
-[r] 00 - 00000000 -
-[e] 01000298 00000014 0
-[w] 01000290 1 05 00000002
-[f] 010002a4 f00000b7
-[d] 010002a0 37 01 - - - - f0000000 -
-[r] - - - -
-[e] 0100029c 00000000 0
-[f] 010002b0 f0000137
-[d] 010002ac 37 02 - - - - f0000000 -
-[r] - - - -
-[w] 010002a0 1 01 f0000000
-[f] 010002b4 fff10113
-[d] 010002b0 13 02 02 - 0 - ffffffff -
-[r] 02 - 00000000 -
-[e] 010002ac f0000000 0
-[f] 010002b8 0420e063
-[d] 010002b4 63 - 01 02 6 - 00000040 -
-[r] 01 02 efffffff 00000000
-[e] 010002b0 efffffff 0
-[f] 010002bc 00120213
-[d] 010002b8 13 04 04 - 0 - 00000001 -
-[r] 04 - f0000000 -
-[e] 010002b4 010002f4 0
-[w] 010002ac 1 02 f0000000
-[f] 010002c0 00200293
-[d] 010002bc 13 05 00 - 0 - 00000002 -
-[r] 00 - 00000000 -
-[e] 010002b8 00000001 0
-[w] 010002b0 1 02 efffffff
-[f] 010002c4 fe5210e3
-[d] 010002c0 63 - 04 05 1 - ffffffe0 -
-[r] 04 05 00000000 00000000
-[e] 010002bc 00000002 0
-[f] 010002c8 00100093
-[d] 010002c4 13 01 00 - 0 - 00000001 -
-[r] 00 - 00000000 -
-[e] 010002c0 010002a0 1
-[w] 010002b8 1 04 00000001
-[f] 010002a4 f00000b7
-[d] 010002a0 37 01 - - - - f0000000 -
-[r] - - - -
-[f] 010002b0 f0000137
-[d] 010002ac 37 02 - - - - f0000000 -
-[r] - - - -
-[w] 010002a0 1 01 f0000000
-[f] 010002b4 fff10113
-[d] 010002b0 13 02 02 - 0 - ffffffff -
-[r] 02 - 00000000 -
-[e] 010002ac f0000000 0
-[f] 010002b8 0420e063
-[d] 010002b4 63 - 01 02 6 - 00000040 -
-[r] 01 02 efffffff 00000000
-[e] 010002b0 efffffff 0
-[f] 010002bc 00120213
-[d] 010002b8 13 04 04 - 0 - 00000001 -
-[r] 04 - f0000000 -
-[e] 010002b4 010002f4 0
-[w] 010002ac 1 02 f0000000
-[f] 010002c0 00200293
-[d] 010002bc 13 05 00 - 0 - 00000002 -
-[r] 00 - 00000001 -
-[e] 010002b8 00000002 0
-[w] 010002b0 1 02 efffffff
-[f] 010002c4 fe5210e3
-[d] 010002c0 63 - 04 05 1 - ffffffe0 -
-[r] 04 05 00000000 00000000
-[e] 010002bc 00000002 0
-[f] 010002c8 00100093
-[d] 010002c4 13 01 00 - 0 - 00000001 -
-[r] 00 - 00000001 -
-[e] 010002c0 010002a0 0
-[w] 010002b8 1 04 00000002
-[f] 010002cc 00106a63
-[d] 010002c8 63 - 00 01 6 - 00000014 -
-[r] 00 01 00000000 00000000
-[e] 010002c4 00000001 0
-[w] 010002bc 1 05 00000002
-[f] 010002d0 00108093
-[d] 010002cc 13 01 01 - 0 - 00000001 -
-[r] 01 - 00000000 -
-[e] 010002c8 010002dc 1
-[f] 010002e0 00108093
-[d] 010002dc 13 01 01 - 0 - 00000001 -
-[r] 01 - 00000000 -
-[f] 010002e4 00108093
-[d] 010002e0 13 01 01 - 0 - 00000001 -
-[r] 01 - 00000001 -
-[e] 010002dc 00000002 0
-[f] 010002e8 00300e93
-[d] 010002e4 13 1d 00 - 0 - 00000003 -
-[r] 00 - 00000001 -
-[e] 010002e0 00000003 0
-[f] 010002ec 01500193
-[d] 010002e8 13 03 00 - 0 - 00000015 -
-[r] 00 - 00000000 -
-[e] 010002e4 00000003 0
-[w] 010002dc 1 01 00000002
-[f] 010002f0 01d09463
-[d] 010002ec 63 - 01 1d 1 - 00000008 -
-[r] 01 1d 00000000 00000000
-[e] 010002e8 00000015 0
-[w] 010002e0 1 01 00000003
-[f] 010002f0 01d09463
-[d] 010002ec 63 - 01 1d 1 - 00000008 -
-[r] 01 1d 00000002 00000000
-[e] 010002ec 00000002 0
-[w] 010002e4 1 1d 00000003
-[f] 010002f0 01d09463
-[d] 010002ec 63 - 01 1d 1 - 00000008 -
-[r] 01 1d 00000003 00000000
-[e] 010002ec 00000003 0
-[w] 010002e8 1 03 00000015
-[f] 010002f4 00301c63
-[d] 010002f0 63 - 00 03 1 - 00000018 -
-[r] 00 03 00000003 00000003
-[e] 010002ec 010002f4 0
-[f] 01000310 00100193
-[d] 0100030c 13 03 00 - 0 - 00000001 -
+[e] 0100001c 01000018 0
+[f] 01000028 ffe00093
+[d] 01000024 13 03 00 - 0 - 00000003 -
 [r] 00 - 00000000 -
-[e] 01000308 00000000 0
+[e] 01000020 010002f8 1
+[f] 010002fc 00018063
+[d] 010002f8 13 02 00 - 0 - ffffffff -
+[r] 00 - 00000000 -
+[f] 01000300 00119193
+[d] 010002fc 63 - 03 00 0 - 00000000 -
+[r] 03 00 00000000 00000000
+[e] 010002f8 ffffffff 0
+[f] 01000304 0011e193
+[d] 01000300 13 03 03 - 1 - 00000000 -
+[r] 03 - 00000002 -
+[e] 010002fc 010002fc 1
