--- /tmp/tmp.8midygz4da	2025-11-28 17:09:52.766370681 -0500
+++ /tmp/tmp.3HiTrZkedX	2025-11-28 17:09:52.775370722 -0500
@@ -1,2061 +1,89 @@
-[f] 01000004 00000093
-[d] 01000000 13 01 00 - 0 - 00000000 -
-[r] 00 - 00000000 -
 [f] 01000008 00000113
-[d] 01000004 13 02 00 - 0 - 00000000 -
+[d] 01000004 13 01 00 - 0 - 00000000 -
 [r] 00 - 00000000 -
 [e] 01000000 00000000 0
 [f] 0100000c 00208f33
-[d] 01000008 33 1e 01 02 0 00 - -
-[r] 01 02 00000000 00000000
+[d] 01000008 13 02 00 - 0 - 00000000 -
+[r] 00 - 00000000 -
 [e] 01000004 00000000 0
 [f] 01000010 00000e93
-[d] 0100000c 13 1d 00 - 0 - 00000000 -
-[r] 00 - 00000000 -
+[d] 0100000c 33 1e 01 02 0 00 - -
+[r] 01 02 00000000 00000000
 [e] 01000008 00000000 0
-[w] 01000000 1 01 00000000
 [f] 01000014 00200193
-[d] 01000010 13 03 00 - 0 - 00000002 -
+[d] 01000010 13 1d 00 - 0 - 00000000 -
 [r] 00 - 00000000 -
 [e] 0100000c 00000000 0
-[w] 01000004 1 02 00000000
-[f] 01000018 4ddf1663
-[d] 01000014 63 - 1e 1d 1 - 000004cc -
-[r] 1e 1d 00000000 00000000
-[e] 01000010 00000002 0
-[w] 01000008 1 1e 00000000
+[w] 01000004 1 01 00000000
 [f] 01000018 4ddf1663
-[d] 01000014 63 - 1e 1d 1 - 000004cc -
+[d] 01000014 13 03 00 - 0 - 00000002 -
+[r] 00 - 00000000 -
+[e] 01000010 00000000 0
+[w] 01000008 1 02 00000000
+[f] 0100001c 00100093
+[d] 01000018 63 - 1e 1d 1 - 000004cc -
 [r] 1e 1d 00000000 00000000
-[e] 01000014 00000000 0
-[w] 0100000c 1 1d 00000000
-[f] 01000018 4ddf1663
-[d] 01000014 63 - 1e 1d 1 - 000004cc -
+[e] 01000014 00000002 0
+[w] 0100000c 1 1e 00000000
+[f] 0100001c 00100093
+[d] 01000018 63 - 1e 1d 1 - 000004cc -
 [r] 1e 1d 00000000 00000000
-[e] 01000014 00000000 0
-[w] 01000010 1 03 00000002
+[e] 01000018 00000000 0
+[w] 01000010 1 1d 00000000
 [f] 0100001c 00100093
-[d] 01000018 13 01 00 - 0 - 00000001 -
-[r] 00 - 00000000 -
-[e] 01000014 010004e0 0
+[d] 01000018 63 - 1e 1d 1 - 000004cc -
+[r] 1e 1d 00000000 00000000
+[e] 01000018 00000000 0
+[w] 01000014 1 03 00000002
 [f] 01000020 00100113
-[d] 0100001c 13 02 00 - 0 - 00000001 -
+[d] 0100001c 13 01 00 - 0 - 00000001 -
 [r] 00 - 00000000 -
-[e] 01000018 00000001 0
+[e] 01000018 010004e4 0
 [f] 01000024 00208f33
-[d] 01000020 33 1e 01 02 0 00 - -
-[r] 01 02 00000000 00000000
+[d] 01000020 13 02 00 - 0 - 00000001 -
+[r] 00 - 00000000 -
 [e] 0100001c 00000001 0
 [f] 01000028 00200e93
-[d] 01000024 13 1d 00 - 0 - 00000002 -
-[r] 00 - 00000000 -
-[e] 01000020 00000002 0
-[w] 01000018 1 01 00000001
+[d] 01000024 33 1e 01 02 0 00 - -
+[r] 01 02 00000000 00000000
+[e] 01000020 00000001 0
 [f] 0100002c 00300193
-[d] 01000028 13 03 00 - 0 - 00000003 -
+[d] 01000028 13 1d 00 - 0 - 00000002 -
 [r] 00 - 00000000 -
 [e] 01000024 00000002 0
-[w] 0100001c 1 02 00000001
+[w] 0100001c 1 01 00000001
 [f] 01000030 4bdf1a63
-[d] 0100002c 63 - 1e 1d 1 - 000004b4 -
+[d] 0100002c 13 03 00 - 0 - 00000003 -
+[r] 00 - 00000000 -
+[e] 01000028 00000002 0
+[w] 01000020 1 02 00000001
+[f] 01000034 00300093
+[d] 01000030 63 - 1e 1d 1 - 000004b4 -
 [r] 1e 1d 00000000 00000000
-[e] 01000028 00000003 0
-[w] 01000020 1 1e 00000002
-[f] 01000030 4bdf1a63
-[d] 0100002c 63 - 1e 1d 1 - 000004b4 -
+[e] 0100002c 00000003 0
+[w] 01000024 1 1e 00000002
+[f] 01000034 00300093
+[d] 01000030 63 - 1e 1d 1 - 000004b4 -
 [r] 1e 1d 00000000 00000000
-[e] 0100002c 00000000 0
-[w] 01000024 1 1d 00000002
-[f] 01000030 4bdf1a63
-[d] 0100002c 63 - 1e 1d 1 - 000004b4 -
-[r] 1e 1d 00000002 00000000
-[e] 0100002c 00000002 0
-[w] 01000028 1 03 00000003
+[e] 01000030 00000000 0
+[w] 01000028 1 1d 00000002
 [f] 01000034 00300093
-[d] 01000030 13 01 00 - 0 - 00000003 -
-[r] 00 - 00000002 -
-[e] 0100002c 010004e0 0
+[d] 01000030 63 - 1e 1d 1 - 000004b4 -
+[r] 1e 1d 00000002 00000000
+[e] 01000030 00000000 0
+[w] 0100002c 1 03 00000003
 [f] 01000038 00700113
-[d] 01000034 13 02 00 - 0 - 00000007 -
-[r] 00 - 00000000 -
-[e] 01000030 00000003 0
-[f] 0100003c 00208f33
-[d] 01000038 33 1e 01 02 0 00 - -
-[r] 01 02 00000000 00000000
-[e] 01000034 00000007 0
-[f] 01000040 00a00e93
-[d] 0100003c 13 1d 00 - 0 - 0000000a -
-[r] 00 - 00000001 -
-[e] 01000038 0000000a 0
-[w] 01000030 1 01 00000003
-[f] 01000044 00400193
-[d] 01000040 13 03 00 - 0 - 00000004 -
-[r] 00 - 00000000 -
-[e] 0100003c 0000000a 0
-[w] 01000034 1 02 00000007
-[f] 01000048 49df1e63
-[d] 01000044 63 - 1e 1d 1 - 0000049c -
-[r] 1e 1d 00000000 00000000
-[e] 01000040 00000004 0
-[w] 01000038 1 1e 0000000a
-[f] 01000048 49df1e63
-[d] 01000044 63 - 1e 1d 1 - 0000049c -
-[r] 1e 1d 00000002 00000002
-[e] 01000044 00000002 0
-[w] 0100003c 1 1d 0000000a
-[f] 01000048 49df1e63
-[d] 01000044 63 - 1e 1d 1 - 0000049c -
-[r] 1e 1d 0000000a 00000002
-[e] 01000044 0000000a 0
-[w] 01000040 1 03 00000004
-[f] 0100004c 00000093
-[d] 01000048 13 01 00 - 0 - 00000000 -
-[r] 00 - 0000000a -
-[e] 01000044 010004e0 0
-[f] 01000050 ffff8137
-[d] 0100004c 37 02 - - - - ffff8000 -
-[r] - - - -
-[e] 01000048 00000000 0
-[f] 01000054 00208f33
-[d] 01000050 33 1e 01 02 0 00 - -
-[r] 01 02 00000000 00000000
-[e] 0100004c ffff8000 0
-[f] 01000058 ffff8eb7
-[d] 01000054 37 1d - - - - ffff8000 -
-[r] - - - -
-[e] 01000050 ffff8000 0
-[w] 01000048 1 01 00000000
-[f] 0100005c 00500193
-[d] 01000058 13 03 00 - 0 - 00000005 -
-[r] 00 - 00000000 -
-[e] 01000054 ffff8000 0
-[w] 0100004c 1 02 ffff8000
-[f] 01000060 49df1263
-[d] 0100005c 63 - 1e 1d 1 - 00000484 -
-[r] 1e 1d 00000000 00000000
-[e] 01000058 00000005 0
-[w] 01000050 1 1e ffff8000
-[f] 01000060 49df1263
-[d] 0100005c 63 - 1e 1d 1 - 00000484 -
-[r] 1e 1d 0000000a 0000000a
-[e] 0100005c 0000000a 0
-[w] 01000054 1 1d ffff8000
-[f] 01000060 49df1263
-[d] 0100005c 63 - 1e 1d 1 - 00000484 -
-[r] 1e 1d ffff8000 0000000a
-[e] 0100005c ffff8000 0
-[w] 01000058 1 03 00000005
-[f] 01000064 800000b7
-[d] 01000060 37 01 - - - - 80000000 -
-[r] - - - -
-[e] 0100005c 010004e0 0
-[f] 01000068 00000113
-[d] 01000064 13 02 00 - 0 - 00000000 -
-[r] 00 - 00000000 -
-[e] 01000060 80000000 0
-[f] 0100006c 00208f33
-[d] 01000068 33 1e 01 02 0 00 - -
-[r] 01 02 00000000 00000000
-[e] 01000064 00000000 0
-[f] 01000070 80000eb7
-[d] 0100006c 37 1d - - - - 80000000 -
-[r] - - - -
-[e] 01000068 80000000 0
-[w] 01000060 1 01 80000000
-[f] 01000074 00600193
-[d] 01000070 13 03 00 - 0 - 00000006 -
-[r] 00 - 00000000 -
-[e] 0100006c 80000000 0
-[w] 01000064 1 02 00000000
-[f] 01000078 47df1663
-[d] 01000074 63 - 1e 1d 1 - 0000046c -
-[r] 1e 1d 00000000 00000000
-[e] 01000070 00000006 0
-[w] 01000068 1 1e 80000000
-[f] 01000078 47df1663
-[d] 01000074 63 - 1e 1d 1 - 0000046c -
-[r] 1e 1d ffff8000 ffff8000
-[e] 01000074 ffff8000 0
-[w] 0100006c 1 1d 80000000
-[f] 01000078 47df1663
-[d] 01000074 63 - 1e 1d 1 - 0000046c -
-[r] 1e 1d 80000000 ffff8000
-[e] 01000074 80000000 0
-[w] 01000070 1 03 00000006
-[f] 0100007c 800000b7
-[d] 01000078 37 01 - - - - 80000000 -
-[r] - - - -
-[e] 01000074 010004e0 0
-[f] 01000080 ffff8137
-[d] 0100007c 37 02 - - - - ffff8000 -
-[r] - - - -
-[e] 01000078 80000000 0
-[f] 01000084 00208f33
-[d] 01000080 33 1e 01 02 0 00 - -
-[r] 01 02 00000000 00000000
-[e] 0100007c ffff8000 0
-[f] 01000088 7fff8eb7
-[d] 01000084 37 1d - - - - 7fff8000 -
-[r] - - - -
-[e] 01000080 7fff8000 0
-[w] 01000078 1 01 80000000
-[f] 0100008c 00700193
-[d] 01000088 13 03 00 - 0 - 00000007 -
-[r] 00 - 00000000 -
-[e] 01000084 7fff8000 0
-[w] 0100007c 1 02 ffff8000
-[f] 01000090 45df1a63
-[d] 0100008c 63 - 1e 1d 1 - 00000454 -
-[r] 1e 1d 00000000 00000000
-[e] 01000088 00000007 0
-[w] 01000080 1 1e 7fff8000
-[f] 01000090 45df1a63
-[d] 0100008c 63 - 1e 1d 1 - 00000454 -
-[r] 1e 1d 80000000 80000000
-[e] 0100008c 80000000 0
-[w] 01000084 1 1d 7fff8000
-[f] 01000090 45df1a63
-[d] 0100008c 63 - 1e 1d 1 - 00000454 -
-[r] 1e 1d 7fff8000 80000000
-[e] 0100008c 7fff8000 0
-[w] 01000088 1 03 00000007
-[f] 01000094 00000093
-[d] 01000090 13 01 00 - 0 - 00000000 -
-[r] 00 - 7fff8000 -
-[e] 0100008c 010004e0 0
-[f] 01000098 00008137
-[d] 01000094 37 02 - - - - 00008000 -
-[r] - - - -
-[e] 01000090 00000000 0
-[f] 0100009c fff10113
-[d] 01000098 13 02 02 - 0 - ffffffff -
-[r] 02 - 00000000 -
-[e] 01000094 00008000 0
-[f] 010000a0 00208f33
-[d] 0100009c 33 1e 01 02 0 00 - -
-[r] 01 02 ffff8000 00000000
-[e] 01000098 00007fff 0
-[w] 01000090 1 01 00000000
-[f] 010000a0 00208f33
-[d] 0100009c 33 1e 01 02 0 00 - -
-[r] 01 02 80000000 ffff8000
-[e] 0100009c 80000000 0
-[w] 01000094 1 02 00008000
-[f] 010000a4 00008eb7
-[d] 010000a0 37 1d - - - - 00008000 -
-[r] - - - -
-[e] 0100009c 00007fff 0
-[w] 01000098 1 02 00007fff
-[f] 010000a8 fffe8e93
-[d] 010000a4 13 1d 1d - 0 - ffffffff -
-[r] 1d - 00000000 -
-[e] 010000a0 00008000 0
-[f] 010000ac 00800193
-[d] 010000a8 13 03 00 - 0 - 00000008 -
-[r] 00 - 7fff8000 -
-[e] 010000a4 00007fff 0
-[w] 0100009c 1 1e 00007fff
-[f] 010000b0 43df1a63
-[d] 010000ac 63 - 1e 1d 1 - 00000434 -
-[r] 1e 1d 00000000 00000000
-[e] 010000a8 00000008 0
-[w] 010000a0 1 1d 00008000
-[f] 010000b4 800000b7
-[d] 010000b0 37 01 - - - - 80000000 -
-[r] - - - -
-[e] 010000ac 010004e0 0
-[w] 010000a4 1 1d 00007fff
-[f] 010000b8 fff08093
-[d] 010000b4 13 01 01 - 0 - ffffffff -
-[r] 01 - 00000000 -
-[e] 010000b0 80000000 0
-[w] 010000a8 1 03 00000008
-[f] 010000bc 00000113
-[d] 010000b8 13 02 00 - 0 - 00000000 -
-[r] 00 - 00000000 -
-[e] 010000b4 7fffffff 0
-[f] 010000c0 00208f33
-[d] 010000bc 33 1e 01 02 0 00 - -
-[r] 01 02 00000000 00000000
-[e] 010000b8 00000000 0
-[w] 010000b0 1 01 80000000
-[f] 010000c4 80000eb7
-[d] 010000c0 37 1d - - - - 80000000 -
-[r] - - - -
-[e] 010000bc 7fffffff 0
-[w] 010000b4 1 01 7fffffff
-[f] 010000c8 fffe8e93
-[d] 010000c4 13 1d 1d - 0 - ffffffff -
-[r] 1d - 00000000 -
-[e] 010000c0 80000000 0
-[w] 010000b8 1 02 00000000
-[f] 010000cc 00900193
-[d] 010000c8 13 03 00 - 0 - 00000009 -
-[r] 00 - 00007fff -
-[e] 010000c4 7fffffff 0
-[w] 010000bc 1 1e 7fffffff
-[f] 010000d0 41df1a63
-[d] 010000cc 63 - 1e 1d 1 - 00000414 -
-[r] 1e 1d 00000000 00000000
-[e] 010000c8 00000009 0
-[w] 010000c0 1 1d 80000000
-[f] 010000d4 800000b7
-[d] 010000d0 37 01 - - - - 80000000 -
-[r] - - - -
-[e] 010000cc 010004e0 0
-[w] 010000c4 1 1d 7fffffff
-[f] 010000d8 fff08093
-[d] 010000d4 13 01 01 - 0 - ffffffff -
-[r] 01 - 00000000 -
-[e] 010000d0 80000000 0
-[w] 010000c8 1 03 00000009
-[f] 010000dc 00008137
-[d] 010000d8 37 02 - - - - 00008000 -
-[r] - - - -
-[e] 010000d4 7fffffff 0
-[f] 010000e0 fff10113
-[d] 010000dc 13 02 02 - 0 - ffffffff -
-[r] 02 - 00000000 -
-[e] 010000d8 00008000 0
-[w] 010000d0 1 01 80000000
-[f] 010000e4 00208f33
-[d] 010000e0 33 1e 01 02 0 00 - -
-[r] 01 02 00000000 00000000
-[e] 010000dc 00007fff 0
-[w] 010000d4 1 01 7fffffff
-[f] 010000e4 00208f33
-[d] 010000e0 33 1e 01 02 0 00 - -
-[r] 01 02 80000000 00000000
-[e] 010000e0 80000000 0
-[w] 010000d8 1 02 00008000
-[f] 010000e8 80008eb7
-[d] 010000e4 37 1d - - - - 80008000 -
-[r] - - - -
-[e] 010000e0 80007ffe 0
-[w] 010000dc 1 02 00007fff
-[f] 010000ec ffee8e93
-[d] 010000e8 13 1d 1d - 0 - fffffffe -
-[r] 1d - 00000000 -
-[e] 010000e4 80008000 0
-[f] 010000f0 00a00193
-[d] 010000ec 13 03 00 - 0 - 0000000a -
-[r] 00 - 7fffffff -
-[e] 010000e8 80007ffe 0
-[w] 010000e0 1 1e 80007ffe
-[f] 010000f4 3fdf1863
-[d] 010000f0 63 - 1e 1d 1 - 000003f0 -
-[r] 1e 1d 00000000 00000000
-[e] 010000ec 0000000a 0
-[w] 010000e4 1 1d 80008000
-[f] 010000f8 800000b7
-[d] 010000f4 37 01 - - - - 80000000 -
-[r] - - - -
-[e] 010000f0 010004e0 0
-[w] 010000e8 1 1d 80007ffe
-[f] 010000fc 00008137
-[d] 010000f8 37 02 - - - - 00008000 -
-[r] - - - -
-[e] 010000f4 80000000 0
-[w] 010000ec 1 03 0000000a
-[f] 01000100 fff10113
-[d] 010000fc 13 02 02 - 0 - ffffffff -
-[r] 02 - 00000000 -
-[e] 010000f8 00008000 0
-[f] 01000104 00208f33
-[d] 01000100 33 1e 01 02 0 00 - -
-[r] 01 02 00007fff 00000000
-[e] 010000fc 00007fff 0
-[w] 010000f4 1 01 80000000
-[f] 01000104 00208f33
-[d] 01000100 33 1e 01 02 0 00 - -
-[r] 01 02 7fffffff 00007fff
-[e] 01000100 7fffffff 0
-[w] 010000f8 1 02 00008000
-[f] 01000108 80008eb7
-[d] 01000104 37 1d - - - - 80008000 -
-[r] - - - -
-[e] 01000100 80007fff 0
-[w] 010000fc 1 02 00007fff
-[f] 0100010c fffe8e93
-[d] 01000108 13 1d 1d - 0 - ffffffff -
-[r] 1d - 00000000 -
-[e] 01000104 80008000 0
-[f] 01000110 00b00193
-[d] 0100010c 13 03 00 - 0 - 0000000b -
-[r] 00 - 80007ffe -
-[e] 01000108 80007fff 0
-[w] 01000100 1 1e 80007fff
-[f] 01000114 3ddf1863
-[d] 01000110 63 - 1e 1d 1 - 000003d0 -
-[r] 1e 1d 00000000 00000000
-[e] 0100010c 0000000b 0
-[w] 01000104 1 1d 80008000
-[f] 01000118 800000b7
-[d] 01000114 37 01 - - - - 80000000 -
-[r] - - - -
-[e] 01000110 010004e0 0
-[w] 01000108 1 1d 80007fff
-[f] 0100011c fff08093
-[d] 01000118 13 01 01 - 0 - ffffffff -
-[r] 01 - 00000000 -
-[e] 01000114 80000000 0
-[w] 0100010c 1 03 0000000b
-[f] 01000120 ffff8137
-[d] 0100011c 37 02 - - - - ffff8000 -
-[r] - - - -
-[e] 01000118 7fffffff 0
-[f] 01000124 00208f33
-[d] 01000120 33 1e 01 02 0 00 - -
-[r] 01 02 00000000 00000000
-[e] 0100011c ffff8000 0
-[w] 01000114 1 01 80000000
-[f] 01000128 7fff8eb7
-[d] 01000124 37 1d - - - - 7fff8000 -
-[r] - - - -
-[e] 01000120 7fff7fff 0
-[w] 01000118 1 01 7fffffff
-[f] 0100012c fffe8e93
-[d] 01000128 13 1d 1d - 0 - ffffffff -
-[r] 1d - 00000000 -
-[e] 01000124 7fff8000 0
-[w] 0100011c 1 02 ffff8000
-[f] 01000130 00c00193
-[d] 0100012c 13 03 00 - 0 - 0000000c -
-[r] 00 - 80007fff -
-[e] 01000128 7fff7fff 0
-[w] 01000120 1 1e 7fff7fff
-[f] 01000134 3bdf1863
-[d] 01000130 63 - 1e 1d 1 - 000003b0 -
-[r] 1e 1d 00000000 00000000
-[e] 0100012c 0000000c 0
-[w] 01000124 1 1d 7fff8000
-[f] 01000138 00000093
-[d] 01000134 13 01 00 - 0 - 00000000 -
-[r] 00 - 7fff7fff -
-[e] 01000130 010004e0 0
-[w] 01000128 1 1d 7fff7fff
-[f] 0100013c fff00113
-[d] 01000138 13 02 00 - 0 - ffffffff -
-[r] 00 - 00000000 -
-[e] 01000134 00000000 0
-[w] 0100012c 1 03 0000000c
-[f] 01000140 00208f33
-[d] 0100013c 33 1e 01 02 0 00 - -
-[r] 01 02 00000000 00000000
-[e] 01000138 ffffffff 0
-[f] 01000144 fff00e93
-[d] 01000140 13 1d 00 - 0 - ffffffff -
-[r] 00 - 7fffffff -
-[e] 0100013c ffffffff 0
-[w] 01000134 1 01 00000000
-[f] 01000148 00d00193
-[d] 01000144 13 03 00 - 0 - 0000000d -
-[r] 00 - 00000000 -
-[e] 01000140 ffffffff 0
-[w] 01000138 1 02 ffffffff
-[f] 0100014c 39df1c63
-[d] 01000148 63 - 1e 1d 1 - 00000398 -
-[r] 1e 1d 00000000 00000000
-[e] 01000144 0000000d 0
-[w] 0100013c 1 1e ffffffff
-[f] 0100014c 39df1c63
-[d] 01000148 63 - 1e 1d 1 - 00000398 -
-[r] 1e 1d 7fff7fff 7fff7fff
-[e] 01000148 7fff7fff 0
-[w] 01000140 1 1d ffffffff
-[f] 0100014c 39df1c63
-[d] 01000148 63 - 1e 1d 1 - 00000398 -
-[r] 1e 1d ffffffff 7fff7fff
-[e] 01000148 ffffffff 0
-[w] 01000144 1 03 0000000d
-[f] 01000150 fff00093
-[d] 0100014c 13 01 00 - 0 - ffffffff -
-[r] 00 - ffffffff -
-[e] 01000148 010004e0 0
-[f] 01000154 00100113
-[d] 01000150 13 02 00 - 0 - 00000001 -
-[r] 00 - 00000000 -
-[e] 0100014c ffffffff 0
-[f] 01000158 00208f33
-[d] 01000154 33 1e 01 02 0 00 - -
-[r] 01 02 00000000 00000000
-[e] 01000150 00000001 0
-[f] 0100015c 00000e93
-[d] 01000158 13 1d 00 - 0 - 00000000 -
-[r] 00 - 00000000 -
-[e] 01000154 00000000 0
-[w] 0100014c 1 01 ffffffff
-[f] 01000160 00e00193
-[d] 0100015c 13 03 00 - 0 - 0000000e -
-[r] 00 - 00000000 -
-[e] 01000158 00000000 0
-[w] 01000150 1 02 00000001
-[f] 01000164 39df1063
-[d] 01000160 63 - 1e 1d 1 - 00000380 -
-[r] 1e 1d 00000000 00000000
-[e] 0100015c 0000000e 0
-[w] 01000154 1 1e 00000000
-[f] 01000164 39df1063
-[d] 01000160 63 - 1e 1d 1 - 00000380 -
-[r] 1e 1d ffffffff ffffffff
-[e] 01000160 ffffffff 0
-[w] 01000158 1 1d 00000000
-[f] 01000164 39df1063
-[d] 01000160 63 - 1e 1d 1 - 00000380 -
-[r] 1e 1d 00000000 ffffffff
-[e] 01000160 00000000 0
-[w] 0100015c 1 03 0000000e
-[f] 01000168 fff00093
-[d] 01000164 13 01 00 - 0 - ffffffff -
-[r] 00 - 00000000 -
-[e] 01000160 010004e0 0
-[f] 0100016c fff00113
-[d] 01000168 13 02 00 - 0 - ffffffff -
-[r] 00 - 00000000 -
-[e] 01000164 ffffffff 0
-[f] 01000170 00208f33
-[d] 0100016c 33 1e 01 02 0 00 - -
-[r] 01 02 00000000 00000000
-[e] 01000168 ffffffff 0
-[f] 01000174 ffe00e93
-[d] 01000170 13 1d 00 - 0 - fffffffe -
-[r] 00 - ffffffff -
-[e] 0100016c fffffffe 0
-[w] 01000164 1 01 ffffffff
-[f] 01000178 00f00193
-[d] 01000174 13 03 00 - 0 - 0000000f -
-[r] 00 - 00000000 -
-[e] 01000170 fffffffe 0
-[w] 01000168 1 02 ffffffff
-[f] 0100017c 37df1463
-[d] 01000178 63 - 1e 1d 1 - 00000368 -
-[r] 1e 1d 00000000 00000000
-[e] 01000174 0000000f 0
-[w] 0100016c 1 1e fffffffe
-[f] 0100017c 37df1463
-[d] 01000178 63 - 1e 1d 1 - 00000368 -
-[r] 1e 1d 00000000 00000000
-[e] 01000178 00000000 0
-[w] 01000170 1 1d fffffffe
-[f] 0100017c 37df1463
-[d] 01000178 63 - 1e 1d 1 - 00000368 -
-[r] 1e 1d fffffffe 00000000
-[e] 01000178 fffffffe 0
-[w] 01000174 1 03 0000000f
-[f] 01000180 00100093
-[d] 0100017c 13 01 00 - 0 - 00000001 -
-[r] 00 - fffffffe -
-[e] 01000178 010004e0 0
-[f] 01000184 80000137
-[d] 01000180 37 02 - - - - 80000000 -
-[r] - - - -
-[e] 0100017c 00000001 0
-[f] 01000188 fff10113
-[d] 01000184 13 02 02 - 0 - ffffffff -
-[r] 02 - 00000000 -
-[e] 01000180 80000000 0
-[f] 0100018c 00208f33
-[d] 01000188 33 1e 01 02 0 00 - -
-[r] 01 02 ffffffff 00000000
-[e] 01000184 7fffffff 0
-[w] 0100017c 1 01 00000001
-[f] 0100018c 00208f33
-[d] 01000188 33 1e 01 02 0 00 - -
-[r] 01 02 ffffffff ffffffff
-[e] 01000188 ffffffff 0
-[w] 01000180 1 02 80000000
-[f] 01000190 80000eb7
-[d] 0100018c 37 1d - - - - 80000000 -
-[r] - - - -
-[e] 01000188 80000000 0
-[w] 01000184 1 02 7fffffff
-[f] 01000194 01000193
-[d] 01000190 13 03 00 - 0 - 00000010 -
-[r] 00 - 00000000 -
-[e] 0100018c 80000000 0
-[f] 01000198 35df1663
-[d] 01000194 63 - 1e 1d 1 - 0000034c -
-[r] 1e 1d 00000000 00000000
-[e] 01000190 00000010 0
-[w] 01000188 1 1e 80000000
-[f] 01000198 35df1663
-[d] 01000194 63 - 1e 1d 1 - 0000034c -
-[r] 1e 1d fffffffe fffffffe
-[e] 01000194 fffffffe 0
-[w] 0100018c 1 1d 80000000
-[f] 01000198 35df1663
-[d] 01000194 63 - 1e 1d 1 - 0000034c -
-[r] 1e 1d 80000000 fffffffe
-[e] 01000194 80000000 0
-[w] 01000190 1 03 00000010
-[f] 0100019c 00d00093
-[d] 01000198 13 01 00 - 0 - 0000000d -
-[r] 00 - 80000000 -
-[e] 01000194 010004e0 0
-[f] 010001a0 00b00113
-[d] 0100019c 13 02 00 - 0 - 0000000b -
-[r] 00 - 00000000 -
-[e] 01000198 0000000d 0
-[f] 010001a4 002080b3
-[d] 010001a0 33 01 01 02 0 00 - -
-[r] 01 02 00000000 00000000
-[e] 0100019c 0000000b 0
-[f] 010001a8 01800e93
-[d] 010001a4 13 1d 00 - 0 - 00000018 -
-[r] 00 - 00000001 -
-[e] 010001a0 00000018 0
-[w] 01000198 1 01 0000000d
-[f] 010001ac 01100193
-[d] 010001a8 13 03 00 - 0 - 00000011 -
-[r] 00 - 00000000 -
-[e] 010001a4 00000018 0
-[w] 0100019c 1 02 0000000b
-[f] 010001b0 33d09a63
-[d] 010001ac 63 - 01 1d 1 - 00000334 -
-[r] 01 1d 00000000 00000000
-[e] 010001a8 00000011 0
-[w] 010001a0 1 01 00000018
-[f] 010001b0 33d09a63
-[d] 010001ac 63 - 01 1d 1 - 00000334 -
-[r] 01 1d 0000000d 80000000
-[e] 010001ac 0000000d 0
-[w] 010001a4 1 1d 00000018
-[f] 010001b0 33d09a63
-[d] 010001ac 63 - 01 1d 1 - 00000334 -
-[r] 01 1d 00000018 80000000
-[e] 010001ac 00000018 0
-[w] 010001a8 1 03 00000011
-[f] 010001b4 00e00093
-[d] 010001b0 13 01 00 - 0 - 0000000e -
-[r] 00 - 00000018 -
-[e] 010001ac 010004e0 0
-[f] 010001b8 00b00113
-[d] 010001b4 13 02 00 - 0 - 0000000b -
-[r] 00 - 00000000 -
-[e] 010001b0 0000000e 0
-[f] 010001bc 00208133
-[d] 010001b8 33 02 01 02 0 00 - -
-[r] 01 02 00000000 00000000
-[e] 010001b4 0000000b 0
-[f] 010001c0 01900e93
-[d] 010001bc 13 1d 00 - 0 - 00000019 -
-[r] 00 - 00000018 -
-[e] 010001b8 00000019 0
-[w] 010001b0 1 01 0000000e
-[f] 010001c4 01200193
-[d] 010001c0 13 03 00 - 0 - 00000012 -
-[r] 00 - 00000000 -
-[e] 010001bc 00000019 0
-[w] 010001b4 1 02 0000000b
-[f] 010001c8 31d11e63
-[d] 010001c4 63 - 02 1d 1 - 0000031c -
-[r] 02 1d 00000000 00000000
-[e] 010001c0 00000012 0
-[w] 010001b8 1 02 00000019
-[f] 010001c8 31d11e63
-[d] 010001c4 63 - 02 1d 1 - 0000031c -
-[r] 02 1d 0000000b 00000018
-[e] 010001c4 0000000b 0
-[w] 010001bc 1 1d 00000019
-[f] 010001c8 31d11e63
-[d] 010001c4 63 - 02 1d 1 - 0000031c -
-[r] 02 1d 00000019 00000018
-[e] 010001c4 00000019 0
-[w] 010001c0 1 03 00000012
-[f] 010001cc 00d00093
-[d] 010001c8 13 01 00 - 0 - 0000000d -
-[r] 00 - 00000019 -
-[e] 010001c4 010004e0 0
-[f] 010001d0 001080b3
-[d] 010001cc 33 01 01 01 0 00 - -
-[r] 01 01 00000000 00000000
-[e] 010001c8 0000000d 0
-[f] 010001d4 01a00e93
-[d] 010001d0 13 1d 00 - 0 - 0000001a -
-[r] 00 - 0000000e -
-[e] 010001cc 0000001a 0
-[f] 010001d8 01300193
-[d] 010001d4 13 03 00 - 0 - 00000013 -
-[r] 00 - 00000000 -
-[e] 010001d0 0000001a 0
-[w] 010001c8 1 01 0000000d
-[f] 010001dc 31d09463
-[d] 010001d8 63 - 01 1d 1 - 00000308 -
-[r] 01 1d 00000000 00000000
-[e] 010001d4 00000013 0
-[w] 010001cc 1 01 0000001a
-[f] 010001dc 31d09463
-[d] 010001d8 63 - 01 1d 1 - 00000308 -
-[r] 01 1d 0000000d 00000019
-[e] 010001d8 0000000d 0
-[w] 010001d0 1 1d 0000001a
-[f] 010001dc 31d09463
-[d] 010001d8 63 - 01 1d 1 - 00000308 -
-[r] 01 1d 0000001a 00000019
-[e] 010001d8 0000001a 0
-[w] 010001d4 1 03 00000013
-[f] 010001e0 00000213
-[d] 010001dc 13 04 00 - 0 - 00000000 -
-[r] 00 - 0000001a -
-[e] 010001d8 010004e0 0
-[f] 010001e4 00d00093
-[d] 010001e0 13 01 00 - 0 - 0000000d -
-[r] 00 - 00000000 -
-[e] 010001dc 00000000 0
-[f] 010001e8 00b00113
-[d] 010001e4 13 02 00 - 0 - 0000000b -
-[r] 00 - 00000000 -
-[e] 010001e0 0000000d 0
-[f] 010001ec 00208f33
-[d] 010001e8 33 1e 01 02 0 00 - -
-[r] 01 02 00000000 00000000
-[e] 010001e4 0000000b 0
-[w] 010001dc 1 04 00000000
-[f] 010001f0 000f0313
-[d] 010001ec 13 06 1e - 0 - 00000000 -
-[r] 1e - 0000001a -
-[e] 010001e8 00000018 0
-[w] 010001e0 1 01 0000000d
-[f] 010001f4 00120213
-[d] 010001f0 13 04 04 - 0 - 00000001 -
-[r] 04 - 80000000 -
-[e] 010001ec 00000018 0
-[w] 010001e4 1 02 0000000b
-[f] 010001f8 00200293
-[d] 010001f4 13 05 00 - 0 - 00000002 -
-[r] 00 - 00000000 -
-[e] 010001f0 00000001 0
-[w] 010001e8 1 1e 00000018
-[f] 010001fc fe5214e3
-[d] 010001f8 63 - 04 05 1 - ffffffe8 -
-[r] 04 05 00000000 00000000
-[e] 010001f4 00000002 0
-[w] 010001ec 1 06 00000018
-[f] 01000200 01800e93
-[d] 010001fc 13 1d 00 - 0 - 00000018 -
-[r] 00 - 00000000 -
-[e] 010001f8 010001e0 1
-[w] 010001f0 1 04 00000001
-[f] 010001e4 00d00093
-[d] 010001e0 13 01 00 - 0 - 0000000d -
-[r] 00 - 00000000 -
-[f] 010001e8 00b00113
-[d] 010001e4 13 02 00 - 0 - 0000000b -
-[r] 00 - 00000000 -
-[e] 010001e0 0000000d 0
-[f] 010001ec 00208f33
-[d] 010001e8 33 1e 01 02 0 00 - -
-[r] 01 02 00000000 00000000
-[e] 010001e4 0000000b 0
-[f] 010001f0 000f0313
-[d] 010001ec 13 06 1e - 0 - 00000000 -
-[r] 1e - 0000000d -
-[e] 010001e8 00000018 0
-[w] 010001e0 1 01 0000000d
-[f] 010001f4 00120213
-[d] 010001f0 13 04 04 - 0 - 00000001 -
-[r] 04 - 00000018 -
-[e] 010001ec 00000018 0
-[w] 010001e4 1 02 0000000b
-[f] 010001f8 00200293
-[d] 010001f4 13 05 00 - 0 - 00000002 -
-[r] 00 - 00000001 -
-[e] 010001f0 00000002 0
-[w] 010001e8 1 1e 00000018
-[f] 010001fc fe5214e3
-[d] 010001f8 63 - 04 05 1 - ffffffe8 -
-[r] 04 05 00000000 00000000
-[e] 010001f4 00000002 0
-[w] 010001ec 1 06 00000018
-[f] 01000200 01800e93
-[d] 010001fc 13 1d 00 - 0 - 00000018 -
-[r] 00 - 00000001 -
-[e] 010001f8 010001e0 0
-[w] 010001f0 1 04 00000002
-[f] 01000204 01400193
-[d] 01000200 13 03 00 - 0 - 00000014 -
-[r] 00 - 00000000 -
-[e] 010001fc 00000018 0
-[w] 010001f4 1 05 00000002
-[f] 01000208 2dd31e63
-[d] 01000204 63 - 06 1d 1 - 000002dc -
-[r] 06 1d 00000000 00000000
-[e] 01000200 00000014 0
-[f] 0100020c 00000213
-[d] 01000208 13 04 00 - 0 - 00000000 -
-[r] 00 - 00000018 -
-[e] 01000204 010004e0 0
-[w] 010001fc 1 1d 00000018
-[f] 01000210 00e00093
-[d] 0100020c 13 01 00 - 0 - 0000000e -
-[r] 00 - 00000000 -
-[e] 01000208 00000000 0
-[w] 01000200 1 03 00000014
-[f] 01000214 00b00113
-[d] 01000210 13 02 00 - 0 - 0000000b -
-[r] 00 - 00000000 -
-[e] 0100020c 0000000e 0
-[f] 01000218 00208f33
-[d] 01000214 33 1e 01 02 0 00 - -
-[r] 01 02 00000000 00000000
-[e] 01000210 0000000b 0
-[w] 01000208 1 04 00000000
-[f] 01000220 000f0313
-[d] 0100021c 13 06 1e - 0 - 00000000 -
-[r] 1e - 00000000 -
-[w] 01000210 1 02 0000000b
-[f] 01000224 00120213
-[d] 01000220 13 04 04 - 0 - 00000001 -
-[r] 04 - 00000018 -
-[e] 0100021c 00000019 0
-[w] 01000214 1 1e 00000019
-[f] 01000228 00200293
-[d] 01000224 13 05 00 - 0 - 00000002 -
-[r] 00 - 00000000 -
-[e] 01000220 00000001 0
-[f] 0100022c fe5212e3
-[d] 01000228 63 - 04 05 1 - ffffffe4 -
-[r] 04 05 00000000 00000000
-[e] 01000224 00000002 0
-[w] 0100021c 1 06 00000019
-[f] 01000230 01900e93
-[d] 0100022c 13 1d 00 - 0 - 00000019 -
-[r] 00 - 00000000 -
-[e] 01000228 0100020c 1
-[w] 01000220 1 04 00000001
-[f] 01000210 00e00093
-[d] 0100020c 13 01 00 - 0 - 0000000e -
-[r] 00 - 00000000 -
-[f] 01000214 00b00113
-[d] 01000210 13 02 00 - 0 - 0000000b -
-[r] 00 - 00000000 -
-[e] 0100020c 0000000e 0
-[f] 01000218 00208f33
-[d] 01000214 33 1e 01 02 0 00 - -
-[r] 01 02 00000000 00000000
-[e] 01000210 0000000b 0
-[f] 01000220 000f0313
-[d] 0100021c 13 06 1e - 0 - 00000000 -
-[r] 1e - 00000000 -
-[w] 01000210 1 02 0000000b
-[f] 01000224 00120213
-[d] 01000220 13 04 04 - 0 - 00000001 -
-[r] 04 - 00000019 -
-[e] 0100021c 00000019 0
-[w] 01000214 1 1e 00000019
-[f] 01000228 00200293
-[d] 01000224 13 05 00 - 0 - 00000002 -
-[r] 00 - 00000001 -
-[e] 01000220 00000002 0
-[f] 0100022c fe5212e3
-[d] 01000228 63 - 04 05 1 - ffffffe4 -
-[r] 04 05 00000000 00000000
-[e] 01000224 00000002 0
-[w] 0100021c 1 06 00000019
-[f] 01000230 01900e93
-[d] 0100022c 13 1d 00 - 0 - 00000019 -
-[r] 00 - 00000001 -
-[e] 01000228 0100020c 0
-[w] 01000220 1 04 00000002
-[f] 01000234 01500193
-[d] 01000230 13 03 00 - 0 - 00000015 -
-[r] 00 - 00000000 -
-[e] 0100022c 00000019 0
-[w] 01000224 1 05 00000002
-[f] 01000238 2bd31663
-[d] 01000234 63 - 06 1d 1 - 000002ac -
-[r] 06 1d 00000000 00000000
-[e] 01000230 00000015 0
-[f] 0100023c 00000213
-[d] 01000238 13 04 00 - 0 - 00000000 -
-[r] 00 - 00000019 -
-[e] 01000234 010004e0 0
-[w] 0100022c 1 1d 00000019
-[f] 01000240 00f00093
-[d] 0100023c 13 01 00 - 0 - 0000000f -
-[r] 00 - 00000000 -
-[e] 01000238 00000000 0
-[w] 01000230 1 03 00000015
-[f] 01000244 00b00113
-[d] 01000240 13 02 00 - 0 - 0000000b -
-[r] 00 - 00000000 -
-[e] 0100023c 0000000f 0
-[f] 01000248 00208f33
-[d] 01000244 33 1e 01 02 0 00 - -
-[r] 01 02 00000000 00000000
-[e] 01000240 0000000b 0
-[w] 01000238 1 04 00000000
-[f] 01000254 000f0313
-[d] 01000250 13 06 1e - 0 - 00000000 -
-[r] 1e - 00000000 -
-[w] 01000244 1 1e 0000001a
-[f] 01000254 000f0313
-[d] 01000250 13 06 1e - 0 - 00000000 -
-[r] 1e - 00000019 -
-[e] 01000250 00000019 0
-[f] 01000258 00120213
-[d] 01000254 13 04 04 - 0 - 00000001 -
-[r] 04 - 0000001a -
-[e] 01000250 0000001a 0
-[f] 0100025c 00200293
-[d] 01000258 13 05 00 - 0 - 00000002 -
-[r] 00 - 00000000 -
-[e] 01000254 00000001 0
-[f] 01000260 fe5210e3
-[d] 0100025c 63 - 04 05 1 - ffffffe0 -
-[r] 04 05 00000000 00000000
-[e] 01000258 00000002 0
-[w] 01000250 1 06 0000001a
-[f] 01000264 01a00e93
-[d] 01000260 13 1d 00 - 0 - 0000001a -
-[r] 00 - 00000000 -
-[e] 0100025c 0100023c 1
-[w] 01000254 1 04 00000001
-[f] 01000240 00f00093
-[d] 0100023c 13 01 00 - 0 - 0000000f -
-[r] 00 - 00000000 -
-[f] 01000244 00b00113
-[d] 01000240 13 02 00 - 0 - 0000000b -
-[r] 00 - 00000000 -
-[e] 0100023c 0000000f 0
-[f] 01000248 00208f33
-[d] 01000244 33 1e 01 02 0 00 - -
-[r] 01 02 00000000 00000000
-[e] 01000240 0000000b 0
-[f] 01000254 000f0313
-[d] 01000250 13 06 1e - 0 - 00000000 -
-[r] 1e - 00000000 -
-[w] 01000244 1 1e 0000001a
-[f] 01000254 000f0313
-[d] 01000250 13 06 1e - 0 - 00000000 -
-[r] 1e - 0000001a -
-[e] 01000250 0000001a 0
-[f] 01000258 00120213
-[d] 01000254 13 04 04 - 0 - 00000001 -
-[r] 04 - 0000001a -
-[e] 01000250 0000001a 0
-[f] 0100025c 00200293
-[d] 01000258 13 05 00 - 0 - 00000002 -
-[r] 00 - 00000001 -
-[e] 01000254 00000002 0
-[f] 01000260 fe5210e3
-[d] 0100025c 63 - 04 05 1 - ffffffe0 -
-[r] 04 05 00000000 00000000
-[e] 01000258 00000002 0
-[w] 01000250 1 06 0000001a
-[f] 01000264 01a00e93
-[d] 01000260 13 1d 00 - 0 - 0000001a -
-[r] 00 - 00000001 -
-[e] 0100025c 0100023c 0
-[w] 01000254 1 04 00000002
-[f] 01000268 01600193
-[d] 01000264 13 03 00 - 0 - 00000016 -
-[r] 00 - 00000000 -
-[e] 01000260 0000001a 0
-[w] 01000258 1 05 00000002
-[f] 0100026c 27d31c63
-[d] 01000268 63 - 06 1d 1 - 00000278 -
-[r] 06 1d 00000000 00000000
-[e] 01000264 00000016 0
-[f] 01000270 00000213
-[d] 0100026c 13 04 00 - 0 - 00000000 -
-[r] 00 - 0000001a -
-[e] 01000268 010004e0 0
-[w] 01000260 1 1d 0000001a
-[f] 01000274 00d00093
-[d] 01000270 13 01 00 - 0 - 0000000d -
-[r] 00 - 00000000 -
-[e] 0100026c 00000000 0
-[w] 01000264 1 03 00000016
-[f] 01000278 00b00113
-[d] 01000274 13 02 00 - 0 - 0000000b -
-[r] 00 - 00000000 -
-[e] 01000270 0000000d 0
-[f] 0100027c 00208f33
-[d] 01000278 33 1e 01 02 0 00 - -
-[r] 01 02 00000000 00000000
-[e] 01000274 0000000b 0
-[w] 0100026c 1 04 00000000
-[f] 01000280 00120213
-[d] 0100027c 13 04 04 - 0 - 00000001 -
-[r] 04 - 0000000f -
-[e] 01000278 00000018 0
-[w] 01000270 1 01 0000000d
-[f] 01000284 00200293
-[d] 01000280 13 05 00 - 0 - 00000002 -
-[r] 00 - 00000000 -
-[e] 0100027c 00000001 0
-[w] 01000274 1 02 0000000b
-[f] 01000288 fe5216e3
-[d] 01000284 63 - 04 05 1 - ffffffec -
-[r] 04 05 00000000 00000000
-[e] 01000280 00000002 0
-[w] 01000278 1 1e 00000018
-[f] 0100028c 01800e93
-[d] 01000288 13 1d 00 - 0 - 00000018 -
-[r] 00 - 00000000 -
-[e] 01000284 01000270 1
-[w] 0100027c 1 04 00000001
-[f] 01000274 00d00093
-[d] 01000270 13 01 00 - 0 - 0000000d -
-[r] 00 - 00000000 -
-[f] 01000278 00b00113
-[d] 01000274 13 02 00 - 0 - 0000000b -
-[r] 00 - 00000000 -
-[e] 01000270 0000000d 0
-[f] 0100027c 00208f33
-[d] 01000278 33 1e 01 02 0 00 - -
-[r] 01 02 00000000 00000000
-[e] 01000274 0000000b 0
-[f] 01000280 00120213
-[d] 0100027c 13 04 04 - 0 - 00000001 -
-[r] 04 - 0000000d -
-[e] 01000278 00000018 0
-[w] 01000270 1 01 0000000d
-[f] 01000284 00200293
-[d] 01000280 13 05 00 - 0 - 00000002 -
-[r] 00 - 00000001 -
-[e] 0100027c 00000002 0
-[w] 01000274 1 02 0000000b
-[f] 01000288 fe5216e3
-[d] 01000284 63 - 04 05 1 - ffffffec -
-[r] 04 05 00000000 00000000
-[e] 01000280 00000002 0
-[w] 01000278 1 1e 00000018
-[f] 0100028c 01800e93
-[d] 01000288 13 1d 00 - 0 - 00000018 -
-[r] 00 - 00000001 -
-[e] 01000284 01000270 0
-[w] 0100027c 1 04 00000002
-[f] 01000290 01700193
-[d] 0100028c 13 03 00 - 0 - 00000017 -
-[r] 00 - 00000000 -
-[e] 01000288 00000018 0
-[w] 01000280 1 05 00000002
-[f] 01000294 25df1863
-[d] 01000290 63 - 1e 1d 1 - 00000250 -
-[r] 1e 1d 00000000 00000000
-[e] 0100028c 00000017 0
-[f] 01000298 00000213
-[d] 01000294 13 04 00 - 0 - 00000000 -
-[r] 00 - 00000018 -
-[e] 01000290 010004e0 0
-[w] 01000288 1 1d 00000018
-[f] 0100029c 00e00093
-[d] 01000298 13 01 00 - 0 - 0000000e -
-[r] 00 - 00000000 -
-[e] 01000294 00000000 0
-[w] 0100028c 1 03 00000017
-[f] 010002a0 00b00113
-[d] 0100029c 13 02 00 - 0 - 0000000b -
-[r] 00 - 00000000 -
-[e] 01000298 0000000e 0
-[f] 010002a8 00208f33
-[d] 010002a4 33 1e 01 02 0 00 - -
-[r] 01 02 00000000 00000000
-[w] 01000298 1 01 0000000e
-[f] 010002a8 00208f33
-[d] 010002a4 33 1e 01 02 0 00 - -
-[r] 01 02 0000000d 0000000b
-[e] 010002a4 0000000d 0
-[w] 0100029c 1 02 0000000b
-[f] 010002a8 00208f33
-[d] 010002a4 33 1e 01 02 0 00 - -
-[r] 01 02 0000000e 0000000b
-[e] 010002a4 0000000e 0
-[f] 010002ac 00120213
-[d] 010002a8 13 04 04 - 0 - 00000001 -
-[r] 04 - 0000000e -
-[e] 010002a4 00000019 0
-[f] 010002b0 00200293
-[d] 010002ac 13 05 00 - 0 - 00000002 -
-[r] 00 - 00000000 -
-[e] 010002a8 00000001 0
-[f] 010002b4 fe5214e3
-[d] 010002b0 63 - 04 05 1 - ffffffe8 -
-[r] 04 05 00000000 00000000
-[e] 010002ac 00000002 0
-[w] 010002a4 1 1e 00000019
-[f] 010002b8 01900e93
-[d] 010002b4 13 1d 00 - 0 - 00000019 -
-[r] 00 - 00000000 -
-[e] 010002b0 01000298 1
-[w] 010002a8 1 04 00000001
-[f] 0100029c 00e00093
-[d] 01000298 13 01 00 - 0 - 0000000e -
-[r] 00 - 00000000 -
-[f] 010002a0 00b00113
-[d] 0100029c 13 02 00 - 0 - 0000000b -
-[r] 00 - 00000000 -
-[e] 01000298 0000000e 0
-[f] 010002a8 00208f33
-[d] 010002a4 33 1e 01 02 0 00 - -
-[r] 01 02 00000000 00000000
-[w] 01000298 1 01 0000000e
-[f] 010002a8 00208f33
-[d] 010002a4 33 1e 01 02 0 00 - -
-[r] 01 02 0000000e 0000000b
-[e] 010002a4 0000000e 0
-[w] 0100029c 1 02 0000000b
-[f] 010002a8 00208f33
-[d] 010002a4 33 1e 01 02 0 00 - -
-[r] 01 02 0000000e 0000000b
-[e] 010002a4 0000000e 0
-[f] 010002ac 00120213
-[d] 010002a8 13 04 04 - 0 - 00000001 -
-[r] 04 - 0000000e -
-[e] 010002a4 00000019 0
-[f] 010002b0 00200293
-[d] 010002ac 13 05 00 - 0 - 00000002 -
-[r] 00 - 00000001 -
-[e] 010002a8 00000002 0
-[f] 010002b4 fe5214e3
-[d] 010002b0 63 - 04 05 1 - ffffffe8 -
-[r] 04 05 00000000 00000000
-[e] 010002ac 00000002 0
-[w] 010002a4 1 1e 00000019
-[f] 010002b8 01900e93
-[d] 010002b4 13 1d 00 - 0 - 00000019 -
-[r] 00 - 00000001 -
-[e] 010002b0 01000298 0
-[w] 010002a8 1 04 00000002
-[f] 010002bc 01800193
-[d] 010002b8 13 03 00 - 0 - 00000018 -
-[r] 00 - 00000000 -
-[e] 010002b4 00000019 0
-[w] 010002ac 1 05 00000002
-[f] 010002c0 23df1263
-[d] 010002bc 63 - 1e 1d 1 - 00000224 -
-[r] 1e 1d 00000000 00000000
-[e] 010002b8 00000018 0
-[f] 010002c4 00000213
-[d] 010002c0 13 04 00 - 0 - 00000000 -
-[r] 00 - 00000019 -
-[e] 010002bc 010004e0 0
-[w] 010002b4 1 1d 00000019
-[f] 010002c8 00f00093
-[d] 010002c4 13 01 00 - 0 - 0000000f -
-[r] 00 - 00000000 -
-[e] 010002c0 00000000 0
-[w] 010002b8 1 03 00000018
-[f] 010002cc 00b00113
-[d] 010002c8 13 02 00 - 0 - 0000000b -
-[r] 00 - 00000000 -
-[e] 010002c4 0000000f 0
-[f] 010002d8 00208f33
-[d] 010002d4 33 1e 01 02 0 00 - -
-[r] 01 02 00000000 00000000
-[w] 010002c8 1 02 0000000b
-[f] 010002d8 00208f33
-[d] 010002d4 33 1e 01 02 0 00 - -
-[r] 01 02 0000000f 0000000b
-[e] 010002d4 0000000f 0
-[f] 010002dc 00120213
-[d] 010002d8 13 04 04 - 0 - 00000001 -
-[r] 04 - 0000000f -
-[e] 010002d4 0000001a 0
-[f] 010002e0 00200293
-[d] 010002dc 13 05 00 - 0 - 00000002 -
-[r] 00 - 00000000 -
-[e] 010002d8 00000001 0
-[f] 010002e4 fe5212e3
-[d] 010002e0 63 - 04 05 1 - ffffffe4 -
-[r] 04 05 00000000 00000000
-[e] 010002dc 00000002 0
-[w] 010002d4 1 1e 0000001a
-[f] 010002e8 01a00e93
-[d] 010002e4 13 1d 00 - 0 - 0000001a -
-[r] 00 - 00000000 -
-[e] 010002e0 010002c4 1
-[w] 010002d8 1 04 00000001
-[f] 010002c8 00f00093
-[d] 010002c4 13 01 00 - 0 - 0000000f -
-[r] 00 - 00000000 -
-[f] 010002cc 00b00113
-[d] 010002c8 13 02 00 - 0 - 0000000b -
-[r] 00 - 00000000 -
-[e] 010002c4 0000000f 0
-[f] 010002d8 00208f33
-[d] 010002d4 33 1e 01 02 0 00 - -
-[r] 01 02 00000000 00000000
-[w] 010002c8 1 02 0000000b
-[f] 010002d8 00208f33
-[d] 010002d4 33 1e 01 02 0 00 - -
-[r] 01 02 0000000f 0000000b
-[e] 010002d4 0000000f 0
-[f] 010002dc 00120213
-[d] 010002d8 13 04 04 - 0 - 00000001 -
-[r] 04 - 0000000f -
-[e] 010002d4 0000001a 0
-[f] 010002e0 00200293
-[d] 010002dc 13 05 00 - 0 - 00000002 -
-[r] 00 - 00000001 -
-[e] 010002d8 00000002 0
-[f] 010002e4 fe5212e3
-[d] 010002e0 63 - 04 05 1 - ffffffe4 -
-[r] 04 05 00000000 00000000
-[e] 010002dc 00000002 0
-[w] 010002d4 1 1e 0000001a
-[f] 010002e8 01a00e93
-[d] 010002e4 13 1d 00 - 0 - 0000001a -
-[r] 00 - 00000001 -
-[e] 010002e0 010002c4 0
-[w] 010002d8 1 04 00000002
-[f] 010002ec 01900193
-[d] 010002e8 13 03 00 - 0 - 00000019 -
-[r] 00 - 00000000 -
-[e] 010002e4 0000001a 0
-[w] 010002dc 1 05 00000002
-[f] 010002f0 1fdf1a63
-[d] 010002ec 63 - 1e 1d 1 - 000001f4 -
-[r] 1e 1d 00000000 00000000
-[e] 010002e8 00000019 0
-[f] 010002f4 00000213
-[d] 010002f0 13 04 00 - 0 - 00000000 -
-[r] 00 - 0000001a -
-[e] 010002ec 010004e0 0
-[w] 010002e4 1 1d 0000001a
-[f] 010002f8 00d00093
-[d] 010002f4 13 01 00 - 0 - 0000000d -
-[r] 00 - 00000000 -
-[e] 010002f0 00000000 0
-[w] 010002e8 1 03 00000019
-[f] 01000300 00b00113
-[d] 010002fc 13 02 00 - 0 - 0000000b -
-[r] 00 - 00000000 -
-[w] 010002f0 1 04 00000000
-[f] 01000304 00208f33
-[d] 01000300 33 1e 01 02 0 00 - -
-[r] 01 02 00000000 00000000
-[e] 010002fc 0000000b 0
-[w] 010002f4 1 01 0000000d
-[f] 01000304 00208f33
-[d] 01000300 33 1e 01 02 0 00 - -
-[r] 01 02 0000000f 0000000b
-[e] 01000300 0000000f 0
-[f] 01000308 00120213
-[d] 01000304 13 04 04 - 0 - 00000001 -
-[r] 04 - 0000000d -
-[e] 01000300 00000018 0
-[w] 010002fc 1 02 0000000b
-[f] 0100030c 00200293
-[d] 01000308 13 05 00 - 0 - 00000002 -
-[r] 00 - 00000000 -
-[e] 01000304 00000001 0
-[f] 01000310 fe5214e3
-[d] 0100030c 63 - 04 05 1 - ffffffe8 -
-[r] 04 05 00000000 00000000
-[e] 01000308 00000002 0
-[w] 01000300 1 1e 00000018
-[f] 01000314 01800e93
-[d] 01000310 13 1d 00 - 0 - 00000018 -
-[r] 00 - 00000000 -
-[e] 0100030c 010002f4 1
-[w] 01000304 1 04 00000001
-[f] 010002f8 00d00093
-[d] 010002f4 13 01 00 - 0 - 0000000d -
-[r] 00 - 00000000 -
-[f] 01000300 00b00113
-[d] 010002fc 13 02 00 - 0 - 0000000b -
-[r] 00 - 00000000 -
-[f] 01000304 00208f33
-[d] 01000300 33 1e 01 02 0 00 - -
-[r] 01 02 00000000 00000000
-[e] 010002fc 0000000b 0
-[w] 010002f4 1 01 0000000d
-[f] 01000304 00208f33
-[d] 01000300 33 1e 01 02 0 00 - -
-[r] 01 02 0000000d 0000000b
-[e] 01000300 0000000d 0
-[f] 01000308 00120213
-[d] 01000304 13 04 04 - 0 - 00000001 -
-[r] 04 - 0000000d -
-[e] 01000300 00000018 0
-[w] 010002fc 1 02 0000000b
-[f] 0100030c 00200293
-[d] 01000308 13 05 00 - 0 - 00000002 -
-[r] 00 - 00000001 -
-[e] 01000304 00000002 0
-[f] 01000310 fe5214e3
-[d] 0100030c 63 - 04 05 1 - ffffffe8 -
-[r] 04 05 00000000 00000000
-[e] 01000308 00000002 0
-[w] 01000300 1 1e 00000018
-[f] 01000314 01800e93
-[d] 01000310 13 1d 00 - 0 - 00000018 -
-[r] 00 - 00000001 -
-[e] 0100030c 010002f4 0
-[w] 01000304 1 04 00000002
-[f] 01000318 01a00193
-[d] 01000314 13 03 00 - 0 - 0000001a -
-[r] 00 - 00000000 -
-[e] 01000310 00000018 0
-[w] 01000308 1 05 00000002
-[f] 0100031c 1ddf1463
-[d] 01000318 63 - 1e 1d 1 - 000001c8 -
-[r] 1e 1d 00000000 00000000
-[e] 01000314 0000001a 0
-[f] 01000320 00000213
-[d] 0100031c 13 04 00 - 0 - 00000000 -
-[r] 00 - 00000018 -
-[e] 01000318 010004e0 0
-[w] 01000310 1 1d 00000018
-[f] 01000324 00e00093
-[d] 01000320 13 01 00 - 0 - 0000000e -
-[r] 00 - 00000000 -
-[e] 0100031c 00000000 0
-[w] 01000314 1 03 0000001a
-[f] 0100032c 00b00113
-[d] 01000328 13 02 00 - 0 - 0000000b -
-[r] 00 - 00000000 -
-[w] 0100031c 1 04 00000000
-[f] 01000334 00208f33
-[d] 01000330 33 1e 01 02 0 00 - -
-[r] 01 02 00000000 00000000
-[f] 01000338 00120213
-[d] 01000334 13 04 04 - 0 - 00000001 -
-[r] 04 - 0000000e -
-[e] 01000330 00000019 0
-[w] 01000328 1 02 0000000b
-[f] 0100033c 00200293
-[d] 01000338 13 05 00 - 0 - 00000002 -
-[r] 00 - 00000000 -
-[e] 01000334 00000001 0
-[f] 01000340 fe5212e3
-[d] 0100033c 63 - 04 05 1 - ffffffe4 -
-[r] 04 05 00000000 00000000
-[e] 01000338 00000002 0
-[w] 01000330 1 1e 00000019
-[f] 01000344 01900e93
-[d] 01000340 13 1d 00 - 0 - 00000019 -
-[r] 00 - 00000000 -
-[e] 0100033c 01000320 1
-[w] 01000334 1 04 00000001
-[f] 01000324 00e00093
-[d] 01000320 13 01 00 - 0 - 0000000e -
-[r] 00 - 00000000 -
-[f] 0100032c 00b00113
-[d] 01000328 13 02 00 - 0 - 0000000b -
-[r] 00 - 00000000 -
-[f] 01000334 00208f33
-[d] 01000330 33 1e 01 02 0 00 - -
-[r] 01 02 00000000 00000000
-[f] 01000338 00120213
-[d] 01000334 13 04 04 - 0 - 00000001 -
-[r] 04 - 0000000e -
-[e] 01000330 00000019 0
-[w] 01000328 1 02 0000000b
-[f] 0100033c 00200293
-[d] 01000338 13 05 00 - 0 - 00000002 -
-[r] 00 - 00000001 -
-[e] 01000334 00000002 0
-[f] 01000340 fe5212e3
-[d] 0100033c 63 - 04 05 1 - ffffffe4 -
-[r] 04 05 00000000 00000000
-[e] 01000338 00000002 0
-[w] 01000330 1 1e 00000019
-[f] 01000344 01900e93
-[d] 01000340 13 1d 00 - 0 - 00000019 -
-[r] 00 - 00000001 -
-[e] 0100033c 01000320 0
-[w] 01000334 1 04 00000002
-[f] 01000348 01b00193
-[d] 01000344 13 03 00 - 0 - 0000001b -
-[r] 00 - 00000000 -
-[e] 01000340 00000019 0
-[w] 01000338 1 05 00000002
-[f] 0100034c 19df1c63
-[d] 01000348 63 - 1e 1d 1 - 00000198 -
-[r] 1e 1d 00000000 00000000
-[e] 01000344 0000001b 0
-[f] 01000350 00000213
-[d] 0100034c 13 04 00 - 0 - 00000000 -
-[r] 00 - 00000019 -
-[e] 01000348 010004e0 0
-[w] 01000340 1 1d 00000019
-[f] 01000354 00f00093
-[d] 01000350 13 01 00 - 0 - 0000000f -
-[r] 00 - 00000000 -
-[e] 0100034c 00000000 0
-[w] 01000344 1 03 0000001b
-[f] 01000360 00b00113
-[d] 0100035c 13 02 00 - 0 - 0000000b -
-[r] 00 - 00000000 -
-[w] 01000350 1 01 0000000f
-[f] 01000364 00208f33
-[d] 01000360 33 1e 01 02 0 00 - -
-[r] 01 02 00000000 00000000
-[e] 0100035c 0000000b 0
-[f] 01000368 00120213
-[d] 01000364 13 04 04 - 0 - 00000001 -
-[r] 04 - 0000000f -
-[e] 01000360 0000001a 0
-[f] 0100036c 00200293
-[d] 01000368 13 05 00 - 0 - 00000002 -
-[r] 00 - 00000000 -
-[e] 01000364 00000001 0
-[w] 0100035c 1 02 0000000b
-[f] 01000370 fe5212e3
-[d] 0100036c 63 - 04 05 1 - ffffffe4 -
-[r] 04 05 00000000 00000000
-[e] 01000368 00000002 0
-[w] 01000360 1 1e 0000001a
-[f] 01000374 01a00e93
-[d] 01000370 13 1d 00 - 0 - 0000001a -
-[r] 00 - 00000000 -
-[e] 0100036c 01000350 1
-[w] 01000364 1 04 00000001
-[f] 01000354 00f00093
-[d] 01000350 13 01 00 - 0 - 0000000f -
-[r] 00 - 00000000 -
-[f] 01000360 00b00113
-[d] 0100035c 13 02 00 - 0 - 0000000b -
-[r] 00 - 00000000 -
-[w] 01000350 1 01 0000000f
-[f] 01000364 00208f33
-[d] 01000360 33 1e 01 02 0 00 - -
-[r] 01 02 00000000 00000000
-[e] 0100035c 0000000b 0
-[f] 01000368 00120213
-[d] 01000364 13 04 04 - 0 - 00000001 -
-[r] 04 - 0000000f -
-[e] 01000360 0000001a 0
-[f] 0100036c 00200293
-[d] 01000368 13 05 00 - 0 - 00000002 -
-[r] 00 - 00000001 -
-[e] 01000364 00000002 0
-[w] 0100035c 1 02 0000000b
-[f] 01000370 fe5212e3
-[d] 0100036c 63 - 04 05 1 - ffffffe4 -
-[r] 04 05 00000000 00000000
-[e] 01000368 00000002 0
-[w] 01000360 1 1e 0000001a
-[f] 01000374 01a00e93
-[d] 01000370 13 1d 00 - 0 - 0000001a -
-[r] 00 - 00000001 -
-[e] 0100036c 01000350 0
-[w] 01000364 1 04 00000002
-[f] 01000378 01c00193
-[d] 01000374 13 03 00 - 0 - 0000001c -
-[r] 00 - 00000000 -
-[e] 01000370 0000001a 0
-[w] 01000368 1 05 00000002
-[f] 0100037c 17df1463
-[d] 01000378 63 - 1e 1d 1 - 00000168 -
-[r] 1e 1d 00000000 00000000
-[e] 01000374 0000001c 0
-[f] 01000380 00000213
-[d] 0100037c 13 04 00 - 0 - 00000000 -
-[r] 00 - 0000001a -
-[e] 01000378 010004e0 0
-[w] 01000370 1 1d 0000001a
-[f] 01000384 00b00113
-[d] 01000380 13 02 00 - 0 - 0000000b -
-[r] 00 - 00000000 -
-[e] 0100037c 00000000 0
-[w] 01000374 1 03 0000001c
-[f] 01000388 00d00093
-[d] 01000384 13 01 00 - 0 - 0000000d -
-[r] 00 - 00000000 -
-[e] 01000380 0000000b 0
-[f] 0100038c 00208f33
-[d] 01000388 33 1e 01 02 0 00 - -
-[r] 01 02 00000000 00000000
-[e] 01000384 0000000d 0
-[w] 0100037c 1 04 00000000
-[f] 01000390 00120213
-[d] 0100038c 13 04 04 - 0 - 00000001 -
-[r] 04 - 0000000f -
-[e] 01000388 00000018 0
-[w] 01000380 1 02 0000000b
-[f] 01000394 00200293
-[d] 01000390 13 05 00 - 0 - 00000002 -
-[r] 00 - 00000000 -
-[e] 0100038c 00000001 0
-[w] 01000384 1 01 0000000d
-[f] 01000398 fe5216e3
-[d] 01000394 63 - 04 05 1 - ffffffec -
-[r] 04 05 00000000 00000000
-[e] 01000390 00000002 0
-[w] 01000388 1 1e 00000018
-[f] 0100039c 01800e93
-[d] 01000398 13 1d 00 - 0 - 00000018 -
-[r] 00 - 00000000 -
-[e] 01000394 01000380 1
-[w] 0100038c 1 04 00000001
-[f] 01000384 00b00113
-[d] 01000380 13 02 00 - 0 - 0000000b -
-[r] 00 - 00000000 -
-[f] 01000388 00d00093
-[d] 01000384 13 01 00 - 0 - 0000000d -
-[r] 00 - 00000000 -
-[e] 01000380 0000000b 0
-[f] 0100038c 00208f33
-[d] 01000388 33 1e 01 02 0 00 - -
-[r] 01 02 00000000 00000000
-[e] 01000384 0000000d 0
-[f] 01000390 00120213
-[d] 0100038c 13 04 04 - 0 - 00000001 -
-[r] 04 - 0000000d -
-[e] 01000388 00000018 0
-[w] 01000380 1 02 0000000b
-[f] 01000394 00200293
-[d] 01000390 13 05 00 - 0 - 00000002 -
-[r] 00 - 00000001 -
-[e] 0100038c 00000002 0
-[w] 01000384 1 01 0000000d
-[f] 01000398 fe5216e3
-[d] 01000394 63 - 04 05 1 - ffffffec -
-[r] 04 05 00000000 00000000
-[e] 01000390 00000002 0
-[w] 01000388 1 1e 00000018
-[f] 0100039c 01800e93
-[d] 01000398 13 1d 00 - 0 - 00000018 -
-[r] 00 - 00000001 -
-[e] 01000394 01000380 0
-[w] 0100038c 1 04 00000002
-[f] 010003a0 01d00193
-[d] 0100039c 13 03 00 - 0 - 0000001d -
-[r] 00 - 00000000 -
-[e] 01000398 00000018 0
-[w] 01000390 1 05 00000002
-[f] 010003a4 15df1063
-[d] 010003a0 63 - 1e 1d 1 - 00000140 -
-[r] 1e 1d 00000000 00000000
-[e] 0100039c 0000001d 0
-[f] 010003a8 00000213
-[d] 010003a4 13 04 00 - 0 - 00000000 -
-[r] 00 - 00000018 -
-[e] 010003a0 010004e0 0
-[w] 01000398 1 1d 00000018
-[f] 010003ac 00b00113
-[d] 010003a8 13 02 00 - 0 - 0000000b -
-[r] 00 - 00000000 -
-[e] 010003a4 00000000 0
-[w] 0100039c 1 03 0000001d
-[f] 010003b0 00e00093
-[d] 010003ac 13 01 00 - 0 - 0000000e -
-[r] 00 - 00000000 -
-[e] 010003a8 0000000b 0
-[f] 010003b8 00208f33
-[d] 010003b4 33 1e 01 02 0 00 - -
-[r] 01 02 00000000 00000000
-[w] 010003a8 1 02 0000000b
-[f] 010003b8 00208f33
-[d] 010003b4 33 1e 01 02 0 00 - -
-[r] 01 02 0000000d 0000000b
-[e] 010003b4 0000000d 0
-[w] 010003ac 1 01 0000000e
-[f] 010003b8 00208f33
-[d] 010003b4 33 1e 01 02 0 00 - -
-[r] 01 02 0000000d 0000000b
-[e] 010003b4 0000000d 0
-[f] 010003bc 00120213
-[d] 010003b8 13 04 04 - 0 - 00000001 -
-[r] 04 - 0000000e -
-[e] 010003b4 00000019 0
-[f] 010003c0 00200293
-[d] 010003bc 13 05 00 - 0 - 00000002 -
-[r] 00 - 00000000 -
-[e] 010003b8 00000001 0
-[f] 010003c4 fe5214e3
-[d] 010003c0 63 - 04 05 1 - ffffffe8 -
-[r] 04 05 00000000 00000000
-[e] 010003bc 00000002 0
-[w] 010003b4 1 1e 00000019
-[f] 010003c8 01900e93
-[d] 010003c4 13 1d 00 - 0 - 00000019 -
-[r] 00 - 00000000 -
-[e] 010003c0 010003a8 1
-[w] 010003b8 1 04 00000001
-[f] 010003ac 00b00113
-[d] 010003a8 13 02 00 - 0 - 0000000b -
-[r] 00 - 00000000 -
-[f] 010003b0 00e00093
-[d] 010003ac 13 01 00 - 0 - 0000000e -
-[r] 00 - 00000000 -
-[e] 010003a8 0000000b 0
-[f] 010003b8 00208f33
-[d] 010003b4 33 1e 01 02 0 00 - -
-[r] 01 02 00000000 00000000
-[w] 010003a8 1 02 0000000b
-[f] 010003b8 00208f33
-[d] 010003b4 33 1e 01 02 0 00 - -
-[r] 01 02 0000000e 0000000b
-[e] 010003b4 0000000e 0
-[w] 010003ac 1 01 0000000e
-[f] 010003b8 00208f33
-[d] 010003b4 33 1e 01 02 0 00 - -
-[r] 01 02 0000000e 0000000b
-[e] 010003b4 0000000e 0
-[f] 010003bc 00120213
-[d] 010003b8 13 04 04 - 0 - 00000001 -
-[r] 04 - 0000000e -
-[e] 010003b4 00000019 0
-[f] 010003c0 00200293
-[d] 010003bc 13 05 00 - 0 - 00000002 -
-[r] 00 - 00000001 -
-[e] 010003b8 00000002 0
-[f] 010003c4 fe5214e3
-[d] 010003c0 63 - 04 05 1 - ffffffe8 -
-[r] 04 05 00000000 00000000
-[e] 010003bc 00000002 0
-[w] 010003b4 1 1e 00000019
-[f] 010003c8 01900e93
-[d] 010003c4 13 1d 00 - 0 - 00000019 -
-[r] 00 - 00000001 -
-[e] 010003c0 010003a8 0
-[w] 010003b8 1 04 00000002
-[f] 010003cc 01e00193
-[d] 010003c8 13 03 00 - 0 - 0000001e -
-[r] 00 - 00000000 -
-[e] 010003c4 00000019 0
-[w] 010003bc 1 05 00000002
-[f] 010003d0 11df1a63
-[d] 010003cc 63 - 1e 1d 1 - 00000114 -
-[r] 1e 1d 00000000 00000000
-[e] 010003c8 0000001e 0
-[f] 010003d4 00000213
-[d] 010003d0 13 04 00 - 0 - 00000000 -
-[r] 00 - 00000019 -
-[e] 010003cc 010004e0 0
-[w] 010003c4 1 1d 00000019
-[f] 010003d8 00b00113
-[d] 010003d4 13 02 00 - 0 - 0000000b -
-[r] 00 - 00000000 -
-[e] 010003d0 00000000 0
-[w] 010003c8 1 03 0000001e
-[f] 010003dc 00f00093
-[d] 010003d8 13 01 00 - 0 - 0000000f -
-[r] 00 - 00000000 -
-[e] 010003d4 0000000b 0
-[f] 010003e8 00208f33
-[d] 010003e4 33 1e 01 02 0 00 - -
-[r] 01 02 00000000 00000000
-[w] 010003d8 1 01 0000000f
-[f] 010003e8 00208f33
-[d] 010003e4 33 1e 01 02 0 00 - -
-[r] 01 02 0000000e 0000000b
-[e] 010003e4 0000000e 0
-[f] 010003ec 00120213
-[d] 010003e8 13 04 04 - 0 - 00000001 -
-[r] 04 - 0000000f -
-[e] 010003e4 0000001a 0
-[f] 010003f0 00200293
-[d] 010003ec 13 05 00 - 0 - 00000002 -
-[r] 00 - 00000000 -
-[e] 010003e8 00000001 0
-[f] 010003f4 fe5212e3
-[d] 010003f0 63 - 04 05 1 - ffffffe4 -
-[r] 04 05 00000000 00000000
-[e] 010003ec 00000002 0
-[w] 010003e4 1 1e 0000001a
-[f] 010003f8 01a00e93
-[d] 010003f4 13 1d 00 - 0 - 0000001a -
-[r] 00 - 00000000 -
-[e] 010003f0 010003d4 1
-[w] 010003e8 1 04 00000001
-[f] 010003d8 00b00113
-[d] 010003d4 13 02 00 - 0 - 0000000b -
-[r] 00 - 00000000 -
-[f] 010003dc 00f00093
-[d] 010003d8 13 01 00 - 0 - 0000000f -
-[r] 00 - 00000000 -
-[e] 010003d4 0000000b 0
-[f] 010003e8 00208f33
-[d] 010003e4 33 1e 01 02 0 00 - -
-[r] 01 02 00000000 00000000
-[w] 010003d8 1 01 0000000f
-[f] 010003e8 00208f33
-[d] 010003e4 33 1e 01 02 0 00 - -
-[r] 01 02 0000000f 0000000b
-[e] 010003e4 0000000f 0
-[f] 010003ec 00120213
-[d] 010003e8 13 04 04 - 0 - 00000001 -
-[r] 04 - 0000000f -
-[e] 010003e4 0000001a 0
-[f] 010003f0 00200293
-[d] 010003ec 13 05 00 - 0 - 00000002 -
-[r] 00 - 00000001 -
-[e] 010003e8 00000002 0
-[f] 010003f4 fe5212e3
-[d] 010003f0 63 - 04 05 1 - ffffffe4 -
-[r] 04 05 00000000 00000000
-[e] 010003ec 00000002 0
-[w] 010003e4 1 1e 0000001a
-[f] 010003f8 01a00e93
-[d] 010003f4 13 1d 00 - 0 - 0000001a -
-[r] 00 - 00000001 -
-[e] 010003f0 010003d4 0
-[w] 010003e8 1 04 00000002
-[f] 010003fc 01f00193
-[d] 010003f8 13 03 00 - 0 - 0000001f -
-[r] 00 - 00000000 -
-[e] 010003f4 0000001a 0
-[w] 010003ec 1 05 00000002
-[f] 01000400 0fdf1263
-[d] 010003fc 63 - 1e 1d 1 - 000000e4 -
-[r] 1e 1d 00000000 00000000
-[e] 010003f8 0000001f 0
-[f] 01000404 00000213
-[d] 01000400 13 04 00 - 0 - 00000000 -
-[r] 00 - 0000001a -
-[e] 010003fc 010004e0 0
-[w] 010003f4 1 1d 0000001a
-[f] 01000408 00b00113
-[d] 01000404 13 02 00 - 0 - 0000000b -
-[r] 00 - 00000000 -
-[e] 01000400 00000000 0
-[w] 010003f8 1 03 0000001f
-[f] 01000410 00d00093
-[d] 0100040c 13 01 00 - 0 - 0000000d -
-[r] 00 - 00000000 -
-[w] 01000400 1 04 00000000
-[f] 01000414 00208f33
-[d] 01000410 33 1e 01 02 0 00 - -
-[r] 01 02 00000000 00000000
-[e] 0100040c 0000000d 0
-[w] 01000404 1 02 0000000b
-[f] 01000414 00208f33
-[d] 01000410 33 1e 01 02 0 00 - -
-[r] 01 02 0000000f 0000000b
-[e] 01000410 0000000f 0
-[f] 01000418 00120213
-[d] 01000414 13 04 04 - 0 - 00000001 -
-[r] 04 - 0000000f -
-[e] 01000410 00000018 0
-[w] 0100040c 1 01 0000000d
-[f] 0100041c 00200293
-[d] 01000418 13 05 00 - 0 - 00000002 -
-[r] 00 - 00000000 -
-[e] 01000414 00000001 0
-[f] 01000420 fe5214e3
-[d] 0100041c 63 - 04 05 1 - ffffffe8 -
-[r] 04 05 00000000 00000000
-[e] 01000418 00000002 0
-[w] 01000410 1 1e 00000018
-[f] 01000424 01800e93
-[d] 01000420 13 1d 00 - 0 - 00000018 -
-[r] 00 - 00000000 -
-[e] 0100041c 01000404 1
-[w] 01000414 1 04 00000001
-[f] 01000408 00b00113
-[d] 01000404 13 02 00 - 0 - 0000000b -
-[r] 00 - 00000000 -
-[f] 01000410 00d00093
-[d] 0100040c 13 01 00 - 0 - 0000000d -
-[r] 00 - 00000000 -
-[f] 01000414 00208f33
-[d] 01000410 33 1e 01 02 0 00 - -
-[r] 01 02 00000000 00000000
-[e] 0100040c 0000000d 0
-[w] 01000404 1 02 0000000b
-[f] 01000414 00208f33
-[d] 01000410 33 1e 01 02 0 00 - -
-[r] 01 02 0000000d 0000000b
-[e] 01000410 0000000d 0
-[f] 01000418 00120213
-[d] 01000414 13 04 04 - 0 - 00000001 -
-[r] 04 - 0000000d -
-[e] 01000410 00000018 0
-[w] 0100040c 1 01 0000000d
-[f] 0100041c 00200293
-[d] 01000418 13 05 00 - 0 - 00000002 -
-[r] 00 - 00000001 -
-[e] 01000414 00000002 0
-[f] 01000420 fe5214e3
-[d] 0100041c 63 - 04 05 1 - ffffffe8 -
-[r] 04 05 00000000 00000000
-[e] 01000418 00000002 0
-[w] 01000410 1 1e 00000018
-[f] 01000424 01800e93
-[d] 01000420 13 1d 00 - 0 - 00000018 -
-[r] 00 - 00000001 -
-[e] 0100041c 01000404 0
-[w] 01000414 1 04 00000002
-[f] 01000428 02000193
-[d] 01000424 13 03 00 - 0 - 00000020 -
-[r] 00 - 00000000 -
-[e] 01000420 00000018 0
-[w] 01000418 1 05 00000002
-[f] 0100042c 0bdf1c63
-[d] 01000428 63 - 1e 1d 1 - 000000b8 -
-[r] 1e 1d 00000000 00000000
-[e] 01000424 00000020 0
-[f] 01000430 00000213
-[d] 0100042c 13 04 00 - 0 - 00000000 -
-[r] 00 - 00000018 -
-[e] 01000428 010004e0 0
-[w] 01000420 1 1d 00000018
-[f] 01000434 00b00113
-[d] 01000430 13 02 00 - 0 - 0000000b -
-[r] 00 - 00000000 -
-[e] 0100042c 00000000 0
-[w] 01000424 1 03 00000020
-[f] 0100043c 00e00093
-[d] 01000438 13 01 00 - 0 - 0000000e -
-[r] 00 - 00000000 -
-[w] 0100042c 1 04 00000000
-[f] 01000444 00208f33
-[d] 01000440 33 1e 01 02 0 00 - -
-[r] 01 02 00000000 00000000
-[f] 01000448 00120213
-[d] 01000444 13 04 04 - 0 - 00000001 -
-[r] 04 - 0000000d -
-[e] 01000440 00000019 0
-[w] 01000438 1 01 0000000e
-[f] 0100044c 00200293
-[d] 01000448 13 05 00 - 0 - 00000002 -
-[r] 00 - 00000000 -
-[e] 01000444 00000001 0
-[f] 01000450 fe5212e3
-[d] 0100044c 63 - 04 05 1 - ffffffe4 -
-[r] 04 05 00000000 00000000
-[e] 01000448 00000002 0
-[w] 01000440 1 1e 00000019
-[f] 01000454 01900e93
-[d] 01000450 13 1d 00 - 0 - 00000019 -
-[r] 00 - 00000000 -
-[e] 0100044c 01000430 1
-[w] 01000444 1 04 00000001
-[f] 01000434 00b00113
-[d] 01000430 13 02 00 - 0 - 0000000b -
-[r] 00 - 00000000 -
-[f] 0100043c 00e00093
-[d] 01000438 13 01 00 - 0 - 0000000e -
-[r] 00 - 00000000 -
-[f] 01000444 00208f33
-[d] 01000440 33 1e 01 02 0 00 - -
-[r] 01 02 00000000 00000000
-[f] 01000448 00120213
-[d] 01000444 13 04 04 - 0 - 00000001 -
-[r] 04 - 0000000e -
-[e] 01000440 00000019 0
-[w] 01000438 1 01 0000000e
-[f] 0100044c 00200293
-[d] 01000448 13 05 00 - 0 - 00000002 -
-[r] 00 - 00000001 -
-[e] 01000444 00000002 0
-[f] 01000450 fe5212e3
-[d] 0100044c 63 - 04 05 1 - ffffffe4 -
-[r] 04 05 00000000 00000000
-[e] 01000448 00000002 0
-[w] 01000440 1 1e 00000019
-[f] 01000454 01900e93
-[d] 01000450 13 1d 00 - 0 - 00000019 -
-[r] 00 - 00000001 -
-[e] 0100044c 01000430 0
-[w] 01000444 1 04 00000002
-[f] 01000458 02100193
-[d] 01000454 13 03 00 - 0 - 00000021 -
-[r] 00 - 00000000 -
-[e] 01000450 00000019 0
-[w] 01000448 1 05 00000002
-[f] 0100045c 09df1463
-[d] 01000458 63 - 1e 1d 1 - 00000088 -
-[r] 1e 1d 00000000 00000000
-[e] 01000454 00000021 0
-[f] 01000460 00000213
-[d] 0100045c 13 04 00 - 0 - 00000000 -
-[r] 00 - 00000019 -
-[e] 01000458 010004e0 0
-[w] 01000450 1 1d 00000019
-[f] 01000464 00b00113
-[d] 01000460 13 02 00 - 0 - 0000000b -
-[r] 00 - 00000000 -
-[e] 0100045c 00000000 0
-[w] 01000454 1 03 00000021
-[f] 01000470 00f00093
-[d] 0100046c 13 01 00 - 0 - 0000000f -
-[r] 00 - 00000000 -
-[w] 01000460 1 02 0000000b
-[f] 01000474 00208f33
-[d] 01000470 33 1e 01 02 0 00 - -
-[r] 01 02 00000000 00000000
-[e] 0100046c 0000000f 0
-[f] 01000478 00120213
-[d] 01000474 13 04 04 - 0 - 00000001 -
-[r] 04 - 0000000e -
-[e] 01000470 0000001a 0
-[f] 0100047c 00200293
-[d] 01000478 13 05 00 - 0 - 00000002 -
-[r] 00 - 00000000 -
-[e] 01000474 00000001 0
-[w] 0100046c 1 01 0000000f
-[f] 01000480 fe5212e3
-[d] 0100047c 63 - 04 05 1 - ffffffe4 -
-[r] 04 05 00000000 00000000
-[e] 01000478 00000002 0
-[w] 01000470 1 1e 0000001a
-[f] 01000484 01a00e93
-[d] 01000480 13 1d 00 - 0 - 0000001a -
-[r] 00 - 00000000 -
-[e] 0100047c 01000460 1
-[w] 01000474 1 04 00000001
-[f] 01000464 00b00113
-[d] 01000460 13 02 00 - 0 - 0000000b -
-[r] 00 - 00000000 -
-[f] 01000470 00f00093
-[d] 0100046c 13 01 00 - 0 - 0000000f -
-[r] 00 - 00000000 -
-[w] 01000460 1 02 0000000b
-[f] 01000474 00208f33
-[d] 01000470 33 1e 01 02 0 00 - -
-[r] 01 02 00000000 00000000
-[e] 0100046c 0000000f 0
-[f] 01000478 00120213
-[d] 01000474 13 04 04 - 0 - 00000001 -
-[r] 04 - 0000000f -
-[e] 01000470 0000001a 0
-[f] 0100047c 00200293
-[d] 01000478 13 05 00 - 0 - 00000002 -
-[r] 00 - 00000001 -
-[e] 01000474 00000002 0
-[w] 0100046c 1 01 0000000f
-[f] 01000480 fe5212e3
-[d] 0100047c 63 - 04 05 1 - ffffffe4 -
-[r] 04 05 00000000 00000000
-[e] 01000478 00000002 0
-[w] 01000470 1 1e 0000001a
-[f] 01000484 01a00e93
-[d] 01000480 13 1d 00 - 0 - 0000001a -
-[r] 00 - 00000001 -
-[e] 0100047c 01000460 0
-[w] 01000474 1 04 00000002
-[f] 01000488 02200193
-[d] 01000484 13 03 00 - 0 - 00000022 -
-[r] 00 - 00000000 -
-[e] 01000480 0000001a 0
-[w] 01000478 1 05 00000002
-[f] 0100048c 05df1c63
-[d] 01000488 63 - 1e 1d 1 - 00000058 -
-[r] 1e 1d 00000000 00000000
-[e] 01000484 00000022 0
-[f] 01000490 00f00093
-[d] 0100048c 13 01 00 - 0 - 0000000f -
-[r] 00 - 0000001a -
-[e] 01000488 010004e0 0
-[w] 01000480 1 1d 0000001a
-[f] 01000494 00100133
-[d] 01000490 33 02 00 01 0 00 - -
-[r] 00 01 00000000 00000000
-[e] 0100048c 0000000f 0
-[w] 01000484 1 03 00000022
-[f] 01000498 00f00e93
-[d] 01000494 13 1d 00 - 0 - 0000000f -
-[r] 00 - 00000000 -
-[e] 01000490 0000000f 0
-[f] 0100049c 02300193
-[d] 01000498 13 03 00 - 0 - 00000023 -
-[r] 00 - 00000000 -
-[e] 01000494 0000000f 0
-[w] 0100048c 1 01 0000000f
-[f] 010004a0 05d11263
-[d] 0100049c 63 - 02 1d 1 - 00000044 -
-[r] 02 1d 00000000 00000000
-[e] 01000498 00000023 0
-[w] 01000490 1 02 0000000f
-[f] 010004a0 05d11263
-[d] 0100049c 63 - 02 1d 1 - 00000044 -
-[r] 02 1d 0000000b 0000001a
-[e] 0100049c 0000000b 0
-[w] 01000494 1 1d 0000000f
-[f] 010004a0 05d11263
-[d] 0100049c 63 - 02 1d 1 - 00000044 -
-[r] 02 1d 0000000f 0000001a
-[e] 0100049c 0000000f 0
-[w] 01000498 1 03 00000023
-[f] 010004a4 02000093
-[d] 010004a0 13 01 00 - 0 - 00000020 -
-[r] 00 - 0000000f -
-[e] 0100049c 010004e0 0
-[f] 010004a8 00008133
-[d] 010004a4 33 02 01 00 0 00 - -
-[r] 01 00 00000000 00000000
-[e] 010004a0 00000020 0
-[f] 010004ac 02000e93
-[d] 010004a8 13 1d 00 - 0 - 00000020 -
-[r] 00 - 0000000f -
-[e] 010004a4 00000020 0
-[f] 010004b0 02400193
-[d] 010004ac 13 03 00 - 0 - 00000024 -
-[r] 00 - 00000000 -
-[e] 010004a8 00000020 0
-[w] 010004a0 1 01 00000020
-[f] 010004b4 03d11863
-[d] 010004b0 63 - 02 1d 1 - 00000030 -
-[r] 02 1d 00000000 00000000
-[e] 010004ac 00000024 0
-[w] 010004a4 1 02 00000020
-[f] 010004b4 03d11863
-[d] 010004b0 63 - 02 1d 1 - 00000030 -
-[r] 02 1d 0000000f 0000000f
-[e] 010004b0 0000000f 0
-[w] 010004a8 1 1d 00000020
-[f] 010004b4 03d11863
-[d] 010004b0 63 - 02 1d 1 - 00000030 -
-[r] 02 1d 00000020 0000000f
-[e] 010004b0 00000020 0
-[w] 010004ac 1 03 00000024
-[f] 010004b8 000000b3
-[d] 010004b4 33 01 00 00 0 00 - -
-[r] 00 00 00000020 00000020
-[e] 010004b0 010004e0 0
-[f] 010004bc 00000e93
-[d] 010004b8 13 1d 00 - 0 - 00000000 -
-[r] 00 - 00000000 -
-[e] 010004b4 00000000 0
-[f] 010004c0 02500193
-[d] 010004bc 13 03 00 - 0 - 00000025 -
-[r] 00 - 00000000 -
-[e] 010004b8 00000000 0
-[f] 010004c4 03d09063
-[d] 010004c0 63 - 01 1d 1 - 00000020 -
-[r] 01 1d 00000000 00000000
-[e] 010004bc 00000025 0
-[w] 010004b4 1 01 00000000
-[f] 010004c4 03d09063
-[d] 010004c0 63 - 01 1d 1 - 00000020 -
-[r] 01 1d 00000020 00000020
-[e] 010004c0 00000020 0
-[w] 010004b8 1 1d 00000000
-[f] 010004c4 03d09063
-[d] 010004c0 63 - 01 1d 1 - 00000020 -
-[r] 01 1d 00000000 00000020
-[e] 010004c0 00000000 0
-[w] 010004bc 1 03 00000025
-[f] 010004c8 01000093
-[d] 010004c4 13 01 00 - 0 - 00000010 -
-[r] 00 - 00000000 -
-[e] 010004c0 010004e0 0
-[f] 010004cc 01e00113
-[d] 010004c8 13 02 00 - 0 - 0000001e -
-[r] 00 - 00000000 -
-[e] 010004c4 00000010 0
-[f] 010004d0 00208033
-[d] 010004cc 33 00 01 02 0 00 - -
-[r] 01 02 00000000 00000000
-[e] 010004c8 0000001e 0
-[f] 010004d4 00000e93
-[d] 010004d0 13 1d 00 - 0 - 00000000 -
-[r] 00 - 00000000 -
-[e] 010004cc 0000002e 0
-[w] 010004c4 1 01 00000010
-[f] 010004d8 02600193
-[d] 010004d4 13 03 00 - 0 - 00000026 -
-[r] 00 - 00000000 -
-[e] 010004d0 00000000 0
-[w] 010004c8 1 02 0000001e
-[f] 010004dc 01d01463
-[d] 010004d8 63 - 00 1d 1 - 00000008 -
-[r] 00 1d 00000000 00000000
-[e] 010004d4 00000026 0
-[f] 010004e0 00301c63
-[d] 010004dc 63 - 00 03 1 - 00000018 -
-[r] 00 03 00000000 00000000
-[e] 010004d8 010004e0 0
-[w] 010004d0 1 1d 00000000
-[f] 010004fc 00100193
-[d] 010004f8 13 03 00 - 0 - 00000001 -
-[r] 00 - 00000000 -
-[e] 010004f4 00000000 0
+[d] 01000034 13 01 00 - 0 - 00000003 -
+[r] 00 - 00000002 -
+[e] 01000030 010004e4 1
+[f] 010004e8 00018063
+[d] 010004e4 33 1e 01 02 0 00 - -
+[r] 01 02 00000000 00000000
+[f] 010004ec 00119193
+[d] 010004e8 63 - 03 00 0 - 00000000 -
+[r] 03 00 00000001 00000001
+[e] 010004e4 00000000 0
+[f] 010004f0 0011e193
+[d] 010004ec 13 03 03 - 1 - 00000000 -
+[r] 03 - 00000003 -
+[e] 010004e8 010004e8 1
