--- /tmp/tmp.QAH5oNhhCj	2025-11-28 17:09:54.892380303 -0500
+++ /tmp/tmp.kuiBO9fjUL	2025-11-28 17:09:54.901380343 -0500
@@ -1,1035 +1,47 @@
-[f] 01000004 00100093
-[d] 01000000 13 01 00 - 0 - 00000001 -
-[r] 00 - 00000000 -
 [f] 01000008 00009f13
-[d] 01000004 13 1e 01 - 1 - 00000000 -
-[r] 01 - 00000000 -
-[e] 01000000 00000001 0
-[f] 0100000c 00100e93
-[d] 01000008 13 1d 00 - 0 - 00000001 -
+[d] 01000004 13 01 00 - 0 - 00000001 -
 [r] 00 - 00000000 -
+[e] 01000000 00000000 0
+[f] 0100000c 00100e93
+[d] 01000008 13 1e 01 - 1 - 00000000 -
+[r] 01 - 00000000 -
 [e] 01000004 00000001 0
 [f] 01000010 00200193
-[d] 0100000c 13 03 00 - 0 - 00000002 -
+[d] 0100000c 13 1d 00 - 0 - 00000001 -
 [r] 00 - 00000000 -
 [e] 01000008 00000001 0
-[w] 01000000 1 01 00000001
 [f] 01000014 27df1a63
-[d] 01000010 63 - 1e 1d 1 - 00000274 -
+[d] 01000010 13 03 00 - 0 - 00000002 -
+[r] 00 - 00000000 -
+[e] 0100000c 00000001 0
+[w] 01000004 1 01 00000001
+[f] 01000018 00100093
+[d] 01000014 63 - 1e 1d 1 - 00000274 -
 [r] 1e 1d 00000000 00000000
-[e] 0100000c 00000002 0
-[w] 01000004 1 1e 00000001
-[f] 01000014 27df1a63
-[d] 01000010 63 - 1e 1d 1 - 00000274 -
+[e] 01000010 00000002 0
+[w] 01000008 1 1e 00000001
+[f] 01000018 00100093
+[d] 01000014 63 - 1e 1d 1 - 00000274 -
 [r] 1e 1d 00000000 00000000
-[e] 01000010 00000000 0
-[w] 01000008 1 1d 00000001
-[f] 01000014 27df1a63
-[d] 01000010 63 - 1e 1d 1 - 00000274 -
-[r] 1e 1d 00000001 00000000
-[e] 01000010 00000001 0
-[w] 0100000c 1 03 00000002
+[e] 01000014 00000000 0
+[w] 0100000c 1 1d 00000001
 [f] 01000018 00100093
-[d] 01000014 13 01 00 - 0 - 00000001 -
-[r] 00 - 00000001 -
-[e] 01000010 01000284 0
+[d] 01000014 63 - 1e 1d 1 - 00000274 -
+[r] 1e 1d 00000001 00000000
+[e] 01000014 00000000 0
+[w] 01000010 1 03 00000002
 [f] 0100001c 00109f13
-[d] 01000018 13 1e 01 - 1 - 00000001 -
-[r] 01 - 00000000 -
-[e] 01000014 00000001 0
-[f] 01000020 00200e93
-[d] 0100001c 13 1d 00 - 0 - 00000002 -
-[r] 00 - 00000001 -
-[e] 01000018 00000002 0
-[f] 01000024 00300193
-[d] 01000020 13 03 00 - 0 - 00000003 -
-[r] 00 - 00000000 -
-[e] 0100001c 00000002 0
-[w] 01000014 1 01 00000001
-[f] 01000028 27df1063
-[d] 01000024 63 - 1e 1d 1 - 00000260 -
-[r] 1e 1d 00000000 00000000
-[e] 01000020 00000003 0
-[w] 01000018 1 1e 00000002
-[f] 01000028 27df1063
-[d] 01000024 63 - 1e 1d 1 - 00000260 -
-[r] 1e 1d 00000001 00000001
-[e] 01000024 00000001 0
-[w] 0100001c 1 1d 00000002
-[f] 01000028 27df1063
-[d] 01000024 63 - 1e 1d 1 - 00000260 -
-[r] 1e 1d 00000002 00000001
-[e] 01000024 00000002 0
-[w] 01000020 1 03 00000003
-[f] 0100002c 00100093
-[d] 01000028 13 01 00 - 0 - 00000001 -
-[r] 00 - 00000002 -
-[e] 01000024 01000284 0
-[f] 01000030 00709f13
-[d] 0100002c 13 1e 01 - 1 - 00000007 -
-[r] 01 - 00000000 -
-[e] 01000028 00000001 0
-[f] 01000034 08000e93
-[d] 01000030 13 1d 00 - 0 - 00000080 -
-[r] 00 - 00000001 -
-[e] 0100002c 00000080 0
-[f] 01000038 00400193
-[d] 01000034 13 03 00 - 0 - 00000004 -
-[r] 00 - 00000000 -
-[e] 01000030 00000080 0
-[w] 01000028 1 01 00000001
-[f] 0100003c 25df1663
-[d] 01000038 63 - 1e 1d 1 - 0000024c -
-[r] 1e 1d 00000000 00000000
-[e] 01000034 00000004 0
-[w] 0100002c 1 1e 00000080
-[f] 0100003c 25df1663
-[d] 01000038 63 - 1e 1d 1 - 0000024c -
-[r] 1e 1d 00000002 00000002
-[e] 01000038 00000002 0
-[w] 01000030 1 1d 00000080
-[f] 0100003c 25df1663
-[d] 01000038 63 - 1e 1d 1 - 0000024c -
-[r] 1e 1d 00000080 00000002
-[e] 01000038 00000080 0
-[w] 01000034 1 03 00000004
-[f] 01000040 00100093
-[d] 0100003c 13 01 00 - 0 - 00000001 -
-[r] 00 - 00000080 -
-[e] 01000038 01000284 0
-[f] 01000044 00e09f13
-[d] 01000040 13 1e 01 - 1 - 0000000e -
-[r] 01 - 00000000 -
-[e] 0100003c 00000001 0
-[f] 01000048 00004eb7
-[d] 01000044 37 1d - - - - 00004000 -
-[r] - - - -
-[e] 01000040 00004000 0
-[f] 0100004c 00500193
-[d] 01000048 13 03 00 - 0 - 00000005 -
-[r] 00 - 00000000 -
-[e] 01000044 00004000 0
-[w] 0100003c 1 01 00000001
-[f] 01000050 23df1c63
-[d] 0100004c 63 - 1e 1d 1 - 00000238 -
-[r] 1e 1d 00000000 00000000
-[e] 01000048 00000005 0
-[w] 01000040 1 1e 00004000
-[f] 01000050 23df1c63
-[d] 0100004c 63 - 1e 1d 1 - 00000238 -
-[r] 1e 1d 00000080 00000080
-[e] 0100004c 00000080 0
-[w] 01000044 1 1d 00004000
-[f] 01000050 23df1c63
-[d] 0100004c 63 - 1e 1d 1 - 00000238 -
-[r] 1e 1d 00004000 00000080
-[e] 0100004c 00004000 0
-[w] 01000048 1 03 00000005
-[f] 01000054 00100093
-[d] 01000050 13 01 00 - 0 - 00000001 -
-[r] 00 - 00004000 -
-[e] 0100004c 01000284 0
-[f] 01000058 01f09f13
-[d] 01000054 13 1e 01 - 1 - 0000001f -
-[r] 01 - 00000000 -
-[e] 01000050 00000001 0
-[f] 0100005c 80000eb7
-[d] 01000058 37 1d - - - - 80000000 -
-[r] - - - -
-[e] 01000054 80000000 0
-[f] 01000060 00600193
-[d] 0100005c 13 03 00 - 0 - 00000006 -
-[r] 00 - 00000000 -
-[e] 01000058 80000000 0
-[w] 01000050 1 01 00000001
-[f] 01000064 23df1263
-[d] 01000060 63 - 1e 1d 1 - 00000224 -
-[r] 1e 1d 00000000 00000000
-[e] 0100005c 00000006 0
-[w] 01000054 1 1e 80000000
-[f] 01000064 23df1263
-[d] 01000060 63 - 1e 1d 1 - 00000224 -
-[r] 1e 1d 00004000 00004000
-[e] 01000060 00004000 0
-[w] 01000058 1 1d 80000000
-[f] 01000064 23df1263
-[d] 01000060 63 - 1e 1d 1 - 00000224 -
-[r] 1e 1d 80000000 00004000
-[e] 01000060 80000000 0
-[w] 0100005c 1 03 00000006
-[f] 01000068 fff00093
-[d] 01000064 13 01 00 - 0 - ffffffff -
-[r] 00 - 80000000 -
-[e] 01000060 01000284 0
-[f] 0100006c 00009f13
-[d] 01000068 13 1e 01 - 1 - 00000000 -
-[r] 01 - 00000000 -
-[e] 01000064 ffffffff 0
-[f] 01000070 fff00e93
-[d] 0100006c 13 1d 00 - 0 - ffffffff -
-[r] 00 - 00000001 -
-[e] 01000068 ffffffff 0
-[f] 01000074 00700193
-[d] 01000070 13 03 00 - 0 - 00000007 -
-[r] 00 - 00000000 -
-[e] 0100006c ffffffff 0
-[w] 01000064 1 01 ffffffff
-[f] 01000078 21df1863
-[d] 01000074 63 - 1e 1d 1 - 00000210 -
-[r] 1e 1d 00000000 00000000
-[e] 01000070 00000007 0
-[w] 01000068 1 1e ffffffff
-[f] 01000078 21df1863
-[d] 01000074 63 - 1e 1d 1 - 00000210 -
-[r] 1e 1d 80000000 80000000
-[e] 01000074 80000000 0
-[w] 0100006c 1 1d ffffffff
-[f] 01000078 21df1863
-[d] 01000074 63 - 1e 1d 1 - 00000210 -
-[r] 1e 1d ffffffff 80000000
-[e] 01000074 ffffffff 0
-[w] 01000070 1 03 00000007
-[f] 0100007c fff00093
-[d] 01000078 13 01 00 - 0 - ffffffff -
-[r] 00 - ffffffff -
-[e] 01000074 01000284 0
-[f] 01000080 00109f13
-[d] 0100007c 13 1e 01 - 1 - 00000001 -
-[r] 01 - 00000000 -
-[e] 01000078 ffffffff 0
-[f] 01000084 ffe00e93
-[d] 01000080 13 1d 00 - 0 - fffffffe -
-[r] 00 - ffffffff -
-[e] 0100007c fffffffe 0
-[f] 01000088 00800193
-[d] 01000084 13 03 00 - 0 - 00000008 -
-[r] 00 - 00000000 -
-[e] 01000080 fffffffe 0
-[w] 01000078 1 01 ffffffff
-[f] 0100008c 1fdf1e63
-[d] 01000088 63 - 1e 1d 1 - 000001fc -
-[r] 1e 1d 00000000 00000000
-[e] 01000084 00000008 0
-[w] 0100007c 1 1e fffffffe
-[f] 0100008c 1fdf1e63
-[d] 01000088 63 - 1e 1d 1 - 000001fc -
-[r] 1e 1d ffffffff ffffffff
-[e] 01000088 ffffffff 0
-[w] 01000080 1 1d fffffffe
-[f] 0100008c 1fdf1e63
-[d] 01000088 63 - 1e 1d 1 - 000001fc -
-[r] 1e 1d fffffffe ffffffff
-[e] 01000088 fffffffe 0
-[w] 01000084 1 03 00000008
-[f] 01000090 fff00093
-[d] 0100008c 13 01 00 - 0 - ffffffff -
-[r] 00 - fffffffe -
-[e] 01000088 01000284 0
-[f] 01000094 00709f13
-[d] 01000090 13 1e 01 - 1 - 00000007 -
-[r] 01 - 00000000 -
-[e] 0100008c ffffffff 0
-[f] 01000098 f8000e93
-[d] 01000094 13 1d 00 - 0 - ffffff80 -
-[r] 00 - ffffffff -
-[e] 01000090 ffffff80 0
-[f] 0100009c 00900193
-[d] 01000098 13 03 00 - 0 - 00000009 -
-[r] 00 - 00000000 -
-[e] 01000094 ffffff80 0
-[w] 0100008c 1 01 ffffffff
-[f] 010000a0 1fdf1463
-[d] 0100009c 63 - 1e 1d 1 - 000001e8 -
-[r] 1e 1d 00000000 00000000
-[e] 01000098 00000009 0
-[w] 01000090 1 1e ffffff80
-[f] 010000a0 1fdf1463
-[d] 0100009c 63 - 1e 1d 1 - 000001e8 -
-[r] 1e 1d fffffffe fffffffe
-[e] 0100009c fffffffe 0
-[w] 01000094 1 1d ffffff80
-[f] 010000a0 1fdf1463
-[d] 0100009c 63 - 1e 1d 1 - 000001e8 -
-[r] 1e 1d ffffff80 fffffffe
-[e] 0100009c ffffff80 0
-[w] 01000098 1 03 00000009
-[f] 010000a4 fff00093
-[d] 010000a0 13 01 00 - 0 - ffffffff -
-[r] 00 - ffffff80 -
-[e] 0100009c 01000284 0
-[f] 010000a8 00e09f13
-[d] 010000a4 13 1e 01 - 1 - 0000000e -
-[r] 01 - 00000000 -
-[e] 010000a0 ffffffff 0
-[f] 010000ac ffffceb7
-[d] 010000a8 37 1d - - - - ffffc000 -
-[r] - - - -
-[e] 010000a4 ffffc000 0
-[f] 010000b0 00a00193
-[d] 010000ac 13 03 00 - 0 - 0000000a -
-[r] 00 - 00000000 -
-[e] 010000a8 ffffc000 0
-[w] 010000a0 1 01 ffffffff
-[f] 010000b4 1ddf1a63
-[d] 010000b0 63 - 1e 1d 1 - 000001d4 -
-[r] 1e 1d 00000000 00000000
-[e] 010000ac 0000000a 0
-[w] 010000a4 1 1e ffffc000
-[f] 010000b4 1ddf1a63
-[d] 010000b0 63 - 1e 1d 1 - 000001d4 -
-[r] 1e 1d ffffff80 ffffff80
-[e] 010000b0 ffffff80 0
-[w] 010000a8 1 1d ffffc000
-[f] 010000b4 1ddf1a63
-[d] 010000b0 63 - 1e 1d 1 - 000001d4 -
-[r] 1e 1d ffffc000 ffffff80
-[e] 010000b0 ffffc000 0
-[w] 010000ac 1 03 0000000a
-[f] 010000b8 fff00093
-[d] 010000b4 13 01 00 - 0 - ffffffff -
-[r] 00 - ffffc000 -
-[e] 010000b0 01000284 0
-[f] 010000bc 01f09f13
-[d] 010000b8 13 1e 01 - 1 - 0000001f -
-[r] 01 - 00000000 -
-[e] 010000b4 ffffffff 0
-[f] 010000c0 80000eb7
-[d] 010000bc 37 1d - - - - 80000000 -
-[r] - - - -
-[e] 010000b8 80000000 0
-[f] 010000c4 00b00193
-[d] 010000c0 13 03 00 - 0 - 0000000b -
-[r] 00 - 00000000 -
-[e] 010000bc 80000000 0
-[w] 010000b4 1 01 ffffffff
-[f] 010000c8 1ddf1063
-[d] 010000c4 63 - 1e 1d 1 - 000001c0 -
-[r] 1e 1d 00000000 00000000
-[e] 010000c0 0000000b 0
-[w] 010000b8 1 1e 80000000
-[f] 010000c8 1ddf1063
-[d] 010000c4 63 - 1e 1d 1 - 000001c0 -
-[r] 1e 1d ffffc000 ffffc000
-[e] 010000c4 ffffc000 0
-[w] 010000bc 1 1d 80000000
-[f] 010000c8 1ddf1063
-[d] 010000c4 63 - 1e 1d 1 - 000001c0 -
-[r] 1e 1d 80000000 ffffc000
-[e] 010000c4 80000000 0
-[w] 010000c0 1 03 0000000b
-[f] 010000cc 212120b7
-[d] 010000c8 37 01 - - - - 21212000 -
-[r] - - - -
-[e] 010000c4 01000284 0
-[f] 010000d0 12108093
-[d] 010000cc 13 01 01 - 0 - 00000121 -
-[r] 01 - 00000000 -
-[e] 010000c8 21212000 0
-[f] 010000d4 00009f13
-[d] 010000d0 13 1e 01 - 1 - 00000000 -
-[r] 01 - ffffffff -
-[e] 010000cc 21212121 0
-[f] 010000d8 21212eb7
-[d] 010000d4 37 1d - - - - 21212000 -
-[r] - - - -
-[e] 010000d0 21212121 0
-[w] 010000c8 1 01 21212000
-[f] 010000dc 121e8e93
-[d] 010000d8 13 1d 1d - 0 - 00000121 -
-[r] 1d - 00000000 -
-[e] 010000d4 21212000 0
-[w] 010000cc 1 01 21212121
-[f] 010000e0 00c00193
-[d] 010000dc 13 03 00 - 0 - 0000000c -
-[r] 00 - 80000000 -
-[e] 010000d8 21212121 0
-[w] 010000d0 1 1e 21212121
-[f] 010000e4 1bdf1263
-[d] 010000e0 63 - 1e 1d 1 - 000001a4 -
-[r] 1e 1d 00000000 00000000
-[e] 010000dc 0000000c 0
-[w] 010000d4 1 1d 21212000
-[f] 010000e8 212120b7
-[d] 010000e4 37 01 - - - - 21212000 -
-[r] - - - -
-[e] 010000e0 01000284 0
-[w] 010000d8 1 1d 21212121
-[f] 010000ec 12108093
-[d] 010000e8 13 01 01 - 0 - 00000121 -
-[r] 01 - 00000000 -
-[e] 010000e4 21212000 0
-[w] 010000dc 1 03 0000000c
-[f] 010000f0 00109f13
-[d] 010000ec 13 1e 01 - 1 - 00000001 -
-[r] 01 - 21212121 -
-[e] 010000e8 21212121 0
-[f] 010000f4 42424eb7
-[d] 010000f0 37 1d - - - - 42424000 -
-[r] - - - -
-[e] 010000ec 42424242 0
-[w] 010000e4 1 01 21212000
-[f] 010000f8 242e8e93
-[d] 010000f4 13 1d 1d - 0 - 00000242 -
-[r] 1d - 00000000 -
-[e] 010000f0 42424000 0
-[w] 010000e8 1 01 21212121
-[f] 010000fc 00d00193
-[d] 010000f8 13 03 00 - 0 - 0000000d -
-[r] 00 - 21212121 -
-[e] 010000f4 42424242 0
-[w] 010000ec 1 1e 42424242
-[f] 01000100 19df1463
-[d] 010000fc 63 - 1e 1d 1 - 00000188 -
-[r] 1e 1d 00000000 00000000
-[e] 010000f8 0000000d 0
-[w] 010000f0 1 1d 42424000
-[f] 01000104 212120b7
-[d] 01000100 37 01 - - - - 21212000 -
-[r] - - - -
-[e] 010000fc 01000284 0
-[w] 010000f4 1 1d 42424242
-[f] 01000108 12108093
-[d] 01000104 13 01 01 - 0 - 00000121 -
-[r] 01 - 00000000 -
-[e] 01000100 21212000 0
-[w] 010000f8 1 03 0000000d
-[f] 0100010c 00709f13
-[d] 01000108 13 1e 01 - 1 - 00000007 -
-[r] 01 - 21212121 -
-[e] 01000104 21212121 0
-[f] 01000110 90909eb7
-[d] 0100010c 37 1d - - - - 90909000 -
-[r] - - - -
-[e] 01000108 90909080 0
-[w] 01000100 1 01 21212000
-[f] 01000114 080e8e93
-[d] 01000110 13 1d 1d - 0 - 00000080 -
-[r] 1d - 00000000 -
-[e] 0100010c 90909000 0
-[w] 01000104 1 01 21212121
-[f] 01000118 00e00193
-[d] 01000114 13 03 00 - 0 - 0000000e -
-[r] 00 - 42424242 -
-[e] 01000110 90909080 0
-[w] 01000108 1 1e 90909080
-[f] 0100011c 17df1663
-[d] 01000118 63 - 1e 1d 1 - 0000016c -
-[r] 1e 1d 00000000 00000000
-[e] 01000114 0000000e 0
-[w] 0100010c 1 1d 90909000
-[f] 01000120 212120b7
-[d] 0100011c 37 01 - - - - 21212000 -
-[r] - - - -
-[e] 01000118 01000284 0
-[w] 01000110 1 1d 90909080
-[f] 01000124 12108093
-[d] 01000120 13 01 01 - 0 - 00000121 -
-[r] 01 - 00000000 -
-[e] 0100011c 21212000 0
-[w] 01000114 1 03 0000000e
-[f] 01000128 00e09f13
-[d] 01000124 13 1e 01 - 1 - 0000000e -
-[r] 01 - 21212121 -
-[e] 01000120 21212121 0
-[f] 0100012c 48484eb7
-[d] 01000128 37 1d - - - - 48484000 -
-[r] - - - -
-[e] 01000124 48484000 0
-[w] 0100011c 1 01 21212000
-[f] 01000130 00f00193
-[d] 0100012c 13 03 00 - 0 - 0000000f -
-[r] 00 - 00000000 -
-[e] 01000128 48484000 0
-[w] 01000120 1 01 21212121
-[f] 01000134 15df1a63
-[d] 01000130 63 - 1e 1d 1 - 00000154 -
-[r] 1e 1d 00000000 00000000
-[e] 0100012c 0000000f 0
-[w] 01000124 1 1e 48484000
-[f] 01000134 15df1a63
-[d] 01000130 63 - 1e 1d 1 - 00000154 -
-[r] 1e 1d 90909080 90909080
-[e] 01000130 90909080 0
-[w] 01000128 1 1d 48484000
-[f] 01000134 15df1a63
-[d] 01000130 63 - 1e 1d 1 - 00000154 -
-[r] 1e 1d 48484000 90909080
-[e] 01000130 48484000 0
-[w] 0100012c 1 03 0000000f
-[f] 01000138 212120b7
-[d] 01000134 37 01 - - - - 21212000 -
-[r] - - - -
-[e] 01000130 01000284 0
-[f] 0100013c 12108093
-[d] 01000138 13 01 01 - 0 - 00000121 -
-[r] 01 - 00000000 -
-[e] 01000134 21212000 0
-[f] 01000140 01f09f13
-[d] 0100013c 13 1e 01 - 1 - 0000001f -
-[r] 01 - 21212121 -
-[e] 01000138 21212121 0
-[f] 01000144 80000eb7
-[d] 01000140 37 1d - - - - 80000000 -
-[r] - - - -
-[e] 0100013c 80000000 0
-[w] 01000134 1 01 21212000
-[f] 01000148 01000193
-[d] 01000144 13 03 00 - 0 - 00000010 -
-[r] 00 - 00000000 -
-[e] 01000140 80000000 0
-[w] 01000138 1 01 21212121
-[f] 0100014c 13df1e63
-[d] 01000148 63 - 1e 1d 1 - 0000013c -
-[r] 1e 1d 00000000 00000000
-[e] 01000144 00000010 0
-[w] 0100013c 1 1e 80000000
-[f] 0100014c 13df1e63
-[d] 01000148 63 - 1e 1d 1 - 0000013c -
-[r] 1e 1d 48484000 48484000
-[e] 01000148 48484000 0
-[w] 01000140 1 1d 80000000
-[f] 0100014c 13df1e63
-[d] 01000148 63 - 1e 1d 1 - 0000013c -
-[r] 1e 1d 80000000 48484000
-[e] 01000148 80000000 0
-[w] 01000144 1 03 00000010
-[f] 01000150 00100093
-[d] 0100014c 13 01 00 - 0 - 00000001 -
-[r] 00 - 80000000 -
-[e] 01000148 01000284 0
-[f] 01000154 00709093
-[d] 01000150 13 01 01 - 1 - 00000007 -
-[r] 01 - 00000000 -
-[e] 0100014c 00000001 0
-[f] 01000158 08000e93
-[d] 01000154 13 1d 00 - 0 - 00000080 -
-[r] 00 - 21212121 -
-[e] 01000150 00000080 0
-[f] 0100015c 01100193
-[d] 01000158 13 03 00 - 0 - 00000011 -
-[r] 00 - 00000000 -
-[e] 01000154 00000080 0
-[w] 0100014c 1 01 00000001
-[f] 01000160 13d09463
-[d] 0100015c 63 - 01 1d 1 - 00000128 -
-[r] 01 1d 00000000 00000000
-[e] 01000158 00000011 0
-[w] 01000150 1 01 00000080
-[f] 01000160 13d09463
-[d] 0100015c 63 - 01 1d 1 - 00000128 -
-[r] 01 1d 00000001 80000000
-[e] 0100015c 00000001 0
-[w] 01000154 1 1d 00000080
-[f] 01000160 13d09463
-[d] 0100015c 63 - 01 1d 1 - 00000128 -
-[r] 01 1d 00000080 80000000
-[e] 0100015c 00000080 0
-[w] 01000158 1 03 00000011
-[f] 01000164 00000213
-[d] 01000160 13 04 00 - 0 - 00000000 -
-[r] 00 - 00000080 -
-[e] 0100015c 01000284 0
-[f] 01000168 00100093
-[d] 01000164 13 01 00 - 0 - 00000001 -
-[r] 00 - 00000000 -
-[e] 01000160 00000000 0
-[f] 0100016c 00709f13
-[d] 01000168 13 1e 01 - 1 - 00000007 -
-[r] 01 - 00000000 -
-[e] 01000164 00000001 0
-[f] 01000170 000f0313
-[d] 0100016c 13 06 1e - 0 - 00000000 -
-[r] 1e - 00000080 -
-[e] 01000168 00000080 0
-[w] 01000160 1 04 00000000
-[f] 01000174 00120213
-[d] 01000170 13 04 04 - 0 - 00000001 -
-[r] 04 - 80000000 -
-[e] 0100016c 00000080 0
-[w] 01000164 1 01 00000001
-[f] 01000178 00200293
-[d] 01000174 13 05 00 - 0 - 00000002 -
-[r] 00 - 00000000 -
-[e] 01000170 00000001 0
-[w] 01000168 1 1e 00000080
-[f] 0100017c fe5216e3
-[d] 01000178 63 - 04 05 1 - ffffffec -
-[r] 04 05 00000000 00000000
-[e] 01000174 00000002 0
-[w] 0100016c 1 06 00000080
-[f] 01000180 08000e93
-[d] 0100017c 13 1d 00 - 0 - 00000080 -
-[r] 00 - 00000000 -
-[e] 01000178 01000164 1
-[w] 01000170 1 04 00000001
-[f] 01000168 00100093
-[d] 01000164 13 01 00 - 0 - 00000001 -
-[r] 00 - 00000000 -
-[f] 0100016c 00709f13
-[d] 01000168 13 1e 01 - 1 - 00000007 -
-[r] 01 - 00000000 -
-[e] 01000164 00000001 0
-[f] 01000170 000f0313
-[d] 0100016c 13 06 1e - 0 - 00000000 -
-[r] 1e - 00000001 -
-[e] 01000168 00000080 0
-[f] 01000174 00120213
-[d] 01000170 13 04 04 - 0 - 00000001 -
-[r] 04 - 00000080 -
-[e] 0100016c 00000080 0
-[w] 01000164 1 01 00000001
-[f] 01000178 00200293
-[d] 01000174 13 05 00 - 0 - 00000002 -
-[r] 00 - 00000001 -
-[e] 01000170 00000002 0
-[w] 01000168 1 1e 00000080
-[f] 0100017c fe5216e3
-[d] 01000178 63 - 04 05 1 - ffffffec -
-[r] 04 05 00000000 00000000
-[e] 01000174 00000002 0
-[w] 0100016c 1 06 00000080
-[f] 01000180 08000e93
-[d] 0100017c 13 1d 00 - 0 - 00000080 -
-[r] 00 - 00000001 -
-[e] 01000178 01000164 0
-[w] 01000170 1 04 00000002
-[f] 01000184 01200193
-[d] 01000180 13 03 00 - 0 - 00000012 -
-[r] 00 - 00000000 -
-[e] 0100017c 00000080 0
-[w] 01000174 1 05 00000002
-[f] 01000188 11d31063
-[d] 01000184 63 - 06 1d 1 - 00000100 -
-[r] 06 1d 00000000 00000000
-[e] 01000180 00000012 0
-[f] 0100018c 00000213
-[d] 01000188 13 04 00 - 0 - 00000000 -
-[r] 00 - 00000080 -
-[e] 01000184 01000284 0
-[w] 0100017c 1 1d 00000080
-[f] 01000190 00100093
-[d] 0100018c 13 01 00 - 0 - 00000001 -
-[r] 00 - 00000000 -
-[e] 01000188 00000000 0
-[w] 01000180 1 03 00000012
-[f] 01000194 00e09f13
-[d] 01000190 13 1e 01 - 1 - 0000000e -
-[r] 01 - 00000000 -
-[e] 0100018c 00000001 0
-[f] 0100019c 000f0313
-[d] 01000198 13 06 1e - 0 - 00000000 -
-[r] 1e - 00000000 -
-[w] 0100018c 1 01 00000001
-[f] 010001a0 00120213
-[d] 0100019c 13 04 04 - 0 - 00000001 -
-[r] 04 - 00000080 -
-[e] 01000198 00004000 0
-[w] 01000190 1 1e 00004000
-[f] 010001a4 00200293
-[d] 010001a0 13 05 00 - 0 - 00000002 -
-[r] 00 - 00000000 -
-[e] 0100019c 00000001 0
-[f] 010001a8 fe5214e3
-[d] 010001a4 63 - 04 05 1 - ffffffe8 -
-[r] 04 05 00000000 00000000
-[e] 010001a0 00000002 0
-[w] 01000198 1 06 00004000
-[f] 010001ac 00004eb7
-[d] 010001a8 37 1d - - - - 00004000 -
-[r] - - - -
-[e] 010001a4 0100018c 1
-[w] 0100019c 1 04 00000001
-[f] 01000190 00100093
-[d] 0100018c 13 01 00 - 0 - 00000001 -
-[r] 00 - 00000000 -
-[f] 01000194 00e09f13
-[d] 01000190 13 1e 01 - 1 - 0000000e -
-[r] 01 - 00000000 -
-[e] 0100018c 00000001 0
-[f] 0100019c 000f0313
-[d] 01000198 13 06 1e - 0 - 00000000 -
-[r] 1e - 00000000 -
-[w] 0100018c 1 01 00000001
-[f] 010001a0 00120213
-[d] 0100019c 13 04 04 - 0 - 00000001 -
-[r] 04 - 00004000 -
-[e] 01000198 00004000 0
-[w] 01000190 1 1e 00004000
-[f] 010001a4 00200293
-[d] 010001a0 13 05 00 - 0 - 00000002 -
-[r] 00 - 00000001 -
-[e] 0100019c 00000002 0
-[f] 010001a8 fe5214e3
-[d] 010001a4 63 - 04 05 1 - ffffffe8 -
-[r] 04 05 00000000 00000000
-[e] 010001a0 00000002 0
-[w] 01000198 1 06 00004000
-[f] 010001ac 00004eb7
-[d] 010001a8 37 1d - - - - 00004000 -
-[r] - - - -
-[e] 010001a4 0100018c 0
-[w] 0100019c 1 04 00000002
-[f] 010001b0 01300193
-[d] 010001ac 13 03 00 - 0 - 00000013 -
-[r] 00 - 00000000 -
-[e] 010001a8 00004000 0
-[w] 010001a0 1 05 00000002
-[f] 010001b4 0dd31a63
-[d] 010001b0 63 - 06 1d 1 - 000000d4 -
-[r] 06 1d 00000000 00000000
-[e] 010001ac 00000013 0
-[f] 010001b8 00000213
-[d] 010001b4 13 04 00 - 0 - 00000000 -
-[r] 00 - 00004000 -
-[e] 010001b0 01000284 0
-[w] 010001a8 1 1d 00004000
-[f] 010001bc 00100093
-[d] 010001b8 13 01 00 - 0 - 00000001 -
-[r] 00 - 00000000 -
-[e] 010001b4 00000000 0
-[w] 010001ac 1 03 00000013
-[f] 010001c0 01f09f13
-[d] 010001bc 13 1e 01 - 1 - 0000001f -
-[r] 01 - 00000000 -
-[e] 010001b8 00000001 0
-[f] 010001cc 000f0313
-[d] 010001c8 13 06 1e - 0 - 00000000 -
-[r] 1e - 00000000 -
-[w] 010001bc 1 1e 80000000
-[f] 010001cc 000f0313
-[d] 010001c8 13 06 1e - 0 - 00000000 -
-[r] 1e - 00004000 -
-[e] 010001c8 00004000 0
-[f] 010001d0 00120213
-[d] 010001cc 13 04 04 - 0 - 00000001 -
-[r] 04 - 80000000 -
-[e] 010001c8 80000000 0
-[f] 010001d4 00200293
-[d] 010001d0 13 05 00 - 0 - 00000002 -
-[r] 00 - 00000000 -
-[e] 010001cc 00000001 0
-[f] 010001d8 fe5212e3
-[d] 010001d4 63 - 04 05 1 - ffffffe4 -
-[r] 04 05 00000000 00000000
-[e] 010001d0 00000002 0
-[w] 010001c8 1 06 80000000
-[f] 010001dc 80000eb7
-[d] 010001d8 37 1d - - - - 80000000 -
-[r] - - - -
-[e] 010001d4 010001b8 1
-[w] 010001cc 1 04 00000001
-[f] 010001bc 00100093
-[d] 010001b8 13 01 00 - 0 - 00000001 -
-[r] 00 - 00000000 -
-[f] 010001c0 01f09f13
-[d] 010001bc 13 1e 01 - 1 - 0000001f -
-[r] 01 - 00000000 -
-[e] 010001b8 00000001 0
-[f] 010001cc 000f0313
-[d] 010001c8 13 06 1e - 0 - 00000000 -
-[r] 1e - 00000000 -
-[w] 010001bc 1 1e 80000000
-[f] 010001cc 000f0313
-[d] 010001c8 13 06 1e - 0 - 00000000 -
-[r] 1e - 80000000 -
-[e] 010001c8 80000000 0
-[f] 010001d0 00120213
-[d] 010001cc 13 04 04 - 0 - 00000001 -
-[r] 04 - 80000000 -
-[e] 010001c8 80000000 0
-[f] 010001d4 00200293
-[d] 010001d0 13 05 00 - 0 - 00000002 -
-[r] 00 - 00000001 -
-[e] 010001cc 00000002 0
-[f] 010001d8 fe5212e3
-[d] 010001d4 63 - 04 05 1 - ffffffe4 -
-[r] 04 05 00000000 00000000
-[e] 010001d0 00000002 0
-[w] 010001c8 1 06 80000000
-[f] 010001dc 80000eb7
-[d] 010001d8 37 1d - - - - 80000000 -
-[r] - - - -
-[e] 010001d4 010001b8 0
-[w] 010001cc 1 04 00000002
-[f] 010001e0 01400193
-[d] 010001dc 13 03 00 - 0 - 00000014 -
-[r] 00 - 00000000 -
-[e] 010001d8 80000000 0
-[w] 010001d0 1 05 00000002
-[f] 010001e4 0bd31263
-[d] 010001e0 63 - 06 1d 1 - 000000a4 -
-[r] 06 1d 00000000 00000000
-[e] 010001dc 00000014 0
-[f] 010001e8 00000213
-[d] 010001e4 13 04 00 - 0 - 00000000 -
-[r] 00 - 80000000 -
-[e] 010001e0 01000284 0
-[w] 010001d8 1 1d 80000000
-[f] 010001ec 00100093
-[d] 010001e8 13 01 00 - 0 - 00000001 -
-[r] 00 - 00000000 -
-[e] 010001e4 00000000 0
-[w] 010001dc 1 03 00000014
-[f] 010001f0 00709f13
-[d] 010001ec 13 1e 01 - 1 - 00000007 -
-[r] 01 - 00000000 -
-[e] 010001e8 00000001 0
-[f] 010001f4 00120213
-[d] 010001f0 13 04 04 - 0 - 00000001 -
-[r] 04 - 00000001 -
-[e] 010001ec 00000080 0
-[w] 010001e4 1 04 00000000
-[f] 010001f4 00120213
-[d] 010001f0 13 04 04 - 0 - 00000001 -
-[r] 04 - 00000002 -
-[e] 010001f0 00000002 0
-[w] 010001e8 1 01 00000001
-[f] 010001f8 00200293
-[d] 010001f4 13 05 00 - 0 - 00000002 -
-[r] 00 - 00000000 -
-[e] 010001f0 00000001 0
-[w] 010001ec 1 1e 00000080
-[f] 010001fc fe5218e3
-[d] 010001f8 63 - 04 05 1 - fffffff0 -
-[r] 04 05 00000000 00000000
-[e] 010001f4 00000002 0
-[f] 01000200 08000e93
-[d] 010001fc 13 1d 00 - 0 - 00000080 -
-[r] 00 - 00000000 -
-[e] 010001f8 010001e8 1
-[w] 010001f0 1 04 00000001
-[f] 010001ec 00100093
-[d] 010001e8 13 01 00 - 0 - 00000001 -
-[r] 00 - 00000000 -
-[f] 010001f0 00709f13
-[d] 010001ec 13 1e 01 - 1 - 00000007 -
-[r] 01 - 00000000 -
-[e] 010001e8 00000001 0
-[f] 010001f4 00120213
-[d] 010001f0 13 04 04 - 0 - 00000001 -
-[r] 04 - 00000001 -
-[e] 010001ec 00000080 0
-[f] 010001f8 00200293
-[d] 010001f4 13 05 00 - 0 - 00000002 -
-[r] 00 - 00000001 -
-[e] 010001f0 00000002 0
-[w] 010001e8 1 01 00000001
-[f] 010001fc fe5218e3
-[d] 010001f8 63 - 04 05 1 - fffffff0 -
-[r] 04 05 00000000 00000000
-[e] 010001f4 00000002 0
-[w] 010001ec 1 1e 00000080
-[f] 01000200 08000e93
-[d] 010001fc 13 1d 00 - 0 - 00000080 -
-[r] 00 - 00000001 -
-[e] 010001f8 010001e8 0
-[w] 010001f0 1 04 00000002
-[f] 01000204 01500193
-[d] 01000200 13 03 00 - 0 - 00000015 -
-[r] 00 - 00000000 -
-[e] 010001fc 00000080 0
-[w] 010001f4 1 05 00000002
-[f] 01000208 09df1063
-[d] 01000204 63 - 1e 1d 1 - 00000080 -
-[r] 1e 1d 00000000 00000000
-[e] 01000200 00000015 0
-[f] 0100020c 00000213
-[d] 01000208 13 04 00 - 0 - 00000000 -
-[r] 00 - 00000080 -
-[e] 01000204 01000284 0
-[w] 010001fc 1 1d 00000080
-[f] 01000210 00100093
-[d] 0100020c 13 01 00 - 0 - 00000001 -
-[r] 00 - 00000000 -
-[e] 01000208 00000000 0
-[w] 01000200 1 03 00000015
-[f] 01000218 00e09f13
-[d] 01000214 13 1e 01 - 1 - 0000000e -
-[r] 01 - 00000000 -
-[w] 01000208 1 04 00000000
-[f] 0100021c 00120213
-[d] 01000218 13 04 04 - 0 - 00000001 -
-[r] 04 - 00000001 -
-[e] 01000214 00004000 0
-[w] 0100020c 1 01 00000001
-[f] 01000220 00200293
-[d] 0100021c 13 05 00 - 0 - 00000002 -
-[r] 00 - 00000000 -
-[e] 01000218 00000001 0
-[f] 01000224 fe5216e3
-[d] 01000220 63 - 04 05 1 - ffffffec -
-[r] 04 05 00000000 00000000
-[e] 0100021c 00000002 0
-[w] 01000214 1 1e 00004000
-[f] 01000228 00004eb7
-[d] 01000224 37 1d - - - - 00004000 -
-[r] - - - -
-[e] 01000220 0100020c 1
-[w] 01000218 1 04 00000001
-[f] 01000210 00100093
-[d] 0100020c 13 01 00 - 0 - 00000001 -
-[r] 00 - 00000000 -
-[f] 01000218 00e09f13
-[d] 01000214 13 1e 01 - 1 - 0000000e -
-[r] 01 - 00000000 -
-[f] 0100021c 00120213
-[d] 01000218 13 04 04 - 0 - 00000001 -
-[r] 04 - 00000001 -
-[e] 01000214 00004000 0
-[w] 0100020c 1 01 00000001
-[f] 01000220 00200293
-[d] 0100021c 13 05 00 - 0 - 00000002 -
-[r] 00 - 00000001 -
-[e] 01000218 00000002 0
-[f] 01000224 fe5216e3
-[d] 01000220 63 - 04 05 1 - ffffffec -
-[r] 04 05 00000000 00000000
-[e] 0100021c 00000002 0
-[w] 01000214 1 1e 00004000
-[f] 01000228 00004eb7
-[d] 01000224 37 1d - - - - 00004000 -
-[r] - - - -
-[e] 01000220 0100020c 0
-[w] 01000218 1 04 00000002
-[f] 0100022c 01600193
-[d] 01000228 13 03 00 - 0 - 00000016 -
-[r] 00 - 00000000 -
-[e] 01000224 00004000 0
-[w] 0100021c 1 05 00000002
-[f] 01000230 05df1c63
-[d] 0100022c 63 - 1e 1d 1 - 00000058 -
-[r] 1e 1d 00000000 00000000
-[e] 01000228 00000016 0
-[f] 01000234 00000213
-[d] 01000230 13 04 00 - 0 - 00000000 -
-[r] 00 - 00004000 -
-[e] 0100022c 01000284 0
-[w] 01000224 1 1d 00004000
-[f] 01000238 00100093
-[d] 01000234 13 01 00 - 0 - 00000001 -
-[r] 00 - 00000000 -
-[e] 01000230 00000000 0
-[w] 01000228 1 03 00000016
-[f] 01000244 01f09f13
-[d] 01000240 13 1e 01 - 1 - 0000001f -
-[r] 01 - 00000000 -
-[w] 01000234 1 01 00000001
-[f] 01000244 01f09f13
-[d] 01000240 13 1e 01 - 1 - 0000001f -
-[r] 01 - 00000001 -
-[e] 01000240 00000001 0
-[f] 01000248 00120213
-[d] 01000244 13 04 04 - 0 - 00000001 -
-[r] 04 - 00000001 -
-[e] 01000240 80000000 0
-[f] 0100024c 00200293
-[d] 01000248 13 05 00 - 0 - 00000002 -
-[r] 00 - 00000000 -
-[e] 01000244 00000001 0
-[f] 01000250 fe5214e3
-[d] 0100024c 63 - 04 05 1 - ffffffe8 -
-[r] 04 05 00000000 00000000
-[e] 01000248 00000002 0
-[w] 01000240 1 1e 80000000
-[f] 01000254 80000eb7
-[d] 01000250 37 1d - - - - 80000000 -
-[r] - - - -
-[e] 0100024c 01000234 1
-[w] 01000244 1 04 00000001
-[f] 01000238 00100093
-[d] 01000234 13 01 00 - 0 - 00000001 -
-[r] 00 - 00000000 -
-[f] 01000244 01f09f13
-[d] 01000240 13 1e 01 - 1 - 0000001f -
-[r] 01 - 00000000 -
-[w] 01000234 1 01 00000001
-[f] 01000244 01f09f13
-[d] 01000240 13 1e 01 - 1 - 0000001f -
-[r] 01 - 00000001 -
-[e] 01000240 00000001 0
-[f] 01000248 00120213
-[d] 01000244 13 04 04 - 0 - 00000001 -
-[r] 04 - 00000001 -
-[e] 01000240 80000000 0
-[f] 0100024c 00200293
-[d] 01000248 13 05 00 - 0 - 00000002 -
+[d] 01000018 13 01 00 - 0 - 00000001 -
 [r] 00 - 00000001 -
-[e] 01000244 00000002 0
-[f] 01000250 fe5214e3
-[d] 0100024c 63 - 04 05 1 - ffffffe8 -
-[r] 04 05 00000000 00000000
-[e] 01000248 00000002 0
-[w] 01000240 1 1e 80000000
-[f] 01000254 80000eb7
-[d] 01000250 37 1d - - - - 80000000 -
-[r] - - - -
-[e] 0100024c 01000234 0
-[w] 01000244 1 04 00000002
-[f] 01000258 01700193
-[d] 01000254 13 03 00 - 0 - 00000017 -
-[r] 00 - 00000000 -
-[e] 01000250 80000000 0
-[w] 01000248 1 05 00000002
-[f] 0100025c 03df1663
-[d] 01000258 63 - 1e 1d 1 - 0000002c -
-[r] 1e 1d 00000000 00000000
-[e] 01000254 00000017 0
-[f] 01000260 01f01093
-[d] 0100025c 13 01 00 - 1 - 0000001f -
-[r] 00 - 80000000 -
-[e] 01000258 01000284 0
-[w] 01000250 1 1d 80000000
-[f] 01000264 00000e93
-[d] 01000260 13 1d 00 - 0 - 00000000 -
-[r] 00 - 00000000 -
-[e] 0100025c 00000000 0
-[w] 01000254 1 03 00000017
-[f] 01000268 01800193
-[d] 01000264 13 03 00 - 0 - 00000018 -
-[r] 00 - 00000000 -
-[e] 01000260 00000000 0
-[f] 0100026c 01d09e63
-[d] 01000268 63 - 01 1d 1 - 0000001c -
-[r] 01 1d 00000000 00000000
-[e] 01000264 00000018 0
-[w] 0100025c 1 01 00000000
-[f] 0100026c 01d09e63
-[d] 01000268 63 - 01 1d 1 - 0000001c -
-[r] 01 1d 00000001 80000000
-[e] 01000268 00000001 0
-[w] 01000260 1 1d 00000000
-[f] 0100026c 01d09e63
-[d] 01000268 63 - 01 1d 1 - 0000001c -
-[r] 01 1d 00000000 80000000
-[e] 01000268 00000000 0
-[w] 01000264 1 03 00000018
-[f] 01000270 02100093
-[d] 0100026c 13 01 00 - 0 - 00000021 -
-[r] 00 - 00000000 -
-[e] 01000268 01000284 0
-[f] 01000274 01409013
-[d] 01000270 13 00 01 - 1 - 00000014 -
-[r] 01 - 00000000 -
-[e] 0100026c 00000021 0
-[f] 01000278 00000e93
-[d] 01000274 13 1d 00 - 0 - 00000000 -
-[r] 00 - 00000000 -
-[e] 01000270 02100000 0
-[f] 0100027c 01900193
-[d] 01000278 13 03 00 - 0 - 00000019 -
-[r] 00 - 00000000 -
-[e] 01000274 00000000 0
-[w] 0100026c 1 01 00000021
-[f] 01000280 01d01463
-[d] 0100027c 63 - 00 1d 1 - 00000008 -
-[r] 00 1d 00000000 00000000
-[e] 01000278 00000019 0
-[f] 01000284 00301c63
-[d] 01000280 63 - 00 03 1 - 00000018 -
-[r] 00 03 00000000 00000000
-[e] 0100027c 01000284 0
-[w] 01000274 1 1d 00000000
-[f] 010002a0 00100193
-[d] 0100029c 13 03 00 - 0 - 00000001 -
-[r] 00 - 00000000 -
-[e] 01000298 00000000 0
+[e] 01000014 01000288 1
+[f] 0100028c 00018063
+[d] 01000288 13 1d 00 - 0 - 00000002 -
+[r] 00 - 00000000 -
+[f] 01000290 00119193
+[d] 0100028c 63 - 03 00 0 - 00000000 -
+[r] 03 00 00000000 00000000
+[e] 01000288 00000002 0
+[f] 01000294 0011e193
+[d] 01000290 13 03 03 - 1 - 00000000 -
+[r] 03 - 00000002 -
+[e] 0100028c 0100028c 1
