--- /tmp/tmp.ZYTPtLPRDV	2025-11-28 17:09:54.539378705 -0500
+++ /tmp/tmp.5sprlHYPBx	2025-11-28 17:09:54.547378741 -0500
@@ -1,761 +1,57 @@
-[f] 01000004 ff0100b7
-[d] 01000000 37 01 - - - - ff010000 -
-[r] - - - -
 [f] 01000008 f0008093
-[d] 01000004 13 01 01 - 0 - ffffff00 -
-[r] 01 - 00000000 -
-[e] 01000000 ff010000 0
+[d] 01000004 37 01 - - - - ff010000 -
+[r] - - - -
+[e] 01000000 00000000 0
 [f] 0100000c f0f0ef13
-[d] 01000008 13 1e 01 - 6 - ffffff0f -
+[d] 01000008 13 01 01 - 0 - ffffff00 -
 [r] 01 - 00000000 -
-[e] 01000004 ff00ff00 0
+[e] 01000004 ff010000 0
 [f] 01000010 f0f00e93
-[d] 0100000c 13 1d 00 - 0 - ffffff0f -
-[r] 00 - 00000000 -
-[e] 01000008 ffffff0f 0
-[w] 01000000 1 01 ff010000
+[d] 0100000c 13 1e 01 - 6 - ffffff0f -
+[r] 01 - 00000000 -
+[e] 01000008 ff00ff00 0
 [f] 01000014 00200193
-[d] 01000010 13 03 00 - 0 - 00000002 -
+[d] 01000010 13 1d 00 - 0 - ffffff0f -
 [r] 00 - 00000000 -
 [e] 0100000c ffffff0f 0
-[w] 01000004 1 01 ff00ff00
+[w] 01000004 1 01 ff010000
 [f] 01000018 1ddf1463
-[d] 01000014 63 - 1e 1d 1 - 000001c8 -
+[d] 01000014 13 03 00 - 0 - 00000002 -
+[r] 00 - 00000000 -
+[e] 01000010 ffffff0f 0
+[w] 01000008 1 01 ff00ff00
+[f] 0100001c 0ff010b7
+[d] 01000018 63 - 1e 1d 1 - 000001c8 -
 [r] 1e 1d 00000000 00000000
-[e] 01000010 00000002 0
-[w] 01000008 1 1e ffffff0f
-[f] 01000018 1ddf1463
-[d] 01000014 63 - 1e 1d 1 - 000001c8 -
+[e] 01000014 00000002 0
+[w] 0100000c 1 1e ffffff0f
+[f] 0100001c 0ff010b7
+[d] 01000018 63 - 1e 1d 1 - 000001c8 -
 [r] 1e 1d 00000000 00000000
-[e] 01000014 00000000 0
-[w] 0100000c 1 1d ffffff0f
-[f] 01000018 1ddf1463
-[d] 01000014 63 - 1e 1d 1 - 000001c8 -
-[r] 1e 1d ffffff0f 00000000
-[e] 01000014 ffffff0f 0
-[w] 01000010 1 03 00000002
+[e] 01000018 00000000 0
+[w] 01000010 1 1d ffffff0f
 [f] 0100001c 0ff010b7
-[d] 01000018 37 01 - - - - 0ff01000 -
-[r] - - - -
-[e] 01000014 010001dc 0
+[d] 01000018 63 - 1e 1d 1 - 000001c8 -
+[r] 1e 1d ffffff0f 00000000
+[e] 01000018 00000000 0
+[w] 01000014 1 03 00000002
 [f] 01000020 ff008093
-[d] 0100001c 13 01 01 - 0 - fffffff0 -
-[r] 01 - 00000000 -
-[e] 01000018 0ff01000 0
-[f] 01000024 0f00ef13
-[d] 01000020 13 1e 01 - 6 - 000000f0 -
-[r] 01 - ff00ff00 -
-[e] 0100001c 0ff00ff0 0
-[f] 01000028 0ff01eb7
-[d] 01000024 37 1d - - - - 0ff01000 -
-[r] - - - -
-[e] 01000020 0ff00ff0 0
-[w] 01000018 1 01 0ff01000
-[f] 0100002c ff0e8e93
-[d] 01000028 13 1d 1d - 0 - fffffff0 -
-[r] 1d - 00000000 -
-[e] 01000024 0ff01000 0
-[w] 0100001c 1 01 0ff00ff0
-[f] 01000030 00300193
-[d] 0100002c 13 03 00 - 0 - 00000003 -
-[r] 00 - ffffff0f -
-[e] 01000028 0ff00ff0 0
-[w] 01000020 1 1e 0ff00ff0
-[f] 01000034 1bdf1663
-[d] 01000030 63 - 1e 1d 1 - 000001ac -
-[r] 1e 1d 00000000 00000000
-[e] 0100002c 00000003 0
-[w] 01000024 1 1d 0ff01000
-[f] 01000038 00ff00b7
-[d] 01000034 37 01 - - - - 00ff0000 -
-[r] - - - -
-[e] 01000030 010001dc 0
-[w] 01000028 1 1d 0ff00ff0
-[f] 0100003c 0ff08093
-[d] 01000038 13 01 01 - 0 - 000000ff -
-[r] 01 - 00000000 -
-[e] 01000034 00ff0000 0
-[w] 0100002c 1 03 00000003
-[f] 01000040 70f0ef13
-[d] 0100003c 13 1e 01 - 6 - 0000070f -
-[r] 01 - 0ff00ff0 -
-[e] 01000038 00ff00ff 0
-[f] 01000044 00ff0eb7
-[d] 01000040 37 1d - - - - 00ff0000 -
-[r] - - - -
-[e] 0100003c 00ff07ff 0
-[w] 01000034 1 01 00ff0000
-[f] 01000048 7ffe8e93
-[d] 01000044 13 1d 1d - 0 - 000007ff -
-[r] 1d - 00000000 -
-[e] 01000040 00ff0000 0
-[w] 01000038 1 01 00ff00ff
-[f] 0100004c 00400193
-[d] 01000048 13 03 00 - 0 - 00000004 -
-[r] 00 - 0ff00ff0 -
-[e] 01000044 00ff07ff 0
-[w] 0100003c 1 1e 00ff07ff
-[f] 01000050 19df1863
-[d] 0100004c 63 - 1e 1d 1 - 00000190 -
-[r] 1e 1d 00000000 00000000
-[e] 01000048 00000004 0
-[w] 01000040 1 1d 00ff0000
-[f] 01000054 f00ff0b7
-[d] 01000050 37 01 - - - - f00ff000 -
-[r] - - - -
-[e] 0100004c 010001dc 0
-[w] 01000044 1 1d 00ff07ff
-[f] 01000058 00f08093
-[d] 01000054 13 01 01 - 0 - 0000000f -
-[r] 01 - 00000000 -
-[e] 01000050 f00ff000 1
-[w] 01000048 1 03 00000004
-[f] 0100005c 0f00ef13
-[d] 01000058 13 1e 01 - 6 - 000000f0 -
-[r] 01 - 00ff00ff -
-[e] 01000054 f00ff00f 0
-[f] 01000060 f00ffeb7
-[d] 0100005c 37 1d - - - - f00ff000 -
-[r] - - - -
-[e] 01000058 f00ff0ff 0
-[w] 01000050 1 01 f00ff000
-[f] 01000064 0ffe8e93
-[d] 01000060 13 1d 1d - 0 - 000000ff -
-[r] 1d - 00000000 -
-[e] 0100005c f00ff000 1
-[w] 01000054 1 01 f00ff00f
-[f] 01000068 00500193
-[d] 01000064 13 03 00 - 0 - 00000005 -
-[r] 00 - 00ff07ff -
-[e] 01000060 f00ff0ff 0
-[w] 01000058 1 1e f00ff0ff
-[f] 0100006c 17df1a63
-[d] 01000068 63 - 1e 1d 1 - 00000174 -
-[r] 1e 1d 00000000 00000000
-[e] 01000064 00000005 0
-[w] 0100005c 1 1d f00ff000
-[f] 01000070 ff0100b7
-[d] 0100006c 37 01 - - - - ff010000 -
-[r] - - - -
-[e] 01000068 010001dc 0
-[w] 01000060 1 1d f00ff0ff
-[f] 01000074 f0008093
-[d] 01000070 13 01 01 - 0 - ffffff00 -
-[r] 01 - 00000000 -
-[e] 0100006c ff010000 0
-[w] 01000064 1 03 00000005
-[f] 01000078 0f00e093
-[d] 01000074 13 01 01 - 6 - 000000f0 -
-[r] 01 - f00ff00f -
-[e] 01000070 ff00ff00 0
-[f] 0100007c ff010eb7
-[d] 01000078 37 1d - - - - ff010000 -
-[r] - - - -
-[e] 01000074 ff00fff0 0
-[w] 0100006c 1 01 ff010000
-[f] 01000080 ff0e8e93
-[d] 0100007c 13 1d 1d - 0 - fffffff0 -
-[r] 1d - 00000000 -
-[e] 01000078 ff010000 0
-[w] 01000070 1 01 ff00ff00
-[f] 01000084 00600193
-[d] 01000080 13 03 00 - 0 - 00000006 -
-[r] 00 - f00ff0ff -
-[e] 0100007c ff00fff0 0
-[w] 01000074 1 01 ff00fff0
-[f] 01000088 15d09c63
-[d] 01000084 63 - 01 1d 1 - 00000158 -
-[r] 01 1d 00000000 00000000
-[e] 01000080 00000006 0
-[w] 01000078 1 1d ff010000
-[f] 0100008c 00000213
-[d] 01000088 13 04 00 - 0 - 00000000 -
-[r] 00 - ff00fff0 -
-[e] 01000084 010001dc 0
-[w] 0100007c 1 1d ff00fff0
-[f] 01000090 0ff010b7
-[d] 0100008c 37 01 - - - - 0ff01000 -
-[r] - - - -
-[e] 01000088 00000000 0
-[w] 01000080 1 03 00000006
-[f] 01000094 ff008093
-[d] 01000090 13 01 01 - 0 - fffffff0 -
-[r] 01 - 00000000 -
-[e] 0100008c 0ff01000 0
-[f] 01000098 0f00ef13
-[d] 01000094 13 1e 01 - 6 - 000000f0 -
-[r] 01 - ff00fff0 -
-[e] 01000090 0ff00ff0 0
-[w] 01000088 1 04 00000000
-[f] 0100009c 000f0313
-[d] 01000098 13 06 1e - 0 - 00000000 -
-[r] 1e - ff00fff0 -
-[e] 01000094 0ff00ff0 0
-[w] 0100008c 1 01 0ff01000
-[f] 010000a0 00120213
-[d] 0100009c 13 04 04 - 0 - 00000001 -
-[r] 04 - f00ff0ff -
-[e] 01000098 0ff00ff0 0
-[w] 01000090 1 01 0ff00ff0
-[f] 010000a4 00200293
-[d] 010000a0 13 05 00 - 0 - 00000002 -
-[r] 00 - 00000000 -
-[e] 0100009c 00000001 0
-[w] 01000094 1 1e 0ff00ff0
-[f] 010000a8 fe5214e3
-[d] 010000a4 63 - 04 05 1 - ffffffe8 -
-[r] 04 05 00000000 00000000
-[e] 010000a0 00000002 0
-[w] 01000098 1 06 0ff00ff0
-[f] 010000ac 0ff01eb7
-[d] 010000a8 37 1d - - - - 0ff01000 -
-[r] - - - -
-[e] 010000a4 0100008c 1
-[w] 0100009c 1 04 00000001
-[f] 01000090 0ff010b7
-[d] 0100008c 37 01 - - - - 0ff01000 -
-[r] - - - -
-[f] 01000094 ff008093
-[d] 01000090 13 01 01 - 0 - fffffff0 -
-[r] 01 - 00000000 -
-[e] 0100008c 0ff01000 0
-[f] 01000098 0f00ef13
-[d] 01000094 13 1e 01 - 6 - 000000f0 -
-[r] 01 - 0ff00ff0 -
-[e] 01000090 0ff00ff0 0
-[f] 0100009c 000f0313
-[d] 01000098 13 06 1e - 0 - 00000000 -
-[r] 1e - 0ff00ff0 -
-[e] 01000094 0ff00ff0 0
-[w] 0100008c 1 01 0ff01000
-[f] 010000a0 00120213
-[d] 0100009c 13 04 04 - 0 - 00000001 -
-[r] 04 - 0ff00ff0 -
-[e] 01000098 0ff00ff0 0
-[w] 01000090 1 01 0ff00ff0
-[f] 010000a4 00200293
-[d] 010000a0 13 05 00 - 0 - 00000002 -
-[r] 00 - 00000001 -
-[e] 0100009c 00000002 0
-[w] 01000094 1 1e 0ff00ff0
-[f] 010000a8 fe5214e3
-[d] 010000a4 63 - 04 05 1 - ffffffe8 -
-[r] 04 05 00000000 00000000
-[e] 010000a0 00000002 0
-[w] 01000098 1 06 0ff00ff0
-[f] 010000ac 0ff01eb7
-[d] 010000a8 37 1d - - - - 0ff01000 -
-[r] - - - -
-[e] 010000a4 0100008c 0
-[w] 0100009c 1 04 00000002
-[f] 010000b0 ff0e8e93
-[d] 010000ac 13 1d 1d - 0 - fffffff0 -
-[r] 1d - 00000000 -
-[e] 010000a8 0ff01000 0
-[w] 010000a0 1 05 00000002
-[f] 010000b4 00700193
-[d] 010000b0 13 03 00 - 0 - 00000007 -
-[r] 00 - ff00fff0 -
-[e] 010000ac 0ff00ff0 0
-[f] 010000b8 13d31463
-[d] 010000b4 63 - 06 1d 1 - 00000128 -
-[r] 06 1d 00000000 00000000
-[e] 010000b0 00000007 0
-[w] 010000a8 1 1d 0ff01000
-[f] 010000bc 00000213
-[d] 010000b8 13 04 00 - 0 - 00000000 -
-[r] 00 - 0ff00ff0 -
-[e] 010000b4 010001dc 0
-[w] 010000ac 1 1d 0ff00ff0
-[f] 010000c0 00ff00b7
-[d] 010000bc 37 01 - - - - 00ff0000 -
-[r] - - - -
-[e] 010000b8 00000000 0
-[w] 010000b0 1 03 00000007
-[f] 010000c4 0ff08093
-[d] 010000c0 13 01 01 - 0 - 000000ff -
-[r] 01 - 00000000 -
-[e] 010000bc 00ff0000 0
-[f] 010000c8 70f0ef13
-[d] 010000c4 13 1e 01 - 6 - 0000070f -
-[r] 01 - 0ff00ff0 -
-[e] 010000c0 00ff00ff 0
-[w] 010000b8 1 04 00000000
-[f] 010000d0 000f0313
-[d] 010000cc 13 06 1e - 0 - 00000000 -
-[r] 1e - 00000000 -
-[w] 010000c0 1 01 00ff00ff
-[f] 010000d4 00120213
-[d] 010000d0 13 04 04 - 0 - 00000001 -
-[r] 04 - 0ff00ff0 -
-[e] 010000cc 00ff07ff 0
-[w] 010000c4 1 1e 00ff07ff
-[f] 010000d8 00200293
-[d] 010000d4 13 05 00 - 0 - 00000002 -
-[r] 00 - 00000000 -
-[e] 010000d0 00000001 0
-[f] 010000dc fe5212e3
-[d] 010000d8 63 - 04 05 1 - ffffffe4 -
-[r] 04 05 00000000 00000000
-[e] 010000d4 00000002 0
-[w] 010000cc 1 06 00ff07ff
-[f] 010000e0 00ff0eb7
-[d] 010000dc 37 1d - - - - 00ff0000 -
-[r] - - - -
-[e] 010000d8 010000bc 1
-[w] 010000d0 1 04 00000001
-[f] 010000c0 00ff00b7
-[d] 010000bc 37 01 - - - - 00ff0000 -
-[r] - - - -
-[f] 010000c4 0ff08093
-[d] 010000c0 13 01 01 - 0 - 000000ff -
-[r] 01 - 00000000 -
-[e] 010000bc 00ff0000 0
-[f] 010000c8 70f0ef13
-[d] 010000c4 13 1e 01 - 6 - 0000070f -
-[r] 01 - 00ff00ff -
-[e] 010000c0 00ff00ff 0
-[f] 010000d0 000f0313
-[d] 010000cc 13 06 1e - 0 - 00000000 -
-[r] 1e - 00000000 -
-[w] 010000c0 1 01 00ff00ff
-[f] 010000d4 00120213
-[d] 010000d0 13 04 04 - 0 - 00000001 -
-[r] 04 - 00ff07ff -
-[e] 010000cc 00ff07ff 0
-[w] 010000c4 1 1e 00ff07ff
-[f] 010000d8 00200293
-[d] 010000d4 13 05 00 - 0 - 00000002 -
-[r] 00 - 00000001 -
-[e] 010000d0 00000002 0
-[f] 010000dc fe5212e3
-[d] 010000d8 63 - 04 05 1 - ffffffe4 -
-[r] 04 05 00000000 00000000
-[e] 010000d4 00000002 0
-[w] 010000cc 1 06 00ff07ff
-[f] 010000e0 00ff0eb7
-[d] 010000dc 37 1d - - - - 00ff0000 -
-[r] - - - -
-[e] 010000d8 010000bc 0
-[w] 010000d0 1 04 00000002
-[f] 010000e4 7ffe8e93
-[d] 010000e0 13 1d 1d - 0 - 000007ff -
-[r] 1d - 00000000 -
-[e] 010000dc 00ff0000 0
-[w] 010000d4 1 05 00000002
-[f] 010000e8 00800193
-[d] 010000e4 13 03 00 - 0 - 00000008 -
-[r] 00 - 0ff00ff0 -
-[e] 010000e0 00ff07ff 0
-[f] 010000ec 0fd31a63
-[d] 010000e8 63 - 06 1d 1 - 000000f4 -
-[r] 06 1d 00000000 00000000
-[e] 010000e4 00000008 0
-[w] 010000dc 1 1d 00ff0000
-[f] 010000f0 00000213
-[d] 010000ec 13 04 00 - 0 - 00000000 -
-[r] 00 - 00ff07ff -
-[e] 010000e8 010001dc 0
-[w] 010000e0 1 1d 00ff07ff
-[f] 010000f4 f00ff0b7
-[d] 010000f0 37 01 - - - - f00ff000 -
+[d] 0100001c 37 01 - - - - 0ff01000 -
 [r] - - - -
-[e] 010000ec 00000000 0
-[w] 010000e4 1 03 00000008
-[f] 010000f8 00f08093
-[d] 010000f4 13 01 01 - 0 - 0000000f -
-[r] 01 - 00000000 -
-[e] 010000f0 f00ff000 1
-[f] 010000fc 0f00ef13
-[d] 010000f8 13 1e 01 - 6 - 000000f0 -
-[r] 01 - 00ff00ff -
-[e] 010000f4 f00ff00f 0
-[w] 010000ec 1 04 00000000
-[f] 01000108 000f0313
-[d] 01000104 13 06 1e - 0 - 00000000 -
-[r] 1e - 00000000 -
-[w] 010000f8 1 1e f00ff0ff
-[f] 01000108 000f0313
-[d] 01000104 13 06 1e - 0 - 00000000 -
-[r] 1e - 00ff07ff -
-[e] 01000104 00ff07ff 0
-[f] 0100010c 00120213
-[d] 01000108 13 04 04 - 0 - 00000001 -
-[r] 04 - f00ff0ff -
-[e] 01000104 f00ff0ff 0
-[f] 01000110 00200293
-[d] 0100010c 13 05 00 - 0 - 00000002 -
-[r] 00 - 00000000 -
-[e] 01000108 00000001 0
-[f] 01000114 fe5210e3
-[d] 01000110 63 - 04 05 1 - ffffffe0 -
-[r] 04 05 00000000 00000000
-[e] 0100010c 00000002 0
-[w] 01000104 1 06 f00ff0ff
-[f] 01000118 f00ffeb7
-[d] 01000114 37 1d - - - - f00ff000 -
-[r] - - - -
-[e] 01000110 010000f0 1
-[w] 01000108 1 04 00000001
-[f] 010000f4 f00ff0b7
-[d] 010000f0 37 01 - - - - f00ff000 -
-[r] - - - -
-[f] 010000f8 00f08093
-[d] 010000f4 13 01 01 - 0 - 0000000f -
-[r] 01 - 00000000 -
-[e] 010000f0 f00ff000 1
-[f] 010000fc 0f00ef13
-[d] 010000f8 13 1e 01 - 6 - 000000f0 -
-[r] 01 - f00ff00f -
-[e] 010000f4 f00ff00f 0
-[f] 01000108 000f0313
-[d] 01000104 13 06 1e - 0 - 00000000 -
-[r] 1e - 00000000 -
-[w] 010000f8 1 1e f00ff0ff
-[f] 01000108 000f0313
-[d] 01000104 13 06 1e - 0 - 00000000 -
-[r] 1e - f00ff0ff -
-[e] 01000104 f00ff0ff 0
-[f] 0100010c 00120213
-[d] 01000108 13 04 04 - 0 - 00000001 -
-[r] 04 - f00ff0ff -
-[e] 01000104 f00ff0ff 0
-[f] 01000110 00200293
-[d] 0100010c 13 05 00 - 0 - 00000002 -
-[r] 00 - 00000001 -
-[e] 01000108 00000002 0
-[f] 01000114 fe5210e3
-[d] 01000110 63 - 04 05 1 - ffffffe0 -
-[r] 04 05 00000000 00000000
-[e] 0100010c 00000002 0
-[w] 01000104 1 06 f00ff0ff
-[f] 01000118 f00ffeb7
-[d] 01000114 37 1d - - - - f00ff000 -
-[r] - - - -
-[e] 01000110 010000f0 0
-[w] 01000108 1 04 00000002
-[f] 0100011c 0ffe8e93
-[d] 01000118 13 1d 1d - 0 - 000000ff -
-[r] 1d - 00000000 -
-[e] 01000114 f00ff000 1
-[w] 0100010c 1 05 00000002
-[f] 01000120 00900193
-[d] 0100011c 13 03 00 - 0 - 00000009 -
-[r] 00 - 00ff07ff -
-[e] 01000118 f00ff0ff 0
-[f] 01000124 0bd31e63
-[d] 01000120 63 - 06 1d 1 - 000000bc -
-[r] 06 1d 00000000 00000000
-[e] 0100011c 00000009 0
-[w] 01000114 1 1d f00ff000
-[f] 01000128 00000213
-[d] 01000124 13 04 00 - 0 - 00000000 -
-[r] 00 - f00ff0ff -
-[e] 01000120 010001dc 0
-[w] 01000118 1 1d f00ff0ff
-[f] 0100012c 0ff010b7
-[d] 01000128 37 01 - - - - 0ff01000 -
-[r] - - - -
-[e] 01000124 00000000 0
-[w] 0100011c 1 03 00000009
-[f] 01000130 ff008093
-[d] 0100012c 13 01 01 - 0 - fffffff0 -
-[r] 01 - 00000000 -
-[e] 01000128 0ff01000 0
-[f] 01000134 0f00ef13
-[d] 01000130 13 1e 01 - 6 - 000000f0 -
-[r] 01 - f00ff00f -
-[e] 0100012c 0ff00ff0 0
-[w] 01000124 1 04 00000000
-[f] 01000138 00120213
-[d] 01000134 13 04 04 - 0 - 00000001 -
-[r] 04 - f00ff00f -
-[e] 01000130 0ff00ff0 0
-[w] 01000128 1 01 0ff01000
-[f] 0100013c 00200293
-[d] 01000138 13 05 00 - 0 - 00000002 -
-[r] 00 - 00000000 -
-[e] 01000134 00000001 0
-[w] 0100012c 1 01 0ff00ff0
-[f] 01000140 fe5216e3
-[d] 0100013c 63 - 04 05 1 - ffffffec -
-[r] 04 05 00000000 00000000
-[e] 01000138 00000002 0
-[w] 01000130 1 1e 0ff00ff0
-[f] 01000144 0ff01eb7
-[d] 01000140 37 1d - - - - 0ff01000 -
-[r] - - - -
-[e] 0100013c 01000128 1
-[w] 01000134 1 04 00000001
-[f] 0100012c 0ff010b7
-[d] 01000128 37 01 - - - - 0ff01000 -
-[r] - - - -
-[f] 01000130 ff008093
-[d] 0100012c 13 01 01 - 0 - fffffff0 -
-[r] 01 - 00000000 -
-[e] 01000128 0ff01000 0
-[f] 01000134 0f00ef13
-[d] 01000130 13 1e 01 - 6 - 000000f0 -
-[r] 01 - 0ff00ff0 -
-[e] 0100012c 0ff00ff0 0
-[f] 01000138 00120213
-[d] 01000134 13 04 04 - 0 - 00000001 -
-[r] 04 - 0ff00ff0 -
-[e] 01000130 0ff00ff0 0
-[w] 01000128 1 01 0ff01000
-[f] 0100013c 00200293
-[d] 01000138 13 05 00 - 0 - 00000002 -
-[r] 00 - 00000001 -
-[e] 01000134 00000002 0
-[w] 0100012c 1 01 0ff00ff0
-[f] 01000140 fe5216e3
-[d] 0100013c 63 - 04 05 1 - ffffffec -
-[r] 04 05 00000000 00000000
-[e] 01000138 00000002 0
-[w] 01000130 1 1e 0ff00ff0
-[f] 01000144 0ff01eb7
-[d] 01000140 37 1d - - - - 0ff01000 -
-[r] - - - -
-[e] 0100013c 01000128 0
-[w] 01000134 1 04 00000002
-[f] 01000148 ff0e8e93
-[d] 01000144 13 1d 1d - 0 - fffffff0 -
-[r] 1d - 00000000 -
-[e] 01000140 0ff01000 0
-[w] 01000138 1 05 00000002
-[f] 0100014c 00a00193
-[d] 01000148 13 03 00 - 0 - 0000000a -
-[r] 00 - f00ff0ff -
-[e] 01000144 0ff00ff0 0
-[f] 01000150 09df1863
-[d] 0100014c 63 - 1e 1d 1 - 00000090 -
-[r] 1e 1d 00000000 00000000
-[e] 01000148 0000000a 0
-[w] 01000140 1 1d 0ff01000
-[f] 01000154 00000213
-[d] 01000150 13 04 00 - 0 - 00000000 -
-[r] 00 - 0ff00ff0 -
-[e] 0100014c 010001dc 0
-[w] 01000144 1 1d 0ff00ff0
-[f] 01000158 00ff00b7
-[d] 01000154 37 01 - - - - 00ff0000 -
-[r] - - - -
-[e] 01000150 00000000 0
-[w] 01000148 1 03 0000000a
-[f] 0100015c 0ff08093
-[d] 01000158 13 01 01 - 0 - 000000ff -
-[r] 01 - 00000000 -
-[e] 01000154 00ff0000 0
-[f] 01000164 f0f0ef13
-[d] 01000160 13 1e 01 - 6 - ffffff0f -
-[r] 01 - 00000000 -
-[w] 01000154 1 01 00ff0000
-[f] 01000168 00120213
-[d] 01000164 13 04 04 - 0 - 00000001 -
-[r] 04 - 0ff00ff0 -
-[e] 01000160 ffffffff 0
-[w] 01000158 1 01 00ff00ff
-[f] 0100016c 00200293
-[d] 01000168 13 05 00 - 0 - 00000002 -
-[r] 00 - 00000000 -
-[e] 01000164 00000001 0
-[f] 01000170 fe5214e3
-[d] 0100016c 63 - 04 05 1 - ffffffe8 -
-[r] 04 05 00000000 00000000
-[e] 01000168 00000002 0
-[w] 01000160 1 1e ffffffff
-[f] 01000174 fff00e93
-[d] 01000170 13 1d 00 - 0 - ffffffff -
-[r] 00 - 00000000 -
-[e] 0100016c 01000154 1
-[w] 01000164 1 04 00000001
-[f] 01000158 00ff00b7
-[d] 01000154 37 01 - - - - 00ff0000 -
-[r] - - - -
-[f] 0100015c 0ff08093
-[d] 01000158 13 01 01 - 0 - 000000ff -
-[r] 01 - 00000000 -
-[e] 01000154 00ff0000 0
-[f] 01000164 f0f0ef13
-[d] 01000160 13 1e 01 - 6 - ffffff0f -
-[r] 01 - 00000000 -
-[w] 01000154 1 01 00ff0000
-[f] 01000168 00120213
-[d] 01000164 13 04 04 - 0 - 00000001 -
-[r] 04 - 00ff00ff -
-[e] 01000160 ffffffff 0
-[w] 01000158 1 01 00ff00ff
-[f] 0100016c 00200293
-[d] 01000168 13 05 00 - 0 - 00000002 -
-[r] 00 - 00000001 -
-[e] 01000164 00000002 0
-[f] 01000170 fe5214e3
-[d] 0100016c 63 - 04 05 1 - ffffffe8 -
-[r] 04 05 00000000 00000000
-[e] 01000168 00000002 0
-[w] 01000160 1 1e ffffffff
-[f] 01000174 fff00e93
-[d] 01000170 13 1d 00 - 0 - ffffffff -
-[r] 00 - 00000001 -
-[e] 0100016c 01000154 0
-[w] 01000164 1 04 00000002
-[f] 01000178 00b00193
-[d] 01000174 13 03 00 - 0 - 0000000b -
-[r] 00 - 00000000 -
-[e] 01000170 ffffffff 0
-[w] 01000168 1 05 00000002
-[f] 0100017c 07df1263
-[d] 01000178 63 - 1e 1d 1 - 00000064 -
-[r] 1e 1d 00000000 00000000
-[e] 01000174 0000000b 0
-[f] 01000180 00000213
-[d] 0100017c 13 04 00 - 0 - 00000000 -
-[r] 00 - ffffffff -
-[e] 01000178 010001dc 0
-[w] 01000170 1 1d ffffffff
-[f] 01000184 f00ff0b7
-[d] 01000180 37 01 - - - - f00ff000 -
-[r] - - - -
-[e] 0100017c 00000000 0
-[w] 01000174 1 03 0000000b
-[f] 01000188 00f08093
-[d] 01000184 13 01 01 - 0 - 0000000f -
-[r] 01 - 00000000 -
-[e] 01000180 f00ff000 1
-[f] 01000194 0f00ef13
-[d] 01000190 13 1e 01 - 6 - 000000f0 -
-[r] 01 - 00000000 -
-[w] 01000184 1 01 f00ff00f
-[f] 01000194 0f00ef13
-[d] 01000190 13 1e 01 - 6 - 000000f0 -
-[r] 01 - f00ff000 -
-[e] 01000190 f00ff000 0
-[f] 01000198 00120213
-[d] 01000194 13 04 04 - 0 - 00000001 -
-[r] 04 - f00ff00f -
-[e] 01000190 f00ff0ff 0
-[f] 0100019c 00200293
-[d] 01000198 13 05 00 - 0 - 00000002 -
-[r] 00 - 00000000 -
-[e] 01000194 00000001 0
-[f] 010001a0 fe5212e3
-[d] 0100019c 63 - 04 05 1 - ffffffe4 -
-[r] 04 05 00000000 00000000
-[e] 01000198 00000002 0
-[w] 01000190 1 1e f00ff0ff
-[f] 010001a4 f00ffeb7
-[d] 010001a0 37 1d - - - - f00ff000 -
-[r] - - - -
-[e] 0100019c 01000180 1
-[w] 01000194 1 04 00000001
-[f] 01000184 f00ff0b7
-[d] 01000180 37 01 - - - - f00ff000 -
-[r] - - - -
-[f] 01000188 00f08093
-[d] 01000184 13 01 01 - 0 - 0000000f -
-[r] 01 - 00000000 -
-[e] 01000180 f00ff000 1
-[f] 01000194 0f00ef13
-[d] 01000190 13 1e 01 - 6 - 000000f0 -
-[r] 01 - 00000000 -
-[w] 01000184 1 01 f00ff00f
-[f] 01000194 0f00ef13
-[d] 01000190 13 1e 01 - 6 - 000000f0 -
-[r] 01 - f00ff000 -
-[e] 01000190 f00ff000 0
-[f] 01000198 00120213
-[d] 01000194 13 04 04 - 0 - 00000001 -
-[r] 04 - f00ff00f -
-[e] 01000190 f00ff0ff 0
-[f] 0100019c 00200293
-[d] 01000198 13 05 00 - 0 - 00000002 -
-[r] 00 - 00000001 -
-[e] 01000194 00000002 0
-[f] 010001a0 fe5212e3
-[d] 0100019c 63 - 04 05 1 - ffffffe4 -
-[r] 04 05 00000000 00000000
-[e] 01000198 00000002 0
-[w] 01000190 1 1e f00ff0ff
-[f] 010001a4 f00ffeb7
-[d] 010001a0 37 1d - - - - f00ff000 -
-[r] - - - -
-[e] 0100019c 01000180 0
-[w] 01000194 1 04 00000002
-[f] 010001a8 0ffe8e93
-[d] 010001a4 13 1d 1d - 0 - 000000ff -
-[r] 1d - 00000000 -
-[e] 010001a0 f00ff000 1
-[w] 01000198 1 05 00000002
-[f] 010001ac 00c00193
-[d] 010001a8 13 03 00 - 0 - 0000000c -
-[r] 00 - ffffffff -
-[e] 010001a4 f00ff0ff 0
-[f] 010001b0 03df1863
-[d] 010001ac 63 - 1e 1d 1 - 00000030 -
-[r] 1e 1d 00000000 00000000
-[e] 010001a8 0000000c 0
-[w] 010001a0 1 1d f00ff000
-[f] 010001b4 0f006093
-[d] 010001b0 13 01 00 - 6 - 000000f0 -
-[r] 00 - f00ff0ff -
-[e] 010001ac 010001dc 0
-[w] 010001a4 1 1d f00ff0ff
-[f] 010001b8 0f000e93
-[d] 010001b4 13 1d 00 - 0 - 000000f0 -
-[r] 00 - 00000000 -
-[e] 010001b0 000000f0 0
-[w] 010001a8 1 03 0000000c
-[f] 010001bc 00d00193
-[d] 010001b8 13 03 00 - 0 - 0000000d -
-[r] 00 - 00000000 -
-[e] 010001b4 000000f0 0
-[f] 010001c0 03d09063
-[d] 010001bc 63 - 01 1d 1 - 00000020 -
-[r] 01 1d 00000000 00000000
-[e] 010001b8 0000000d 0
-[w] 010001b0 1 01 000000f0
-[f] 010001c0 03d09063
-[d] 010001bc 63 - 01 1d 1 - 00000020 -
-[r] 01 1d f00ff00f f00ff0ff
-[e] 010001bc f00ff00f 0
-[w] 010001b4 1 1d 000000f0
-[f] 010001c0 03d09063
-[d] 010001bc 63 - 01 1d 1 - 00000020 -
-[r] 01 1d 000000f0 f00ff0ff
-[e] 010001bc 000000f0 0
-[w] 010001b8 1 03 0000000d
-[f] 010001c4 00ff00b7
-[d] 010001c0 37 01 - - - - 00ff0000 -
-[r] - - - -
-[e] 010001bc 010001dc 0
-[f] 010001c8 0ff08093
-[d] 010001c4 13 01 01 - 0 - 000000ff -
-[r] 01 - 00000000 -
-[e] 010001c0 00ff0000 0
-[f] 010001cc 70f0e013
-[d] 010001c8 13 00 01 - 6 - 0000070f -
-[r] 01 - 000000f0 -
-[e] 010001c4 00ff00ff 0
-[f] 010001d0 00000e93
-[d] 010001cc 13 1d 00 - 0 - 00000000 -
-[r] 00 - 000000f0 -
-[e] 010001c8 00ff07ff 0
-[w] 010001c0 1 01 00ff0000
-[f] 010001d4 00e00193
-[d] 010001d0 13 03 00 - 0 - 0000000e -
-[r] 00 - 00000000 -
-[e] 010001cc 00000000 0
-[w] 010001c4 1 01 00ff00ff
-[f] 010001d8 01d01463
-[d] 010001d4 63 - 00 1d 1 - 00000008 -
-[r] 00 1d 00000000 00000000
-[e] 010001d0 0000000e 0
-[f] 010001dc 00301c63
-[d] 010001d8 63 - 00 03 1 - 00000018 -
-[r] 00 03 00000000 000000f0
-[e] 010001d4 010001dc 0
-[w] 010001cc 1 1d 00000000
-[f] 010001f8 00100193
-[d] 010001f4 13 03 00 - 0 - 00000001 -
-[r] 00 - 00000000 -
-[e] 010001f0 00000000 0
+[e] 01000018 010001e0 1
+[f] 010001e4 00018063
+[d] 010001e0 13 1e 01 - 6 - 000000f0 -
+[r] 01 - 00000000 -
+[f] 010001e8 00119193
+[d] 010001e4 63 - 03 00 0 - 00000000 -
+[r] 03 00 ff00ff00 00000000
+[e] 010001e0 000000f0 0
+[f] 010001ec 0011e193
+[d] 010001e8 13 03 03 - 1 - 00000000 -
+[r] 03 - 00000002 -
+[e] 010001e4 010001e4 0
+[f] 010001f0 00000073
+[d] 010001ec 13 03 03 - 6 - 00000001 -
+[r] 03 - 00000002 -
+[e] 010001e8 00000002 0
+[w] 010001e0 1 1e 000000f0
