--- /tmp/tmp.HnOeoTVkiv	2025-11-28 17:09:55.806384440 -0500
+++ /tmp/tmp.IQcpi4ua8E	2025-11-28 17:09:55.814384476 -0500
@@ -1,763 +1,62 @@
-[f] 01000004 00ff10b7
-[d] 01000000 37 01 - - - - 00ff1000 -
-[r] - - - -
 [f] 01000008 f0008093
-[d] 01000004 13 01 01 - 0 - ffffff00 -
-[r] 01 - 00000000 -
-[e] 01000000 00ff1000 0
+[d] 01000004 37 01 - - - - 00ff1000 -
+[r] - - - -
+[e] 01000000 00000000 0
 [f] 0100000c f0f0cf13
-[d] 01000008 13 1e 01 - 4 - ffffff0f -
+[d] 01000008 13 01 01 - 0 - ffffff00 -
 [r] 01 - 00000000 -
-[e] 01000004 00ff0f00 0
+[e] 01000004 00ff1000 0
 [f] 01000010 ff00feb7
-[d] 0100000c 37 1d - - - - ff00f000 -
-[r] - - - -
-[e] 01000008 ff00f00f 0
-[w] 01000000 1 01 00ff1000
+[d] 0100000c 13 1e 01 - 4 - ffffff0f -
+[r] 01 - 00000000 -
+[e] 01000008 00ff0f00 0
 [f] 01000014 00fe8e93
-[d] 01000010 13 1d 1d - 0 - 0000000f -
-[r] 1d - 00000000 -
-[e] 0100000c ff00f000 1
-[w] 01000004 1 01 00ff0f00
+[d] 01000010 37 1d - - - - ff00f000 -
+[r] - - - -
+[e] 0100000c ff00f00f 0
+[w] 01000004 1 01 00ff1000
 [f] 01000018 00200193
-[d] 01000014 13 03 00 - 0 - 00000002 -
-[r] 00 - 00000000 -
-[e] 01000010 ff00f00f 0
-[w] 01000008 1 1e ff00f00f
+[d] 01000014 13 1d 1d - 0 - 0000000f -
+[r] 1d - 00000000 -
+[e] 01000010 ff00f000 0
+[w] 01000008 1 01 00ff0f00
 [f] 0100001c 1ddf1663
-[d] 01000018 63 - 1e 1d 1 - 000001cc -
+[d] 01000018 13 03 00 - 0 - 00000002 -
+[r] 00 - 00000000 -
+[e] 01000014 ff00f00f 0
+[w] 0100000c 1 1e ff00f00f
+[f] 01000020 0ff010b7
+[d] 0100001c 63 - 1e 1d 1 - 000001cc -
 [r] 1e 1d 00000000 00000000
-[e] 01000014 00000002 0
-[w] 0100000c 1 1d ff00f000
+[e] 01000018 00000002 0
+[w] 01000010 1 1d ff00f000
 [f] 01000020 0ff010b7
-[d] 0100001c 37 01 - - - - 0ff01000 -
-[r] - - - -
-[e] 01000018 010001e4 0
-[w] 01000010 1 1d ff00f00f
+[d] 0100001c 63 - 1e 1d 1 - 000001cc -
+[r] 1e 1d ff00f00f 00000000
+[e] 0100001c 00000000 0
+[w] 01000014 1 1d ff00f00f
+[f] 01000020 0ff010b7
+[d] 0100001c 63 - 1e 1d 1 - 000001cc -
+[r] 1e 1d ff00f00f ff00f000
+[e] 0100001c 00000000 0
+[w] 01000018 1 03 00000002
 [f] 01000024 ff008093
-[d] 01000020 13 01 01 - 0 - fffffff0 -
-[r] 01 - 00000000 -
-[e] 0100001c 0ff01000 0
-[w] 01000014 1 03 00000002
-[f] 01000028 0f00cf13
-[d] 01000024 13 1e 01 - 4 - 000000f0 -
-[r] 01 - 00ff0f00 -
-[e] 01000020 0ff00ff0 0
-[f] 0100002c 0ff01eb7
-[d] 01000028 37 1d - - - - 0ff01000 -
-[r] - - - -
-[e] 01000024 0ff00f00 0
-[w] 0100001c 1 01 0ff01000
-[f] 01000030 f00e8e93
-[d] 0100002c 13 1d 1d - 0 - ffffff00 -
-[r] 1d - 00000000 -
-[e] 01000028 0ff01000 0
-[w] 01000020 1 01 0ff00ff0
-[f] 01000034 00300193
-[d] 01000030 13 03 00 - 0 - 00000003 -
-[r] 00 - ff00f00f -
-[e] 0100002c 0ff00f00 0
-[w] 01000024 1 1e 0ff00f00
-[f] 01000038 1bdf1863
-[d] 01000034 63 - 1e 1d 1 - 000001b0 -
-[r] 1e 1d 00000000 00000000
-[e] 01000030 00000003 0
-[w] 01000028 1 1d 0ff01000
-[f] 0100003c 00ff10b7
-[d] 01000038 37 01 - - - - 00ff1000 -
-[r] - - - -
-[e] 01000034 010001e4 0
-[w] 0100002c 1 1d 0ff00f00
-[f] 01000040 8ff08093
-[d] 0100003c 13 01 01 - 0 - fffff8ff -
-[r] 01 - 00000000 -
-[e] 01000038 00ff1000 0
-[w] 01000030 1 03 00000003
-[f] 01000044 70f0cf13
-[d] 01000040 13 1e 01 - 4 - 0000070f -
-[r] 01 - 0ff00ff0 -
-[e] 0100003c 00ff08ff 0
-[f] 01000048 00ff1eb7
-[d] 01000044 37 1d - - - - 00ff1000 -
-[r] - - - -
-[e] 01000040 00ff0ff0 0
-[w] 01000038 1 01 00ff1000
-[f] 0100004c ff0e8e93
-[d] 01000048 13 1d 1d - 0 - fffffff0 -
-[r] 1d - 00000000 -
-[e] 01000044 00ff1000 0
-[w] 0100003c 1 01 00ff08ff
-[f] 01000050 00400193
-[d] 0100004c 13 03 00 - 0 - 00000004 -
-[r] 00 - 0ff00f00 -
-[e] 01000048 00ff0ff0 0
-[w] 01000040 1 1e 00ff0ff0
-[f] 01000054 19df1a63
-[d] 01000050 63 - 1e 1d 1 - 00000194 -
-[r] 1e 1d 00000000 00000000
-[e] 0100004c 00000004 0
-[w] 01000044 1 1d 00ff1000
-[f] 01000058 f00ff0b7
-[d] 01000054 37 01 - - - - f00ff000 -
-[r] - - - -
-[e] 01000050 010001e4 0
-[w] 01000048 1 1d 00ff0ff0
-[f] 0100005c 00f08093
-[d] 01000058 13 01 01 - 0 - 0000000f -
-[r] 01 - 00000000 -
-[e] 01000054 f00ff000 1
-[w] 0100004c 1 03 00000004
-[f] 01000060 0f00cf13
-[d] 0100005c 13 1e 01 - 4 - 000000f0 -
-[r] 01 - 00ff08ff -
-[e] 01000058 f00ff00f 0
-[f] 01000064 f00ffeb7
-[d] 01000060 37 1d - - - - f00ff000 -
-[r] - - - -
-[e] 0100005c f00ff0ff 1
-[w] 01000054 1 01 f00ff000
-[f] 01000068 0ffe8e93
-[d] 01000064 13 1d 1d - 0 - 000000ff -
-[r] 1d - 00000000 -
-[e] 01000060 f00ff000 1
-[w] 01000058 1 01 f00ff00f
-[f] 0100006c 00500193
-[d] 01000068 13 03 00 - 0 - 00000005 -
-[r] 00 - 00ff0ff0 -
-[e] 01000064 f00ff0ff 0
-[w] 0100005c 1 1e f00ff0ff
-[f] 01000070 17df1c63
-[d] 0100006c 63 - 1e 1d 1 - 00000178 -
-[r] 1e 1d 00000000 00000000
-[e] 01000068 00000005 0
-[w] 01000060 1 1d f00ff000
-[f] 01000074 ff00f0b7
-[d] 01000070 37 01 - - - - ff00f000 -
-[r] - - - -
-[e] 0100006c 010001e4 0
-[w] 01000064 1 1d f00ff0ff
-[f] 01000078 70008093
-[d] 01000074 13 01 01 - 0 - 00000700 -
-[r] 01 - 00000000 -
-[e] 01000070 ff00f000 1
-[w] 01000068 1 03 00000005
-[f] 0100007c 70f0c093
-[d] 01000078 13 01 01 - 4 - 0000070f -
-[r] 01 - f00ff00f -
-[e] 01000074 ff00f700 0
-[f] 01000080 ff00feb7
-[d] 0100007c 37 1d - - - - ff00f000 -
-[r] - - - -
-[e] 01000078 ff00f00f 1
-[w] 01000070 1 01 ff00f000
-[f] 01000084 00fe8e93
-[d] 01000080 13 1d 1d - 0 - 0000000f -
-[r] 1d - 00000000 -
-[e] 0100007c ff00f000 1
-[w] 01000074 1 01 ff00f700
-[f] 01000088 00600193
-[d] 01000084 13 03 00 - 0 - 00000006 -
-[r] 00 - f00ff0ff -
-[e] 01000080 ff00f00f 0
-[w] 01000078 1 01 ff00f00f
-[f] 0100008c 15d09e63
-[d] 01000088 63 - 01 1d 1 - 0000015c -
-[r] 01 1d 00000000 00000000
-[e] 01000084 00000006 0
-[w] 0100007c 1 1d ff00f000
-[f] 01000090 00000213
-[d] 0100008c 13 04 00 - 0 - 00000000 -
-[r] 00 - ff00f00f -
-[e] 01000088 010001e4 0
-[w] 01000080 1 1d ff00f00f
-[f] 01000094 0ff010b7
-[d] 01000090 37 01 - - - - 0ff01000 -
-[r] - - - -
-[e] 0100008c 00000000 0
-[w] 01000084 1 03 00000006
-[f] 01000098 ff008093
-[d] 01000094 13 01 01 - 0 - fffffff0 -
-[r] 01 - 00000000 -
-[e] 01000090 0ff01000 0
-[f] 0100009c 0f00cf13
-[d] 01000098 13 1e 01 - 4 - 000000f0 -
-[r] 01 - ff00f00f -
-[e] 01000094 0ff00ff0 0
-[w] 0100008c 1 04 00000000
-[f] 010000a0 000f0313
-[d] 0100009c 13 06 1e - 0 - 00000000 -
-[r] 1e - ff00f00f -
-[e] 01000098 0ff00f00 0
-[w] 01000090 1 01 0ff01000
-[f] 010000a4 00120213
-[d] 010000a0 13 04 04 - 0 - 00000001 -
-[r] 04 - f00ff0ff -
-[e] 0100009c 0ff00f00 0
-[w] 01000094 1 01 0ff00ff0
-[f] 010000a8 00200293
-[d] 010000a4 13 05 00 - 0 - 00000002 -
-[r] 00 - 00000000 -
-[e] 010000a0 00000001 0
-[w] 01000098 1 1e 0ff00f00
-[f] 010000ac fe5214e3
-[d] 010000a8 63 - 04 05 1 - ffffffe8 -
-[r] 04 05 00000000 00000000
-[e] 010000a4 00000002 0
-[w] 0100009c 1 06 0ff00f00
-[f] 010000b0 0ff01eb7
-[d] 010000ac 37 1d - - - - 0ff01000 -
-[r] - - - -
-[e] 010000a8 01000090 1
-[w] 010000a0 1 04 00000001
-[f] 01000094 0ff010b7
-[d] 01000090 37 01 - - - - 0ff01000 -
+[d] 01000020 37 01 - - - - 0ff01000 -
 [r] - - - -
-[f] 01000098 ff008093
-[d] 01000094 13 01 01 - 0 - fffffff0 -
-[r] 01 - 00000000 -
-[e] 01000090 0ff01000 0
-[f] 0100009c 0f00cf13
-[d] 01000098 13 1e 01 - 4 - 000000f0 -
-[r] 01 - 0ff00ff0 -
-[e] 01000094 0ff00ff0 0
-[f] 010000a0 000f0313
-[d] 0100009c 13 06 1e - 0 - 00000000 -
-[r] 1e - 0ff00ff0 -
-[e] 01000098 0ff00f00 0
-[w] 01000090 1 01 0ff01000
-[f] 010000a4 00120213
-[d] 010000a0 13 04 04 - 0 - 00000001 -
-[r] 04 - 0ff00f00 -
-[e] 0100009c 0ff00f00 0
-[w] 01000094 1 01 0ff00ff0
-[f] 010000a8 00200293
-[d] 010000a4 13 05 00 - 0 - 00000002 -
-[r] 00 - 00000001 -
-[e] 010000a0 00000002 0
-[w] 01000098 1 1e 0ff00f00
-[f] 010000ac fe5214e3
-[d] 010000a8 63 - 04 05 1 - ffffffe8 -
-[r] 04 05 00000000 00000000
-[e] 010000a4 00000002 0
-[w] 0100009c 1 06 0ff00f00
-[f] 010000b0 0ff01eb7
-[d] 010000ac 37 1d - - - - 0ff01000 -
-[r] - - - -
-[e] 010000a8 01000090 0
-[w] 010000a0 1 04 00000002
-[f] 010000b4 f00e8e93
-[d] 010000b0 13 1d 1d - 0 - ffffff00 -
-[r] 1d - 00000000 -
-[e] 010000ac 0ff01000 0
-[w] 010000a4 1 05 00000002
-[f] 010000b8 00700193
-[d] 010000b4 13 03 00 - 0 - 00000007 -
-[r] 00 - ff00f00f -
-[e] 010000b0 0ff00f00 0
-[f] 010000bc 13d31663
-[d] 010000b8 63 - 06 1d 1 - 0000012c -
-[r] 06 1d 00000000 00000000
-[e] 010000b4 00000007 0
-[w] 010000ac 1 1d 0ff01000
-[f] 010000c0 00000213
-[d] 010000bc 13 04 00 - 0 - 00000000 -
-[r] 00 - 0ff00f00 -
-[e] 010000b8 010001e4 0
-[w] 010000b0 1 1d 0ff00f00
-[f] 010000c4 00ff10b7
-[d] 010000c0 37 01 - - - - 00ff1000 -
-[r] - - - -
-[e] 010000bc 00000000 0
-[w] 010000b4 1 03 00000007
-[f] 010000c8 8ff08093
-[d] 010000c4 13 01 01 - 0 - fffff8ff -
-[r] 01 - 00000000 -
-[e] 010000c0 00ff1000 0
-[f] 010000cc 70f0cf13
-[d] 010000c8 13 1e 01 - 4 - 0000070f -
-[r] 01 - 0ff00ff0 -
-[e] 010000c4 00ff08ff 0
-[w] 010000bc 1 04 00000000
-[f] 010000d4 000f0313
-[d] 010000d0 13 06 1e - 0 - 00000000 -
-[r] 1e - 00000000 -
-[w] 010000c4 1 01 00ff08ff
-[f] 010000d8 00120213
-[d] 010000d4 13 04 04 - 0 - 00000001 -
-[r] 04 - 0ff00f00 -
-[e] 010000d0 00ff0ff0 0
-[w] 010000c8 1 1e 00ff0ff0
-[f] 010000dc 00200293
-[d] 010000d8 13 05 00 - 0 - 00000002 -
-[r] 00 - 00000000 -
-[e] 010000d4 00000001 0
-[f] 010000e0 fe5212e3
-[d] 010000dc 63 - 04 05 1 - ffffffe4 -
-[r] 04 05 00000000 00000000
-[e] 010000d8 00000002 0
-[w] 010000d0 1 06 00ff0ff0
-[f] 010000e4 00ff1eb7
-[d] 010000e0 37 1d - - - - 00ff1000 -
-[r] - - - -
-[e] 010000dc 010000c0 1
-[w] 010000d4 1 04 00000001
-[f] 010000c4 00ff10b7
-[d] 010000c0 37 01 - - - - 00ff1000 -
-[r] - - - -
-[f] 010000c8 8ff08093
-[d] 010000c4 13 01 01 - 0 - fffff8ff -
-[r] 01 - 00000000 -
-[e] 010000c0 00ff1000 0
-[f] 010000cc 70f0cf13
-[d] 010000c8 13 1e 01 - 4 - 0000070f -
-[r] 01 - 00ff08ff -
-[e] 010000c4 00ff08ff 0
-[f] 010000d4 000f0313
-[d] 010000d0 13 06 1e - 0 - 00000000 -
-[r] 1e - 00000000 -
-[w] 010000c4 1 01 00ff08ff
-[f] 010000d8 00120213
-[d] 010000d4 13 04 04 - 0 - 00000001 -
-[r] 04 - 00ff0ff0 -
-[e] 010000d0 00ff0ff0 0
-[w] 010000c8 1 1e 00ff0ff0
-[f] 010000dc 00200293
-[d] 010000d8 13 05 00 - 0 - 00000002 -
-[r] 00 - 00000001 -
-[e] 010000d4 00000002 0
-[f] 010000e0 fe5212e3
-[d] 010000dc 63 - 04 05 1 - ffffffe4 -
-[r] 04 05 00000000 00000000
-[e] 010000d8 00000002 0
-[w] 010000d0 1 06 00ff0ff0
-[f] 010000e4 00ff1eb7
-[d] 010000e0 37 1d - - - - 00ff1000 -
-[r] - - - -
-[e] 010000dc 010000c0 0
-[w] 010000d4 1 04 00000002
-[f] 010000e8 ff0e8e93
-[d] 010000e4 13 1d 1d - 0 - fffffff0 -
-[r] 1d - 00000000 -
-[e] 010000e0 00ff1000 0
-[w] 010000d8 1 05 00000002
-[f] 010000ec 00800193
-[d] 010000e8 13 03 00 - 0 - 00000008 -
-[r] 00 - 0ff00f00 -
-[e] 010000e4 00ff0ff0 0
-[f] 010000f0 0fd31c63
-[d] 010000ec 63 - 06 1d 1 - 000000f8 -
-[r] 06 1d 00000000 00000000
-[e] 010000e8 00000008 0
-[w] 010000e0 1 1d 00ff1000
-[f] 010000f4 00000213
-[d] 010000f0 13 04 00 - 0 - 00000000 -
-[r] 00 - 00ff0ff0 -
-[e] 010000ec 010001e4 0
-[w] 010000e4 1 1d 00ff0ff0
-[f] 010000f8 f00ff0b7
-[d] 010000f4 37 01 - - - - f00ff000 -
-[r] - - - -
-[e] 010000f0 00000000 0
-[w] 010000e8 1 03 00000008
-[f] 010000fc 00f08093
-[d] 010000f8 13 01 01 - 0 - 0000000f -
-[r] 01 - 00000000 -
-[e] 010000f4 f00ff000 1
-[f] 01000100 0f00cf13
-[d] 010000fc 13 1e 01 - 4 - 000000f0 -
-[r] 01 - 00ff08ff -
-[e] 010000f8 f00ff00f 0
-[w] 010000f0 1 04 00000000
-[f] 0100010c 000f0313
-[d] 01000108 13 06 1e - 0 - 00000000 -
-[r] 1e - 00000000 -
-[w] 010000fc 1 1e f00ff0ff
-[f] 0100010c 000f0313
-[d] 01000108 13 06 1e - 0 - 00000000 -
-[r] 1e - 00ff0ff0 -
-[e] 01000108 00ff0ff0 0
-[f] 01000110 00120213
-[d] 0100010c 13 04 04 - 0 - 00000001 -
-[r] 04 - f00ff0ff -
-[e] 01000108 f00ff0ff 0
-[f] 01000114 00200293
-[d] 01000110 13 05 00 - 0 - 00000002 -
-[r] 00 - 00000000 -
-[e] 0100010c 00000001 0
-[f] 01000118 fe5210e3
-[d] 01000114 63 - 04 05 1 - ffffffe0 -
-[r] 04 05 00000000 00000000
-[e] 01000110 00000002 0
-[w] 01000108 1 06 f00ff0ff
-[f] 0100011c f00ffeb7
-[d] 01000118 37 1d - - - - f00ff000 -
-[r] - - - -
-[e] 01000114 010000f4 1
-[w] 0100010c 1 04 00000001
-[f] 010000f8 f00ff0b7
-[d] 010000f4 37 01 - - - - f00ff000 -
-[r] - - - -
-[f] 010000fc 00f08093
-[d] 010000f8 13 01 01 - 0 - 0000000f -
-[r] 01 - 00000000 -
-[e] 010000f4 f00ff000 1
-[f] 01000100 0f00cf13
-[d] 010000fc 13 1e 01 - 4 - 000000f0 -
-[r] 01 - f00ff00f -
-[e] 010000f8 f00ff00f 0
-[f] 0100010c 000f0313
-[d] 01000108 13 06 1e - 0 - 00000000 -
-[r] 1e - 00000000 -
-[w] 010000fc 1 1e f00ff0ff
-[f] 0100010c 000f0313
-[d] 01000108 13 06 1e - 0 - 00000000 -
-[r] 1e - f00ff0ff -
-[e] 01000108 f00ff0ff 0
-[f] 01000110 00120213
-[d] 0100010c 13 04 04 - 0 - 00000001 -
-[r] 04 - f00ff0ff -
-[e] 01000108 f00ff0ff 0
-[f] 01000114 00200293
-[d] 01000110 13 05 00 - 0 - 00000002 -
-[r] 00 - 00000001 -
-[e] 0100010c 00000002 0
-[f] 01000118 fe5210e3
-[d] 01000114 63 - 04 05 1 - ffffffe0 -
-[r] 04 05 00000000 00000000
-[e] 01000110 00000002 0
-[w] 01000108 1 06 f00ff0ff
-[f] 0100011c f00ffeb7
-[d] 01000118 37 1d - - - - f00ff000 -
-[r] - - - -
-[e] 01000114 010000f4 0
-[w] 0100010c 1 04 00000002
-[f] 01000120 0ffe8e93
-[d] 0100011c 13 1d 1d - 0 - 000000ff -
-[r] 1d - 00000000 -
-[e] 01000118 f00ff000 1
-[w] 01000110 1 05 00000002
-[f] 01000124 00900193
-[d] 01000120 13 03 00 - 0 - 00000009 -
-[r] 00 - 00ff0ff0 -
-[e] 0100011c f00ff0ff 0
-[f] 01000128 0dd31063
-[d] 01000124 63 - 06 1d 1 - 000000c0 -
-[r] 06 1d 00000000 00000000
-[e] 01000120 00000009 0
-[w] 01000118 1 1d f00ff000
-[f] 0100012c 00000213
-[d] 01000128 13 04 00 - 0 - 00000000 -
-[r] 00 - f00ff0ff -
-[e] 01000124 010001e4 0
-[w] 0100011c 1 1d f00ff0ff
-[f] 01000130 0ff010b7
-[d] 0100012c 37 01 - - - - 0ff01000 -
-[r] - - - -
-[e] 01000128 00000000 0
-[w] 01000120 1 03 00000009
-[f] 01000134 ff008093
-[d] 01000130 13 01 01 - 0 - fffffff0 -
-[r] 01 - 00000000 -
-[e] 0100012c 0ff01000 0
-[f] 01000138 0f00cf13
-[d] 01000134 13 1e 01 - 4 - 000000f0 -
-[r] 01 - f00ff00f -
-[e] 01000130 0ff00ff0 0
-[w] 01000128 1 04 00000000
-[f] 0100013c 00120213
-[d] 01000138 13 04 04 - 0 - 00000001 -
-[r] 04 - f00ff00f -
-[e] 01000134 0ff00f00 0
-[w] 0100012c 1 01 0ff01000
-[f] 01000140 00200293
-[d] 0100013c 13 05 00 - 0 - 00000002 -
-[r] 00 - 00000000 -
-[e] 01000138 00000001 0
-[w] 01000130 1 01 0ff00ff0
-[f] 01000144 fe5216e3
-[d] 01000140 63 - 04 05 1 - ffffffec -
-[r] 04 05 00000000 00000000
-[e] 0100013c 00000002 0
-[w] 01000134 1 1e 0ff00f00
-[f] 01000148 0ff01eb7
-[d] 01000144 37 1d - - - - 0ff01000 -
-[r] - - - -
-[e] 01000140 0100012c 1
-[w] 01000138 1 04 00000001
-[f] 01000130 0ff010b7
-[d] 0100012c 37 01 - - - - 0ff01000 -
-[r] - - - -
-[f] 01000134 ff008093
-[d] 01000130 13 01 01 - 0 - fffffff0 -
-[r] 01 - 00000000 -
-[e] 0100012c 0ff01000 0
-[f] 01000138 0f00cf13
-[d] 01000134 13 1e 01 - 4 - 000000f0 -
-[r] 01 - 0ff00ff0 -
-[e] 01000130 0ff00ff0 0
-[f] 0100013c 00120213
-[d] 01000138 13 04 04 - 0 - 00000001 -
-[r] 04 - 0ff00ff0 -
-[e] 01000134 0ff00f00 0
-[w] 0100012c 1 01 0ff01000
-[f] 01000140 00200293
-[d] 0100013c 13 05 00 - 0 - 00000002 -
-[r] 00 - 00000001 -
-[e] 01000138 00000002 0
-[w] 01000130 1 01 0ff00ff0
-[f] 01000144 fe5216e3
-[d] 01000140 63 - 04 05 1 - ffffffec -
-[r] 04 05 00000000 00000000
-[e] 0100013c 00000002 0
-[w] 01000134 1 1e 0ff00f00
-[f] 01000148 0ff01eb7
-[d] 01000144 37 1d - - - - 0ff01000 -
-[r] - - - -
-[e] 01000140 0100012c 0
-[w] 01000138 1 04 00000002
-[f] 0100014c f00e8e93
-[d] 01000148 13 1d 1d - 0 - ffffff00 -
-[r] 1d - 00000000 -
-[e] 01000144 0ff01000 0
-[w] 0100013c 1 05 00000002
-[f] 01000150 00a00193
-[d] 0100014c 13 03 00 - 0 - 0000000a -
-[r] 00 - f00ff0ff -
-[e] 01000148 0ff00f00 0
-[f] 01000154 09df1a63
-[d] 01000150 63 - 1e 1d 1 - 00000094 -
-[r] 1e 1d 00000000 00000000
-[e] 0100014c 0000000a 0
-[w] 01000144 1 1d 0ff01000
-[f] 01000158 00000213
-[d] 01000154 13 04 00 - 0 - 00000000 -
-[r] 00 - 0ff00f00 -
-[e] 01000150 010001e4 0
-[w] 01000148 1 1d 0ff00f00
-[f] 0100015c 00ff10b7
-[d] 01000158 37 01 - - - - 00ff1000 -
-[r] - - - -
-[e] 01000154 00000000 0
-[w] 0100014c 1 03 0000000a
-[f] 01000160 fff08093
-[d] 0100015c 13 01 01 - 0 - ffffffff -
-[r] 01 - 00000000 -
-[e] 01000158 00ff1000 0
-[f] 01000168 00f0cf13
-[d] 01000164 13 1e 01 - 4 - 0000000f -
-[r] 01 - 00000000 -
-[w] 01000158 1 01 00ff1000
-[f] 0100016c 00120213
-[d] 01000168 13 04 04 - 0 - 00000001 -
-[r] 04 - 0ff00ff0 -
-[e] 01000164 00ff0ff0 0
-[w] 0100015c 1 01 00ff0fff
-[f] 01000170 00200293
-[d] 0100016c 13 05 00 - 0 - 00000002 -
-[r] 00 - 00000000 -
-[e] 01000168 00000001 0
-[f] 01000174 fe5214e3
-[d] 01000170 63 - 04 05 1 - ffffffe8 -
-[r] 04 05 00000000 00000000
-[e] 0100016c 00000002 0
-[w] 01000164 1 1e 00ff0ff0
-[f] 01000178 00ff1eb7
-[d] 01000174 37 1d - - - - 00ff1000 -
-[r] - - - -
-[e] 01000170 01000158 1
-[w] 01000168 1 04 00000001
-[f] 0100015c 00ff10b7
-[d] 01000158 37 01 - - - - 00ff1000 -
-[r] - - - -
-[f] 01000160 fff08093
-[d] 0100015c 13 01 01 - 0 - ffffffff -
-[r] 01 - 00000000 -
-[e] 01000158 00ff1000 0
-[f] 01000168 00f0cf13
-[d] 01000164 13 1e 01 - 4 - 0000000f -
-[r] 01 - 00000000 -
-[w] 01000158 1 01 00ff1000
-[f] 0100016c 00120213
-[d] 01000168 13 04 04 - 0 - 00000001 -
-[r] 04 - 00ff0fff -
-[e] 01000164 00ff0ff0 0
-[w] 0100015c 1 01 00ff0fff
-[f] 01000170 00200293
-[d] 0100016c 13 05 00 - 0 - 00000002 -
-[r] 00 - 00000001 -
-[e] 01000168 00000002 0
-[f] 01000174 fe5214e3
-[d] 01000170 63 - 04 05 1 - ffffffe8 -
-[r] 04 05 00000000 00000000
-[e] 0100016c 00000002 0
-[w] 01000164 1 1e 00ff0ff0
-[f] 01000178 00ff1eb7
-[d] 01000174 37 1d - - - - 00ff1000 -
-[r] - - - -
-[e] 01000170 01000158 0
-[w] 01000168 1 04 00000002
-[f] 0100017c ff0e8e93
-[d] 01000178 13 1d 1d - 0 - fffffff0 -
-[r] 1d - 00000000 -
-[e] 01000174 00ff1000 0
-[w] 0100016c 1 05 00000002
-[f] 01000180 00b00193
-[d] 0100017c 13 03 00 - 0 - 0000000b -
-[r] 00 - 0ff00f00 -
-[e] 01000178 00ff0ff0 0
-[f] 01000184 07df1263
-[d] 01000180 63 - 1e 1d 1 - 00000064 -
-[r] 1e 1d 00000000 00000000
-[e] 0100017c 0000000b 0
-[w] 01000174 1 1d 00ff1000
-[f] 01000188 00000213
-[d] 01000184 13 04 00 - 0 - 00000000 -
-[r] 00 - 00ff0ff0 -
-[e] 01000180 010001e4 0
-[w] 01000178 1 1d 00ff0ff0
-[f] 0100018c f00ff0b7
-[d] 01000188 37 01 - - - - f00ff000 -
-[r] - - - -
-[e] 01000184 00000000 0
-[w] 0100017c 1 03 0000000b
-[f] 01000190 00f08093
-[d] 0100018c 13 01 01 - 0 - 0000000f -
-[r] 01 - 00000000 -
-[e] 01000188 f00ff000 1
-[f] 0100019c 0f00cf13
-[d] 01000198 13 1e 01 - 4 - 000000f0 -
-[r] 01 - 00000000 -
-[w] 0100018c 1 01 f00ff00f
-[f] 0100019c 0f00cf13
-[d] 01000198 13 1e 01 - 4 - 000000f0 -
-[r] 01 - f00ff000 -
-[e] 01000198 f00ff000 0
-[f] 010001a0 00120213
-[d] 0100019c 13 04 04 - 0 - 00000001 -
-[r] 04 - f00ff00f -
-[e] 01000198 f00ff0ff 1
-[f] 010001a4 00200293
-[d] 010001a0 13 05 00 - 0 - 00000002 -
-[r] 00 - 00000000 -
-[e] 0100019c 00000001 0
-[f] 010001a8 fe5212e3
-[d] 010001a4 63 - 04 05 1 - ffffffe4 -
-[r] 04 05 00000000 00000000
-[e] 010001a0 00000002 0
-[w] 01000198 1 1e f00ff0ff
-[f] 010001ac f00ffeb7
-[d] 010001a8 37 1d - - - - f00ff000 -
-[r] - - - -
-[e] 010001a4 01000188 1
-[w] 0100019c 1 04 00000001
-[f] 0100018c f00ff0b7
-[d] 01000188 37 01 - - - - f00ff000 -
-[r] - - - -
-[f] 01000190 00f08093
-[d] 0100018c 13 01 01 - 0 - 0000000f -
-[r] 01 - 00000000 -
-[e] 01000188 f00ff000 1
-[f] 0100019c 0f00cf13
-[d] 01000198 13 1e 01 - 4 - 000000f0 -
-[r] 01 - 00000000 -
-[w] 0100018c 1 01 f00ff00f
-[f] 0100019c 0f00cf13
-[d] 01000198 13 1e 01 - 4 - 000000f0 -
-[r] 01 - f00ff000 -
-[e] 01000198 f00ff000 0
-[f] 010001a0 00120213
-[d] 0100019c 13 04 04 - 0 - 00000001 -
-[r] 04 - f00ff00f -
-[e] 01000198 f00ff0ff 1
-[f] 010001a4 00200293
-[d] 010001a0 13 05 00 - 0 - 00000002 -
-[r] 00 - 00000001 -
-[e] 0100019c 00000002 0
-[f] 010001a8 fe5212e3
-[d] 010001a4 63 - 04 05 1 - ffffffe4 -
-[r] 04 05 00000000 00000000
-[e] 010001a0 00000002 0
-[w] 01000198 1 1e f00ff0ff
-[f] 010001ac f00ffeb7
-[d] 010001a8 37 1d - - - - f00ff000 -
-[r] - - - -
-[e] 010001a4 01000188 0
-[w] 0100019c 1 04 00000002
-[f] 010001b0 0ffe8e93
-[d] 010001ac 13 1d 1d - 0 - 000000ff -
-[r] 1d - 00000000 -
-[e] 010001a8 f00ff000 1
-[w] 010001a0 1 05 00000002
-[f] 010001b4 00c00193
-[d] 010001b0 13 03 00 - 0 - 0000000c -
-[r] 00 - 00ff0ff0 -
-[e] 010001ac f00ff0ff 0
-[f] 010001b8 03df1863
-[d] 010001b4 63 - 1e 1d 1 - 00000030 -
-[r] 1e 1d 00000000 00000000
-[e] 010001b0 0000000c 0
-[w] 010001a8 1 1d f00ff000
-[f] 010001bc 0f004093
-[d] 010001b8 13 01 00 - 4 - 000000f0 -
-[r] 00 - f00ff0ff -
-[e] 010001b4 010001e4 0
-[w] 010001ac 1 1d f00ff0ff
-[f] 010001c0 0f000e93
-[d] 010001bc 13 1d 00 - 0 - 000000f0 -
-[r] 00 - 00000000 -
-[e] 010001b8 000000f0 0
-[w] 010001b0 1 03 0000000c
-[f] 010001c4 00d00193
-[d] 010001c0 13 03 00 - 0 - 0000000d -
-[r] 00 - 00000000 -
-[e] 010001bc 000000f0 0
-[f] 010001c8 03d09063
-[d] 010001c4 63 - 01 1d 1 - 00000020 -
-[r] 01 1d 00000000 00000000
-[e] 010001c0 0000000d 0
-[w] 010001b8 1 01 000000f0
-[f] 010001c8 03d09063
-[d] 010001c4 63 - 01 1d 1 - 00000020 -
-[r] 01 1d f00ff00f f00ff0ff
-[e] 010001c4 f00ff00f 0
-[w] 010001bc 1 1d 000000f0
-[f] 010001c8 03d09063
-[d] 010001c4 63 - 01 1d 1 - 00000020 -
-[r] 01 1d 000000f0 f00ff0ff
-[e] 010001c4 000000f0 0
-[w] 010001c0 1 03 0000000d
-[f] 010001cc 00ff00b7
-[d] 010001c8 37 01 - - - - 00ff0000 -
-[r] - - - -
-[e] 010001c4 010001e4 0
-[f] 010001d0 0ff08093
-[d] 010001cc 13 01 01 - 0 - 000000ff -
-[r] 01 - 00000000 -
-[e] 010001c8 00ff0000 0
-[f] 010001d4 70f0c013
-[d] 010001d0 13 00 01 - 4 - 0000070f -
-[r] 01 - 000000f0 -
-[e] 010001cc 00ff00ff 0
-[f] 010001d8 00000e93
-[d] 010001d4 13 1d 00 - 0 - 00000000 -
-[r] 00 - 000000f0 -
-[e] 010001d0 00ff07f0 0
-[w] 010001c8 1 01 00ff0000
-[f] 010001dc 00e00193
-[d] 010001d8 13 03 00 - 0 - 0000000e -
-[r] 00 - 00000000 -
-[e] 010001d4 00000000 0
-[w] 010001cc 1 01 00ff00ff
-[f] 010001e0 01d01463
-[d] 010001dc 63 - 00 1d 1 - 00000008 -
-[r] 00 1d 00000000 00000000
-[e] 010001d8 0000000e 0
-[f] 010001e4 00301c63
-[d] 010001e0 63 - 00 03 1 - 00000018 -
-[r] 00 03 00000000 000000f0
-[e] 010001dc 010001e4 0
-[w] 010001d4 1 1d 00000000
-[f] 01000200 00100193
-[d] 010001fc 13 03 00 - 0 - 00000001 -
-[r] 00 - 00000000 -
-[e] 010001f8 00000000 0
+[e] 0100001c 010001e8 1
+[f] 010001ec 00018063
+[d] 010001e8 13 1e 01 - 4 - 000000f0 -
+[r] 01 - 00000000 -
+[f] 010001f0 00119193
+[d] 010001ec 63 - 03 00 0 - 00000000 -
+[r] 03 00 00ff0f00 00000000
+[e] 010001e8 000000f0 0
+[f] 010001f4 0011e193
+[d] 010001f0 13 03 03 - 1 - 00000000 -
+[r] 03 - 00000002 -
+[e] 010001ec 010001ec 0
+[f] 010001f8 00000073
+[d] 010001f4 13 03 03 - 6 - 00000001 -
+[r] 03 - 00000002 -
+[e] 010001f0 00000002 0
+[w] 010001e8 1 1e 000000f0
