--- /tmp/tmp.60f3lGStk2	2025-11-28 17:09:54.771379755 -0500
+++ /tmp/tmp.2ZU413hGzT	2025-11-28 17:09:54.779379791 -0500
@@ -1,2181 +1,74 @@
-[f] 01000004 00000097
-[d] 01000000 17 01 - - - - 00000000 -
-[r] - - - -
 [f] 01000008 4c408093
-[d] 01000004 13 01 01 - 0 - 000004c4 -
-[r] 01 - 00000000 -
-[e] 01000000 01000000 0
+[d] 01000004 17 01 - - - - 00000000 -
+[r] - - - -
+[e] 01000000 00000000 0
 [f] 0100000c 0aa00113
-[d] 01000008 13 02 00 - 0 - 000000aa -
-[r] 00 - 00000000 -
-[e] 01000004 010004c4 0
+[d] 01000008 13 01 01 - 0 - 000004c4 -
+[r] 01 - 00000000 -
+[e] 01000004 01000004 0
 [f] 01000010 00209023
-[d] 0100000c 23 - 01 02 1 - 00000000 -
+[d] 0100000c 13 02 00 - 0 - 000000aa -
+[r] 00 - 00000000 -
+[e] 01000008 010004c8 0
+[f] 01000014 00009f03
+[d] 01000010 23 - 01 02 1 - 00000000 -
 [r] 01 02 00000000 00000000
-[e] 01000008 000000aa 0
-[w] 01000000 1 01 01000000
+[e] 0100000c 000000aa 0
+[w] 01000004 1 01 01000004
 [f] 01000014 00009f03
-[d] 01000010 03 1e 01 - 1 - 00000000 -
-[r] 01 - 00000000 -
-[e] 0100000c 010004c4 0
-[w] 01000004 1 01 010004c4
+[d] 01000010 23 - 01 02 1 - 00000000 -
+[r] 01 02 00000000 00000000
+[e] 01000010 00000000 0
+[w] 01000008 1 01 010004c8
 [f] 01000014 00009f03
-[d] 01000010 03 1e 01 - 1 - 00000000 -
-[r] 01 - 01000000 -
-[e] 01000010 01000000 0
-[m] 0100000c 010004c4 1 1 000000aa
-[w] 01000008 1 02 000000aa
+[d] 01000010 23 - 01 02 1 - 00000000 -
+[r] 01 02 01000004 00000000
+[e] 01000010 00000000 0
+[w] 0100000c 1 02 000000aa
+[f] 01000014 00009f03
+[d] 01000010 23 - 01 02 1 - 00000000 -
+[r] 01 02 010004c8 00000000
+[e] 01000010 00000000 0
 [f] 01000018 0aa00e93
-[d] 01000014 13 1d 00 - 0 - 000000aa -
-[r] 00 - 010004c4 -
-[e] 01000010 010004c4 0
+[d] 01000014 03 1e 01 - 1 - 00000000 -
+[r] 01 - 010004c8 -
+[e] 01000010 010004c8 0
 [f] 0100001c 00200193
-[d] 01000018 13 03 00 - 0 - 00000002 -
-[r] 00 - 00000000 -
-[e] 01000014 000000aa 0
+[d] 01000018 13 1d 00 - 0 - 000000aa -
+[r] 00 - 010004c8 -
+[e] 01000014 010004c8 0
+[m] 01000010 010004c8 1 1 00000000
 [f] 01000020 45df1e63
-[d] 0100001c 63 - 1e 1d 1 - 0000045c -
+[d] 0100001c 13 03 00 - 0 - 00000002 -
+[r] 00 - 00000000 -
+[e] 01000018 01000572 0
+[f] 01000024 00000097
+[d] 01000020 63 - 1e 1d 1 - 0000045c -
 [r] 1e 1d 00000000 00000000
-[e] 01000018 00000002 0
-[w] 01000010 1 1e 000000aa
-[f] 01000020 45df1e63
-[d] 0100001c 63 - 1e 1d 1 - 0000045c -
+[e] 0100001c 00000002 0
+[w] 01000014 1 1e 00000097
+[f] 01000024 00000097
+[d] 01000020 63 - 1e 1d 1 - 0000045c -
 [r] 1e 1d 00000000 00000000
-[e] 0100001c 00000000 0
-[w] 01000014 1 1d 000000aa
-[f] 01000020 45df1e63
-[d] 0100001c 63 - 1e 1d 1 - 0000045c -
-[r] 1e 1d 000000aa 00000000
-[e] 0100001c 000000aa 0
-[w] 01000018 1 03 00000002
+[e] 01000020 00000000 0
+[w] 01000018 1 1d 01000572
 [f] 01000024 00000097
-[d] 01000020 17 01 - - - - 00000000 -
-[r] - - - -
-[e] 0100001c 01000478 0
+[d] 01000020 63 - 1e 1d 1 - 0000045c -
+[r] 1e 1d 00000097 00000000
+[e] 01000020 00000000 0
+[w] 0100001c 1 03 00000002
 [f] 01000028 4a408093
-[d] 01000024 13 01 01 - 0 - 000004a4 -
-[r] 01 - 00000000 -
-[e] 01000020 01000020 0
-[f] 0100002c ffffb137
-[d] 01000028 37 02 - - - - ffffb000 -
-[r] - - - -
-[e] 01000024 010004c4 0
-[f] 01000030 a0010113
-[d] 0100002c 13 02 02 - 0 - fffffa00 -
-[r] 02 - 00000000 -
-[e] 01000028 ffffb000 0
-[w] 01000020 1 01 01000020
-[f] 01000034 00209123
-[d] 01000030 23 - 01 02 1 - 00000002 -
-[r] 01 02 000000aa 00000000
-[e] 0100002c ffffaa00 0
-[w] 01000024 1 01 010004c4
-[f] 01000034 00209123
-[d] 01000030 23 - 01 02 1 - 00000002 -
-[r] 01 02 01000020 000000aa
-[e] 01000030 01000020 0
-[w] 01000028 1 02 ffffb000
-[f] 01000038 00209f03
-[d] 01000034 03 1e 01 - 1 - 00000002 -
-[r] 01 - 010004c4 -
-[e] 01000030 010004c6 0
-[w] 0100002c 1 02 ffffaa00
-[f] 0100003c ffffbeb7
-[d] 01000038 37 1d - - - - ffffb000 -
-[r] - - - -
-[e] 01000034 010004c6 0
-[m] 01000030 010004c6 1 1 ffffaa00
-[f] 01000040 a00e8e93
-[d] 0100003c 13 1d 1d - 0 - fffffa00 -
-[r] 1d - 00000000 -
-[e] 01000038 ffffb000 0
-[f] 01000044 00300193
-[d] 01000040 13 03 00 - 0 - 00000003 -
-[r] 00 - 000000aa -
-[e] 0100003c ffffaa00 0
-[w] 01000034 1 1e ffffaa00
-[f] 01000048 43df1a63
-[d] 01000044 63 - 1e 1d 1 - 00000434 -
-[r] 1e 1d 00000000 00000000
-[e] 01000040 00000003 0
-[w] 01000038 1 1d ffffb000
-[f] 0100004c 00000097
-[d] 01000048 17 01 - - - - 00000000 -
-[r] - - - -
-[e] 01000044 01000478 0
-[w] 0100003c 1 1d ffffaa00
-[f] 01000050 47c08093
-[d] 0100004c 13 01 01 - 0 - 0000047c -
-[r] 01 - 00000000 -
-[e] 01000048 01000048 0
-[w] 01000040 1 03 00000003
-[f] 01000054 beef1137
-[d] 01000050 37 02 - - - - beef1000 -
-[r] - - - -
-[e] 0100004c 010004c4 0
-[f] 01000058 aa010113
-[d] 01000054 13 02 02 - 0 - fffffaa0 -
-[r] 02 - 00000000 -
-[e] 01000050 beef1000 0
-[w] 01000048 1 01 01000048
-[f] 0100005c 00209223
-[d] 01000058 23 - 01 02 1 - 00000004 -
-[r] 01 02 ffffaa00 00000000
-[e] 01000054 beef0aa0 0
-[w] 0100004c 1 01 010004c4
-[f] 0100005c 00209223
-[d] 01000058 23 - 01 02 1 - 00000004 -
-[r] 01 02 01000048 ffffaa00
-[e] 01000058 01000048 0
-[w] 01000050 1 02 beef1000
-[f] 01000060 0040af03
-[d] 0100005c 03 1e 01 - 2 - 00000004 -
-[r] 01 - 010004c4 -
-[e] 01000058 010004c8 0
-[w] 01000054 1 02 beef0aa0
-[f] 01000064 beef1eb7
-[d] 01000060 37 1d - - - - beef1000 -
-[r] - - - -
-[e] 0100005c 010004c8 0
-[m] 01000058 010004c8 1 1 beef0aa0
-[f] 01000068 aa0e8e93
-[d] 01000064 13 1d 1d - 0 - fffffaa0 -
-[r] 1d - 00000000 -
-[e] 01000060 beef1000 0
-[f] 0100006c 00400193
-[d] 01000068 13 03 00 - 0 - 00000004 -
-[r] 00 - ffffaa00 -
-[e] 01000064 beef0aa0 0
-[w] 0100005c 1 1e beef0aa0
-[f] 01000070 41df1663
-[d] 0100006c 63 - 1e 1d 1 - 0000040c -
-[r] 1e 1d 00000000 00000000
-[e] 01000068 00000004 0
-[w] 01000060 1 1d beef1000
-[f] 01000074 00000097
-[d] 01000070 17 01 - - - - 00000000 -
-[r] - - - -
-[e] 0100006c 01000478 0
-[w] 01000064 1 1d beef0aa0
-[f] 01000078 45408093
-[d] 01000074 13 01 01 - 0 - 00000454 -
-[r] 01 - 00000000 -
-[e] 01000070 01000070 0
-[w] 01000068 1 03 00000004
-[f] 0100007c ffffa137
-[d] 01000078 37 02 - - - - ffffa000 -
-[r] - - - -
-[e] 01000074 010004c4 0
-[f] 01000080 00a10113
-[d] 0100007c 13 02 02 - 0 - 0000000a -
-[r] 02 - 00000000 -
-[e] 01000078 ffffa000 0
-[w] 01000070 1 01 01000070
-[f] 01000084 00209323
-[d] 01000080 23 - 01 02 1 - 00000006 -
-[r] 01 02 beef0aa0 00000000
-[e] 0100007c ffffa00a 0
-[w] 01000074 1 01 010004c4
-[f] 01000084 00209323
-[d] 01000080 23 - 01 02 1 - 00000006 -
-[r] 01 02 01000070 beef0aa0
-[e] 01000080 01000070 0
-[w] 01000078 1 02 ffffa000
-[f] 01000088 00609f03
-[d] 01000084 03 1e 01 - 1 - 00000006 -
-[r] 01 - 010004c4 -
-[e] 01000080 010004ca 0
-[w] 0100007c 1 02 ffffa00a
-[f] 0100008c ffffaeb7
-[d] 01000088 37 1d - - - - ffffa000 -
-[r] - - - -
-[e] 01000084 010004ca 0
-[m] 01000080 010004ca 1 1 ffffa00a
-[f] 01000090 00ae8e93
-[d] 0100008c 13 1d 1d - 0 - 0000000a -
-[r] 1d - 00000000 -
-[e] 01000088 ffffa000 0
-[f] 01000094 00500193
-[d] 01000090 13 03 00 - 0 - 00000005 -
-[r] 00 - beef0aa0 -
-[e] 0100008c ffffa00a 0
-[w] 01000084 1 1e ffffa00a
-[f] 01000098 3fdf1263
-[d] 01000094 63 - 1e 1d 1 - 000003e4 -
-[r] 1e 1d 00000000 00000000
-[e] 01000090 00000005 0
-[w] 01000088 1 1d ffffa000
-[f] 0100009c 00000097
-[d] 01000098 17 01 - - - - 00000000 -
-[r] - - - -
-[e] 01000094 01000478 0
-[w] 0100008c 1 1d ffffa00a
-[f] 010000a0 43a08093
-[d] 0100009c 13 01 01 - 0 - 0000043a -
-[r] 01 - 00000000 -
-[e] 01000098 01000098 0
-[w] 01000090 1 03 00000005
-[f] 010000a4 0aa00113
-[d] 010000a0 13 02 00 - 0 - 000000aa -
-[r] 00 - 010004c4 -
-[e] 0100009c 010004d2 0
-[f] 010000a8 fe209d23
-[d] 010000a4 23 - 01 02 1 - fffffffa -
-[r] 01 02 00000000 00000000
-[e] 010000a0 000000aa 0
-[w] 01000098 1 01 01000098
-[f] 010000ac ffa09f03
-[d] 010000a8 03 1e 01 - 1 - fffffffa -
-[r] 01 - 010004c4 -
-[e] 010000a4 010004cc 0
-[w] 0100009c 1 01 010004d2
-[f] 010000ac ffa09f03
-[d] 010000a8 03 1e 01 - 1 - fffffffa -
-[r] 01 - 01000098 -
-[e] 010000a8 01000098 0
-[m] 010000a4 010004cc 1 1 000000aa
-[w] 010000a0 1 02 000000aa
-[f] 010000b0 0aa00e93
-[d] 010000ac 13 1d 00 - 0 - 000000aa -
-[r] 00 - 010004d2 -
-[e] 010000a8 010004cc 0
-[f] 010000b4 00600193
-[d] 010000b0 13 03 00 - 0 - 00000006 -
-[r] 00 - 00000000 -
-[e] 010000ac 000000aa 0
-[f] 010000b8 3ddf1263
-[d] 010000b4 63 - 1e 1d 1 - 000003c4 -
-[r] 1e 1d 00000000 00000000
-[e] 010000b0 00000006 0
-[w] 010000a8 1 1e 000000aa
-[f] 010000b8 3ddf1263
-[d] 010000b4 63 - 1e 1d 1 - 000003c4 -
-[r] 1e 1d ffffa00a ffffa00a
-[e] 010000b4 ffffa00a 0
-[w] 010000ac 1 1d 000000aa
-[f] 010000b8 3ddf1263
-[d] 010000b4 63 - 1e 1d 1 - 000003c4 -
-[r] 1e 1d 000000aa ffffa00a
-[e] 010000b4 000000aa 0
-[w] 010000b0 1 03 00000006
-[f] 010000bc 00000097
-[d] 010000b8 17 01 - - - - 00000000 -
-[r] - - - -
-[e] 010000b4 01000478 0
-[f] 010000c0 41a08093
-[d] 010000bc 13 01 01 - 0 - 0000041a -
-[r] 01 - 00000000 -
-[e] 010000b8 010000b8 0
-[f] 010000c4 ffffb137
-[d] 010000c0 37 02 - - - - ffffb000 -
-[r] - - - -
-[e] 010000bc 010004d2 0
-[f] 010000c8 a0010113
-[d] 010000c4 13 02 02 - 0 - fffffa00 -
-[r] 02 - 00000000 -
-[e] 010000c0 ffffb000 0
-[w] 010000b8 1 01 010000b8
-[f] 010000cc fe209e23
-[d] 010000c8 23 - 01 02 1 - fffffffc -
-[r] 01 02 000000aa 00000000
-[e] 010000c4 ffffaa00 0
-[w] 010000bc 1 01 010004d2
-[f] 010000cc fe209e23
-[d] 010000c8 23 - 01 02 1 - fffffffc -
-[r] 01 02 010000b8 000000aa
-[e] 010000c8 010000b8 0
-[w] 010000c0 1 02 ffffb000
-[f] 010000d0 ffc09f03
-[d] 010000cc 03 1e 01 - 1 - fffffffc -
-[r] 01 - 010004d2 -
-[e] 010000c8 010004ce 0
-[w] 010000c4 1 02 ffffaa00
-[f] 010000d4 ffffbeb7
-[d] 010000d0 37 1d - - - - ffffb000 -
-[r] - - - -
-[e] 010000cc 010004ce 0
-[m] 010000c8 010004ce 1 1 ffffaa00
-[f] 010000d8 a00e8e93
-[d] 010000d4 13 1d 1d - 0 - fffffa00 -
-[r] 1d - 00000000 -
-[e] 010000d0 ffffb000 0
-[f] 010000dc 00700193
-[d] 010000d8 13 03 00 - 0 - 00000007 -
-[r] 00 - 000000aa -
-[e] 010000d4 ffffaa00 0
-[w] 010000cc 1 1e ffffaa00
-[f] 010000e0 39df1e63
-[d] 010000dc 63 - 1e 1d 1 - 0000039c -
-[r] 1e 1d 00000000 00000000
-[e] 010000d8 00000007 0
-[w] 010000d0 1 1d ffffb000
-[f] 010000e4 00000097
-[d] 010000e0 17 01 - - - - 00000000 -
-[r] - - - -
-[e] 010000dc 01000478 0
-[w] 010000d4 1 1d ffffaa00
-[f] 010000e8 3f208093
-[d] 010000e4 13 01 01 - 0 - 000003f2 -
-[r] 01 - 00000000 -
-[e] 010000e0 010000e0 0
-[w] 010000d8 1 03 00000007
-[f] 010000ec 00001137
-[d] 010000e8 37 02 - - - - 00001000 -
-[r] - - - -
-[e] 010000e4 010004d2 0
-[f] 010000f0 aa010113
-[d] 010000ec 13 02 02 - 0 - fffffaa0 -
-[r] 02 - 00000000 -
-[e] 010000e8 00001000 0
-[w] 010000e0 1 01 010000e0
-[f] 010000f4 fe209f23
-[d] 010000f0 23 - 01 02 1 - fffffffe -
-[r] 01 02 ffffaa00 00000000
-[e] 010000ec 00000aa0 0
-[w] 010000e4 1 01 010004d2
-[f] 010000f4 fe209f23
-[d] 010000f0 23 - 01 02 1 - fffffffe -
-[r] 01 02 010000e0 ffffaa00
-[e] 010000f0 010000e0 0
-[w] 010000e8 1 02 00001000
-[f] 010000f8 ffe09f03
-[d] 010000f4 03 1e 01 - 1 - fffffffe -
-[r] 01 - 010004d2 -
-[e] 010000f0 010004d0 0
-[w] 010000ec 1 02 00000aa0
-[f] 010000fc 00001eb7
-[d] 010000f8 37 1d - - - - 00001000 -
-[r] - - - -
-[e] 010000f4 010004d0 0
-[m] 010000f0 010004d0 1 1 00000aa0
-[f] 01000100 aa0e8e93
-[d] 010000fc 13 1d 1d - 0 - fffffaa0 -
-[r] 1d - 00000000 -
-[e] 010000f8 00001000 0
-[f] 01000104 00800193
-[d] 01000100 13 03 00 - 0 - 00000008 -
-[r] 00 - ffffaa00 -
-[e] 010000fc 00000aa0 0
-[w] 010000f4 1 1e 00000aa0
-[f] 01000108 37df1a63
-[d] 01000104 63 - 1e 1d 1 - 00000374 -
-[r] 1e 1d 00000000 00000000
-[e] 01000100 00000008 0
-[w] 010000f8 1 1d 00001000
-[f] 0100010c 00000097
-[d] 01000108 17 01 - - - - 00000000 -
-[r] - - - -
-[e] 01000104 01000478 0
-[w] 010000fc 1 1d 00000aa0
-[f] 01000110 3ca08093
-[d] 0100010c 13 01 01 - 0 - 000003ca -
-[r] 01 - 00000000 -
-[e] 01000108 01000108 0
-[w] 01000100 1 03 00000008
-[f] 01000114 ffffa137
-[d] 01000110 37 02 - - - - ffffa000 -
+[d] 01000024 17 01 - - - - 00000000 -
 [r] - - - -
-[e] 0100010c 010004d2 0
-[f] 01000118 00a10113
-[d] 01000114 13 02 02 - 0 - 0000000a -
-[r] 02 - 00000000 -
-[e] 01000110 ffffa000 0
-[w] 01000108 1 01 01000108
-[f] 0100011c 00209023
-[d] 01000118 23 - 01 02 1 - 00000000 -
-[r] 01 02 00000aa0 00000000
-[e] 01000114 ffffa00a 0
-[w] 0100010c 1 01 010004d2
-[f] 0100011c 00209023
-[d] 01000118 23 - 01 02 1 - 00000000 -
-[r] 01 02 01000108 00000aa0
-[e] 01000118 01000108 0
-[w] 01000110 1 02 ffffa000
-[f] 01000120 00009f03
-[d] 0100011c 03 1e 01 - 1 - 00000000 -
-[r] 01 - 010004d2 -
-[e] 01000118 010004d2 0
-[w] 01000114 1 02 ffffa00a
-[f] 01000124 ffffaeb7
-[d] 01000120 37 1d - - - - ffffa000 -
-[r] - - - -
-[e] 0100011c 010004d2 0
-[m] 01000118 010004d2 1 1 ffffa00a
-[f] 01000128 00ae8e93
-[d] 01000124 13 1d 1d - 0 - 0000000a -
-[r] 1d - 00000000 -
-[e] 01000120 ffffa000 0
-[f] 0100012c 00900193
-[d] 01000128 13 03 00 - 0 - 00000009 -
-[r] 00 - 00000aa0 -
-[e] 01000124 ffffa00a 0
-[w] 0100011c 1 1e ffffa00a
-[f] 01000130 35df1663
-[d] 0100012c 63 - 1e 1d 1 - 0000034c -
-[r] 1e 1d 00000000 00000000
-[e] 01000128 00000009 0
-[w] 01000120 1 1d ffffa000
-[f] 01000134 00000097
-[d] 01000130 17 01 - - - - 00000000 -
-[r] - - - -
-[e] 0100012c 01000478 0
-[w] 01000124 1 1d ffffa00a
-[f] 01000138 3a408093
-[d] 01000134 13 01 01 - 0 - 000003a4 -
-[r] 01 - 00000000 -
-[e] 01000130 01000130 0
-[w] 01000128 1 03 00000009
-[f] 0100013c 12345137
-[d] 01000138 37 02 - - - - 12345000 -
-[r] - - - -
-[e] 01000134 010004d4 0
-[f] 01000140 67810113
-[d] 0100013c 13 02 02 - 0 - 00000678 -
-[r] 02 - 00000000 -
-[e] 01000138 12345000 1
-[w] 01000130 1 01 01000130
-[f] 01000144 fe008213
-[d] 01000140 13 04 01 - 0 - ffffffe0 -
-[r] 01 - ffffa00a -
-[e] 0100013c 12345678 0
-[w] 01000134 1 01 010004d4
-[f] 01000144 fe008213
-[d] 01000140 13 04 01 - 0 - ffffffe0 -
-[r] 01 - 01000130 -
-[e] 01000140 01000130 0
-[w] 01000138 1 02 12345000
-[f] 01000148 02221023
-[d] 01000144 23 - 04 02 1 - 00000020 -
-[r] 04 02 010004d4 00000000
-[e] 01000140 010004b4 0
-[w] 0100013c 1 02 12345678
-[f] 01000148 02221023
-[d] 01000144 23 - 04 02 1 - 00000020 -
-[r] 04 02 00000000 12345000
-[e] 01000144 00000000 0
-[f] 0100014c 00009283
-[d] 01000148 03 05 01 - 1 - 00000000 -
-[r] 01 - 00000000 -
-[e] 01000144 010004d4 0
-[w] 01000140 1 04 010004b4
-[f] 01000150 00005eb7
-[d] 0100014c 37 1d - - - - 00005000 -
-[r] - - - -
-[e] 01000148 010004d4 0
-[m] 01000144 010004d4 1 1 12345678
-[f] 01000154 678e8e93
-[d] 01000150 13 1d 1d - 0 - 00000678 -
-[r] 1d - 00000000 -
-[e] 0100014c 00005000 1
-[f] 01000158 00a00193
-[d] 01000154 13 03 00 - 0 - 0000000a -
-[r] 00 - ffffa00a -
-[e] 01000150 00005678 0
-[w] 01000148 1 05 00005678
-[f] 0100015c 33d29063
-[d] 01000158 63 - 05 1d 1 - 00000320 -
-[r] 05 1d 00000000 00000000
-[e] 01000154 0000000a 0
-[w] 0100014c 1 1d 00005000
-[f] 01000160 00000097
-[d] 0100015c 17 01 - - - - 00000000 -
-[r] - - - -
-[e] 01000158 01000478 0
-[w] 01000150 1 1d 00005678
-[f] 01000164 37808093
-[d] 01000160 13 01 01 - 0 - 00000378 -
-[r] 01 - 00000000 -
-[e] 0100015c 0100015c 0
-[w] 01000154 1 03 0000000a
-[f] 01000168 00003137
-[d] 01000164 37 02 - - - - 00003000 -
-[r] - - - -
-[e] 01000160 010004d4 0
-[f] 0100016c 09810113
-[d] 01000168 13 02 02 - 0 - 00000098 -
-[r] 02 - 00000000 -
-[e] 01000164 00003000 0
-[w] 0100015c 1 01 0100015c
-[f] 01000170 ffb08093
-[d] 0100016c 13 01 01 - 0 - fffffffb -
-[r] 01 - 12345678 -
-[e] 01000168 00003098 0
-[w] 01000160 1 01 010004d4
-[f] 01000170 ffb08093
-[d] 0100016c 13 01 01 - 0 - fffffffb -
-[r] 01 - 0100015c -
-[e] 0100016c 0100015c 0
-[w] 01000164 1 02 00003000
-[f] 01000174 002093a3
-[d] 01000170 23 - 01 02 1 - 00000007 -
-[r] 01 02 010004d4 00000000
-[e] 0100016c 010004cf 0
-[w] 01000168 1 02 00003098
-[f] 01000174 002093a3
-[d] 01000170 23 - 01 02 1 - 00000007 -
-[r] 01 02 010004d4 00003000
-[e] 01000170 010004d4 0
-[f] 01000178 00000217
-[d] 01000174 17 04 - - - - 00000000 -
-[r] - - - -
-[e] 01000170 010004d6 0
-[w] 0100016c 1 01 010004cf
-[f] 0100017c 36220213
-[d] 01000178 13 04 04 - 0 - 00000362 -
-[r] 04 - 00000000 -
-[e] 01000174 01000174 0
-[m] 01000170 010004d6 1 1 00003098
-[f] 01000180 00021283
-[d] 0100017c 03 05 04 - 1 - 00000000 -
-[r] 04 - 010004b4 -
-[e] 01000178 010004d6 0
-[f] 01000184 00003eb7
-[d] 01000180 37 1d - - - - 00003000 -
-[r] - - - -
-[e] 0100017c 010004d6 0
-[w] 01000174 1 04 01000174
-[f] 01000188 098e8e93
-[d] 01000184 13 1d 1d - 0 - 00000098 -
-[r] 1d - 00000000 -
-[e] 01000180 00003000 0
-[w] 01000178 1 04 010004d6
-[f] 0100018c 00b00193
-[d] 01000188 13 03 00 - 0 - 0000000b -
-[r] 00 - 00005678 -
-[e] 01000184 00003098 0
-[w] 0100017c 1 05 00003098
-[f] 01000190 2fd29663
-[d] 0100018c 63 - 05 1d 1 - 000002ec -
-[r] 05 1d 00000000 00000000
-[e] 01000188 0000000b 0
-[w] 01000180 1 1d 00003000
-[f] 01000194 00c00193
-[d] 01000190 13 03 00 - 0 - 0000000c -
-[r] 00 - 00003098 -
-[e] 0100018c 01000478 0
-[w] 01000184 1 1d 00003098
-[f] 01000198 00000213
-[d] 01000194 13 04 00 - 0 - 00000000 -
-[r] 00 - 00000000 -
-[e] 01000190 0000000c 0
-[w] 01000188 1 03 0000000b
-[f] 0100019c ffffd0b7
-[d] 01000198 37 01 - - - - ffffd000 -
-[r] - - - -
-[e] 01000194 00000000 0
-[f] 010001a0 cdd08093
-[d] 0100019c 13 01 01 - 0 - fffffcdd -
-[r] 01 - 00000000 -
-[e] 01000198 ffffd000 1
-[w] 01000190 1 03 0000000c
-[f] 010001a4 00000117
-[d] 010001a0 17 02 - - - - 00000000 -
-[r] - - - -
-[e] 0100019c ffffccdd 0
-[w] 01000194 1 04 00000000
-[f] 010001a8 32410113
-[d] 010001a4 13 02 02 - 0 - 00000324 -
-[r] 02 - 00000000 -
-[e] 010001a0 010001a0 0
-[w] 01000198 1 01 ffffd000
-[f] 010001ac 00111023
-[d] 010001a8 23 - 02 01 1 - 00000000 -
-[r] 02 01 00003098 00000000
-[e] 010001a4 010004c4 0
-[w] 0100019c 1 01 ffffccdd
-[f] 010001ac 00111023
-[d] 010001a8 23 - 02 01 1 - 00000000 -
-[r] 02 01 00003098 ffffd000
-[e] 010001a8 00003098 0
-[w] 010001a0 1 02 010001a0
-[f] 010001b0 00011f03
-[d] 010001ac 03 1e 02 - 1 - 00000000 -
-[r] 02 - 00003098 -
-[e] 010001a8 010004c4 0
-[w] 010001a4 1 02 010004c4
-[f] 010001b0 00011f03
-[d] 010001ac 03 1e 02 - 1 - 00000000 -
-[r] 02 - 010001a0 -
-[e] 010001ac 010001a0 0
-[m] 010001a8 010004c4 1 1 ffffccdd
-[f] 010001b4 ffffdeb7
-[d] 010001b0 37 1d - - - - ffffd000 -
-[r] - - - -
-[e] 010001ac 010004c4 0
-[f] 010001b8 cdde8e93
-[d] 010001b4 13 1d 1d - 0 - fffffcdd -
-[r] 1d - 00000000 -
-[e] 010001b0 ffffd000 1
-[f] 010001bc 2ddf1063
-[d] 010001b8 63 - 1e 1d 1 - 000002c0 -
-[r] 1e 1d 00003098 00000000
-[e] 010001b4 ffffccdd 0
-[w] 010001ac 1 1e ffffccdd
-[f] 010001bc 2ddf1063
-[d] 010001b8 63 - 1e 1d 1 - 000002c0 -
-[r] 1e 1d ffffa00a 00003098
-[e] 010001b8 ffffa00a 0
-[w] 010001b0 1 1d ffffd000
-[f] 010001c0 00120213
-[d] 010001bc 13 04 04 - 0 - 00000001 -
-[r] 04 - ffffccdd -
-[e] 010001b8 01000478 0
-[w] 010001b4 1 1d ffffccdd
-[f] 010001c4 00200293
-[d] 010001c0 13 05 00 - 0 - 00000002 -
-[r] 00 - 00000000 -
-[e] 010001bc 00000001 0
-[f] 010001c8 fc521ae3
-[d] 010001c4 63 - 04 05 1 - ffffffd4 -
-[r] 04 05 00000000 00000000
-[e] 010001c0 00000002 0
-[f] 010001cc 00d00193
-[d] 010001c8 13 03 00 - 0 - 0000000d -
-[r] 00 - 00000000 -
-[e] 010001c4 01000198 1
-[w] 010001bc 1 04 00000001
-[f] 0100019c ffffd0b7
-[d] 01000198 37 01 - - - - ffffd000 -
-[r] - - - -
-[f] 010001a0 cdd08093
-[d] 0100019c 13 01 01 - 0 - fffffcdd -
-[r] 01 - 00000000 -
-[e] 01000198 ffffd000 1
-[f] 010001a4 00000117
-[d] 010001a0 17 02 - - - - 00000000 -
-[r] - - - -
-[e] 0100019c ffffccdd 0
-[f] 010001a8 32410113
-[d] 010001a4 13 02 02 - 0 - 00000324 -
-[r] 02 - 00000000 -
-[e] 010001a0 010001a0 0
-[w] 01000198 1 01 ffffd000
-[f] 010001ac 00111023
-[d] 010001a8 23 - 02 01 1 - 00000000 -
-[r] 02 01 010004c4 00000000
-[e] 010001a4 010004c4 0
-[w] 0100019c 1 01 ffffccdd
-[f] 010001ac 00111023
-[d] 010001a8 23 - 02 01 1 - 00000000 -
-[r] 02 01 010004c4 ffffd000
-[e] 010001a8 010004c4 0
-[w] 010001a0 1 02 010001a0
-[f] 010001b0 00011f03
-[d] 010001ac 03 1e 02 - 1 - 00000000 -
-[r] 02 - 010004c4 -
-[e] 010001a8 010004c4 0
-[w] 010001a4 1 02 010004c4
-[f] 010001b0 00011f03
-[d] 010001ac 03 1e 02 - 1 - 00000000 -
-[r] 02 - 010001a0 -
-[e] 010001ac 010001a0 0
-[m] 010001a8 010004c4 1 1 ffffccdd
-[f] 010001b4 ffffdeb7
-[d] 010001b0 37 1d - - - - ffffd000 -
-[r] - - - -
-[e] 010001ac 010004c4 0
-[f] 010001b8 cdde8e93
-[d] 010001b4 13 1d 1d - 0 - fffffcdd -
-[r] 1d - 00000000 -
-[e] 010001b0 ffffd000 1
-[f] 010001bc 2ddf1063
-[d] 010001b8 63 - 1e 1d 1 - 000002c0 -
-[r] 1e 1d ffffccdd 00000000
-[e] 010001b4 ffffccdd 0
-[w] 010001ac 1 1e ffffccdd
-[f] 010001bc 2ddf1063
-[d] 010001b8 63 - 1e 1d 1 - 000002c0 -
-[r] 1e 1d ffffccdd ffffccdd
-[e] 010001b8 ffffccdd 0
-[w] 010001b0 1 1d ffffd000
-[f] 010001c0 00120213
-[d] 010001bc 13 04 04 - 0 - 00000001 -
-[r] 04 - ffffccdd -
-[e] 010001b8 01000478 0
-[w] 010001b4 1 1d ffffccdd
-[f] 010001c4 00200293
-[d] 010001c0 13 05 00 - 0 - 00000002 -
-[r] 00 - 00000001 -
-[e] 010001bc 00000002 0
-[f] 010001c8 fc521ae3
-[d] 010001c4 63 - 04 05 1 - ffffffd4 -
-[r] 04 05 00000000 00000000
-[e] 010001c0 00000002 0
-[f] 010001cc 00d00193
-[d] 010001c8 13 03 00 - 0 - 0000000d -
-[r] 00 - 00000001 -
-[e] 010001c4 01000198 0
-[w] 010001bc 1 04 00000002
-[f] 010001d0 00000213
-[d] 010001cc 13 04 00 - 0 - 00000000 -
-[r] 00 - 00000000 -
-[e] 010001c8 0000000d 0
-[w] 010001c0 1 05 00000002
-[f] 010001d4 ffffc0b7
-[d] 010001d0 37 01 - - - - ffffc000 -
-[r] - - - -
-[e] 010001cc 00000000 0
-[f] 010001d8 ccd08093
-[d] 010001d4 13 01 01 - 0 - fffffccd -
-[r] 01 - 00000000 -
-[e] 010001d0 ffffc000 0
-[w] 010001c8 1 03 0000000d
-[f] 010001dc 00000117
-[d] 010001d8 17 02 - - - - 00000000 -
-[r] - - - -
-[e] 010001d4 ffffbccd 0
-[w] 010001cc 1 04 00000000
-[f] 010001e0 2ec10113
-[d] 010001dc 13 02 02 - 0 - 000002ec -
-[r] 02 - 00000000 -
-[e] 010001d8 010001d8 0
-[w] 010001d0 1 01 ffffc000
-[f] 010001e8 00111123
-[d] 010001e4 23 - 02 01 1 - 00000002 -
-[r] 02 01 00000000 00000000
-[w] 010001d8 1 02 010001d8
-[f] 010001ec 00211f03
-[d] 010001e8 03 1e 02 - 1 - 00000002 -
-[r] 02 - 010004c4 -
-[e] 010001e4 010004c6 0
-[w] 010001dc 1 02 010004c4
-[f] 010001ec 00211f03
-[d] 010001e8 03 1e 02 - 1 - 00000002 -
-[r] 02 - 010001d8 -
-[e] 010001e8 010001d8 0
-[m] 010001e4 010004c6 1 1 ffffbccd
-[f] 010001f0 ffffceb7
-[d] 010001ec 37 1d - - - - ffffc000 -
-[r] - - - -
-[e] 010001e8 010004c6 0
-[f] 010001f4 ccde8e93
-[d] 010001f0 13 1d 1d - 0 - fffffccd -
-[r] 1d - 00000000 -
-[e] 010001ec ffffc000 0
-[f] 010001f8 29df1263
-[d] 010001f4 63 - 1e 1d 1 - 00000284 -
-[r] 1e 1d ffffccdd 00000000
-[e] 010001f0 ffffbccd 0
-[w] 010001e8 1 1e ffffbccd
-[f] 010001f8 29df1263
-[d] 010001f4 63 - 1e 1d 1 - 00000284 -
-[r] 1e 1d ffffccdd ffffccdd
-[e] 010001f4 ffffccdd 0
-[w] 010001ec 1 1d ffffc000
-[f] 010001fc 00120213
-[d] 010001f8 13 04 04 - 0 - 00000001 -
-[r] 04 - ffffbccd -
-[e] 010001f4 01000478 0
-[w] 010001f0 1 1d ffffbccd
-[f] 01000200 00200293
-[d] 010001fc 13 05 00 - 0 - 00000002 -
-[r] 00 - 00000000 -
-[e] 010001f8 00000001 0
-[f] 01000204 fc5218e3
-[d] 01000200 63 - 04 05 1 - ffffffd0 -
-[r] 04 05 00000000 00000000
-[e] 010001fc 00000002 0
-[f] 01000208 00e00193
-[d] 01000204 13 03 00 - 0 - 0000000e -
-[r] 00 - 00000000 -
-[e] 01000200 010001d0 1
-[w] 010001f8 1 04 00000001
-[f] 010001d4 ffffc0b7
-[d] 010001d0 37 01 - - - - ffffc000 -
-[r] - - - -
-[f] 010001d8 ccd08093
-[d] 010001d4 13 01 01 - 0 - fffffccd -
-[r] 01 - 00000000 -
-[e] 010001d0 ffffc000 0
-[f] 010001dc 00000117
-[d] 010001d8 17 02 - - - - 00000000 -
-[r] - - - -
-[e] 010001d4 ffffbccd 0
-[f] 010001e0 2ec10113
-[d] 010001dc 13 02 02 - 0 - 000002ec -
-[r] 02 - 00000000 -
-[e] 010001d8 010001d8 0
-[w] 010001d0 1 01 ffffc000
-[f] 010001e8 00111123
-[d] 010001e4 23 - 02 01 1 - 00000002 -
-[r] 02 01 00000000 00000000
-[w] 010001d8 1 02 010001d8
-[f] 010001ec 00211f03
-[d] 010001e8 03 1e 02 - 1 - 00000002 -
-[r] 02 - 010004c4 -
-[e] 010001e4 010004c6 0
-[w] 010001dc 1 02 010004c4
-[f] 010001ec 00211f03
-[d] 010001e8 03 1e 02 - 1 - 00000002 -
-[r] 02 - 010001d8 -
-[e] 010001e8 010001d8 0
-[m] 010001e4 010004c6 1 1 ffffbccd
-[f] 010001f0 ffffceb7
-[d] 010001ec 37 1d - - - - ffffc000 -
-[r] - - - -
-[e] 010001e8 010004c6 0
-[f] 010001f4 ccde8e93
-[d] 010001f0 13 1d 1d - 0 - fffffccd -
-[r] 1d - 00000000 -
-[e] 010001ec ffffc000 0
-[f] 010001f8 29df1263
-[d] 010001f4 63 - 1e 1d 1 - 00000284 -
-[r] 1e 1d ffffbccd 00000000
-[e] 010001f0 ffffbccd 0
-[w] 010001e8 1 1e ffffbccd
-[f] 010001f8 29df1263
-[d] 010001f4 63 - 1e 1d 1 - 00000284 -
-[r] 1e 1d ffffbccd ffffbccd
-[e] 010001f4 ffffbccd 0
-[w] 010001ec 1 1d ffffc000
-[f] 010001fc 00120213
-[d] 010001f8 13 04 04 - 0 - 00000001 -
-[r] 04 - ffffbccd -
-[e] 010001f4 01000478 0
-[w] 010001f0 1 1d ffffbccd
-[f] 01000200 00200293
-[d] 010001fc 13 05 00 - 0 - 00000002 -
-[r] 00 - 00000001 -
-[e] 010001f8 00000002 0
-[f] 01000204 fc5218e3
-[d] 01000200 63 - 04 05 1 - ffffffd0 -
-[r] 04 05 00000000 00000000
-[e] 010001fc 00000002 0
-[f] 01000208 00e00193
-[d] 01000204 13 03 00 - 0 - 0000000e -
-[r] 00 - 00000001 -
-[e] 01000200 010001d0 0
-[w] 010001f8 1 04 00000002
-[f] 0100020c 00000213
-[d] 01000208 13 04 00 - 0 - 00000000 -
-[r] 00 - 00000000 -
-[e] 01000204 0000000e 0
-[w] 010001fc 1 05 00000002
-[f] 01000210 ffffc0b7
-[d] 0100020c 37 01 - - - - ffffc000 -
-[r] - - - -
-[e] 01000208 00000000 0
-[f] 01000214 bcc08093
-[d] 01000210 13 01 01 - 0 - fffffbcc -
-[r] 01 - 00000000 -
-[e] 0100020c ffffc000 0
-[w] 01000204 1 03 0000000e
-[f] 01000218 00000117
-[d] 01000214 17 02 - - - - 00000000 -
-[r] - - - -
-[e] 01000210 ffffbbcc 0
-[w] 01000208 1 04 00000000
-[f] 0100021c 2b010113
-[d] 01000218 13 02 02 - 0 - 000002b0 -
-[r] 02 - 00000000 -
-[e] 01000214 01000214 0
-[w] 0100020c 1 01 ffffc000
-[f] 01000228 00111223
-[d] 01000224 23 - 02 01 1 - 00000004 -
-[r] 02 01 00000000 00000000
-[w] 01000218 1 02 010004c4
-[f] 01000228 00111223
-[d] 01000224 23 - 02 01 1 - 00000004 -
-[r] 02 01 01000214 ffffbbcc
-[e] 01000224 01000214 0
-[f] 0100022c 00411f03
-[d] 01000228 03 1e 02 - 1 - 00000004 -
-[r] 02 - 010004c4 -
-[e] 01000224 010004c8 0
-[f] 01000230 ffffceb7
-[d] 0100022c 37 1d - - - - ffffc000 -
-[r] - - - -
-[e] 01000228 010004c8 0
-[m] 01000224 010004c8 1 1 ffffbbcc
-[f] 01000234 bcce8e93
-[d] 01000230 13 1d 1d - 0 - fffffbcc -
-[r] 1d - 00000000 -
-[e] 0100022c ffffc000 0
-[f] 01000238 25df1263
-[d] 01000234 63 - 1e 1d 1 - 00000244 -
-[r] 1e 1d ffffbccd 00000000
-[e] 01000230 ffffbbcc 0
-[w] 01000228 1 1e ffffbbcc
-[f] 01000238 25df1263
-[d] 01000234 63 - 1e 1d 1 - 00000244 -
-[r] 1e 1d ffffbccd ffffbccd
-[e] 01000234 ffffbccd 0
-[w] 0100022c 1 1d ffffc000
-[f] 0100023c 00120213
-[d] 01000238 13 04 04 - 0 - 00000001 -
-[r] 04 - ffffbbcc -
-[e] 01000234 01000478 0
-[w] 01000230 1 1d ffffbbcc
-[f] 01000240 00200293
-[d] 0100023c 13 05 00 - 0 - 00000002 -
-[r] 00 - 00000000 -
-[e] 01000238 00000001 0
-[f] 01000244 fc5216e3
-[d] 01000240 63 - 04 05 1 - ffffffcc -
-[r] 04 05 00000000 00000000
-[e] 0100023c 00000002 0
-[f] 01000248 00f00193
-[d] 01000244 13 03 00 - 0 - 0000000f -
-[r] 00 - 00000000 -
-[e] 01000240 0100020c 1
-[w] 01000238 1 04 00000001
-[f] 01000210 ffffc0b7
-[d] 0100020c 37 01 - - - - ffffc000 -
-[r] - - - -
-[f] 01000214 bcc08093
-[d] 01000210 13 01 01 - 0 - fffffbcc -
-[r] 01 - 00000000 -
-[e] 0100020c ffffc000 0
-[f] 01000218 00000117
-[d] 01000214 17 02 - - - - 00000000 -
-[r] - - - -
-[e] 01000210 ffffbbcc 0
-[f] 0100021c 2b010113
-[d] 01000218 13 02 02 - 0 - 000002b0 -
-[r] 02 - 00000000 -
-[e] 01000214 01000214 0
-[w] 0100020c 1 01 ffffc000
-[f] 01000228 00111223
-[d] 01000224 23 - 02 01 1 - 00000004 -
-[r] 02 01 00000000 00000000
-[w] 01000218 1 02 010004c4
-[f] 01000228 00111223
-[d] 01000224 23 - 02 01 1 - 00000004 -
-[r] 02 01 01000214 ffffbbcc
-[e] 01000224 01000214 0
-[f] 0100022c 00411f03
-[d] 01000228 03 1e 02 - 1 - 00000004 -
-[r] 02 - 010004c4 -
-[e] 01000224 010004c8 0
-[f] 01000230 ffffceb7
-[d] 0100022c 37 1d - - - - ffffc000 -
-[r] - - - -
-[e] 01000228 010004c8 0
-[m] 01000224 010004c8 1 1 ffffbbcc
-[f] 01000234 bcce8e93
-[d] 01000230 13 1d 1d - 0 - fffffbcc -
-[r] 1d - 00000000 -
-[e] 0100022c ffffc000 0
-[f] 01000238 25df1263
-[d] 01000234 63 - 1e 1d 1 - 00000244 -
-[r] 1e 1d ffffbbcc 00000000
-[e] 01000230 ffffbbcc 0
-[w] 01000228 1 1e ffffbbcc
-[f] 01000238 25df1263
-[d] 01000234 63 - 1e 1d 1 - 00000244 -
-[r] 1e 1d ffffbbcc ffffbbcc
-[e] 01000234 ffffbbcc 0
-[w] 0100022c 1 1d ffffc000
-[f] 0100023c 00120213
-[d] 01000238 13 04 04 - 0 - 00000001 -
-[r] 04 - ffffbbcc -
-[e] 01000234 01000478 0
-[w] 01000230 1 1d ffffbbcc
-[f] 01000240 00200293
-[d] 0100023c 13 05 00 - 0 - 00000002 -
-[r] 00 - 00000001 -
-[e] 01000238 00000002 0
-[f] 01000244 fc5216e3
-[d] 01000240 63 - 04 05 1 - ffffffcc -
-[r] 04 05 00000000 00000000
-[e] 0100023c 00000002 0
-[f] 01000248 00f00193
-[d] 01000244 13 03 00 - 0 - 0000000f -
-[r] 00 - 00000001 -
-[e] 01000240 0100020c 0
-[w] 01000238 1 04 00000002
-[f] 0100024c 00000213
-[d] 01000248 13 04 00 - 0 - 00000000 -
-[r] 00 - 00000000 -
-[e] 01000244 0000000f 0
-[w] 0100023c 1 05 00000002
-[f] 01000250 ffffb0b7
-[d] 0100024c 37 01 - - - - ffffb000 -
-[r] - - - -
-[e] 01000248 00000000 0
-[f] 01000254 bbc08093
-[d] 01000250 13 01 01 - 0 - fffffbbc -
-[r] 01 - 00000000 -
-[e] 0100024c ffffb000 0
-[w] 01000244 1 03 0000000f
-[f] 0100025c 00000117
-[d] 01000258 17 02 - - - - 00000000 -
-[r] - - - -
-[w] 0100024c 1 01 ffffb000
-[f] 01000260 26c10113
-[d] 0100025c 13 02 02 - 0 - 0000026c -
-[r] 02 - 00000000 -
-[e] 01000258 01000258 0
-[w] 01000250 1 01 ffffabbc
-[f] 01000264 00111323
-[d] 01000260 23 - 02 01 1 - 00000006 -
-[r] 02 01 010004c4 00000000
-[e] 0100025c 010004c4 0
-[f] 01000268 00611f03
-[d] 01000264 03 1e 02 - 1 - 00000006 -
-[r] 02 - 010004c4 -
-[e] 01000260 010004ca 0
-[w] 01000258 1 02 01000258
-[f] 0100026c ffffbeb7
-[d] 01000268 37 1d - - - - ffffb000 -
-[r] - - - -
-[e] 01000264 010004ca 0
-[m] 01000260 010004ca 1 1 ffffabbc
-[w] 0100025c 1 02 010004c4
-[f] 01000270 bbce8e93
-[d] 0100026c 13 1d 1d - 0 - fffffbbc -
-[r] 1d - 00000000 -
-[e] 01000268 ffffb000 0
-[f] 01000274 21df1463
-[d] 01000270 63 - 1e 1d 1 - 00000208 -
-[r] 1e 1d ffffbbcc 00000000
-[e] 0100026c ffffabbc 0
-[w] 01000264 1 1e ffffabbc
-[f] 01000274 21df1463
-[d] 01000270 63 - 1e 1d 1 - 00000208 -
-[r] 1e 1d ffffbbcc ffffbbcc
-[e] 01000270 ffffbbcc 0
-[w] 01000268 1 1d ffffb000
-[f] 01000278 00120213
-[d] 01000274 13 04 04 - 0 - 00000001 -
-[r] 04 - ffffabbc -
-[e] 01000270 01000478 0
-[w] 0100026c 1 1d ffffabbc
-[f] 0100027c 00200293
-[d] 01000278 13 05 00 - 0 - 00000002 -
-[r] 00 - 00000000 -
-[e] 01000274 00000001 0
-[f] 01000280 fc5218e3
-[d] 0100027c 63 - 04 05 1 - ffffffd0 -
-[r] 04 05 00000000 00000000
-[e] 01000278 00000002 0
-[f] 01000284 01000193
-[d] 01000280 13 03 00 - 0 - 00000010 -
-[r] 00 - 00000000 -
-[e] 0100027c 0100024c 1
-[w] 01000274 1 04 00000001
-[f] 01000250 ffffb0b7
-[d] 0100024c 37 01 - - - - ffffb000 -
-[r] - - - -
-[f] 01000254 bbc08093
-[d] 01000250 13 01 01 - 0 - fffffbbc -
-[r] 01 - 00000000 -
-[e] 0100024c ffffb000 0
-[f] 0100025c 00000117
-[d] 01000258 17 02 - - - - 00000000 -
-[r] - - - -
-[w] 0100024c 1 01 ffffb000
-[f] 01000260 26c10113
-[d] 0100025c 13 02 02 - 0 - 0000026c -
-[r] 02 - 00000000 -
-[e] 01000258 01000258 0
-[w] 01000250 1 01 ffffabbc
-[f] 01000264 00111323
-[d] 01000260 23 - 02 01 1 - 00000006 -
-[r] 02 01 010004c4 00000000
-[e] 0100025c 010004c4 0
-[f] 01000268 00611f03
-[d] 01000264 03 1e 02 - 1 - 00000006 -
-[r] 02 - 010004c4 -
-[e] 01000260 010004ca 0
-[w] 01000258 1 02 01000258
-[f] 0100026c ffffbeb7
-[d] 01000268 37 1d - - - - ffffb000 -
-[r] - - - -
-[e] 01000264 010004ca 0
-[m] 01000260 010004ca 1 1 ffffabbc
-[w] 0100025c 1 02 010004c4
-[f] 01000270 bbce8e93
-[d] 0100026c 13 1d 1d - 0 - fffffbbc -
-[r] 1d - 00000000 -
-[e] 01000268 ffffb000 0
-[f] 01000274 21df1463
-[d] 01000270 63 - 1e 1d 1 - 00000208 -
-[r] 1e 1d ffffabbc 00000000
-[e] 0100026c ffffabbc 0
-[w] 01000264 1 1e ffffabbc
-[f] 01000274 21df1463
-[d] 01000270 63 - 1e 1d 1 - 00000208 -
-[r] 1e 1d ffffabbc ffffabbc
-[e] 01000270 ffffabbc 0
-[w] 01000268 1 1d ffffb000
-[f] 01000278 00120213
-[d] 01000274 13 04 04 - 0 - 00000001 -
-[r] 04 - ffffabbc -
-[e] 01000270 01000478 0
-[w] 0100026c 1 1d ffffabbc
-[f] 0100027c 00200293
-[d] 01000278 13 05 00 - 0 - 00000002 -
-[r] 00 - 00000001 -
-[e] 01000274 00000002 0
-[f] 01000280 fc5218e3
-[d] 0100027c 63 - 04 05 1 - ffffffd0 -
-[r] 04 05 00000000 00000000
-[e] 01000278 00000002 0
-[f] 01000284 01000193
-[d] 01000280 13 03 00 - 0 - 00000010 -
-[r] 00 - 00000001 -
-[e] 0100027c 0100024c 0
-[w] 01000274 1 04 00000002
-[f] 01000288 00000213
-[d] 01000284 13 04 00 - 0 - 00000000 -
-[r] 00 - 00000000 -
-[e] 01000280 00000010 0
-[w] 01000278 1 05 00000002
-[f] 0100028c ffffb0b7
-[d] 01000288 37 01 - - - - ffffb000 -
-[r] - - - -
-[e] 01000284 00000000 0
-[f] 01000290 abb08093
-[d] 0100028c 13 01 01 - 0 - fffffabb -
-[r] 01 - 00000000 -
-[e] 01000288 ffffb000 0
-[w] 01000280 1 03 00000010
-[f] 01000298 00000117
-[d] 01000294 17 02 - - - - 00000000 -
-[r] - - - -
-[w] 01000288 1 01 ffffb000
-[f] 0100029c 23010113
-[d] 01000298 13 02 02 - 0 - 00000230 -
-[r] 02 - 00000000 -
-[e] 01000294 01000294 0
-[w] 0100028c 1 01 ffffaabb
-[f] 010002a4 00111423
-[d] 010002a0 23 - 02 01 1 - 00000008 -
-[r] 02 01 00000000 00000000
-[w] 01000294 1 02 01000294
-[f] 010002a8 00811f03
-[d] 010002a4 03 1e 02 - 1 - 00000008 -
-[r] 02 - 010004c4 -
-[e] 010002a0 010004cc 0
-[w] 01000298 1 02 010004c4
-[f] 010002a8 00811f03
-[d] 010002a4 03 1e 02 - 1 - 00000008 -
-[r] 02 - 01000294 -
-[e] 010002a4 01000294 0
-[m] 010002a0 010004cc 1 1 ffffaabb
-[f] 010002ac ffffbeb7
-[d] 010002a8 37 1d - - - - ffffb000 -
-[r] - - - -
-[e] 010002a4 010004cc 0
-[f] 010002b0 abbe8e93
-[d] 010002ac 13 1d 1d - 0 - fffffabb -
-[r] 1d - 00000000 -
-[e] 010002a8 ffffb000 0
-[f] 010002b4 1ddf1463
-[d] 010002b0 63 - 1e 1d 1 - 000001c8 -
-[r] 1e 1d ffffabbc 00000000
-[e] 010002ac ffffaabb 0
-[w] 010002a4 1 1e ffffaabb
-[f] 010002b4 1ddf1463
-[d] 010002b0 63 - 1e 1d 1 - 000001c8 -
-[r] 1e 1d ffffabbc ffffabbc
-[e] 010002b0 ffffabbc 0
-[w] 010002a8 1 1d ffffb000
-[f] 010002b8 00120213
-[d] 010002b4 13 04 04 - 0 - 00000001 -
-[r] 04 - ffffaabb -
-[e] 010002b0 01000478 0
-[w] 010002ac 1 1d ffffaabb
-[f] 010002bc 00200293
-[d] 010002b8 13 05 00 - 0 - 00000002 -
-[r] 00 - 00000000 -
-[e] 010002b4 00000001 0
-[f] 010002c0 fc5216e3
-[d] 010002bc 63 - 04 05 1 - ffffffcc -
-[r] 04 05 00000000 00000000
-[e] 010002b8 00000002 0
-[f] 010002c4 01100193
-[d] 010002c0 13 03 00 - 0 - 00000011 -
-[r] 00 - 00000000 -
-[e] 010002bc 01000288 1
-[w] 010002b4 1 04 00000001
-[f] 0100028c ffffb0b7
-[d] 01000288 37 01 - - - - ffffb000 -
-[r] - - - -
-[f] 01000290 abb08093
-[d] 0100028c 13 01 01 - 0 - fffffabb -
-[r] 01 - 00000000 -
-[e] 01000288 ffffb000 0
-[f] 01000298 00000117
-[d] 01000294 17 02 - - - - 00000000 -
-[r] - - - -
-[w] 01000288 1 01 ffffb000
-[f] 0100029c 23010113
-[d] 01000298 13 02 02 - 0 - 00000230 -
-[r] 02 - 00000000 -
-[e] 01000294 01000294 0
-[w] 0100028c 1 01 ffffaabb
-[f] 010002a4 00111423
-[d] 010002a0 23 - 02 01 1 - 00000008 -
-[r] 02 01 00000000 00000000
-[w] 01000294 1 02 01000294
-[f] 010002a8 00811f03
-[d] 010002a4 03 1e 02 - 1 - 00000008 -
-[r] 02 - 010004c4 -
-[e] 010002a0 010004cc 0
-[w] 01000298 1 02 010004c4
-[f] 010002a8 00811f03
-[d] 010002a4 03 1e 02 - 1 - 00000008 -
-[r] 02 - 01000294 -
-[e] 010002a4 01000294 0
-[m] 010002a0 010004cc 1 1 ffffaabb
-[f] 010002ac ffffbeb7
-[d] 010002a8 37 1d - - - - ffffb000 -
-[r] - - - -
-[e] 010002a4 010004cc 0
-[f] 010002b0 abbe8e93
-[d] 010002ac 13 1d 1d - 0 - fffffabb -
-[r] 1d - 00000000 -
-[e] 010002a8 ffffb000 0
-[f] 010002b4 1ddf1463
-[d] 010002b0 63 - 1e 1d 1 - 000001c8 -
-[r] 1e 1d ffffaabb 00000000
-[e] 010002ac ffffaabb 0
-[w] 010002a4 1 1e ffffaabb
-[f] 010002b4 1ddf1463
-[d] 010002b0 63 - 1e 1d 1 - 000001c8 -
-[r] 1e 1d ffffaabb ffffaabb
-[e] 010002b0 ffffaabb 0
-[w] 010002a8 1 1d ffffb000
-[f] 010002b8 00120213
-[d] 010002b4 13 04 04 - 0 - 00000001 -
-[r] 04 - ffffaabb -
-[e] 010002b0 01000478 0
-[w] 010002ac 1 1d ffffaabb
-[f] 010002bc 00200293
-[d] 010002b8 13 05 00 - 0 - 00000002 -
-[r] 00 - 00000001 -
-[e] 010002b4 00000002 0
-[f] 010002c0 fc5216e3
-[d] 010002bc 63 - 04 05 1 - ffffffcc -
-[r] 04 05 00000000 00000000
-[e] 010002b8 00000002 0
-[f] 010002c4 01100193
-[d] 010002c0 13 03 00 - 0 - 00000011 -
-[r] 00 - 00000001 -
-[e] 010002bc 01000288 0
-[w] 010002b4 1 04 00000002
-[f] 010002c8 00000213
-[d] 010002c4 13 04 00 - 0 - 00000000 -
-[r] 00 - 00000000 -
-[e] 010002c0 00000011 0
-[w] 010002b8 1 05 00000002
-[f] 010002cc ffffe0b7
-[d] 010002c8 37 01 - - - - ffffe000 -
-[r] - - - -
-[e] 010002c4 00000000 0
-[f] 010002d0 aab08093
-[d] 010002cc 13 01 01 - 0 - fffffaab -
-[r] 01 - 00000000 -
-[e] 010002c8 ffffe000 0
-[w] 010002c0 1 03 00000011
-[f] 010002dc 00000117
-[d] 010002d8 17 02 - - - - 00000000 -
-[r] - - - -
-[w] 010002cc 1 01 ffffdaab
-[f] 010002e0 1ec10113
-[d] 010002dc 13 02 02 - 0 - 000001ec -
-[r] 02 - 00000000 -
-[e] 010002d8 010002d8 0
-[f] 010002e4 00111523
-[d] 010002e0 23 - 02 01 1 - 0000000a -
-[r] 02 01 010004c4 00000000
-[e] 010002dc 010004c4 0
-[f] 010002e8 00a11f03
-[d] 010002e4 03 1e 02 - 1 - 0000000a -
-[r] 02 - 010004c4 -
-[e] 010002e0 010004ce 0
-[w] 010002d8 1 02 010002d8
-[f] 010002ec ffffeeb7
-[d] 010002e8 37 1d - - - - ffffe000 -
-[r] - - - -
-[e] 010002e4 010004ce 0
-[m] 010002e0 010004ce 1 1 ffffdaab
-[w] 010002dc 1 02 010004c4
-[f] 010002f0 aabe8e93
-[d] 010002ec 13 1d 1d - 0 - fffffaab -
-[r] 1d - 00000000 -
-[e] 010002e8 ffffe000 0
-[f] 010002f4 19df1463
-[d] 010002f0 63 - 1e 1d 1 - 00000188 -
-[r] 1e 1d ffffaabb 00000000
-[e] 010002ec ffffdaab 0
-[w] 010002e4 1 1e ffffdaab
-[f] 010002f4 19df1463
-[d] 010002f0 63 - 1e 1d 1 - 00000188 -
-[r] 1e 1d ffffaabb ffffaabb
-[e] 010002f0 ffffaabb 0
-[w] 010002e8 1 1d ffffe000
-[f] 010002f8 00120213
-[d] 010002f4 13 04 04 - 0 - 00000001 -
-[r] 04 - ffffdaab -
-[e] 010002f0 01000478 0
-[w] 010002ec 1 1d ffffdaab
-[f] 010002fc 00200293
-[d] 010002f8 13 05 00 - 0 - 00000002 -
-[r] 00 - 00000000 -
-[e] 010002f4 00000001 0
-[f] 01000300 fc5216e3
-[d] 010002fc 63 - 04 05 1 - ffffffcc -
-[r] 04 05 00000000 00000000
-[e] 010002f8 00000002 0
-[f] 01000304 01200193
-[d] 01000300 13 03 00 - 0 - 00000012 -
-[r] 00 - 00000000 -
-[e] 010002fc 010002c8 1
-[w] 010002f4 1 04 00000001
-[f] 010002cc ffffe0b7
-[d] 010002c8 37 01 - - - - ffffe000 -
-[r] - - - -
-[f] 010002d0 aab08093
-[d] 010002cc 13 01 01 - 0 - fffffaab -
-[r] 01 - 00000000 -
-[e] 010002c8 ffffe000 0
-[f] 010002dc 00000117
-[d] 010002d8 17 02 - - - - 00000000 -
-[r] - - - -
-[w] 010002cc 1 01 ffffdaab
-[f] 010002e0 1ec10113
-[d] 010002dc 13 02 02 - 0 - 000001ec -
-[r] 02 - 00000000 -
-[e] 010002d8 010002d8 0
-[f] 010002e4 00111523
-[d] 010002e0 23 - 02 01 1 - 0000000a -
-[r] 02 01 010004c4 00000000
-[e] 010002dc 010004c4 0
-[f] 010002e8 00a11f03
-[d] 010002e4 03 1e 02 - 1 - 0000000a -
-[r] 02 - 010004c4 -
-[e] 010002e0 010004ce 0
-[w] 010002d8 1 02 010002d8
-[f] 010002ec ffffeeb7
-[d] 010002e8 37 1d - - - - ffffe000 -
-[r] - - - -
-[e] 010002e4 010004ce 0
-[m] 010002e0 010004ce 1 1 ffffdaab
-[w] 010002dc 1 02 010004c4
-[f] 010002f0 aabe8e93
-[d] 010002ec 13 1d 1d - 0 - fffffaab -
-[r] 1d - 00000000 -
-[e] 010002e8 ffffe000 0
-[f] 010002f4 19df1463
-[d] 010002f0 63 - 1e 1d 1 - 00000188 -
-[r] 1e 1d ffffdaab 00000000
-[e] 010002ec ffffdaab 0
-[w] 010002e4 1 1e ffffdaab
-[f] 010002f4 19df1463
-[d] 010002f0 63 - 1e 1d 1 - 00000188 -
-[r] 1e 1d ffffdaab ffffdaab
-[e] 010002f0 ffffdaab 0
-[w] 010002e8 1 1d ffffe000
-[f] 010002f8 00120213
-[d] 010002f4 13 04 04 - 0 - 00000001 -
-[r] 04 - ffffdaab -
-[e] 010002f0 01000478 0
-[w] 010002ec 1 1d ffffdaab
-[f] 010002fc 00200293
-[d] 010002f8 13 05 00 - 0 - 00000002 -
-[r] 00 - 00000001 -
-[e] 010002f4 00000002 0
-[f] 01000300 fc5216e3
-[d] 010002fc 63 - 04 05 1 - ffffffcc -
-[r] 04 05 00000000 00000000
-[e] 010002f8 00000002 0
-[f] 01000304 01200193
-[d] 01000300 13 03 00 - 0 - 00000012 -
-[r] 00 - 00000001 -
-[e] 010002fc 010002c8 0
-[w] 010002f4 1 04 00000002
-[f] 01000308 00000213
-[d] 01000304 13 04 00 - 0 - 00000000 -
-[r] 00 - 00000000 -
-[e] 01000300 00000012 0
-[w] 010002f8 1 05 00000002
-[f] 0100030c 00000117
-[d] 01000308 17 02 - - - - 00000000 -
-[r] - - - -
-[e] 01000304 00000000 0
-[f] 01000310 1bc10113
-[d] 0100030c 13 02 02 - 0 - 000001bc -
-[r] 02 - 00000000 -
-[e] 01000308 01000308 0
-[w] 01000300 1 03 00000012
-[f] 01000314 000020b7
-[d] 01000310 37 01 - - - - 00002000 -
-[r] - - - -
-[e] 0100030c 010004c4 0
-[w] 01000304 1 04 00000000
-[f] 01000318 23308093
-[d] 01000314 13 01 01 - 0 - 00000233 -
-[r] 01 - 00000000 -
-[e] 01000310 00002000 0
-[w] 01000308 1 02 01000308
-[f] 0100031c 00111023
-[d] 01000318 23 - 02 01 1 - 00000000 -
-[r] 02 01 ffffdaab 00000000
-[e] 01000314 00002233 0
-[w] 0100030c 1 02 010004c4
-[f] 0100031c 00111023
-[d] 01000318 23 - 02 01 1 - 00000000 -
-[r] 02 01 01000308 ffffdaab
-[e] 01000318 01000308 0
-[w] 01000310 1 01 00002000
-[f] 01000320 00011f03
-[d] 0100031c 03 1e 02 - 1 - 00000000 -
-[r] 02 - 010004c4 -
-[e] 01000318 010004c4 0
-[w] 01000314 1 01 00002233
-[f] 01000324 00002eb7
-[d] 01000320 37 1d - - - - 00002000 -
-[r] - - - -
-[e] 0100031c 010004c4 0
-[m] 01000318 010004c4 1 1 00002233
-[f] 01000328 233e8e93
-[d] 01000324 13 1d 1d - 0 - 00000233 -
-[r] 1d - 00000000 -
-[e] 01000320 00002000 0
-[f] 0100032c 15df1863
-[d] 01000328 63 - 1e 1d 1 - 00000150 -
-[r] 1e 1d ffffdaab 00000000
-[e] 01000324 00002233 0
-[w] 0100031c 1 1e 00002233
-[f] 0100032c 15df1863
-[d] 01000328 63 - 1e 1d 1 - 00000150 -
-[r] 1e 1d ffffdaab ffffdaab
-[e] 01000328 ffffdaab 0
-[w] 01000320 1 1d 00002000
-[f] 01000330 00120213
-[d] 0100032c 13 04 04 - 0 - 00000001 -
-[r] 04 - 00002233 -
-[e] 01000328 01000478 0
-[w] 01000324 1 1d 00002233
-[f] 01000334 00200293
-[d] 01000330 13 05 00 - 0 - 00000002 -
-[r] 00 - 00000000 -
-[e] 0100032c 00000001 0
-[f] 01000338 fc521ae3
-[d] 01000334 63 - 04 05 1 - ffffffd4 -
-[r] 04 05 00000000 00000000
-[e] 01000330 00000002 0
-[f] 0100033c 01300193
-[d] 01000338 13 03 00 - 0 - 00000013 -
-[r] 00 - 00000000 -
-[e] 01000334 01000308 1
-[w] 0100032c 1 04 00000001
-[f] 0100030c 00000117
-[d] 01000308 17 02 - - - - 00000000 -
-[r] - - - -
-[f] 01000310 1bc10113
-[d] 0100030c 13 02 02 - 0 - 000001bc -
-[r] 02 - 00000000 -
-[e] 01000308 01000308 0
-[f] 01000314 000020b7
-[d] 01000310 37 01 - - - - 00002000 -
-[r] - - - -
-[e] 0100030c 010004c4 0
-[f] 01000318 23308093
-[d] 01000314 13 01 01 - 0 - 00000233 -
-[r] 01 - 00000000 -
-[e] 01000310 00002000 0
-[w] 01000308 1 02 01000308
-[f] 0100031c 00111023
-[d] 01000318 23 - 02 01 1 - 00000000 -
-[r] 02 01 00002233 00000000
-[e] 01000314 00002233 0
-[w] 0100030c 1 02 010004c4
-[f] 0100031c 00111023
-[d] 01000318 23 - 02 01 1 - 00000000 -
-[r] 02 01 01000308 00002233
-[e] 01000318 01000308 0
-[w] 01000310 1 01 00002000
-[f] 01000320 00011f03
-[d] 0100031c 03 1e 02 - 1 - 00000000 -
-[r] 02 - 010004c4 -
-[e] 01000318 010004c4 0
-[w] 01000314 1 01 00002233
-[f] 01000324 00002eb7
-[d] 01000320 37 1d - - - - 00002000 -
-[r] - - - -
-[e] 0100031c 010004c4 0
-[m] 01000318 010004c4 1 1 00002233
-[f] 01000328 233e8e93
-[d] 01000324 13 1d 1d - 0 - 00000233 -
-[r] 1d - 00000000 -
-[e] 01000320 00002000 0
-[f] 0100032c 15df1863
-[d] 01000328 63 - 1e 1d 1 - 00000150 -
-[r] 1e 1d 00002233 00000000
-[e] 01000324 00002233 0
-[w] 0100031c 1 1e 00002233
-[f] 0100032c 15df1863
-[d] 01000328 63 - 1e 1d 1 - 00000150 -
-[r] 1e 1d 00002233 00002233
-[e] 01000328 00002233 0
-[w] 01000320 1 1d 00002000
-[f] 01000330 00120213
-[d] 0100032c 13 04 04 - 0 - 00000001 -
-[r] 04 - 00002233 -
-[e] 01000328 01000478 0
-[w] 01000324 1 1d 00002233
-[f] 01000334 00200293
-[d] 01000330 13 05 00 - 0 - 00000002 -
-[r] 00 - 00000001 -
-[e] 0100032c 00000002 0
-[f] 01000338 fc521ae3
-[d] 01000334 63 - 04 05 1 - ffffffd4 -
-[r] 04 05 00000000 00000000
-[e] 01000330 00000002 0
-[f] 0100033c 01300193
-[d] 01000338 13 03 00 - 0 - 00000013 -
-[r] 00 - 00000001 -
-[e] 01000334 01000308 0
-[w] 0100032c 1 04 00000002
-[f] 01000340 00000213
-[d] 0100033c 13 04 00 - 0 - 00000000 -
-[r] 00 - 00000000 -
-[e] 01000338 00000013 0
-[w] 01000330 1 05 00000002
-[f] 01000344 00000117
-[d] 01000340 17 02 - - - - 00000000 -
-[r] - - - -
-[e] 0100033c 00000000 0
-[f] 01000348 18410113
-[d] 01000344 13 02 02 - 0 - 00000184 -
-[r] 02 - 00000000 -
-[e] 01000340 01000340 0
-[w] 01000338 1 03 00000013
-[f] 0100034c 000010b7
-[d] 01000348 37 01 - - - - 00001000 -
-[r] - - - -
-[e] 01000344 010004c4 0
-[w] 0100033c 1 04 00000000
-[f] 01000350 22308093
-[d] 0100034c 13 01 01 - 0 - 00000223 -
-[r] 01 - 00000000 -
-[e] 01000348 00001000 0
-[w] 01000340 1 02 01000340
-[f] 01000358 00111123
-[d] 01000354 23 - 02 01 1 - 00000002 -
-[r] 02 01 00000000 00000000
-[w] 01000348 1 01 00001000
-[f] 0100035c 00211f03
-[d] 01000358 03 1e 02 - 1 - 00000002 -
-[r] 02 - 010004c4 -
-[e] 01000354 010004c6 0
-[w] 0100034c 1 01 00001223
-[f] 01000360 00001eb7
-[d] 0100035c 37 1d - - - - 00001000 -
-[r] - - - -
-[e] 01000358 010004c6 0
-[m] 01000354 010004c6 1 1 00001223
-[f] 01000364 223e8e93
-[d] 01000360 13 1d 1d - 0 - 00000223 -
-[r] 1d - 00000000 -
-[e] 0100035c 00001000 0
-[f] 01000368 11df1a63
-[d] 01000364 63 - 1e 1d 1 - 00000114 -
-[r] 1e 1d 00002233 00000000
-[e] 01000360 00001223 0
-[w] 01000358 1 1e 00001223
-[f] 01000368 11df1a63
-[d] 01000364 63 - 1e 1d 1 - 00000114 -
-[r] 1e 1d 00002233 00002233
-[e] 01000364 00002233 0
-[w] 0100035c 1 1d 00001000
-[f] 0100036c 00120213
-[d] 01000368 13 04 04 - 0 - 00000001 -
-[r] 04 - 00001223 -
-[e] 01000364 01000478 0
-[w] 01000360 1 1d 00001223
-[f] 01000370 00200293
-[d] 0100036c 13 05 00 - 0 - 00000002 -
-[r] 00 - 00000000 -
-[e] 01000368 00000001 0
-[f] 01000374 fc5218e3
-[d] 01000370 63 - 04 05 1 - ffffffd0 -
-[r] 04 05 00000000 00000000
-[e] 0100036c 00000002 0
-[f] 01000378 01400193
-[d] 01000374 13 03 00 - 0 - 00000014 -
-[r] 00 - 00000000 -
-[e] 01000370 01000340 1
-[w] 01000368 1 04 00000001
-[f] 01000344 00000117
-[d] 01000340 17 02 - - - - 00000000 -
-[r] - - - -
-[f] 01000348 18410113
-[d] 01000344 13 02 02 - 0 - 00000184 -
-[r] 02 - 00000000 -
-[e] 01000340 01000340 0
-[f] 0100034c 000010b7
-[d] 01000348 37 01 - - - - 00001000 -
-[r] - - - -
-[e] 01000344 010004c4 0
-[f] 01000350 22308093
-[d] 0100034c 13 01 01 - 0 - 00000223 -
-[r] 01 - 00000000 -
-[e] 01000348 00001000 0
-[w] 01000340 1 02 01000340
-[f] 01000358 00111123
-[d] 01000354 23 - 02 01 1 - 00000002 -
-[r] 02 01 00000000 00000000
-[w] 01000348 1 01 00001000
-[f] 0100035c 00211f03
-[d] 01000358 03 1e 02 - 1 - 00000002 -
-[r] 02 - 010004c4 -
-[e] 01000354 010004c6 0
-[w] 0100034c 1 01 00001223
-[f] 01000360 00001eb7
-[d] 0100035c 37 1d - - - - 00001000 -
-[r] - - - -
-[e] 01000358 010004c6 0
-[m] 01000354 010004c6 1 1 00001223
-[f] 01000364 223e8e93
-[d] 01000360 13 1d 1d - 0 - 00000223 -
-[r] 1d - 00000000 -
-[e] 0100035c 00001000 0
-[f] 01000368 11df1a63
-[d] 01000364 63 - 1e 1d 1 - 00000114 -
-[r] 1e 1d 00001223 00000000
-[e] 01000360 00001223 0
-[w] 01000358 1 1e 00001223
-[f] 01000368 11df1a63
-[d] 01000364 63 - 1e 1d 1 - 00000114 -
-[r] 1e 1d 00001223 00001223
-[e] 01000364 00001223 0
-[w] 0100035c 1 1d 00001000
-[f] 0100036c 00120213
-[d] 01000368 13 04 04 - 0 - 00000001 -
-[r] 04 - 00001223 -
-[e] 01000364 01000478 0
-[w] 01000360 1 1d 00001223
-[f] 01000370 00200293
-[d] 0100036c 13 05 00 - 0 - 00000002 -
-[r] 00 - 00000001 -
-[e] 01000368 00000002 0
-[f] 01000374 fc5218e3
-[d] 01000370 63 - 04 05 1 - ffffffd0 -
-[r] 04 05 00000000 00000000
-[e] 0100036c 00000002 0
-[f] 01000378 01400193
-[d] 01000374 13 03 00 - 0 - 00000014 -
-[r] 00 - 00000001 -
-[e] 01000370 01000340 0
-[w] 01000368 1 04 00000002
-[f] 0100037c 00000213
-[d] 01000378 13 04 00 - 0 - 00000000 -
-[r] 00 - 00000000 -
-[e] 01000374 00000014 0
-[w] 0100036c 1 05 00000002
-[f] 01000380 00000117
-[d] 0100037c 17 02 - - - - 00000000 -
-[r] - - - -
-[e] 01000378 00000000 0
-[f] 01000384 14810113
-[d] 01000380 13 02 02 - 0 - 00000148 -
-[r] 02 - 00000000 -
-[e] 0100037c 0100037c 0
-[w] 01000374 1 03 00000014
-[f] 01000388 000010b7
-[d] 01000384 37 01 - - - - 00001000 -
-[r] - - - -
-[e] 01000380 010004c4 0
-[w] 01000378 1 04 00000000
-[f] 0100038c 12208093
-[d] 01000388 13 01 01 - 0 - 00000122 -
-[r] 01 - 00000000 -
-[e] 01000384 00001000 0
-[w] 0100037c 1 02 0100037c
-[f] 01000398 00111223
-[d] 01000394 23 - 02 01 1 - 00000004 -
-[r] 02 01 00000000 00000000
-[w] 01000388 1 01 00001122
-[f] 01000398 00111223
-[d] 01000394 23 - 02 01 1 - 00000004 -
-[r] 02 01 010004c4 00001000
-[e] 01000394 010004c4 0
-[f] 0100039c 00411f03
-[d] 01000398 03 1e 02 - 1 - 00000004 -
-[r] 02 - 010004c4 -
-[e] 01000394 010004c8 0
-[f] 010003a0 00001eb7
-[d] 0100039c 37 1d - - - - 00001000 -
-[r] - - - -
-[e] 01000398 010004c8 0
-[m] 01000394 010004c8 1 1 00001122
-[f] 010003a4 122e8e93
-[d] 010003a0 13 1d 1d - 0 - 00000122 -
-[r] 1d - 00000000 -
-[e] 0100039c 00001000 0
-[f] 010003a8 0ddf1a63
-[d] 010003a4 63 - 1e 1d 1 - 000000d4 -
-[r] 1e 1d 00001223 00000000
-[e] 010003a0 00001122 0
-[w] 01000398 1 1e 00001122
-[f] 010003a8 0ddf1a63
-[d] 010003a4 63 - 1e 1d 1 - 000000d4 -
-[r] 1e 1d 00001223 00001223
-[e] 010003a4 00001223 0
-[w] 0100039c 1 1d 00001000
-[f] 010003ac 00120213
-[d] 010003a8 13 04 04 - 0 - 00000001 -
-[r] 04 - 00001122 -
-[e] 010003a4 01000478 0
-[w] 010003a0 1 1d 00001122
-[f] 010003b0 00200293
-[d] 010003ac 13 05 00 - 0 - 00000002 -
-[r] 00 - 00000000 -
-[e] 010003a8 00000001 0
-[f] 010003b4 fc5216e3
-[d] 010003b0 63 - 04 05 1 - ffffffcc -
-[r] 04 05 00000000 00000000
-[e] 010003ac 00000002 0
-[f] 010003b8 01500193
-[d] 010003b4 13 03 00 - 0 - 00000015 -
-[r] 00 - 00000000 -
-[e] 010003b0 0100037c 1
-[w] 010003a8 1 04 00000001
-[f] 01000380 00000117
-[d] 0100037c 17 02 - - - - 00000000 -
-[r] - - - -
-[f] 01000384 14810113
-[d] 01000380 13 02 02 - 0 - 00000148 -
-[r] 02 - 00000000 -
-[e] 0100037c 0100037c 0
-[f] 01000388 000010b7
-[d] 01000384 37 01 - - - - 00001000 -
-[r] - - - -
-[e] 01000380 010004c4 0
-[f] 0100038c 12208093
-[d] 01000388 13 01 01 - 0 - 00000122 -
-[r] 01 - 00000000 -
-[e] 01000384 00001000 0
-[w] 0100037c 1 02 0100037c
-[f] 01000398 00111223
-[d] 01000394 23 - 02 01 1 - 00000004 -
-[r] 02 01 00000000 00000000
-[w] 01000388 1 01 00001122
-[f] 01000398 00111223
-[d] 01000394 23 - 02 01 1 - 00000004 -
-[r] 02 01 010004c4 00001000
-[e] 01000394 010004c4 0
-[f] 0100039c 00411f03
-[d] 01000398 03 1e 02 - 1 - 00000004 -
-[r] 02 - 010004c4 -
-[e] 01000394 010004c8 0
-[f] 010003a0 00001eb7
-[d] 0100039c 37 1d - - - - 00001000 -
-[r] - - - -
-[e] 01000398 010004c8 0
-[m] 01000394 010004c8 1 1 00001122
-[f] 010003a4 122e8e93
-[d] 010003a0 13 1d 1d - 0 - 00000122 -
-[r] 1d - 00000000 -
-[e] 0100039c 00001000 0
-[f] 010003a8 0ddf1a63
-[d] 010003a4 63 - 1e 1d 1 - 000000d4 -
-[r] 1e 1d 00001122 00000000
-[e] 010003a0 00001122 0
-[w] 01000398 1 1e 00001122
-[f] 010003a8 0ddf1a63
-[d] 010003a4 63 - 1e 1d 1 - 000000d4 -
-[r] 1e 1d 00001122 00001122
-[e] 010003a4 00001122 0
-[w] 0100039c 1 1d 00001000
-[f] 010003ac 00120213
-[d] 010003a8 13 04 04 - 0 - 00000001 -
-[r] 04 - 00001122 -
-[e] 010003a4 01000478 0
-[w] 010003a0 1 1d 00001122
-[f] 010003b0 00200293
-[d] 010003ac 13 05 00 - 0 - 00000002 -
-[r] 00 - 00000001 -
-[e] 010003a8 00000002 0
-[f] 010003b4 fc5216e3
-[d] 010003b0 63 - 04 05 1 - ffffffcc -
-[r] 04 05 00000000 00000000
-[e] 010003ac 00000002 0
-[f] 010003b8 01500193
-[d] 010003b4 13 03 00 - 0 - 00000015 -
-[r] 00 - 00000001 -
-[e] 010003b0 0100037c 0
-[w] 010003a8 1 04 00000002
-[f] 010003bc 00000213
-[d] 010003b8 13 04 00 - 0 - 00000000 -
-[r] 00 - 00000000 -
-[e] 010003b4 00000015 0
-[w] 010003ac 1 05 00000002
-[f] 010003c0 00000117
-[d] 010003bc 17 02 - - - - 00000000 -
-[r] - - - -
-[e] 010003b8 00000000 0
-[f] 010003c4 10810113
-[d] 010003c0 13 02 02 - 0 - 00000108 -
-[r] 02 - 00000000 -
-[e] 010003bc 010003bc 0
-[w] 010003b4 1 03 00000015
-[f] 010003cc 11200093
-[d] 010003c8 13 01 00 - 0 - 00000112 -
-[r] 00 - 00000000 -
-[w] 010003bc 1 02 010003bc
-[f] 010003d0 00111323
-[d] 010003cc 23 - 02 01 1 - 00000006 -
-[r] 02 01 00000000 00000000
-[e] 010003c8 00000112 0
-[w] 010003c0 1 02 010004c4
-[f] 010003d0 00111323
-[d] 010003cc 23 - 02 01 1 - 00000006 -
-[r] 02 01 010003bc 00001122
-[e] 010003cc 010003bc 0
-[f] 010003d4 00611f03
-[d] 010003d0 03 1e 02 - 1 - 00000006 -
-[r] 02 - 010004c4 -
-[e] 010003cc 010004ca 0
-[w] 010003c8 1 01 00000112
-[f] 010003d8 11200e93
-[d] 010003d4 13 1d 00 - 0 - 00000112 -
-[r] 00 - 010004c4 -
-[e] 010003d0 010004ca 0
-[m] 010003cc 010004ca 1 1 00000112
-[f] 010003dc 0bdf1063
-[d] 010003d8 63 - 1e 1d 1 - 000000a0 -
-[r] 1e 1d 00000000 00000000
-[e] 010003d4 00000112 0
-[f] 010003e0 00120213
-[d] 010003dc 13 04 04 - 0 - 00000001 -
-[r] 04 - 00001122 -
-[e] 010003d8 01000478 0
-[w] 010003d0 1 1e 00000112
-[f] 010003e4 00200293
-[d] 010003e0 13 05 00 - 0 - 00000002 -
-[r] 00 - 00000000 -
-[e] 010003dc 00000001 0
-[w] 010003d4 1 1d 00000112
-[f] 010003e8 fc521ce3
-[d] 010003e4 63 - 04 05 1 - ffffffd8 -
-[r] 04 05 00000000 00000000
-[e] 010003e0 00000002 0
-[f] 010003ec 01600193
-[d] 010003e8 13 03 00 - 0 - 00000016 -
-[r] 00 - 00000000 -
-[e] 010003e4 010003bc 1
-[w] 010003dc 1 04 00000001
-[f] 010003c0 00000117
-[d] 010003bc 17 02 - - - - 00000000 -
-[r] - - - -
-[f] 010003c4 10810113
-[d] 010003c0 13 02 02 - 0 - 00000108 -
-[r] 02 - 00000000 -
-[e] 010003bc 010003bc 0
-[f] 010003cc 11200093
-[d] 010003c8 13 01 00 - 0 - 00000112 -
-[r] 00 - 00000000 -
-[w] 010003bc 1 02 010003bc
-[f] 010003d0 00111323
-[d] 010003cc 23 - 02 01 1 - 00000006 -
-[r] 02 01 00000000 00000000
-[e] 010003c8 00000112 0
-[w] 010003c0 1 02 010004c4
-[f] 010003d0 00111323
-[d] 010003cc 23 - 02 01 1 - 00000006 -
-[r] 02 01 010003bc 00000112
-[e] 010003cc 010003bc 0
-[f] 010003d4 00611f03
-[d] 010003d0 03 1e 02 - 1 - 00000006 -
-[r] 02 - 010004c4 -
-[e] 010003cc 010004ca 0
-[w] 010003c8 1 01 00000112
-[f] 010003d8 11200e93
-[d] 010003d4 13 1d 00 - 0 - 00000112 -
-[r] 00 - 010004c4 -
-[e] 010003d0 010004ca 0
-[m] 010003cc 010004ca 1 1 00000112
-[f] 010003dc 0bdf1063
-[d] 010003d8 63 - 1e 1d 1 - 000000a0 -
-[r] 1e 1d 00000000 00000000
-[e] 010003d4 00000112 0
-[f] 010003e0 00120213
-[d] 010003dc 13 04 04 - 0 - 00000001 -
-[r] 04 - 00000112 -
-[e] 010003d8 01000478 0
-[w] 010003d0 1 1e 00000112
-[f] 010003e4 00200293
-[d] 010003e0 13 05 00 - 0 - 00000002 -
-[r] 00 - 00000001 -
-[e] 010003dc 00000002 0
-[w] 010003d4 1 1d 00000112
-[f] 010003e8 fc521ce3
-[d] 010003e4 63 - 04 05 1 - ffffffd8 -
-[r] 04 05 00000000 00000000
-[e] 010003e0 00000002 0
-[f] 010003ec 01600193
-[d] 010003e8 13 03 00 - 0 - 00000016 -
-[r] 00 - 00000001 -
-[e] 010003e4 010003bc 0
-[w] 010003dc 1 04 00000002
-[f] 010003f0 00000213
-[d] 010003ec 13 04 00 - 0 - 00000000 -
-[r] 00 - 00000000 -
-[e] 010003e8 00000016 0
-[w] 010003e0 1 05 00000002
-[f] 010003f4 00000117
-[d] 010003f0 17 02 - - - - 00000000 -
-[r] - - - -
-[e] 010003ec 00000000 0
-[f] 010003f8 0d410113
-[d] 010003f4 13 02 02 - 0 - 000000d4 -
-[r] 02 - 00000000 -
-[e] 010003f0 010003f0 0
-[w] 010003e8 1 03 00000016
-[f] 01000400 01100093
-[d] 010003fc 13 01 00 - 0 - 00000011 -
-[r] 00 - 00000000 -
-[w] 010003f0 1 02 010003f0
-[f] 01000408 00111423
-[d] 01000404 23 - 02 01 1 - 00000008 -
-[r] 02 01 00000000 00000000
-[f] 0100040c 00811f03
-[d] 01000408 03 1e 02 - 1 - 00000008 -
-[r] 02 - 010004c4 -
-[e] 01000404 010004cc 0
-[w] 010003fc 1 01 00000011
-[f] 01000410 01100e93
-[d] 0100040c 13 1d 00 - 0 - 00000011 -
-[r] 00 - 010004c4 -
-[e] 01000408 010004cc 0
-[m] 01000404 010004cc 1 1 00000011
-[f] 01000414 07df1463
-[d] 01000410 63 - 1e 1d 1 - 00000068 -
-[r] 1e 1d 00000000 00000000
-[e] 0100040c 00000011 0
-[f] 01000418 00120213
-[d] 01000414 13 04 04 - 0 - 00000001 -
-[r] 04 - 00000112 -
-[e] 01000410 01000478 0
-[w] 01000408 1 1e 00000011
-[f] 0100041c 00200293
-[d] 01000418 13 05 00 - 0 - 00000002 -
-[r] 00 - 00000000 -
-[e] 01000414 00000001 0
-[w] 0100040c 1 1d 00000011
-[f] 01000420 fc521ae3
-[d] 0100041c 63 - 04 05 1 - ffffffd4 -
-[r] 04 05 00000000 00000000
-[e] 01000418 00000002 0
-[f] 01000424 01700193
-[d] 01000420 13 03 00 - 0 - 00000017 -
-[r] 00 - 00000000 -
-[e] 0100041c 010003f0 1
-[w] 01000414 1 04 00000001
-[f] 010003f4 00000117
-[d] 010003f0 17 02 - - - - 00000000 -
-[r] - - - -
-[f] 010003f8 0d410113
-[d] 010003f4 13 02 02 - 0 - 000000d4 -
-[r] 02 - 00000000 -
-[e] 010003f0 010003f0 0
-[f] 01000400 01100093
-[d] 010003fc 13 01 00 - 0 - 00000011 -
-[r] 00 - 00000000 -
-[w] 010003f0 1 02 010003f0
-[f] 01000408 00111423
-[d] 01000404 23 - 02 01 1 - 00000008 -
-[r] 02 01 00000000 00000000
-[f] 0100040c 00811f03
-[d] 01000408 03 1e 02 - 1 - 00000008 -
-[r] 02 - 010004c4 -
-[e] 01000404 010004cc 0
-[w] 010003fc 1 01 00000011
-[f] 01000410 01100e93
-[d] 0100040c 13 1d 00 - 0 - 00000011 -
-[r] 00 - 010004c4 -
-[e] 01000408 010004cc 0
-[m] 01000404 010004cc 1 1 00000011
-[f] 01000414 07df1463
-[d] 01000410 63 - 1e 1d 1 - 00000068 -
-[r] 1e 1d 00000000 00000000
-[e] 0100040c 00000011 0
-[f] 01000418 00120213
-[d] 01000414 13 04 04 - 0 - 00000001 -
-[r] 04 - 00000011 -
-[e] 01000410 01000478 0
-[w] 01000408 1 1e 00000011
-[f] 0100041c 00200293
-[d] 01000418 13 05 00 - 0 - 00000002 -
-[r] 00 - 00000001 -
-[e] 01000414 00000002 0
-[w] 0100040c 1 1d 00000011
-[f] 01000420 fc521ae3
-[d] 0100041c 63 - 04 05 1 - ffffffd4 -
-[r] 04 05 00000000 00000000
-[e] 01000418 00000002 0
-[f] 01000424 01700193
-[d] 01000420 13 03 00 - 0 - 00000017 -
-[r] 00 - 00000001 -
-[e] 0100041c 010003f0 0
-[w] 01000414 1 04 00000002
-[f] 01000428 00000213
-[d] 01000424 13 04 00 - 0 - 00000000 -
-[r] 00 - 00000000 -
-[e] 01000420 00000017 0
-[w] 01000418 1 05 00000002
-[f] 0100042c 00000117
-[d] 01000428 17 02 - - - - 00000000 -
-[r] - - - -
-[e] 01000424 00000000 0
-[f] 01000430 09c10113
-[d] 0100042c 13 02 02 - 0 - 0000009c -
-[r] 02 - 00000000 -
-[e] 01000428 01000428 0
-[w] 01000420 1 03 00000017
-[f] 0100043c 000030b7
-[d] 01000438 37 01 - - - - 00003000 -
-[r] - - - -
-[w] 0100042c 1 02 010004c4
-[f] 01000440 00108093
-[d] 0100043c 13 01 01 - 0 - 00000001 -
-[r] 01 - 00000000 -
-[e] 01000438 00003000 0
-[f] 01000444 00111523
-[d] 01000440 23 - 02 01 1 - 0000000a -
-[r] 02 01 00000011 00000000
-[e] 0100043c 00003001 0
-[f] 01000448 00a11f03
-[d] 01000444 03 1e 02 - 1 - 0000000a -
-[r] 02 - 010004c4 -
-[e] 01000440 010004ce 0
-[w] 01000438 1 01 00003000
-[f] 0100044c 00003eb7
-[d] 01000448 37 1d - - - - 00003000 -
-[r] - - - -
-[e] 01000444 010004ce 0
-[m] 01000440 010004ce 1 1 00003001
-[w] 0100043c 1 01 00003001
-[f] 01000450 001e8e93
-[d] 0100044c 13 1d 1d - 0 - 00000001 -
-[r] 1d - 00000000 -
-[e] 01000448 00003000 0
-[f] 01000454 03df1463
-[d] 01000450 63 - 1e 1d 1 - 00000028 -
-[r] 1e 1d 00000011 00000000
-[e] 0100044c 00003001 0
-[w] 01000444 1 1e 00003001
-[f] 01000454 03df1463
-[d] 01000450 63 - 1e 1d 1 - 00000028 -
-[r] 1e 1d 00000011 00000011
-[e] 01000450 00000011 0
-[w] 01000448 1 1d 00003000
-[f] 01000458 00120213
-[d] 01000454 13 04 04 - 0 - 00000001 -
-[r] 04 - 00003001 -
-[e] 01000450 01000478 0
-[w] 0100044c 1 1d 00003001
-[f] 0100045c 00200293
-[d] 01000458 13 05 00 - 0 - 00000002 -
-[r] 00 - 00000000 -
-[e] 01000454 00000001 0
-[f] 01000460 fc5216e3
-[d] 0100045c 63 - 04 05 1 - ffffffcc -
-[r] 04 05 00000000 00000000
-[e] 01000458 00000002 0
-[f] 01000464 0000c537
-[d] 01000460 37 0a - - - - 0000c000 -
-[r] - - - -
-[e] 0100045c 01000428 1
-[w] 01000454 1 04 00000001
-[f] 0100042c 00000117
-[d] 01000428 17 02 - - - - 00000000 -
-[r] - - - -
-[f] 01000430 09c10113
-[d] 0100042c 13 02 02 - 0 - 0000009c -
-[r] 02 - 00000000 -
-[e] 01000428 01000428 0
-[f] 0100043c 000030b7
-[d] 01000438 37 01 - - - - 00003000 -
-[r] - - - -
-[w] 0100042c 1 02 010004c4
-[f] 01000440 00108093
-[d] 0100043c 13 01 01 - 0 - 00000001 -
-[r] 01 - 00000000 -
-[e] 01000438 00003000 0
-[f] 01000444 00111523
-[d] 01000440 23 - 02 01 1 - 0000000a -
-[r] 02 01 00003001 00000000
-[e] 0100043c 00003001 0
-[f] 01000448 00a11f03
-[d] 01000444 03 1e 02 - 1 - 0000000a -
-[r] 02 - 010004c4 -
-[e] 01000440 010004ce 0
-[w] 01000438 1 01 00003000
-[f] 0100044c 00003eb7
-[d] 01000448 37 1d - - - - 00003000 -
-[r] - - - -
-[e] 01000444 010004ce 0
-[m] 01000440 010004ce 1 1 00003001
-[w] 0100043c 1 01 00003001
-[f] 01000450 001e8e93
-[d] 0100044c 13 1d 1d - 0 - 00000001 -
-[r] 1d - 00000000 -
-[e] 01000448 00003000 0
-[f] 01000454 03df1463
-[d] 01000450 63 - 1e 1d 1 - 00000028 -
-[r] 1e 1d 00003001 00000000
-[e] 0100044c 00003001 0
-[w] 01000444 1 1e 00003001
-[f] 01000454 03df1463
-[d] 01000450 63 - 1e 1d 1 - 00000028 -
-[r] 1e 1d 00003001 00003001
-[e] 01000450 00003001 0
-[w] 01000448 1 1d 00003000
-[f] 01000458 00120213
-[d] 01000454 13 04 04 - 0 - 00000001 -
-[r] 04 - 00003001 -
-[e] 01000450 01000478 0
-[w] 0100044c 1 1d 00003001
-[f] 0100045c 00200293
-[d] 01000458 13 05 00 - 0 - 00000002 -
-[r] 00 - 00000001 -
-[e] 01000454 00000002 0
-[f] 01000460 fc5216e3
-[d] 0100045c 63 - 04 05 1 - ffffffcc -
-[r] 04 05 00000000 00000000
-[e] 01000458 00000002 0
-[f] 01000464 0000c537
-[d] 01000460 37 0a - - - - 0000c000 -
-[r] - - - -
-[e] 0100045c 01000428 0
-[w] 01000454 1 04 00000002
-[f] 01000468 eef50513
-[d] 01000464 13 0a 0a - 0 - fffffeef -
-[r] 0a - 00000000 -
-[e] 01000460 0000c000 0
-[w] 01000458 1 05 00000002
-[f] 0100046c 00000597
-[d] 01000468 17 0b - - - - 00000000 -
-[r] - - - -
-[e] 01000464 0000beef 0
-[f] 01000470 05c58593
-[d] 0100046c 13 0b 0b - 0 - 0000005c -
-[r] 0b - 00000000 -
-[e] 01000468 01000468 0
-[w] 01000460 1 0a 0000c000
-[f] 01000474 00a59323
-[d] 01000470 23 - 0b 0a 1 - 00000006 -
-[r] 0b 0a 00000000 00000000
-[e] 0100046c 010004c4 0
-[w] 01000464 1 0a 0000beef
-[f] 01000474 00a59323
-[d] 01000470 23 - 0b 0a 1 - 00000006 -
-[r] 0b 0a 00000000 0000c000
-[e] 01000470 00000000 0
-[w] 01000468 1 0b 01000468
-[f] 01000478 00301c63
-[d] 01000474 63 - 00 03 1 - 00000018 -
-[r] 00 03 00000000 0000beef
-[e] 01000470 010004ca 0
-[w] 0100046c 1 0b 010004c4
-[f] 01000494 00100193
-[d] 01000490 13 03 00 - 0 - 00000001 -
-[r] 00 - 00000000 -
-[e] 0100048c 00000000 0
+[e] 01000020 0100047c 1
+[f] 01000480 00018063
+[d] 0100047c 37 02 - - - - ffffb000 -
+[r] - - - -
+[f] 01000484 00119193
+[d] 01000480 63 - 03 00 0 - 00000000 -
+[r] 03 00 00000000 00000000
+[e] 0100047c ffffb000 0
+[f] 01000488 0011e193
+[d] 01000484 13 03 03 - 1 - 00000000 -
+[r] 03 - 00000002 -
+[e] 01000480 01000480 1
