--- /tmp/tmp.wScFJ60XD3	2025-11-28 17:09:54.620379072 -0500
+++ /tmp/tmp.3musf3WT2c	2025-11-28 17:09:54.628379108 -0500
@@ -1,2065 +1,79 @@
-[f] 01000004 ff0100b7
-[d] 01000000 37 01 - - - - ff010000 -
-[r] - - - -
 [f] 01000008 f0008093
-[d] 01000004 13 01 01 - 0 - ffffff00 -
-[r] 01 - 00000000 -
-[e] 01000000 ff010000 0
-[f] 0100000c 0f0f1137
-[d] 01000008 37 02 - - - - 0f0f1000 -
-[r] - - - -
-[e] 01000004 ff00ff00 0
-[f] 01000010 f0f10113
-[d] 0100000c 13 02 02 - 0 - ffffff0f -
-[r] 02 - 00000000 -
-[e] 01000008 0f0f1000 0
-[w] 01000000 1 01 ff010000
-[f] 01000014 0020ef33
-[d] 01000010 33 1e 01 02 6 00 - -
-[r] 01 02 01100000 00000000
-[e] 0100000c 0f0f0f0f 0
-[w] 01000004 1 01 ff00ff00
-[f] 01000014 0020ef33
-[d] 01000010 33 1e 01 02 6 00 - -
-[r] 01 02 ff010000 01100000
-[e] 01000010 ff010000 0
-[w] 01000008 1 02 0f0f1000
-[f] 01000018 ff100eb7
-[d] 01000014 37 1d - - - - ff100000 -
-[r] - - - -
-[e] 01000010 ff0fff0f 0
-[w] 0100000c 1 02 0f0f0f0f
-[f] 0100001c f0fe8e93
-[d] 01000018 13 1d 1d - 0 - ffffff0f -
-[r] 1d - 00000000 -
-[e] 01000014 ff100000 0
-[f] 01000020 00200193
-[d] 0100001c 13 03 00 - 0 - 00000002 -
-[r] 00 - 00000000 -
-[e] 01000018 ff0fff0f 0
-[w] 01000010 1 1e ff0fff0f
-[f] 01000024 4bdf1263
-[d] 01000020 63 - 1e 1d 1 - 000004a4 -
-[r] 1e 1d 00000000 00000000
-[e] 0100001c 00000002 0
-[w] 01000014 1 1d ff100000
-[f] 01000028 0ff010b7
-[d] 01000024 37 01 - - - - 0ff01000 -
-[r] - - - -
-[e] 01000020 010004c4 0
-[w] 01000018 1 1d ff0fff0f
-[f] 0100002c ff008093
-[d] 01000028 13 01 01 - 0 - fffffff0 -
-[r] 01 - 00000000 -
-[e] 01000024 0ff01000 0
-[w] 0100001c 1 03 00000002
-[f] 01000030 f0f0f137
-[d] 0100002c 37 02 - - - - f0f0f000 -
-[r] - - - -
-[e] 01000028 0ff00ff0 0
-[f] 01000034 0f010113
-[d] 01000030 13 02 02 - 0 - 000000f0 -
-[r] 02 - 00000000 -
-[e] 0100002c f0f0f000 1
-[w] 01000024 1 01 0ff01000
-[f] 01000038 0020ef33
-[d] 01000034 33 1e 01 02 6 00 - -
-[r] 01 02 0f0f0f0f 00000000
-[e] 01000030 f0f0f0f0 0
-[w] 01000028 1 01 0ff00ff0
-[f] 01000038 0020ef33
-[d] 01000034 33 1e 01 02 6 00 - -
-[r] 01 02 0ff01000 0f0f0f0f
-[e] 01000034 0ff01000 0
-[w] 0100002c 1 02 f0f0f000
-[f] 0100003c fff10eb7
-[d] 01000038 37 1d - - - - fff10000 -
-[r] - - - -
-[e] 01000034 fff0fff0 1
-[w] 01000030 1 02 f0f0f0f0
-[f] 01000040 ff0e8e93
-[d] 0100003c 13 1d 1d - 0 - fffffff0 -
-[r] 1d - 00000000 -
-[e] 01000038 fff10000 0
-[f] 01000044 00300193
-[d] 01000040 13 03 00 - 0 - 00000003 -
-[r] 00 - ff0fff0f -
-[e] 0100003c fff0fff0 0
-[w] 01000034 1 1e fff0fff0
-[f] 01000048 49df1063
-[d] 01000044 63 - 1e 1d 1 - 00000480 -
-[r] 1e 1d 00000000 00000000
-[e] 01000040 00000003 0
-[w] 01000038 1 1d fff10000
-[f] 0100004c 00ff00b7
-[d] 01000048 37 01 - - - - 00ff0000 -
-[r] - - - -
-[e] 01000044 010004c4 0
-[w] 0100003c 1 1d fff0fff0
-[f] 01000050 0ff08093
-[d] 0100004c 13 01 01 - 0 - 000000ff -
-[r] 01 - 00000000 -
-[e] 01000048 00ff0000 0
-[w] 01000040 1 03 00000003
-[f] 01000054 0f0f1137
-[d] 01000050 37 02 - - - - 0f0f1000 -
-[r] - - - -
-[e] 0100004c 00ff00ff 0
-[f] 01000058 f0f10113
-[d] 01000054 13 02 02 - 0 - ffffff0f -
-[r] 02 - 00000000 -
-[e] 01000050 0f0f1000 0
-[w] 01000048 1 01 00ff0000
-[f] 0100005c 0020ef33
-[d] 01000058 33 1e 01 02 6 00 - -
-[r] 01 02 f0f0f0f0 00000000
-[e] 01000054 0f0f0f0f 0
-[w] 0100004c 1 01 00ff00ff
-[f] 0100005c 0020ef33
-[d] 01000058 33 1e 01 02 6 00 - -
-[r] 01 02 00ff0000 f0f0f0f0
-[e] 01000058 00ff0000 0
-[w] 01000050 1 02 0f0f1000
-[f] 01000060 0fff1eb7
-[d] 0100005c 37 1d - - - - 0fff1000 -
-[r] - - - -
-[e] 01000058 0fff0fff 1
-[w] 01000054 1 02 0f0f0f0f
-[f] 01000064 fffe8e93
-[d] 01000060 13 1d 1d - 0 - ffffffff -
-[r] 1d - 00000000 -
-[e] 0100005c 0fff1000 0
-[f] 01000068 00400193
-[d] 01000064 13 03 00 - 0 - 00000004 -
-[r] 00 - fff0fff0 -
-[e] 01000060 0fff0fff 0
-[w] 01000058 1 1e 0fff0fff
-[f] 0100006c 45df1e63
-[d] 01000068 63 - 1e 1d 1 - 0000045c -
-[r] 1e 1d 00000000 00000000
-[e] 01000064 00000004 0
-[w] 0100005c 1 1d 0fff1000
-[f] 01000070 f00ff0b7
-[d] 0100006c 37 01 - - - - f00ff000 -
-[r] - - - -
-[e] 01000068 010004c4 0
-[w] 01000060 1 1d 0fff0fff
-[f] 01000074 00f08093
-[d] 01000070 13 01 01 - 0 - 0000000f -
-[r] 01 - 00000000 -
-[e] 0100006c f00ff000 1
-[w] 01000064 1 03 00000004
-[f] 01000078 f0f0f137
-[d] 01000074 37 02 - - - - f0f0f000 -
-[r] - - - -
-[e] 01000070 f00ff00f 0
-[f] 0100007c 0f010113
-[d] 01000078 13 02 02 - 0 - 000000f0 -
-[r] 02 - 00000000 -
-[e] 01000074 f0f0f000 1
-[w] 0100006c 1 01 f00ff000
-[f] 01000080 0020ef33
-[d] 0100007c 33 1e 01 02 6 00 - -
-[r] 01 02 0f0f0f0f 00000000
-[e] 01000078 f0f0f0f0 0
-[w] 01000070 1 01 f00ff00f
-[f] 01000080 0020ef33
-[d] 0100007c 33 1e 01 02 6 00 - -
-[r] 01 02 f00ff000 0f0f0f0f
-[e] 0100007c f00ff000 0
-[w] 01000074 1 02 f0f0f000
-[f] 01000084 f0fffeb7
-[d] 01000080 37 1d - - - - f0fff000 -
-[r] - - - -
-[e] 0100007c f0fff0ff 1
-[w] 01000078 1 02 f0f0f0f0
-[f] 01000088 0ffe8e93
-[d] 01000084 13 1d 1d - 0 - 000000ff -
-[r] 1d - 00000000 -
-[e] 01000080 f0fff000 1
-[f] 0100008c 00500193
-[d] 01000088 13 03 00 - 0 - 00000005 -
-[r] 00 - 0fff0fff -
-[e] 01000084 f0fff0ff 0
-[w] 0100007c 1 1e f0fff0ff
-[f] 01000090 43df1c63
-[d] 0100008c 63 - 1e 1d 1 - 00000438 -
-[r] 1e 1d 00000000 00000000
-[e] 01000088 00000005 0
-[w] 01000080 1 1d f0fff000
-[f] 01000094 ff0100b7
-[d] 01000090 37 01 - - - - ff010000 -
-[r] - - - -
-[e] 0100008c 010004c4 0
-[w] 01000084 1 1d f0fff0ff
-[f] 01000098 f0008093
-[d] 01000094 13 01 01 - 0 - ffffff00 -
-[r] 01 - 00000000 -
-[e] 01000090 ff010000 0
-[w] 01000088 1 03 00000005
-[f] 0100009c 0f0f1137
-[d] 01000098 37 02 - - - - 0f0f1000 -
-[r] - - - -
-[e] 01000094 ff00ff00 0
-[f] 010000a0 f0f10113
-[d] 0100009c 13 02 02 - 0 - ffffff0f -
-[r] 02 - 00000000 -
-[e] 01000098 0f0f1000 0
-[w] 01000090 1 01 ff010000
-[f] 010000a4 0020e0b3
-[d] 010000a0 33 01 01 02 6 00 - -
-[r] 01 02 f0f0f0f0 00000000
-[e] 0100009c 0f0f0f0f 0
-[w] 01000094 1 01 ff00ff00
-[f] 010000a4 0020e0b3
-[d] 010000a0 33 01 01 02 6 00 - -
-[r] 01 02 ff010000 f0f0f0f0
-[e] 010000a0 ff010000 0
-[w] 01000098 1 02 0f0f1000
-[f] 010000a8 ff100eb7
-[d] 010000a4 37 1d - - - - ff100000 -
-[r] - - - -
-[e] 010000a0 ff0fff0f 0
-[w] 0100009c 1 02 0f0f0f0f
-[f] 010000ac f0fe8e93
-[d] 010000a8 13 1d 1d - 0 - ffffff0f -
-[r] 1d - 00000000 -
-[e] 010000a4 ff100000 0
-[f] 010000b0 00600193
-[d] 010000ac 13 03 00 - 0 - 00000006 -
-[r] 00 - f0fff0ff -
-[e] 010000a8 ff0fff0f 0
-[w] 010000a0 1 01 ff0fff0f
-[f] 010000b4 41d09a63
-[d] 010000b0 63 - 01 1d 1 - 00000414 -
-[r] 01 1d 00000000 00000000
-[e] 010000ac 00000006 0
-[w] 010000a4 1 1d ff100000
-[f] 010000b8 ff0100b7
-[d] 010000b4 37 01 - - - - ff010000 -
-[r] - - - -
-[e] 010000b0 010004c4 0
-[w] 010000a8 1 1d ff0fff0f
-[f] 010000bc f0008093
-[d] 010000b8 13 01 01 - 0 - ffffff00 -
-[r] 01 - 00000000 -
-[e] 010000b4 ff010000 0
-[w] 010000ac 1 03 00000006
-[f] 010000c0 0f0f1137
-[d] 010000bc 37 02 - - - - 0f0f1000 -
-[r] - - - -
-[e] 010000b8 ff00ff00 0
-[f] 010000c4 f0f10113
-[d] 010000c0 13 02 02 - 0 - ffffff0f -
-[r] 02 - 00000000 -
-[e] 010000bc 0f0f1000 0
-[w] 010000b4 1 01 ff010000
-[f] 010000c8 0020e133
-[d] 010000c4 33 02 01 02 6 00 - -
-[r] 01 02 0f0f0f0f 00000000
-[e] 010000c0 0f0f0f0f 0
-[w] 010000b8 1 01 ff00ff00
-[f] 010000c8 0020e133
-[d] 010000c4 33 02 01 02 6 00 - -
-[r] 01 02 ff010000 0f0f0f0f
-[e] 010000c4 ff010000 0
-[w] 010000bc 1 02 0f0f1000
-[f] 010000cc ff100eb7
-[d] 010000c8 37 1d - - - - ff100000 -
-[r] - - - -
-[e] 010000c4 ff0fff0f 0
-[w] 010000c0 1 02 0f0f0f0f
-[f] 010000d0 f0fe8e93
-[d] 010000cc 13 1d 1d - 0 - ffffff0f -
-[r] 1d - 00000000 -
-[e] 010000c8 ff100000 0
-[f] 010000d4 00700193
-[d] 010000d0 13 03 00 - 0 - 00000007 -
-[r] 00 - ff0fff0f -
-[e] 010000cc ff0fff0f 0
-[w] 010000c4 1 02 ff0fff0f
-[f] 010000d8 3fd11863
-[d] 010000d4 63 - 02 1d 1 - 000003f0 -
-[r] 02 1d 00000000 00000000
-[e] 010000d0 00000007 0
-[w] 010000c8 1 1d ff100000
-[f] 010000dc ff0100b7
-[d] 010000d8 37 01 - - - - ff010000 -
-[r] - - - -
-[e] 010000d4 010004c4 0
-[w] 010000cc 1 1d ff0fff0f
-[f] 010000e0 f0008093
-[d] 010000dc 13 01 01 - 0 - ffffff00 -
-[r] 01 - 00000000 -
-[e] 010000d8 ff010000 0
-[w] 010000d0 1 03 00000007
-[f] 010000e4 0010e0b3
-[d] 010000e0 33 01 01 01 6 00 - -
-[r] 01 01 ff00ff00 00000000
-[e] 010000dc ff00ff00 0
-[f] 010000e8 ff010eb7
-[d] 010000e4 37 1d - - - - ff010000 -
-[r] - - - -
-[e] 010000e0 ff00ff00 0
-[w] 010000d8 1 01 ff010000
-[f] 010000ec f00e8e93
-[d] 010000e8 13 1d 1d - 0 - ffffff00 -
-[r] 1d - 00000000 -
-[e] 010000e4 ff010000 0
-[w] 010000dc 1 01 ff00ff00
-[f] 010000f0 00800193
-[d] 010000ec 13 03 00 - 0 - 00000008 -
-[r] 00 - ff0fff0f -
-[e] 010000e8 ff00ff00 0
-[w] 010000e0 1 01 ff00ff00
-[f] 010000f4 3dd09a63
-[d] 010000f0 63 - 01 1d 1 - 000003d4 -
-[r] 01 1d 00000000 00000000
-[e] 010000ec 00000008 0
-[w] 010000e4 1 1d ff010000
-[f] 010000f8 00000213
-[d] 010000f4 13 04 00 - 0 - 00000000 -
-[r] 00 - ff00ff00 -
-[e] 010000f0 010004c4 0
-[w] 010000e8 1 1d ff00ff00
-[f] 010000fc ff0100b7
-[d] 010000f8 37 01 - - - - ff010000 -
-[r] - - - -
-[e] 010000f4 00000000 0
-[w] 010000ec 1 03 00000008
-[f] 01000100 f0008093
-[d] 010000fc 13 01 01 - 0 - ffffff00 -
-[r] 01 - 00000000 -
-[e] 010000f8 ff010000 0
-[f] 01000104 0f0f1137
-[d] 01000100 37 02 - - - - 0f0f1000 -
-[r] - - - -
-[e] 010000fc ff00ff00 0
-[w] 010000f4 1 04 00000000
-[f] 01000108 f0f10113
-[d] 01000104 13 02 02 - 0 - ffffff0f -
-[r] 02 - 00000000 -
-[e] 01000100 0f0f1000 0
-[w] 010000f8 1 01 ff010000
-[f] 0100010c 0020ef33
-[d] 01000108 33 1e 01 02 6 00 - -
-[r] 01 02 ff0fff0f 00000000
-[e] 01000104 0f0f0f0f 0
-[w] 010000fc 1 01 ff00ff00
-[f] 0100010c 0020ef33
-[d] 01000108 33 1e 01 02 6 00 - -
-[r] 01 02 ff010000 ff0fff0f
-[e] 01000108 ff010000 0
-[w] 01000100 1 02 0f0f1000
-[f] 01000110 000f0313
-[d] 0100010c 13 06 1e - 0 - 00000000 -
-[r] 1e - ff00ff00 -
-[e] 01000108 ff0fff0f 0
-[w] 01000104 1 02 0f0f0f0f
-[f] 01000114 00120213
-[d] 01000110 13 04 04 - 0 - 00000001 -
-[r] 04 - f0fff0ff -
-[e] 0100010c ff0fff0f 0
-[f] 01000118 00200293
-[d] 01000114 13 05 00 - 0 - 00000002 -
-[r] 00 - 00000000 -
-[e] 01000110 00000001 0
-[w] 01000108 1 1e ff0fff0f
-[f] 0100011c fe5210e3
-[d] 01000118 63 - 04 05 1 - ffffffe0 -
-[r] 04 05 00000000 00000000
-[e] 01000114 00000002 0
-[w] 0100010c 1 06 ff0fff0f
-[f] 01000120 ff100eb7
-[d] 0100011c 37 1d - - - - ff100000 -
-[r] - - - -
-[e] 01000118 010000f8 1
-[w] 01000110 1 04 00000001
-[f] 010000fc ff0100b7
-[d] 010000f8 37 01 - - - - ff010000 -
-[r] - - - -
-[f] 01000100 f0008093
-[d] 010000fc 13 01 01 - 0 - ffffff00 -
-[r] 01 - 00000000 -
-[e] 010000f8 ff010000 0
-[f] 01000104 0f0f1137
-[d] 01000100 37 02 - - - - 0f0f1000 -
-[r] - - - -
-[e] 010000fc ff00ff00 0
-[f] 01000108 f0f10113
-[d] 01000104 13 02 02 - 0 - ffffff0f -
-[r] 02 - 00000000 -
-[e] 01000100 0f0f1000 0
-[w] 010000f8 1 01 ff010000
-[f] 0100010c 0020ef33
-[d] 01000108 33 1e 01 02 6 00 - -
-[r] 01 02 0f0f0f0f 00000000
-[e] 01000104 0f0f0f0f 0
-[w] 010000fc 1 01 ff00ff00
-[f] 0100010c 0020ef33
-[d] 01000108 33 1e 01 02 6 00 - -
-[r] 01 02 ff010000 0f0f0f0f
-[e] 01000108 ff010000 0
-[w] 01000100 1 02 0f0f1000
-[f] 01000110 000f0313
-[d] 0100010c 13 06 1e - 0 - 00000000 -
-[r] 1e - ff00ff00 -
-[e] 01000108 ff0fff0f 0
-[w] 01000104 1 02 0f0f0f0f
-[f] 01000114 00120213
-[d] 01000110 13 04 04 - 0 - 00000001 -
-[r] 04 - ff0fff0f -
-[e] 0100010c ff0fff0f 0
-[f] 01000118 00200293
-[d] 01000114 13 05 00 - 0 - 00000002 -
-[r] 00 - 00000001 -
-[e] 01000110 00000002 0
-[w] 01000108 1 1e ff0fff0f
-[f] 0100011c fe5210e3
-[d] 01000118 63 - 04 05 1 - ffffffe0 -
-[r] 04 05 00000000 00000000
-[e] 01000114 00000002 0
-[w] 0100010c 1 06 ff0fff0f
-[f] 01000120 ff100eb7
-[d] 0100011c 37 1d - - - - ff100000 -
-[r] - - - -
-[e] 01000118 010000f8 0
-[w] 01000110 1 04 00000002
-[f] 01000124 f0fe8e93
-[d] 01000120 13 1d 1d - 0 - ffffff0f -
-[r] 1d - 00000000 -
-[e] 0100011c ff100000 0
-[w] 01000114 1 05 00000002
-[f] 01000128 00900193
-[d] 01000124 13 03 00 - 0 - 00000009 -
-[r] 00 - ff00ff00 -
-[e] 01000120 ff0fff0f 0
-[f] 0100012c 39d31e63
-[d] 01000128 63 - 06 1d 1 - 0000039c -
-[r] 06 1d 00000000 00000000
-[e] 01000124 00000009 0
-[w] 0100011c 1 1d ff100000
-[f] 01000130 00000213
-[d] 0100012c 13 04 00 - 0 - 00000000 -
-[r] 00 - ff0fff0f -
-[e] 01000128 010004c4 0
-[w] 01000120 1 1d ff0fff0f
-[f] 01000134 0ff010b7
-[d] 01000130 37 01 - - - - 0ff01000 -
-[r] - - - -
-[e] 0100012c 00000000 0
-[w] 01000124 1 03 00000009
-[f] 01000138 ff008093
-[d] 01000134 13 01 01 - 0 - fffffff0 -
-[r] 01 - 00000000 -
-[e] 01000130 0ff01000 0
-[f] 0100013c f0f0f137
-[d] 01000138 37 02 - - - - f0f0f000 -
-[r] - - - -
-[e] 01000134 0ff00ff0 0
-[w] 0100012c 1 04 00000000
-[f] 01000140 0f010113
-[d] 0100013c 13 02 02 - 0 - 000000f0 -
-[r] 02 - 00000000 -
-[e] 01000138 f0f0f000 1
-[w] 01000130 1 01 0ff01000
-[f] 01000144 0020ef33
-[d] 01000140 33 1e 01 02 6 00 - -
-[r] 01 02 0f0f0f0f 00000000
-[e] 0100013c f0f0f0f0 0
-[w] 01000134 1 01 0ff00ff0
-[f] 01000144 0020ef33
-[d] 01000140 33 1e 01 02 6 00 - -
-[r] 01 02 0ff01000 0f0f0f0f
-[e] 01000140 0ff01000 0
-[w] 01000138 1 02 f0f0f000
-[f] 0100014c 000f0313
-[d] 01000148 13 06 1e - 0 - 00000000 -
-[r] 1e - 00000000 -
-[f] 01000150 00120213
-[d] 0100014c 13 04 04 - 0 - 00000001 -
-[r] 04 - ff0fff0f -
-[e] 01000148 fff0fff0 0
-[w] 01000140 1 1e fff0fff0
-[f] 01000154 00200293
-[d] 01000150 13 05 00 - 0 - 00000002 -
-[r] 00 - 00000000 -
-[e] 0100014c 00000001 0
-[f] 01000158 fc521ee3
-[d] 01000154 63 - 04 05 1 - ffffffdc -
-[r] 04 05 00000000 00000000
-[e] 01000150 00000002 0
-[w] 01000148 1 06 fff0fff0
-[f] 0100015c fff10eb7
-[d] 01000158 37 1d - - - - fff10000 -
-[r] - - - -
-[e] 01000154 01000130 1
-[w] 0100014c 1 04 00000001
-[f] 01000134 0ff010b7
-[d] 01000130 37 01 - - - - 0ff01000 -
-[r] - - - -
-[f] 01000138 ff008093
-[d] 01000134 13 01 01 - 0 - fffffff0 -
-[r] 01 - 00000000 -
-[e] 01000130 0ff01000 0
-[f] 0100013c f0f0f137
-[d] 01000138 37 02 - - - - f0f0f000 -
-[r] - - - -
-[e] 01000134 0ff00ff0 0
-[f] 01000140 0f010113
-[d] 0100013c 13 02 02 - 0 - 000000f0 -
-[r] 02 - 00000000 -
-[e] 01000138 f0f0f000 1
-[w] 01000130 1 01 0ff01000
-[f] 01000144 0020ef33
-[d] 01000140 33 1e 01 02 6 00 - -
-[r] 01 02 f0f0f0f0 00000000
-[e] 0100013c f0f0f0f0 0
-[w] 01000134 1 01 0ff00ff0
-[f] 01000144 0020ef33
-[d] 01000140 33 1e 01 02 6 00 - -
-[r] 01 02 0ff01000 f0f0f0f0
-[e] 01000140 0ff01000 0
-[w] 01000138 1 02 f0f0f000
-[f] 0100014c 000f0313
-[d] 01000148 13 06 1e - 0 - 00000000 -
-[r] 1e - 00000000 -
-[f] 01000150 00120213
-[d] 0100014c 13 04 04 - 0 - 00000001 -
-[r] 04 - fff0fff0 -
-[e] 01000148 fff0fff0 0
-[w] 01000140 1 1e fff0fff0
-[f] 01000154 00200293
-[d] 01000150 13 05 00 - 0 - 00000002 -
-[r] 00 - 00000001 -
-[e] 0100014c 00000002 0
-[f] 01000158 fc521ee3
-[d] 01000154 63 - 04 05 1 - ffffffdc -
-[r] 04 05 00000000 00000000
-[e] 01000150 00000002 0
-[w] 01000148 1 06 fff0fff0
-[f] 0100015c fff10eb7
-[d] 01000158 37 1d - - - - fff10000 -
-[r] - - - -
-[e] 01000154 01000130 0
-[w] 0100014c 1 04 00000002
-[f] 01000160 ff0e8e93
-[d] 0100015c 13 1d 1d - 0 - fffffff0 -
-[r] 1d - 00000000 -
-[e] 01000158 fff10000 0
-[w] 01000150 1 05 00000002
-[f] 01000164 00a00193
-[d] 01000160 13 03 00 - 0 - 0000000a -
-[r] 00 - ff0fff0f -
-[e] 0100015c fff0fff0 0
-[f] 01000168 37d31063
-[d] 01000164 63 - 06 1d 1 - 00000360 -
-[r] 06 1d 00000000 00000000
-[e] 01000160 0000000a 0
-[w] 01000158 1 1d fff10000
-[f] 0100016c 00000213
-[d] 01000168 13 04 00 - 0 - 00000000 -
-[r] 00 - fff0fff0 -
-[e] 01000164 010004c4 0
-[w] 0100015c 1 1d fff0fff0
-[f] 01000170 00ff00b7
-[d] 0100016c 37 01 - - - - 00ff0000 -
-[r] - - - -
-[e] 01000168 00000000 0
-[w] 01000160 1 03 0000000a
-[f] 01000174 0ff08093
-[d] 01000170 13 01 01 - 0 - 000000ff -
-[r] 01 - 00000000 -
-[e] 0100016c 00ff0000 0
-[f] 01000178 0f0f1137
-[d] 01000174 37 02 - - - - 0f0f1000 -
-[r] - - - -
-[e] 01000170 00ff00ff 0
-[w] 01000168 1 04 00000000
-[f] 0100017c f0f10113
-[d] 01000178 13 02 02 - 0 - ffffff0f -
-[r] 02 - 00000000 -
-[e] 01000174 0f0f1000 0
-[w] 0100016c 1 01 00ff0000
-[f] 01000180 0020ef33
-[d] 0100017c 33 1e 01 02 6 00 - -
-[r] 01 02 f0f0f0f0 00000000
-[e] 01000178 0f0f0f0f 0
-[w] 01000170 1 01 00ff00ff
-[f] 01000180 0020ef33
-[d] 0100017c 33 1e 01 02 6 00 - -
-[r] 01 02 00ff0000 f0f0f0f0
-[e] 0100017c 00ff0000 0
-[w] 01000174 1 02 0f0f1000
-[f] 0100018c 000f0313
-[d] 01000188 13 06 1e - 0 - 00000000 -
-[r] 1e - 00000000 -
-[w] 0100017c 1 1e 0fff0fff
-[f] 0100018c 000f0313
-[d] 01000188 13 06 1e - 0 - 00000000 -
-[r] 1e - fff0fff0 -
-[e] 01000188 fff0fff0 0
-[f] 01000190 00120213
-[d] 0100018c 13 04 04 - 0 - 00000001 -
-[r] 04 - 0fff0fff -
-[e] 01000188 0fff0fff 0
-[f] 01000194 00200293
-[d] 01000190 13 05 00 - 0 - 00000002 -
-[r] 00 - 00000000 -
-[e] 0100018c 00000001 0
-[f] 01000198 fc521ce3
-[d] 01000194 63 - 04 05 1 - ffffffd8 -
-[r] 04 05 00000000 00000000
-[e] 01000190 00000002 0
-[w] 01000188 1 06 0fff0fff
-[f] 0100019c 0fff1eb7
-[d] 01000198 37 1d - - - - 0fff1000 -
-[r] - - - -
-[e] 01000194 0100016c 1
-[w] 0100018c 1 04 00000001
-[f] 01000170 00ff00b7
-[d] 0100016c 37 01 - - - - 00ff0000 -
-[r] - - - -
-[f] 01000174 0ff08093
-[d] 01000170 13 01 01 - 0 - 000000ff -
-[r] 01 - 00000000 -
-[e] 0100016c 00ff0000 0
-[f] 01000178 0f0f1137
-[d] 01000174 37 02 - - - - 0f0f1000 -
-[r] - - - -
-[e] 01000170 00ff00ff 0
-[f] 0100017c f0f10113
-[d] 01000178 13 02 02 - 0 - ffffff0f -
-[r] 02 - 00000000 -
-[e] 01000174 0f0f1000 0
-[w] 0100016c 1 01 00ff0000
-[f] 01000180 0020ef33
-[d] 0100017c 33 1e 01 02 6 00 - -
-[r] 01 02 0f0f0f0f 00000000
-[e] 01000178 0f0f0f0f 0
-[w] 01000170 1 01 00ff00ff
-[f] 01000180 0020ef33
-[d] 0100017c 33 1e 01 02 6 00 - -
-[r] 01 02 00ff0000 0f0f0f0f
-[e] 0100017c 00ff0000 0
-[w] 01000174 1 02 0f0f1000
-[f] 0100018c 000f0313
-[d] 01000188 13 06 1e - 0 - 00000000 -
-[r] 1e - 00000000 -
-[w] 0100017c 1 1e 0fff0fff
-[f] 0100018c 000f0313
-[d] 01000188 13 06 1e - 0 - 00000000 -
-[r] 1e - 0fff0fff -
-[e] 01000188 0fff0fff 0
-[f] 01000190 00120213
-[d] 0100018c 13 04 04 - 0 - 00000001 -
-[r] 04 - 0fff0fff -
-[e] 01000188 0fff0fff 0
-[f] 01000194 00200293
-[d] 01000190 13 05 00 - 0 - 00000002 -
-[r] 00 - 00000001 -
-[e] 0100018c 00000002 0
-[f] 01000198 fc521ce3
-[d] 01000194 63 - 04 05 1 - ffffffd8 -
-[r] 04 05 00000000 00000000
-[e] 01000190 00000002 0
-[w] 01000188 1 06 0fff0fff
-[f] 0100019c 0fff1eb7
-[d] 01000198 37 1d - - - - 0fff1000 -
-[r] - - - -
-[e] 01000194 0100016c 0
-[w] 0100018c 1 04 00000002
-[f] 010001a0 fffe8e93
-[d] 0100019c 13 1d 1d - 0 - ffffffff -
-[r] 1d - 00000000 -
-[e] 01000198 0fff1000 0
-[w] 01000190 1 05 00000002
-[f] 010001a4 00b00193
-[d] 010001a0 13 03 00 - 0 - 0000000b -
-[r] 00 - fff0fff0 -
-[e] 0100019c 0fff0fff 0
-[f] 010001a8 33d31063
-[d] 010001a4 63 - 06 1d 1 - 00000320 -
-[r] 06 1d 00000000 00000000
-[e] 010001a0 0000000b 0
-[w] 01000198 1 1d 0fff1000
-[f] 010001ac 00000213
-[d] 010001a8 13 04 00 - 0 - 00000000 -
-[r] 00 - 0fff0fff -
-[e] 010001a4 010004c4 0
-[w] 0100019c 1 1d 0fff0fff
-[f] 010001b0 ff0100b7
-[d] 010001ac 37 01 - - - - ff010000 -
-[r] - - - -
-[e] 010001a8 00000000 0
-[w] 010001a0 1 03 0000000b
-[f] 010001b4 f0008093
-[d] 010001b0 13 01 01 - 0 - ffffff00 -
-[r] 01 - 00000000 -
-[e] 010001ac ff010000 0
-[f] 010001b8 0f0f1137
-[d] 010001b4 37 02 - - - - 0f0f1000 -
-[r] - - - -
-[e] 010001b0 ff00ff00 0
-[w] 010001a8 1 04 00000000
-[f] 010001bc f0f10113
-[d] 010001b8 13 02 02 - 0 - ffffff0f -
-[r] 02 - 00000000 -
-[e] 010001b4 0f0f1000 0
-[w] 010001ac 1 01 ff010000
-[f] 010001c0 0020ef33
-[d] 010001bc 33 1e 01 02 6 00 - -
-[r] 01 02 0f0f0f0f 00000000
-[e] 010001b8 0f0f0f0f 0
-[w] 010001b0 1 01 ff00ff00
-[f] 010001c0 0020ef33
-[d] 010001bc 33 1e 01 02 6 00 - -
-[r] 01 02 ff010000 0f0f0f0f
-[e] 010001bc ff010000 0
-[w] 010001b4 1 02 0f0f1000
-[f] 010001c4 00120213
-[d] 010001c0 13 04 04 - 0 - 00000001 -
-[r] 04 - ff00ff00 -
-[e] 010001bc ff0fff0f 0
-[w] 010001b8 1 02 0f0f0f0f
-[f] 010001c8 00200293
-[d] 010001c4 13 05 00 - 0 - 00000002 -
-[r] 00 - 00000000 -
-[e] 010001c0 00000001 0
-[f] 010001cc fe5212e3
-[d] 010001c8 63 - 04 05 1 - ffffffe4 -
-[r] 04 05 00000000 00000000
-[e] 010001c4 00000002 0
-[w] 010001bc 1 1e ff0fff0f
-[f] 010001d0 ff100eb7
-[d] 010001cc 37 1d - - - - ff100000 -
-[r] - - - -
-[e] 010001c8 010001ac 1
-[w] 010001c0 1 04 00000001
-[f] 010001b0 ff0100b7
-[d] 010001ac 37 01 - - - - ff010000 -
-[r] - - - -
-[f] 010001b4 f0008093
-[d] 010001b0 13 01 01 - 0 - ffffff00 -
-[r] 01 - 00000000 -
-[e] 010001ac ff010000 0
-[f] 010001b8 0f0f1137
-[d] 010001b4 37 02 - - - - 0f0f1000 -
-[r] - - - -
-[e] 010001b0 ff00ff00 0
-[f] 010001bc f0f10113
-[d] 010001b8 13 02 02 - 0 - ffffff0f -
-[r] 02 - 00000000 -
-[e] 010001b4 0f0f1000 0
-[w] 010001ac 1 01 ff010000
-[f] 010001c0 0020ef33
-[d] 010001bc 33 1e 01 02 6 00 - -
-[r] 01 02 0f0f0f0f 00000000
-[e] 010001b8 0f0f0f0f 0
-[w] 010001b0 1 01 ff00ff00
-[f] 010001c0 0020ef33
-[d] 010001bc 33 1e 01 02 6 00 - -
-[r] 01 02 ff010000 0f0f0f0f
-[e] 010001bc ff010000 0
-[w] 010001b4 1 02 0f0f1000
-[f] 010001c4 00120213
-[d] 010001c0 13 04 04 - 0 - 00000001 -
-[r] 04 - ff00ff00 -
-[e] 010001bc ff0fff0f 0
-[w] 010001b8 1 02 0f0f0f0f
-[f] 010001c8 00200293
-[d] 010001c4 13 05 00 - 0 - 00000002 -
-[r] 00 - 00000001 -
-[e] 010001c0 00000002 0
-[f] 010001cc fe5212e3
-[d] 010001c8 63 - 04 05 1 - ffffffe4 -
-[r] 04 05 00000000 00000000
-[e] 010001c4 00000002 0
-[w] 010001bc 1 1e ff0fff0f
-[f] 010001d0 ff100eb7
-[d] 010001cc 37 1d - - - - ff100000 -
-[r] - - - -
-[e] 010001c8 010001ac 0
-[w] 010001c0 1 04 00000002
-[f] 010001d4 f0fe8e93
-[d] 010001d0 13 1d 1d - 0 - ffffff0f -
-[r] 1d - 00000000 -
-[e] 010001cc ff100000 0
-[w] 010001c4 1 05 00000002
-[f] 010001d8 00c00193
-[d] 010001d4 13 03 00 - 0 - 0000000c -
-[r] 00 - 0fff0fff -
-[e] 010001d0 ff0fff0f 0
-[f] 010001dc 2fdf1663
-[d] 010001d8 63 - 1e 1d 1 - 000002ec -
-[r] 1e 1d 00000000 00000000
-[e] 010001d4 0000000c 0
-[w] 010001cc 1 1d ff100000
-[f] 010001e0 00000213
-[d] 010001dc 13 04 00 - 0 - 00000000 -
-[r] 00 - ff0fff0f -
-[e] 010001d8 010004c4 0
-[w] 010001d0 1 1d ff0fff0f
-[f] 010001e4 0ff010b7
-[d] 010001e0 37 01 - - - - 0ff01000 -
-[r] - - - -
-[e] 010001dc 00000000 0
-[w] 010001d4 1 03 0000000c
-[f] 010001e8 ff008093
-[d] 010001e4 13 01 01 - 0 - fffffff0 -
-[r] 01 - 00000000 -
-[e] 010001e0 0ff01000 0
-[f] 010001ec f0f0f137
-[d] 010001e8 37 02 - - - - f0f0f000 -
-[r] - - - -
-[e] 010001e4 0ff00ff0 0
-[w] 010001dc 1 04 00000000
-[f] 010001f0 0f010113
-[d] 010001ec 13 02 02 - 0 - 000000f0 -
-[r] 02 - 00000000 -
-[e] 010001e8 f0f0f000 1
-[w] 010001e0 1 01 0ff01000
-[f] 010001f8 0020ef33
-[d] 010001f4 33 1e 01 02 6 00 - -
-[r] 01 02 00000000 00000000
-[w] 010001e8 1 02 f0f0f000
-[f] 010001fc 00120213
-[d] 010001f8 13 04 04 - 0 - 00000001 -
-[r] 04 - 0ff00ff0 -
-[e] 010001f4 fff0fff0 1
-[w] 010001ec 1 02 f0f0f0f0
-[f] 01000200 00200293
-[d] 010001fc 13 05 00 - 0 - 00000002 -
-[r] 00 - 00000000 -
-[e] 010001f8 00000001 0
-[f] 01000204 fe5210e3
-[d] 01000200 63 - 04 05 1 - ffffffe0 -
-[r] 04 05 00000000 00000000
-[e] 010001fc 00000002 0
-[w] 010001f4 1 1e fff0fff0
-[f] 01000208 fff10eb7
-[d] 01000204 37 1d - - - - fff10000 -
-[r] - - - -
-[e] 01000200 010001e0 1
-[w] 010001f8 1 04 00000001
-[f] 010001e4 0ff010b7
-[d] 010001e0 37 01 - - - - 0ff01000 -
-[r] - - - -
-[f] 010001e8 ff008093
-[d] 010001e4 13 01 01 - 0 - fffffff0 -
-[r] 01 - 00000000 -
-[e] 010001e0 0ff01000 0
-[f] 010001ec f0f0f137
-[d] 010001e8 37 02 - - - - f0f0f000 -
-[r] - - - -
-[e] 010001e4 0ff00ff0 0
-[f] 010001f0 0f010113
-[d] 010001ec 13 02 02 - 0 - 000000f0 -
-[r] 02 - 00000000 -
-[e] 010001e8 f0f0f000 1
-[w] 010001e0 1 01 0ff01000
-[f] 010001f8 0020ef33
-[d] 010001f4 33 1e 01 02 6 00 - -
-[r] 01 02 00000000 00000000
-[w] 010001e8 1 02 f0f0f000
-[f] 010001fc 00120213
-[d] 010001f8 13 04 04 - 0 - 00000001 -
-[r] 04 - 0ff00ff0 -
-[e] 010001f4 fff0fff0 1
-[w] 010001ec 1 02 f0f0f0f0
-[f] 01000200 00200293
-[d] 010001fc 13 05 00 - 0 - 00000002 -
-[r] 00 - 00000001 -
-[e] 010001f8 00000002 0
-[f] 01000204 fe5210e3
-[d] 01000200 63 - 04 05 1 - ffffffe0 -
-[r] 04 05 00000000 00000000
-[e] 010001fc 00000002 0
-[w] 010001f4 1 1e fff0fff0
-[f] 01000208 fff10eb7
-[d] 01000204 37 1d - - - - fff10000 -
-[r] - - - -
-[e] 01000200 010001e0 0
-[w] 010001f8 1 04 00000002
-[f] 0100020c ff0e8e93
-[d] 01000208 13 1d 1d - 0 - fffffff0 -
-[r] 1d - 00000000 -
-[e] 01000204 fff10000 0
-[w] 010001fc 1 05 00000002
-[f] 01000210 00d00193
-[d] 0100020c 13 03 00 - 0 - 0000000d -
-[r] 00 - ff0fff0f -
-[e] 01000208 fff0fff0 0
-[f] 01000214 2bdf1a63
-[d] 01000210 63 - 1e 1d 1 - 000002b4 -
-[r] 1e 1d 00000000 00000000
-[e] 0100020c 0000000d 0
-[w] 01000204 1 1d fff10000
-[f] 01000218 00000213
-[d] 01000214 13 04 00 - 0 - 00000000 -
-[r] 00 - fff0fff0 -
-[e] 01000210 010004c4 0
-[w] 01000208 1 1d fff0fff0
-[f] 0100021c 00ff00b7
-[d] 01000218 37 01 - - - - 00ff0000 -
-[r] - - - -
-[e] 01000214 00000000 0
-[w] 0100020c 1 03 0000000d
-[f] 01000220 0ff08093
-[d] 0100021c 13 01 01 - 0 - 000000ff -
-[r] 01 - 00000000 -
-[e] 01000218 00ff0000 0
-[f] 01000224 0f0f1137
-[d] 01000220 37 02 - - - - 0f0f1000 -
-[r] - - - -
-[e] 0100021c 00ff00ff 0
-[w] 01000214 1 04 00000000
-[f] 01000228 f0f10113
-[d] 01000224 13 02 02 - 0 - ffffff0f -
-[r] 02 - 00000000 -
-[e] 01000220 0f0f1000 0
-[w] 01000218 1 01 00ff0000
-[f] 01000234 0020ef33
-[d] 01000230 33 1e 01 02 6 00 - -
-[r] 01 02 00000000 00000000
-[w] 01000224 1 02 0f0f0f0f
-[f] 01000234 0020ef33
-[d] 01000230 33 1e 01 02 6 00 - -
-[r] 01 02 00ff00ff 0f0f1000
-[e] 01000230 00ff00ff 0
-[f] 01000238 00120213
-[d] 01000234 13 04 04 - 0 - 00000001 -
-[r] 04 - 00ff00ff -
-[e] 01000230 0fff0fff 1
-[f] 0100023c 00200293
-[d] 01000238 13 05 00 - 0 - 00000002 -
-[r] 00 - 00000000 -
-[e] 01000234 00000001 0
-[f] 01000240 fc521ee3
-[d] 0100023c 63 - 04 05 1 - ffffffdc -
-[r] 04 05 00000000 00000000
-[e] 01000238 00000002 0
-[w] 01000230 1 1e 0fff0fff
-[f] 01000244 0fff1eb7
-[d] 01000240 37 1d - - - - 0fff1000 -
-[r] - - - -
-[e] 0100023c 01000218 1
-[w] 01000234 1 04 00000001
-[f] 0100021c 00ff00b7
-[d] 01000218 37 01 - - - - 00ff0000 -
-[r] - - - -
-[f] 01000220 0ff08093
-[d] 0100021c 13 01 01 - 0 - 000000ff -
-[r] 01 - 00000000 -
-[e] 01000218 00ff0000 0
-[f] 01000224 0f0f1137
-[d] 01000220 37 02 - - - - 0f0f1000 -
-[r] - - - -
-[e] 0100021c 00ff00ff 0
-[f] 01000228 f0f10113
-[d] 01000224 13 02 02 - 0 - ffffff0f -
-[r] 02 - 00000000 -
-[e] 01000220 0f0f1000 0
-[w] 01000218 1 01 00ff0000
-[f] 01000234 0020ef33
-[d] 01000230 33 1e 01 02 6 00 - -
-[r] 01 02 00000000 00000000
-[w] 01000224 1 02 0f0f0f0f
-[f] 01000234 0020ef33
-[d] 01000230 33 1e 01 02 6 00 - -
-[r] 01 02 00ff00ff 0f0f1000
-[e] 01000230 00ff00ff 0
-[f] 01000238 00120213
-[d] 01000234 13 04 04 - 0 - 00000001 -
-[r] 04 - 00ff00ff -
-[e] 01000230 0fff0fff 1
-[f] 0100023c 00200293
-[d] 01000238 13 05 00 - 0 - 00000002 -
-[r] 00 - 00000001 -
-[e] 01000234 00000002 0
-[f] 01000240 fc521ee3
-[d] 0100023c 63 - 04 05 1 - ffffffdc -
-[r] 04 05 00000000 00000000
-[e] 01000238 00000002 0
-[w] 01000230 1 1e 0fff0fff
-[f] 01000244 0fff1eb7
-[d] 01000240 37 1d - - - - 0fff1000 -
-[r] - - - -
-[e] 0100023c 01000218 0
-[w] 01000234 1 04 00000002
-[f] 01000248 fffe8e93
-[d] 01000244 13 1d 1d - 0 - ffffffff -
-[r] 1d - 00000000 -
-[e] 01000240 0fff1000 0
-[w] 01000238 1 05 00000002
-[f] 0100024c 00e00193
-[d] 01000248 13 03 00 - 0 - 0000000e -
-[r] 00 - fff0fff0 -
-[e] 01000244 0fff0fff 0
-[f] 01000250 27df1c63
-[d] 0100024c 63 - 1e 1d 1 - 00000278 -
-[r] 1e 1d 00000000 00000000
-[e] 01000248 0000000e 0
-[w] 01000240 1 1d 0fff1000
-[f] 01000254 00000213
-[d] 01000250 13 04 00 - 0 - 00000000 -
-[r] 00 - 0fff0fff -
-[e] 0100024c 010004c4 0
-[w] 01000244 1 1d 0fff0fff
-[f] 01000258 ff0100b7
-[d] 01000254 37 01 - - - - ff010000 -
-[r] - - - -
-[e] 01000250 00000000 0
-[w] 01000248 1 03 0000000e
-[f] 0100025c f0008093
-[d] 01000258 13 01 01 - 0 - ffffff00 -
-[r] 01 - 00000000 -
-[e] 01000254 ff010000 0
-[f] 01000264 0f0f1137
-[d] 01000260 37 02 - - - - 0f0f1000 -
-[r] - - - -
-[w] 01000254 1 01 ff010000
-[f] 01000268 f0f10113
-[d] 01000264 13 02 02 - 0 - ffffff0f -
-[r] 02 - 00000000 -
-[e] 01000260 0f0f1000 0
-[w] 01000258 1 01 ff00ff00
-[f] 0100026c 0020ef33
-[d] 01000268 33 1e 01 02 6 00 - -
-[r] 01 02 0f0f0f0f 00000000
-[e] 01000264 0f0f0f0f 0
-[f] 01000270 00120213
-[d] 0100026c 13 04 04 - 0 - 00000001 -
-[r] 04 - ff00ff00 -
-[e] 01000268 ff0fff0f 0
-[w] 01000260 1 02 0f0f1000
-[f] 01000274 00200293
-[d] 01000270 13 05 00 - 0 - 00000002 -
-[r] 00 - 00000000 -
-[e] 0100026c 00000001 0
-[w] 01000264 1 02 0f0f0f0f
-[f] 01000278 fe5210e3
-[d] 01000274 63 - 04 05 1 - ffffffe0 -
-[r] 04 05 00000000 00000000
-[e] 01000270 00000002 0
-[w] 01000268 1 1e ff0fff0f
-[f] 0100027c ff100eb7
-[d] 01000278 37 1d - - - - ff100000 -
-[r] - - - -
-[e] 01000274 01000254 1
-[w] 0100026c 1 04 00000001
-[f] 01000258 ff0100b7
-[d] 01000254 37 01 - - - - ff010000 -
+[d] 01000004 37 01 - - - - ff010000 -
 [r] - - - -
-[f] 0100025c f0008093
-[d] 01000258 13 01 01 - 0 - ffffff00 -
-[r] 01 - 00000000 -
-[e] 01000254 ff010000 0
-[f] 01000264 0f0f1137
-[d] 01000260 37 02 - - - - 0f0f1000 -
-[r] - - - -
-[w] 01000254 1 01 ff010000
-[f] 01000268 f0f10113
-[d] 01000264 13 02 02 - 0 - ffffff0f -
-[r] 02 - 00000000 -
-[e] 01000260 0f0f1000 0
-[w] 01000258 1 01 ff00ff00
-[f] 0100026c 0020ef33
-[d] 01000268 33 1e 01 02 6 00 - -
-[r] 01 02 0f0f0f0f 00000000
-[e] 01000264 0f0f0f0f 0
-[f] 01000270 00120213
-[d] 0100026c 13 04 04 - 0 - 00000001 -
-[r] 04 - ff00ff00 -
-[e] 01000268 ff0fff0f 0
-[w] 01000260 1 02 0f0f1000
-[f] 01000274 00200293
-[d] 01000270 13 05 00 - 0 - 00000002 -
-[r] 00 - 00000001 -
-[e] 0100026c 00000002 0
-[w] 01000264 1 02 0f0f0f0f
-[f] 01000278 fe5210e3
-[d] 01000274 63 - 04 05 1 - ffffffe0 -
-[r] 04 05 00000000 00000000
-[e] 01000270 00000002 0
-[w] 01000268 1 1e ff0fff0f
-[f] 0100027c ff100eb7
-[d] 01000278 37 1d - - - - ff100000 -
-[r] - - - -
-[e] 01000274 01000254 0
-[w] 0100026c 1 04 00000002
-[f] 01000280 f0fe8e93
-[d] 0100027c 13 1d 1d - 0 - ffffff0f -
-[r] 1d - 00000000 -
-[e] 01000278 ff100000 0
-[w] 01000270 1 05 00000002
-[f] 01000284 00f00193
-[d] 01000280 13 03 00 - 0 - 0000000f -
-[r] 00 - 0fff0fff -
-[e] 0100027c ff0fff0f 0
-[f] 01000288 25df1063
-[d] 01000284 63 - 1e 1d 1 - 00000240 -
-[r] 1e 1d 00000000 00000000
-[e] 01000280 0000000f 0
-[w] 01000278 1 1d ff100000
-[f] 0100028c 00000213
-[d] 01000288 13 04 00 - 0 - 00000000 -
-[r] 00 - ff0fff0f -
-[e] 01000284 010004c4 0
-[w] 0100027c 1 1d ff0fff0f
-[f] 01000290 0ff010b7
-[d] 0100028c 37 01 - - - - 0ff01000 -
-[r] - - - -
-[e] 01000288 00000000 0
-[w] 01000280 1 03 0000000f
-[f] 01000294 ff008093
-[d] 01000290 13 01 01 - 0 - fffffff0 -
-[r] 01 - 00000000 -
-[e] 0100028c 0ff01000 0
-[f] 0100029c f0f0f137
-[d] 01000298 37 02 - - - - f0f0f000 -
-[r] - - - -
-[w] 0100028c 1 01 0ff01000
-[f] 010002a0 0f010113
-[d] 0100029c 13 02 02 - 0 - 000000f0 -
-[r] 02 - 00000000 -
-[e] 01000298 f0f0f000 1
-[w] 01000290 1 01 0ff00ff0
-[f] 010002a8 0020ef33
-[d] 010002a4 33 1e 01 02 6 00 - -
-[r] 01 02 00000000 00000000
-[w] 01000298 1 02 f0f0f000
-[f] 010002ac 00120213
-[d] 010002a8 13 04 04 - 0 - 00000001 -
-[r] 04 - 0ff00ff0 -
-[e] 010002a4 fff0fff0 1
-[w] 0100029c 1 02 f0f0f0f0
-[f] 010002b0 00200293
-[d] 010002ac 13 05 00 - 0 - 00000002 -
-[r] 00 - 00000000 -
-[e] 010002a8 00000001 0
-[f] 010002b4 fc521ee3
-[d] 010002b0 63 - 04 05 1 - ffffffdc -
-[r] 04 05 00000000 00000000
-[e] 010002ac 00000002 0
-[w] 010002a4 1 1e fff0fff0
-[f] 010002b8 fff10eb7
-[d] 010002b4 37 1d - - - - fff10000 -
-[r] - - - -
-[e] 010002b0 0100028c 1
-[w] 010002a8 1 04 00000001
-[f] 01000290 0ff010b7
-[d] 0100028c 37 01 - - - - 0ff01000 -
-[r] - - - -
-[f] 01000294 ff008093
-[d] 01000290 13 01 01 - 0 - fffffff0 -
+[e] 01000000 00000000 0
+[f] 0100000c 0f0f1137
+[d] 01000008 13 01 01 - 0 - ffffff00 -
 [r] 01 - 00000000 -
-[e] 0100028c 0ff01000 0
-[f] 0100029c f0f0f137
-[d] 01000298 37 02 - - - - f0f0f000 -
+[e] 01000004 ff010000 0
+[f] 01000010 f0f10113
+[d] 0100000c 37 02 - - - - 0f0f1000 -
 [r] - - - -
-[w] 0100028c 1 01 0ff01000
-[f] 010002a0 0f010113
-[d] 0100029c 13 02 02 - 0 - 000000f0 -
+[e] 01000008 ff00ff00 0
+[f] 01000014 0020ef33
+[d] 01000010 13 02 02 - 0 - ffffff0f -
 [r] 02 - 00000000 -
-[e] 01000298 f0f0f000 1
-[w] 01000290 1 01 0ff00ff0
-[f] 010002a8 0020ef33
-[d] 010002a4 33 1e 01 02 6 00 - -
+[e] 0100000c 0f0f1000 0
+[w] 01000004 1 01 ff010000
+[f] 01000018 ff100eb7
+[d] 01000014 33 1e 01 02 6 00 - -
 [r] 01 02 00000000 00000000
-[w] 01000298 1 02 f0f0f000
-[f] 010002ac 00120213
-[d] 010002a8 13 04 04 - 0 - 00000001 -
-[r] 04 - 0ff00ff0 -
-[e] 010002a4 fff0fff0 1
-[w] 0100029c 1 02 f0f0f0f0
-[f] 010002b0 00200293
-[d] 010002ac 13 05 00 - 0 - 00000002 -
-[r] 00 - 00000001 -
-[e] 010002a8 00000002 0
-[f] 010002b4 fc521ee3
-[d] 010002b0 63 - 04 05 1 - ffffffdc -
-[r] 04 05 00000000 00000000
-[e] 010002ac 00000002 0
-[w] 010002a4 1 1e fff0fff0
-[f] 010002b8 fff10eb7
-[d] 010002b4 37 1d - - - - fff10000 -
-[r] - - - -
-[e] 010002b0 0100028c 0
-[w] 010002a8 1 04 00000002
-[f] 010002bc ff0e8e93
-[d] 010002b8 13 1d 1d - 0 - fffffff0 -
-[r] 1d - 00000000 -
-[e] 010002b4 fff10000 0
-[w] 010002ac 1 05 00000002
-[f] 010002c0 01000193
-[d] 010002bc 13 03 00 - 0 - 00000010 -
-[r] 00 - ff0fff0f -
-[e] 010002b8 fff0fff0 0
-[f] 010002c4 21df1263
-[d] 010002c0 63 - 1e 1d 1 - 00000204 -
-[r] 1e 1d 00000000 00000000
-[e] 010002bc 00000010 0
-[w] 010002b4 1 1d fff10000
-[f] 010002c8 00000213
-[d] 010002c4 13 04 00 - 0 - 00000000 -
-[r] 00 - fff0fff0 -
-[e] 010002c0 010004c4 0
-[w] 010002b8 1 1d fff0fff0
-[f] 010002cc 00ff00b7
-[d] 010002c8 37 01 - - - - 00ff0000 -
-[r] - - - -
-[e] 010002c4 00000000 0
-[w] 010002bc 1 03 00000010
-[f] 010002d0 0ff08093
-[d] 010002cc 13 01 01 - 0 - 000000ff -
-[r] 01 - 00000000 -
-[e] 010002c8 00ff0000 0
-[f] 010002dc 0f0f1137
-[d] 010002d8 37 02 - - - - 0f0f1000 -
-[r] - - - -
-[w] 010002cc 1 01 00ff00ff
-[f] 010002e0 f0f10113
-[d] 010002dc 13 02 02 - 0 - ffffff0f -
-[r] 02 - 00000000 -
-[e] 010002d8 0f0f1000 0
-[f] 010002e4 0020ef33
-[d] 010002e0 33 1e 01 02 6 00 - -
-[r] 01 02 f0f0f0f0 00000000
-[e] 010002dc 0f0f0f0f 0
-[f] 010002e8 00120213
-[d] 010002e4 13 04 04 - 0 - 00000001 -
-[r] 04 - 00ff00ff -
-[e] 010002e0 0fff0fff 1
-[w] 010002d8 1 02 0f0f1000
-[f] 010002ec 00200293
-[d] 010002e8 13 05 00 - 0 - 00000002 -
-[r] 00 - 00000000 -
-[e] 010002e4 00000001 0
-[w] 010002dc 1 02 0f0f0f0f
-[f] 010002f0 fc521ee3
-[d] 010002ec 63 - 04 05 1 - ffffffdc -
-[r] 04 05 00000000 00000000
-[e] 010002e8 00000002 0
-[w] 010002e0 1 1e 0fff0fff
-[f] 010002f4 0fff1eb7
-[d] 010002f0 37 1d - - - - 0fff1000 -
-[r] - - - -
-[e] 010002ec 010002c8 1
-[w] 010002e4 1 04 00000001
-[f] 010002cc 00ff00b7
-[d] 010002c8 37 01 - - - - 00ff0000 -
-[r] - - - -
-[f] 010002d0 0ff08093
-[d] 010002cc 13 01 01 - 0 - 000000ff -
-[r] 01 - 00000000 -
-[e] 010002c8 00ff0000 0
-[f] 010002dc 0f0f1137
-[d] 010002d8 37 02 - - - - 0f0f1000 -
-[r] - - - -
-[w] 010002cc 1 01 00ff00ff
-[f] 010002e0 f0f10113
-[d] 010002dc 13 02 02 - 0 - ffffff0f -
-[r] 02 - 00000000 -
-[e] 010002d8 0f0f1000 0
-[f] 010002e4 0020ef33
-[d] 010002e0 33 1e 01 02 6 00 - -
-[r] 01 02 0f0f0f0f 00000000
-[e] 010002dc 0f0f0f0f 0
-[f] 010002e8 00120213
-[d] 010002e4 13 04 04 - 0 - 00000001 -
-[r] 04 - 00ff00ff -
-[e] 010002e0 0fff0fff 1
-[w] 010002d8 1 02 0f0f1000
-[f] 010002ec 00200293
-[d] 010002e8 13 05 00 - 0 - 00000002 -
-[r] 00 - 00000001 -
-[e] 010002e4 00000002 0
-[w] 010002dc 1 02 0f0f0f0f
-[f] 010002f0 fc521ee3
-[d] 010002ec 63 - 04 05 1 - ffffffdc -
-[r] 04 05 00000000 00000000
-[e] 010002e8 00000002 0
-[w] 010002e0 1 1e 0fff0fff
-[f] 010002f4 0fff1eb7
-[d] 010002f0 37 1d - - - - 0fff1000 -
-[r] - - - -
-[e] 010002ec 010002c8 0
-[w] 010002e4 1 04 00000002
-[f] 010002f8 fffe8e93
-[d] 010002f4 13 1d 1d - 0 - ffffffff -
-[r] 1d - 00000000 -
-[e] 010002f0 0fff1000 0
-[w] 010002e8 1 05 00000002
-[f] 010002fc 01100193
-[d] 010002f8 13 03 00 - 0 - 00000011 -
-[r] 00 - fff0fff0 -
-[e] 010002f4 0fff0fff 0
-[f] 01000300 1ddf1463
-[d] 010002fc 63 - 1e 1d 1 - 000001c8 -
-[r] 1e 1d 00000000 00000000
-[e] 010002f8 00000011 0
-[w] 010002f0 1 1d 0fff1000
-[f] 01000304 00000213
-[d] 01000300 13 04 00 - 0 - 00000000 -
-[r] 00 - 0fff0fff -
-[e] 010002fc 010004c4 0
-[w] 010002f4 1 1d 0fff0fff
-[f] 01000308 0f0f1137
-[d] 01000304 37 02 - - - - 0f0f1000 -
-[r] - - - -
-[e] 01000300 00000000 0
-[w] 010002f8 1 03 00000011
-[f] 0100030c f0f10113
-[d] 01000308 13 02 02 - 0 - ffffff0f -
-[r] 02 - 00000000 -
-[e] 01000304 0f0f1000 0
-[f] 01000310 ff0100b7
-[d] 0100030c 37 01 - - - - ff010000 -
-[r] - - - -
-[e] 01000308 0f0f0f0f 0
-[w] 01000300 1 04 00000000
-[f] 01000314 f0008093
-[d] 01000310 13 01 01 - 0 - ffffff00 -
-[r] 01 - 00000000 -
-[e] 0100030c ff010000 0
-[w] 01000304 1 02 0f0f1000
-[f] 01000318 0020ef33
-[d] 01000314 33 1e 01 02 6 00 - -
-[r] 01 02 00ff00ff 00000000
-[e] 01000310 ff00ff00 0
-[w] 01000308 1 02 0f0f0f0f
-[f] 01000318 0020ef33
-[d] 01000314 33 1e 01 02 6 00 - -
-[r] 01 02 00ff00ff 0f0f1000
-[e] 01000314 00ff00ff 0
-[w] 0100030c 1 01 ff010000
-[f] 0100031c 00120213
-[d] 01000318 13 04 04 - 0 - 00000001 -
-[r] 04 - 00ff00ff -
-[e] 01000314 ff0fff0f 0
-[w] 01000310 1 01 ff00ff00
-[f] 01000320 00200293
-[d] 0100031c 13 05 00 - 0 - 00000002 -
-[r] 00 - 00000000 -
-[e] 01000318 00000001 0
-[f] 01000324 fe5212e3
-[d] 01000320 63 - 04 05 1 - ffffffe4 -
-[r] 04 05 00000000 00000000
-[e] 0100031c 00000002 0
-[w] 01000314 1 1e ff0fff0f
-[f] 01000328 ff100eb7
-[d] 01000324 37 1d - - - - ff100000 -
-[r] - - - -
-[e] 01000320 01000304 1
-[w] 01000318 1 04 00000001
-[f] 01000308 0f0f1137
-[d] 01000304 37 02 - - - - 0f0f1000 -
-[r] - - - -
-[f] 0100030c f0f10113
-[d] 01000308 13 02 02 - 0 - ffffff0f -
-[r] 02 - 00000000 -
-[e] 01000304 0f0f1000 0
-[f] 01000310 ff0100b7
-[d] 0100030c 37 01 - - - - ff010000 -
-[r] - - - -
-[e] 01000308 0f0f0f0f 0
-[f] 01000314 f0008093
-[d] 01000310 13 01 01 - 0 - ffffff00 -
-[r] 01 - 00000000 -
-[e] 0100030c ff010000 0
-[w] 01000304 1 02 0f0f1000
-[f] 01000318 0020ef33
-[d] 01000314 33 1e 01 02 6 00 - -
+[e] 01000010 0f0f0f0f 0
+[w] 01000008 1 01 ff00ff00
+[f] 01000018 ff100eb7
+[d] 01000014 33 1e 01 02 6 00 - -
+[r] 01 02 ff010000 00000000
+[e] 01000014 00000000 0
+[w] 0100000c 1 02 0f0f1000
+[f] 01000018 ff100eb7
+[d] 01000014 33 1e 01 02 6 00 - -
 [r] 01 02 ff00ff00 00000000
-[e] 01000310 ff00ff00 0
-[w] 01000308 1 02 0f0f0f0f
-[f] 01000318 0020ef33
-[d] 01000314 33 1e 01 02 6 00 - -
+[e] 01000014 00000000 0
+[w] 01000010 1 02 0f0f0f0f
+[f] 01000018 ff100eb7
+[d] 01000014 33 1e 01 02 6 00 - -
 [r] 01 02 ff00ff00 0f0f1000
-[e] 01000314 ff00ff00 0
-[w] 0100030c 1 01 ff010000
-[f] 0100031c 00120213
-[d] 01000318 13 04 04 - 0 - 00000001 -
-[r] 04 - ff00ff00 -
-[e] 01000314 ff0fff0f 0
-[w] 01000310 1 01 ff00ff00
-[f] 01000320 00200293
-[d] 0100031c 13 05 00 - 0 - 00000002 -
-[r] 00 - 00000001 -
-[e] 01000318 00000002 0
-[f] 01000324 fe5212e3
-[d] 01000320 63 - 04 05 1 - ffffffe4 -
-[r] 04 05 00000000 00000000
-[e] 0100031c 00000002 0
-[w] 01000314 1 1e ff0fff0f
-[f] 01000328 ff100eb7
-[d] 01000324 37 1d - - - - ff100000 -
-[r] - - - -
-[e] 01000320 01000304 0
-[w] 01000318 1 04 00000002
-[f] 0100032c f0fe8e93
-[d] 01000328 13 1d 1d - 0 - ffffff0f -
-[r] 1d - 00000000 -
-[e] 01000324 ff100000 0
-[w] 0100031c 1 05 00000002
-[f] 01000330 01200193
-[d] 0100032c 13 03 00 - 0 - 00000012 -
-[r] 00 - 0fff0fff -
-[e] 01000328 ff0fff0f 0
-[f] 01000334 19df1a63
-[d] 01000330 63 - 1e 1d 1 - 00000194 -
-[r] 1e 1d 00000000 00000000
-[e] 0100032c 00000012 0
-[w] 01000324 1 1d ff100000
-[f] 01000338 00000213
-[d] 01000334 13 04 00 - 0 - 00000000 -
-[r] 00 - ff0fff0f -
-[e] 01000330 010004c4 0
-[w] 01000328 1 1d ff0fff0f
-[f] 0100033c f0f0f137
-[d] 01000338 37 02 - - - - f0f0f000 -
-[r] - - - -
-[e] 01000334 00000000 0
-[w] 0100032c 1 03 00000012
-[f] 01000340 0f010113
-[d] 0100033c 13 02 02 - 0 - 000000f0 -
-[r] 02 - 00000000 -
-[e] 01000338 f0f0f000 1
-[f] 01000344 0ff010b7
-[d] 01000340 37 01 - - - - 0ff01000 -
-[r] - - - -
-[e] 0100033c f0f0f0f0 0
-[w] 01000334 1 04 00000000
-[f] 01000348 ff008093
-[d] 01000344 13 01 01 - 0 - fffffff0 -
-[r] 01 - 00000000 -
-[e] 01000340 0ff01000 0
-[w] 01000338 1 02 f0f0f000
-[f] 01000350 0020ef33
-[d] 0100034c 33 1e 01 02 6 00 - -
-[r] 01 02 00000000 00000000
-[w] 01000340 1 01 0ff01000
-[f] 01000354 00120213
-[d] 01000350 13 04 04 - 0 - 00000001 -
-[r] 04 - ff00ff00 -
-[e] 0100034c fff0fff0 1
-[w] 01000344 1 01 0ff00ff0
-[f] 01000358 00200293
-[d] 01000354 13 05 00 - 0 - 00000002 -
-[r] 00 - 00000000 -
-[e] 01000350 00000001 0
-[f] 0100035c fe5210e3
-[d] 01000358 63 - 04 05 1 - ffffffe0 -
-[r] 04 05 00000000 00000000
-[e] 01000354 00000002 0
-[w] 0100034c 1 1e fff0fff0
-[f] 01000360 fff10eb7
-[d] 0100035c 37 1d - - - - fff10000 -
-[r] - - - -
-[e] 01000358 01000338 1
-[w] 01000350 1 04 00000001
-[f] 0100033c f0f0f137
-[d] 01000338 37 02 - - - - f0f0f000 -
-[r] - - - -
-[f] 01000340 0f010113
-[d] 0100033c 13 02 02 - 0 - 000000f0 -
-[r] 02 - 00000000 -
-[e] 01000338 f0f0f000 1
-[f] 01000344 0ff010b7
-[d] 01000340 37 01 - - - - 0ff01000 -
-[r] - - - -
-[e] 0100033c f0f0f0f0 0
-[f] 01000348 ff008093
-[d] 01000344 13 01 01 - 0 - fffffff0 -
-[r] 01 - 00000000 -
-[e] 01000340 0ff01000 0
-[w] 01000338 1 02 f0f0f000
-[f] 01000350 0020ef33
-[d] 0100034c 33 1e 01 02 6 00 - -
-[r] 01 02 00000000 00000000
-[w] 01000340 1 01 0ff01000
-[f] 01000354 00120213
-[d] 01000350 13 04 04 - 0 - 00000001 -
-[r] 04 - 0ff00ff0 -
-[e] 0100034c fff0fff0 1
-[w] 01000344 1 01 0ff00ff0
-[f] 01000358 00200293
-[d] 01000354 13 05 00 - 0 - 00000002 -
-[r] 00 - 00000001 -
-[e] 01000350 00000002 0
-[f] 0100035c fe5210e3
-[d] 01000358 63 - 04 05 1 - ffffffe0 -
-[r] 04 05 00000000 00000000
-[e] 01000354 00000002 0
-[w] 0100034c 1 1e fff0fff0
-[f] 01000360 fff10eb7
-[d] 0100035c 37 1d - - - - fff10000 -
-[r] - - - -
-[e] 01000358 01000338 0
-[w] 01000350 1 04 00000002
-[f] 01000364 ff0e8e93
-[d] 01000360 13 1d 1d - 0 - fffffff0 -
-[r] 1d - 00000000 -
-[e] 0100035c fff10000 0
-[w] 01000354 1 05 00000002
-[f] 01000368 01300193
-[d] 01000364 13 03 00 - 0 - 00000013 -
-[r] 00 - ff0fff0f -
-[e] 01000360 fff0fff0 0
-[f] 0100036c 15df1e63
-[d] 01000368 63 - 1e 1d 1 - 0000015c -
-[r] 1e 1d 00000000 00000000
-[e] 01000364 00000013 0
-[w] 0100035c 1 1d fff10000
-[f] 01000370 00000213
-[d] 0100036c 13 04 00 - 0 - 00000000 -
-[r] 00 - fff0fff0 -
-[e] 01000368 010004c4 0
-[w] 01000360 1 1d fff0fff0
-[f] 01000374 0f0f1137
-[d] 01000370 37 02 - - - - 0f0f1000 -
-[r] - - - -
-[e] 0100036c 00000000 0
-[w] 01000364 1 03 00000013
-[f] 01000378 f0f10113
-[d] 01000374 13 02 02 - 0 - ffffff0f -
-[r] 02 - 00000000 -
-[e] 01000370 0f0f1000 0
-[f] 0100037c 00ff00b7
-[d] 01000378 37 01 - - - - 00ff0000 -
-[r] - - - -
-[e] 01000374 0f0f0f0f 0
-[w] 0100036c 1 04 00000000
-[f] 01000380 0ff08093
-[d] 0100037c 13 01 01 - 0 - 000000ff -
-[r] 01 - 00000000 -
-[e] 01000378 00ff0000 0
-[w] 01000370 1 02 0f0f1000
-[f] 0100038c 0020ef33
-[d] 01000388 33 1e 01 02 6 00 - -
-[r] 01 02 00000000 00000000
-[w] 0100037c 1 01 00ff00ff
-[f] 0100038c 0020ef33
-[d] 01000388 33 1e 01 02 6 00 - -
-[r] 01 02 00ff0000 0f0f0f0f
-[e] 01000388 00ff0000 0
-[f] 01000390 00120213
-[d] 0100038c 13 04 04 - 0 - 00000001 -
-[r] 04 - 00ff00ff -
-[e] 01000388 0fff0fff 1
-[f] 01000394 00200293
-[d] 01000390 13 05 00 - 0 - 00000002 -
-[r] 00 - 00000000 -
-[e] 0100038c 00000001 0
-[f] 01000398 fc521ee3
-[d] 01000394 63 - 04 05 1 - ffffffdc -
-[r] 04 05 00000000 00000000
-[e] 01000390 00000002 0
-[w] 01000388 1 1e 0fff0fff
-[f] 0100039c 0fff1eb7
-[d] 01000398 37 1d - - - - 0fff1000 -
-[r] - - - -
-[e] 01000394 01000370 1
-[w] 0100038c 1 04 00000001
-[f] 01000374 0f0f1137
-[d] 01000370 37 02 - - - - 0f0f1000 -
-[r] - - - -
-[f] 01000378 f0f10113
-[d] 01000374 13 02 02 - 0 - ffffff0f -
-[r] 02 - 00000000 -
-[e] 01000370 0f0f1000 0
-[f] 0100037c 00ff00b7
-[d] 01000378 37 01 - - - - 00ff0000 -
-[r] - - - -
-[e] 01000374 0f0f0f0f 0
-[f] 01000380 0ff08093
-[d] 0100037c 13 01 01 - 0 - 000000ff -
-[r] 01 - 00000000 -
-[e] 01000378 00ff0000 0
-[w] 01000370 1 02 0f0f1000
-[f] 0100038c 0020ef33
-[d] 01000388 33 1e 01 02 6 00 - -
-[r] 01 02 00000000 00000000
-[w] 0100037c 1 01 00ff00ff
-[f] 0100038c 0020ef33
-[d] 01000388 33 1e 01 02 6 00 - -
-[r] 01 02 00ff0000 0f0f0f0f
-[e] 01000388 00ff0000 0
-[f] 01000390 00120213
-[d] 0100038c 13 04 04 - 0 - 00000001 -
-[r] 04 - 00ff00ff -
-[e] 01000388 0fff0fff 1
-[f] 01000394 00200293
-[d] 01000390 13 05 00 - 0 - 00000002 -
-[r] 00 - 00000001 -
-[e] 0100038c 00000002 0
-[f] 01000398 fc521ee3
-[d] 01000394 63 - 04 05 1 - ffffffdc -
-[r] 04 05 00000000 00000000
-[e] 01000390 00000002 0
-[w] 01000388 1 1e 0fff0fff
-[f] 0100039c 0fff1eb7
-[d] 01000398 37 1d - - - - 0fff1000 -
-[r] - - - -
-[e] 01000394 01000370 0
-[w] 0100038c 1 04 00000002
-[f] 010003a0 fffe8e93
-[d] 0100039c 13 1d 1d - 0 - ffffffff -
-[r] 1d - 00000000 -
-[e] 01000398 0fff1000 0
-[w] 01000390 1 05 00000002
-[f] 010003a4 01400193
-[d] 010003a0 13 03 00 - 0 - 00000014 -
-[r] 00 - fff0fff0 -
-[e] 0100039c 0fff0fff 0
-[f] 010003a8 13df1063
-[d] 010003a4 63 - 1e 1d 1 - 00000120 -
-[r] 1e 1d 00000000 00000000
-[e] 010003a0 00000014 0
-[w] 01000398 1 1d 0fff1000
-[f] 010003ac 00000213
-[d] 010003a8 13 04 00 - 0 - 00000000 -
-[r] 00 - 0fff0fff -
-[e] 010003a4 010004c4 0
-[w] 0100039c 1 1d 0fff0fff
-[f] 010003b0 0f0f1137
-[d] 010003ac 37 02 - - - - 0f0f1000 -
-[r] - - - -
-[e] 010003a8 00000000 0
-[w] 010003a0 1 03 00000014
-[f] 010003b4 f0f10113
-[d] 010003b0 13 02 02 - 0 - ffffff0f -
-[r] 02 - 00000000 -
-[e] 010003ac 0f0f1000 0
-[f] 010003bc ff0100b7
-[d] 010003b8 37 01 - - - - ff010000 -
-[r] - - - -
-[w] 010003ac 1 02 0f0f1000
-[f] 010003c0 f0008093
-[d] 010003bc 13 01 01 - 0 - ffffff00 -
-[r] 01 - 00000000 -
-[e] 010003b8 ff010000 0
-[w] 010003b0 1 02 0f0f0f0f
-[f] 010003c4 0020ef33
-[d] 010003c0 33 1e 01 02 6 00 - -
-[r] 01 02 00ff00ff 00000000
-[e] 010003bc ff00ff00 0
-[f] 010003c8 00120213
-[d] 010003c4 13 04 04 - 0 - 00000001 -
-[r] 04 - 00ff00ff -
-[e] 010003c0 ff0fff0f 0
-[w] 010003b8 1 01 ff010000
-[f] 010003cc 00200293
-[d] 010003c8 13 05 00 - 0 - 00000002 -
-[r] 00 - 00000000 -
-[e] 010003c4 00000001 0
-[w] 010003bc 1 01 ff00ff00
-[f] 010003d0 fe5210e3
-[d] 010003cc 63 - 04 05 1 - ffffffe0 -
-[r] 04 05 00000000 00000000
-[e] 010003c8 00000002 0
-[w] 010003c0 1 1e ff0fff0f
-[f] 010003d4 ff100eb7
-[d] 010003d0 37 1d - - - - ff100000 -
-[r] - - - -
-[e] 010003cc 010003ac 1
-[w] 010003c4 1 04 00000001
-[f] 010003b0 0f0f1137
-[d] 010003ac 37 02 - - - - 0f0f1000 -
-[r] - - - -
-[f] 010003b4 f0f10113
-[d] 010003b0 13 02 02 - 0 - ffffff0f -
-[r] 02 - 00000000 -
-[e] 010003ac 0f0f1000 0
-[f] 010003bc ff0100b7
-[d] 010003b8 37 01 - - - - ff010000 -
-[r] - - - -
-[w] 010003ac 1 02 0f0f1000
-[f] 010003c0 f0008093
-[d] 010003bc 13 01 01 - 0 - ffffff00 -
-[r] 01 - 00000000 -
-[e] 010003b8 ff010000 0
-[w] 010003b0 1 02 0f0f0f0f
-[f] 010003c4 0020ef33
-[d] 010003c0 33 1e 01 02 6 00 - -
-[r] 01 02 ff00ff00 00000000
-[e] 010003bc ff00ff00 0
-[f] 010003c8 00120213
-[d] 010003c4 13 04 04 - 0 - 00000001 -
-[r] 04 - ff00ff00 -
-[e] 010003c0 ff0fff0f 0
-[w] 010003b8 1 01 ff010000
-[f] 010003cc 00200293
-[d] 010003c8 13 05 00 - 0 - 00000002 -
-[r] 00 - 00000001 -
-[e] 010003c4 00000002 0
-[w] 010003bc 1 01 ff00ff00
-[f] 010003d0 fe5210e3
-[d] 010003cc 63 - 04 05 1 - ffffffe0 -
-[r] 04 05 00000000 00000000
-[e] 010003c8 00000002 0
-[w] 010003c0 1 1e ff0fff0f
-[f] 010003d4 ff100eb7
-[d] 010003d0 37 1d - - - - ff100000 -
-[r] - - - -
-[e] 010003cc 010003ac 0
-[w] 010003c4 1 04 00000002
-[f] 010003d8 f0fe8e93
-[d] 010003d4 13 1d 1d - 0 - ffffff0f -
-[r] 1d - 00000000 -
-[e] 010003d0 ff100000 0
-[w] 010003c8 1 05 00000002
-[f] 010003dc 01500193
-[d] 010003d8 13 03 00 - 0 - 00000015 -
-[r] 00 - 0fff0fff -
-[e] 010003d4 ff0fff0f 0
-[f] 010003e0 0fdf1463
-[d] 010003dc 63 - 1e 1d 1 - 000000e8 -
-[r] 1e 1d 00000000 00000000
-[e] 010003d8 00000015 0
-[w] 010003d0 1 1d ff100000
-[f] 010003e4 00000213
-[d] 010003e0 13 04 00 - 0 - 00000000 -
-[r] 00 - ff0fff0f -
-[e] 010003dc 010004c4 0
-[w] 010003d4 1 1d ff0fff0f
-[f] 010003e8 f0f0f137
-[d] 010003e4 37 02 - - - - f0f0f000 -
-[r] - - - -
-[e] 010003e0 00000000 0
-[w] 010003d8 1 03 00000015
-[f] 010003ec 0f010113
-[d] 010003e8 13 02 02 - 0 - 000000f0 -
-[r] 02 - 00000000 -
-[e] 010003e4 f0f0f000 1
-[f] 010003f4 0ff010b7
-[d] 010003f0 37 01 - - - - 0ff01000 -
-[r] - - - -
-[w] 010003e4 1 02 f0f0f000
-[f] 010003f8 ff008093
-[d] 010003f4 13 01 01 - 0 - fffffff0 -
-[r] 01 - 00000000 -
-[e] 010003f0 0ff01000 0
-[w] 010003e8 1 02 f0f0f0f0
-[f] 01000400 0020ef33
-[d] 010003fc 33 1e 01 02 6 00 - -
-[r] 01 02 00000000 00000000
-[w] 010003f0 1 01 0ff01000
-[f] 01000404 00120213
-[d] 01000400 13 04 04 - 0 - 00000001 -
-[r] 04 - ff00ff00 -
-[e] 010003fc fff0fff0 1
-[w] 010003f4 1 01 0ff00ff0
-[f] 01000408 00200293
-[d] 01000404 13 05 00 - 0 - 00000002 -
-[r] 00 - 00000000 -
-[e] 01000400 00000001 0
-[f] 0100040c fc521ee3
-[d] 01000408 63 - 04 05 1 - ffffffdc -
-[r] 04 05 00000000 00000000
-[e] 01000404 00000002 0
-[w] 010003fc 1 1e fff0fff0
-[f] 01000410 fff10eb7
-[d] 0100040c 37 1d - - - - fff10000 -
-[r] - - - -
-[e] 01000408 010003e4 1
-[w] 01000400 1 04 00000001
-[f] 010003e8 f0f0f137
-[d] 010003e4 37 02 - - - - f0f0f000 -
-[r] - - - -
-[f] 010003ec 0f010113
-[d] 010003e8 13 02 02 - 0 - 000000f0 -
-[r] 02 - 00000000 -
-[e] 010003e4 f0f0f000 1
-[f] 010003f4 0ff010b7
-[d] 010003f0 37 01 - - - - 0ff01000 -
-[r] - - - -
-[w] 010003e4 1 02 f0f0f000
-[f] 010003f8 ff008093
-[d] 010003f4 13 01 01 - 0 - fffffff0 -
-[r] 01 - 00000000 -
-[e] 010003f0 0ff01000 0
-[w] 010003e8 1 02 f0f0f0f0
-[f] 01000400 0020ef33
-[d] 010003fc 33 1e 01 02 6 00 - -
-[r] 01 02 00000000 00000000
-[w] 010003f0 1 01 0ff01000
-[f] 01000404 00120213
-[d] 01000400 13 04 04 - 0 - 00000001 -
-[r] 04 - 0ff00ff0 -
-[e] 010003fc fff0fff0 1
-[w] 010003f4 1 01 0ff00ff0
-[f] 01000408 00200293
-[d] 01000404 13 05 00 - 0 - 00000002 -
-[r] 00 - 00000001 -
-[e] 01000400 00000002 0
-[f] 0100040c fc521ee3
-[d] 01000408 63 - 04 05 1 - ffffffdc -
-[r] 04 05 00000000 00000000
-[e] 01000404 00000002 0
-[w] 010003fc 1 1e fff0fff0
-[f] 01000410 fff10eb7
-[d] 0100040c 37 1d - - - - fff10000 -
+[e] 01000014 00000000 0
+[f] 0100001c f0fe8e93
+[d] 01000018 37 1d - - - - ff100000 -
 [r] - - - -
-[e] 01000408 010003e4 0
-[w] 01000400 1 04 00000002
-[f] 01000414 ff0e8e93
-[d] 01000410 13 1d 1d - 0 - fffffff0 -
+[e] 01000014 ff0fff00 0
+[f] 01000020 00200193
+[d] 0100001c 13 1d 1d - 0 - ffffff0f -
 [r] 1d - 00000000 -
-[e] 0100040c fff10000 0
-[w] 01000404 1 05 00000002
-[f] 01000418 01600193
-[d] 01000414 13 03 00 - 0 - 00000016 -
-[r] 00 - ff0fff0f -
-[e] 01000410 fff0fff0 0
-[f] 0100041c 0bdf1663
-[d] 01000418 63 - 1e 1d 1 - 000000ac -
-[r] 1e 1d 00000000 00000000
-[e] 01000414 00000016 0
-[w] 0100040c 1 1d fff10000
-[f] 01000420 00000213
-[d] 0100041c 13 04 00 - 0 - 00000000 -
-[r] 00 - fff0fff0 -
-[e] 01000418 010004c4 0
-[w] 01000410 1 1d fff0fff0
-[f] 01000424 0f0f1137
-[d] 01000420 37 02 - - - - 0f0f1000 -
-[r] - - - -
-[e] 0100041c 00000000 0
-[w] 01000414 1 03 00000016
-[f] 01000428 f0f10113
-[d] 01000424 13 02 02 - 0 - ffffff0f -
-[r] 02 - 00000000 -
-[e] 01000420 0f0f1000 0
-[f] 01000434 00ff00b7
-[d] 01000430 37 01 - - - - 00ff0000 -
-[r] - - - -
-[w] 01000424 1 02 0f0f0f0f
-[f] 01000438 0ff08093
-[d] 01000434 13 01 01 - 0 - 000000ff -
-[r] 01 - 00000000 -
-[e] 01000430 00ff0000 0
-[f] 0100043c 0020ef33
-[d] 01000438 33 1e 01 02 6 00 - -
-[r] 01 02 0ff00ff0 00000000
-[e] 01000434 00ff00ff 0
-[f] 01000440 00120213
-[d] 0100043c 13 04 04 - 0 - 00000001 -
-[r] 04 - 0ff00ff0 -
-[e] 01000438 0fff0fff 1
-[w] 01000430 1 01 00ff0000
-[f] 01000444 00200293
-[d] 01000440 13 05 00 - 0 - 00000002 -
+[e] 01000018 ff100000 0
+[f] 01000024 4bdf1263
+[d] 01000020 13 03 00 - 0 - 00000002 -
 [r] 00 - 00000000 -
-[e] 0100043c 00000001 0
-[w] 01000434 1 01 00ff00ff
-[f] 01000448 fc521ee3
-[d] 01000444 63 - 04 05 1 - ffffffdc -
-[r] 04 05 00000000 00000000
-[e] 01000440 00000002 0
-[w] 01000438 1 1e 0fff0fff
-[f] 0100044c 0fff1eb7
-[d] 01000448 37 1d - - - - 0fff1000 -
-[r] - - - -
-[e] 01000444 01000420 1
-[w] 0100043c 1 04 00000001
-[f] 01000424 0f0f1137
-[d] 01000420 37 02 - - - - 0f0f1000 -
-[r] - - - -
-[f] 01000428 f0f10113
-[d] 01000424 13 02 02 - 0 - ffffff0f -
-[r] 02 - 00000000 -
-[e] 01000420 0f0f1000 0
-[f] 01000434 00ff00b7
-[d] 01000430 37 01 - - - - 00ff0000 -
-[r] - - - -
-[w] 01000424 1 02 0f0f0f0f
-[f] 01000438 0ff08093
-[d] 01000434 13 01 01 - 0 - 000000ff -
-[r] 01 - 00000000 -
-[e] 01000430 00ff0000 0
-[f] 0100043c 0020ef33
-[d] 01000438 33 1e 01 02 6 00 - -
-[r] 01 02 00ff00ff 00000000
-[e] 01000434 00ff00ff 0
-[f] 01000440 00120213
-[d] 0100043c 13 04 04 - 0 - 00000001 -
-[r] 04 - 00ff00ff -
-[e] 01000438 0fff0fff 1
-[w] 01000430 1 01 00ff0000
-[f] 01000444 00200293
-[d] 01000440 13 05 00 - 0 - 00000002 -
-[r] 00 - 00000001 -
-[e] 0100043c 00000002 0
-[w] 01000434 1 01 00ff00ff
-[f] 01000448 fc521ee3
-[d] 01000444 63 - 04 05 1 - ffffffdc -
-[r] 04 05 00000000 00000000
-[e] 01000440 00000002 0
-[w] 01000438 1 1e 0fff0fff
-[f] 0100044c 0fff1eb7
-[d] 01000448 37 1d - - - - 0fff1000 -
-[r] - - - -
-[e] 01000444 01000420 0
-[w] 0100043c 1 04 00000002
-[f] 01000450 fffe8e93
-[d] 0100044c 13 1d 1d - 0 - ffffffff -
-[r] 1d - 00000000 -
-[e] 01000448 0fff1000 0
-[w] 01000440 1 05 00000002
-[f] 01000454 01700193
-[d] 01000450 13 03 00 - 0 - 00000017 -
-[r] 00 - fff0fff0 -
-[e] 0100044c 0fff0fff 0
-[f] 01000458 07df1863
-[d] 01000454 63 - 1e 1d 1 - 00000070 -
+[e] 0100001c ff0fff0f 0
+[w] 01000014 1 1e ff0fff00
+[f] 01000028 0ff010b7
+[d] 01000024 63 - 1e 1d 1 - 000004a4 -
 [r] 1e 1d 00000000 00000000
-[e] 01000450 00000017 0
-[w] 01000448 1 1d 0fff1000
-[f] 0100045c ff0100b7
-[d] 01000458 37 01 - - - - ff010000 -
-[r] - - - -
-[e] 01000454 010004c4 0
-[w] 0100044c 1 1d 0fff0fff
-[f] 01000460 f0008093
-[d] 0100045c 13 01 01 - 0 - ffffff00 -
-[r] 01 - 00000000 -
-[e] 01000458 ff010000 0
-[w] 01000450 1 03 00000017
-[f] 01000464 00106133
-[d] 01000460 33 02 00 01 6 00 - -
-[r] 00 01 00ff00ff 00000000
-[e] 0100045c ff00ff00 0
-[f] 01000468 ff010eb7
-[d] 01000464 37 1d - - - - ff010000 -
-[r] - - - -
-[e] 01000460 ff00ff00 1
-[w] 01000458 1 01 ff010000
-[f] 0100046c f00e8e93
-[d] 01000468 13 1d 1d - 0 - ffffff00 -
-[r] 1d - 00000000 -
-[e] 01000464 ff010000 0
-[w] 0100045c 1 01 ff00ff00
-[f] 01000470 01800193
-[d] 0100046c 13 03 00 - 0 - 00000018 -
-[r] 00 - 0fff0fff -
-[e] 01000468 ff00ff00 0
-[w] 01000460 1 02 ff00ff00
-[f] 01000474 05d11a63
-[d] 01000470 63 - 02 1d 1 - 00000054 -
-[r] 02 1d 00000000 00000000
-[e] 0100046c 00000018 0
-[w] 01000464 1 1d ff010000
-[f] 01000478 00ff00b7
-[d] 01000474 37 01 - - - - 00ff0000 -
-[r] - - - -
-[e] 01000470 010004c4 0
-[w] 01000468 1 1d ff00ff00
-[f] 0100047c 0ff08093
-[d] 01000478 13 01 01 - 0 - 000000ff -
-[r] 01 - 00000000 -
-[e] 01000474 00ff0000 0
-[w] 0100046c 1 03 00000018
-[f] 01000480 0000e133
-[d] 0100047c 33 02 01 00 6 00 - -
-[r] 01 00 ff00ff00 00000000
-[e] 01000478 00ff00ff 0
-[f] 01000484 00ff0eb7
-[d] 01000480 37 1d - - - - 00ff0000 -
-[r] - - - -
-[e] 0100047c 00ff00ff 0
-[w] 01000474 1 01 00ff0000
-[f] 01000488 0ffe8e93
-[d] 01000484 13 1d 1d - 0 - 000000ff -
-[r] 1d - 00000000 -
-[e] 01000480 00ff0000 0
-[w] 01000478 1 01 00ff00ff
-[f] 0100048c 01900193
-[d] 01000488 13 03 00 - 0 - 00000019 -
-[r] 00 - ff00ff00 -
-[e] 01000484 00ff00ff 0
-[w] 0100047c 1 02 00ff00ff
-[f] 01000490 03d11c63
-[d] 0100048c 63 - 02 1d 1 - 00000038 -
-[r] 02 1d 00000000 00000000
-[e] 01000488 00000019 0
-[w] 01000480 1 1d 00ff0000
-[f] 01000494 000060b3
-[d] 01000490 33 01 00 00 6 00 - -
-[r] 00 00 00ff00ff ff00ff00
-[e] 0100048c 010004c4 0
-[w] 01000484 1 1d 00ff00ff
-[f] 01000498 00000e93
-[d] 01000494 13 1d 00 - 0 - 00000000 -
-[r] 00 - 00000000 -
-[e] 01000490 00000000 0
-[w] 01000488 1 03 00000019
-[f] 0100049c 01a00193
-[d] 01000498 13 03 00 - 0 - 0000001a -
-[r] 00 - 00000000 -
-[e] 01000494 00000000 0
-[f] 010004a0 03d09463
-[d] 0100049c 63 - 01 1d 1 - 00000028 -
-[r] 01 1d 00000000 00000000
-[e] 01000498 0000001a 0
-[w] 01000490 1 01 00000000
-[f] 010004a0 03d09463
-[d] 0100049c 63 - 01 1d 1 - 00000028 -
-[r] 01 1d 00ff00ff 00ff00ff
-[e] 0100049c 00ff00ff 0
-[w] 01000494 1 1d 00000000
-[f] 010004a0 03d09463
-[d] 0100049c 63 - 01 1d 1 - 00000028 -
-[r] 01 1d 00000000 00ff00ff
-[e] 0100049c 00000000 0
-[w] 01000498 1 03 0000001a
-[f] 010004a4 111110b7
-[d] 010004a0 37 01 - - - - 11111000 -
-[r] - - - -
-[e] 0100049c 010004c4 0
-[f] 010004a8 11108093
-[d] 010004a4 13 01 01 - 0 - 00000111 -
-[r] 01 - 00000000 -
-[e] 010004a0 11111000 0
-[f] 010004ac 22222137
-[d] 010004a8 37 02 - - - - 22222000 -
+[e] 01000020 00000002 0
+[w] 01000018 1 1d ff100000
+[f] 01000028 0ff010b7
+[d] 01000024 63 - 1e 1d 1 - 000004a4 -
+[r] 1e 1d ff0fff00 00000000
+[e] 01000024 00000000 0
+[w] 0100001c 1 1d ff0fff0f
+[f] 01000028 0ff010b7
+[d] 01000024 63 - 1e 1d 1 - 000004a4 -
+[r] 1e 1d ff0fff00 ff100000
+[e] 01000024 00000000 0
+[w] 01000020 1 03 00000002
+[f] 0100002c ff008093
+[d] 01000028 37 01 - - - - 0ff01000 -
 [r] - - - -
-[e] 010004a4 11111111 0
-[f] 010004b0 22210113
-[d] 010004ac 13 02 02 - 0 - 00000222 -
-[r] 02 - 00000000 -
-[e] 010004a8 22222000 0
-[w] 010004a0 1 01 11111000
-[f] 010004b4 0020e033
-[d] 010004b0 33 00 01 02 6 00 - -
-[r] 01 02 00ff00ff 00000000
-[e] 010004ac 22222222 0
-[w] 010004a4 1 01 11111111
-[f] 010004b4 0020e033
-[d] 010004b0 33 00 01 02 6 00 - -
-[r] 01 02 11111000 00ff00ff
-[e] 010004b0 11111000 0
-[w] 010004a8 1 02 22222000
-[f] 010004b8 00000e93
-[d] 010004b4 13 1d 00 - 0 - 00000000 -
-[r] 00 - 11111111 -
-[e] 010004b0 33333333 1
-[w] 010004ac 1 02 22222222
-[f] 010004bc 01b00193
-[d] 010004b8 13 03 00 - 0 - 0000001b -
-[r] 00 - 00000000 -
-[e] 010004b4 00000000 0
-[f] 010004c0 01d01463
-[d] 010004bc 63 - 00 1d 1 - 00000008 -
-[r] 00 1d 00000000 00000000
-[e] 010004b8 0000001b 0
-[f] 010004c4 00301c63
-[d] 010004c0 63 - 00 03 1 - 00000018 -
-[r] 00 03 00000000 00000000
-[e] 010004bc 010004c4 0
-[w] 010004b4 1 1d 00000000
-[f] 010004e0 00100193
-[d] 010004dc 13 03 00 - 0 - 00000001 -
-[r] 00 - 00000000 -
-[e] 010004d8 00000000 0
+[e] 01000024 010004c8 1
+[f] 010004cc 00018063
+[d] 010004c8 37 02 - - - - f0f0f000 -
+[r] - - - -
+[f] 010004d0 00119193
+[d] 010004cc 63 - 03 00 0 - 00000000 -
+[r] 03 00 00000000 00000000
+[e] 010004c8 f0f0f000 0
+[f] 010004d4 0011e193
+[d] 010004d0 13 03 03 - 1 - 00000000 -
+[r] 03 - 00000002 -
+[e] 010004cc 010004cc 1
