--- /tmp/tmp.3JGGSSRZkF	2025-11-28 17:09:56.225386337 -0500
+++ /tmp/tmp.5n0tLMKQWx	2025-11-28 17:09:56.237386391 -0500
@@ -1,361 +1,214 @@
-[f] 01000004 fe010113
-[d] 01000000 13 02 02 - 0 - ffffffe0 -
-[r] 02 - 00000000 -
 [f] 01000008 00112e23
-[d] 01000004 23 - 02 01 2 - 0000001c -
-[r] 02 01 01100000 00000000
-[e] 01000000 010fffe0 0
+[d] 01000004 13 02 02 - 0 - ffffffe0 -
+[r] 02 - 00000000 -
+[e] 01000000 00000000 0
 [f] 0100000c 00500793
-[d] 01000008 13 0f 00 - 0 - 00000005 -
-[r] 00 - 01100000 -
-[e] 01000004 010ffffc 0
+[d] 01000008 23 - 02 01 2 - 0000001c -
+[r] 02 01 00000000 00000000
+[e] 01000004 ffffffe0 0
 [f] 01000010 00f12223
-[d] 0100000c 23 - 02 0f 2 - 00000004 -
+[d] 0100000c 13 0f 00 - 0 - 00000005 -
+[r] 00 - 00000000 -
+[e] 01000008 fffffffc 0
+[f] 01000014 00900793
+[d] 01000010 23 - 02 0f 2 - 00000004 -
 [r] 02 0f 00000000 00000000
-[e] 01000008 00000005 0
-[m] 01000004 010ffffc 1 2 00000000
-[w] 01000000 1 02 010fffe0
-[f] 01000010 00f12223
-[d] 0100000c 23 - 02 0f 2 - 00000004 -
-[r] 02 0f 01100000 00000000
-[e] 0100000c 01100000 0
+[e] 0100000c 00000005 0
+[m] 01000008 fffffffc 1 2 00000000
+[w] 01000004 1 02 ffffffe0
 [f] 01000014 00900793
-[d] 01000010 13 0f 00 - 0 - 00000009 -
-[r] 00 - 010fffe0 -
-[e] 0100000c 010fffe4 0
-[w] 01000008 1 0f 00000005
-[f] 01000018 00f12023
-[d] 01000014 23 - 02 0f 2 - 00000000 -
+[d] 01000010 23 - 02 0f 2 - 00000004 -
 [r] 02 0f 00000000 00000000
-[e] 01000010 00000009 0
-[m] 0100000c 010fffe4 1 2 00000005
+[e] 01000010 00000000 0
+[f] 01000018 00f12023
+[d] 01000014 13 0f 00 - 0 - 00000009 -
+[r] 00 - ffffffe0 -
+[e] 01000010 00000004 0
+[w] 0100000c 1 0f 00000005
 [f] 0100001c 00410793
-[d] 01000018 13 0f 02 - 0 - 00000004 -
-[r] 02 - 010fffe0 -
-[e] 01000014 010fffe0 0
+[d] 01000018 23 - 02 0f 2 - 00000000 -
+[r] 02 0f 00000000 00000000
+[e] 01000014 ffffffe9 0
+[m] 01000010 00000004 1 2 00000005
 [f] 01000020 00f12623
-[d] 0100001c 23 - 02 0f 2 - 0000000c -
-[r] 02 0f 010fffe0 00000000
-[e] 01000018 010fffe4 0
-[m] 01000014 010fffe0 1 2 00000009
-[w] 01000010 1 0f 00000009
+[d] 0100001c 13 0f 02 - 0 - 00000004 -
+[r] 02 - ffffffe0 -
+[e] 01000018 00000000 0
+[f] 01000024 00010793
+[d] 01000020 23 - 02 0f 2 - 0000000c -
+[r] 02 0f ffffffe0 00000000
+[e] 0100001c ffffffe4 0
+[m] 01000018 00000000 1 2 ffffffe9
+[w] 01000014 1 0f ffffffe9
 [f] 01000024 00010793
-[d] 01000020 13 0f 02 - 0 - 00000000 -
-[r] 02 - 010fffe0 -
-[e] 0100001c 010fffec 0
+[d] 01000020 23 - 02 0f 2 - 0000000c -
+[r] 02 0f ffffffe0 00000005
+[e] 01000020 00000000 0
 [f] 01000028 00f12423
-[d] 01000024 23 - 02 0f 2 - 00000008 -
-[r] 02 0f 010fffe0 00000000
-[e] 01000020 010fffe0 0
-[m] 0100001c 010fffec 1 2 010fffe4
-[w] 01000018 1 0f 010fffe4
+[d] 01000024 13 0f 02 - 0 - 00000000 -
+[r] 02 - ffffffe0 -
+[e] 01000020 ffffffec 0
+[w] 0100001c 1 0f ffffffe4
 [f] 0100002c 00812583
-[d] 01000028 03 0b 02 - 2 - 00000008 -
-[r] 02 - 010fffe0 -
-[e] 01000024 010fffe8 0
+[d] 01000028 23 - 02 0f 2 - 00000008 -
+[r] 02 0f ffffffe0 00000000
+[e] 01000024 ffffffe0 0
+[m] 01000020 ffffffec 1 2 ffffffe4
 [f] 01000030 00c12503
-[d] 0100002c 03 0a 02 - 2 - 0000000c -
-[r] 02 - 010fffe0 -
-[e] 01000028 010fffe8 0
-[m] 01000024 010fffe8 1 2 010fffe0
-[w] 01000020 1 0f 010fffe0
+[d] 0100002c 03 0b 02 - 2 - 00000008 -
+[r] 02 - ffffffe0 -
+[e] 01000028 ffffffe8 0
 [f] 01000034 044000ef
-[d] 01000030 6f 01 - - - - 00000044 -
-[r] - - - -
-[e] 0100002c 010fffec 0
+[d] 01000030 03 0a 02 - 2 - 0000000c -
+[r] 02 - ffffffe0 -
+[e] 0100002c ffffffe8 0
+[m] 01000028 ffffffe8 1 2 ffffffe0
+[w] 01000024 1 0f ffffffe0
 [f] 01000038 00c12783
-[d] 01000034 03 0f 02 - 2 - 0000000c -
-[r] 02 - 00000000 -
-[e] 01000030 01000074 0
-[w] 01000028 1 0b 010fffe0
-[f] 01000078 fe010113
-[d] 01000074 13 02 02 - 0 - ffffffe0 -
+[d] 01000034 6f 01 - - - - 00000044 -
+[r] - - - -
+[e] 01000030 ffffffec 0
+[f] 0100003c 0007a783
+[d] 01000038 03 0f 02 - 2 - 0000000c -
 [r] 02 - 00000000 -
-[w] 01000030 1 01 01000034
+[e] 01000034 01000078 0
+[w] 0100002c 1 0b 00000000
 [f] 0100007c 00a12623
-[d] 01000078 23 - 02 0a 2 - 0000000c -
-[r] 02 0a 010fffe0 00000000
-[e] 01000074 010fffc0 0
+[d] 01000078 23 - 02 0f 2 - 00000004 -
+[r] 02 0f 00000000 00000000
+[w] 01000034 1 01 01000038
 [f] 01000080 00b12423
-[d] 0100007c 23 - 02 0b 2 - 00000008 -
-[r] 02 0b 010fffe0 010fffe4
-[e] 01000078 010fffcc 0
+[d] 0100007c 23 - 02 0a 2 - 0000000c -
+[r] 02 0a ffffffe0 ffffffe0
+[e] 01000078 00000004 0
 [f] 01000084 00c12783
-[d] 01000080 03 0f 02 - 2 - 0000000c -
-[r] 02 - 010fffe0 -
-[e] 0100007c 010fffc8 0
-[m] 01000078 010fffcc 1 2 010fffe4
-[w] 01000074 1 02 010fffc0
-[f] 01000084 00c12783
-[d] 01000080 03 0f 02 - 2 - 0000000c -
-[r] 02 - 010fffe0 -
-[e] 01000080 010fffe0 0
-[m] 0100007c 010fffc8 1 2 010fffe0
-[f] 01000088 0007a783
-[d] 01000084 03 0f 0f - 2 - 00000000 -
-[r] 0f - 010fffc0 -
-[e] 01000080 010fffcc 0
+[d] 01000080 23 - 02 0b 2 - 00000008 -
+[r] 02 0b ffffffe0 00000000
+[e] 0100007c ffffffec 0
+[m] 01000078 00000004 1 2 00000000
 [f] 01000088 0007a783
-[d] 01000084 03 0f 0f - 2 - 00000000 -
-[r] 0f - 010fffe0 -
-[e] 01000084 010fffe0 0
+[d] 01000084 03 0f 02 - 2 - 0000000c -
+[r] 02 - ffffffe0 -
+[e] 01000080 ffffffe8 0
+[m] 0100007c ffffffec 1 2 ffffffe0
+[f] 0100008c 00f12e23
+[d] 01000088 03 0f 0f - 2 - 00000000 -
+[r] 0f - ffffffe0 -
+[e] 01000084 ffffffec 0
+[m] 01000080 ffffffe8 1 2 00000000
 [f] 0100008c 00f12e23
-[d] 01000088 23 - 02 0f 2 - 0000001c -
-[r] 02 0f 010fffe0 00000000
-[e] 01000084 010fffe4 0
-[w] 01000080 1 0f 010fffe4
+[d] 01000088 03 0f 0f - 2 - 00000000 -
+[r] 0f - ffffffe0 -
+[e] 01000088 00000000 0
+[f] 0100008c 00f12e23
+[d] 01000088 03 0f 0f - 2 - 00000000 -
+[r] 0f - ffffffe0 -
+[e] 01000088 00000000 0
+[w] 01000084 1 0f ffffffe4
+[f] 0100008c 00f12e23
+[d] 01000088 03 0f 0f - 2 - 00000000 -
+[r] 0f - ffffffe0 -
+[e] 01000088 00000000 0
 [f] 01000090 00812783
-[d] 0100008c 03 0f 02 - 2 - 00000008 -
-[r] 02 - 010fffc0 -
-[e] 01000088 010fffdc 0
-[f] 01000094 0007a703
-[d] 01000090 03 0e 0f - 2 - 00000000 -
-[r] 0f - 010fffc0 -
-[e] 0100008c 010fffc8 0
-[m] 01000088 010fffdc 1 2 00000005
-[w] 01000084 1 0f 00000005
+[d] 0100008c 23 - 02 0f 2 - 0000001c -
+[r] 02 0f ffffffe4 00000000
+[e] 01000088 ffffffe0 0
+[f] 01000090 00812783
+[d] 0100008c 23 - 02 0f 2 - 0000001c -
+[r] 02 0f ffffffe0 ffffffe4
+[e] 0100008c 00000000 0
+[f] 01000090 00812783
+[d] 0100008c 23 - 02 0f 2 - 0000001c -
+[r] 02 0f ffffffe0 ffffffe4
+[e] 0100008c 00000000 0
+[w] 01000088 1 0f ffffffe9
+[f] 01000090 00812783
+[d] 0100008c 23 - 02 0f 2 - 0000001c -
+[r] 02 0f ffffffe0 ffffffe4
+[e] 0100008c 00000000 0
 [f] 01000094 0007a703
-[d] 01000090 03 0e 0f - 2 - 00000000 -
-[r] 0f - 010fffe4 -
-[e] 01000090 010fffe4 0
+[d] 01000090 03 0f 02 - 2 - 00000008 -
+[r] 02 - ffffffe0 -
+[e] 0100008c fffffffc 0
 [f] 01000098 00c12783
-[d] 01000094 03 0f 02 - 2 - 0000000c -
-[r] 02 - 00000005 -
-[e] 01000090 010fffe0 0
-[w] 0100008c 1 0f 010fffe0
-[f] 0100009c 00e7a023
-[d] 01000098 23 - 0f 0e 2 - 00000000 -
-[r] 0f 0e 010fffc0 00000000
-[e] 01000094 010fffcc 0
-[f] 0100009c 00e7a023
-[d] 01000098 23 - 0f 0e 2 - 00000000 -
-[r] 0f 0e 010fffe0 00000000
-[e] 01000098 010fffe0 0
-[w] 01000090 1 0e 00000009
-[f] 0100009c 00e7a023
-[d] 01000098 23 - 0f 0e 2 - 00000000 -
-[r] 0f 0e 010fffe0 00000000
-[e] 01000098 010fffe0 0
-[w] 01000094 1 0f 010fffe4
+[d] 01000094 03 0e 0f - 2 - 00000000 -
+[r] 0f - ffffffe0 -
+[e] 01000090 ffffffe8 0
+[m] 0100008c fffffffc 1 2 ffffffe4
+[f] 01000098 00c12783
+[d] 01000094 03 0e 0f - 2 - 00000000 -
+[r] 0f - ffffffe9 -
+[e] 01000094 00000000 0
+[f] 01000098 00c12783
+[d] 01000094 03 0e 0f - 2 - 00000000 -
+[r] 0f - ffffffe9 -
+[e] 01000094 00000000 0
+[w] 01000090 1 0f ffffffe9
+[f] 01000098 00c12783
+[d] 01000094 03 0e 0f - 2 - 00000000 -
+[r] 0f - ffffffe9 -
+[e] 01000094 00000000 0
 [f] 0100009c 00e7a023
-[d] 01000098 23 - 0f 0e 2 - 00000000 -
-[r] 0f 0e 010fffe0 00000009
-[e] 01000098 010fffe0 0
+[d] 01000098 03 0f 02 - 2 - 0000000c -
+[r] 02 - ffffffe9 -
+[e] 01000094 ffffffe9 0
+[f] 010000a0 00812783
+[d] 0100009c 23 - 0f 0e 2 - 00000000 -
+[r] 0f 0e ffffffe0 00000000
+[e] 01000098 fffffff5 0
+[f] 010000a0 00812783
+[d] 0100009c 23 - 0f 0e 2 - 00000000 -
+[r] 0f 0e ffffffe9 00000000
+[e] 0100009c 00000000 0
+[w] 01000094 1 0e ffffffe9
 [f] 010000a0 00812783
-[d] 0100009c 03 0f 02 - 2 - 00000008 -
-[r] 02 - 010fffe4 -
-[e] 01000098 010fffe4 0
+[d] 0100009c 23 - 0f 0e 2 - 00000000 -
+[r] 0f 0e ffffffe9 00000000
+[e] 0100009c 00000000 0
+[w] 01000098 1 0f ffffffe9
+[f] 010000a0 00812783
+[d] 0100009c 23 - 0f 0e 2 - 00000000 -
+[r] 0f 0e ffffffe9 ffffffe9
+[e] 0100009c 00000000 0
 [f] 010000a4 01c12703
-[d] 010000a0 03 0e 02 - 2 - 0000001c -
-[r] 02 - 010fffc0 -
-[e] 0100009c 010fffc8 0
-[m] 01000098 010fffe4 1 2 00000009
+[d] 010000a0 03 0f 02 - 2 - 00000008 -
+[r] 02 - ffffffe9 -
+[e] 0100009c ffffffe9 0
 [f] 010000a8 00e7a023
-[d] 010000a4 23 - 0f 0e 2 - 00000000 -
-[r] 0f 0e 010fffc0 00000000
-[e] 010000a0 010fffdc 0
-[f] 010000b0 02010113
-[d] 010000ac 13 02 02 - 0 - 00000020 -
-[r] 02 - 00000000 -
-[m] 010000a4 010fffe0 1 2 00000005
-[w] 010000a0 1 0e 00000005
+[d] 010000a4 03 0e 02 - 2 - 0000001c -
+[r] 02 - ffffffe0 -
+[e] 010000a0 fffffff1 0
+[m] 0100009c ffffffe9 1 2 ffffffe9
+[f] 010000ac 00000013
+[d] 010000a8 23 - 0f 0e 2 - 00000000 -
+[r] 0f 0e ffffffe0 00000000
+[e] 010000a4 fffffffc 0
+[f] 010000ac 00000013
+[d] 010000a8 23 - 0f 0e 2 - 00000000 -
+[r] 0f 0e ffffffe9 ffffffe9
+[e] 010000a8 00000000 0
+[w] 010000a0 1 0f ffffffe9
+[f] 010000ac 00000013
+[d] 010000a8 23 - 0f 0e 2 - 00000000 -
+[r] 0f 0e ffffffe9 ffffffe9
+[e] 010000a8 00000000 0
+[w] 010000a4 1 0e e0000000
+[f] 010000ac 00000013
+[d] 010000a8 23 - 0f 0e 2 - 00000000 -
+[r] 0f 0e ffffffe9 ffffffe9
+[e] 010000a8 00000000 0
 [f] 010000b4 00008067
-[d] 010000b0 67 00 01 - - - 00000000 -
-[r] 01 - 010fffc0 -
-[e] 010000ac 010fffe0 0
-[f] 010000b8 fe010113
-[d] 010000b4 13 02 02 - 0 - ffffffe0 -
-[r] 02 - 01000034 -
-[e] 010000b0 01000034 0
-[f] 01000038 00c12783
-[d] 01000034 03 0f 02 - 2 - 0000000c -
+[d] 010000b0 13 02 02 - 0 - 00000020 -
 [r] 02 - 00000000 -
-[f] 0100003c 0007a783
-[d] 01000038 03 0f 0f - 2 - 00000000 -
-[r] 0f - 010fffe0 -
-[e] 01000034 010fffec 0
-[f] 0100003c 0007a783
-[d] 01000038 03 0f 0f - 2 - 00000000 -
-[r] 0f - 010fffe0 -
-[e] 01000038 010fffe0 0
-[f] 01000040 00f12223
-[d] 0100003c 23 - 02 0f 2 - 00000004 -
-[r] 02 0f 010fffe0 00000000
-[e] 01000038 010fffe4 0
-[w] 01000034 1 0f 010fffe4
-[f] 01000044 00812783
-[d] 01000040 03 0f 02 - 2 - 00000008 -
-[r] 02 - 010fffe0 -
-[e] 0100003c 010fffe4 0
-[f] 01000048 0007a783
-[d] 01000044 03 0f 0f - 2 - 00000000 -
-[r] 0f - 010fffe0 -
-[e] 01000040 010fffe8 0
-[m] 0100003c 010fffe4 1 2 00000009
-[w] 01000038 1 0f 00000009
-[f] 01000048 0007a783
-[d] 01000044 03 0f 0f - 2 - 00000000 -
-[r] 0f - 010fffe4 -
-[e] 01000044 010fffe4 0
-[f] 0100004c 00f12023
-[d] 01000048 23 - 02 0f 2 - 00000000 -
-[r] 02 0f 00000009 00000000
-[e] 01000044 010fffe0 0
-[w] 01000040 1 0f 010fffe0
-[f] 01000050 00412703
-[d] 0100004c 03 0e 02 - 2 - 00000004 -
-[r] 02 - 010fffe0 -
-[e] 01000048 010fffe0 0
-[f] 01000054 00012783
-[d] 01000050 03 0f 02 - 2 - 00000000 -
-[r] 02 - 010fffe0 -
-[e] 0100004c 010fffe4 0
-[m] 01000048 010fffe0 1 2 00000005
-[w] 01000044 1 0f 00000005
-[f] 01000058 00f707b3
-[d] 01000054 33 0f 0e 0f 0 00 - -
-[r] 0e 0f 010fffe0 00000000
-[e] 01000050 010fffe0 0
-[f] 01000058 00f707b3
-[d] 01000054 33 0f 0e 0f 0 00 - -
-[r] 0e 0f 00000005 00000005
-[e] 01000054 00000005 0
-[w] 0100004c 1 0e 00000009
-[f] 01000058 00f707b3
-[d] 01000054 33 0f 0e 0f 0 00 - -
-[r] 0e 0f 00000005 00000005
-[e] 01000054 00000005 0
-[w] 01000050 1 0f 00000005
-[f] 01000058 00f707b3
-[d] 01000054 33 0f 0e 0f 0 00 - -
-[r] 0e 0f 00000009 00000005
-[e] 01000054 00000009 0
-[f] 0100005c 00078513
-[d] 01000058 13 0a 0f - 0 - 00000000 -
-[r] 0f - 00000009 -
-[e] 01000054 0000000e 0
-[f] 01000060 058000ef
-[d] 0100005c 6f 01 - - - - 00000058 -
-[r] - - - -
-[e] 01000058 0000000e 0
-[f] 01000064 00050793
-[d] 01000060 13 0f 0a - 0 - 00000000 -
-[r] 0a - 00000000 -
-[e] 0100005c 010000b4 0
-[w] 01000054 1 0f 0000000e
+[m] 010000a8 ffffffe9 1 2 ffffffe9
 [f] 010000b8 fe010113
-[d] 010000b4 13 02 02 - 0 - ffffffe0 -
-[r] 02 - 00000000 -
-[w] 0100005c 1 01 01000060
+[d] 010000b4 67 00 01 - - - 00000000 -
+[r] 01 - ffffffe0 -
+[e] 010000b0 00000020 0
 [f] 010000bc 00112e23
-[d] 010000b8 23 - 02 01 2 - 0000001c -
-[r] 02 01 010fffe0 00000000
-[e] 010000b4 010fffc0 0
-[f] 010000c0 00a12623
-[d] 010000bc 23 - 02 0a 2 - 0000000c -
-[r] 02 0a 010fffe0 01000060
-[e] 010000b8 010fffdc 0
-[f] 010000c4 00c12703
-[d] 010000c0 03 0e 02 - 2 - 0000000c -
-[r] 02 - 010fffe0 -
-[e] 010000bc 010fffcc 0
-[m] 010000b8 010fffdc 1 2 01000060
-[w] 010000b4 1 02 010fffc0
-[f] 010000c4 00c12703
-[d] 010000c0 03 0e 02 - 2 - 0000000c -
-[r] 02 - 010fffe0 -
-[e] 010000c0 010fffe0 0
-[m] 010000bc 010fffcc 1 2 0000000e
-[f] 010000c8 00e00793
-[d] 010000c4 13 0f 00 - 0 - 0000000e -
-[r] 00 - 010fffc0 -
-[e] 010000c0 010fffcc 0
-[f] 010000cc 00f71863
-[d] 010000c8 63 - 0e 0f 1 - 00000010 -
-[r] 0e 0f 00000000 00000000
-[e] 010000c4 0000000e 0
-[f] 010000d0 024000ef
-[d] 010000cc 6f 01 - - - - 00000024 -
-[r] - - - -
-[e] 010000c8 010000d8 0
-[w] 010000c0 1 0e 0000000e
-[f] 010000d4 00050793
-[d] 010000d0 13 0f 0a - 0 - 00000000 -
-[r] 0a - 00000000 -
-[e] 010000cc 010000f0 0
-[w] 010000c4 1 0f 0000000e
-[f] 010000f4 00100793
-[d] 010000f0 13 0f 00 - 0 - 00000001 -
-[r] 00 - 00000000 -
-[w] 010000cc 1 01 010000d0
-[f] 010000f8 00078513
-[d] 010000f4 13 0a 0f - 0 - 00000000 -
-[r] 0f - 00000000 -
-[e] 010000f0 00000001 0
-[f] 010000fc 00008067
-[d] 010000f8 67 00 01 - - - 00000000 -
-[r] 01 - 0000000e -
-[e] 010000f4 00000001 0
-[f] 01000100 00000793
-[d] 010000fc 13 0f 00 - 0 - 00000000 -
-[r] 00 - 010000d0 -
-[e] 010000f8 010000d0 0
-[w] 010000f0 1 0f 00000001
-[f] 010000d4 00050793
-[d] 010000d0 13 0f 0a - 0 - 00000000 -
-[r] 0a - 00000000 -
-[f] 010000d8 00c0006f
-[d] 010000d4 6f 00 - - - - 0000000c -
-[r] - - - -
-[e] 010000d0 00000001 0
-[f] 010000dc 024000ef
-[d] 010000d8 6f 01 - - - - 00000024 -
-[r] - - - -
-[e] 010000d4 010000e0 0
-[f] 010000e4 00078513
-[d] 010000e0 13 0a 0f - 0 - 00000000 -
-[r] 0f - 00000000 -
-[f] 010000e8 01c12083
-[d] 010000e4 03 01 02 - 2 - 0000001c -
-[r] 02 - 00000001 -
-[e] 010000e0 00000001 0
-[f] 010000ec 02010113
-[d] 010000e8 13 02 02 - 0 - 00000020 -
-[r] 02 - 010fffc0 -
-[e] 010000e4 010fffdc 0
-[f] 010000f0 00008067
-[d] 010000ec 67 00 01 - - - 00000000 -
-[r] 01 - 010fffc0 -
-[e] 010000e8 010fffe0 0
-[w] 010000e0 1 0a 00000001
-[f] 010000f4 00100793
-[d] 010000f0 13 0f 00 - 0 - 00000001 -
-[r] 00 - 010000d0 -
-[e] 010000ec 01000060 0
-[w] 010000e4 1 01 01000060
-[f] 01000064 00050793
-[d] 01000060 13 0f 0a - 0 - 00000000 -
-[r] 0a - 00000000 -
-[f] 01000068 00078513
-[d] 01000064 13 0a 0f - 0 - 00000000 -
-[r] 0f - 00000001 -
-[e] 01000060 00000001 0
-[f] 0100006c 01c12083
-[d] 01000068 03 01 02 - 2 - 0000001c -
-[r] 02 - 00000001 -
-[e] 01000064 00000001 0
-[f] 01000070 02010113
-[d] 0100006c 13 02 02 - 0 - 00000020 -
-[r] 02 - 010fffe0 -
-[e] 01000068 010ffffc 0
-[w] 01000060 1 0f 00000001
-[f] 01000074 00008067
-[d] 01000070 67 00 01 - - - 00000000 -
-[r] 01 - 010fffe0 -
-[e] 0100006c 01100000 0
-[w] 01000064 1 0a 00000001
-[f] 01000078 fe010113
-[d] 01000074 13 02 02 - 0 - ffffffe0 -
-[r] 02 - 01000060 -
-[e] 01000070 00000000 0
-[w] 01000068 1 01 00000000
+[d] 010000b8 13 02 02 - 0 - ffffffe0 -
+[r] 02 - 01000038 -
+[e] 010000b4 ffffffe0 0
+[f] ffffffe4 00000000
+[d] ffffffe0 23 - 02 0a 2 - 0000000c -
+[r] 02 0a 00000000 00000000
