--- /tmp/tmp.mj75NdXB24	2025-11-28 17:09:54.278377524 -0500
+++ /tmp/tmp.t9fR9RwQyT	2025-11-28 17:09:54.286377560 -0500
@@ -1,1093 +1,57 @@
-[f] 01000004 00000097
-[d] 01000000 17 01 - - - - 00000000 -
-[r] - - - -
 [f] 01000008 2c408093
-[d] 01000004 13 01 01 - 0 - 000002c4 -
-[r] 01 - 00000000 -
-[e] 01000000 01000000 0
+[d] 01000004 17 01 - - - - 00000000 -
+[r] - - - -
+[e] 01000000 00000000 0
 [f] 0100000c 00009f03
-[d] 01000008 03 1e 01 - 1 - 00000000 -
+[d] 01000008 13 01 01 - 0 - 000002c4 -
 [r] 01 - 00000000 -
-[e] 01000004 010002c4 0
+[e] 01000004 01000004 0
 [f] 01000010 0ff00e93
-[d] 0100000c 13 1d 00 - 0 - 000000ff -
-[r] 00 - 00000000 -
-[e] 01000008 010002c4 0
-[w] 01000000 1 01 01000000
+[d] 0100000c 03 1e 01 - 1 - 00000000 -
+[r] 01 - 00000000 -
+[e] 01000008 010002c8 0
 [f] 01000014 00200193
-[d] 01000010 13 03 00 - 0 - 00000002 -
+[d] 01000010 13 1d 00 - 0 - 000000ff -
 [r] 00 - 00000000 -
-[e] 0100000c 000000ff 0
-[w] 01000004 1 01 010002c4
+[e] 0100000c 010002c8 0
+[w] 01000004 1 01 01000004
 [f] 01000018 25df1c63
-[d] 01000014 63 - 1e 1d 1 - 00000258 -
+[d] 01000014 13 03 00 - 0 - 00000002 -
+[r] 00 - 00000000 -
+[e] 01000010 000000ff 0
+[w] 01000008 1 01 010002c8
+[f] 0100001c 00000097
+[d] 01000018 63 - 1e 1d 1 - 00000258 -
 [r] 1e 1d 00000000 00000000
-[e] 01000010 00000002 0
-[w] 01000008 1 1e 000000ff
-[f] 01000018 25df1c63
-[d] 01000014 63 - 1e 1d 1 - 00000258 -
+[e] 01000014 00000002 0
+[w] 0100000c 1 1e ffff8093
+[f] 0100001c 00000097
+[d] 01000018 63 - 1e 1d 1 - 00000258 -
 [r] 1e 1d 00000000 00000000
-[e] 01000014 00000000 0
-[w] 0100000c 1 1d 000000ff
-[f] 01000018 25df1c63
-[d] 01000014 63 - 1e 1d 1 - 00000258 -
-[r] 1e 1d 000000ff 00000000
-[e] 01000014 000000ff 0
-[w] 01000010 1 03 00000002
+[e] 01000018 00000000 0
+[w] 01000010 1 1d 000000ff
 [f] 0100001c 00000097
-[d] 01000018 17 01 - - - - 00000000 -
-[r] - - - -
-[e] 01000014 0100026c 0
+[d] 01000018 63 - 1e 1d 1 - 00000258 -
+[r] 1e 1d ffff8093 00000000
+[e] 01000018 00000000 0
+[w] 01000014 1 03 00000002
 [f] 01000020 2ac08093
-[d] 0100001c 13 01 01 - 0 - 000002ac -
-[r] 01 - 00000000 -
-[e] 01000018 01000018 0
-[f] 01000024 00209f03
-[d] 01000020 03 1e 01 - 1 - 00000002 -
-[r] 01 - 010002c4 -
-[e] 0100001c 010002c4 0
-[f] 01000028 f0000e93
-[d] 01000024 13 1d 00 - 0 - ffffff00 -
-[r] 00 - 010002c4 -
-[e] 01000020 010002c6 0
-[w] 01000018 1 01 01000018
-[f] 0100002c 00300193
-[d] 01000028 13 03 00 - 0 - 00000003 -
-[r] 00 - 00000000 -
-[e] 01000024 ffffff00 0
-[w] 0100001c 1 01 010002c4
-[f] 01000030 25df1063
-[d] 0100002c 63 - 1e 1d 1 - 00000240 -
-[r] 1e 1d 00000000 00000000
-[e] 01000028 00000003 0
-[w] 01000020 1 1e ffffff00
-[f] 01000030 25df1063
-[d] 0100002c 63 - 1e 1d 1 - 00000240 -
-[r] 1e 1d 000000ff 000000ff
-[e] 0100002c 000000ff 0
-[w] 01000024 1 1d ffffff00
-[f] 01000030 25df1063
-[d] 0100002c 63 - 1e 1d 1 - 00000240 -
-[r] 1e 1d ffffff00 000000ff
-[e] 0100002c ffffff00 0
-[w] 01000028 1 03 00000003
-[f] 01000034 00000097
-[d] 01000030 17 01 - - - - 00000000 -
-[r] - - - -
-[e] 0100002c 0100026c 0
-[f] 01000038 29408093
-[d] 01000034 13 01 01 - 0 - 00000294 -
-[r] 01 - 00000000 -
-[e] 01000030 01000030 0
-[f] 0100003c 00409f03
-[d] 01000038 03 1e 01 - 1 - 00000004 -
-[r] 01 - 010002c4 -
-[e] 01000034 010002c4 0
-[f] 01000040 00001eb7
-[d] 0100003c 37 1d - - - - 00001000 -
-[r] - - - -
-[e] 01000038 010002c8 0
-[w] 01000030 1 01 01000030
-[f] 01000044 ff0e8e93
-[d] 01000040 13 1d 1d - 0 - fffffff0 -
-[r] 1d - 00000000 -
-[e] 0100003c 00001000 0
-[w] 01000034 1 01 010002c4
-[f] 01000048 00400193
-[d] 01000044 13 03 00 - 0 - 00000004 -
-[r] 00 - ffffff00 -
-[e] 01000040 00000ff0 0
-[w] 01000038 1 1e 00000ff0
-[f] 0100004c 23df1263
-[d] 01000048 63 - 1e 1d 1 - 00000224 -
-[r] 1e 1d 00000000 00000000
-[e] 01000044 00000004 0
-[w] 0100003c 1 1d 00001000
-[f] 01000050 00000097
-[d] 0100004c 17 01 - - - - 00000000 -
-[r] - - - -
-[e] 01000048 0100026c 0
-[w] 01000040 1 1d 00000ff0
-[f] 01000054 27808093
-[d] 01000050 13 01 01 - 0 - 00000278 -
-[r] 01 - 00000000 -
-[e] 0100004c 0100004c 0
-[w] 01000044 1 03 00000004
-[f] 01000058 00609f03
-[d] 01000054 03 1e 01 - 1 - 00000006 -
-[r] 01 - 010002c4 -
-[e] 01000050 010002c4 0
-[f] 0100005c fffffeb7
-[d] 01000058 37 1d - - - - fffff000 -
-[r] - - - -
-[e] 01000054 010002ca 0
-[w] 0100004c 1 01 0100004c
-[f] 01000060 00fe8e93
-[d] 0100005c 13 1d 1d - 0 - 0000000f -
-[r] 1d - 00000000 -
-[e] 01000058 fffff000 1
-[w] 01000050 1 01 010002c4
-[f] 01000064 00500193
-[d] 01000060 13 03 00 - 0 - 00000005 -
-[r] 00 - 00000ff0 -
-[e] 0100005c fffff00f 0
-[w] 01000054 1 1e fffff00f
-[f] 01000068 21df1463
-[d] 01000064 63 - 1e 1d 1 - 00000208 -
-[r] 1e 1d 00000000 00000000
-[e] 01000060 00000005 0
-[w] 01000058 1 1d fffff000
-[f] 0100006c 00000097
-[d] 01000068 17 01 - - - - 00000000 -
-[r] - - - -
-[e] 01000064 0100026c 0
-[w] 0100005c 1 1d fffff00f
-[f] 01000070 26208093
-[d] 0100006c 13 01 01 - 0 - 00000262 -
-[r] 01 - 00000000 -
-[e] 01000068 01000068 0
-[w] 01000060 1 03 00000005
-[f] 01000074 ffa09f03
-[d] 01000070 03 1e 01 - 1 - fffffffa -
-[r] 01 - 010002c4 -
-[e] 0100006c 010002ca 0
-[f] 01000078 0ff00e93
-[d] 01000074 13 1d 00 - 0 - 000000ff -
-[r] 00 - 010002c4 -
-[e] 01000070 010002c4 0
-[w] 01000068 1 01 01000068
-[f] 0100007c 00600193
-[d] 01000078 13 03 00 - 0 - 00000006 -
-[r] 00 - 00000000 -
-[e] 01000074 000000ff 0
-[w] 0100006c 1 01 010002ca
-[f] 01000080 1fdf1863
-[d] 0100007c 63 - 1e 1d 1 - 000001f0 -
-[r] 1e 1d 00000000 00000000
-[e] 01000078 00000006 0
-[w] 01000070 1 1e 000000ff
-[f] 01000080 1fdf1863
-[d] 0100007c 63 - 1e 1d 1 - 000001f0 -
-[r] 1e 1d fffff00f fffff00f
-[e] 0100007c fffff00f 0
-[w] 01000074 1 1d 000000ff
-[f] 01000080 1fdf1863
-[d] 0100007c 63 - 1e 1d 1 - 000001f0 -
-[r] 1e 1d 000000ff fffff00f
-[e] 0100007c 000000ff 0
-[w] 01000078 1 03 00000006
-[f] 01000084 00000097
-[d] 01000080 17 01 - - - - 00000000 -
-[r] - - - -
-[e] 0100007c 0100026c 0
-[f] 01000088 24a08093
-[d] 01000084 13 01 01 - 0 - 0000024a -
-[r] 01 - 00000000 -
-[e] 01000080 01000080 0
-[f] 0100008c ffc09f03
-[d] 01000088 03 1e 01 - 1 - fffffffc -
-[r] 01 - 010002ca -
-[e] 01000084 010002ca 0
-[f] 01000090 f0000e93
-[d] 0100008c 13 1d 00 - 0 - ffffff00 -
-[r] 00 - 010002ca -
-[e] 01000088 010002c6 0
-[w] 01000080 1 01 01000080
-[f] 01000094 00700193
-[d] 01000090 13 03 00 - 0 - 00000007 -
-[r] 00 - 00000000 -
-[e] 0100008c ffffff00 0
-[w] 01000084 1 01 010002ca
-[f] 01000098 1ddf1c63
-[d] 01000094 63 - 1e 1d 1 - 000001d8 -
-[r] 1e 1d 00000000 00000000
-[e] 01000090 00000007 0
-[w] 01000088 1 1e ffffff00
-[f] 01000098 1ddf1c63
-[d] 01000094 63 - 1e 1d 1 - 000001d8 -
-[r] 1e 1d 000000ff 000000ff
-[e] 01000094 000000ff 0
-[w] 0100008c 1 1d ffffff00
-[f] 01000098 1ddf1c63
-[d] 01000094 63 - 1e 1d 1 - 000001d8 -
-[r] 1e 1d ffffff00 000000ff
-[e] 01000094 ffffff00 0
-[w] 01000090 1 03 00000007
-[f] 0100009c 00000097
-[d] 01000098 17 01 - - - - 00000000 -
-[r] - - - -
-[e] 01000094 0100026c 0
-[f] 010000a0 23208093
-[d] 0100009c 13 01 01 - 0 - 00000232 -
-[r] 01 - 00000000 -
-[e] 01000098 01000098 0
-[f] 010000a4 ffe09f03
-[d] 010000a0 03 1e 01 - 1 - fffffffe -
-[r] 01 - 010002ca -
-[e] 0100009c 010002ca 0
-[f] 010000a8 00001eb7
-[d] 010000a4 37 1d - - - - 00001000 -
-[r] - - - -
-[e] 010000a0 010002c8 0
-[w] 01000098 1 01 01000098
-[f] 010000ac ff0e8e93
-[d] 010000a8 13 1d 1d - 0 - fffffff0 -
-[r] 1d - 00000000 -
-[e] 010000a4 00001000 0
-[w] 0100009c 1 01 010002ca
-[f] 010000b0 00800193
-[d] 010000ac 13 03 00 - 0 - 00000008 -
-[r] 00 - ffffff00 -
-[e] 010000a8 00000ff0 0
-[w] 010000a0 1 1e 00000ff0
-[f] 010000b4 1bdf1e63
-[d] 010000b0 63 - 1e 1d 1 - 000001bc -
-[r] 1e 1d 00000000 00000000
-[e] 010000ac 00000008 0
-[w] 010000a4 1 1d 00001000
-[f] 010000b8 00000097
-[d] 010000b4 17 01 - - - - 00000000 -
-[r] - - - -
-[e] 010000b0 0100026c 0
-[w] 010000a8 1 1d 00000ff0
-[f] 010000bc 21608093
-[d] 010000b8 13 01 01 - 0 - 00000216 -
-[r] 01 - 00000000 -
-[e] 010000b4 010000b4 0
-[w] 010000ac 1 03 00000008
-[f] 010000c0 00009f03
-[d] 010000bc 03 1e 01 - 1 - 00000000 -
-[r] 01 - 010002ca -
-[e] 010000b8 010002ca 0
-[f] 010000c4 fffffeb7
-[d] 010000c0 37 1d - - - - fffff000 -
-[r] - - - -
-[e] 010000bc 010002ca 0
-[w] 010000b4 1 01 010000b4
-[f] 010000c8 00fe8e93
-[d] 010000c4 13 1d 1d - 0 - 0000000f -
-[r] 1d - 00000000 -
-[e] 010000c0 fffff000 1
-[w] 010000b8 1 01 010002ca
-[f] 010000cc 00900193
-[d] 010000c8 13 03 00 - 0 - 00000009 -
-[r] 00 - 00000ff0 -
-[e] 010000c4 fffff00f 0
-[w] 010000bc 1 1e fffff00f
-[f] 010000d0 1bdf1063
-[d] 010000cc 63 - 1e 1d 1 - 000001a0 -
-[r] 1e 1d 00000000 00000000
-[e] 010000c8 00000009 0
-[w] 010000c0 1 1d fffff000
-[f] 010000d4 00000097
-[d] 010000d0 17 01 - - - - 00000000 -
-[r] - - - -
-[e] 010000cc 0100026c 0
-[w] 010000c4 1 1d fffff00f
-[f] 010000d8 1f408093
-[d] 010000d4 13 01 01 - 0 - 000001f4 -
-[r] 01 - 00000000 -
-[e] 010000d0 010000d0 0
-[w] 010000c8 1 03 00000009
-[f] 010000dc fe008093
-[d] 010000d8 13 01 01 - 0 - ffffffe0 -
-[r] 01 - 010002ca -
-[e] 010000d4 010002c4 0
-[f] 010000e0 02009283
-[d] 010000dc 03 05 01 - 1 - 00000020 -
-[r] 01 - 010002ca -
-[e] 010000d8 010002a4 0
-[w] 010000d0 1 01 010000d0
-[f] 010000e4 0ff00e93
-[d] 010000e0 13 1d 00 - 0 - 000000ff -
-[r] 00 - 010002ca -
-[e] 010000dc 010002c4 0
-[w] 010000d4 1 01 010002c4
-[f] 010000e8 00a00193
-[d] 010000e4 13 03 00 - 0 - 0000000a -
-[r] 00 - 00000000 -
-[e] 010000e0 000000ff 0
-[w] 010000d8 1 01 010002a4
-[f] 010000ec 19d29263
-[d] 010000e8 63 - 05 1d 1 - 00000184 -
-[r] 05 1d 00000000 00000000
-[e] 010000e4 0000000a 0
-[w] 010000dc 1 05 000000ff
-[f] 010000ec 19d29263
-[d] 010000e8 63 - 05 1d 1 - 00000184 -
-[r] 05 1d 00000000 fffff00f
-[e] 010000e8 00000000 0
-[w] 010000e0 1 1d 000000ff
-[f] 010000ec 19d29263
-[d] 010000e8 63 - 05 1d 1 - 00000184 -
-[r] 05 1d 000000ff fffff00f
-[e] 010000e8 000000ff 0
-[w] 010000e4 1 03 0000000a
-[f] 010000f0 00000097
-[d] 010000ec 17 01 - - - - 00000000 -
-[r] - - - -
-[e] 010000e8 0100026c 0
-[f] 010000f4 1d808093
-[d] 010000f0 13 01 01 - 0 - 000001d8 -
-[r] 01 - 00000000 -
-[e] 010000ec 010000ec 0
-[f] 010000f8 ffb08093
-[d] 010000f4 13 01 01 - 0 - fffffffb -
-[r] 01 - 010002a4 -
-[e] 010000f0 010002c4 0
-[f] 010000fc 00709283
-[d] 010000f8 03 05 01 - 1 - 00000007 -
-[r] 01 - 010002a4 -
-[e] 010000f4 010002bf 0
-[w] 010000ec 1 01 010000ec
-[f] 01000100 f0000e93
-[d] 010000fc 13 1d 00 - 0 - ffffff00 -
-[r] 00 - 010002a4 -
-[e] 010000f8 010002c6 0
-[w] 010000f0 1 01 010002c4
-[f] 01000104 00b00193
-[d] 01000100 13 03 00 - 0 - 0000000b -
-[r] 00 - 00000000 -
-[e] 010000fc ffffff00 0
-[w] 010000f4 1 01 010002bf
-[f] 01000108 17d29463
-[d] 01000104 63 - 05 1d 1 - 00000168 -
-[r] 05 1d 00000000 00000000
-[e] 01000100 0000000b 0
-[w] 010000f8 1 05 ffffff00
-[f] 01000108 17d29463
-[d] 01000104 63 - 05 1d 1 - 00000168 -
-[r] 05 1d 000000ff 000000ff
-[e] 01000104 000000ff 0
-[w] 010000fc 1 1d ffffff00
-[f] 01000108 17d29463
-[d] 01000104 63 - 05 1d 1 - 00000168 -
-[r] 05 1d ffffff00 000000ff
-[e] 01000104 ffffff00 0
-[w] 01000100 1 03 0000000b
-[f] 0100010c 00c00193
-[d] 01000108 13 03 00 - 0 - 0000000c -
-[r] 00 - ffffff00 -
-[e] 01000104 0100026c 0
-[f] 01000110 00000213
-[d] 0100010c 13 04 00 - 0 - 00000000 -
-[r] 00 - 00000000 -
-[e] 01000108 0000000c 0
-[f] 01000114 00000097
-[d] 01000110 17 01 - - - - 00000000 -
-[r] - - - -
-[e] 0100010c 00000000 0
-[f] 01000118 1b608093
-[d] 01000114 13 01 01 - 0 - 000001b6 -
-[r] 01 - 00000000 -
-[e] 01000110 01000110 0
-[w] 01000108 1 03 0000000c
-[f] 0100011c 00209f03
-[d] 01000118 03 1e 01 - 1 - 00000002 -
-[r] 01 - 010002bf -
-[e] 01000114 010002c6 0
-[w] 0100010c 1 04 00000000
-[f] 01000120 000f0313
-[d] 0100011c 13 06 1e - 0 - 00000000 -
-[r] 1e - 010002bf -
-[e] 01000118 010002c8 0
-[w] 01000110 1 01 01000110
-[f] 01000120 000f0313
-[d] 0100011c 13 06 1e - 0 - 00000000 -
-[r] 1e - fffff00f -
-[e] 0100011c fffff00f 0
-[w] 01000114 1 01 010002c6
-[f] 01000124 00001eb7
-[d] 01000120 37 1d - - - - 00001000 -
-[r] - - - -
-[e] 0100011c 00000ff0 0
-[w] 01000118 1 1e 00000ff0
-[f] 01000128 ff0e8e93
-[d] 01000124 13 1d 1d - 0 - fffffff0 -
-[r] 1d - 00000000 -
-[e] 01000120 00001000 0
-[f] 0100012c 15d31263
-[d] 01000128 63 - 06 1d 1 - 00000144 -
-[r] 06 1d ffffff00 00000000
-[e] 01000124 00000ff0 0
-[w] 0100011c 1 06 00000ff0
-[f] 0100012c 15d31263
-[d] 01000128 63 - 06 1d 1 - 00000144 -
-[r] 06 1d 00000000 ffffff00
-[e] 01000128 00000000 0
-[w] 01000120 1 1d 00001000
-[f] 01000130 00120213
-[d] 0100012c 13 04 04 - 0 - 00000001 -
-[r] 04 - 00000ff0 -
-[e] 01000128 0100026c 0
-[w] 01000124 1 1d 00000ff0
-[f] 01000134 00200293
-[d] 01000130 13 05 00 - 0 - 00000002 -
-[r] 00 - 00000000 -
-[e] 0100012c 00000001 0
-[f] 01000138 fc521ee3
-[d] 01000134 63 - 04 05 1 - ffffffdc -
-[r] 04 05 00000000 00000000
-[e] 01000130 00000002 0
-[f] 0100013c 00d00193
-[d] 01000138 13 03 00 - 0 - 0000000d -
-[r] 00 - 00000000 -
-[e] 01000134 01000110 1
-[w] 0100012c 1 04 00000001
-[f] 01000114 00000097
-[d] 01000110 17 01 - - - - 00000000 -
-[r] - - - -
-[f] 01000118 1b608093
-[d] 01000114 13 01 01 - 0 - 000001b6 -
-[r] 01 - 00000000 -
-[e] 01000110 01000110 0
-[f] 0100011c 00209f03
-[d] 01000118 03 1e 01 - 1 - 00000002 -
-[r] 01 - 010002c6 -
-[e] 01000114 010002c6 0
-[f] 01000120 000f0313
-[d] 0100011c 13 06 1e - 0 - 00000000 -
-[r] 1e - 010002c6 -
-[e] 01000118 010002c8 0
-[w] 01000110 1 01 01000110
-[f] 01000120 000f0313
-[d] 0100011c 13 06 1e - 0 - 00000000 -
-[r] 1e - 00000ff0 -
-[e] 0100011c 00000ff0 0
-[w] 01000114 1 01 010002c6
-[f] 01000124 00001eb7
-[d] 01000120 37 1d - - - - 00001000 -
-[r] - - - -
-[e] 0100011c 00000ff0 0
-[w] 01000118 1 1e 00000ff0
-[f] 01000128 ff0e8e93
-[d] 01000124 13 1d 1d - 0 - fffffff0 -
-[r] 1d - 00000000 -
-[e] 01000120 00001000 0
-[f] 0100012c 15d31263
-[d] 01000128 63 - 06 1d 1 - 00000144 -
-[r] 06 1d 00000ff0 00000000
-[e] 01000124 00000ff0 0
-[w] 0100011c 1 06 00000ff0
-[f] 0100012c 15d31263
-[d] 01000128 63 - 06 1d 1 - 00000144 -
-[r] 06 1d 00000ff0 00000ff0
-[e] 01000128 00000ff0 0
-[w] 01000120 1 1d 00001000
-[f] 01000130 00120213
-[d] 0100012c 13 04 04 - 0 - 00000001 -
-[r] 04 - 00000ff0 -
-[e] 01000128 0100026c 0
-[w] 01000124 1 1d 00000ff0
-[f] 01000134 00200293
-[d] 01000130 13 05 00 - 0 - 00000002 -
-[r] 00 - 00000001 -
-[e] 0100012c 00000002 0
-[f] 01000138 fc521ee3
-[d] 01000134 63 - 04 05 1 - ffffffdc -
-[r] 04 05 00000000 00000000
-[e] 01000130 00000002 0
-[f] 0100013c 00d00193
-[d] 01000138 13 03 00 - 0 - 0000000d -
-[r] 00 - 00000001 -
-[e] 01000134 01000110 0
-[w] 0100012c 1 04 00000002
-[f] 01000140 00000213
-[d] 0100013c 13 04 00 - 0 - 00000000 -
-[r] 00 - 00000000 -
-[e] 01000138 0000000d 0
-[w] 01000130 1 05 00000002
-[f] 01000144 00000097
-[d] 01000140 17 01 - - - - 00000000 -
+[d] 0100001c 17 01 - - - - 00000000 -
 [r] - - - -
-[e] 0100013c 00000000 0
-[f] 01000148 18808093
-[d] 01000144 13 01 01 - 0 - 00000188 -
-[r] 01 - 00000000 -
-[e] 01000140 01000140 0
-[w] 01000138 1 03 0000000d
-[f] 0100014c 00209f03
-[d] 01000148 03 1e 01 - 1 - 00000002 -
-[r] 01 - 010002c6 -
-[e] 01000144 010002c8 0
-[w] 0100013c 1 04 00000000
-[f] 01000154 000f0313
-[d] 01000150 13 06 1e - 0 - 00000000 -
-[r] 1e - 00000000 -
-[w] 01000144 1 01 010002c8
-[f] 01000158 fffffeb7
-[d] 01000154 37 1d - - - - fffff000 -
-[r] - - - -
-[e] 01000150 fffff00f 0
-[w] 01000148 1 1e fffff00f
-[f] 0100015c 00fe8e93
-[d] 01000158 13 1d 1d - 0 - 0000000f -
-[r] 1d - 00000000 -
-[e] 01000154 fffff000 1
-[f] 01000160 11d31863
-[d] 0100015c 63 - 06 1d 1 - 00000110 -
-[r] 06 1d 00000ff0 00000000
-[e] 01000158 fffff00f 0
-[w] 01000150 1 06 fffff00f
-[f] 01000160 11d31863
-[d] 0100015c 63 - 06 1d 1 - 00000110 -
-[r] 06 1d 00000ff0 00000ff0
-[e] 0100015c 00000ff0 0
-[w] 01000154 1 1d fffff000
-[f] 01000164 00120213
-[d] 01000160 13 04 04 - 0 - 00000001 -
-[r] 04 - fffff00f -
-[e] 0100015c 0100026c 0
-[w] 01000158 1 1d fffff00f
-[f] 01000168 00200293
-[d] 01000164 13 05 00 - 0 - 00000002 -
-[r] 00 - 00000000 -
-[e] 01000160 00000001 0
-[f] 0100016c fc521ce3
-[d] 01000168 63 - 04 05 1 - ffffffd8 -
-[r] 04 05 00000000 00000000
-[e] 01000164 00000002 0
-[f] 01000170 00e00193
-[d] 0100016c 13 03 00 - 0 - 0000000e -
-[r] 00 - 00000000 -
-[e] 01000168 01000140 1
-[w] 01000160 1 04 00000001
-[f] 01000144 00000097
-[d] 01000140 17 01 - - - - 00000000 -
-[r] - - - -
-[f] 01000148 18808093
-[d] 01000144 13 01 01 - 0 - 00000188 -
-[r] 01 - 00000000 -
-[e] 01000140 01000140 0
-[f] 0100014c 00209f03
-[d] 01000148 03 1e 01 - 1 - 00000002 -
-[r] 01 - 010002c8 -
-[e] 01000144 010002c8 0
-[f] 01000154 000f0313
-[d] 01000150 13 06 1e - 0 - 00000000 -
-[r] 1e - 00000000 -
-[w] 01000144 1 01 010002c8
-[f] 01000158 fffffeb7
-[d] 01000154 37 1d - - - - fffff000 -
-[r] - - - -
-[e] 01000150 fffff00f 0
-[w] 01000148 1 1e fffff00f
-[f] 0100015c 00fe8e93
-[d] 01000158 13 1d 1d - 0 - 0000000f -
-[r] 1d - 00000000 -
-[e] 01000154 fffff000 1
-[f] 01000160 11d31863
-[d] 0100015c 63 - 06 1d 1 - 00000110 -
-[r] 06 1d fffff00f 00000000
-[e] 01000158 fffff00f 0
-[w] 01000150 1 06 fffff00f
-[f] 01000160 11d31863
-[d] 0100015c 63 - 06 1d 1 - 00000110 -
-[r] 06 1d fffff00f fffff00f
-[e] 0100015c fffff00f 0
-[w] 01000154 1 1d fffff000
-[f] 01000164 00120213
-[d] 01000160 13 04 04 - 0 - 00000001 -
-[r] 04 - fffff00f -
-[e] 0100015c 0100026c 0
-[w] 01000158 1 1d fffff00f
-[f] 01000168 00200293
-[d] 01000164 13 05 00 - 0 - 00000002 -
-[r] 00 - 00000001 -
-[e] 01000160 00000002 0
-[f] 0100016c fc521ce3
-[d] 01000168 63 - 04 05 1 - ffffffd8 -
-[r] 04 05 00000000 00000000
-[e] 01000164 00000002 0
-[f] 01000170 00e00193
-[d] 0100016c 13 03 00 - 0 - 0000000e -
-[r] 00 - 00000001 -
-[e] 01000168 01000140 0
-[w] 01000160 1 04 00000002
-[f] 01000174 00000213
-[d] 01000170 13 04 00 - 0 - 00000000 -
-[r] 00 - 00000000 -
-[e] 0100016c 0000000e 0
-[w] 01000164 1 05 00000002
-[f] 01000178 00000097
-[d] 01000174 17 01 - - - - 00000000 -
-[r] - - - -
-[e] 01000170 00000000 0
-[f] 0100017c 15008093
-[d] 01000178 13 01 01 - 0 - 00000150 -
-[r] 01 - 00000000 -
-[e] 01000174 01000174 0
-[w] 0100016c 1 03 0000000e
-[f] 01000180 00209f03
-[d] 0100017c 03 1e 01 - 1 - 00000002 -
-[r] 01 - 010002c8 -
-[e] 01000178 010002c4 0
-[w] 01000170 1 04 00000000
-[f] 0100018c 000f0313
-[d] 01000188 13 06 1e - 0 - 00000000 -
-[r] 1e - 00000000 -
-[w] 0100017c 1 1e ffffff00
-[f] 0100018c 000f0313
-[d] 01000188 13 06 1e - 0 - 00000000 -
-[r] 1e - fffff00f -
-[e] 01000188 fffff00f 0
-[f] 01000190 f0000e93
-[d] 0100018c 13 1d 00 - 0 - ffffff00 -
-[r] 00 - ffffff00 -
-[e] 01000188 ffffff00 0
-[f] 01000194 0dd31e63
-[d] 01000190 63 - 06 1d 1 - 000000dc -
-[r] 06 1d 00000000 00000000
-[e] 0100018c ffffff00 0
-[f] 01000198 00120213
-[d] 01000194 13 04 04 - 0 - 00000001 -
-[r] 04 - fffff00f -
-[e] 01000190 0100026c 0
-[w] 01000188 1 06 ffffff00
-[f] 0100019c 00200293
-[d] 01000198 13 05 00 - 0 - 00000002 -
-[r] 00 - 00000000 -
-[e] 01000194 00000001 0
-[w] 0100018c 1 1d ffffff00
-[f] 010001a0 fc521ce3
-[d] 0100019c 63 - 04 05 1 - ffffffd8 -
-[r] 04 05 00000000 00000000
-[e] 01000198 00000002 0
-[f] 010001a4 00f00193
-[d] 010001a0 13 03 00 - 0 - 0000000f -
-[r] 00 - 00000000 -
-[e] 0100019c 01000174 1
-[w] 01000194 1 04 00000001
-[f] 01000178 00000097
-[d] 01000174 17 01 - - - - 00000000 -
-[r] - - - -
-[f] 0100017c 15008093
-[d] 01000178 13 01 01 - 0 - 00000150 -
-[r] 01 - 00000000 -
-[e] 01000174 01000174 0
-[f] 01000180 00209f03
-[d] 0100017c 03 1e 01 - 1 - 00000002 -
-[r] 01 - 010002c4 -
-[e] 01000178 010002c4 0
-[f] 0100018c 000f0313
-[d] 01000188 13 06 1e - 0 - 00000000 -
-[r] 1e - 00000000 -
-[w] 0100017c 1 1e ffffff00
-[f] 0100018c 000f0313
-[d] 01000188 13 06 1e - 0 - 00000000 -
-[r] 1e - ffffff00 -
-[e] 01000188 ffffff00 0
-[f] 01000190 f0000e93
-[d] 0100018c 13 1d 00 - 0 - ffffff00 -
-[r] 00 - ffffff00 -
-[e] 01000188 ffffff00 0
-[f] 01000194 0dd31e63
-[d] 01000190 63 - 06 1d 1 - 000000dc -
-[r] 06 1d 00000000 00000000
-[e] 0100018c ffffff00 0
-[f] 01000198 00120213
-[d] 01000194 13 04 04 - 0 - 00000001 -
-[r] 04 - ffffff00 -
-[e] 01000190 0100026c 0
-[w] 01000188 1 06 ffffff00
-[f] 0100019c 00200293
-[d] 01000198 13 05 00 - 0 - 00000002 -
-[r] 00 - 00000001 -
-[e] 01000194 00000002 0
-[w] 0100018c 1 1d ffffff00
-[f] 010001a0 fc521ce3
-[d] 0100019c 63 - 04 05 1 - ffffffd8 -
-[r] 04 05 00000000 00000000
-[e] 01000198 00000002 0
-[f] 010001a4 00f00193
-[d] 010001a0 13 03 00 - 0 - 0000000f -
-[r] 00 - 00000001 -
-[e] 0100019c 01000174 0
-[w] 01000194 1 04 00000002
-[f] 010001a8 00000213
-[d] 010001a4 13 04 00 - 0 - 00000000 -
-[r] 00 - 00000000 -
-[e] 010001a0 0000000f 0
-[w] 01000198 1 05 00000002
-[f] 010001ac 00000097
-[d] 010001a8 17 01 - - - - 00000000 -
-[r] - - - -
-[e] 010001a4 00000000 0
-[f] 010001b0 11e08093
-[d] 010001ac 13 01 01 - 0 - 0000011e -
-[r] 01 - 00000000 -
-[e] 010001a8 010001a8 0
-[w] 010001a0 1 03 0000000f
-[f] 010001b4 00209f03
-[d] 010001b0 03 1e 01 - 1 - 00000002 -
-[r] 01 - 010002c4 -
-[e] 010001ac 010002c6 0
-[w] 010001a4 1 04 00000000
-[f] 010001b8 00001eb7
-[d] 010001b4 37 1d - - - - 00001000 -
-[r] - - - -
-[e] 010001b0 010002c8 0
-[w] 010001a8 1 01 010001a8
-[f] 010001bc ff0e8e93
-[d] 010001b8 13 1d 1d - 0 - fffffff0 -
-[r] 1d - 00000000 -
-[e] 010001b4 00001000 0
-[w] 010001ac 1 01 010002c6
-[f] 010001c0 0bdf1863
-[d] 010001bc 63 - 1e 1d 1 - 000000b0 -
-[r] 1e 1d ffffff00 00000000
-[e] 010001b8 00000ff0 0
-[w] 010001b0 1 1e 00000ff0
-[f] 010001c0 0bdf1863
-[d] 010001bc 63 - 1e 1d 1 - 000000b0 -
-[r] 1e 1d ffffff00 ffffff00
-[e] 010001bc ffffff00 0
-[w] 010001b4 1 1d 00001000
-[f] 010001c4 00120213
-[d] 010001c0 13 04 04 - 0 - 00000001 -
-[r] 04 - 00000ff0 -
-[e] 010001bc 0100026c 0
-[w] 010001b8 1 1d 00000ff0
-[f] 010001c8 00200293
-[d] 010001c4 13 05 00 - 0 - 00000002 -
-[r] 00 - 00000000 -
-[e] 010001c0 00000001 0
-[f] 010001cc fe5210e3
-[d] 010001c8 63 - 04 05 1 - ffffffe0 -
-[r] 04 05 00000000 00000000
-[e] 010001c4 00000002 0
-[f] 010001d0 01000193
-[d] 010001cc 13 03 00 - 0 - 00000010 -
-[r] 00 - 00000000 -
-[e] 010001c8 010001a8 1
-[w] 010001c0 1 04 00000001
-[f] 010001ac 00000097
-[d] 010001a8 17 01 - - - - 00000000 -
-[r] - - - -
-[f] 010001b0 11e08093
-[d] 010001ac 13 01 01 - 0 - 0000011e -
-[r] 01 - 00000000 -
-[e] 010001a8 010001a8 0
-[f] 010001b4 00209f03
-[d] 010001b0 03 1e 01 - 1 - 00000002 -
-[r] 01 - 010002c6 -
-[e] 010001ac 010002c6 0
-[f] 010001b8 00001eb7
-[d] 010001b4 37 1d - - - - 00001000 -
-[r] - - - -
-[e] 010001b0 010002c8 0
-[w] 010001a8 1 01 010001a8
-[f] 010001bc ff0e8e93
-[d] 010001b8 13 1d 1d - 0 - fffffff0 -
-[r] 1d - 00000000 -
-[e] 010001b4 00001000 0
-[w] 010001ac 1 01 010002c6
-[f] 010001c0 0bdf1863
-[d] 010001bc 63 - 1e 1d 1 - 000000b0 -
-[r] 1e 1d 00000ff0 00000000
-[e] 010001b8 00000ff0 0
-[w] 010001b0 1 1e 00000ff0
-[f] 010001c0 0bdf1863
-[d] 010001bc 63 - 1e 1d 1 - 000000b0 -
-[r] 1e 1d 00000ff0 00000ff0
-[e] 010001bc 00000ff0 0
-[w] 010001b4 1 1d 00001000
-[f] 010001c4 00120213
-[d] 010001c0 13 04 04 - 0 - 00000001 -
-[r] 04 - 00000ff0 -
-[e] 010001bc 0100026c 0
-[w] 010001b8 1 1d 00000ff0
-[f] 010001c8 00200293
-[d] 010001c4 13 05 00 - 0 - 00000002 -
-[r] 00 - 00000001 -
-[e] 010001c0 00000002 0
-[f] 010001cc fe5210e3
-[d] 010001c8 63 - 04 05 1 - ffffffe0 -
-[r] 04 05 00000000 00000000
-[e] 010001c4 00000002 0
-[f] 010001d0 01000193
-[d] 010001cc 13 03 00 - 0 - 00000010 -
-[r] 00 - 00000001 -
-[e] 010001c8 010001a8 0
-[w] 010001c0 1 04 00000002
-[f] 010001d4 00000213
-[d] 010001d0 13 04 00 - 0 - 00000000 -
-[r] 00 - 00000000 -
-[e] 010001cc 00000010 0
-[w] 010001c4 1 05 00000002
-[f] 010001d8 00000097
-[d] 010001d4 17 01 - - - - 00000000 -
-[r] - - - -
-[e] 010001d0 00000000 0
-[f] 010001dc 0f408093
-[d] 010001d8 13 01 01 - 0 - 000000f4 -
-[r] 01 - 00000000 -
-[e] 010001d4 010001d4 0
-[w] 010001cc 1 03 00000010
-[f] 010001e4 00209f03
-[d] 010001e0 03 1e 01 - 1 - 00000002 -
-[r] 01 - 00000000 -
-[w] 010001d4 1 01 010001d4
-[f] 010001e8 fffffeb7
-[d] 010001e4 37 1d - - - - fffff000 -
-[r] - - - -
-[e] 010001e0 010002ca 0
-[w] 010001d8 1 01 010002c8
-[f] 010001ec 00fe8e93
-[d] 010001e8 13 1d 1d - 0 - 0000000f -
-[r] 1d - 00000000 -
-[e] 010001e4 fffff000 1
-[f] 010001f0 09df1063
-[d] 010001ec 63 - 1e 1d 1 - 00000080 -
-[r] 1e 1d 00000ff0 00000000
-[e] 010001e8 fffff00f 0
-[w] 010001e0 1 1e fffff00f
-[f] 010001f0 09df1063
-[d] 010001ec 63 - 1e 1d 1 - 00000080 -
-[r] 1e 1d 00000ff0 00000ff0
-[e] 010001ec 00000ff0 0
-[w] 010001e4 1 1d fffff000
-[f] 010001f4 00120213
-[d] 010001f0 13 04 04 - 0 - 00000001 -
-[r] 04 - fffff00f -
-[e] 010001ec 0100026c 0
-[w] 010001e8 1 1d fffff00f
-[f] 010001f8 00200293
-[d] 010001f4 13 05 00 - 0 - 00000002 -
-[r] 00 - 00000000 -
-[e] 010001f0 00000001 0
-[f] 010001fc fc521ee3
-[d] 010001f8 63 - 04 05 1 - ffffffdc -
-[r] 04 05 00000000 00000000
-[e] 010001f4 00000002 0
-[f] 01000200 01100193
-[d] 010001fc 13 03 00 - 0 - 00000011 -
-[r] 00 - 00000000 -
-[e] 010001f8 010001d4 1
-[w] 010001f0 1 04 00000001
-[f] 010001d8 00000097
-[d] 010001d4 17 01 - - - - 00000000 -
-[r] - - - -
-[f] 010001dc 0f408093
-[d] 010001d8 13 01 01 - 0 - 000000f4 -
-[r] 01 - 00000000 -
-[e] 010001d4 010001d4 0
-[f] 010001e4 00209f03
-[d] 010001e0 03 1e 01 - 1 - 00000002 -
-[r] 01 - 00000000 -
-[w] 010001d4 1 01 010001d4
-[f] 010001e8 fffffeb7
-[d] 010001e4 37 1d - - - - fffff000 -
-[r] - - - -
-[e] 010001e0 010002ca 0
-[w] 010001d8 1 01 010002c8
-[f] 010001ec 00fe8e93
-[d] 010001e8 13 1d 1d - 0 - 0000000f -
-[r] 1d - 00000000 -
-[e] 010001e4 fffff000 1
-[f] 010001f0 09df1063
-[d] 010001ec 63 - 1e 1d 1 - 00000080 -
-[r] 1e 1d fffff00f 00000000
-[e] 010001e8 fffff00f 0
-[w] 010001e0 1 1e fffff00f
-[f] 010001f0 09df1063
-[d] 010001ec 63 - 1e 1d 1 - 00000080 -
-[r] 1e 1d fffff00f fffff00f
-[e] 010001ec fffff00f 0
-[w] 010001e4 1 1d fffff000
-[f] 010001f4 00120213
-[d] 010001f0 13 04 04 - 0 - 00000001 -
-[r] 04 - fffff00f -
-[e] 010001ec 0100026c 0
-[w] 010001e8 1 1d fffff00f
-[f] 010001f8 00200293
-[d] 010001f4 13 05 00 - 0 - 00000002 -
-[r] 00 - 00000001 -
-[e] 010001f0 00000002 0
-[f] 010001fc fc521ee3
-[d] 010001f8 63 - 04 05 1 - ffffffdc -
-[r] 04 05 00000000 00000000
-[e] 010001f4 00000002 0
-[f] 01000200 01100193
-[d] 010001fc 13 03 00 - 0 - 00000011 -
-[r] 00 - 00000001 -
-[e] 010001f8 010001d4 0
-[w] 010001f0 1 04 00000002
-[f] 01000204 00000213
-[d] 01000200 13 04 00 - 0 - 00000000 -
-[r] 00 - 00000000 -
-[e] 010001fc 00000011 0
-[w] 010001f4 1 05 00000002
-[f] 01000208 00000097
-[d] 01000204 17 01 - - - - 00000000 -
-[r] - - - -
-[e] 01000200 00000000 0
-[f] 0100020c 0c008093
-[d] 01000208 13 01 01 - 0 - 000000c0 -
-[r] 01 - 00000000 -
-[e] 01000204 01000204 0
-[w] 010001fc 1 03 00000011
-[f] 01000218 00209f03
-[d] 01000214 03 1e 01 - 1 - 00000002 -
-[r] 01 - 00000000 -
-[w] 01000208 1 01 010002c4
-[f] 01000218 00209f03
-[d] 01000214 03 1e 01 - 1 - 00000002 -
-[r] 01 - 01000204 -
-[e] 01000214 01000204 0
-[f] 0100021c f0000e93
-[d] 01000218 13 1d 00 - 0 - ffffff00 -
-[r] 00 - 010002c4 -
-[e] 01000214 010002c6 0
-[f] 01000220 05df1863
-[d] 0100021c 63 - 1e 1d 1 - 00000050 -
-[r] 1e 1d 00000000 00000000
-[e] 01000218 ffffff00 0
-[f] 01000224 00120213
-[d] 01000220 13 04 04 - 0 - 00000001 -
-[r] 04 - fffff00f -
-[e] 0100021c 0100026c 0
-[w] 01000214 1 1e ffffff00
-[f] 01000228 00200293
-[d] 01000224 13 05 00 - 0 - 00000002 -
-[r] 00 - 00000000 -
-[e] 01000220 00000001 0
-[w] 01000218 1 1d ffffff00
-[f] 0100022c fc521ee3
-[d] 01000228 63 - 04 05 1 - ffffffdc -
-[r] 04 05 00000000 00000000
-[e] 01000224 00000002 0
-[f] 01000230 00000297
-[d] 0100022c 17 05 - - - - 00000000 -
-[r] - - - -
-[e] 01000228 01000204 1
-[w] 01000220 1 04 00000001
-[f] 01000208 00000097
-[d] 01000204 17 01 - - - - 00000000 -
-[r] - - - -
-[f] 0100020c 0c008093
-[d] 01000208 13 01 01 - 0 - 000000c0 -
-[r] 01 - 00000000 -
-[e] 01000204 01000204 0
-[f] 01000218 00209f03
-[d] 01000214 03 1e 01 - 1 - 00000002 -
-[r] 01 - 00000000 -
-[w] 01000208 1 01 010002c4
-[f] 01000218 00209f03
-[d] 01000214 03 1e 01 - 1 - 00000002 -
-[r] 01 - 01000204 -
-[e] 01000214 01000204 0
-[f] 0100021c f0000e93
-[d] 01000218 13 1d 00 - 0 - ffffff00 -
-[r] 00 - 010002c4 -
-[e] 01000214 010002c6 0
-[f] 01000220 05df1863
-[d] 0100021c 63 - 1e 1d 1 - 00000050 -
-[r] 1e 1d 00000000 00000000
-[e] 01000218 ffffff00 0
-[f] 01000224 00120213
-[d] 01000220 13 04 04 - 0 - 00000001 -
-[r] 04 - ffffff00 -
-[e] 0100021c 0100026c 0
-[w] 01000214 1 1e ffffff00
-[f] 01000228 00200293
-[d] 01000224 13 05 00 - 0 - 00000002 -
-[r] 00 - 00000001 -
-[e] 01000220 00000002 0
-[w] 01000218 1 1d ffffff00
-[f] 0100022c fc521ee3
-[d] 01000228 63 - 04 05 1 - ffffffdc -
-[r] 04 05 00000000 00000000
-[e] 01000224 00000002 0
-[f] 01000230 00000297
-[d] 0100022c 17 05 - - - - 00000000 -
-[r] - - - -
-[e] 01000228 01000204 0
-[w] 01000220 1 04 00000002
-[f] 01000234 09828293
-[d] 01000230 13 05 05 - 0 - 00000098 -
-[r] 05 - 00000000 -
-[e] 0100022c 0100022c 0
-[w] 01000224 1 05 00000002
-[f] 01000238 00029103
-[d] 01000234 03 02 05 - 1 - 00000000 -
-[r] 05 - 00000002 -
-[e] 01000230 010002c4 0
-[f] 0100023c 00200113
-[d] 01000238 13 02 00 - 0 - 00000002 -
-[r] 00 - 00000002 -
-[e] 01000234 010002c4 0
-[w] 0100022c 1 05 0100022c
-[f] 01000240 00200e93
-[d] 0100023c 13 1d 00 - 0 - 00000002 -
-[r] 00 - 00000000 -
-[e] 01000238 00000002 0
-[w] 01000230 1 05 010002c4
-[f] 01000244 01200193
-[d] 01000240 13 03 00 - 0 - 00000012 -
-[r] 00 - 00000000 -
-[e] 0100023c 00000002 0
-[w] 01000234 1 02 000000ff
-[f] 01000248 03d11463
-[d] 01000244 63 - 02 1d 1 - 00000028 -
-[r] 02 1d 00000000 00000000
-[e] 01000240 00000012 0
-[w] 01000238 1 02 00000002
-[f] 01000248 03d11463
-[d] 01000244 63 - 02 1d 1 - 00000028 -
-[r] 02 1d 000000ff ffffff00
-[e] 01000244 000000ff 0
-[w] 0100023c 1 1d 00000002
-[f] 01000248 03d11463
-[d] 01000244 63 - 02 1d 1 - 00000028 -
-[r] 02 1d 00000002 ffffff00
-[e] 01000244 00000002 0
-[w] 01000240 1 03 00000012
-[f] 0100024c 00000297
-[d] 01000248 17 05 - - - - 00000000 -
-[r] - - - -
-[e] 01000244 0100026c 0
-[f] 01000250 07c28293
-[d] 0100024c 13 05 05 - 0 - 0000007c -
-[r] 05 - 00000000 -
-[e] 01000248 01000248 0
-[f] 01000254 00029103
-[d] 01000250 03 02 05 - 1 - 00000000 -
-[r] 05 - 010002c4 -
-[e] 0100024c 010002c4 0
-[f] 0100025c 00200113
-[d] 01000258 13 02 00 - 0 - 00000002 -
-[r] 00 - 00000000 -
-[w] 0100024c 1 05 010002c4
-[f] 01000260 00200e93
-[d] 0100025c 13 1d 00 - 0 - 00000002 -
-[r] 00 - 00000000 -
-[e] 01000258 00000002 0
-[w] 01000250 1 02 000000ff
-[f] 01000264 01300193
-[d] 01000260 13 03 00 - 0 - 00000013 -
-[r] 00 - 00000000 -
-[e] 0100025c 00000002 0
-[f] 01000268 01d11463
-[d] 01000264 63 - 02 1d 1 - 00000008 -
-[r] 02 1d 00000000 00000000
-[e] 01000260 00000013 0
-[w] 01000258 1 02 00000002
-[f] 01000268 01d11463
-[d] 01000264 63 - 02 1d 1 - 00000008 -
-[r] 02 1d 000000ff 00000002
-[e] 01000264 000000ff 0
-[w] 0100025c 1 1d 00000002
-[f] 01000268 01d11463
-[d] 01000264 63 - 02 1d 1 - 00000008 -
-[r] 02 1d 00000002 00000002
-[e] 01000264 00000002 0
-[w] 01000260 1 03 00000013
-[f] 0100026c 00301c63
-[d] 01000268 63 - 00 03 1 - 00000018 -
-[r] 00 03 00000002 00000002
-[e] 01000264 0100026c 0
-[f] 01000288 00100193
-[d] 01000284 13 03 00 - 0 - 00000001 -
-[r] 00 - 00000000 -
-[e] 01000280 00000000 0
+[e] 01000018 01000270 1
+[f] 01000274 00018063
+[d] 01000270 03 1e 01 - 1 - 00000002 -
+[r] 01 - 00000000 -
+[f] 01000278 00119193
+[d] 01000274 63 - 03 00 0 - 00000000 -
+[r] 03 00 010002c8 00000000
+[e] 01000270 00000002 0
+[f] 0100027c 0011e193
+[d] 01000278 13 03 03 - 1 - 00000000 -
+[r] 03 - 00000002 -
+[e] 01000274 01000274 0
+[f] 01000280 00000073
+[d] 0100027c 13 03 03 - 6 - 00000001 -
+[r] 03 - 00000002 -
+[e] 01000278 00000002 0
+[w] 01000270 1 1e 00000097
