--- /tmp/tmp.horLsUHLEq	2025-11-28 17:09:55.652383743 -0500
+++ /tmp/tmp.jzENAIsQkk	2025-11-28 17:09:55.663383793 -0500
@@ -1,2018 +1,131 @@
-[f] 01000004 00000093
-[d] 01000000 13 01 00 - 0 - 00000000 -
-[r] 00 - 00000000 -
 [f] 01000008 00000113
-[d] 01000004 13 02 00 - 0 - 00000000 -
+[d] 01000004 13 01 00 - 0 - 00000000 -
 [r] 00 - 00000000 -
 [e] 01000000 00000000 0
 [f] 0100000c 40208f33
-[d] 01000008 33 1e 01 02 0 20 - -
-[r] 01 02 00000000 00000000
+[d] 01000008 13 02 00 - 0 - 00000000 -
+[r] 00 - 00000000 -
 [e] 01000004 00000000 0
 [f] 01000010 00000e93
-[d] 0100000c 13 1d 00 - 0 - 00000000 -
-[r] 00 - 00000000 -
+[d] 0100000c 33 1e 01 02 0 20 - -
+[r] 01 02 00000000 00000000
 [e] 01000008 00000000 0
-[w] 01000000 1 01 00000000
 [f] 01000014 00200193
-[d] 01000010 13 03 00 - 0 - 00000002 -
+[d] 01000010 13 1d 00 - 0 - 00000000 -
 [r] 00 - 00000000 -
 [e] 0100000c 00000000 0
-[w] 01000004 1 02 00000000
+[w] 01000004 1 01 00000000
 [f] 01000018 4bdf1663
-[d] 01000014 63 - 1e 1d 1 - 000004ac -
-[r] 1e 1d 00000000 00000000
-[e] 01000010 00000002 0
-[w] 01000008 1 1e 00000000
-[f] 01000018 4bdf1663
-[d] 01000014 63 - 1e 1d 1 - 000004ac -
+[d] 01000014 13 03 00 - 0 - 00000002 -
+[r] 00 - 00000000 -
+[e] 01000010 00000000 0
+[w] 01000008 1 02 00000000
+[f] 0100001c 00100093
+[d] 01000018 63 - 1e 1d 1 - 000004ac -
 [r] 1e 1d 00000000 00000000
-[e] 01000014 00000000 0
-[w] 0100000c 1 1d 00000000
-[f] 01000018 4bdf1663
-[d] 01000014 63 - 1e 1d 1 - 000004ac -
+[e] 01000014 00000002 0
+[w] 0100000c 1 1e 00000000
+[f] 0100001c 00100093
+[d] 01000018 63 - 1e 1d 1 - 000004ac -
 [r] 1e 1d 00000000 00000000
-[e] 01000014 00000000 0
-[w] 01000010 1 03 00000002
+[e] 01000018 00000000 0
+[w] 01000010 1 1d 00000000
 [f] 0100001c 00100093
-[d] 01000018 13 01 00 - 0 - 00000001 -
-[r] 00 - 00000000 -
-[e] 01000014 010004c0 0
+[d] 01000018 63 - 1e 1d 1 - 000004ac -
+[r] 1e 1d 00000000 00000000
+[e] 01000018 00000000 0
+[w] 01000014 1 03 00000002
 [f] 01000020 00100113
-[d] 0100001c 13 02 00 - 0 - 00000001 -
+[d] 0100001c 13 01 00 - 0 - 00000001 -
 [r] 00 - 00000000 -
-[e] 01000018 00000001 0
+[e] 01000018 010004c4 0
 [f] 01000024 40208f33
-[d] 01000020 33 1e 01 02 0 20 - -
-[r] 01 02 00000000 00000000
+[d] 01000020 13 02 00 - 0 - 00000001 -
+[r] 00 - 00000000 -
 [e] 0100001c 00000001 0
 [f] 01000028 00000e93
-[d] 01000024 13 1d 00 - 0 - 00000000 -
-[r] 00 - 00000000 -
-[e] 01000020 00000000 0
-[w] 01000018 1 01 00000001
+[d] 01000024 33 1e 01 02 0 20 - -
+[r] 01 02 00000000 00000000
+[e] 01000020 00000001 0
 [f] 0100002c 00300193
-[d] 01000028 13 03 00 - 0 - 00000003 -
+[d] 01000028 13 1d 00 - 0 - 00000000 -
 [r] 00 - 00000000 -
 [e] 01000024 00000000 0
-[w] 0100001c 1 02 00000001
+[w] 0100001c 1 01 00000001
 [f] 01000030 49df1a63
-[d] 0100002c 63 - 1e 1d 1 - 00000494 -
-[r] 1e 1d 00000000 00000000
-[e] 01000028 00000003 0
-[w] 01000020 1 1e 00000000
-[f] 01000030 49df1a63
-[d] 0100002c 63 - 1e 1d 1 - 00000494 -
+[d] 0100002c 13 03 00 - 0 - 00000003 -
+[r] 00 - 00000000 -
+[e] 01000028 00000000 0
+[w] 01000020 1 02 00000001
+[f] 01000034 00300093
+[d] 01000030 63 - 1e 1d 1 - 00000494 -
 [r] 1e 1d 00000000 00000000
-[e] 0100002c 00000000 0
-[w] 01000024 1 1d 00000000
-[f] 01000030 49df1a63
-[d] 0100002c 63 - 1e 1d 1 - 00000494 -
+[e] 0100002c 00000003 0
+[w] 01000024 1 1e 00000000
+[f] 01000034 00300093
+[d] 01000030 63 - 1e 1d 1 - 00000494 -
 [r] 1e 1d 00000000 00000000
-[e] 0100002c 00000000 0
-[w] 01000028 1 03 00000003
+[e] 01000030 00000000 0
+[w] 01000028 1 1d 00000000
 [f] 01000034 00300093
-[d] 01000030 13 01 00 - 0 - 00000003 -
-[r] 00 - 00000000 -
-[e] 0100002c 010004c0 0
+[d] 01000030 63 - 1e 1d 1 - 00000494 -
+[r] 1e 1d 00000000 00000000
+[e] 01000030 00000000 0
+[w] 0100002c 1 03 00000003
 [f] 01000038 00700113
-[d] 01000034 13 02 00 - 0 - 00000007 -
+[d] 01000034 13 01 00 - 0 - 00000003 -
 [r] 00 - 00000000 -
-[e] 01000030 00000003 0
+[e] 01000030 010004c4 0
 [f] 0100003c 40208f33
-[d] 01000038 33 1e 01 02 0 20 - -
-[r] 01 02 00000000 00000000
-[e] 01000034 00000007 0
+[d] 01000038 13 02 00 - 0 - 00000007 -
+[r] 00 - 00000000 -
+[e] 01000034 00000003 0
 [f] 01000040 ffc00e93
-[d] 0100003c 13 1d 00 - 0 - fffffffc -
-[r] 00 - 00000001 -
-[e] 01000038 fffffffc 0
-[w] 01000030 1 01 00000003
+[d] 0100003c 33 1e 01 02 0 20 - -
+[r] 01 02 00000000 00000000
+[e] 01000038 00000007 0
 [f] 01000044 00400193
-[d] 01000040 13 03 00 - 0 - 00000004 -
-[r] 00 - 00000000 -
+[d] 01000040 13 1d 00 - 0 - fffffffc -
+[r] 00 - 00000001 -
 [e] 0100003c fffffffc 0
-[w] 01000034 1 02 00000007
+[w] 01000034 1 01 00000003
 [f] 01000048 47df1e63
-[d] 01000044 63 - 1e 1d 1 - 0000047c -
+[d] 01000044 13 03 00 - 0 - 00000004 -
+[r] 00 - 00000000 -
+[e] 01000040 fffffffd 0
+[w] 01000038 1 02 00000007
+[f] 0100004c 00000093
+[d] 01000048 63 - 1e 1d 1 - 0000047c -
 [r] 1e 1d 00000000 00000000
-[e] 01000040 00000004 0
-[w] 01000038 1 1e fffffffc
-[f] 01000048 47df1e63
-[d] 01000044 63 - 1e 1d 1 - 0000047c -
+[e] 01000044 00000004 0
+[w] 0100003c 1 1e fffffffc
+[f] 0100004c 00000093
+[d] 01000048 63 - 1e 1d 1 - 0000047c -
 [r] 1e 1d 00000000 00000000
-[e] 01000044 00000000 0
-[w] 0100003c 1 1d fffffffc
-[f] 01000048 47df1e63
-[d] 01000044 63 - 1e 1d 1 - 0000047c -
-[r] 1e 1d fffffffc 00000000
-[e] 01000044 fffffffc 0
-[w] 01000040 1 03 00000004
+[e] 01000048 00000000 0
+[w] 01000040 1 1d fffffffd
 [f] 0100004c 00000093
-[d] 01000048 13 01 00 - 0 - 00000000 -
-[r] 00 - fffffffc -
-[e] 01000044 010004c0 0
-[f] 01000050 ffff8137
-[d] 0100004c 37 02 - - - - ffff8000 -
-[r] - - - -
+[d] 01000048 63 - 1e 1d 1 - 0000047c -
+[r] 1e 1d fffffffc 00000000
 [e] 01000048 00000000 0
-[f] 01000054 40208f33
-[d] 01000050 33 1e 01 02 0 20 - -
-[r] 01 02 00000000 00000000
-[e] 0100004c ffff8000 0
-[f] 01000058 00008eb7
-[d] 01000054 37 1d - - - - 00008000 -
-[r] - - - -
-[e] 01000050 00008000 0
-[w] 01000048 1 01 00000000
-[f] 0100005c 00500193
-[d] 01000058 13 03 00 - 0 - 00000005 -
-[r] 00 - 00000000 -
-[e] 01000054 00008000 0
-[w] 0100004c 1 02 ffff8000
-[f] 01000060 47df1263
-[d] 0100005c 63 - 1e 1d 1 - 00000464 -
-[r] 1e 1d 00000000 00000000
-[e] 01000058 00000005 0
-[w] 01000050 1 1e 00008000
-[f] 01000060 47df1263
-[d] 0100005c 63 - 1e 1d 1 - 00000464 -
-[r] 1e 1d fffffffc fffffffc
-[e] 0100005c fffffffc 0
-[w] 01000054 1 1d 00008000
-[f] 01000060 47df1263
-[d] 0100005c 63 - 1e 1d 1 - 00000464 -
-[r] 1e 1d 00008000 fffffffc
-[e] 0100005c 00008000 0
-[w] 01000058 1 03 00000005
-[f] 01000064 800000b7
-[d] 01000060 37 01 - - - - 80000000 -
-[r] - - - -
-[e] 0100005c 010004c0 0
-[f] 01000068 00000113
-[d] 01000064 13 02 00 - 0 - 00000000 -
-[r] 00 - 00000000 -
-[e] 01000060 80000000 0
-[f] 0100006c 40208f33
-[d] 01000068 33 1e 01 02 0 20 - -
-[r] 01 02 00000000 00000000
-[e] 01000064 00000000 0
-[f] 01000070 80000eb7
-[d] 0100006c 37 1d - - - - 80000000 -
-[r] - - - -
-[e] 01000068 80000000 0
-[w] 01000060 1 01 80000000
-[f] 01000074 00600193
-[d] 01000070 13 03 00 - 0 - 00000006 -
-[r] 00 - 00000000 -
-[e] 0100006c 80000000 0
-[w] 01000064 1 02 00000000
-[f] 01000078 45df1663
-[d] 01000074 63 - 1e 1d 1 - 0000044c -
-[r] 1e 1d 00000000 00000000
-[e] 01000070 00000006 0
-[w] 01000068 1 1e 80000000
-[f] 01000078 45df1663
-[d] 01000074 63 - 1e 1d 1 - 0000044c -
-[r] 1e 1d 00008000 00008000
-[e] 01000074 00008000 0
-[w] 0100006c 1 1d 80000000
-[f] 01000078 45df1663
-[d] 01000074 63 - 1e 1d 1 - 0000044c -
-[r] 1e 1d 80000000 00008000
-[e] 01000074 80000000 0
-[w] 01000070 1 03 00000006
-[f] 0100007c 800000b7
-[d] 01000078 37 01 - - - - 80000000 -
-[r] - - - -
-[e] 01000074 010004c0 0
-[f] 01000080 ffff8137
-[d] 0100007c 37 02 - - - - ffff8000 -
-[r] - - - -
-[e] 01000078 80000000 0
-[f] 01000084 40208f33
-[d] 01000080 33 1e 01 02 0 20 - -
-[r] 01 02 00000000 00000000
-[e] 0100007c ffff8000 0
-[f] 01000088 80008eb7
-[d] 01000084 37 1d - - - - 80008000 -
-[r] - - - -
-[e] 01000080 80008000 0
-[w] 01000078 1 01 80000000
-[f] 0100008c 00700193
-[d] 01000088 13 03 00 - 0 - 00000007 -
-[r] 00 - 00000000 -
-[e] 01000084 80008000 0
-[w] 0100007c 1 02 ffff8000
-[f] 01000090 43df1a63
-[d] 0100008c 63 - 1e 1d 1 - 00000434 -
-[r] 1e 1d 00000000 00000000
-[e] 01000088 00000007 0
-[w] 01000080 1 1e 80008000
-[f] 01000090 43df1a63
-[d] 0100008c 63 - 1e 1d 1 - 00000434 -
-[r] 1e 1d 80000000 80000000
-[e] 0100008c 80000000 0
-[w] 01000084 1 1d 80008000
-[f] 01000090 43df1a63
-[d] 0100008c 63 - 1e 1d 1 - 00000434 -
-[r] 1e 1d 80008000 80000000
-[e] 0100008c 80008000 0
-[w] 01000088 1 03 00000007
-[f] 01000094 00000093
-[d] 01000090 13 01 00 - 0 - 00000000 -
-[r] 00 - 80008000 -
-[e] 0100008c 010004c0 0
-[f] 01000098 00008137
-[d] 01000094 37 02 - - - - 00008000 -
-[r] - - - -
-[e] 01000090 00000000 0
-[f] 0100009c fff10113
-[d] 01000098 13 02 02 - 0 - ffffffff -
-[r] 02 - 00000000 -
-[e] 01000094 00008000 0
-[f] 010000a0 40208f33
-[d] 0100009c 33 1e 01 02 0 20 - -
-[r] 01 02 ffff8000 00000000
-[e] 01000098 00007fff 0
-[w] 01000090 1 01 00000000
-[f] 010000a0 40208f33
-[d] 0100009c 33 1e 01 02 0 20 - -
-[r] 01 02 80000000 ffff8000
-[e] 0100009c 80000000 0
-[w] 01000094 1 02 00008000
-[f] 010000a4 ffff8eb7
-[d] 010000a0 37 1d - - - - ffff8000 -
-[r] - - - -
-[e] 0100009c ffff8001 0
-[w] 01000098 1 02 00007fff
-[f] 010000a8 001e8e93
-[d] 010000a4 13 1d 1d - 0 - 00000001 -
-[r] 1d - 00000000 -
-[e] 010000a0 ffff8000 0
-[f] 010000ac 00800193
-[d] 010000a8 13 03 00 - 0 - 00000008 -
-[r] 00 - 80008000 -
-[e] 010000a4 ffff8001 0
-[w] 0100009c 1 1e ffff8001
-[f] 010000b0 41df1a63
-[d] 010000ac 63 - 1e 1d 1 - 00000414 -
-[r] 1e 1d 00000000 00000000
-[e] 010000a8 00000008 0
-[w] 010000a0 1 1d ffff8000
-[f] 010000b4 800000b7
-[d] 010000b0 37 01 - - - - 80000000 -
-[r] - - - -
-[e] 010000ac 010004c0 0
-[w] 010000a4 1 1d ffff8001
-[f] 010000b8 fff08093
-[d] 010000b4 13 01 01 - 0 - ffffffff -
-[r] 01 - 00000000 -
-[e] 010000b0 80000000 0
-[w] 010000a8 1 03 00000008
-[f] 010000bc 00000113
-[d] 010000b8 13 02 00 - 0 - 00000000 -
-[r] 00 - 00000000 -
-[e] 010000b4 7fffffff 0
-[f] 010000c0 40208f33
-[d] 010000bc 33 1e 01 02 0 20 - -
-[r] 01 02 00000000 00000000
-[e] 010000b8 00000000 0
-[w] 010000b0 1 01 80000000
-[f] 010000c4 80000eb7
-[d] 010000c0 37 1d - - - - 80000000 -
-[r] - - - -
-[e] 010000bc 7fffffff 0
-[w] 010000b4 1 01 7fffffff
-[f] 010000c8 fffe8e93
-[d] 010000c4 13 1d 1d - 0 - ffffffff -
-[r] 1d - 00000000 -
-[e] 010000c0 80000000 0
-[w] 010000b8 1 02 00000000
-[f] 010000cc 00900193
-[d] 010000c8 13 03 00 - 0 - 00000009 -
-[r] 00 - ffff8001 -
-[e] 010000c4 7fffffff 0
-[w] 010000bc 1 1e 7fffffff
-[f] 010000d0 3fdf1a63
-[d] 010000cc 63 - 1e 1d 1 - 000003f4 -
-[r] 1e 1d 00000000 00000000
-[e] 010000c8 00000009 0
-[w] 010000c0 1 1d 80000000
-[f] 010000d4 800000b7
-[d] 010000d0 37 01 - - - - 80000000 -
-[r] - - - -
-[e] 010000cc 010004c0 0
-[w] 010000c4 1 1d 7fffffff
-[f] 010000d8 fff08093
-[d] 010000d4 13 01 01 - 0 - ffffffff -
-[r] 01 - 00000000 -
-[e] 010000d0 80000000 0
-[w] 010000c8 1 03 00000009
-[f] 010000dc 00008137
-[d] 010000d8 37 02 - - - - 00008000 -
-[r] - - - -
-[e] 010000d4 7fffffff 0
-[f] 010000e0 fff10113
-[d] 010000dc 13 02 02 - 0 - ffffffff -
-[r] 02 - 00000000 -
-[e] 010000d8 00008000 0
-[w] 010000d0 1 01 80000000
-[f] 010000e4 40208f33
-[d] 010000e0 33 1e 01 02 0 20 - -
-[r] 01 02 00000000 00000000
-[e] 010000dc 00007fff 0
-[w] 010000d4 1 01 7fffffff
-[f] 010000e4 40208f33
-[d] 010000e0 33 1e 01 02 0 20 - -
-[r] 01 02 80000000 00000000
-[e] 010000e0 80000000 0
-[w] 010000d8 1 02 00008000
-[f] 010000e8 7fff8eb7
-[d] 010000e4 37 1d - - - - 7fff8000 -
-[r] - - - -
-[e] 010000e0 7fff8000 0
-[w] 010000dc 1 02 00007fff
-[f] 010000ec 00a00193
-[d] 010000e8 13 03 00 - 0 - 0000000a -
-[r] 00 - 00000000 -
-[e] 010000e4 7fff8000 0
-[f] 010000f0 3ddf1a63
-[d] 010000ec 63 - 1e 1d 1 - 000003d4 -
-[r] 1e 1d 00000000 00000000
-[e] 010000e8 0000000a 0
-[w] 010000e0 1 1e 7fff8000
-[f] 010000f0 3ddf1a63
-[d] 010000ec 63 - 1e 1d 1 - 000003d4 -
-[r] 1e 1d 7fffffff 7fffffff
-[e] 010000ec 7fffffff 0
-[w] 010000e4 1 1d 7fff8000
-[f] 010000f0 3ddf1a63
-[d] 010000ec 63 - 1e 1d 1 - 000003d4 -
-[r] 1e 1d 7fff8000 7fffffff
-[e] 010000ec 7fff8000 0
-[w] 010000e8 1 03 0000000a
-[f] 010000f4 800000b7
-[d] 010000f0 37 01 - - - - 80000000 -
-[r] - - - -
-[e] 010000ec 010004c0 0
-[f] 010000f8 00008137
-[d] 010000f4 37 02 - - - - 00008000 -
-[r] - - - -
-[e] 010000f0 80000000 0
-[f] 010000fc fff10113
-[d] 010000f8 13 02 02 - 0 - ffffffff -
-[r] 02 - 00000000 -
-[e] 010000f4 00008000 0
-[f] 01000100 40208f33
-[d] 010000fc 33 1e 01 02 0 20 - -
-[r] 01 02 00007fff 00000000
-[e] 010000f8 00007fff 0
-[w] 010000f0 1 01 80000000
-[f] 01000100 40208f33
-[d] 010000fc 33 1e 01 02 0 20 - -
-[r] 01 02 7fffffff 00007fff
-[e] 010000fc 7fffffff 0
-[w] 010000f4 1 02 00008000
-[f] 01000104 7fff8eb7
-[d] 01000100 37 1d - - - - 7fff8000 -
-[r] - - - -
-[e] 010000fc 7fff8001 0
-[w] 010000f8 1 02 00007fff
-[f] 01000108 001e8e93
-[d] 01000104 13 1d 1d - 0 - 00000001 -
-[r] 1d - 00000000 -
-[e] 01000100 7fff8000 0
-[f] 0100010c 00b00193
-[d] 01000108 13 03 00 - 0 - 0000000b -
-[r] 00 - 7fff8000 -
-[e] 01000104 7fff8001 0
-[w] 010000fc 1 1e 7fff8001
-[f] 01000110 3bdf1a63
-[d] 0100010c 63 - 1e 1d 1 - 000003b4 -
-[r] 1e 1d 00000000 00000000
-[e] 01000108 0000000b 0
-[w] 01000100 1 1d 7fff8000
-[f] 01000114 800000b7
-[d] 01000110 37 01 - - - - 80000000 -
-[r] - - - -
-[e] 0100010c 010004c0 0
-[w] 01000104 1 1d 7fff8001
-[f] 01000118 fff08093
-[d] 01000114 13 01 01 - 0 - ffffffff -
-[r] 01 - 00000000 -
-[e] 01000110 80000000 0
-[w] 01000108 1 03 0000000b
-[f] 0100011c ffff8137
-[d] 01000118 37 02 - - - - ffff8000 -
-[r] - - - -
-[e] 01000114 7fffffff 0
-[f] 01000120 40208f33
-[d] 0100011c 33 1e 01 02 0 20 - -
-[r] 01 02 00000000 00000000
-[e] 01000118 ffff8000 0
-[w] 01000110 1 01 80000000
-[f] 01000124 80008eb7
-[d] 01000120 37 1d - - - - 80008000 -
-[r] - - - -
-[e] 0100011c 80007fff 0
-[w] 01000114 1 01 7fffffff
-[f] 01000128 fffe8e93
-[d] 01000124 13 1d 1d - 0 - ffffffff -
-[r] 1d - 00000000 -
-[e] 01000120 80008000 0
-[w] 01000118 1 02 ffff8000
-[f] 0100012c 00c00193
-[d] 01000128 13 03 00 - 0 - 0000000c -
-[r] 00 - 7fff8001 -
-[e] 01000124 80007fff 0
-[w] 0100011c 1 1e 80007fff
-[f] 01000130 39df1a63
-[d] 0100012c 63 - 1e 1d 1 - 00000394 -
-[r] 1e 1d 00000000 00000000
-[e] 01000128 0000000c 0
-[w] 01000120 1 1d 80008000
-[f] 01000134 00000093
-[d] 01000130 13 01 00 - 0 - 00000000 -
-[r] 00 - 80007fff -
-[e] 0100012c 010004c0 0
-[w] 01000124 1 1d 80007fff
-[f] 01000138 fff00113
-[d] 01000134 13 02 00 - 0 - ffffffff -
-[r] 00 - 00000000 -
-[e] 01000130 00000000 0
-[w] 01000128 1 03 0000000c
-[f] 0100013c 40208f33
-[d] 01000138 33 1e 01 02 0 20 - -
-[r] 01 02 00000000 00000000
-[e] 01000134 ffffffff 0
-[f] 01000140 00100e93
-[d] 0100013c 13 1d 00 - 0 - 00000001 -
-[r] 00 - 7fffffff -
-[e] 01000138 00000001 0
-[w] 01000130 1 01 00000000
-[f] 01000144 00d00193
-[d] 01000140 13 03 00 - 0 - 0000000d -
-[r] 00 - 00000000 -
-[e] 0100013c 00000001 0
-[w] 01000134 1 02 ffffffff
-[f] 01000148 37df1e63
-[d] 01000144 63 - 1e 1d 1 - 0000037c -
-[r] 1e 1d 00000000 00000000
-[e] 01000140 0000000d 0
-[w] 01000138 1 1e 00000001
-[f] 01000148 37df1e63
-[d] 01000144 63 - 1e 1d 1 - 0000037c -
-[r] 1e 1d 80007fff 80007fff
-[e] 01000144 80007fff 0
-[w] 0100013c 1 1d 00000001
-[f] 01000148 37df1e63
-[d] 01000144 63 - 1e 1d 1 - 0000037c -
-[r] 1e 1d 00000001 80007fff
-[e] 01000144 00000001 0
-[w] 01000140 1 03 0000000d
-[f] 0100014c fff00093
-[d] 01000148 13 01 00 - 0 - ffffffff -
-[r] 00 - 00000001 -
-[e] 01000144 010004c0 0
-[f] 01000150 00100113
-[d] 0100014c 13 02 00 - 0 - 00000001 -
-[r] 00 - 00000000 -
-[e] 01000148 ffffffff 0
-[f] 01000154 40208f33
-[d] 01000150 33 1e 01 02 0 20 - -
-[r] 01 02 00000000 00000000
-[e] 0100014c 00000001 0
-[f] 01000158 ffe00e93
-[d] 01000154 13 1d 00 - 0 - fffffffe -
-[r] 00 - 00000000 -
-[e] 01000150 fffffffe 0
-[w] 01000148 1 01 ffffffff
-[f] 0100015c 00e00193
-[d] 01000158 13 03 00 - 0 - 0000000e -
-[r] 00 - 00000000 -
-[e] 01000154 fffffffe 0
-[w] 0100014c 1 02 00000001
-[f] 01000160 37df1263
-[d] 0100015c 63 - 1e 1d 1 - 00000364 -
-[r] 1e 1d 00000000 00000000
-[e] 01000158 0000000e 0
-[w] 01000150 1 1e fffffffe
-[f] 01000160 37df1263
-[d] 0100015c 63 - 1e 1d 1 - 00000364 -
-[r] 1e 1d 00000001 00000001
-[e] 0100015c 00000001 0
-[w] 01000154 1 1d fffffffe
-[f] 01000160 37df1263
-[d] 0100015c 63 - 1e 1d 1 - 00000364 -
-[r] 1e 1d fffffffe 00000001
-[e] 0100015c fffffffe 0
-[w] 01000158 1 03 0000000e
-[f] 01000164 fff00093
-[d] 01000160 13 01 00 - 0 - ffffffff -
-[r] 00 - fffffffe -
-[e] 0100015c 010004c0 0
-[f] 01000168 fff00113
-[d] 01000164 13 02 00 - 0 - ffffffff -
-[r] 00 - 00000000 -
-[e] 01000160 ffffffff 0
-[f] 0100016c 40208f33
-[d] 01000168 33 1e 01 02 0 20 - -
-[r] 01 02 00000000 00000000
-[e] 01000164 ffffffff 0
-[f] 01000170 00000e93
-[d] 0100016c 13 1d 00 - 0 - 00000000 -
-[r] 00 - ffffffff -
-[e] 01000168 00000000 0
-[w] 01000160 1 01 ffffffff
-[f] 01000174 00f00193
-[d] 01000170 13 03 00 - 0 - 0000000f -
-[r] 00 - 00000000 -
-[e] 0100016c 00000000 0
-[w] 01000164 1 02 ffffffff
-[f] 01000178 35df1663
-[d] 01000174 63 - 1e 1d 1 - 0000034c -
-[r] 1e 1d 00000000 00000000
-[e] 01000170 0000000f 0
-[w] 01000168 1 1e 00000000
-[f] 01000178 35df1663
-[d] 01000174 63 - 1e 1d 1 - 0000034c -
-[r] 1e 1d fffffffe fffffffe
-[e] 01000174 fffffffe 0
-[w] 0100016c 1 1d 00000000
-[f] 01000178 35df1663
-[d] 01000174 63 - 1e 1d 1 - 0000034c -
-[r] 1e 1d 00000000 fffffffe
-[e] 01000174 00000000 0
-[w] 01000170 1 03 0000000f
-[f] 0100017c 00d00093
-[d] 01000178 13 01 00 - 0 - 0000000d -
-[r] 00 - 00000000 -
-[e] 01000174 010004c0 0
-[f] 01000180 00b00113
-[d] 0100017c 13 02 00 - 0 - 0000000b -
-[r] 00 - 00000000 -
-[e] 01000178 0000000d 0
-[f] 01000184 402080b3
-[d] 01000180 33 01 01 02 0 20 - -
-[r] 01 02 00000000 00000000
-[e] 0100017c 0000000b 0
-[f] 01000188 00200e93
-[d] 01000184 13 1d 00 - 0 - 00000002 -
-[r] 00 - ffffffff -
-[e] 01000180 00000002 0
-[w] 01000178 1 01 0000000d
-[f] 0100018c 01000193
-[d] 01000188 13 03 00 - 0 - 00000010 -
-[r] 00 - 00000000 -
-[e] 01000184 00000002 0
-[w] 0100017c 1 02 0000000b
-[f] 01000190 33d09a63
-[d] 0100018c 63 - 01 1d 1 - 00000334 -
-[r] 01 1d 00000000 00000000
-[e] 01000188 00000010 0
-[w] 01000180 1 01 00000002
-[f] 01000190 33d09a63
-[d] 0100018c 63 - 01 1d 1 - 00000334 -
-[r] 01 1d 0000000d 00000000
-[e] 0100018c 0000000d 0
-[w] 01000184 1 1d 00000002
-[f] 01000190 33d09a63
-[d] 0100018c 63 - 01 1d 1 - 00000334 -
-[r] 01 1d 00000002 00000000
-[e] 0100018c 00000002 0
-[w] 01000188 1 03 00000010
-[f] 01000194 00e00093
-[d] 01000190 13 01 00 - 0 - 0000000e -
-[r] 00 - 00000002 -
-[e] 0100018c 010004c0 0
-[f] 01000198 00b00113
-[d] 01000194 13 02 00 - 0 - 0000000b -
-[r] 00 - 00000000 -
-[e] 01000190 0000000e 0
-[f] 0100019c 40208133
-[d] 01000198 33 02 01 02 0 20 - -
-[r] 01 02 00000000 00000000
-[e] 01000194 0000000b 0
-[f] 010001a0 00300e93
-[d] 0100019c 13 1d 00 - 0 - 00000003 -
-[r] 00 - 00000002 -
-[e] 01000198 00000003 0
-[w] 01000190 1 01 0000000e
-[f] 010001a4 01100193
-[d] 010001a0 13 03 00 - 0 - 00000011 -
-[r] 00 - 00000000 -
-[e] 0100019c 00000003 0
-[w] 01000194 1 02 0000000b
-[f] 010001a8 31d11e63
-[d] 010001a4 63 - 02 1d 1 - 0000031c -
-[r] 02 1d 00000000 00000000
-[e] 010001a0 00000011 0
-[w] 01000198 1 02 00000003
-[f] 010001a8 31d11e63
-[d] 010001a4 63 - 02 1d 1 - 0000031c -
-[r] 02 1d 0000000b 00000002
-[e] 010001a4 0000000b 0
-[w] 0100019c 1 1d 00000003
-[f] 010001a8 31d11e63
-[d] 010001a4 63 - 02 1d 1 - 0000031c -
-[r] 02 1d 00000003 00000002
-[e] 010001a4 00000003 0
-[w] 010001a0 1 03 00000011
-[f] 010001ac 00d00093
-[d] 010001a8 13 01 00 - 0 - 0000000d -
-[r] 00 - 00000003 -
-[e] 010001a4 010004c0 0
-[f] 010001b0 401080b3
-[d] 010001ac 33 01 01 01 0 20 - -
-[r] 01 01 00000000 00000000
-[e] 010001a8 0000000d 0
-[f] 010001b4 00000e93
-[d] 010001b0 13 1d 00 - 0 - 00000000 -
-[r] 00 - 0000000e -
-[e] 010001ac 00000000 0
-[f] 010001b8 01200193
-[d] 010001b4 13 03 00 - 0 - 00000012 -
-[r] 00 - 00000000 -
-[e] 010001b0 00000000 0
-[w] 010001a8 1 01 0000000d
-[f] 010001bc 31d09463
-[d] 010001b8 63 - 01 1d 1 - 00000308 -
-[r] 01 1d 00000000 00000000
-[e] 010001b4 00000012 0
-[w] 010001ac 1 01 00000000
-[f] 010001bc 31d09463
-[d] 010001b8 63 - 01 1d 1 - 00000308 -
-[r] 01 1d 0000000d 00000003
-[e] 010001b8 0000000d 0
-[w] 010001b0 1 1d 00000000
-[f] 010001bc 31d09463
-[d] 010001b8 63 - 01 1d 1 - 00000308 -
-[r] 01 1d 00000000 00000003
-[e] 010001b8 00000000 0
-[w] 010001b4 1 03 00000012
-[f] 010001c0 00000213
-[d] 010001bc 13 04 00 - 0 - 00000000 -
-[r] 00 - 00000000 -
-[e] 010001b8 010004c0 0
-[f] 010001c4 00d00093
-[d] 010001c0 13 01 00 - 0 - 0000000d -
-[r] 00 - 00000000 -
-[e] 010001bc 00000000 0
-[f] 010001c8 00b00113
-[d] 010001c4 13 02 00 - 0 - 0000000b -
-[r] 00 - 00000000 -
-[e] 010001c0 0000000d 0
-[f] 010001cc 40208f33
-[d] 010001c8 33 1e 01 02 0 20 - -
-[r] 01 02 00000000 00000000
-[e] 010001c4 0000000b 0
-[w] 010001bc 1 04 00000000
-[f] 010001d0 000f0313
-[d] 010001cc 13 06 1e - 0 - 00000000 -
-[r] 1e - 00000000 -
-[e] 010001c8 00000002 0
-[w] 010001c0 1 01 0000000d
-[f] 010001d4 00120213
-[d] 010001d0 13 04 04 - 0 - 00000001 -
-[r] 04 - 00000000 -
-[e] 010001cc 00000002 0
-[w] 010001c4 1 02 0000000b
-[f] 010001d8 00200293
-[d] 010001d4 13 05 00 - 0 - 00000002 -
-[r] 00 - 00000000 -
-[e] 010001d0 00000001 0
-[w] 010001c8 1 1e 00000002
-[f] 010001dc fe5214e3
-[d] 010001d8 63 - 04 05 1 - ffffffe8 -
-[r] 04 05 00000000 00000000
-[e] 010001d4 00000002 0
-[w] 010001cc 1 06 00000002
-[f] 010001e0 00200e93
-[d] 010001dc 13 1d 00 - 0 - 00000002 -
-[r] 00 - 00000000 -
-[e] 010001d8 010001c0 1
-[w] 010001d0 1 04 00000001
-[f] 010001c4 00d00093
-[d] 010001c0 13 01 00 - 0 - 0000000d -
-[r] 00 - 00000000 -
-[f] 010001c8 00b00113
-[d] 010001c4 13 02 00 - 0 - 0000000b -
-[r] 00 - 00000000 -
-[e] 010001c0 0000000d 0
-[f] 010001cc 40208f33
-[d] 010001c8 33 1e 01 02 0 20 - -
-[r] 01 02 00000000 00000000
-[e] 010001c4 0000000b 0
-[f] 010001d0 000f0313
-[d] 010001cc 13 06 1e - 0 - 00000000 -
-[r] 1e - 0000000d -
-[e] 010001c8 00000002 0
-[w] 010001c0 1 01 0000000d
-[f] 010001d4 00120213
-[d] 010001d0 13 04 04 - 0 - 00000001 -
-[r] 04 - 00000002 -
-[e] 010001cc 00000002 0
-[w] 010001c4 1 02 0000000b
-[f] 010001d8 00200293
-[d] 010001d4 13 05 00 - 0 - 00000002 -
-[r] 00 - 00000001 -
-[e] 010001d0 00000002 0
-[w] 010001c8 1 1e 00000002
-[f] 010001dc fe5214e3
-[d] 010001d8 63 - 04 05 1 - ffffffe8 -
-[r] 04 05 00000000 00000000
-[e] 010001d4 00000002 0
-[w] 010001cc 1 06 00000002
-[f] 010001e0 00200e93
-[d] 010001dc 13 1d 00 - 0 - 00000002 -
-[r] 00 - 00000001 -
-[e] 010001d8 010001c0 0
-[w] 010001d0 1 04 00000002
-[f] 010001e4 01300193
-[d] 010001e0 13 03 00 - 0 - 00000013 -
-[r] 00 - 00000000 -
-[e] 010001dc 00000002 0
-[w] 010001d4 1 05 00000002
-[f] 010001e8 2dd31e63
-[d] 010001e4 63 - 06 1d 1 - 000002dc -
-[r] 06 1d 00000000 00000000
-[e] 010001e0 00000013 0
-[f] 010001ec 00000213
-[d] 010001e8 13 04 00 - 0 - 00000000 -
-[r] 00 - 00000002 -
-[e] 010001e4 010004c0 0
-[w] 010001dc 1 1d 00000002
-[f] 010001f0 00e00093
-[d] 010001ec 13 01 00 - 0 - 0000000e -
-[r] 00 - 00000000 -
-[e] 010001e8 00000000 0
-[w] 010001e0 1 03 00000013
-[f] 010001f4 00b00113
-[d] 010001f0 13 02 00 - 0 - 0000000b -
-[r] 00 - 00000000 -
-[e] 010001ec 0000000e 0
-[f] 010001f8 40208f33
-[d] 010001f4 33 1e 01 02 0 20 - -
-[r] 01 02 00000000 00000000
-[e] 010001f0 0000000b 0
-[w] 010001e8 1 04 00000000
-[f] 01000200 000f0313
-[d] 010001fc 13 06 1e - 0 - 00000000 -
-[r] 1e - 00000000 -
-[w] 010001f0 1 02 0000000b
-[f] 01000204 00120213
-[d] 01000200 13 04 04 - 0 - 00000001 -
-[r] 04 - 00000002 -
-[e] 010001fc 00000003 0
-[w] 010001f4 1 1e 00000003
-[f] 01000208 00200293
-[d] 01000204 13 05 00 - 0 - 00000002 -
-[r] 00 - 00000000 -
-[e] 01000200 00000001 0
-[f] 0100020c fe5212e3
-[d] 01000208 63 - 04 05 1 - ffffffe4 -
-[r] 04 05 00000000 00000000
-[e] 01000204 00000002 0
-[w] 010001fc 1 06 00000003
-[f] 01000210 00300e93
-[d] 0100020c 13 1d 00 - 0 - 00000003 -
-[r] 00 - 00000000 -
-[e] 01000208 010001ec 1
-[w] 01000200 1 04 00000001
-[f] 010001f0 00e00093
-[d] 010001ec 13 01 00 - 0 - 0000000e -
-[r] 00 - 00000000 -
-[f] 010001f4 00b00113
-[d] 010001f0 13 02 00 - 0 - 0000000b -
-[r] 00 - 00000000 -
-[e] 010001ec 0000000e 0
-[f] 010001f8 40208f33
-[d] 010001f4 33 1e 01 02 0 20 - -
-[r] 01 02 00000000 00000000
-[e] 010001f0 0000000b 0
-[f] 01000200 000f0313
-[d] 010001fc 13 06 1e - 0 - 00000000 -
-[r] 1e - 00000000 -
-[w] 010001f0 1 02 0000000b
-[f] 01000204 00120213
-[d] 01000200 13 04 04 - 0 - 00000001 -
-[r] 04 - 00000003 -
-[e] 010001fc 00000003 0
-[w] 010001f4 1 1e 00000003
-[f] 01000208 00200293
-[d] 01000204 13 05 00 - 0 - 00000002 -
-[r] 00 - 00000001 -
-[e] 01000200 00000002 0
-[f] 0100020c fe5212e3
-[d] 01000208 63 - 04 05 1 - ffffffe4 -
-[r] 04 05 00000000 00000000
-[e] 01000204 00000002 0
-[w] 010001fc 1 06 00000003
-[f] 01000210 00300e93
-[d] 0100020c 13 1d 00 - 0 - 00000003 -
-[r] 00 - 00000001 -
-[e] 01000208 010001ec 0
-[w] 01000200 1 04 00000002
-[f] 01000214 01400193
-[d] 01000210 13 03 00 - 0 - 00000014 -
-[r] 00 - 00000000 -
-[e] 0100020c 00000003 0
-[w] 01000204 1 05 00000002
-[f] 01000218 2bd31663
-[d] 01000214 63 - 06 1d 1 - 000002ac -
-[r] 06 1d 00000000 00000000
-[e] 01000210 00000014 0
-[f] 0100021c 00000213
-[d] 01000218 13 04 00 - 0 - 00000000 -
-[r] 00 - 00000003 -
-[e] 01000214 010004c0 0
-[w] 0100020c 1 1d 00000003
-[f] 01000220 00f00093
-[d] 0100021c 13 01 00 - 0 - 0000000f -
-[r] 00 - 00000000 -
-[e] 01000218 00000000 0
-[w] 01000210 1 03 00000014
-[f] 01000224 00b00113
-[d] 01000220 13 02 00 - 0 - 0000000b -
-[r] 00 - 00000000 -
-[e] 0100021c 0000000f 0
-[f] 01000228 40208f33
-[d] 01000224 33 1e 01 02 0 20 - -
-[r] 01 02 00000000 00000000
-[e] 01000220 0000000b 0
-[w] 01000218 1 04 00000000
-[f] 01000234 000f0313
-[d] 01000230 13 06 1e - 0 - 00000000 -
-[r] 1e - 00000000 -
-[w] 01000224 1 1e 00000004
-[f] 01000234 000f0313
-[d] 01000230 13 06 1e - 0 - 00000000 -
-[r] 1e - 00000003 -
-[e] 01000230 00000003 0
-[f] 01000238 00120213
-[d] 01000234 13 04 04 - 0 - 00000001 -
-[r] 04 - 00000004 -
-[e] 01000230 00000004 0
-[f] 0100023c 00200293
-[d] 01000238 13 05 00 - 0 - 00000002 -
-[r] 00 - 00000000 -
-[e] 01000234 00000001 0
-[f] 01000240 fe5210e3
-[d] 0100023c 63 - 04 05 1 - ffffffe0 -
-[r] 04 05 00000000 00000000
-[e] 01000238 00000002 0
-[w] 01000230 1 06 00000004
-[f] 01000244 00400e93
-[d] 01000240 13 1d 00 - 0 - 00000004 -
-[r] 00 - 00000000 -
-[e] 0100023c 0100021c 1
-[w] 01000234 1 04 00000001
-[f] 01000220 00f00093
-[d] 0100021c 13 01 00 - 0 - 0000000f -
-[r] 00 - 00000000 -
-[f] 01000224 00b00113
-[d] 01000220 13 02 00 - 0 - 0000000b -
-[r] 00 - 00000000 -
-[e] 0100021c 0000000f 0
-[f] 01000228 40208f33
-[d] 01000224 33 1e 01 02 0 20 - -
-[r] 01 02 00000000 00000000
-[e] 01000220 0000000b 0
-[f] 01000234 000f0313
-[d] 01000230 13 06 1e - 0 - 00000000 -
-[r] 1e - 00000000 -
-[w] 01000224 1 1e 00000004
-[f] 01000234 000f0313
-[d] 01000230 13 06 1e - 0 - 00000000 -
-[r] 1e - 00000004 -
-[e] 01000230 00000004 0
-[f] 01000238 00120213
-[d] 01000234 13 04 04 - 0 - 00000001 -
-[r] 04 - 00000004 -
-[e] 01000230 00000004 0
-[f] 0100023c 00200293
-[d] 01000238 13 05 00 - 0 - 00000002 -
-[r] 00 - 00000001 -
-[e] 01000234 00000002 0
-[f] 01000240 fe5210e3
-[d] 0100023c 63 - 04 05 1 - ffffffe0 -
-[r] 04 05 00000000 00000000
-[e] 01000238 00000002 0
-[w] 01000230 1 06 00000004
-[f] 01000244 00400e93
-[d] 01000240 13 1d 00 - 0 - 00000004 -
-[r] 00 - 00000001 -
-[e] 0100023c 0100021c 0
-[w] 01000234 1 04 00000002
-[f] 01000248 01500193
-[d] 01000244 13 03 00 - 0 - 00000015 -
-[r] 00 - 00000000 -
-[e] 01000240 00000004 0
-[w] 01000238 1 05 00000002
-[f] 0100024c 27d31c63
-[d] 01000248 63 - 06 1d 1 - 00000278 -
-[r] 06 1d 00000000 00000000
-[e] 01000244 00000015 0
-[f] 01000250 00000213
-[d] 0100024c 13 04 00 - 0 - 00000000 -
-[r] 00 - 00000004 -
-[e] 01000248 010004c0 0
-[w] 01000240 1 1d 00000004
-[f] 01000254 00d00093
-[d] 01000250 13 01 00 - 0 - 0000000d -
-[r] 00 - 00000000 -
-[e] 0100024c 00000000 0
-[w] 01000244 1 03 00000015
-[f] 01000258 00b00113
-[d] 01000254 13 02 00 - 0 - 0000000b -
-[r] 00 - 00000000 -
-[e] 01000250 0000000d 0
-[f] 0100025c 40208f33
-[d] 01000258 33 1e 01 02 0 20 - -
-[r] 01 02 00000000 00000000
-[e] 01000254 0000000b 0
-[w] 0100024c 1 04 00000000
-[f] 01000260 00120213
-[d] 0100025c 13 04 04 - 0 - 00000001 -
-[r] 04 - 0000000f -
-[e] 01000258 00000002 0
-[w] 01000250 1 01 0000000d
-[f] 01000264 00200293
-[d] 01000260 13 05 00 - 0 - 00000002 -
-[r] 00 - 00000000 -
-[e] 0100025c 00000001 0
-[w] 01000254 1 02 0000000b
-[f] 01000268 fe5216e3
-[d] 01000264 63 - 04 05 1 - ffffffec -
-[r] 04 05 00000000 00000000
-[e] 01000260 00000002 0
-[w] 01000258 1 1e 00000002
-[f] 0100026c 00200e93
-[d] 01000268 13 1d 00 - 0 - 00000002 -
-[r] 00 - 00000000 -
-[e] 01000264 01000250 1
-[w] 0100025c 1 04 00000001
-[f] 01000254 00d00093
-[d] 01000250 13 01 00 - 0 - 0000000d -
-[r] 00 - 00000000 -
-[f] 01000258 00b00113
-[d] 01000254 13 02 00 - 0 - 0000000b -
-[r] 00 - 00000000 -
-[e] 01000250 0000000d 0
-[f] 0100025c 40208f33
-[d] 01000258 33 1e 01 02 0 20 - -
-[r] 01 02 00000000 00000000
-[e] 01000254 0000000b 0
-[f] 01000260 00120213
-[d] 0100025c 13 04 04 - 0 - 00000001 -
-[r] 04 - 0000000d -
-[e] 01000258 00000002 0
-[w] 01000250 1 01 0000000d
-[f] 01000264 00200293
-[d] 01000260 13 05 00 - 0 - 00000002 -
-[r] 00 - 00000001 -
-[e] 0100025c 00000002 0
-[w] 01000254 1 02 0000000b
-[f] 01000268 fe5216e3
-[d] 01000264 63 - 04 05 1 - ffffffec -
-[r] 04 05 00000000 00000000
-[e] 01000260 00000002 0
-[w] 01000258 1 1e 00000002
-[f] 0100026c 00200e93
-[d] 01000268 13 1d 00 - 0 - 00000002 -
-[r] 00 - 00000001 -
-[e] 01000264 01000250 0
-[w] 0100025c 1 04 00000002
-[f] 01000270 01600193
-[d] 0100026c 13 03 00 - 0 - 00000016 -
-[r] 00 - 00000000 -
-[e] 01000268 00000002 0
-[w] 01000260 1 05 00000002
-[f] 01000274 25df1863
-[d] 01000270 63 - 1e 1d 1 - 00000250 -
-[r] 1e 1d 00000000 00000000
-[e] 0100026c 00000016 0
-[f] 01000278 00000213
-[d] 01000274 13 04 00 - 0 - 00000000 -
-[r] 00 - 00000002 -
-[e] 01000270 010004c0 0
-[w] 01000268 1 1d 00000002
-[f] 0100027c 00e00093
-[d] 01000278 13 01 00 - 0 - 0000000e -
-[r] 00 - 00000000 -
-[e] 01000274 00000000 0
-[w] 0100026c 1 03 00000016
-[f] 01000280 00b00113
-[d] 0100027c 13 02 00 - 0 - 0000000b -
-[r] 00 - 00000000 -
-[e] 01000278 0000000e 0
-[f] 01000288 40208f33
-[d] 01000284 33 1e 01 02 0 20 - -
-[r] 01 02 00000000 00000000
-[w] 01000278 1 01 0000000e
-[f] 01000288 40208f33
-[d] 01000284 33 1e 01 02 0 20 - -
-[r] 01 02 0000000d 0000000b
-[e] 01000284 0000000d 0
-[w] 0100027c 1 02 0000000b
-[f] 01000288 40208f33
-[d] 01000284 33 1e 01 02 0 20 - -
-[r] 01 02 0000000e 0000000b
-[e] 01000284 0000000e 0
-[f] 0100028c 00120213
-[d] 01000288 13 04 04 - 0 - 00000001 -
-[r] 04 - 0000000e -
-[e] 01000284 00000003 0
-[f] 01000290 00200293
-[d] 0100028c 13 05 00 - 0 - 00000002 -
-[r] 00 - 00000000 -
-[e] 01000288 00000001 0
-[f] 01000294 fe5214e3
-[d] 01000290 63 - 04 05 1 - ffffffe8 -
-[r] 04 05 00000000 00000000
-[e] 0100028c 00000002 0
-[w] 01000284 1 1e 00000003
-[f] 01000298 00300e93
-[d] 01000294 13 1d 00 - 0 - 00000003 -
-[r] 00 - 00000000 -
-[e] 01000290 01000278 1
-[w] 01000288 1 04 00000001
-[f] 0100027c 00e00093
-[d] 01000278 13 01 00 - 0 - 0000000e -
-[r] 00 - 00000000 -
-[f] 01000280 00b00113
-[d] 0100027c 13 02 00 - 0 - 0000000b -
-[r] 00 - 00000000 -
-[e] 01000278 0000000e 0
-[f] 01000288 40208f33
-[d] 01000284 33 1e 01 02 0 20 - -
-[r] 01 02 00000000 00000000
-[w] 01000278 1 01 0000000e
-[f] 01000288 40208f33
-[d] 01000284 33 1e 01 02 0 20 - -
-[r] 01 02 0000000e 0000000b
-[e] 01000284 0000000e 0
-[w] 0100027c 1 02 0000000b
-[f] 01000288 40208f33
-[d] 01000284 33 1e 01 02 0 20 - -
-[r] 01 02 0000000e 0000000b
-[e] 01000284 0000000e 0
-[f] 0100028c 00120213
-[d] 01000288 13 04 04 - 0 - 00000001 -
-[r] 04 - 0000000e -
-[e] 01000284 00000003 0
-[f] 01000290 00200293
-[d] 0100028c 13 05 00 - 0 - 00000002 -
-[r] 00 - 00000001 -
-[e] 01000288 00000002 0
-[f] 01000294 fe5214e3
-[d] 01000290 63 - 04 05 1 - ffffffe8 -
-[r] 04 05 00000000 00000000
-[e] 0100028c 00000002 0
-[w] 01000284 1 1e 00000003
-[f] 01000298 00300e93
-[d] 01000294 13 1d 00 - 0 - 00000003 -
-[r] 00 - 00000001 -
-[e] 01000290 01000278 0
-[w] 01000288 1 04 00000002
-[f] 0100029c 01700193
-[d] 01000298 13 03 00 - 0 - 00000017 -
-[r] 00 - 00000000 -
-[e] 01000294 00000003 0
-[w] 0100028c 1 05 00000002
-[f] 010002a0 23df1263
-[d] 0100029c 63 - 1e 1d 1 - 00000224 -
-[r] 1e 1d 00000000 00000000
-[e] 01000298 00000017 0
-[f] 010002a4 00000213
-[d] 010002a0 13 04 00 - 0 - 00000000 -
-[r] 00 - 00000003 -
-[e] 0100029c 010004c0 0
-[w] 01000294 1 1d 00000003
-[f] 010002a8 00f00093
-[d] 010002a4 13 01 00 - 0 - 0000000f -
-[r] 00 - 00000000 -
-[e] 010002a0 00000000 0
-[w] 01000298 1 03 00000017
-[f] 010002ac 00b00113
-[d] 010002a8 13 02 00 - 0 - 0000000b -
-[r] 00 - 00000000 -
-[e] 010002a4 0000000f 0
-[f] 010002b8 40208f33
-[d] 010002b4 33 1e 01 02 0 20 - -
-[r] 01 02 00000000 00000000
-[w] 010002a8 1 02 0000000b
-[f] 010002b8 40208f33
-[d] 010002b4 33 1e 01 02 0 20 - -
-[r] 01 02 0000000f 0000000b
-[e] 010002b4 0000000f 0
-[f] 010002bc 00120213
-[d] 010002b8 13 04 04 - 0 - 00000001 -
-[r] 04 - 0000000f -
-[e] 010002b4 00000004 0
-[f] 010002c0 00200293
-[d] 010002bc 13 05 00 - 0 - 00000002 -
-[r] 00 - 00000000 -
-[e] 010002b8 00000001 0
-[f] 010002c4 fe5212e3
-[d] 010002c0 63 - 04 05 1 - ffffffe4 -
-[r] 04 05 00000000 00000000
-[e] 010002bc 00000002 0
-[w] 010002b4 1 1e 00000004
-[f] 010002c8 00400e93
-[d] 010002c4 13 1d 00 - 0 - 00000004 -
-[r] 00 - 00000000 -
-[e] 010002c0 010002a4 1
-[w] 010002b8 1 04 00000001
-[f] 010002a8 00f00093
-[d] 010002a4 13 01 00 - 0 - 0000000f -
-[r] 00 - 00000000 -
-[f] 010002ac 00b00113
-[d] 010002a8 13 02 00 - 0 - 0000000b -
-[r] 00 - 00000000 -
-[e] 010002a4 0000000f 0
-[f] 010002b8 40208f33
-[d] 010002b4 33 1e 01 02 0 20 - -
-[r] 01 02 00000000 00000000
-[w] 010002a8 1 02 0000000b
-[f] 010002b8 40208f33
-[d] 010002b4 33 1e 01 02 0 20 - -
-[r] 01 02 0000000f 0000000b
-[e] 010002b4 0000000f 0
-[f] 010002bc 00120213
-[d] 010002b8 13 04 04 - 0 - 00000001 -
-[r] 04 - 0000000f -
-[e] 010002b4 00000004 0
-[f] 010002c0 00200293
-[d] 010002bc 13 05 00 - 0 - 00000002 -
-[r] 00 - 00000001 -
-[e] 010002b8 00000002 0
-[f] 010002c4 fe5212e3
-[d] 010002c0 63 - 04 05 1 - ffffffe4 -
-[r] 04 05 00000000 00000000
-[e] 010002bc 00000002 0
-[w] 010002b4 1 1e 00000004
-[f] 010002c8 00400e93
-[d] 010002c4 13 1d 00 - 0 - 00000004 -
-[r] 00 - 00000001 -
-[e] 010002c0 010002a4 0
-[w] 010002b8 1 04 00000002
-[f] 010002cc 01800193
-[d] 010002c8 13 03 00 - 0 - 00000018 -
-[r] 00 - 00000000 -
-[e] 010002c4 00000004 0
-[w] 010002bc 1 05 00000002
-[f] 010002d0 1fdf1a63
-[d] 010002cc 63 - 1e 1d 1 - 000001f4 -
-[r] 1e 1d 00000000 00000000
-[e] 010002c8 00000018 0
-[f] 010002d4 00000213
-[d] 010002d0 13 04 00 - 0 - 00000000 -
-[r] 00 - 00000004 -
-[e] 010002cc 010004c0 0
-[w] 010002c4 1 1d 00000004
-[f] 010002d8 00d00093
-[d] 010002d4 13 01 00 - 0 - 0000000d -
-[r] 00 - 00000000 -
-[e] 010002d0 00000000 0
-[w] 010002c8 1 03 00000018
-[f] 010002e0 00b00113
-[d] 010002dc 13 02 00 - 0 - 0000000b -
-[r] 00 - 00000000 -
-[w] 010002d0 1 04 00000000
-[f] 010002e4 40208f33
-[d] 010002e0 33 1e 01 02 0 20 - -
-[r] 01 02 00000000 00000000
-[e] 010002dc 0000000b 0
-[w] 010002d4 1 01 0000000d
-[f] 010002e4 40208f33
-[d] 010002e0 33 1e 01 02 0 20 - -
-[r] 01 02 0000000f 0000000b
-[e] 010002e0 0000000f 0
-[f] 010002e8 00120213
-[d] 010002e4 13 04 04 - 0 - 00000001 -
-[r] 04 - 0000000d -
-[e] 010002e0 00000002 0
-[w] 010002dc 1 02 0000000b
-[f] 010002ec 00200293
-[d] 010002e8 13 05 00 - 0 - 00000002 -
-[r] 00 - 00000000 -
-[e] 010002e4 00000001 0
-[f] 010002f0 fe5214e3
-[d] 010002ec 63 - 04 05 1 - ffffffe8 -
-[r] 04 05 00000000 00000000
-[e] 010002e8 00000002 0
-[w] 010002e0 1 1e 00000002
-[f] 010002f4 00200e93
-[d] 010002f0 13 1d 00 - 0 - 00000002 -
-[r] 00 - 00000000 -
-[e] 010002ec 010002d4 1
-[w] 010002e4 1 04 00000001
-[f] 010002d8 00d00093
-[d] 010002d4 13 01 00 - 0 - 0000000d -
-[r] 00 - 00000000 -
-[f] 010002e0 00b00113
-[d] 010002dc 13 02 00 - 0 - 0000000b -
-[r] 00 - 00000000 -
-[f] 010002e4 40208f33
-[d] 010002e0 33 1e 01 02 0 20 - -
-[r] 01 02 00000000 00000000
-[e] 010002dc 0000000b 0
-[w] 010002d4 1 01 0000000d
-[f] 010002e4 40208f33
-[d] 010002e0 33 1e 01 02 0 20 - -
-[r] 01 02 0000000d 0000000b
-[e] 010002e0 0000000d 0
-[f] 010002e8 00120213
-[d] 010002e4 13 04 04 - 0 - 00000001 -
-[r] 04 - 0000000d -
-[e] 010002e0 00000002 0
-[w] 010002dc 1 02 0000000b
-[f] 010002ec 00200293
-[d] 010002e8 13 05 00 - 0 - 00000002 -
-[r] 00 - 00000001 -
-[e] 010002e4 00000002 0
-[f] 010002f0 fe5214e3
-[d] 010002ec 63 - 04 05 1 - ffffffe8 -
-[r] 04 05 00000000 00000000
-[e] 010002e8 00000002 0
-[w] 010002e0 1 1e 00000002
-[f] 010002f4 00200e93
-[d] 010002f0 13 1d 00 - 0 - 00000002 -
-[r] 00 - 00000001 -
-[e] 010002ec 010002d4 0
-[w] 010002e4 1 04 00000002
-[f] 010002f8 01900193
-[d] 010002f4 13 03 00 - 0 - 00000019 -
-[r] 00 - 00000000 -
-[e] 010002f0 00000002 0
-[w] 010002e8 1 05 00000002
-[f] 010002fc 1ddf1463
-[d] 010002f8 63 - 1e 1d 1 - 000001c8 -
-[r] 1e 1d 00000000 00000000
-[e] 010002f4 00000019 0
-[f] 01000300 00000213
-[d] 010002fc 13 04 00 - 0 - 00000000 -
-[r] 00 - 00000002 -
-[e] 010002f8 010004c0 0
-[w] 010002f0 1 1d 00000002
-[f] 01000304 00e00093
-[d] 01000300 13 01 00 - 0 - 0000000e -
-[r] 00 - 00000000 -
-[e] 010002fc 00000000 0
-[w] 010002f4 1 03 00000019
-[f] 0100030c 00b00113
-[d] 01000308 13 02 00 - 0 - 0000000b -
-[r] 00 - 00000000 -
-[w] 010002fc 1 04 00000000
-[f] 01000314 40208f33
-[d] 01000310 33 1e 01 02 0 20 - -
-[r] 01 02 00000000 00000000
-[f] 01000318 00120213
-[d] 01000314 13 04 04 - 0 - 00000001 -
-[r] 04 - 0000000e -
-[e] 01000310 00000003 0
-[w] 01000308 1 02 0000000b
-[f] 0100031c 00200293
-[d] 01000318 13 05 00 - 0 - 00000002 -
-[r] 00 - 00000000 -
-[e] 01000314 00000001 0
-[f] 01000320 fe5212e3
-[d] 0100031c 63 - 04 05 1 - ffffffe4 -
-[r] 04 05 00000000 00000000
-[e] 01000318 00000002 0
-[w] 01000310 1 1e 00000003
-[f] 01000324 00300e93
-[d] 01000320 13 1d 00 - 0 - 00000003 -
-[r] 00 - 00000000 -
-[e] 0100031c 01000300 1
-[w] 01000314 1 04 00000001
-[f] 01000304 00e00093
-[d] 01000300 13 01 00 - 0 - 0000000e -
-[r] 00 - 00000000 -
-[f] 0100030c 00b00113
-[d] 01000308 13 02 00 - 0 - 0000000b -
-[r] 00 - 00000000 -
-[f] 01000314 40208f33
-[d] 01000310 33 1e 01 02 0 20 - -
-[r] 01 02 00000000 00000000
-[f] 01000318 00120213
-[d] 01000314 13 04 04 - 0 - 00000001 -
-[r] 04 - 0000000e -
-[e] 01000310 00000003 0
-[w] 01000308 1 02 0000000b
-[f] 0100031c 00200293
-[d] 01000318 13 05 00 - 0 - 00000002 -
-[r] 00 - 00000001 -
-[e] 01000314 00000002 0
-[f] 01000320 fe5212e3
-[d] 0100031c 63 - 04 05 1 - ffffffe4 -
-[r] 04 05 00000000 00000000
-[e] 01000318 00000002 0
-[w] 01000310 1 1e 00000003
-[f] 01000324 00300e93
-[d] 01000320 13 1d 00 - 0 - 00000003 -
-[r] 00 - 00000001 -
-[e] 0100031c 01000300 0
-[w] 01000314 1 04 00000002
-[f] 01000328 01a00193
-[d] 01000324 13 03 00 - 0 - 0000001a -
-[r] 00 - 00000000 -
-[e] 01000320 00000003 0
-[w] 01000318 1 05 00000002
-[f] 0100032c 19df1c63
-[d] 01000328 63 - 1e 1d 1 - 00000198 -
-[r] 1e 1d 00000000 00000000
-[e] 01000324 0000001a 0
-[f] 01000330 00000213
-[d] 0100032c 13 04 00 - 0 - 00000000 -
-[r] 00 - 00000003 -
-[e] 01000328 010004c0 0
-[w] 01000320 1 1d 00000003
-[f] 01000334 00f00093
-[d] 01000330 13 01 00 - 0 - 0000000f -
-[r] 00 - 00000000 -
-[e] 0100032c 00000000 0
-[w] 01000324 1 03 0000001a
-[f] 01000340 00b00113
-[d] 0100033c 13 02 00 - 0 - 0000000b -
-[r] 00 - 00000000 -
-[w] 01000330 1 01 0000000f
-[f] 01000344 40208f33
-[d] 01000340 33 1e 01 02 0 20 - -
-[r] 01 02 00000000 00000000
-[e] 0100033c 0000000b 0
-[f] 01000348 00120213
-[d] 01000344 13 04 04 - 0 - 00000001 -
-[r] 04 - 0000000f -
-[e] 01000340 00000004 0
-[f] 0100034c 00200293
-[d] 01000348 13 05 00 - 0 - 00000002 -
-[r] 00 - 00000000 -
-[e] 01000344 00000001 0
-[w] 0100033c 1 02 0000000b
-[f] 01000350 fe5212e3
-[d] 0100034c 63 - 04 05 1 - ffffffe4 -
-[r] 04 05 00000000 00000000
-[e] 01000348 00000002 0
-[w] 01000340 1 1e 00000004
-[f] 01000354 00400e93
-[d] 01000350 13 1d 00 - 0 - 00000004 -
-[r] 00 - 00000000 -
-[e] 0100034c 01000330 1
-[w] 01000344 1 04 00000001
-[f] 01000334 00f00093
-[d] 01000330 13 01 00 - 0 - 0000000f -
-[r] 00 - 00000000 -
-[f] 01000340 00b00113
-[d] 0100033c 13 02 00 - 0 - 0000000b -
-[r] 00 - 00000000 -
-[w] 01000330 1 01 0000000f
-[f] 01000344 40208f33
-[d] 01000340 33 1e 01 02 0 20 - -
-[r] 01 02 00000000 00000000
-[e] 0100033c 0000000b 0
-[f] 01000348 00120213
-[d] 01000344 13 04 04 - 0 - 00000001 -
-[r] 04 - 0000000f -
-[e] 01000340 00000004 0
-[f] 0100034c 00200293
-[d] 01000348 13 05 00 - 0 - 00000002 -
-[r] 00 - 00000001 -
-[e] 01000344 00000002 0
-[w] 0100033c 1 02 0000000b
-[f] 01000350 fe5212e3
-[d] 0100034c 63 - 04 05 1 - ffffffe4 -
-[r] 04 05 00000000 00000000
-[e] 01000348 00000002 0
-[w] 01000340 1 1e 00000004
-[f] 01000354 00400e93
-[d] 01000350 13 1d 00 - 0 - 00000004 -
-[r] 00 - 00000001 -
-[e] 0100034c 01000330 0
-[w] 01000344 1 04 00000002
-[f] 01000358 01b00193
-[d] 01000354 13 03 00 - 0 - 0000001b -
-[r] 00 - 00000000 -
-[e] 01000350 00000004 0
-[w] 01000348 1 05 00000002
-[f] 0100035c 17df1463
-[d] 01000358 63 - 1e 1d 1 - 00000168 -
-[r] 1e 1d 00000000 00000000
-[e] 01000354 0000001b 0
-[f] 01000360 00000213
-[d] 0100035c 13 04 00 - 0 - 00000000 -
-[r] 00 - 00000004 -
-[e] 01000358 010004c0 0
-[w] 01000350 1 1d 00000004
-[f] 01000364 00b00113
-[d] 01000360 13 02 00 - 0 - 0000000b -
-[r] 00 - 00000000 -
-[e] 0100035c 00000000 0
-[w] 01000354 1 03 0000001b
-[f] 01000368 00d00093
-[d] 01000364 13 01 00 - 0 - 0000000d -
-[r] 00 - 00000000 -
-[e] 01000360 0000000b 0
-[f] 0100036c 40208f33
-[d] 01000368 33 1e 01 02 0 20 - -
-[r] 01 02 00000000 00000000
-[e] 01000364 0000000d 0
-[w] 0100035c 1 04 00000000
-[f] 01000370 00120213
-[d] 0100036c 13 04 04 - 0 - 00000001 -
-[r] 04 - 0000000f -
-[e] 01000368 00000002 0
-[w] 01000360 1 02 0000000b
-[f] 01000374 00200293
-[d] 01000370 13 05 00 - 0 - 00000002 -
-[r] 00 - 00000000 -
-[e] 0100036c 00000001 0
-[w] 01000364 1 01 0000000d
-[f] 01000378 fe5216e3
-[d] 01000374 63 - 04 05 1 - ffffffec -
-[r] 04 05 00000000 00000000
-[e] 01000370 00000002 0
-[w] 01000368 1 1e 00000002
-[f] 0100037c 00200e93
-[d] 01000378 13 1d 00 - 0 - 00000002 -
-[r] 00 - 00000000 -
-[e] 01000374 01000360 1
-[w] 0100036c 1 04 00000001
-[f] 01000364 00b00113
-[d] 01000360 13 02 00 - 0 - 0000000b -
-[r] 00 - 00000000 -
-[f] 01000368 00d00093
-[d] 01000364 13 01 00 - 0 - 0000000d -
-[r] 00 - 00000000 -
-[e] 01000360 0000000b 0
-[f] 0100036c 40208f33
-[d] 01000368 33 1e 01 02 0 20 - -
-[r] 01 02 00000000 00000000
-[e] 01000364 0000000d 0
-[f] 01000370 00120213
-[d] 0100036c 13 04 04 - 0 - 00000001 -
-[r] 04 - 0000000d -
-[e] 01000368 00000002 0
-[w] 01000360 1 02 0000000b
-[f] 01000374 00200293
-[d] 01000370 13 05 00 - 0 - 00000002 -
-[r] 00 - 00000001 -
-[e] 0100036c 00000002 0
-[w] 01000364 1 01 0000000d
-[f] 01000378 fe5216e3
-[d] 01000374 63 - 04 05 1 - ffffffec -
-[r] 04 05 00000000 00000000
-[e] 01000370 00000002 0
-[w] 01000368 1 1e 00000002
-[f] 0100037c 00200e93
-[d] 01000378 13 1d 00 - 0 - 00000002 -
-[r] 00 - 00000001 -
-[e] 01000374 01000360 0
-[w] 0100036c 1 04 00000002
-[f] 01000380 01c00193
-[d] 0100037c 13 03 00 - 0 - 0000001c -
-[r] 00 - 00000000 -
-[e] 01000378 00000002 0
-[w] 01000370 1 05 00000002
-[f] 01000384 15df1063
-[d] 01000380 63 - 1e 1d 1 - 00000140 -
-[r] 1e 1d 00000000 00000000
-[e] 0100037c 0000001c 0
-[f] 01000388 00000213
-[d] 01000384 13 04 00 - 0 - 00000000 -
-[r] 00 - 00000002 -
-[e] 01000380 010004c0 0
-[w] 01000378 1 1d 00000002
-[f] 0100038c 00b00113
-[d] 01000388 13 02 00 - 0 - 0000000b -
-[r] 00 - 00000000 -
-[e] 01000384 00000000 0
-[w] 0100037c 1 03 0000001c
-[f] 01000390 00e00093
-[d] 0100038c 13 01 00 - 0 - 0000000e -
-[r] 00 - 00000000 -
-[e] 01000388 0000000b 0
-[f] 01000398 40208f33
-[d] 01000394 33 1e 01 02 0 20 - -
-[r] 01 02 00000000 00000000
-[w] 01000388 1 02 0000000b
-[f] 01000398 40208f33
-[d] 01000394 33 1e 01 02 0 20 - -
-[r] 01 02 0000000d 0000000b
-[e] 01000394 0000000d 0
-[w] 0100038c 1 01 0000000e
-[f] 01000398 40208f33
-[d] 01000394 33 1e 01 02 0 20 - -
-[r] 01 02 0000000d 0000000b
-[e] 01000394 0000000d 0
-[f] 0100039c 00120213
-[d] 01000398 13 04 04 - 0 - 00000001 -
-[r] 04 - 0000000e -
-[e] 01000394 00000003 0
-[f] 010003a0 00200293
-[d] 0100039c 13 05 00 - 0 - 00000002 -
-[r] 00 - 00000000 -
-[e] 01000398 00000001 0
-[f] 010003a4 fe5214e3
-[d] 010003a0 63 - 04 05 1 - ffffffe8 -
-[r] 04 05 00000000 00000000
-[e] 0100039c 00000002 0
-[w] 01000394 1 1e 00000003
-[f] 010003a8 00300e93
-[d] 010003a4 13 1d 00 - 0 - 00000003 -
-[r] 00 - 00000000 -
-[e] 010003a0 01000388 1
-[w] 01000398 1 04 00000001
-[f] 0100038c 00b00113
-[d] 01000388 13 02 00 - 0 - 0000000b -
-[r] 00 - 00000000 -
-[f] 01000390 00e00093
-[d] 0100038c 13 01 00 - 0 - 0000000e -
-[r] 00 - 00000000 -
-[e] 01000388 0000000b 0
-[f] 01000398 40208f33
-[d] 01000394 33 1e 01 02 0 20 - -
-[r] 01 02 00000000 00000000
-[w] 01000388 1 02 0000000b
-[f] 01000398 40208f33
-[d] 01000394 33 1e 01 02 0 20 - -
-[r] 01 02 0000000e 0000000b
-[e] 01000394 0000000e 0
-[w] 0100038c 1 01 0000000e
-[f] 01000398 40208f33
-[d] 01000394 33 1e 01 02 0 20 - -
-[r] 01 02 0000000e 0000000b
-[e] 01000394 0000000e 0
-[f] 0100039c 00120213
-[d] 01000398 13 04 04 - 0 - 00000001 -
-[r] 04 - 0000000e -
-[e] 01000394 00000003 0
-[f] 010003a0 00200293
-[d] 0100039c 13 05 00 - 0 - 00000002 -
-[r] 00 - 00000001 -
-[e] 01000398 00000002 0
-[f] 010003a4 fe5214e3
-[d] 010003a0 63 - 04 05 1 - ffffffe8 -
-[r] 04 05 00000000 00000000
-[e] 0100039c 00000002 0
-[w] 01000394 1 1e 00000003
-[f] 010003a8 00300e93
-[d] 010003a4 13 1d 00 - 0 - 00000003 -
-[r] 00 - 00000001 -
-[e] 010003a0 01000388 0
-[w] 01000398 1 04 00000002
-[f] 010003ac 01d00193
-[d] 010003a8 13 03 00 - 0 - 0000001d -
-[r] 00 - 00000000 -
-[e] 010003a4 00000003 0
-[w] 0100039c 1 05 00000002
-[f] 010003b0 11df1a63
-[d] 010003ac 63 - 1e 1d 1 - 00000114 -
-[r] 1e 1d 00000000 00000000
-[e] 010003a8 0000001d 0
-[f] 010003b4 00000213
-[d] 010003b0 13 04 00 - 0 - 00000000 -
-[r] 00 - 00000003 -
-[e] 010003ac 010004c0 0
-[w] 010003a4 1 1d 00000003
-[f] 010003b8 00b00113
-[d] 010003b4 13 02 00 - 0 - 0000000b -
-[r] 00 - 00000000 -
-[e] 010003b0 00000000 0
-[w] 010003a8 1 03 0000001d
-[f] 010003bc 00f00093
-[d] 010003b8 13 01 00 - 0 - 0000000f -
-[r] 00 - 00000000 -
-[e] 010003b4 0000000b 0
-[f] 010003c8 40208f33
-[d] 010003c4 33 1e 01 02 0 20 - -
-[r] 01 02 00000000 00000000
-[w] 010003b8 1 01 0000000f
-[f] 010003c8 40208f33
-[d] 010003c4 33 1e 01 02 0 20 - -
-[r] 01 02 0000000e 0000000b
-[e] 010003c4 0000000e 0
-[f] 010003cc 00120213
-[d] 010003c8 13 04 04 - 0 - 00000001 -
-[r] 04 - 0000000f -
-[e] 010003c4 00000004 0
-[f] 010003d0 00200293
-[d] 010003cc 13 05 00 - 0 - 00000002 -
-[r] 00 - 00000000 -
-[e] 010003c8 00000001 0
-[f] 010003d4 fe5212e3
-[d] 010003d0 63 - 04 05 1 - ffffffe4 -
-[r] 04 05 00000000 00000000
-[e] 010003cc 00000002 0
-[w] 010003c4 1 1e 00000004
-[f] 010003d8 00400e93
-[d] 010003d4 13 1d 00 - 0 - 00000004 -
-[r] 00 - 00000000 -
-[e] 010003d0 010003b4 1
-[w] 010003c8 1 04 00000001
-[f] 010003b8 00b00113
-[d] 010003b4 13 02 00 - 0 - 0000000b -
-[r] 00 - 00000000 -
-[f] 010003bc 00f00093
-[d] 010003b8 13 01 00 - 0 - 0000000f -
-[r] 00 - 00000000 -
-[e] 010003b4 0000000b 0
-[f] 010003c8 40208f33
-[d] 010003c4 33 1e 01 02 0 20 - -
-[r] 01 02 00000000 00000000
-[w] 010003b8 1 01 0000000f
-[f] 010003c8 40208f33
-[d] 010003c4 33 1e 01 02 0 20 - -
-[r] 01 02 0000000f 0000000b
-[e] 010003c4 0000000f 0
-[f] 010003cc 00120213
-[d] 010003c8 13 04 04 - 0 - 00000001 -
-[r] 04 - 0000000f -
-[e] 010003c4 00000004 0
-[f] 010003d0 00200293
-[d] 010003cc 13 05 00 - 0 - 00000002 -
-[r] 00 - 00000001 -
-[e] 010003c8 00000002 0
-[f] 010003d4 fe5212e3
-[d] 010003d0 63 - 04 05 1 - ffffffe4 -
-[r] 04 05 00000000 00000000
-[e] 010003cc 00000002 0
-[w] 010003c4 1 1e 00000004
-[f] 010003d8 00400e93
-[d] 010003d4 13 1d 00 - 0 - 00000004 -
-[r] 00 - 00000001 -
-[e] 010003d0 010003b4 0
-[w] 010003c8 1 04 00000002
-[f] 010003dc 01e00193
-[d] 010003d8 13 03 00 - 0 - 0000001e -
-[r] 00 - 00000000 -
-[e] 010003d4 00000004 0
-[w] 010003cc 1 05 00000002
-[f] 010003e0 0fdf1263
-[d] 010003dc 63 - 1e 1d 1 - 000000e4 -
-[r] 1e 1d 00000000 00000000
-[e] 010003d8 0000001e 0
-[f] 010003e4 00000213
-[d] 010003e0 13 04 00 - 0 - 00000000 -
-[r] 00 - 00000004 -
-[e] 010003dc 010004c0 0
-[w] 010003d4 1 1d 00000004
-[f] 010003e8 00b00113
-[d] 010003e4 13 02 00 - 0 - 0000000b -
-[r] 00 - 00000000 -
-[e] 010003e0 00000000 0
-[w] 010003d8 1 03 0000001e
-[f] 010003f0 00d00093
-[d] 010003ec 13 01 00 - 0 - 0000000d -
-[r] 00 - 00000000 -
-[w] 010003e0 1 04 00000000
-[f] 010003f4 40208f33
-[d] 010003f0 33 1e 01 02 0 20 - -
-[r] 01 02 00000000 00000000
-[e] 010003ec 0000000d 0
-[w] 010003e4 1 02 0000000b
-[f] 010003f4 40208f33
-[d] 010003f0 33 1e 01 02 0 20 - -
-[r] 01 02 0000000f 0000000b
-[e] 010003f0 0000000f 0
-[f] 010003f8 00120213
-[d] 010003f4 13 04 04 - 0 - 00000001 -
-[r] 04 - 0000000f -
-[e] 010003f0 00000002 0
-[w] 010003ec 1 01 0000000d
-[f] 010003fc 00200293
-[d] 010003f8 13 05 00 - 0 - 00000002 -
-[r] 00 - 00000000 -
-[e] 010003f4 00000001 0
-[f] 01000400 fe5214e3
-[d] 010003fc 63 - 04 05 1 - ffffffe8 -
-[r] 04 05 00000000 00000000
-[e] 010003f8 00000002 0
-[w] 010003f0 1 1e 00000002
-[f] 01000404 00200e93
-[d] 01000400 13 1d 00 - 0 - 00000002 -
-[r] 00 - 00000000 -
-[e] 010003fc 010003e4 1
-[w] 010003f4 1 04 00000001
-[f] 010003e8 00b00113
-[d] 010003e4 13 02 00 - 0 - 0000000b -
-[r] 00 - 00000000 -
-[f] 010003f0 00d00093
-[d] 010003ec 13 01 00 - 0 - 0000000d -
-[r] 00 - 00000000 -
-[f] 010003f4 40208f33
-[d] 010003f0 33 1e 01 02 0 20 - -
-[r] 01 02 00000000 00000000
-[e] 010003ec 0000000d 0
-[w] 010003e4 1 02 0000000b
-[f] 010003f4 40208f33
-[d] 010003f0 33 1e 01 02 0 20 - -
-[r] 01 02 0000000d 0000000b
-[e] 010003f0 0000000d 0
-[f] 010003f8 00120213
-[d] 010003f4 13 04 04 - 0 - 00000001 -
-[r] 04 - 0000000d -
-[e] 010003f0 00000002 0
-[w] 010003ec 1 01 0000000d
-[f] 010003fc 00200293
-[d] 010003f8 13 05 00 - 0 - 00000002 -
-[r] 00 - 00000001 -
-[e] 010003f4 00000002 0
-[f] 01000400 fe5214e3
-[d] 010003fc 63 - 04 05 1 - ffffffe8 -
-[r] 04 05 00000000 00000000
-[e] 010003f8 00000002 0
-[w] 010003f0 1 1e 00000002
-[f] 01000404 00200e93
-[d] 01000400 13 1d 00 - 0 - 00000002 -
-[r] 00 - 00000001 -
-[e] 010003fc 010003e4 0
-[w] 010003f4 1 04 00000002
-[f] 01000408 01f00193
-[d] 01000404 13 03 00 - 0 - 0000001f -
-[r] 00 - 00000000 -
-[e] 01000400 00000002 0
-[w] 010003f8 1 05 00000002
-[f] 0100040c 0bdf1c63
-[d] 01000408 63 - 1e 1d 1 - 000000b8 -
-[r] 1e 1d 00000000 00000000
-[e] 01000404 0000001f 0
-[f] 01000410 00000213
-[d] 0100040c 13 04 00 - 0 - 00000000 -
-[r] 00 - 00000002 -
-[e] 01000408 010004c0 0
-[w] 01000400 1 1d 00000002
-[f] 01000414 00b00113
-[d] 01000410 13 02 00 - 0 - 0000000b -
-[r] 00 - 00000000 -
-[e] 0100040c 00000000 0
-[w] 01000404 1 03 0000001f
-[f] 0100041c 00e00093
-[d] 01000418 13 01 00 - 0 - 0000000e -
-[r] 00 - 00000000 -
-[w] 0100040c 1 04 00000000
-[f] 01000424 40208f33
-[d] 01000420 33 1e 01 02 0 20 - -
-[r] 01 02 00000000 00000000
-[f] 01000428 00120213
-[d] 01000424 13 04 04 - 0 - 00000001 -
-[r] 04 - 0000000d -
-[e] 01000420 00000003 0
-[w] 01000418 1 01 0000000e
-[f] 0100042c 00200293
-[d] 01000428 13 05 00 - 0 - 00000002 -
-[r] 00 - 00000000 -
-[e] 01000424 00000001 0
-[f] 01000430 fe5212e3
-[d] 0100042c 63 - 04 05 1 - ffffffe4 -
-[r] 04 05 00000000 00000000
-[e] 01000428 00000002 0
-[w] 01000420 1 1e 00000003
-[f] 01000434 00300e93
-[d] 01000430 13 1d 00 - 0 - 00000003 -
-[r] 00 - 00000000 -
-[e] 0100042c 01000410 1
-[w] 01000424 1 04 00000001
-[f] 01000414 00b00113
-[d] 01000410 13 02 00 - 0 - 0000000b -
-[r] 00 - 00000000 -
-[f] 0100041c 00e00093
-[d] 01000418 13 01 00 - 0 - 0000000e -
-[r] 00 - 00000000 -
-[f] 01000424 40208f33
-[d] 01000420 33 1e 01 02 0 20 - -
-[r] 01 02 00000000 00000000
-[f] 01000428 00120213
-[d] 01000424 13 04 04 - 0 - 00000001 -
-[r] 04 - 0000000e -
-[e] 01000420 00000003 0
-[w] 01000418 1 01 0000000e
-[f] 0100042c 00200293
-[d] 01000428 13 05 00 - 0 - 00000002 -
-[r] 00 - 00000001 -
-[e] 01000424 00000002 0
-[f] 01000430 fe5212e3
-[d] 0100042c 63 - 04 05 1 - ffffffe4 -
-[r] 04 05 00000000 00000000
-[e] 01000428 00000002 0
-[w] 01000420 1 1e 00000003
-[f] 01000434 00300e93
-[d] 01000430 13 1d 00 - 0 - 00000003 -
-[r] 00 - 00000001 -
-[e] 0100042c 01000410 0
-[w] 01000424 1 04 00000002
-[f] 01000438 02000193
-[d] 01000434 13 03 00 - 0 - 00000020 -
-[r] 00 - 00000000 -
-[e] 01000430 00000003 0
-[w] 01000428 1 05 00000002
-[f] 0100043c 09df1463
-[d] 01000438 63 - 1e 1d 1 - 00000088 -
-[r] 1e 1d 00000000 00000000
-[e] 01000434 00000020 0
-[f] 01000440 00000213
-[d] 0100043c 13 04 00 - 0 - 00000000 -
-[r] 00 - 00000003 -
-[e] 01000438 010004c0 0
-[w] 01000430 1 1d 00000003
-[f] 01000444 00b00113
-[d] 01000440 13 02 00 - 0 - 0000000b -
-[r] 00 - 00000000 -
-[e] 0100043c 00000000 0
-[w] 01000434 1 03 00000020
-[f] 01000450 00f00093
-[d] 0100044c 13 01 00 - 0 - 0000000f -
-[r] 00 - 00000000 -
-[w] 01000440 1 02 0000000b
-[f] 01000454 40208f33
-[d] 01000450 33 1e 01 02 0 20 - -
-[r] 01 02 00000000 00000000
-[e] 0100044c 0000000f 0
-[f] 01000458 00120213
-[d] 01000454 13 04 04 - 0 - 00000001 -
-[r] 04 - 0000000e -
-[e] 01000450 00000004 0
-[f] 0100045c 00200293
-[d] 01000458 13 05 00 - 0 - 00000002 -
-[r] 00 - 00000000 -
-[e] 01000454 00000001 0
-[w] 0100044c 1 01 0000000f
-[f] 01000460 fe5212e3
-[d] 0100045c 63 - 04 05 1 - ffffffe4 -
-[r] 04 05 00000000 00000000
-[e] 01000458 00000002 0
-[w] 01000450 1 1e 00000004
-[f] 01000464 00400e93
-[d] 01000460 13 1d 00 - 0 - 00000004 -
-[r] 00 - 00000000 -
-[e] 0100045c 01000440 1
-[w] 01000454 1 04 00000001
-[f] 01000444 00b00113
-[d] 01000440 13 02 00 - 0 - 0000000b -
-[r] 00 - 00000000 -
-[f] 01000450 00f00093
-[d] 0100044c 13 01 00 - 0 - 0000000f -
-[r] 00 - 00000000 -
-[w] 01000440 1 02 0000000b
-[f] 01000454 40208f33
-[d] 01000450 33 1e 01 02 0 20 - -
-[r] 01 02 00000000 00000000
-[e] 0100044c 0000000f 0
-[f] 01000458 00120213
-[d] 01000454 13 04 04 - 0 - 00000001 -
-[r] 04 - 0000000f -
-[e] 01000450 00000004 0
-[f] 0100045c 00200293
-[d] 01000458 13 05 00 - 0 - 00000002 -
-[r] 00 - 00000001 -
-[e] 01000454 00000002 0
-[w] 0100044c 1 01 0000000f
-[f] 01000460 fe5212e3
-[d] 0100045c 63 - 04 05 1 - ffffffe4 -
-[r] 04 05 00000000 00000000
-[e] 01000458 00000002 0
-[w] 01000450 1 1e 00000004
-[f] 01000464 00400e93
-[d] 01000460 13 1d 00 - 0 - 00000004 -
-[r] 00 - 00000001 -
-[e] 0100045c 01000440 0
-[w] 01000454 1 04 00000002
-[f] 01000468 02100193
-[d] 01000464 13 03 00 - 0 - 00000021 -
-[r] 00 - 00000000 -
-[e] 01000460 00000004 0
-[w] 01000458 1 05 00000002
-[f] 0100046c 05df1c63
-[d] 01000468 63 - 1e 1d 1 - 00000058 -
-[r] 1e 1d 00000000 00000000
-[e] 01000464 00000021 0
-[f] 01000470 ff100093
-[d] 0100046c 13 01 00 - 0 - fffffff1 -
-[r] 00 - 00000004 -
-[e] 01000468 010004c0 0
-[w] 01000460 1 1d 00000004
-[f] 01000474 40100133
-[d] 01000470 33 02 00 01 0 20 - -
-[r] 00 01 00000000 00000000
-[e] 0100046c fffffff1 0
-[w] 01000464 1 03 00000021
-[f] 01000478 00f00e93
-[d] 01000474 13 1d 00 - 0 - 0000000f -
-[r] 00 - 00000000 -
-[e] 01000470 0000000f 0
-[f] 0100047c 02200193
-[d] 01000478 13 03 00 - 0 - 00000022 -
-[r] 00 - 00000000 -
-[e] 01000474 0000000f 0
-[w] 0100046c 1 01 fffffff1
-[f] 01000480 05d11263
-[d] 0100047c 63 - 02 1d 1 - 00000044 -
-[r] 02 1d 00000000 00000000
-[e] 01000478 00000022 0
-[w] 01000470 1 02 0000000f
-[f] 01000480 05d11263
-[d] 0100047c 63 - 02 1d 1 - 00000044 -
-[r] 02 1d 0000000b 00000004
-[e] 0100047c 0000000b 0
-[w] 01000474 1 1d 0000000f
-[f] 01000480 05d11263
-[d] 0100047c 63 - 02 1d 1 - 00000044 -
-[r] 02 1d 0000000f 00000004
-[e] 0100047c 0000000f 0
-[w] 01000478 1 03 00000022
-[f] 01000484 02000093
-[d] 01000480 13 01 00 - 0 - 00000020 -
-[r] 00 - 0000000f -
-[e] 0100047c 010004c0 0
-[f] 01000488 40008133
-[d] 01000484 33 02 01 00 0 20 - -
-[r] 01 00 00000000 00000000
-[e] 01000480 00000020 0
-[f] 0100048c 02000e93
-[d] 01000488 13 1d 00 - 0 - 00000020 -
-[r] 00 - fffffff1 -
-[e] 01000484 00000020 0
-[f] 01000490 02300193
-[d] 0100048c 13 03 00 - 0 - 00000023 -
-[r] 00 - 00000000 -
-[e] 01000488 00000020 0
-[w] 01000480 1 01 00000020
-[f] 01000494 03d11863
-[d] 01000490 63 - 02 1d 1 - 00000030 -
-[r] 02 1d 00000000 00000000
-[e] 0100048c 00000023 0
-[w] 01000484 1 02 00000020
-[f] 01000494 03d11863
-[d] 01000490 63 - 02 1d 1 - 00000030 -
-[r] 02 1d 0000000f 0000000f
-[e] 01000490 0000000f 0
-[w] 01000488 1 1d 00000020
-[f] 01000494 03d11863
-[d] 01000490 63 - 02 1d 1 - 00000030 -
-[r] 02 1d 00000020 0000000f
-[e] 01000490 00000020 0
-[w] 0100048c 1 03 00000023
-[f] 01000498 400000b3
-[d] 01000494 33 01 00 00 0 20 - -
-[r] 00 00 00000020 00000020
-[e] 01000490 010004c0 0
-[f] 0100049c 00000e93
-[d] 01000498 13 1d 00 - 0 - 00000000 -
-[r] 00 - 00000000 -
-[e] 01000494 00000000 0
-[f] 010004a0 02400193
-[d] 0100049c 13 03 00 - 0 - 00000024 -
-[r] 00 - 00000000 -
-[e] 01000498 00000000 0
-[f] 010004a4 03d09063
-[d] 010004a0 63 - 01 1d 1 - 00000020 -
-[r] 01 1d 00000000 00000000
-[e] 0100049c 00000024 0
-[w] 01000494 1 01 00000000
-[f] 010004a4 03d09063
-[d] 010004a0 63 - 01 1d 1 - 00000020 -
-[r] 01 1d 00000020 00000020
-[e] 010004a0 00000020 0
-[w] 01000498 1 1d 00000000
-[f] 010004a4 03d09063
-[d] 010004a0 63 - 01 1d 1 - 00000020 -
-[r] 01 1d 00000000 00000020
-[e] 010004a0 00000000 0
-[w] 0100049c 1 03 00000024
-[f] 010004a8 01000093
-[d] 010004a4 13 01 00 - 0 - 00000010 -
-[r] 00 - 00000000 -
-[e] 010004a0 010004c0 0
-[f] 010004ac 01e00113
-[d] 010004a8 13 02 00 - 0 - 0000001e -
-[r] 00 - 00000000 -
-[e] 010004a4 00000010 0
-[f] 010004b0 40208033
-[d] 010004ac 33 00 01 02 0 20 - -
-[r] 01 02 00000000 00000000
-[e] 010004a8 0000001e 0
-[f] 010004b4 00000e93
-[d] 010004b0 13 1d 00 - 0 - 00000000 -
-[r] 00 - 00000000 -
-[e] 010004ac fffffff2 0
-[w] 010004a4 1 01 00000010
-[f] 010004b8 02500193
-[d] 010004b4 13 03 00 - 0 - 00000025 -
-[r] 00 - 00000000 -
-[e] 010004b0 00000000 0
-[w] 010004a8 1 02 0000001e
-[f] 010004bc 01d01463
-[d] 010004b8 63 - 00 1d 1 - 00000008 -
-[r] 00 1d 00000000 00000000
-[e] 010004b4 00000025 0
-[f] 010004c0 00301c63
-[d] 010004bc 63 - 00 03 1 - 00000018 -
-[r] 00 03 00000000 00000000
-[e] 010004b8 010004c0 0
-[w] 010004b0 1 1d 00000000
-[f] 010004dc 00100193
-[d] 010004d8 13 03 00 - 0 - 00000001 -
-[r] 00 - 00000000 -
-[e] 010004d4 00000000 0
+[w] 01000044 1 03 00000004
+[f] 01000050 ffff8137
+[d] 0100004c 13 01 00 - 0 - 00000000 -
+[r] 00 - fffffffc -
+[e] 01000048 010004c4 1
+[f] 010004c8 00018063
+[d] 010004c4 33 1e 01 02 0 20 - -
+[r] 01 02 00000000 00000000
+[f] 010004cc 00119193
+[d] 010004c8 63 - 03 00 0 - 00000000 -
+[r] 03 00 00000003 00000007
+[e] 010004c4 00000000 0
+[f] 010004d0 0011e193
+[d] 010004cc 13 03 03 - 1 - 00000000 -
+[r] 03 - 00000004 -
+[e] 010004c8 010004c8 0
+[f] 010004d4 00000073
+[d] 010004d0 13 03 03 - 6 - 00000001 -
+[r] 03 - 00000004 -
+[e] 010004cc 00000004 0
+[w] 010004c4 1 1e 00000000
