--- /tmp/tmp.oWL3GedyRp	2025-11-28 17:09:54.005376288 -0500
+++ /tmp/tmp.FFmO2QmNf1	2025-11-28 17:09:54.014376329 -0500
@@ -1,332 +1,56 @@
-[f] 01000004 00200193
-[d] 01000000 13 03 00 - 0 - 00000002 -
-[r] 00 - 00000000 -
 [f] 01000008 00000293
-[d] 01000004 13 05 00 - 0 - 00000000 -
+[d] 01000004 13 03 00 - 0 - 00000002 -
 [r] 00 - 00000000 -
-[e] 01000000 00000002 0
+[e] 01000000 00000000 0
 [f] 0100000c 00000317
-[d] 01000008 17 06 - - - - 00000000 -
-[r] - - - -
-[e] 01000004 00000000 0
+[d] 01000008 13 05 00 - 0 - 00000000 -
+[r] 00 - 00000000 -
+[e] 01000004 00000002 0
 [f] 01000010 01030313
-[d] 0100000c 13 06 06 - 0 - 00000010 -
-[r] 06 - 00000000 -
-[e] 01000008 01000008 0
-[w] 01000000 1 03 00000002
+[d] 0100000c 17 06 - - - - 00000000 -
+[r] - - - -
+[e] 01000008 00000000 0
 [f] 01000014 000302e7
-[d] 01000010 67 05 06 - - - 00000000 -
+[d] 01000010 13 06 06 - 0 - 00000010 -
 [r] 06 - 00000000 -
-[e] 0100000c 01000018 0
-[w] 01000004 1 05 00000000
+[e] 0100000c 0100000c 0
+[w] 01000004 1 03 00000002
 [f] 01000018 0c00006f
-[d] 01000014 6f 00 - - - - 000000c0 -
-[r] - - - -
-[e] 01000010 01000018 0
-[w] 01000008 1 06 01000008
+[d] 01000014 67 05 06 - - - 00000000 -
+[r] 06 - 00000000 -
+[e] 01000010 0100001c 0
+[w] 01000008 1 05 00000000
 [f] 0100001c 00000317
-[d] 01000018 17 06 - - - - 00000000 -
+[d] 01000018 6f 00 - - - - 000000c0 -
 [r] - - - -
-[w] 01000010 1 05 01000014
+[e] 01000014 0100001c 0
+[w] 0100000c 1 06 0100000c
 [f] 01000020 ffc30313
 [d] 0100001c 13 06 06 - 0 - fffffffc -
 [r] 06 - 00000000 -
-[e] 01000018 01000018 0
+[e] 0100001c 00000000 0
+[w] 01000014 1 05 01000018
 [f] 01000024 0a629a63
-[d] 01000020 63 - 05 06 1 - 000000b4 -
-[r] 05 06 01000018 00000000
-[e] 0100001c 01000014 0
+[d] 01000020 13 06 06 - 0 - fffffffc -
+[r] 06 - 0100001c -
+[e] 0100001c fffffffc 0
 [f] 01000028 00400193
-[d] 01000024 13 03 00 - 0 - 00000004 -
-[r] 00 - 01000014 -
-[e] 01000020 010000d4 0
-[w] 01000018 1 06 01000018
+[d] 01000024 63 - 05 06 1 - 000000b4 -
+[r] 05 06 0100001c 00000000
+[e] 01000020 fffffff8 0
 [f] 0100002c 00000213
-[d] 01000028 13 04 00 - 0 - 00000000 -
-[r] 00 - 00000000 -
-[e] 01000024 00000004 0
-[w] 0100001c 1 06 01000014
-[f] 01000030 00000317
-[d] 0100002c 17 06 - - - - 00000000 -
-[r] - - - -
-[e] 01000028 00000000 0
-[f] 01000034 01030313
-[d] 01000030 13 06 06 - 0 - 00000010 -
-[r] 06 - 00000000 -
-[e] 0100002c 0100002c 0
-[w] 01000024 1 03 00000004
-[f] 01000038 000309e7
-[d] 01000034 67 13 06 - - - 00000000 -
-[r] 06 - 01000014 -
-[e] 01000030 0100003c 0
-[w] 01000028 1 04 00000000
-[f] 0100003c 08301e63
-[d] 01000038 63 - 00 03 1 - 0000009c -
-[r] 00 03 01000014 00000000
-[e] 01000034 0100003c 0
-[w] 0100002c 1 06 0100002c
-[f] 01000040 00120213
-[d] 0100003c 13 04 04 - 0 - 00000001 -
-[r] 04 - 00000000 -
-[w] 01000034 1 13 01000038
-[f] 01000044 00200293
-[d] 01000040 13 05 00 - 0 - 00000002 -
-[r] 00 - 00000000 -
-[e] 0100003c 00000001 0
-[f] 01000048 fe5214e3
-[d] 01000044 63 - 04 05 1 - ffffffe8 -
-[r] 04 05 00000000 00000000
-[e] 01000040 00000002 0
-[f] 0100004c 00500193
-[d] 01000048 13 03 00 - 0 - 00000005 -
-[r] 00 - 00000000 -
-[e] 01000044 0100002c 1
-[w] 0100003c 1 04 00000001
-[f] 01000030 00000317
-[d] 0100002c 17 06 - - - - 00000000 -
-[r] - - - -
-[f] 01000034 01030313
-[d] 01000030 13 06 06 - 0 - 00000010 -
-[r] 06 - 00000000 -
-[e] 0100002c 0100002c 0
-[f] 01000038 000309e7
-[d] 01000034 67 13 06 - - - 00000000 -
-[r] 06 - 0100003c -
-[e] 01000030 0100003c 0
-[f] 0100003c 08301e63
-[d] 01000038 63 - 00 03 1 - 0000009c -
-[r] 00 03 0100003c 00000000
-[e] 01000034 0100003c 0
-[w] 0100002c 1 06 0100002c
-[f] 01000040 00120213
-[d] 0100003c 13 04 04 - 0 - 00000001 -
-[r] 04 - 00000000 -
-[w] 01000034 1 13 01000038
-[f] 01000044 00200293
-[d] 01000040 13 05 00 - 0 - 00000002 -
-[r] 00 - 00000001 -
-[e] 0100003c 00000002 0
-[f] 01000048 fe5214e3
-[d] 01000044 63 - 04 05 1 - ffffffe8 -
-[r] 04 05 00000000 00000000
-[e] 01000040 00000002 0
-[f] 0100004c 00500193
-[d] 01000048 13 03 00 - 0 - 00000005 -
-[r] 00 - 00000001 -
-[e] 01000044 0100002c 0
-[w] 0100003c 1 04 00000002
-[f] 01000050 00000213
-[d] 0100004c 13 04 00 - 0 - 00000000 -
-[r] 00 - 00000000 -
-[e] 01000048 00000005 0
-[w] 01000040 1 05 00000002
-[f] 01000054 00000317
-[d] 01000050 17 06 - - - - 00000000 -
-[r] - - - -
-[e] 0100004c 00000000 0
-[f] 01000058 01430313
-[d] 01000054 13 06 06 - 0 - 00000014 -
-[r] 06 - 00000000 -
-[e] 01000050 01000050 0
-[w] 01000048 1 03 00000005
-[f] 01000060 000309e7
-[d] 0100005c 67 13 06 - - - 00000000 -
-[r] 06 - 00000000 -
-[w] 01000050 1 06 01000050
-[f] 01000064 06301a63
-[d] 01000060 63 - 00 03 1 - 00000074 -
-[r] 00 03 0100003c 00000000
-[e] 0100005c 01000064 0
-[w] 01000054 1 06 01000064
-[f] 01000068 00120213
-[d] 01000064 13 04 04 - 0 - 00000001 -
-[r] 04 - 00000000 -
-[w] 0100005c 1 13 01000060
-[f] 0100006c 00200293
-[d] 01000068 13 05 00 - 0 - 00000002 -
-[r] 00 - 00000000 -
-[e] 01000064 00000001 0
-[f] 01000070 fe5212e3
-[d] 0100006c 63 - 04 05 1 - ffffffe4 -
-[r] 04 05 00000000 00000000
-[e] 01000068 00000002 0
-[f] 01000074 00600193
-[d] 01000070 13 03 00 - 0 - 00000006 -
-[r] 00 - 00000000 -
-[e] 0100006c 01000050 1
-[w] 01000064 1 04 00000001
-[f] 01000054 00000317
-[d] 01000050 17 06 - - - - 00000000 -
-[r] - - - -
-[f] 01000058 01430313
-[d] 01000054 13 06 06 - 0 - 00000014 -
-[r] 06 - 00000000 -
-[e] 01000050 01000050 0
-[f] 01000060 000309e7
-[d] 0100005c 67 13 06 - - - 00000000 -
-[r] 06 - 00000000 -
-[w] 01000050 1 06 01000050
-[f] 01000064 06301a63
-[d] 01000060 63 - 00 03 1 - 00000074 -
-[r] 00 03 01000064 00000000
-[e] 0100005c 01000064 0
-[w] 01000054 1 06 01000064
-[f] 01000068 00120213
-[d] 01000064 13 04 04 - 0 - 00000001 -
-[r] 04 - 00000000 -
-[w] 0100005c 1 13 01000060
-[f] 0100006c 00200293
-[d] 01000068 13 05 00 - 0 - 00000002 -
-[r] 00 - 00000001 -
-[e] 01000064 00000002 0
-[f] 01000070 fe5212e3
-[d] 0100006c 63 - 04 05 1 - ffffffe4 -
-[r] 04 05 00000000 00000000
-[e] 01000068 00000002 0
-[f] 01000074 00600193
-[d] 01000070 13 03 00 - 0 - 00000006 -
-[r] 00 - 00000001 -
-[e] 0100006c 01000050 0
-[w] 01000064 1 04 00000002
-[f] 01000078 00000213
-[d] 01000074 13 04 00 - 0 - 00000000 -
-[r] 00 - 00000000 -
-[e] 01000070 00000006 0
-[w] 01000068 1 05 00000002
-[f] 0100007c 00000317
-[d] 01000078 17 06 - - - - 00000000 -
-[r] - - - -
-[e] 01000074 00000000 0
-[f] 01000080 01830313
-[d] 0100007c 13 06 06 - 0 - 00000018 -
-[r] 06 - 00000000 -
-[e] 01000078 01000078 0
-[w] 01000070 1 03 00000006
-[f] 0100008c 000309e7
-[d] 01000088 67 13 06 - - - 00000000 -
-[r] 06 - 00000000 -
-[w] 0100007c 1 06 01000090
-[f] 0100008c 000309e7
-[d] 01000088 67 13 06 - - - 00000000 -
-[r] 06 - 01000078 -
-[e] 01000088 01000078 0
-[f] 01000090 04301463
-[d] 0100008c 63 - 00 03 1 - 00000048 -
-[r] 00 03 01000090 00000000
-[e] 01000088 01000090 0
-[f] 01000094 00120213
-[d] 01000090 13 04 04 - 0 - 00000001 -
-[r] 04 - 00000000 -
-[w] 01000088 1 13 0100008c
-[f] 01000098 00200293
-[d] 01000094 13 05 00 - 0 - 00000002 -
-[r] 00 - 00000000 -
-[e] 01000090 00000001 0
-[f] 0100009c fe5210e3
-[d] 01000098 63 - 04 05 1 - ffffffe0 -
-[r] 04 05 00000000 00000000
-[e] 01000094 00000002 0
-[f] 010000a0 00100293
-[d] 0100009c 13 05 00 - 0 - 00000001 -
-[r] 00 - 00000000 -
-[e] 01000098 01000078 1
-[w] 01000090 1 04 00000001
-[f] 0100007c 00000317
-[d] 01000078 17 06 - - - - 00000000 -
-[r] - - - -
-[f] 01000080 01830313
-[d] 0100007c 13 06 06 - 0 - 00000018 -
-[r] 06 - 00000000 -
-[e] 01000078 01000078 0
-[f] 0100008c 000309e7
-[d] 01000088 67 13 06 - - - 00000000 -
-[r] 06 - 00000000 -
-[w] 0100007c 1 06 01000090
-[f] 0100008c 000309e7
-[d] 01000088 67 13 06 - - - 00000000 -
-[r] 06 - 01000078 -
-[e] 01000088 01000078 0
-[f] 01000090 04301463
-[d] 0100008c 63 - 00 03 1 - 00000048 -
-[r] 00 03 01000090 00000000
-[e] 01000088 01000090 0
-[f] 01000094 00120213
-[d] 01000090 13 04 04 - 0 - 00000001 -
-[r] 04 - 00000000 -
-[w] 01000088 1 13 0100008c
-[f] 01000098 00200293
-[d] 01000094 13 05 00 - 0 - 00000002 -
-[r] 00 - 00000001 -
-[e] 01000090 00000002 0
-[f] 0100009c fe5210e3
-[d] 01000098 63 - 04 05 1 - ffffffe0 -
-[r] 04 05 00000000 00000000
-[e] 01000094 00000002 0
-[f] 010000a0 00100293
-[d] 0100009c 13 05 00 - 0 - 00000001 -
-[r] 00 - 00000001 -
-[e] 01000098 01000078 0
-[w] 01000090 1 04 00000002
-[f] 010000a4 00000317
-[d] 010000a0 17 06 - - - - 00000000 -
-[r] - - - -
-[e] 0100009c 00000001 0
-[w] 01000094 1 05 00000002
-[f] 010000a8 01c30313
-[d] 010000a4 13 06 06 - 0 - 0000001c -
-[r] 06 - 00000000 -
-[e] 010000a0 010000a0 0
-[f] 010000ac ffc30067
-[d] 010000a8 67 00 06 - - - fffffffc -
-[r] 06 - 01000090 -
-[e] 010000a4 010000bc 0
-[w] 0100009c 1 05 00000001
-[f] 010000b0 00128293
-[d] 010000ac 13 05 05 - 0 - 00000001 -
-[r] 05 - 01000090 -
-[e] 010000a8 010000b8 0
-[w] 010000a0 1 06 010000a0
-[f] 010000bc 00128293
-[d] 010000b8 13 05 05 - 0 - 00000001 -
-[r] 05 - 00000000 -
-[f] 010000c0 00128293
-[d] 010000bc 13 05 05 - 0 - 00000001 -
-[r] 05 - 00000001 -
-[e] 010000b8 00000002 0
-[f] 010000c4 00128293
-[d] 010000c0 13 05 05 - 0 - 00000001 -
-[r] 05 - 00000001 -
-[e] 010000bc 00000003 0
-[f] 010000c8 00400e93
-[d] 010000c4 13 1d 00 - 0 - 00000004 -
-[r] 00 - 00000001 -
-[e] 010000c0 00000004 0
-[w] 010000b8 1 05 00000002
-[f] 010000cc 00700193
-[d] 010000c8 13 03 00 - 0 - 00000007 -
-[r] 00 - 00000000 -
-[e] 010000c4 00000004 0
-[w] 010000bc 1 05 00000003
-[f] 010000d0 01d29463
-[d] 010000cc 63 - 05 1d 1 - 00000008 -
-[r] 05 1d 00000000 00000000
-[e] 010000c8 00000007 0
-[w] 010000c0 1 05 00000004
-[f] 010000d0 01d29463
-[d] 010000cc 63 - 05 1d 1 - 00000008 -
-[r] 05 1d 00000003 00000000
-[e] 010000cc 00000003 0
-[w] 010000c4 1 1d 00000004
-[f] 010000d0 01d29463
-[d] 010000cc 63 - 05 1d 1 - 00000008 -
-[r] 05 1d 00000004 00000000
-[e] 010000cc 00000004 0
-[w] 010000c8 1 03 00000007
-[f] 010000d4 00301c63
-[d] 010000d0 63 - 00 03 1 - 00000018 -
-[r] 00 03 00000004 00000004
-[e] 010000cc 010000d4 0
-[f] 010000f0 00100193
-[d] 010000ec 13 03 00 - 0 - 00000001 -
-[r] 00 - 00000000 -
-[e] 010000e8 00000000 0
+[d] 01000028 13 03 00 - 0 - 00000004 -
+[r] 00 - 01000018 -
+[e] 01000024 010000d8 1
+[w] 0100001c 1 06 fffffffc
+[f] 010000dc 00018063
+[d] 010000d8 17 06 - - - - 00000000 -
+[r] - - - -
+[f] 010000e0 00119193
+[d] 010000dc 63 - 03 00 0 - 00000000 -
+[r] 03 00 00000000 00000000
+[e] 010000d8 010000d8 0
+[f] 010000e4 0011e193
+[d] 010000e0 13 03 03 - 1 - 00000000 -
+[r] 03 - 00000002 -
+[e] 010000dc 010000dc 1
