--- /tmp/tmp.pFcdBOHUJI	2025-11-28 17:09:54.971380660 -0500
+++ /tmp/tmp.cQfd52MVzc	2025-11-28 17:09:54.980380701 -0500
@@ -1,2209 +1,57 @@
-[f] 01000004 00100093
-[d] 01000000 13 01 00 - 0 - 00000001 -
-[r] 00 - 00000000 -
 [f] 01000008 00000113
-[d] 01000004 13 02 00 - 0 - 00000000 -
+[d] 01000004 13 01 00 - 0 - 00000001 -
 [r] 00 - 00000000 -
-[e] 01000000 00000001 0
+[e] 01000000 00000000 0
 [f] 0100000c 00209f33
-[d] 01000008 33 1e 01 02 1 00 - -
-[r] 01 02 00000000 00000000
-[e] 01000004 00000000 0
-[f] 01000010 00100e93
-[d] 0100000c 13 1d 00 - 0 - 00000001 -
+[d] 01000008 13 02 00 - 0 - 00000000 -
 [r] 00 - 00000000 -
-[e] 01000008 00000001 0
-[w] 01000000 1 01 00000001
+[e] 01000004 00000001 0
+[f] 01000010 00100e93
+[d] 0100000c 33 1e 01 02 1 00 - -
+[r] 01 02 00000000 00000000
+[e] 01000008 00000000 0
 [f] 01000014 00200193
-[d] 01000010 13 03 00 - 0 - 00000002 -
+[d] 01000010 13 1d 00 - 0 - 00000001 -
 [r] 00 - 00000000 -
 [e] 0100000c 00000001 0
-[w] 01000004 1 02 00000000
+[w] 01000004 1 01 00000001
 [f] 01000018 53df1e63
-[d] 01000014 63 - 1e 1d 1 - 0000053c -
+[d] 01000014 13 03 00 - 0 - 00000002 -
+[r] 00 - 00000000 -
+[e] 01000010 00000001 0
+[w] 01000008 1 02 00000000
+[f] 0100001c 00100093
+[d] 01000018 63 - 1e 1d 1 - 0000053c -
 [r] 1e 1d 00000000 00000000
-[e] 01000010 00000002 0
-[w] 01000008 1 1e 00000001
-[f] 01000018 53df1e63
-[d] 01000014 63 - 1e 1d 1 - 0000053c -
+[e] 01000014 00000002 0
+[w] 0100000c 1 1e 00000001
+[f] 0100001c 00100093
+[d] 01000018 63 - 1e 1d 1 - 0000053c -
 [r] 1e 1d 00000000 00000000
-[e] 01000014 00000000 0
-[w] 0100000c 1 1d 00000001
-[f] 01000018 53df1e63
-[d] 01000014 63 - 1e 1d 1 - 0000053c -
-[r] 1e 1d 00000001 00000000
-[e] 01000014 00000001 0
-[w] 01000010 1 03 00000002
+[e] 01000018 00000000 0
+[w] 01000010 1 1d 00000001
 [f] 0100001c 00100093
-[d] 01000018 13 01 00 - 0 - 00000001 -
-[r] 00 - 00000001 -
-[e] 01000014 01000550 0
+[d] 01000018 63 - 1e 1d 1 - 0000053c -
+[r] 1e 1d 00000001 00000000
+[e] 01000018 00000000 0
+[w] 01000014 1 03 00000002
 [f] 01000020 00100113
-[d] 0100001c 13 02 00 - 0 - 00000001 -
-[r] 00 - 00000000 -
-[e] 01000018 00000001 0
-[f] 01000024 00209f33
-[d] 01000020 33 1e 01 02 1 00 - -
-[r] 01 02 00000000 00000000
-[e] 0100001c 00000001 0
-[f] 01000028 00200e93
-[d] 01000024 13 1d 00 - 0 - 00000002 -
-[r] 00 - 00000001 -
-[e] 01000020 00000002 0
-[w] 01000018 1 01 00000001
-[f] 0100002c 00300193
-[d] 01000028 13 03 00 - 0 - 00000003 -
-[r] 00 - 00000000 -
-[e] 01000024 00000002 0
-[w] 0100001c 1 02 00000001
-[f] 01000030 53df1263
-[d] 0100002c 63 - 1e 1d 1 - 00000524 -
-[r] 1e 1d 00000000 00000000
-[e] 01000028 00000003 0
-[w] 01000020 1 1e 00000002
-[f] 01000030 53df1263
-[d] 0100002c 63 - 1e 1d 1 - 00000524 -
-[r] 1e 1d 00000001 00000001
-[e] 0100002c 00000001 0
-[w] 01000024 1 1d 00000002
-[f] 01000030 53df1263
-[d] 0100002c 63 - 1e 1d 1 - 00000524 -
-[r] 1e 1d 00000002 00000001
-[e] 0100002c 00000002 0
-[w] 01000028 1 03 00000003
-[f] 01000034 00100093
-[d] 01000030 13 01 00 - 0 - 00000001 -
-[r] 00 - 00000002 -
-[e] 0100002c 01000550 0
-[f] 01000038 00700113
-[d] 01000034 13 02 00 - 0 - 00000007 -
-[r] 00 - 00000000 -
-[e] 01000030 00000001 0
-[f] 0100003c 00209f33
-[d] 01000038 33 1e 01 02 1 00 - -
-[r] 01 02 00000000 00000000
-[e] 01000034 00000007 0
-[f] 01000040 08000e93
-[d] 0100003c 13 1d 00 - 0 - 00000080 -
-[r] 00 - 00000001 -
-[e] 01000038 00000080 0
-[w] 01000030 1 01 00000001
-[f] 01000044 00400193
-[d] 01000040 13 03 00 - 0 - 00000004 -
-[r] 00 - 00000000 -
-[e] 0100003c 00000080 0
-[w] 01000034 1 02 00000007
-[f] 01000048 51df1663
-[d] 01000044 63 - 1e 1d 1 - 0000050c -
-[r] 1e 1d 00000000 00000000
-[e] 01000040 00000004 0
-[w] 01000038 1 1e 00000080
-[f] 01000048 51df1663
-[d] 01000044 63 - 1e 1d 1 - 0000050c -
-[r] 1e 1d 00000002 00000002
-[e] 01000044 00000002 0
-[w] 0100003c 1 1d 00000080
-[f] 01000048 51df1663
-[d] 01000044 63 - 1e 1d 1 - 0000050c -
-[r] 1e 1d 00000080 00000002
-[e] 01000044 00000080 0
-[w] 01000040 1 03 00000004
-[f] 0100004c 00100093
-[d] 01000048 13 01 00 - 0 - 00000001 -
-[r] 00 - 00000080 -
-[e] 01000044 01000550 0
-[f] 01000050 00e00113
-[d] 0100004c 13 02 00 - 0 - 0000000e -
-[r] 00 - 00000000 -
-[e] 01000048 00000001 0
-[f] 01000054 00209f33
-[d] 01000050 33 1e 01 02 1 00 - -
-[r] 01 02 00000000 00000000
-[e] 0100004c 0000000e 0
-[f] 01000058 00004eb7
-[d] 01000054 37 1d - - - - 00004000 -
-[r] - - - -
-[e] 01000050 00004000 0
-[w] 01000048 1 01 00000001
-[f] 0100005c 00500193
-[d] 01000058 13 03 00 - 0 - 00000005 -
-[r] 00 - 00000000 -
-[e] 01000054 00004000 0
-[w] 0100004c 1 02 0000000e
-[f] 01000060 4fdf1a63
-[d] 0100005c 63 - 1e 1d 1 - 000004f4 -
-[r] 1e 1d 00000000 00000000
-[e] 01000058 00000005 0
-[w] 01000050 1 1e 00004000
-[f] 01000060 4fdf1a63
-[d] 0100005c 63 - 1e 1d 1 - 000004f4 -
-[r] 1e 1d 00000080 00000080
-[e] 0100005c 00000080 0
-[w] 01000054 1 1d 00004000
-[f] 01000060 4fdf1a63
-[d] 0100005c 63 - 1e 1d 1 - 000004f4 -
-[r] 1e 1d 00004000 00000080
-[e] 0100005c 00004000 0
-[w] 01000058 1 03 00000005
-[f] 01000064 00100093
-[d] 01000060 13 01 00 - 0 - 00000001 -
-[r] 00 - 00004000 -
-[e] 0100005c 01000550 0
-[f] 01000068 01f00113
-[d] 01000064 13 02 00 - 0 - 0000001f -
-[r] 00 - 00000000 -
-[e] 01000060 00000001 0
-[f] 0100006c 00209f33
-[d] 01000068 33 1e 01 02 1 00 - -
-[r] 01 02 00000000 00000000
-[e] 01000064 0000001f 0
-[f] 01000070 80000eb7
-[d] 0100006c 37 1d - - - - 80000000 -
-[r] - - - -
-[e] 01000068 80000000 0
-[w] 01000060 1 01 00000001
-[f] 01000074 00600193
-[d] 01000070 13 03 00 - 0 - 00000006 -
-[r] 00 - 00000000 -
-[e] 0100006c 80000000 0
-[w] 01000064 1 02 0000001f
-[f] 01000078 4ddf1e63
-[d] 01000074 63 - 1e 1d 1 - 000004dc -
-[r] 1e 1d 00000000 00000000
-[e] 01000070 00000006 0
-[w] 01000068 1 1e 80000000
-[f] 01000078 4ddf1e63
-[d] 01000074 63 - 1e 1d 1 - 000004dc -
-[r] 1e 1d 00004000 00004000
-[e] 01000074 00004000 0
-[w] 0100006c 1 1d 80000000
-[f] 01000078 4ddf1e63
-[d] 01000074 63 - 1e 1d 1 - 000004dc -
-[r] 1e 1d 80000000 00004000
-[e] 01000074 80000000 0
-[w] 01000070 1 03 00000006
-[f] 0100007c fff00093
-[d] 01000078 13 01 00 - 0 - ffffffff -
-[r] 00 - 80000000 -
-[e] 01000074 01000550 0
-[f] 01000080 00000113
-[d] 0100007c 13 02 00 - 0 - 00000000 -
-[r] 00 - 00000000 -
-[e] 01000078 ffffffff 0
-[f] 01000084 00209f33
-[d] 01000080 33 1e 01 02 1 00 - -
-[r] 01 02 00000000 00000000
-[e] 0100007c 00000000 0
-[f] 01000088 fff00e93
-[d] 01000084 13 1d 00 - 0 - ffffffff -
-[r] 00 - 00000001 -
-[e] 01000080 ffffffff 0
-[w] 01000078 1 01 ffffffff
-[f] 0100008c 00700193
-[d] 01000088 13 03 00 - 0 - 00000007 -
-[r] 00 - 00000000 -
-[e] 01000084 ffffffff 0
-[w] 0100007c 1 02 00000000
-[f] 01000090 4ddf1263
-[d] 0100008c 63 - 1e 1d 1 - 000004c4 -
-[r] 1e 1d 00000000 00000000
-[e] 01000088 00000007 0
-[w] 01000080 1 1e ffffffff
-[f] 01000090 4ddf1263
-[d] 0100008c 63 - 1e 1d 1 - 000004c4 -
-[r] 1e 1d 80000000 80000000
-[e] 0100008c 80000000 0
-[w] 01000084 1 1d ffffffff
-[f] 01000090 4ddf1263
-[d] 0100008c 63 - 1e 1d 1 - 000004c4 -
-[r] 1e 1d ffffffff 80000000
-[e] 0100008c ffffffff 0
-[w] 01000088 1 03 00000007
-[f] 01000094 fff00093
-[d] 01000090 13 01 00 - 0 - ffffffff -
-[r] 00 - ffffffff -
-[e] 0100008c 01000550 0
-[f] 01000098 00100113
-[d] 01000094 13 02 00 - 0 - 00000001 -
-[r] 00 - 00000000 -
-[e] 01000090 ffffffff 0
-[f] 0100009c 00209f33
-[d] 01000098 33 1e 01 02 1 00 - -
-[r] 01 02 00000000 00000000
-[e] 01000094 00000001 0
-[f] 010000a0 ffe00e93
-[d] 0100009c 13 1d 00 - 0 - fffffffe -
-[r] 00 - ffffffff -
-[e] 01000098 fffffffe 0
-[w] 01000090 1 01 ffffffff
-[f] 010000a4 00800193
-[d] 010000a0 13 03 00 - 0 - 00000008 -
-[r] 00 - 00000000 -
-[e] 0100009c fffffffe 0
-[w] 01000094 1 02 00000001
-[f] 010000a8 4bdf1663
-[d] 010000a4 63 - 1e 1d 1 - 000004ac -
-[r] 1e 1d 00000000 00000000
-[e] 010000a0 00000008 0
-[w] 01000098 1 1e fffffffe
-[f] 010000a8 4bdf1663
-[d] 010000a4 63 - 1e 1d 1 - 000004ac -
-[r] 1e 1d ffffffff ffffffff
-[e] 010000a4 ffffffff 0
-[w] 0100009c 1 1d fffffffe
-[f] 010000a8 4bdf1663
-[d] 010000a4 63 - 1e 1d 1 - 000004ac -
-[r] 1e 1d fffffffe ffffffff
-[e] 010000a4 fffffffe 0
-[w] 010000a0 1 03 00000008
-[f] 010000ac fff00093
-[d] 010000a8 13 01 00 - 0 - ffffffff -
-[r] 00 - fffffffe -
-[e] 010000a4 01000550 0
-[f] 010000b0 00700113
-[d] 010000ac 13 02 00 - 0 - 00000007 -
-[r] 00 - 00000000 -
-[e] 010000a8 ffffffff 0
-[f] 010000b4 00209f33
-[d] 010000b0 33 1e 01 02 1 00 - -
-[r] 01 02 00000000 00000000
-[e] 010000ac 00000007 0
-[f] 010000b8 f8000e93
-[d] 010000b4 13 1d 00 - 0 - ffffff80 -
-[r] 00 - ffffffff -
-[e] 010000b0 ffffff80 0
-[w] 010000a8 1 01 ffffffff
-[f] 010000bc 00900193
-[d] 010000b8 13 03 00 - 0 - 00000009 -
-[r] 00 - 00000000 -
-[e] 010000b4 ffffff80 0
-[w] 010000ac 1 02 00000007
-[f] 010000c0 49df1a63
-[d] 010000bc 63 - 1e 1d 1 - 00000494 -
-[r] 1e 1d 00000000 00000000
-[e] 010000b8 00000009 0
-[w] 010000b0 1 1e ffffff80
-[f] 010000c0 49df1a63
-[d] 010000bc 63 - 1e 1d 1 - 00000494 -
-[r] 1e 1d fffffffe fffffffe
-[e] 010000bc fffffffe 0
-[w] 010000b4 1 1d ffffff80
-[f] 010000c0 49df1a63
-[d] 010000bc 63 - 1e 1d 1 - 00000494 -
-[r] 1e 1d ffffff80 fffffffe
-[e] 010000bc ffffff80 0
-[w] 010000b8 1 03 00000009
-[f] 010000c4 fff00093
-[d] 010000c0 13 01 00 - 0 - ffffffff -
-[r] 00 - ffffff80 -
-[e] 010000bc 01000550 0
-[f] 010000c8 00e00113
-[d] 010000c4 13 02 00 - 0 - 0000000e -
-[r] 00 - 00000000 -
-[e] 010000c0 ffffffff 0
-[f] 010000cc 00209f33
-[d] 010000c8 33 1e 01 02 1 00 - -
-[r] 01 02 00000000 00000000
-[e] 010000c4 0000000e 0
-[f] 010000d0 ffffceb7
-[d] 010000cc 37 1d - - - - ffffc000 -
-[r] - - - -
-[e] 010000c8 ffffc000 0
-[w] 010000c0 1 01 ffffffff
-[f] 010000d4 00a00193
-[d] 010000d0 13 03 00 - 0 - 0000000a -
-[r] 00 - 00000000 -
-[e] 010000cc ffffc000 0
-[w] 010000c4 1 02 0000000e
-[f] 010000d8 47df1e63
-[d] 010000d4 63 - 1e 1d 1 - 0000047c -
-[r] 1e 1d 00000000 00000000
-[e] 010000d0 0000000a 0
-[w] 010000c8 1 1e ffffc000
-[f] 010000d8 47df1e63
-[d] 010000d4 63 - 1e 1d 1 - 0000047c -
-[r] 1e 1d ffffff80 ffffff80
-[e] 010000d4 ffffff80 0
-[w] 010000cc 1 1d ffffc000
-[f] 010000d8 47df1e63
-[d] 010000d4 63 - 1e 1d 1 - 0000047c -
-[r] 1e 1d ffffc000 ffffff80
-[e] 010000d4 ffffc000 0
-[w] 010000d0 1 03 0000000a
-[f] 010000dc fff00093
-[d] 010000d8 13 01 00 - 0 - ffffffff -
-[r] 00 - ffffc000 -
-[e] 010000d4 01000550 0
-[f] 010000e0 01f00113
-[d] 010000dc 13 02 00 - 0 - 0000001f -
-[r] 00 - 00000000 -
-[e] 010000d8 ffffffff 0
-[f] 010000e4 00209f33
-[d] 010000e0 33 1e 01 02 1 00 - -
-[r] 01 02 00000000 00000000
-[e] 010000dc 0000001f 0
-[f] 010000e8 80000eb7
-[d] 010000e4 37 1d - - - - 80000000 -
-[r] - - - -
-[e] 010000e0 80000000 0
-[w] 010000d8 1 01 ffffffff
-[f] 010000ec 00b00193
-[d] 010000e8 13 03 00 - 0 - 0000000b -
-[r] 00 - 00000000 -
-[e] 010000e4 80000000 0
-[w] 010000dc 1 02 0000001f
-[f] 010000f0 47df1263
-[d] 010000ec 63 - 1e 1d 1 - 00000464 -
-[r] 1e 1d 00000000 00000000
-[e] 010000e8 0000000b 0
-[w] 010000e0 1 1e 80000000
-[f] 010000f0 47df1263
-[d] 010000ec 63 - 1e 1d 1 - 00000464 -
-[r] 1e 1d ffffc000 ffffc000
-[e] 010000ec ffffc000 0
-[w] 010000e4 1 1d 80000000
-[f] 010000f0 47df1263
-[d] 010000ec 63 - 1e 1d 1 - 00000464 -
-[r] 1e 1d 80000000 ffffc000
-[e] 010000ec 80000000 0
-[w] 010000e8 1 03 0000000b
-[f] 010000f4 212120b7
-[d] 010000f0 37 01 - - - - 21212000 -
-[r] - - - -
-[e] 010000ec 01000550 0
-[f] 010000f8 12108093
-[d] 010000f4 13 01 01 - 0 - 00000121 -
-[r] 01 - 00000000 -
-[e] 010000f0 21212000 0
-[f] 010000fc 00000113
-[d] 010000f8 13 02 00 - 0 - 00000000 -
-[r] 00 - ffffffff -
-[e] 010000f4 21212121 0
-[f] 01000100 00209f33
-[d] 010000fc 33 1e 01 02 1 00 - -
-[r] 01 02 00000000 00000000
-[e] 010000f8 00000000 0
-[w] 010000f0 1 01 21212000
-[f] 01000104 21212eb7
-[d] 01000100 37 1d - - - - 21212000 -
-[r] - - - -
-[e] 010000fc 21212121 0
-[w] 010000f4 1 01 21212121
-[f] 01000108 121e8e93
-[d] 01000104 13 1d 1d - 0 - 00000121 -
-[r] 1d - 00000000 -
-[e] 01000100 21212000 0
-[w] 010000f8 1 02 00000000
-[f] 0100010c 00c00193
-[d] 01000108 13 03 00 - 0 - 0000000c -
-[r] 00 - 80000000 -
-[e] 01000104 21212121 0
-[w] 010000fc 1 1e 21212121
-[f] 01000110 45df1263
-[d] 0100010c 63 - 1e 1d 1 - 00000444 -
-[r] 1e 1d 00000000 00000000
-[e] 01000108 0000000c 0
-[w] 01000100 1 1d 21212000
-[f] 01000114 212120b7
-[d] 01000110 37 01 - - - - 21212000 -
-[r] - - - -
-[e] 0100010c 01000550 0
-[w] 01000104 1 1d 21212121
-[f] 01000118 12108093
-[d] 01000114 13 01 01 - 0 - 00000121 -
-[r] 01 - 00000000 -
-[e] 01000110 21212000 0
-[w] 01000108 1 03 0000000c
-[f] 0100011c 00100113
-[d] 01000118 13 02 00 - 0 - 00000001 -
-[r] 00 - 21212121 -
-[e] 01000114 21212121 0
-[f] 01000120 00209f33
-[d] 0100011c 33 1e 01 02 1 00 - -
-[r] 01 02 00000000 00000000
-[e] 01000118 00000001 0
-[w] 01000110 1 01 21212000
-[f] 01000124 42424eb7
-[d] 01000120 37 1d - - - - 42424000 -
-[r] - - - -
-[e] 0100011c 42424242 0
-[w] 01000114 1 01 21212121
-[f] 01000128 242e8e93
-[d] 01000124 13 1d 1d - 0 - 00000242 -
-[r] 1d - 00000000 -
-[e] 01000120 42424000 0
-[w] 01000118 1 02 00000001
-[f] 0100012c 00d00193
-[d] 01000128 13 03 00 - 0 - 0000000d -
-[r] 00 - 21212121 -
-[e] 01000124 42424242 0
-[w] 0100011c 1 1e 42424242
-[f] 01000130 43df1263
-[d] 0100012c 63 - 1e 1d 1 - 00000424 -
-[r] 1e 1d 00000000 00000000
-[e] 01000128 0000000d 0
-[w] 01000120 1 1d 42424000
-[f] 01000134 212120b7
-[d] 01000130 37 01 - - - - 21212000 -
-[r] - - - -
-[e] 0100012c 01000550 0
-[w] 01000124 1 1d 42424242
-[f] 01000138 12108093
-[d] 01000134 13 01 01 - 0 - 00000121 -
-[r] 01 - 00000000 -
-[e] 01000130 21212000 0
-[w] 01000128 1 03 0000000d
-[f] 0100013c 00700113
-[d] 01000138 13 02 00 - 0 - 00000007 -
-[r] 00 - 21212121 -
-[e] 01000134 21212121 0
-[f] 01000140 00209f33
-[d] 0100013c 33 1e 01 02 1 00 - -
-[r] 01 02 00000000 00000000
-[e] 01000138 00000007 0
-[w] 01000130 1 01 21212000
-[f] 01000144 90909eb7
-[d] 01000140 37 1d - - - - 90909000 -
-[r] - - - -
-[e] 0100013c 90909080 0
-[w] 01000134 1 01 21212121
-[f] 01000148 080e8e93
-[d] 01000144 13 1d 1d - 0 - 00000080 -
-[r] 1d - 00000000 -
-[e] 01000140 90909000 0
-[w] 01000138 1 02 00000007
-[f] 0100014c 00e00193
-[d] 01000148 13 03 00 - 0 - 0000000e -
-[r] 00 - 42424242 -
-[e] 01000144 90909080 0
-[w] 0100013c 1 1e 90909080
-[f] 01000150 41df1263
-[d] 0100014c 63 - 1e 1d 1 - 00000404 -
-[r] 1e 1d 00000000 00000000
-[e] 01000148 0000000e 0
-[w] 01000140 1 1d 90909000
-[f] 01000154 212120b7
-[d] 01000150 37 01 - - - - 21212000 -
-[r] - - - -
-[e] 0100014c 01000550 0
-[w] 01000144 1 1d 90909080
-[f] 01000158 12108093
-[d] 01000154 13 01 01 - 0 - 00000121 -
-[r] 01 - 00000000 -
-[e] 01000150 21212000 0
-[w] 01000148 1 03 0000000e
-[f] 0100015c 00e00113
-[d] 01000158 13 02 00 - 0 - 0000000e -
-[r] 00 - 21212121 -
-[e] 01000154 21212121 0
-[f] 01000160 00209f33
-[d] 0100015c 33 1e 01 02 1 00 - -
-[r] 01 02 00000000 00000000
-[e] 01000158 0000000e 0
-[w] 01000150 1 01 21212000
-[f] 01000164 48484eb7
-[d] 01000160 37 1d - - - - 48484000 -
-[r] - - - -
-[e] 0100015c 48484000 0
-[w] 01000154 1 01 21212121
-[f] 01000168 00f00193
-[d] 01000164 13 03 00 - 0 - 0000000f -
-[r] 00 - 00000000 -
-[e] 01000160 48484000 0
-[w] 01000158 1 02 0000000e
-[f] 0100016c 3fdf1463
-[d] 01000168 63 - 1e 1d 1 - 000003e8 -
-[r] 1e 1d 00000000 00000000
-[e] 01000164 0000000f 0
-[w] 0100015c 1 1e 48484000
-[f] 0100016c 3fdf1463
-[d] 01000168 63 - 1e 1d 1 - 000003e8 -
-[r] 1e 1d 90909080 90909080
-[e] 01000168 90909080 0
-[w] 01000160 1 1d 48484000
-[f] 0100016c 3fdf1463
-[d] 01000168 63 - 1e 1d 1 - 000003e8 -
-[r] 1e 1d 48484000 90909080
-[e] 01000168 48484000 0
-[w] 01000164 1 03 0000000f
-[f] 01000170 212120b7
-[d] 0100016c 37 01 - - - - 21212000 -
-[r] - - - -
-[e] 01000168 01000550 0
-[f] 01000174 12108093
-[d] 01000170 13 01 01 - 0 - 00000121 -
-[r] 01 - 00000000 -
-[e] 0100016c 21212000 0
-[f] 01000178 01f00113
-[d] 01000174 13 02 00 - 0 - 0000001f -
-[r] 00 - 21212121 -
-[e] 01000170 21212121 0
-[f] 0100017c 00209f33
-[d] 01000178 33 1e 01 02 1 00 - -
-[r] 01 02 00000000 00000000
-[e] 01000174 0000001f 0
-[w] 0100016c 1 01 21212000
-[f] 01000180 80000eb7
-[d] 0100017c 37 1d - - - - 80000000 -
-[r] - - - -
-[e] 01000178 80000000 0
-[w] 01000170 1 01 21212121
-[f] 01000184 01000193
-[d] 01000180 13 03 00 - 0 - 00000010 -
-[r] 00 - 00000000 -
-[e] 0100017c 80000000 0
-[w] 01000174 1 02 0000001f
-[f] 01000188 3ddf1663
-[d] 01000184 63 - 1e 1d 1 - 000003cc -
-[r] 1e 1d 00000000 00000000
-[e] 01000180 00000010 0
-[w] 01000178 1 1e 80000000
-[f] 01000188 3ddf1663
-[d] 01000184 63 - 1e 1d 1 - 000003cc -
-[r] 1e 1d 48484000 48484000
-[e] 01000184 48484000 0
-[w] 0100017c 1 1d 80000000
-[f] 01000188 3ddf1663
-[d] 01000184 63 - 1e 1d 1 - 000003cc -
-[r] 1e 1d 80000000 48484000
-[e] 01000184 80000000 0
-[w] 01000180 1 03 00000010
-[f] 0100018c 212120b7
-[d] 01000188 37 01 - - - - 21212000 -
-[r] - - - -
-[e] 01000184 01000550 0
-[f] 01000190 12108093
-[d] 0100018c 13 01 01 - 0 - 00000121 -
-[r] 01 - 00000000 -
-[e] 01000188 21212000 0
-[f] 01000194 fc000113
-[d] 01000190 13 02 00 - 0 - ffffffc0 -
-[r] 00 - 21212121 -
-[e] 0100018c 21212121 0
-[f] 01000198 00209f33
-[d] 01000194 33 1e 01 02 1 00 - -
-[r] 01 02 00000000 00000000
-[e] 01000190 ffffffc0 0
-[w] 01000188 1 01 21212000
-[f] 0100019c 21212eb7
-[d] 01000198 37 1d - - - - 21212000 -
-[r] - - - -
-[e] 01000194 21212121 0
-[w] 0100018c 1 01 21212121
-[f] 010001a0 121e8e93
-[d] 0100019c 13 1d 1d - 0 - 00000121 -
-[r] 1d - 00000000 -
-[e] 01000198 21212000 0
-[w] 01000190 1 02 ffffffc0
-[f] 010001a4 01100193
-[d] 010001a0 13 03 00 - 0 - 00000011 -
-[r] 00 - 80000000 -
-[e] 0100019c 21212121 0
-[w] 01000194 1 1e 21212121
-[f] 010001a8 3bdf1663
-[d] 010001a4 63 - 1e 1d 1 - 000003ac -
-[r] 1e 1d 00000000 00000000
-[e] 010001a0 00000011 0
-[w] 01000198 1 1d 21212000
-[f] 010001ac 212120b7
-[d] 010001a8 37 01 - - - - 21212000 -
-[r] - - - -
-[e] 010001a4 01000550 0
-[w] 0100019c 1 1d 21212121
-[f] 010001b0 12108093
-[d] 010001ac 13 01 01 - 0 - 00000121 -
-[r] 01 - 00000000 -
-[e] 010001a8 21212000 0
-[w] 010001a0 1 03 00000011
-[f] 010001b4 fc100113
-[d] 010001b0 13 02 00 - 0 - ffffffc1 -
-[r] 00 - 21212121 -
-[e] 010001ac 21212121 0
-[f] 010001b8 00209f33
-[d] 010001b4 33 1e 01 02 1 00 - -
-[r] 01 02 00000000 00000000
-[e] 010001b0 ffffffc1 0
-[w] 010001a8 1 01 21212000
-[f] 010001bc 42424eb7
-[d] 010001b8 37 1d - - - - 42424000 -
-[r] - - - -
-[e] 010001b4 42424242 0
-[w] 010001ac 1 01 21212121
-[f] 010001c0 242e8e93
-[d] 010001bc 13 1d 1d - 0 - 00000242 -
-[r] 1d - 00000000 -
-[e] 010001b8 42424000 0
-[w] 010001b0 1 02 ffffffc1
-[f] 010001c4 01200193
-[d] 010001c0 13 03 00 - 0 - 00000012 -
-[r] 00 - 21212121 -
-[e] 010001bc 42424242 0
-[w] 010001b4 1 1e 42424242
-[f] 010001c8 39df1663
-[d] 010001c4 63 - 1e 1d 1 - 0000038c -
-[r] 1e 1d 00000000 00000000
-[e] 010001c0 00000012 0
-[w] 010001b8 1 1d 42424000
-[f] 010001cc 212120b7
-[d] 010001c8 37 01 - - - - 21212000 -
-[r] - - - -
-[e] 010001c4 01000550 0
-[w] 010001bc 1 1d 42424242
-[f] 010001d0 12108093
-[d] 010001cc 13 01 01 - 0 - 00000121 -
-[r] 01 - 00000000 -
-[e] 010001c8 21212000 0
-[w] 010001c0 1 03 00000012
-[f] 010001d4 fc700113
-[d] 010001d0 13 02 00 - 0 - ffffffc7 -
-[r] 00 - 21212121 -
-[e] 010001cc 21212121 0
-[f] 010001d8 00209f33
-[d] 010001d4 33 1e 01 02 1 00 - -
-[r] 01 02 00000000 00000000
-[e] 010001d0 ffffffc7 0
-[w] 010001c8 1 01 21212000
-[f] 010001dc 90909eb7
-[d] 010001d8 37 1d - - - - 90909000 -
-[r] - - - -
-[e] 010001d4 90909080 0
-[w] 010001cc 1 01 21212121
-[f] 010001e0 080e8e93
-[d] 010001dc 13 1d 1d - 0 - 00000080 -
-[r] 1d - 00000000 -
-[e] 010001d8 90909000 0
-[w] 010001d0 1 02 ffffffc7
-[f] 010001e4 01300193
-[d] 010001e0 13 03 00 - 0 - 00000013 -
-[r] 00 - 42424242 -
-[e] 010001dc 90909080 0
-[w] 010001d4 1 1e 90909080
-[f] 010001e8 37df1663
-[d] 010001e4 63 - 1e 1d 1 - 0000036c -
-[r] 1e 1d 00000000 00000000
-[e] 010001e0 00000013 0
-[w] 010001d8 1 1d 90909000
-[f] 010001ec 212120b7
-[d] 010001e8 37 01 - - - - 21212000 -
-[r] - - - -
-[e] 010001e4 01000550 0
-[w] 010001dc 1 1d 90909080
-[f] 010001f0 12108093
-[d] 010001ec 13 01 01 - 0 - 00000121 -
-[r] 01 - 00000000 -
-[e] 010001e8 21212000 0
-[w] 010001e0 1 03 00000013
-[f] 010001f4 fce00113
-[d] 010001f0 13 02 00 - 0 - ffffffce -
-[r] 00 - 21212121 -
-[e] 010001ec 21212121 0
-[f] 010001f8 00209f33
-[d] 010001f4 33 1e 01 02 1 00 - -
-[r] 01 02 00000000 00000000
-[e] 010001f0 ffffffce 0
-[w] 010001e8 1 01 21212000
-[f] 010001fc 48484eb7
-[d] 010001f8 37 1d - - - - 48484000 -
-[r] - - - -
-[e] 010001f4 48484000 0
-[w] 010001ec 1 01 21212121
-[f] 01000200 01400193
-[d] 010001fc 13 03 00 - 0 - 00000014 -
-[r] 00 - 00000000 -
-[e] 010001f8 48484000 0
-[w] 010001f0 1 02 ffffffce
-[f] 01000204 35df1863
-[d] 01000200 63 - 1e 1d 1 - 00000350 -
-[r] 1e 1d 00000000 00000000
-[e] 010001fc 00000014 0
-[w] 010001f4 1 1e 48484000
-[f] 01000204 35df1863
-[d] 01000200 63 - 1e 1d 1 - 00000350 -
-[r] 1e 1d 90909080 90909080
-[e] 01000200 90909080 0
-[w] 010001f8 1 1d 48484000
-[f] 01000204 35df1863
-[d] 01000200 63 - 1e 1d 1 - 00000350 -
-[r] 1e 1d 48484000 90909080
-[e] 01000200 48484000 0
-[w] 010001fc 1 03 00000014
-[f] 01000208 00100093
-[d] 01000204 13 01 00 - 0 - 00000001 -
-[r] 00 - 48484000 -
-[e] 01000200 01000550 0
-[f] 0100020c 00700113
-[d] 01000208 13 02 00 - 0 - 00000007 -
-[r] 00 - 00000000 -
-[e] 01000204 00000001 0
-[f] 01000210 002090b3
-[d] 0100020c 33 01 01 02 1 00 - -
-[r] 01 02 00000000 00000000
-[e] 01000208 00000007 0
-[f] 01000214 08000e93
-[d] 01000210 13 1d 00 - 0 - 00000080 -
-[r] 00 - 21212121 -
-[e] 0100020c 00000080 0
-[w] 01000204 1 01 00000001
-[f] 01000218 01600193
-[d] 01000214 13 03 00 - 0 - 00000016 -
-[r] 00 - 00000000 -
-[e] 01000210 00000080 0
-[w] 01000208 1 02 00000007
-[f] 0100021c 33d09c63
-[d] 01000218 63 - 01 1d 1 - 00000338 -
-[r] 01 1d 00000000 00000000
-[e] 01000214 00000016 0
-[w] 0100020c 1 01 00000080
-[f] 0100021c 33d09c63
-[d] 01000218 63 - 01 1d 1 - 00000338 -
-[r] 01 1d 00000001 48484000
-[e] 01000218 00000001 0
-[w] 01000210 1 1d 00000080
-[f] 0100021c 33d09c63
-[d] 01000218 63 - 01 1d 1 - 00000338 -
-[r] 01 1d 00000080 48484000
-[e] 01000218 00000080 0
-[w] 01000214 1 03 00000016
-[f] 01000220 00100093
-[d] 0100021c 13 01 00 - 0 - 00000001 -
-[r] 00 - 00000080 -
-[e] 01000218 01000550 0
-[f] 01000224 00e00113
-[d] 01000220 13 02 00 - 0 - 0000000e -
-[r] 00 - 00000000 -
-[e] 0100021c 00000001 0
-[f] 01000228 00209133
-[d] 01000224 33 02 01 02 1 00 - -
-[r] 01 02 00000000 00000000
-[e] 01000220 0000000e 0
-[f] 0100022c 00004eb7
-[d] 01000228 37 1d - - - - 00004000 -
-[r] - - - -
-[e] 01000224 00004000 0
-[w] 0100021c 1 01 00000001
-[f] 01000230 01700193
-[d] 0100022c 13 03 00 - 0 - 00000017 -
-[r] 00 - 00000000 -
-[e] 01000228 00004000 0
-[w] 01000220 1 02 0000000e
-[f] 01000234 33d11063
-[d] 01000230 63 - 02 1d 1 - 00000320 -
-[r] 02 1d 00000000 00000000
-[e] 0100022c 00000017 0
-[w] 01000224 1 02 00004000
-[f] 01000234 33d11063
-[d] 01000230 63 - 02 1d 1 - 00000320 -
-[r] 02 1d 0000000e 00000080
-[e] 01000230 0000000e 0
-[w] 01000228 1 1d 00004000
-[f] 01000234 33d11063
-[d] 01000230 63 - 02 1d 1 - 00000320 -
-[r] 02 1d 00004000 00000080
-[e] 01000230 00004000 0
-[w] 0100022c 1 03 00000017
-[f] 01000238 00300093
-[d] 01000234 13 01 00 - 0 - 00000003 -
-[r] 00 - 00004000 -
-[e] 01000230 01000550 0
-[f] 0100023c 001090b3
-[d] 01000238 33 01 01 01 1 00 - -
-[r] 01 01 00000000 00000000
-[e] 01000234 00000003 0
-[f] 01000240 01800e93
-[d] 0100023c 13 1d 00 - 0 - 00000018 -
-[r] 00 - 00000001 -
-[e] 01000238 00000018 0
-[f] 01000244 01800193
-[d] 01000240 13 03 00 - 0 - 00000018 -
-[r] 00 - 00000000 -
-[e] 0100023c 00000018 0
-[w] 01000234 1 01 00000003
-[f] 01000248 31d09663
-[d] 01000244 63 - 01 1d 1 - 0000030c -
-[r] 01 1d 00000000 00000000
-[e] 01000240 00000018 0
-[w] 01000238 1 01 00000018
-[f] 01000248 31d09663
-[d] 01000244 63 - 01 1d 1 - 0000030c -
-[r] 01 1d 00000003 00004000
-[e] 01000244 00000003 0
-[w] 0100023c 1 1d 00000018
-[f] 01000248 31d09663
-[d] 01000244 63 - 01 1d 1 - 0000030c -
-[r] 01 1d 00000018 00004000
-[e] 01000244 00000018 0
-[w] 01000240 1 03 00000018
-[f] 0100024c 00000213
-[d] 01000248 13 04 00 - 0 - 00000000 -
-[r] 00 - 00000018 -
-[e] 01000244 01000550 0
-[f] 01000250 00100093
-[d] 0100024c 13 01 00 - 0 - 00000001 -
-[r] 00 - 00000000 -
-[e] 01000248 00000000 0
-[f] 01000254 00700113
-[d] 01000250 13 02 00 - 0 - 00000007 -
-[r] 00 - 00000000 -
-[e] 0100024c 00000001 0
-[f] 01000258 00209f33
-[d] 01000254 33 1e 01 02 1 00 - -
-[r] 01 02 00000000 00000000
-[e] 01000250 00000007 0
-[w] 01000248 1 04 00000000
-[f] 0100025c 000f0313
-[d] 01000258 13 06 1e - 0 - 00000000 -
-[r] 1e - 00000018 -
-[e] 01000254 00000080 0
-[w] 0100024c 1 01 00000001
-[f] 01000260 00120213
-[d] 0100025c 13 04 04 - 0 - 00000001 -
-[r] 04 - 48484000 -
-[e] 01000258 00000080 0
-[w] 01000250 1 02 00000007
-[f] 01000264 00200293
-[d] 01000260 13 05 00 - 0 - 00000002 -
-[r] 00 - 00000000 -
-[e] 0100025c 00000001 0
-[w] 01000254 1 1e 00000080
-[f] 01000268 fe5214e3
-[d] 01000264 63 - 04 05 1 - ffffffe8 -
-[r] 04 05 00000000 00000000
-[e] 01000260 00000002 0
-[w] 01000258 1 06 00000080
-[f] 0100026c 08000e93
-[d] 01000268 13 1d 00 - 0 - 00000080 -
-[r] 00 - 00000000 -
-[e] 01000264 0100024c 1
-[w] 0100025c 1 04 00000001
-[f] 01000250 00100093
-[d] 0100024c 13 01 00 - 0 - 00000001 -
-[r] 00 - 00000000 -
-[f] 01000254 00700113
-[d] 01000250 13 02 00 - 0 - 00000007 -
-[r] 00 - 00000000 -
-[e] 0100024c 00000001 0
-[f] 01000258 00209f33
-[d] 01000254 33 1e 01 02 1 00 - -
-[r] 01 02 00000000 00000000
-[e] 01000250 00000007 0
-[f] 0100025c 000f0313
-[d] 01000258 13 06 1e - 0 - 00000000 -
-[r] 1e - 00000001 -
-[e] 01000254 00000080 0
-[w] 0100024c 1 01 00000001
-[f] 01000260 00120213
-[d] 0100025c 13 04 04 - 0 - 00000001 -
-[r] 04 - 00000080 -
-[e] 01000258 00000080 0
-[w] 01000250 1 02 00000007
-[f] 01000264 00200293
-[d] 01000260 13 05 00 - 0 - 00000002 -
-[r] 00 - 00000001 -
-[e] 0100025c 00000002 0
-[w] 01000254 1 1e 00000080
-[f] 01000268 fe5214e3
-[d] 01000264 63 - 04 05 1 - ffffffe8 -
-[r] 04 05 00000000 00000000
-[e] 01000260 00000002 0
-[w] 01000258 1 06 00000080
-[f] 0100026c 08000e93
-[d] 01000268 13 1d 00 - 0 - 00000080 -
-[r] 00 - 00000001 -
-[e] 01000264 0100024c 0
-[w] 0100025c 1 04 00000002
-[f] 01000270 01900193
-[d] 0100026c 13 03 00 - 0 - 00000019 -
-[r] 00 - 00000000 -
-[e] 01000268 00000080 0
-[w] 01000260 1 05 00000002
-[f] 01000274 2fd31063
-[d] 01000270 63 - 06 1d 1 - 000002e0 -
-[r] 06 1d 00000000 00000000
-[e] 0100026c 00000019 0
-[f] 01000278 00000213
-[d] 01000274 13 04 00 - 0 - 00000000 -
-[r] 00 - 00000080 -
-[e] 01000270 01000550 0
-[w] 01000268 1 1d 00000080
-[f] 0100027c 00100093
-[d] 01000278 13 01 00 - 0 - 00000001 -
-[r] 00 - 00000000 -
-[e] 01000274 00000000 0
-[w] 0100026c 1 03 00000019
-[f] 01000280 00e00113
-[d] 0100027c 13 02 00 - 0 - 0000000e -
-[r] 00 - 00000000 -
-[e] 01000278 00000001 0
-[f] 01000284 00209f33
-[d] 01000280 33 1e 01 02 1 00 - -
-[r] 01 02 00000000 00000000
-[e] 0100027c 0000000e 0
-[w] 01000274 1 04 00000000
-[f] 0100028c 000f0313
-[d] 01000288 13 06 1e - 0 - 00000000 -
-[r] 1e - 00000000 -
-[w] 0100027c 1 02 0000000e
-[f] 01000290 00120213
-[d] 0100028c 13 04 04 - 0 - 00000001 -
-[r] 04 - 00000080 -
-[e] 01000288 00004000 0
-[w] 01000280 1 1e 00004000
-[f] 01000294 00200293
-[d] 01000290 13 05 00 - 0 - 00000002 -
-[r] 00 - 00000000 -
-[e] 0100028c 00000001 0
-[f] 01000298 fe5212e3
-[d] 01000294 63 - 04 05 1 - ffffffe4 -
-[r] 04 05 00000000 00000000
-[e] 01000290 00000002 0
-[w] 01000288 1 06 00004000
-[f] 0100029c 00004eb7
-[d] 01000298 37 1d - - - - 00004000 -
-[r] - - - -
-[e] 01000294 01000278 1
-[w] 0100028c 1 04 00000001
-[f] 0100027c 00100093
-[d] 01000278 13 01 00 - 0 - 00000001 -
-[r] 00 - 00000000 -
-[f] 01000280 00e00113
-[d] 0100027c 13 02 00 - 0 - 0000000e -
-[r] 00 - 00000000 -
-[e] 01000278 00000001 0
-[f] 01000284 00209f33
-[d] 01000280 33 1e 01 02 1 00 - -
-[r] 01 02 00000000 00000000
-[e] 0100027c 0000000e 0
-[f] 0100028c 000f0313
-[d] 01000288 13 06 1e - 0 - 00000000 -
-[r] 1e - 00000000 -
-[w] 0100027c 1 02 0000000e
-[f] 01000290 00120213
-[d] 0100028c 13 04 04 - 0 - 00000001 -
-[r] 04 - 00004000 -
-[e] 01000288 00004000 0
-[w] 01000280 1 1e 00004000
-[f] 01000294 00200293
-[d] 01000290 13 05 00 - 0 - 00000002 -
-[r] 00 - 00000001 -
-[e] 0100028c 00000002 0
-[f] 01000298 fe5212e3
-[d] 01000294 63 - 04 05 1 - ffffffe4 -
-[r] 04 05 00000000 00000000
-[e] 01000290 00000002 0
-[w] 01000288 1 06 00004000
-[f] 0100029c 00004eb7
-[d] 01000298 37 1d - - - - 00004000 -
-[r] - - - -
-[e] 01000294 01000278 0
-[w] 0100028c 1 04 00000002
-[f] 010002a0 01a00193
-[d] 0100029c 13 03 00 - 0 - 0000001a -
-[r] 00 - 00000000 -
-[e] 01000298 00004000 0
-[w] 01000290 1 05 00000002
-[f] 010002a4 2bd31863
-[d] 010002a0 63 - 06 1d 1 - 000002b0 -
-[r] 06 1d 00000000 00000000
-[e] 0100029c 0000001a 0
-[f] 010002a8 00000213
-[d] 010002a4 13 04 00 - 0 - 00000000 -
-[r] 00 - 00004000 -
-[e] 010002a0 01000550 0
-[w] 01000298 1 1d 00004000
-[f] 010002ac 00100093
-[d] 010002a8 13 01 00 - 0 - 00000001 -
-[r] 00 - 00000000 -
-[e] 010002a4 00000000 0
-[w] 0100029c 1 03 0000001a
-[f] 010002b0 01f00113
-[d] 010002ac 13 02 00 - 0 - 0000001f -
-[r] 00 - 00000000 -
-[e] 010002a8 00000001 0
-[f] 010002b4 00209f33
-[d] 010002b0 33 1e 01 02 1 00 - -
-[r] 01 02 00000000 00000000
-[e] 010002ac 0000001f 0
-[w] 010002a4 1 04 00000000
-[f] 010002c0 000f0313
-[d] 010002bc 13 06 1e - 0 - 00000000 -
-[r] 1e - 00000000 -
-[w] 010002b0 1 1e 80000000
-[f] 010002c0 000f0313
-[d] 010002bc 13 06 1e - 0 - 00000000 -
-[r] 1e - 00004000 -
-[e] 010002bc 00004000 0
-[f] 010002c4 00120213
-[d] 010002c0 13 04 04 - 0 - 00000001 -
-[r] 04 - 80000000 -
-[e] 010002bc 80000000 0
-[f] 010002c8 00200293
-[d] 010002c4 13 05 00 - 0 - 00000002 -
-[r] 00 - 00000000 -
-[e] 010002c0 00000001 0
-[f] 010002cc fe5210e3
-[d] 010002c8 63 - 04 05 1 - ffffffe0 -
-[r] 04 05 00000000 00000000
-[e] 010002c4 00000002 0
-[w] 010002bc 1 06 80000000
-[f] 010002d0 80000eb7
-[d] 010002cc 37 1d - - - - 80000000 -
-[r] - - - -
-[e] 010002c8 010002a8 1
-[w] 010002c0 1 04 00000001
-[f] 010002ac 00100093
-[d] 010002a8 13 01 00 - 0 - 00000001 -
-[r] 00 - 00000000 -
-[f] 010002b0 01f00113
-[d] 010002ac 13 02 00 - 0 - 0000001f -
-[r] 00 - 00000000 -
-[e] 010002a8 00000001 0
-[f] 010002b4 00209f33
-[d] 010002b0 33 1e 01 02 1 00 - -
-[r] 01 02 00000000 00000000
-[e] 010002ac 0000001f 0
-[f] 010002c0 000f0313
-[d] 010002bc 13 06 1e - 0 - 00000000 -
-[r] 1e - 00000000 -
-[w] 010002b0 1 1e 80000000
-[f] 010002c0 000f0313
-[d] 010002bc 13 06 1e - 0 - 00000000 -
-[r] 1e - 80000000 -
-[e] 010002bc 80000000 0
-[f] 010002c4 00120213
-[d] 010002c0 13 04 04 - 0 - 00000001 -
-[r] 04 - 80000000 -
-[e] 010002bc 80000000 0
-[f] 010002c8 00200293
-[d] 010002c4 13 05 00 - 0 - 00000002 -
-[r] 00 - 00000001 -
-[e] 010002c0 00000002 0
-[f] 010002cc fe5210e3
-[d] 010002c8 63 - 04 05 1 - ffffffe0 -
-[r] 04 05 00000000 00000000
-[e] 010002c4 00000002 0
-[w] 010002bc 1 06 80000000
-[f] 010002d0 80000eb7
-[d] 010002cc 37 1d - - - - 80000000 -
-[r] - - - -
-[e] 010002c8 010002a8 0
-[w] 010002c0 1 04 00000002
-[f] 010002d4 01b00193
-[d] 010002d0 13 03 00 - 0 - 0000001b -
-[r] 00 - 00000000 -
-[e] 010002cc 80000000 0
-[w] 010002c4 1 05 00000002
-[f] 010002d8 27d31e63
-[d] 010002d4 63 - 06 1d 1 - 0000027c -
-[r] 06 1d 00000000 00000000
-[e] 010002d0 0000001b 0
-[f] 010002dc 00000213
-[d] 010002d8 13 04 00 - 0 - 00000000 -
-[r] 00 - 80000000 -
-[e] 010002d4 01000550 0
-[w] 010002cc 1 1d 80000000
-[f] 010002e0 00100093
-[d] 010002dc 13 01 00 - 0 - 00000001 -
-[r] 00 - 00000000 -
-[e] 010002d8 00000000 0
-[w] 010002d0 1 03 0000001b
-[f] 010002e4 00700113
-[d] 010002e0 13 02 00 - 0 - 00000007 -
-[r] 00 - 00000000 -
-[e] 010002dc 00000001 0
-[f] 010002e8 00209f33
-[d] 010002e4 33 1e 01 02 1 00 - -
-[r] 01 02 00000000 00000000
-[e] 010002e0 00000007 0
-[w] 010002d8 1 04 00000000
-[f] 010002ec 00120213
-[d] 010002e8 13 04 04 - 0 - 00000001 -
-[r] 04 - 00000001 -
-[e] 010002e4 00000080 0
-[w] 010002dc 1 01 00000001
-[f] 010002f0 00200293
-[d] 010002ec 13 05 00 - 0 - 00000002 -
-[r] 00 - 00000000 -
-[e] 010002e8 00000001 0
-[w] 010002e0 1 02 00000007
-[f] 010002f4 fe5216e3
-[d] 010002f0 63 - 04 05 1 - ffffffec -
-[r] 04 05 00000000 00000000
-[e] 010002ec 00000002 0
-[w] 010002e4 1 1e 00000080
-[f] 010002f8 08000e93
-[d] 010002f4 13 1d 00 - 0 - 00000080 -
-[r] 00 - 00000000 -
-[e] 010002f0 010002dc 1
-[w] 010002e8 1 04 00000001
-[f] 010002e0 00100093
-[d] 010002dc 13 01 00 - 0 - 00000001 -
-[r] 00 - 00000000 -
-[f] 010002e4 00700113
-[d] 010002e0 13 02 00 - 0 - 00000007 -
-[r] 00 - 00000000 -
-[e] 010002dc 00000001 0
-[f] 010002e8 00209f33
-[d] 010002e4 33 1e 01 02 1 00 - -
-[r] 01 02 00000000 00000000
-[e] 010002e0 00000007 0
-[f] 010002ec 00120213
-[d] 010002e8 13 04 04 - 0 - 00000001 -
-[r] 04 - 00000001 -
-[e] 010002e4 00000080 0
-[w] 010002dc 1 01 00000001
-[f] 010002f0 00200293
-[d] 010002ec 13 05 00 - 0 - 00000002 -
-[r] 00 - 00000001 -
-[e] 010002e8 00000002 0
-[w] 010002e0 1 02 00000007
-[f] 010002f4 fe5216e3
-[d] 010002f0 63 - 04 05 1 - ffffffec -
-[r] 04 05 00000000 00000000
-[e] 010002ec 00000002 0
-[w] 010002e4 1 1e 00000080
-[f] 010002f8 08000e93
-[d] 010002f4 13 1d 00 - 0 - 00000080 -
-[r] 00 - 00000001 -
-[e] 010002f0 010002dc 0
-[w] 010002e8 1 04 00000002
-[f] 010002fc 01c00193
-[d] 010002f8 13 03 00 - 0 - 0000001c -
-[r] 00 - 00000000 -
-[e] 010002f4 00000080 0
-[w] 010002ec 1 05 00000002
-[f] 01000300 25df1a63
-[d] 010002fc 63 - 1e 1d 1 - 00000254 -
-[r] 1e 1d 00000000 00000000
-[e] 010002f8 0000001c 0
-[f] 01000304 00000213
-[d] 01000300 13 04 00 - 0 - 00000000 -
-[r] 00 - 00000080 -
-[e] 010002fc 01000550 0
-[w] 010002f4 1 1d 00000080
-[f] 01000308 00100093
-[d] 01000304 13 01 00 - 0 - 00000001 -
-[r] 00 - 00000000 -
-[e] 01000300 00000000 0
-[w] 010002f8 1 03 0000001c
-[f] 0100030c 00e00113
-[d] 01000308 13 02 00 - 0 - 0000000e -
-[r] 00 - 00000000 -
-[e] 01000304 00000001 0
-[f] 01000314 00209f33
-[d] 01000310 33 1e 01 02 1 00 - -
-[r] 01 02 00000000 00000000
-[w] 01000304 1 01 00000001
-[f] 01000314 00209f33
-[d] 01000310 33 1e 01 02 1 00 - -
-[r] 01 02 00000001 00000007
-[e] 01000310 00000001 0
-[w] 01000308 1 02 0000000e
-[f] 01000314 00209f33
-[d] 01000310 33 1e 01 02 1 00 - -
-[r] 01 02 00000001 00000007
-[e] 01000310 00000001 0
-[f] 01000318 00120213
-[d] 01000314 13 04 04 - 0 - 00000001 -
-[r] 04 - 00000001 -
-[e] 01000310 00004000 0
-[f] 0100031c 00200293
-[d] 01000318 13 05 00 - 0 - 00000002 -
-[r] 00 - 00000000 -
-[e] 01000314 00000001 0
-[f] 01000320 fe5214e3
-[d] 0100031c 63 - 04 05 1 - ffffffe8 -
-[r] 04 05 00000000 00000000
-[e] 01000318 00000002 0
-[w] 01000310 1 1e 00004000
-[f] 01000324 00004eb7
-[d] 01000320 37 1d - - - - 00004000 -
-[r] - - - -
-[e] 0100031c 01000304 1
-[w] 01000314 1 04 00000001
-[f] 01000308 00100093
-[d] 01000304 13 01 00 - 0 - 00000001 -
-[r] 00 - 00000000 -
-[f] 0100030c 00e00113
-[d] 01000308 13 02 00 - 0 - 0000000e -
-[r] 00 - 00000000 -
-[e] 01000304 00000001 0
-[f] 01000314 00209f33
-[d] 01000310 33 1e 01 02 1 00 - -
-[r] 01 02 00000000 00000000
-[w] 01000304 1 01 00000001
-[f] 01000314 00209f33
-[d] 01000310 33 1e 01 02 1 00 - -
-[r] 01 02 00000001 0000000e
-[e] 01000310 00000001 0
-[w] 01000308 1 02 0000000e
-[f] 01000314 00209f33
-[d] 01000310 33 1e 01 02 1 00 - -
-[r] 01 02 00000001 0000000e
-[e] 01000310 00000001 0
-[f] 01000318 00120213
-[d] 01000314 13 04 04 - 0 - 00000001 -
-[r] 04 - 00000001 -
-[e] 01000310 00004000 0
-[f] 0100031c 00200293
-[d] 01000318 13 05 00 - 0 - 00000002 -
-[r] 00 - 00000001 -
-[e] 01000314 00000002 0
-[f] 01000320 fe5214e3
-[d] 0100031c 63 - 04 05 1 - ffffffe8 -
-[r] 04 05 00000000 00000000
-[e] 01000318 00000002 0
-[w] 01000310 1 1e 00004000
-[f] 01000324 00004eb7
-[d] 01000320 37 1d - - - - 00004000 -
-[r] - - - -
-[e] 0100031c 01000304 0
-[w] 01000314 1 04 00000002
-[f] 01000328 01d00193
-[d] 01000324 13 03 00 - 0 - 0000001d -
-[r] 00 - 00000000 -
-[e] 01000320 00004000 0
-[w] 01000318 1 05 00000002
-[f] 0100032c 23df1463
-[d] 01000328 63 - 1e 1d 1 - 00000228 -
-[r] 1e 1d 00000000 00000000
-[e] 01000324 0000001d 0
-[f] 01000330 00000213
-[d] 0100032c 13 04 00 - 0 - 00000000 -
-[r] 00 - 00004000 -
-[e] 01000328 01000550 0
-[w] 01000320 1 1d 00004000
-[f] 01000334 00100093
-[d] 01000330 13 01 00 - 0 - 00000001 -
-[r] 00 - 00000000 -
-[e] 0100032c 00000000 0
-[w] 01000324 1 03 0000001d
-[f] 01000338 01f00113
-[d] 01000334 13 02 00 - 0 - 0000001f -
-[r] 00 - 00000000 -
-[e] 01000330 00000001 0
-[f] 01000344 00209f33
-[d] 01000340 33 1e 01 02 1 00 - -
-[r] 01 02 00000000 00000000
-[w] 01000334 1 02 0000001f
-[f] 01000344 00209f33
-[d] 01000340 33 1e 01 02 1 00 - -
-[r] 01 02 00000001 0000000e
-[e] 01000340 00000001 0
-[f] 01000348 00120213
-[d] 01000344 13 04 04 - 0 - 00000001 -
-[r] 04 - 00000001 -
-[e] 01000340 80000000 0
-[f] 0100034c 00200293
-[d] 01000348 13 05 00 - 0 - 00000002 -
-[r] 00 - 00000000 -
-[e] 01000344 00000001 0
-[f] 01000350 fe5212e3
-[d] 0100034c 63 - 04 05 1 - ffffffe4 -
-[r] 04 05 00000000 00000000
-[e] 01000348 00000002 0
-[w] 01000340 1 1e 80000000
-[f] 01000354 80000eb7
-[d] 01000350 37 1d - - - - 80000000 -
-[r] - - - -
-[e] 0100034c 01000330 1
-[w] 01000344 1 04 00000001
-[f] 01000334 00100093
-[d] 01000330 13 01 00 - 0 - 00000001 -
-[r] 00 - 00000000 -
-[f] 01000338 01f00113
-[d] 01000334 13 02 00 - 0 - 0000001f -
-[r] 00 - 00000000 -
-[e] 01000330 00000001 0
-[f] 01000344 00209f33
-[d] 01000340 33 1e 01 02 1 00 - -
-[r] 01 02 00000000 00000000
-[w] 01000334 1 02 0000001f
-[f] 01000344 00209f33
-[d] 01000340 33 1e 01 02 1 00 - -
-[r] 01 02 00000001 0000001f
-[e] 01000340 00000001 0
-[f] 01000348 00120213
-[d] 01000344 13 04 04 - 0 - 00000001 -
-[r] 04 - 00000001 -
-[e] 01000340 80000000 0
-[f] 0100034c 00200293
-[d] 01000348 13 05 00 - 0 - 00000002 -
-[r] 00 - 00000001 -
-[e] 01000344 00000002 0
-[f] 01000350 fe5212e3
-[d] 0100034c 63 - 04 05 1 - ffffffe4 -
-[r] 04 05 00000000 00000000
-[e] 01000348 00000002 0
-[w] 01000340 1 1e 80000000
-[f] 01000354 80000eb7
-[d] 01000350 37 1d - - - - 80000000 -
-[r] - - - -
-[e] 0100034c 01000330 0
-[w] 01000344 1 04 00000002
-[f] 01000358 01e00193
-[d] 01000354 13 03 00 - 0 - 0000001e -
-[r] 00 - 00000000 -
-[e] 01000350 80000000 0
-[w] 01000348 1 05 00000002
-[f] 0100035c 1fdf1c63
-[d] 01000358 63 - 1e 1d 1 - 000001f8 -
-[r] 1e 1d 00000000 00000000
-[e] 01000354 0000001e 0
-[f] 01000360 00000213
-[d] 0100035c 13 04 00 - 0 - 00000000 -
-[r] 00 - 80000000 -
-[e] 01000358 01000550 0
-[w] 01000350 1 1d 80000000
-[f] 01000364 00100093
-[d] 01000360 13 01 00 - 0 - 00000001 -
-[r] 00 - 00000000 -
-[e] 0100035c 00000000 0
-[w] 01000354 1 03 0000001e
-[f] 0100036c 00700113
-[d] 01000368 13 02 00 - 0 - 00000007 -
-[r] 00 - 00000000 -
-[w] 0100035c 1 04 00000000
-[f] 01000370 00209f33
-[d] 0100036c 33 1e 01 02 1 00 - -
-[r] 01 02 00000000 00000000
-[e] 01000368 00000007 0
-[w] 01000360 1 01 00000001
-[f] 01000370 00209f33
-[d] 0100036c 33 1e 01 02 1 00 - -
-[r] 01 02 00000001 0000001f
-[e] 0100036c 00000001 0
-[f] 01000374 00120213
-[d] 01000370 13 04 04 - 0 - 00000001 -
-[r] 04 - 00000001 -
-[e] 0100036c 00000080 0
-[w] 01000368 1 02 00000007
-[f] 01000378 00200293
-[d] 01000374 13 05 00 - 0 - 00000002 -
-[r] 00 - 00000000 -
-[e] 01000370 00000001 0
-[f] 0100037c fe5214e3
-[d] 01000378 63 - 04 05 1 - ffffffe8 -
-[r] 04 05 00000000 00000000
-[e] 01000374 00000002 0
-[w] 0100036c 1 1e 00000080
-[f] 01000380 08000e93
-[d] 0100037c 13 1d 00 - 0 - 00000080 -
-[r] 00 - 00000000 -
-[e] 01000378 01000360 1
-[w] 01000370 1 04 00000001
-[f] 01000364 00100093
-[d] 01000360 13 01 00 - 0 - 00000001 -
-[r] 00 - 00000000 -
-[f] 0100036c 00700113
-[d] 01000368 13 02 00 - 0 - 00000007 -
-[r] 00 - 00000000 -
-[f] 01000370 00209f33
-[d] 0100036c 33 1e 01 02 1 00 - -
-[r] 01 02 00000000 00000000
-[e] 01000368 00000007 0
-[w] 01000360 1 01 00000001
-[f] 01000370 00209f33
-[d] 0100036c 33 1e 01 02 1 00 - -
-[r] 01 02 00000001 00000007
-[e] 0100036c 00000001 0
-[f] 01000374 00120213
-[d] 01000370 13 04 04 - 0 - 00000001 -
-[r] 04 - 00000001 -
-[e] 0100036c 00000080 0
-[w] 01000368 1 02 00000007
-[f] 01000378 00200293
-[d] 01000374 13 05 00 - 0 - 00000002 -
-[r] 00 - 00000001 -
-[e] 01000370 00000002 0
-[f] 0100037c fe5214e3
-[d] 01000378 63 - 04 05 1 - ffffffe8 -
-[r] 04 05 00000000 00000000
-[e] 01000374 00000002 0
-[w] 0100036c 1 1e 00000080
-[f] 01000380 08000e93
-[d] 0100037c 13 1d 00 - 0 - 00000080 -
-[r] 00 - 00000001 -
-[e] 01000378 01000360 0
-[w] 01000370 1 04 00000002
-[f] 01000384 01f00193
-[d] 01000380 13 03 00 - 0 - 0000001f -
-[r] 00 - 00000000 -
-[e] 0100037c 00000080 0
-[w] 01000374 1 05 00000002
-[f] 01000388 1ddf1663
-[d] 01000384 63 - 1e 1d 1 - 000001cc -
-[r] 1e 1d 00000000 00000000
-[e] 01000380 0000001f 0
-[f] 0100038c 00000213
-[d] 01000388 13 04 00 - 0 - 00000000 -
-[r] 00 - 00000080 -
-[e] 01000384 01000550 0
-[w] 0100037c 1 1d 00000080
-[f] 01000390 00100093
-[d] 0100038c 13 01 00 - 0 - 00000001 -
-[r] 00 - 00000000 -
-[e] 01000388 00000000 0
-[w] 01000380 1 03 0000001f
-[f] 01000398 00e00113
-[d] 01000394 13 02 00 - 0 - 0000000e -
-[r] 00 - 00000000 -
-[w] 01000388 1 04 00000000
-[f] 010003a0 00209f33
-[d] 0100039c 33 1e 01 02 1 00 - -
-[r] 01 02 00000000 00000000
-[f] 010003a4 00120213
-[d] 010003a0 13 04 04 - 0 - 00000001 -
-[r] 04 - 00000001 -
-[e] 0100039c 00004000 0
-[w] 01000394 1 02 0000000e
-[f] 010003a8 00200293
-[d] 010003a4 13 05 00 - 0 - 00000002 -
-[r] 00 - 00000000 -
-[e] 010003a0 00000001 0
-[f] 010003ac fe5212e3
-[d] 010003a8 63 - 04 05 1 - ffffffe4 -
-[r] 04 05 00000000 00000000
-[e] 010003a4 00000002 0
-[w] 0100039c 1 1e 00004000
-[f] 010003b0 00004eb7
-[d] 010003ac 37 1d - - - - 00004000 -
-[r] - - - -
-[e] 010003a8 0100038c 1
-[w] 010003a0 1 04 00000001
-[f] 01000390 00100093
-[d] 0100038c 13 01 00 - 0 - 00000001 -
-[r] 00 - 00000000 -
-[f] 01000398 00e00113
-[d] 01000394 13 02 00 - 0 - 0000000e -
-[r] 00 - 00000000 -
-[f] 010003a0 00209f33
-[d] 0100039c 33 1e 01 02 1 00 - -
-[r] 01 02 00000000 00000000
-[f] 010003a4 00120213
-[d] 010003a0 13 04 04 - 0 - 00000001 -
-[r] 04 - 00000001 -
-[e] 0100039c 00004000 0
-[w] 01000394 1 02 0000000e
-[f] 010003a8 00200293
-[d] 010003a4 13 05 00 - 0 - 00000002 -
+[d] 0100001c 13 01 00 - 0 - 00000001 -
 [r] 00 - 00000001 -
-[e] 010003a0 00000002 0
-[f] 010003ac fe5212e3
-[d] 010003a8 63 - 04 05 1 - ffffffe4 -
-[r] 04 05 00000000 00000000
-[e] 010003a4 00000002 0
-[w] 0100039c 1 1e 00004000
-[f] 010003b0 00004eb7
-[d] 010003ac 37 1d - - - - 00004000 -
-[r] - - - -
-[e] 010003a8 0100038c 0
-[w] 010003a0 1 04 00000002
-[f] 010003b4 02000193
-[d] 010003b0 13 03 00 - 0 - 00000020 -
-[r] 00 - 00000000 -
-[e] 010003ac 00004000 0
-[w] 010003a4 1 05 00000002
-[f] 010003b8 19df1e63
-[d] 010003b4 63 - 1e 1d 1 - 0000019c -
-[r] 1e 1d 00000000 00000000
-[e] 010003b0 00000020 0
-[f] 010003bc 00000213
-[d] 010003b8 13 04 00 - 0 - 00000000 -
-[r] 00 - 00004000 -
-[e] 010003b4 01000550 0
-[w] 010003ac 1 1d 00004000
-[f] 010003c0 00100093
-[d] 010003bc 13 01 00 - 0 - 00000001 -
-[r] 00 - 00000000 -
-[e] 010003b8 00000000 0
-[w] 010003b0 1 03 00000020
-[f] 010003cc 01f00113
-[d] 010003c8 13 02 00 - 0 - 0000001f -
-[r] 00 - 00000000 -
-[w] 010003bc 1 01 00000001
-[f] 010003d0 00209f33
-[d] 010003cc 33 1e 01 02 1 00 - -
-[r] 01 02 00000000 00000000
-[e] 010003c8 0000001f 0
-[f] 010003d4 00120213
-[d] 010003d0 13 04 04 - 0 - 00000001 -
-[r] 04 - 00000001 -
-[e] 010003cc 80000000 0
-[f] 010003d8 00200293
-[d] 010003d4 13 05 00 - 0 - 00000002 -
-[r] 00 - 00000000 -
-[e] 010003d0 00000001 0
-[w] 010003c8 1 02 0000001f
-[f] 010003dc fe5212e3
-[d] 010003d8 63 - 04 05 1 - ffffffe4 -
-[r] 04 05 00000000 00000000
-[e] 010003d4 00000002 0
-[w] 010003cc 1 1e 80000000
-[f] 010003e0 80000eb7
-[d] 010003dc 37 1d - - - - 80000000 -
-[r] - - - -
-[e] 010003d8 010003bc 1
-[w] 010003d0 1 04 00000001
-[f] 010003c0 00100093
-[d] 010003bc 13 01 00 - 0 - 00000001 -
-[r] 00 - 00000000 -
-[f] 010003cc 01f00113
-[d] 010003c8 13 02 00 - 0 - 0000001f -
-[r] 00 - 00000000 -
-[w] 010003bc 1 01 00000001
-[f] 010003d0 00209f33
-[d] 010003cc 33 1e 01 02 1 00 - -
-[r] 01 02 00000000 00000000
-[e] 010003c8 0000001f 0
-[f] 010003d4 00120213
-[d] 010003d0 13 04 04 - 0 - 00000001 -
-[r] 04 - 00000001 -
-[e] 010003cc 80000000 0
-[f] 010003d8 00200293
-[d] 010003d4 13 05 00 - 0 - 00000002 -
-[r] 00 - 00000001 -
-[e] 010003d0 00000002 0
-[w] 010003c8 1 02 0000001f
-[f] 010003dc fe5212e3
-[d] 010003d8 63 - 04 05 1 - ffffffe4 -
-[r] 04 05 00000000 00000000
-[e] 010003d4 00000002 0
-[w] 010003cc 1 1e 80000000
-[f] 010003e0 80000eb7
-[d] 010003dc 37 1d - - - - 80000000 -
-[r] - - - -
-[e] 010003d8 010003bc 0
-[w] 010003d0 1 04 00000002
-[f] 010003e4 02100193
-[d] 010003e0 13 03 00 - 0 - 00000021 -
-[r] 00 - 00000000 -
-[e] 010003dc 80000000 0
-[w] 010003d4 1 05 00000002
-[f] 010003e8 17df1663
-[d] 010003e4 63 - 1e 1d 1 - 0000016c -
-[r] 1e 1d 00000000 00000000
-[e] 010003e0 00000021 0
-[f] 010003ec 00000213
-[d] 010003e8 13 04 00 - 0 - 00000000 -
-[r] 00 - 80000000 -
-[e] 010003e4 01000550 0
-[w] 010003dc 1 1d 80000000
-[f] 010003f0 00700113
-[d] 010003ec 13 02 00 - 0 - 00000007 -
-[r] 00 - 00000000 -
-[e] 010003e8 00000000 0
-[w] 010003e0 1 03 00000021
-[f] 010003f4 00100093
-[d] 010003f0 13 01 00 - 0 - 00000001 -
-[r] 00 - 00000000 -
-[e] 010003ec 00000007 0
-[f] 010003f8 00209f33
-[d] 010003f4 33 1e 01 02 1 00 - -
-[r] 01 02 00000000 00000000
-[e] 010003f0 00000001 0
-[w] 010003e8 1 04 00000000
-[f] 010003fc 00120213
-[d] 010003f8 13 04 04 - 0 - 00000001 -
-[r] 04 - 00000001 -
-[e] 010003f4 00000080 0
-[w] 010003ec 1 02 00000007
-[f] 01000400 00200293
-[d] 010003fc 13 05 00 - 0 - 00000002 -
-[r] 00 - 00000000 -
-[e] 010003f8 00000001 0
-[w] 010003f0 1 01 00000001
-[f] 01000404 fe5216e3
-[d] 01000400 63 - 04 05 1 - ffffffec -
-[r] 04 05 00000000 00000000
-[e] 010003fc 00000002 0
-[w] 010003f4 1 1e 00000080
-[f] 01000408 08000e93
-[d] 01000404 13 1d 00 - 0 - 00000080 -
-[r] 00 - 00000000 -
-[e] 01000400 010003ec 1
-[w] 010003f8 1 04 00000001
-[f] 010003f0 00700113
-[d] 010003ec 13 02 00 - 0 - 00000007 -
-[r] 00 - 00000000 -
-[f] 010003f4 00100093
-[d] 010003f0 13 01 00 - 0 - 00000001 -
-[r] 00 - 00000000 -
-[e] 010003ec 00000007 0
-[f] 010003f8 00209f33
-[d] 010003f4 33 1e 01 02 1 00 - -
-[r] 01 02 00000000 00000000
-[e] 010003f0 00000001 0
-[f] 010003fc 00120213
-[d] 010003f8 13 04 04 - 0 - 00000001 -
-[r] 04 - 00000001 -
-[e] 010003f4 00000080 0
-[w] 010003ec 1 02 00000007
-[f] 01000400 00200293
-[d] 010003fc 13 05 00 - 0 - 00000002 -
-[r] 00 - 00000001 -
-[e] 010003f8 00000002 0
-[w] 010003f0 1 01 00000001
-[f] 01000404 fe5216e3
-[d] 01000400 63 - 04 05 1 - ffffffec -
-[r] 04 05 00000000 00000000
-[e] 010003fc 00000002 0
-[w] 010003f4 1 1e 00000080
-[f] 01000408 08000e93
-[d] 01000404 13 1d 00 - 0 - 00000080 -
-[r] 00 - 00000001 -
-[e] 01000400 010003ec 0
-[w] 010003f8 1 04 00000002
-[f] 0100040c 02200193
-[d] 01000408 13 03 00 - 0 - 00000022 -
-[r] 00 - 00000000 -
-[e] 01000404 00000080 0
-[w] 010003fc 1 05 00000002
-[f] 01000410 15df1263
-[d] 0100040c 63 - 1e 1d 1 - 00000144 -
-[r] 1e 1d 00000000 00000000
-[e] 01000408 00000022 0
-[f] 01000414 00000213
-[d] 01000410 13 04 00 - 0 - 00000000 -
-[r] 00 - 00000080 -
-[e] 0100040c 01000550 0
-[w] 01000404 1 1d 00000080
-[f] 01000418 00e00113
-[d] 01000414 13 02 00 - 0 - 0000000e -
-[r] 00 - 00000000 -
-[e] 01000410 00000000 0
-[w] 01000408 1 03 00000022
-[f] 0100041c 00100093
-[d] 01000418 13 01 00 - 0 - 00000001 -
-[r] 00 - 00000000 -
-[e] 01000414 0000000e 0
-[f] 01000424 00209f33
-[d] 01000420 33 1e 01 02 1 00 - -
-[r] 01 02 00000000 00000000
-[w] 01000414 1 02 0000000e
-[f] 01000424 00209f33
-[d] 01000420 33 1e 01 02 1 00 - -
-[r] 01 02 00000001 00000007
-[e] 01000420 00000001 0
-[w] 01000418 1 01 00000001
-[f] 01000424 00209f33
-[d] 01000420 33 1e 01 02 1 00 - -
-[r] 01 02 00000001 0000000e
-[e] 01000420 00000001 0
-[f] 01000428 00120213
-[d] 01000424 13 04 04 - 0 - 00000001 -
-[r] 04 - 00000001 -
-[e] 01000420 00004000 0
-[f] 0100042c 00200293
-[d] 01000428 13 05 00 - 0 - 00000002 -
-[r] 00 - 00000000 -
-[e] 01000424 00000001 0
-[f] 01000430 fe5214e3
-[d] 0100042c 63 - 04 05 1 - ffffffe8 -
-[r] 04 05 00000000 00000000
-[e] 01000428 00000002 0
-[w] 01000420 1 1e 00004000
-[f] 01000434 00004eb7
-[d] 01000430 37 1d - - - - 00004000 -
-[r] - - - -
-[e] 0100042c 01000414 1
-[w] 01000424 1 04 00000001
-[f] 01000418 00e00113
-[d] 01000414 13 02 00 - 0 - 0000000e -
-[r] 00 - 00000000 -
-[f] 0100041c 00100093
-[d] 01000418 13 01 00 - 0 - 00000001 -
-[r] 00 - 00000000 -
-[e] 01000414 0000000e 0
-[f] 01000424 00209f33
-[d] 01000420 33 1e 01 02 1 00 - -
-[r] 01 02 00000000 00000000
-[w] 01000414 1 02 0000000e
-[f] 01000424 00209f33
-[d] 01000420 33 1e 01 02 1 00 - -
-[r] 01 02 00000001 0000000e
-[e] 01000420 00000001 0
-[w] 01000418 1 01 00000001
-[f] 01000424 00209f33
-[d] 01000420 33 1e 01 02 1 00 - -
-[r] 01 02 00000001 0000000e
-[e] 01000420 00000001 0
-[f] 01000428 00120213
-[d] 01000424 13 04 04 - 0 - 00000001 -
-[r] 04 - 00000001 -
-[e] 01000420 00004000 0
-[f] 0100042c 00200293
-[d] 01000428 13 05 00 - 0 - 00000002 -
-[r] 00 - 00000001 -
-[e] 01000424 00000002 0
-[f] 01000430 fe5214e3
-[d] 0100042c 63 - 04 05 1 - ffffffe8 -
-[r] 04 05 00000000 00000000
-[e] 01000428 00000002 0
-[w] 01000420 1 1e 00004000
-[f] 01000434 00004eb7
-[d] 01000430 37 1d - - - - 00004000 -
-[r] - - - -
-[e] 0100042c 01000414 0
-[w] 01000424 1 04 00000002
-[f] 01000438 02300193
-[d] 01000434 13 03 00 - 0 - 00000023 -
-[r] 00 - 00000000 -
-[e] 01000430 00004000 0
-[w] 01000428 1 05 00000002
-[f] 0100043c 11df1c63
-[d] 01000438 63 - 1e 1d 1 - 00000118 -
-[r] 1e 1d 00000000 00000000
-[e] 01000434 00000023 0
-[f] 01000440 00000213
-[d] 0100043c 13 04 00 - 0 - 00000000 -
-[r] 00 - 00004000 -
-[e] 01000438 01000550 0
-[w] 01000430 1 1d 00004000
-[f] 01000444 01f00113
-[d] 01000440 13 02 00 - 0 - 0000001f -
-[r] 00 - 00000000 -
-[e] 0100043c 00000000 0
-[w] 01000434 1 03 00000023
-[f] 01000448 00100093
-[d] 01000444 13 01 00 - 0 - 00000001 -
-[r] 00 - 00000000 -
-[e] 01000440 0000001f 0
-[f] 01000454 00209f33
-[d] 01000450 33 1e 01 02 1 00 - -
-[r] 01 02 00000000 00000000
-[w] 01000444 1 01 00000001
-[f] 01000454 00209f33
-[d] 01000450 33 1e 01 02 1 00 - -
-[r] 01 02 00000001 0000001f
-[e] 01000450 00000001 0
-[f] 01000458 00120213
-[d] 01000454 13 04 04 - 0 - 00000001 -
-[r] 04 - 00000001 -
-[e] 01000450 80000000 0
-[f] 0100045c 00200293
-[d] 01000458 13 05 00 - 0 - 00000002 -
-[r] 00 - 00000000 -
-[e] 01000454 00000001 0
-[f] 01000460 fe5212e3
-[d] 0100045c 63 - 04 05 1 - ffffffe4 -
-[r] 04 05 00000000 00000000
-[e] 01000458 00000002 0
-[w] 01000450 1 1e 80000000
-[f] 01000464 80000eb7
-[d] 01000460 37 1d - - - - 80000000 -
-[r] - - - -
-[e] 0100045c 01000440 1
-[w] 01000454 1 04 00000001
-[f] 01000444 01f00113
-[d] 01000440 13 02 00 - 0 - 0000001f -
-[r] 00 - 00000000 -
-[f] 01000448 00100093
-[d] 01000444 13 01 00 - 0 - 00000001 -
-[r] 00 - 00000000 -
-[e] 01000440 0000001f 0
-[f] 01000454 00209f33
-[d] 01000450 33 1e 01 02 1 00 - -
-[r] 01 02 00000000 00000000
-[w] 01000444 1 01 00000001
-[f] 01000454 00209f33
-[d] 01000450 33 1e 01 02 1 00 - -
-[r] 01 02 00000001 0000001f
-[e] 01000450 00000001 0
-[f] 01000458 00120213
-[d] 01000454 13 04 04 - 0 - 00000001 -
-[r] 04 - 00000001 -
-[e] 01000450 80000000 0
-[f] 0100045c 00200293
-[d] 01000458 13 05 00 - 0 - 00000002 -
-[r] 00 - 00000001 -
-[e] 01000454 00000002 0
-[f] 01000460 fe5212e3
-[d] 0100045c 63 - 04 05 1 - ffffffe4 -
-[r] 04 05 00000000 00000000
-[e] 01000458 00000002 0
-[w] 01000450 1 1e 80000000
-[f] 01000464 80000eb7
-[d] 01000460 37 1d - - - - 80000000 -
-[r] - - - -
-[e] 0100045c 01000440 0
-[w] 01000454 1 04 00000002
-[f] 01000468 02400193
-[d] 01000464 13 03 00 - 0 - 00000024 -
-[r] 00 - 00000000 -
-[e] 01000460 80000000 0
-[w] 01000458 1 05 00000002
-[f] 0100046c 0fdf1463
-[d] 01000468 63 - 1e 1d 1 - 000000e8 -
-[r] 1e 1d 00000000 00000000
-[e] 01000464 00000024 0
-[f] 01000470 00000213
-[d] 0100046c 13 04 00 - 0 - 00000000 -
-[r] 00 - 80000000 -
-[e] 01000468 01000550 0
-[w] 01000460 1 1d 80000000
-[f] 01000474 00700113
-[d] 01000470 13 02 00 - 0 - 00000007 -
-[r] 00 - 00000000 -
-[e] 0100046c 00000000 0
-[w] 01000464 1 03 00000024
-[f] 0100047c 00100093
-[d] 01000478 13 01 00 - 0 - 00000001 -
-[r] 00 - 00000000 -
-[w] 0100046c 1 04 00000000
-[f] 01000480 00209f33
-[d] 0100047c 33 1e 01 02 1 00 - -
-[r] 01 02 00000000 00000000
-[e] 01000478 00000001 0
-[w] 01000470 1 02 00000007
-[f] 01000480 00209f33
-[d] 0100047c 33 1e 01 02 1 00 - -
-[r] 01 02 00000001 0000001f
-[e] 0100047c 00000001 0
-[f] 01000484 00120213
-[d] 01000480 13 04 04 - 0 - 00000001 -
-[r] 04 - 00000001 -
-[e] 0100047c 00000080 0
-[w] 01000478 1 01 00000001
-[f] 01000488 00200293
-[d] 01000484 13 05 00 - 0 - 00000002 -
-[r] 00 - 00000000 -
-[e] 01000480 00000001 0
-[f] 0100048c fe5214e3
-[d] 01000488 63 - 04 05 1 - ffffffe8 -
-[r] 04 05 00000000 00000000
-[e] 01000484 00000002 0
-[w] 0100047c 1 1e 00000080
-[f] 01000490 08000e93
-[d] 0100048c 13 1d 00 - 0 - 00000080 -
-[r] 00 - 00000000 -
-[e] 01000488 01000470 1
-[w] 01000480 1 04 00000001
-[f] 01000474 00700113
-[d] 01000470 13 02 00 - 0 - 00000007 -
-[r] 00 - 00000000 -
-[f] 0100047c 00100093
-[d] 01000478 13 01 00 - 0 - 00000001 -
-[r] 00 - 00000000 -
-[f] 01000480 00209f33
-[d] 0100047c 33 1e 01 02 1 00 - -
-[r] 01 02 00000000 00000000
-[e] 01000478 00000001 0
-[w] 01000470 1 02 00000007
-[f] 01000480 00209f33
-[d] 0100047c 33 1e 01 02 1 00 - -
-[r] 01 02 00000001 00000007
-[e] 0100047c 00000001 0
-[f] 01000484 00120213
-[d] 01000480 13 04 04 - 0 - 00000001 -
-[r] 04 - 00000001 -
-[e] 0100047c 00000080 0
-[w] 01000478 1 01 00000001
-[f] 01000488 00200293
-[d] 01000484 13 05 00 - 0 - 00000002 -
-[r] 00 - 00000001 -
-[e] 01000480 00000002 0
-[f] 0100048c fe5214e3
-[d] 01000488 63 - 04 05 1 - ffffffe8 -
-[r] 04 05 00000000 00000000
-[e] 01000484 00000002 0
-[w] 0100047c 1 1e 00000080
-[f] 01000490 08000e93
-[d] 0100048c 13 1d 00 - 0 - 00000080 -
-[r] 00 - 00000001 -
-[e] 01000488 01000470 0
-[w] 01000480 1 04 00000002
-[f] 01000494 02500193
-[d] 01000490 13 03 00 - 0 - 00000025 -
-[r] 00 - 00000000 -
-[e] 0100048c 00000080 0
-[w] 01000484 1 05 00000002
-[f] 01000498 0bdf1e63
-[d] 01000494 63 - 1e 1d 1 - 000000bc -
-[r] 1e 1d 00000000 00000000
-[e] 01000490 00000025 0
-[f] 0100049c 00000213
-[d] 01000498 13 04 00 - 0 - 00000000 -
-[r] 00 - 00000080 -
-[e] 01000494 01000550 0
-[w] 0100048c 1 1d 00000080
-[f] 010004a0 00e00113
-[d] 0100049c 13 02 00 - 0 - 0000000e -
-[r] 00 - 00000000 -
-[e] 01000498 00000000 0
-[w] 01000490 1 03 00000025
-[f] 010004a8 00100093
-[d] 010004a4 13 01 00 - 0 - 00000001 -
-[r] 00 - 00000000 -
-[w] 01000498 1 04 00000000
-[f] 010004b0 00209f33
-[d] 010004ac 33 1e 01 02 1 00 - -
-[r] 01 02 00000000 00000000
-[f] 010004b4 00120213
-[d] 010004b0 13 04 04 - 0 - 00000001 -
-[r] 04 - 00000001 -
-[e] 010004ac 00004000 0
-[w] 010004a4 1 01 00000001
-[f] 010004b8 00200293
-[d] 010004b4 13 05 00 - 0 - 00000002 -
-[r] 00 - 00000000 -
-[e] 010004b0 00000001 0
-[f] 010004bc fe5212e3
-[d] 010004b8 63 - 04 05 1 - ffffffe4 -
-[r] 04 05 00000000 00000000
-[e] 010004b4 00000002 0
-[w] 010004ac 1 1e 00004000
-[f] 010004c0 00004eb7
-[d] 010004bc 37 1d - - - - 00004000 -
-[r] - - - -
-[e] 010004b8 0100049c 1
-[w] 010004b0 1 04 00000001
-[f] 010004a0 00e00113
-[d] 0100049c 13 02 00 - 0 - 0000000e -
-[r] 00 - 00000000 -
-[f] 010004a8 00100093
-[d] 010004a4 13 01 00 - 0 - 00000001 -
-[r] 00 - 00000000 -
-[f] 010004b0 00209f33
-[d] 010004ac 33 1e 01 02 1 00 - -
-[r] 01 02 00000000 00000000
-[f] 010004b4 00120213
-[d] 010004b0 13 04 04 - 0 - 00000001 -
-[r] 04 - 00000001 -
-[e] 010004ac 00004000 0
-[w] 010004a4 1 01 00000001
-[f] 010004b8 00200293
-[d] 010004b4 13 05 00 - 0 - 00000002 -
-[r] 00 - 00000001 -
-[e] 010004b0 00000002 0
-[f] 010004bc fe5212e3
-[d] 010004b8 63 - 04 05 1 - ffffffe4 -
-[r] 04 05 00000000 00000000
-[e] 010004b4 00000002 0
-[w] 010004ac 1 1e 00004000
-[f] 010004c0 00004eb7
-[d] 010004bc 37 1d - - - - 00004000 -
-[r] - - - -
-[e] 010004b8 0100049c 0
-[w] 010004b0 1 04 00000002
-[f] 010004c4 02600193
-[d] 010004c0 13 03 00 - 0 - 00000026 -
-[r] 00 - 00000000 -
-[e] 010004bc 00004000 0
-[w] 010004b4 1 05 00000002
-[f] 010004c8 09df1663
-[d] 010004c4 63 - 1e 1d 1 - 0000008c -
-[r] 1e 1d 00000000 00000000
-[e] 010004c0 00000026 0
-[f] 010004cc 00000213
-[d] 010004c8 13 04 00 - 0 - 00000000 -
-[r] 00 - 00004000 -
-[e] 010004c4 01000550 0
-[w] 010004bc 1 1d 00004000
-[f] 010004d0 01f00113
-[d] 010004cc 13 02 00 - 0 - 0000001f -
-[r] 00 - 00000000 -
-[e] 010004c8 00000000 0
-[w] 010004c0 1 03 00000026
-[f] 010004dc 00100093
-[d] 010004d8 13 01 00 - 0 - 00000001 -
-[r] 00 - 00000000 -
-[w] 010004cc 1 02 0000001f
-[f] 010004e0 00209f33
-[d] 010004dc 33 1e 01 02 1 00 - -
-[r] 01 02 00000000 00000000
-[e] 010004d8 00000001 0
-[f] 010004e4 00120213
-[d] 010004e0 13 04 04 - 0 - 00000001 -
-[r] 04 - 00000001 -
-[e] 010004dc 80000000 0
-[f] 010004e8 00200293
-[d] 010004e4 13 05 00 - 0 - 00000002 -
-[r] 00 - 00000000 -
-[e] 010004e0 00000001 0
-[w] 010004d8 1 01 00000001
-[f] 010004ec fe5212e3
-[d] 010004e8 63 - 04 05 1 - ffffffe4 -
-[r] 04 05 00000000 00000000
-[e] 010004e4 00000002 0
-[w] 010004dc 1 1e 80000000
-[f] 010004f0 80000eb7
-[d] 010004ec 37 1d - - - - 80000000 -
-[r] - - - -
-[e] 010004e8 010004cc 1
-[w] 010004e0 1 04 00000001
-[f] 010004d0 01f00113
-[d] 010004cc 13 02 00 - 0 - 0000001f -
-[r] 00 - 00000000 -
-[f] 010004dc 00100093
-[d] 010004d8 13 01 00 - 0 - 00000001 -
-[r] 00 - 00000000 -
-[w] 010004cc 1 02 0000001f
-[f] 010004e0 00209f33
-[d] 010004dc 33 1e 01 02 1 00 - -
-[r] 01 02 00000000 00000000
-[e] 010004d8 00000001 0
-[f] 010004e4 00120213
-[d] 010004e0 13 04 04 - 0 - 00000001 -
-[r] 04 - 00000001 -
-[e] 010004dc 80000000 0
-[f] 010004e8 00200293
-[d] 010004e4 13 05 00 - 0 - 00000002 -
-[r] 00 - 00000001 -
-[e] 010004e0 00000002 0
-[w] 010004d8 1 01 00000001
-[f] 010004ec fe5212e3
-[d] 010004e8 63 - 04 05 1 - ffffffe4 -
-[r] 04 05 00000000 00000000
-[e] 010004e4 00000002 0
-[w] 010004dc 1 1e 80000000
-[f] 010004f0 80000eb7
-[d] 010004ec 37 1d - - - - 80000000 -
-[r] - - - -
-[e] 010004e8 010004cc 0
-[w] 010004e0 1 04 00000002
-[f] 010004f4 02700193
-[d] 010004f0 13 03 00 - 0 - 00000027 -
-[r] 00 - 00000000 -
-[e] 010004ec 80000000 0
-[w] 010004e4 1 05 00000002
-[f] 010004f8 05df1e63
-[d] 010004f4 63 - 1e 1d 1 - 0000005c -
-[r] 1e 1d 00000000 00000000
-[e] 010004f0 00000027 0
-[f] 010004fc 00f00093
-[d] 010004f8 13 01 00 - 0 - 0000000f -
-[r] 00 - 80000000 -
-[e] 010004f4 01000550 0
-[w] 010004ec 1 1d 80000000
-[f] 01000500 00101133
-[d] 010004fc 33 02 00 01 1 00 - -
-[r] 00 01 00000000 00000000
-[e] 010004f8 0000000f 0
-[w] 010004f0 1 03 00000027
-[f] 01000504 00000e93
-[d] 01000500 13 1d 00 - 0 - 00000000 -
-[r] 00 - 00000000 -
-[e] 010004fc 00000000 0
-[f] 01000508 02800193
-[d] 01000504 13 03 00 - 0 - 00000028 -
-[r] 00 - 00000000 -
-[e] 01000500 00000000 0
-[w] 010004f8 1 01 0000000f
-[f] 0100050c 05d11463
-[d] 01000508 63 - 02 1d 1 - 00000048 -
-[r] 02 1d 00000000 00000000
-[e] 01000504 00000028 0
-[w] 010004fc 1 02 00000000
-[f] 0100050c 05d11463
-[d] 01000508 63 - 02 1d 1 - 00000048 -
-[r] 02 1d 0000001f 80000000
-[e] 01000508 0000001f 0
-[w] 01000500 1 1d 00000000
-[f] 0100050c 05d11463
-[d] 01000508 63 - 02 1d 1 - 00000048 -
-[r] 02 1d 00000000 80000000
-[e] 01000508 00000000 0
-[w] 01000504 1 03 00000028
-[f] 01000510 02000093
-[d] 0100050c 13 01 00 - 0 - 00000020 -
-[r] 00 - 00000000 -
-[e] 01000508 01000550 0
-[f] 01000514 00009133
-[d] 01000510 33 02 01 00 1 00 - -
-[r] 01 00 00000000 00000000
-[e] 0100050c 00000020 0
-[f] 01000518 02000e93
-[d] 01000514 13 1d 00 - 0 - 00000020 -
-[r] 00 - 0000000f -
-[e] 01000510 00000020 0
-[f] 0100051c 02900193
-[d] 01000518 13 03 00 - 0 - 00000029 -
-[r] 00 - 00000000 -
-[e] 01000514 00000020 0
-[w] 0100050c 1 01 00000020
-[f] 01000520 03d11a63
-[d] 0100051c 63 - 02 1d 1 - 00000034 -
-[r] 02 1d 00000000 00000000
-[e] 01000518 00000029 0
-[w] 01000510 1 02 00000020
-[f] 01000520 03d11a63
-[d] 0100051c 63 - 02 1d 1 - 00000034 -
-[r] 02 1d 00000000 00000000
-[e] 0100051c 00000000 0
-[w] 01000514 1 1d 00000020
-[f] 01000520 03d11a63
-[d] 0100051c 63 - 02 1d 1 - 00000034 -
-[r] 02 1d 00000020 00000000
-[e] 0100051c 00000020 0
-[w] 01000518 1 03 00000029
-[f] 01000524 000010b3
-[d] 01000520 33 01 00 00 1 00 - -
-[r] 00 00 00000020 00000020
-[e] 0100051c 01000550 0
-[f] 01000528 00000e93
-[d] 01000524 13 1d 00 - 0 - 00000000 -
-[r] 00 - 00000000 -
-[e] 01000520 00000000 0
-[f] 0100052c 02a00193
-[d] 01000528 13 03 00 - 0 - 0000002a -
-[r] 00 - 00000000 -
-[e] 01000524 00000000 0
-[f] 01000530 03d09263
-[d] 0100052c 63 - 01 1d 1 - 00000024 -
-[r] 01 1d 00000000 00000000
-[e] 01000528 0000002a 0
-[w] 01000520 1 01 00000000
-[f] 01000530 03d09263
-[d] 0100052c 63 - 01 1d 1 - 00000024 -
-[r] 01 1d 00000020 00000020
-[e] 0100052c 00000020 0
-[w] 01000524 1 1d 00000000
-[f] 01000530 03d09263
-[d] 0100052c 63 - 01 1d 1 - 00000024 -
-[r] 01 1d 00000000 00000020
-[e] 0100052c 00000000 0
-[w] 01000528 1 03 0000002a
-[f] 01000534 40000093
-[d] 01000530 13 01 00 - 0 - 00000400 -
-[r] 00 - 00000000 -
-[e] 0100052c 01000550 0
-[f] 01000538 00001137
-[d] 01000534 37 02 - - - - 00001000 -
-[r] - - - -
-[e] 01000530 00000400 0
-[f] 0100053c 80010113
-[d] 01000538 13 02 02 - 0 - fffff800 -
-[r] 02 - 00000000 -
-[e] 01000534 00001000 0
-[f] 01000540 00209033
-[d] 0100053c 33 00 01 02 1 00 - -
-[r] 01 02 00000020 00000000
-[e] 01000538 00000800 0
-[w] 01000530 1 01 00000400
-[f] 01000540 00209033
-[d] 0100053c 33 00 01 02 1 00 - -
-[r] 01 02 00000000 00000020
-[e] 0100053c 00000000 0
-[w] 01000534 1 02 00001000
-[f] 01000544 00000e93
-[d] 01000540 13 1d 00 - 0 - 00000000 -
-[r] 00 - 00000400 -
-[e] 0100053c 00000400 0
-[w] 01000538 1 02 00000800
-[f] 01000548 02b00193
-[d] 01000544 13 03 00 - 0 - 0000002b -
-[r] 00 - 00000000 -
-[e] 01000540 00000000 0
-[f] 0100054c 01d01463
-[d] 01000548 63 - 00 1d 1 - 00000008 -
-[r] 00 1d 00000000 00000000
-[e] 01000544 0000002b 0
-[f] 01000550 00301c63
-[d] 0100054c 63 - 00 03 1 - 00000018 -
-[r] 00 03 00000000 00000000
-[e] 01000548 01000550 0
-[w] 01000540 1 1d 00000000
-[f] 0100056c 00100193
-[d] 01000568 13 03 00 - 0 - 00000001 -
-[r] 00 - 00000000 -
-[e] 01000564 00000000 0
+[e] 01000018 01000554 1
+[f] 01000558 00018063
+[d] 01000554 33 1e 01 02 1 00 - -
+[r] 01 02 00000000 00000000
+[f] 0100055c 00119193
+[d] 01000558 63 - 03 00 0 - 00000000 -
+[r] 03 00 00000001 00000000
+[e] 01000554 00000000 0
+[f] 01000560 0011e193
+[d] 0100055c 13 03 03 - 1 - 00000000 -
+[r] 03 - 00000002 -
+[e] 01000558 01000558 0
+[f] 01000564 00000073
+[d] 01000560 13 03 03 - 6 - 00000001 -
+[r] 03 - 00000002 -
+[e] 0100055c 00000002 0
+[w] 01000554 1 1e 00000000
