--- /tmp/tmp.5JIetV4P6j	2025-11-28 17:09:52.685370315 -0500
+++ /tmp/tmp.JDNWMWGtTI	2025-11-28 17:09:52.694370355 -0500
@@ -1,1024 +1,79 @@
-[f] 01000004 00000093
-[d] 01000000 13 01 00 - 0 - 00000000 -
-[r] 00 - 00000000 -
 [f] 01000008 00008f13
-[d] 01000004 13 1e 01 - 0 - 00000000 -
-[r] 01 - 00000000 -
+[d] 01000004 13 01 00 - 0 - 00000000 -
+[r] 00 - 00000000 -
 [e] 01000000 00000000 0
 [f] 0100000c 00000e93
-[d] 01000008 13 1d 00 - 0 - 00000000 -
-[r] 00 - 00000000 -
+[d] 01000008 13 1e 01 - 0 - 00000000 -
+[r] 01 - 00000000 -
 [e] 01000004 00000000 0
 [f] 01000010 00200193
-[d] 0100000c 13 03 00 - 0 - 00000002 -
+[d] 0100000c 13 1d 00 - 0 - 00000000 -
 [r] 00 - 00000000 -
 [e] 01000008 00000000 0
-[w] 01000000 1 01 00000000
-[f] 01000014 27df1c63
-[d] 01000010 63 - 1e 1d 1 - 00000278 -
-[r] 1e 1d 00000000 00000000
-[e] 0100000c 00000002 0
-[w] 01000004 1 1e 00000000
 [f] 01000014 27df1c63
-[d] 01000010 63 - 1e 1d 1 - 00000278 -
+[d] 01000010 13 03 00 - 0 - 00000002 -
+[r] 00 - 00000000 -
+[e] 0100000c 00000000 0
+[w] 01000004 1 01 00000000
+[f] 01000018 00100093
+[d] 01000014 63 - 1e 1d 1 - 00000278 -
 [r] 1e 1d 00000000 00000000
-[e] 01000010 00000000 0
-[w] 01000008 1 1d 00000000
-[f] 01000014 27df1c63
-[d] 01000010 63 - 1e 1d 1 - 00000278 -
+[e] 01000010 00000002 0
+[w] 01000008 1 1e 00000000
+[f] 01000018 00100093
+[d] 01000014 63 - 1e 1d 1 - 00000278 -
 [r] 1e 1d 00000000 00000000
-[e] 01000010 00000000 0
-[w] 0100000c 1 03 00000002
+[e] 01000014 00000000 0
+[w] 0100000c 1 1d 00000000
 [f] 01000018 00100093
-[d] 01000014 13 01 00 - 0 - 00000001 -
-[r] 00 - 00000000 -
-[e] 01000010 01000288 0
+[d] 01000014 63 - 1e 1d 1 - 00000278 -
+[r] 1e 1d 00000000 00000000
+[e] 01000014 00000000 0
+[w] 01000010 1 03 00000002
 [f] 0100001c 00108f13
-[d] 01000018 13 1e 01 - 0 - 00000001 -
-[r] 01 - 00000000 -
-[e] 01000014 00000001 0
-[f] 01000020 00200e93
-[d] 0100001c 13 1d 00 - 0 - 00000002 -
+[d] 01000018 13 01 00 - 0 - 00000001 -
 [r] 00 - 00000000 -
-[e] 01000018 00000002 0
+[e] 01000014 0100028c 0
+[f] 01000020 00200e93
+[d] 0100001c 13 1e 01 - 0 - 00000001 -
+[r] 01 - 00000000 -
+[e] 01000018 00000001 0
 [f] 01000024 00300193
-[d] 01000020 13 03 00 - 0 - 00000003 -
+[d] 01000020 13 1d 00 - 0 - 00000002 -
 [r] 00 - 00000000 -
 [e] 0100001c 00000002 0
-[w] 01000014 1 01 00000001
 [f] 01000028 27df1263
-[d] 01000024 63 - 1e 1d 1 - 00000264 -
+[d] 01000024 13 03 00 - 0 - 00000003 -
+[r] 00 - 00000000 -
+[e] 01000020 00000002 0
+[w] 01000018 1 01 00000001
+[f] 0100002c 00300093
+[d] 01000028 63 - 1e 1d 1 - 00000264 -
 [r] 1e 1d 00000000 00000000
-[e] 01000020 00000003 0
-[w] 01000018 1 1e 00000002
-[f] 01000028 27df1263
-[d] 01000024 63 - 1e 1d 1 - 00000264 -
+[e] 01000024 00000003 0
+[w] 0100001c 1 1e 00000002
+[f] 0100002c 00300093
+[d] 01000028 63 - 1e 1d 1 - 00000264 -
 [r] 1e 1d 00000000 00000000
-[e] 01000024 00000000 0
-[w] 0100001c 1 1d 00000002
-[f] 01000028 27df1263
-[d] 01000024 63 - 1e 1d 1 - 00000264 -
-[r] 1e 1d 00000002 00000000
-[e] 01000024 00000002 0
-[w] 01000020 1 03 00000003
+[e] 01000028 00000000 0
+[w] 01000020 1 1d 00000002
 [f] 0100002c 00300093
-[d] 01000028 13 01 00 - 0 - 00000003 -
-[r] 00 - 00000002 -
-[e] 01000024 01000288 0
+[d] 01000028 63 - 1e 1d 1 - 00000264 -
+[r] 1e 1d 00000002 00000000
+[e] 01000028 00000000 0
+[w] 01000024 1 03 00000003
 [f] 01000030 00708f13
-[d] 0100002c 13 1e 01 - 0 - 00000007 -
-[r] 01 - 00000000 -
-[e] 01000028 00000003 0
-[f] 01000034 00a00e93
-[d] 01000030 13 1d 00 - 0 - 0000000a -
-[r] 00 - 00000001 -
-[e] 0100002c 0000000a 0
-[f] 01000038 00400193
-[d] 01000034 13 03 00 - 0 - 00000004 -
-[r] 00 - 00000000 -
-[e] 01000030 0000000a 0
-[w] 01000028 1 01 00000003
-[f] 0100003c 25df1863
-[d] 01000038 63 - 1e 1d 1 - 00000250 -
-[r] 1e 1d 00000000 00000000
-[e] 01000034 00000004 0
-[w] 0100002c 1 1e 0000000a
-[f] 0100003c 25df1863
-[d] 01000038 63 - 1e 1d 1 - 00000250 -
-[r] 1e 1d 00000002 00000002
-[e] 01000038 00000002 0
-[w] 01000030 1 1d 0000000a
-[f] 0100003c 25df1863
-[d] 01000038 63 - 1e 1d 1 - 00000250 -
-[r] 1e 1d 0000000a 00000002
-[e] 01000038 0000000a 0
-[w] 01000034 1 03 00000004
-[f] 01000040 00000093
-[d] 0100003c 13 01 00 - 0 - 00000000 -
-[r] 00 - 0000000a -
-[e] 01000038 01000288 0
-[f] 01000044 80008f13
-[d] 01000040 13 1e 01 - 0 - fffff800 -
-[r] 01 - 00000000 -
-[e] 0100003c 00000000 0
-[f] 01000048 80000e93
-[d] 01000044 13 1d 00 - 0 - fffff800 -
-[r] 00 - 00000003 -
-[e] 01000040 fffff800 0
-[f] 0100004c 00500193
-[d] 01000048 13 03 00 - 0 - 00000005 -
-[r] 00 - 00000000 -
-[e] 01000044 fffff800 0
-[w] 0100003c 1 01 00000000
-[f] 01000050 23df1e63
-[d] 0100004c 63 - 1e 1d 1 - 0000023c -
-[r] 1e 1d 00000000 00000000
-[e] 01000048 00000005 0
-[w] 01000040 1 1e fffff800
-[f] 01000050 23df1e63
-[d] 0100004c 63 - 1e 1d 1 - 0000023c -
-[r] 1e 1d 0000000a 0000000a
-[e] 0100004c 0000000a 0
-[w] 01000044 1 1d fffff800
-[f] 01000050 23df1e63
-[d] 0100004c 63 - 1e 1d 1 - 0000023c -
-[r] 1e 1d fffff800 0000000a
-[e] 0100004c fffff800 0
-[w] 01000048 1 03 00000005
-[f] 01000054 800000b7
-[d] 01000050 37 01 - - - - 80000000 -
-[r] - - - -
-[e] 0100004c 01000288 0
-[f] 01000058 00008f13
-[d] 01000054 13 1e 01 - 0 - 00000000 -
-[r] 01 - 00000000 -
-[e] 01000050 80000000 0
-[f] 0100005c 80000eb7
-[d] 01000058 37 1d - - - - 80000000 -
-[r] - - - -
-[e] 01000054 80000000 0
-[f] 01000060 00600193
-[d] 0100005c 13 03 00 - 0 - 00000006 -
-[r] 00 - 00000000 -
-[e] 01000058 80000000 0
-[w] 01000050 1 01 80000000
-[f] 01000064 23df1463
-[d] 01000060 63 - 1e 1d 1 - 00000228 -
-[r] 1e 1d 00000000 00000000
-[e] 0100005c 00000006 0
-[w] 01000054 1 1e 80000000
-[f] 01000064 23df1463
-[d] 01000060 63 - 1e 1d 1 - 00000228 -
-[r] 1e 1d fffff800 fffff800
-[e] 01000060 fffff800 0
-[w] 01000058 1 1d 80000000
-[f] 01000064 23df1463
-[d] 01000060 63 - 1e 1d 1 - 00000228 -
-[r] 1e 1d 80000000 fffff800
-[e] 01000060 80000000 0
-[w] 0100005c 1 03 00000006
-[f] 01000068 800000b7
-[d] 01000064 37 01 - - - - 80000000 -
-[r] - - - -
-[e] 01000060 01000288 0
-[f] 0100006c 80008f13
-[d] 01000068 13 1e 01 - 0 - fffff800 -
-[r] 01 - 00000000 -
-[e] 01000064 80000000 0
-[f] 01000070 80000eb7
-[d] 0100006c 37 1d - - - - 80000000 -
-[r] - - - -
-[e] 01000068 7ffff800 0
-[f] 01000074 800e8e93
-[d] 01000070 13 1d 1d - 0 - fffff800 -
-[r] 1d - 00000000 -
-[e] 0100006c 80000000 0
-[w] 01000064 1 01 80000000
-[f] 01000078 00700193
-[d] 01000074 13 03 00 - 0 - 00000007 -
-[r] 00 - 80000000 -
-[e] 01000070 7ffff800 0
-[w] 01000068 1 1e 7ffff800
-[f] 0100007c 21df1863
-[d] 01000078 63 - 1e 1d 1 - 00000210 -
-[r] 1e 1d 00000000 00000000
-[e] 01000074 00000007 0
-[w] 0100006c 1 1d 80000000
-[f] 01000080 00000093
-[d] 0100007c 13 01 00 - 0 - 00000000 -
-[r] 00 - 7ffff800 -
-[e] 01000078 01000288 0
-[w] 01000070 1 1d 7ffff800
-[f] 01000084 7ff08f13
-[d] 01000080 13 1e 01 - 0 - 000007ff -
-[r] 01 - 00000000 -
-[e] 0100007c 00000000 0
-[w] 01000074 1 03 00000007
-[f] 01000088 7ff00e93
-[d] 01000084 13 1d 00 - 0 - 000007ff -
-[r] 00 - 80000000 -
-[e] 01000080 000007ff 0
-[f] 0100008c 00800193
-[d] 01000088 13 03 00 - 0 - 00000008 -
-[r] 00 - 00000000 -
-[e] 01000084 000007ff 0
-[w] 0100007c 1 01 00000000
-[f] 01000090 1fdf1e63
-[d] 0100008c 63 - 1e 1d 1 - 000001fc -
-[r] 1e 1d 00000000 00000000
-[e] 01000088 00000008 0
-[w] 01000080 1 1e 000007ff
-[f] 01000090 1fdf1e63
-[d] 0100008c 63 - 1e 1d 1 - 000001fc -
-[r] 1e 1d 7ffff800 7ffff800
-[e] 0100008c 7ffff800 0
-[w] 01000084 1 1d 000007ff
-[f] 01000090 1fdf1e63
-[d] 0100008c 63 - 1e 1d 1 - 000001fc -
-[r] 1e 1d 000007ff 7ffff800
-[e] 0100008c 000007ff 0
-[w] 01000088 1 03 00000008
-[f] 01000094 800000b7
-[d] 01000090 37 01 - - - - 80000000 -
-[r] - - - -
-[e] 0100008c 01000288 0
-[f] 01000098 fff08093
-[d] 01000094 13 01 01 - 0 - ffffffff -
-[r] 01 - 00000000 -
-[e] 01000090 80000000 0
-[f] 0100009c 00008f13
-[d] 01000098 13 1e 01 - 0 - 00000000 -
-[r] 01 - 00000000 -
-[e] 01000094 7fffffff 0
-[f] 010000a0 80000eb7
-[d] 0100009c 37 1d - - - - 80000000 -
-[r] - - - -
-[e] 01000098 7fffffff 0
-[w] 01000090 1 01 80000000
-[f] 010000a4 fffe8e93
-[d] 010000a0 13 1d 1d - 0 - ffffffff -
-[r] 1d - 00000000 -
-[e] 0100009c 80000000 0
-[w] 01000094 1 01 7fffffff
-[f] 010000a8 00900193
-[d] 010000a4 13 03 00 - 0 - 00000009 -
-[r] 00 - 000007ff -
-[e] 010000a0 7fffffff 0
-[w] 01000098 1 1e 7fffffff
-[f] 010000ac 1fdf1063
-[d] 010000a8 63 - 1e 1d 1 - 000001e0 -
-[r] 1e 1d 00000000 00000000
-[e] 010000a4 00000009 0
-[w] 0100009c 1 1d 80000000
-[f] 010000b0 800000b7
-[d] 010000ac 37 01 - - - - 80000000 -
-[r] - - - -
-[e] 010000a8 01000288 0
-[w] 010000a0 1 1d 7fffffff
-[f] 010000b4 fff08093
-[d] 010000b0 13 01 01 - 0 - ffffffff -
-[r] 01 - 00000000 -
-[e] 010000ac 80000000 0
-[w] 010000a4 1 03 00000009
-[f] 010000b8 7ff08f13
-[d] 010000b4 13 1e 01 - 0 - 000007ff -
-[r] 01 - 7fffffff -
-[e] 010000b0 7fffffff 0
-[f] 010000bc 80000eb7
-[d] 010000b8 37 1d - - - - 80000000 -
-[r] - - - -
-[e] 010000b4 800007fe 0
-[w] 010000ac 1 01 80000000
-[f] 010000c0 7fee8e93
-[d] 010000bc 13 1d 1d - 0 - 000007fe -
-[r] 1d - 00000000 -
-[e] 010000b8 80000000 0
-[w] 010000b0 1 01 7fffffff
-[f] 010000c4 00a00193
-[d] 010000c0 13 03 00 - 0 - 0000000a -
-[r] 00 - 7fffffff -
-[e] 010000bc 800007fe 0
-[w] 010000b4 1 1e 800007fe
-[f] 010000c8 1ddf1263
-[d] 010000c4 63 - 1e 1d 1 - 000001c4 -
-[r] 1e 1d 00000000 00000000
-[e] 010000c0 0000000a 0
-[w] 010000b8 1 1d 80000000
-[f] 010000cc 800000b7
-[d] 010000c8 37 01 - - - - 80000000 -
-[r] - - - -
-[e] 010000c4 01000288 0
-[w] 010000bc 1 1d 800007fe
-[f] 010000d0 7ff08f13
-[d] 010000cc 13 1e 01 - 0 - 000007ff -
-[r] 01 - 00000000 -
-[e] 010000c8 80000000 0
-[w] 010000c0 1 03 0000000a
-[f] 010000d4 80000eb7
-[d] 010000d0 37 1d - - - - 80000000 -
-[r] - - - -
-[e] 010000cc 800007ff 0
-[f] 010000d8 7ffe8e93
-[d] 010000d4 13 1d 1d - 0 - 000007ff -
-[r] 1d - 00000000 -
-[e] 010000d0 80000000 0
-[w] 010000c8 1 01 80000000
-[f] 010000dc 00b00193
-[d] 010000d8 13 03 00 - 0 - 0000000b -
-[r] 00 - 800007fe -
-[e] 010000d4 800007ff 0
-[w] 010000cc 1 1e 800007ff
-[f] 010000e0 1bdf1663
-[d] 010000dc 63 - 1e 1d 1 - 000001ac -
-[r] 1e 1d 00000000 00000000
-[e] 010000d8 0000000b 0
-[w] 010000d0 1 1d 80000000
-[f] 010000e4 800000b7
-[d] 010000e0 37 01 - - - - 80000000 -
-[r] - - - -
-[e] 010000dc 01000288 0
-[w] 010000d4 1 1d 800007ff
-[f] 010000e8 fff08093
-[d] 010000e4 13 01 01 - 0 - ffffffff -
-[r] 01 - 00000000 -
-[e] 010000e0 80000000 0
-[w] 010000d8 1 03 0000000b
-[f] 010000ec 80008f13
-[d] 010000e8 13 1e 01 - 0 - fffff800 -
-[r] 01 - 80000000 -
-[e] 010000e4 7fffffff 0
-[f] 010000f0 7ffffeb7
-[d] 010000ec 37 1d - - - - 7ffff000 -
-[r] - - - -
-[e] 010000e8 7ffff7ff 0
-[w] 010000e0 1 01 80000000
-[f] 010000f4 7ffe8e93
-[d] 010000f0 13 1d 1d - 0 - 000007ff -
-[r] 1d - 00000000 -
-[e] 010000ec 7ffff000 1
-[w] 010000e4 1 01 7fffffff
-[f] 010000f8 00c00193
-[d] 010000f4 13 03 00 - 0 - 0000000c -
-[r] 00 - 800007ff -
-[e] 010000f0 7ffff7ff 0
-[w] 010000e8 1 1e 7ffff7ff
-[f] 010000fc 19df1863
-[d] 010000f8 63 - 1e 1d 1 - 00000190 -
-[r] 1e 1d 00000000 00000000
-[e] 010000f4 0000000c 0
-[w] 010000ec 1 1d 7ffff000
-[f] 01000100 00000093
-[d] 010000fc 13 01 00 - 0 - 00000000 -
-[r] 00 - 7ffff7ff -
-[e] 010000f8 01000288 0
-[w] 010000f0 1 1d 7ffff7ff
-[f] 01000104 fff08f13
-[d] 01000100 13 1e 01 - 0 - ffffffff -
-[r] 01 - 00000000 -
-[e] 010000fc 00000000 0
-[w] 010000f4 1 03 0000000c
-[f] 01000108 fff00e93
-[d] 01000104 13 1d 00 - 0 - ffffffff -
-[r] 00 - 7fffffff -
-[e] 01000100 ffffffff 0
-[f] 0100010c 00d00193
-[d] 01000108 13 03 00 - 0 - 0000000d -
-[r] 00 - 00000000 -
-[e] 01000104 ffffffff 0
-[w] 010000fc 1 01 00000000
-[f] 01000110 17df1e63
-[d] 0100010c 63 - 1e 1d 1 - 0000017c -
-[r] 1e 1d 00000000 00000000
-[e] 01000108 0000000d 0
-[w] 01000100 1 1e ffffffff
-[f] 01000110 17df1e63
-[d] 0100010c 63 - 1e 1d 1 - 0000017c -
-[r] 1e 1d 7ffff7ff 7ffff7ff
-[e] 0100010c 7ffff7ff 0
-[w] 01000104 1 1d ffffffff
-[f] 01000110 17df1e63
-[d] 0100010c 63 - 1e 1d 1 - 0000017c -
-[r] 1e 1d ffffffff 7ffff7ff
-[e] 0100010c ffffffff 0
-[w] 01000108 1 03 0000000d
-[f] 01000114 fff00093
-[d] 01000110 13 01 00 - 0 - ffffffff -
-[r] 00 - ffffffff -
-[e] 0100010c 01000288 0
-[f] 01000118 00108f13
-[d] 01000114 13 1e 01 - 0 - 00000001 -
-[r] 01 - 00000000 -
-[e] 01000110 ffffffff 0
-[f] 0100011c 00000e93
-[d] 01000118 13 1d 00 - 0 - 00000000 -
-[r] 00 - 00000000 -
-[e] 01000114 00000000 0
-[f] 01000120 00e00193
-[d] 0100011c 13 03 00 - 0 - 0000000e -
-[r] 00 - 00000000 -
-[e] 01000118 00000000 0
-[w] 01000110 1 01 ffffffff
-[f] 01000124 17df1463
-[d] 01000120 63 - 1e 1d 1 - 00000168 -
-[r] 1e 1d 00000000 00000000
-[e] 0100011c 0000000e 0
-[w] 01000114 1 1e 00000000
-[f] 01000124 17df1463
-[d] 01000120 63 - 1e 1d 1 - 00000168 -
-[r] 1e 1d ffffffff ffffffff
-[e] 01000120 ffffffff 0
-[w] 01000118 1 1d 00000000
-[f] 01000124 17df1463
-[d] 01000120 63 - 1e 1d 1 - 00000168 -
-[r] 1e 1d 00000000 ffffffff
-[e] 01000120 00000000 0
-[w] 0100011c 1 03 0000000e
-[f] 01000128 fff00093
-[d] 01000124 13 01 00 - 0 - ffffffff -
-[r] 00 - 00000000 -
-[e] 01000120 01000288 0
-[f] 0100012c fff08f13
-[d] 01000128 13 1e 01 - 0 - ffffffff -
-[r] 01 - 00000000 -
-[e] 01000124 ffffffff 0
-[f] 01000130 ffe00e93
-[d] 0100012c 13 1d 00 - 0 - fffffffe -
-[r] 00 - ffffffff -
-[e] 01000128 fffffffe 0
-[f] 01000134 00f00193
-[d] 01000130 13 03 00 - 0 - 0000000f -
-[r] 00 - 00000000 -
-[e] 0100012c fffffffe 0
-[w] 01000124 1 01 ffffffff
-[f] 01000138 15df1a63
-[d] 01000134 63 - 1e 1d 1 - 00000154 -
-[r] 1e 1d 00000000 00000000
-[e] 01000130 0000000f 0
-[w] 01000128 1 1e fffffffe
-[f] 01000138 15df1a63
-[d] 01000134 63 - 1e 1d 1 - 00000154 -
-[r] 1e 1d 00000000 00000000
-[e] 01000134 00000000 0
-[w] 0100012c 1 1d fffffffe
-[f] 01000138 15df1a63
-[d] 01000134 63 - 1e 1d 1 - 00000154 -
-[r] 1e 1d fffffffe 00000000
-[e] 01000134 fffffffe 0
-[w] 01000130 1 03 0000000f
-[f] 0100013c 800000b7
-[d] 01000138 37 01 - - - - 80000000 -
-[r] - - - -
-[e] 01000134 01000288 0
-[f] 01000140 fff08093
-[d] 0100013c 13 01 01 - 0 - ffffffff -
-[r] 01 - 00000000 -
-[e] 01000138 80000000 0
-[f] 01000144 00108f13
-[d] 01000140 13 1e 01 - 0 - 00000001 -
-[r] 01 - ffffffff -
-[e] 0100013c 7fffffff 0
-[f] 01000148 80000eb7
-[d] 01000144 37 1d - - - - 80000000 -
-[r] - - - -
-[e] 01000140 80000000 0
-[w] 01000138 1 01 80000000
-[f] 0100014c 01000193
-[d] 01000148 13 03 00 - 0 - 00000010 -
-[r] 00 - 00000000 -
-[e] 01000144 80000000 0
-[w] 0100013c 1 01 7fffffff
-[f] 01000150 13df1e63
-[d] 0100014c 63 - 1e 1d 1 - 0000013c -
-[r] 1e 1d 00000000 00000000
-[e] 01000148 00000010 0
-[w] 01000140 1 1e 80000000
-[f] 01000150 13df1e63
-[d] 0100014c 63 - 1e 1d 1 - 0000013c -
-[r] 1e 1d fffffffe fffffffe
-[e] 0100014c fffffffe 0
-[w] 01000144 1 1d 80000000
-[f] 01000150 13df1e63
-[d] 0100014c 63 - 1e 1d 1 - 0000013c -
-[r] 1e 1d 80000000 fffffffe
-[e] 0100014c 80000000 0
-[w] 01000148 1 03 00000010
-[f] 01000154 00d00093
-[d] 01000150 13 01 00 - 0 - 0000000d -
-[r] 00 - 80000000 -
-[e] 0100014c 01000288 0
-[f] 01000158 00b08093
-[d] 01000154 13 01 01 - 0 - 0000000b -
-[r] 01 - 00000000 -
-[e] 01000150 0000000d 0
-[f] 0100015c 01800e93
-[d] 01000158 13 1d 00 - 0 - 00000018 -
-[r] 00 - 7fffffff -
-[e] 01000154 00000018 0
-[f] 01000160 01100193
-[d] 0100015c 13 03 00 - 0 - 00000011 -
-[r] 00 - 00000000 -
-[e] 01000158 00000018 0
-[w] 01000150 1 01 0000000d
-[f] 01000164 13d09463
-[d] 01000160 63 - 01 1d 1 - 00000128 -
-[r] 01 1d 00000000 00000000
-[e] 0100015c 00000011 0
-[w] 01000154 1 01 00000018
-[f] 01000164 13d09463
-[d] 01000160 63 - 01 1d 1 - 00000128 -
-[r] 01 1d 0000000d 80000000
-[e] 01000160 0000000d 0
-[w] 01000158 1 1d 00000018
-[f] 01000164 13d09463
-[d] 01000160 63 - 01 1d 1 - 00000128 -
-[r] 01 1d 00000018 80000000
-[e] 01000160 00000018 0
-[w] 0100015c 1 03 00000011
-[f] 01000168 00000213
-[d] 01000164 13 04 00 - 0 - 00000000 -
-[r] 00 - 00000018 -
-[e] 01000160 01000288 0
-[f] 0100016c 00d00093
-[d] 01000168 13 01 00 - 0 - 0000000d -
-[r] 00 - 00000000 -
-[e] 01000164 00000000 0
-[f] 01000170 00b08f13
-[d] 0100016c 13 1e 01 - 0 - 0000000b -
-[r] 01 - 00000000 -
-[e] 01000168 0000000d 0
-[f] 01000174 000f0313
-[d] 01000170 13 06 1e - 0 - 00000000 -
-[r] 1e - 00000018 -
-[e] 0100016c 00000018 0
-[w] 01000164 1 04 00000000
-[f] 01000178 00120213
-[d] 01000174 13 04 04 - 0 - 00000001 -
-[r] 04 - 80000000 -
-[e] 01000170 00000018 0
-[w] 01000168 1 01 0000000d
-[f] 0100017c 00200293
-[d] 01000178 13 05 00 - 0 - 00000002 -
-[r] 00 - 00000000 -
-[e] 01000174 00000001 0
-[w] 0100016c 1 1e 00000018
-[f] 01000180 fe5216e3
-[d] 0100017c 63 - 04 05 1 - ffffffec -
-[r] 04 05 00000000 00000000
-[e] 01000178 00000002 0
-[w] 01000170 1 06 00000018
-[f] 01000184 01800e93
-[d] 01000180 13 1d 00 - 0 - 00000018 -
-[r] 00 - 00000000 -
-[e] 0100017c 01000168 1
-[w] 01000174 1 04 00000001
-[f] 0100016c 00d00093
-[d] 01000168 13 01 00 - 0 - 0000000d -
-[r] 00 - 00000000 -
-[f] 01000170 00b08f13
-[d] 0100016c 13 1e 01 - 0 - 0000000b -
-[r] 01 - 00000000 -
-[e] 01000168 0000000d 0
-[f] 01000174 000f0313
-[d] 01000170 13 06 1e - 0 - 00000000 -
-[r] 1e - 0000000d -
-[e] 0100016c 00000018 0
-[f] 01000178 00120213
-[d] 01000174 13 04 04 - 0 - 00000001 -
-[r] 04 - 00000018 -
-[e] 01000170 00000018 0
-[w] 01000168 1 01 0000000d
-[f] 0100017c 00200293
-[d] 01000178 13 05 00 - 0 - 00000002 -
-[r] 00 - 00000001 -
-[e] 01000174 00000002 0
-[w] 0100016c 1 1e 00000018
-[f] 01000180 fe5216e3
-[d] 0100017c 63 - 04 05 1 - ffffffec -
-[r] 04 05 00000000 00000000
-[e] 01000178 00000002 0
-[w] 01000170 1 06 00000018
-[f] 01000184 01800e93
-[d] 01000180 13 1d 00 - 0 - 00000018 -
-[r] 00 - 00000001 -
-[e] 0100017c 01000168 0
-[w] 01000174 1 04 00000002
-[f] 01000188 01200193
-[d] 01000184 13 03 00 - 0 - 00000012 -
-[r] 00 - 00000000 -
-[e] 01000180 00000018 0
-[w] 01000178 1 05 00000002
-[f] 0100018c 11d31063
-[d] 01000188 63 - 06 1d 1 - 00000100 -
-[r] 06 1d 00000000 00000000
-[e] 01000184 00000012 0
-[f] 01000190 00000213
-[d] 0100018c 13 04 00 - 0 - 00000000 -
-[r] 00 - 00000018 -
-[e] 01000188 01000288 0
-[w] 01000180 1 1d 00000018
-[f] 01000194 00d00093
-[d] 01000190 13 01 00 - 0 - 0000000d -
-[r] 00 - 00000000 -
-[e] 0100018c 00000000 0
-[w] 01000184 1 03 00000012
-[f] 01000198 00a08f13
-[d] 01000194 13 1e 01 - 0 - 0000000a -
-[r] 01 - 00000000 -
-[e] 01000190 0000000d 0
-[f] 010001a0 000f0313
-[d] 0100019c 13 06 1e - 0 - 00000000 -
-[r] 1e - 00000000 -
-[w] 01000190 1 01 0000000d
-[f] 010001a4 00120213
-[d] 010001a0 13 04 04 - 0 - 00000001 -
-[r] 04 - 00000018 -
-[e] 0100019c 00000017 0
-[w] 01000194 1 1e 00000017
-[f] 010001a8 00200293
-[d] 010001a4 13 05 00 - 0 - 00000002 -
-[r] 00 - 00000000 -
-[e] 010001a0 00000001 0
-[f] 010001ac fe5214e3
-[d] 010001a8 63 - 04 05 1 - ffffffe8 -
-[r] 04 05 00000000 00000000
-[e] 010001a4 00000002 0
-[w] 0100019c 1 06 00000017
-[f] 010001b0 01700e93
-[d] 010001ac 13 1d 00 - 0 - 00000017 -
-[r] 00 - 00000000 -
-[e] 010001a8 01000190 1
-[w] 010001a0 1 04 00000001
-[f] 01000194 00d00093
-[d] 01000190 13 01 00 - 0 - 0000000d -
-[r] 00 - 00000000 -
-[f] 01000198 00a08f13
-[d] 01000194 13 1e 01 - 0 - 0000000a -
-[r] 01 - 00000000 -
-[e] 01000190 0000000d 0
-[f] 010001a0 000f0313
-[d] 0100019c 13 06 1e - 0 - 00000000 -
-[r] 1e - 00000000 -
-[w] 01000190 1 01 0000000d
-[f] 010001a4 00120213
-[d] 010001a0 13 04 04 - 0 - 00000001 -
-[r] 04 - 00000017 -
-[e] 0100019c 00000017 0
-[w] 01000194 1 1e 00000017
-[f] 010001a8 00200293
-[d] 010001a4 13 05 00 - 0 - 00000002 -
-[r] 00 - 00000001 -
-[e] 010001a0 00000002 0
-[f] 010001ac fe5214e3
-[d] 010001a8 63 - 04 05 1 - ffffffe8 -
-[r] 04 05 00000000 00000000
-[e] 010001a4 00000002 0
-[w] 0100019c 1 06 00000017
-[f] 010001b0 01700e93
-[d] 010001ac 13 1d 00 - 0 - 00000017 -
-[r] 00 - 00000001 -
-[e] 010001a8 01000190 0
-[w] 010001a0 1 04 00000002
-[f] 010001b4 01300193
-[d] 010001b0 13 03 00 - 0 - 00000013 -
-[r] 00 - 00000000 -
-[e] 010001ac 00000017 0
-[w] 010001a4 1 05 00000002
-[f] 010001b8 0dd31a63
-[d] 010001b4 63 - 06 1d 1 - 000000d4 -
-[r] 06 1d 00000000 00000000
-[e] 010001b0 00000013 0
-[f] 010001bc 00000213
-[d] 010001b8 13 04 00 - 0 - 00000000 -
-[r] 00 - 00000017 -
-[e] 010001b4 01000288 0
-[w] 010001ac 1 1d 00000017
-[f] 010001c0 00d00093
-[d] 010001bc 13 01 00 - 0 - 0000000d -
-[r] 00 - 00000000 -
-[e] 010001b8 00000000 0
-[w] 010001b0 1 03 00000013
-[f] 010001c4 00908f13
-[d] 010001c0 13 1e 01 - 0 - 00000009 -
-[r] 01 - 00000000 -
-[e] 010001bc 0000000d 0
-[f] 010001d0 000f0313
-[d] 010001cc 13 06 1e - 0 - 00000000 -
-[r] 1e - 00000000 -
-[w] 010001c0 1 1e 00000016
-[f] 010001d0 000f0313
-[d] 010001cc 13 06 1e - 0 - 00000000 -
-[r] 1e - 00000017 -
-[e] 010001cc 00000017 0
-[f] 010001d4 00120213
-[d] 010001d0 13 04 04 - 0 - 00000001 -
-[r] 04 - 00000016 -
-[e] 010001cc 00000016 0
-[f] 010001d8 00200293
-[d] 010001d4 13 05 00 - 0 - 00000002 -
-[r] 00 - 00000000 -
-[e] 010001d0 00000001 0
-[f] 010001dc fe5212e3
-[d] 010001d8 63 - 04 05 1 - ffffffe4 -
-[r] 04 05 00000000 00000000
-[e] 010001d4 00000002 0
-[w] 010001cc 1 06 00000016
-[f] 010001e0 01600e93
-[d] 010001dc 13 1d 00 - 0 - 00000016 -
-[r] 00 - 00000000 -
-[e] 010001d8 010001bc 1
-[w] 010001d0 1 04 00000001
-[f] 010001c0 00d00093
-[d] 010001bc 13 01 00 - 0 - 0000000d -
-[r] 00 - 00000000 -
-[f] 010001c4 00908f13
-[d] 010001c0 13 1e 01 - 0 - 00000009 -
-[r] 01 - 00000000 -
-[e] 010001bc 0000000d 0
-[f] 010001d0 000f0313
-[d] 010001cc 13 06 1e - 0 - 00000000 -
-[r] 1e - 00000000 -
-[w] 010001c0 1 1e 00000016
-[f] 010001d0 000f0313
-[d] 010001cc 13 06 1e - 0 - 00000000 -
-[r] 1e - 00000016 -
-[e] 010001cc 00000016 0
-[f] 010001d4 00120213
-[d] 010001d0 13 04 04 - 0 - 00000001 -
-[r] 04 - 00000016 -
-[e] 010001cc 00000016 0
-[f] 010001d8 00200293
-[d] 010001d4 13 05 00 - 0 - 00000002 -
-[r] 00 - 00000001 -
-[e] 010001d0 00000002 0
-[f] 010001dc fe5212e3
-[d] 010001d8 63 - 04 05 1 - ffffffe4 -
-[r] 04 05 00000000 00000000
-[e] 010001d4 00000002 0
-[w] 010001cc 1 06 00000016
-[f] 010001e0 01600e93
-[d] 010001dc 13 1d 00 - 0 - 00000016 -
-[r] 00 - 00000001 -
-[e] 010001d8 010001bc 0
-[w] 010001d0 1 04 00000002
-[f] 010001e4 01400193
-[d] 010001e0 13 03 00 - 0 - 00000014 -
-[r] 00 - 00000000 -
-[e] 010001dc 00000016 0
-[w] 010001d4 1 05 00000002
-[f] 010001e8 0bd31263
-[d] 010001e4 63 - 06 1d 1 - 000000a4 -
-[r] 06 1d 00000000 00000000
-[e] 010001e0 00000014 0
-[f] 010001ec 00000213
-[d] 010001e8 13 04 00 - 0 - 00000000 -
-[r] 00 - 00000016 -
-[e] 010001e4 01000288 0
-[w] 010001dc 1 1d 00000016
-[f] 010001f0 00d00093
-[d] 010001ec 13 01 00 - 0 - 0000000d -
-[r] 00 - 00000000 -
-[e] 010001e8 00000000 0
-[w] 010001e0 1 03 00000014
-[f] 010001f4 00b08f13
-[d] 010001f0 13 1e 01 - 0 - 0000000b -
-[r] 01 - 00000000 -
-[e] 010001ec 0000000d 0
-[f] 010001f8 00120213
-[d] 010001f4 13 04 04 - 0 - 00000001 -
-[r] 04 - 0000000d -
-[e] 010001f0 00000018 0
-[w] 010001e8 1 04 00000000
-[f] 010001f8 00120213
-[d] 010001f4 13 04 04 - 0 - 00000001 -
-[r] 04 - 00000002 -
-[e] 010001f4 00000002 0
-[w] 010001ec 1 01 0000000d
-[f] 010001fc 00200293
-[d] 010001f8 13 05 00 - 0 - 00000002 -
-[r] 00 - 00000000 -
-[e] 010001f4 00000001 0
-[w] 010001f0 1 1e 00000018
-[f] 01000200 fe5218e3
-[d] 010001fc 63 - 04 05 1 - fffffff0 -
-[r] 04 05 00000000 00000000
-[e] 010001f8 00000002 0
-[f] 01000204 01800e93
-[d] 01000200 13 1d 00 - 0 - 00000018 -
-[r] 00 - 00000000 -
-[e] 010001fc 010001ec 1
-[w] 010001f4 1 04 00000001
-[f] 010001f0 00d00093
-[d] 010001ec 13 01 00 - 0 - 0000000d -
-[r] 00 - 00000000 -
-[f] 010001f4 00b08f13
-[d] 010001f0 13 1e 01 - 0 - 0000000b -
-[r] 01 - 00000000 -
-[e] 010001ec 0000000d 0
-[f] 010001f8 00120213
-[d] 010001f4 13 04 04 - 0 - 00000001 -
-[r] 04 - 0000000d -
-[e] 010001f0 00000018 0
-[f] 010001fc 00200293
-[d] 010001f8 13 05 00 - 0 - 00000002 -
-[r] 00 - 00000001 -
-[e] 010001f4 00000002 0
-[w] 010001ec 1 01 0000000d
-[f] 01000200 fe5218e3
-[d] 010001fc 63 - 04 05 1 - fffffff0 -
-[r] 04 05 00000000 00000000
-[e] 010001f8 00000002 0
-[w] 010001f0 1 1e 00000018
-[f] 01000204 01800e93
-[d] 01000200 13 1d 00 - 0 - 00000018 -
-[r] 00 - 00000001 -
-[e] 010001fc 010001ec 0
-[w] 010001f4 1 04 00000002
-[f] 01000208 01500193
-[d] 01000204 13 03 00 - 0 - 00000015 -
-[r] 00 - 00000000 -
-[e] 01000200 00000018 0
-[w] 010001f8 1 05 00000002
-[f] 0100020c 09df1063
-[d] 01000208 63 - 1e 1d 1 - 00000080 -
-[r] 1e 1d 00000000 00000000
-[e] 01000204 00000015 0
-[f] 01000210 00000213
-[d] 0100020c 13 04 00 - 0 - 00000000 -
-[r] 00 - 00000018 -
-[e] 01000208 01000288 0
-[w] 01000200 1 1d 00000018
-[f] 01000214 00d00093
-[d] 01000210 13 01 00 - 0 - 0000000d -
-[r] 00 - 00000000 -
-[e] 0100020c 00000000 0
-[w] 01000204 1 03 00000015
-[f] 0100021c 00a08f13
-[d] 01000218 13 1e 01 - 0 - 0000000a -
-[r] 01 - 00000000 -
-[w] 0100020c 1 04 00000000
-[f] 01000220 00120213
-[d] 0100021c 13 04 04 - 0 - 00000001 -
-[r] 04 - 0000000d -
-[e] 01000218 00000017 0
-[w] 01000210 1 01 0000000d
-[f] 01000224 00200293
-[d] 01000220 13 05 00 - 0 - 00000002 -
-[r] 00 - 00000000 -
-[e] 0100021c 00000001 0
-[f] 01000228 fe5216e3
-[d] 01000224 63 - 04 05 1 - ffffffec -
-[r] 04 05 00000000 00000000
-[e] 01000220 00000002 0
-[w] 01000218 1 1e 00000017
-[f] 0100022c 01700e93
-[d] 01000228 13 1d 00 - 0 - 00000017 -
-[r] 00 - 00000000 -
-[e] 01000224 01000210 1
-[w] 0100021c 1 04 00000001
-[f] 01000214 00d00093
-[d] 01000210 13 01 00 - 0 - 0000000d -
-[r] 00 - 00000000 -
-[f] 0100021c 00a08f13
-[d] 01000218 13 1e 01 - 0 - 0000000a -
-[r] 01 - 00000000 -
-[f] 01000220 00120213
-[d] 0100021c 13 04 04 - 0 - 00000001 -
-[r] 04 - 0000000d -
-[e] 01000218 00000017 0
-[w] 01000210 1 01 0000000d
-[f] 01000224 00200293
-[d] 01000220 13 05 00 - 0 - 00000002 -
-[r] 00 - 00000001 -
-[e] 0100021c 00000002 0
-[f] 01000228 fe5216e3
-[d] 01000224 63 - 04 05 1 - ffffffec -
-[r] 04 05 00000000 00000000
-[e] 01000220 00000002 0
-[w] 01000218 1 1e 00000017
-[f] 0100022c 01700e93
-[d] 01000228 13 1d 00 - 0 - 00000017 -
-[r] 00 - 00000001 -
-[e] 01000224 01000210 0
-[w] 0100021c 1 04 00000002
-[f] 01000230 01600193
-[d] 0100022c 13 03 00 - 0 - 00000016 -
-[r] 00 - 00000000 -
-[e] 01000228 00000017 0
-[w] 01000220 1 05 00000002
-[f] 01000234 05df1c63
-[d] 01000230 63 - 1e 1d 1 - 00000058 -
-[r] 1e 1d 00000000 00000000
-[e] 0100022c 00000016 0
-[f] 01000238 00000213
-[d] 01000234 13 04 00 - 0 - 00000000 -
-[r] 00 - 00000017 -
-[e] 01000230 01000288 0
-[w] 01000228 1 1d 00000017
-[f] 0100023c 00d00093
-[d] 01000238 13 01 00 - 0 - 0000000d -
-[r] 00 - 00000000 -
-[e] 01000234 00000000 0
-[w] 0100022c 1 03 00000016
-[f] 01000248 00908f13
-[d] 01000244 13 1e 01 - 0 - 00000009 -
-[r] 01 - 00000000 -
-[w] 01000238 1 01 0000000d
-[f] 01000248 00908f13
-[d] 01000244 13 1e 01 - 0 - 00000009 -
-[r] 01 - 0000000d -
-[e] 01000244 0000000d 0
-[f] 0100024c 00120213
-[d] 01000248 13 04 04 - 0 - 00000001 -
-[r] 04 - 0000000d -
-[e] 01000244 00000016 0
-[f] 01000250 00200293
-[d] 0100024c 13 05 00 - 0 - 00000002 -
-[r] 00 - 00000000 -
-[e] 01000248 00000001 0
-[f] 01000254 fe5214e3
-[d] 01000250 63 - 04 05 1 - ffffffe8 -
-[r] 04 05 00000000 00000000
-[e] 0100024c 00000002 0
-[w] 01000244 1 1e 00000016
-[f] 01000258 01600e93
-[d] 01000254 13 1d 00 - 0 - 00000016 -
-[r] 00 - 00000000 -
-[e] 01000250 01000238 1
-[w] 01000248 1 04 00000001
-[f] 0100023c 00d00093
-[d] 01000238 13 01 00 - 0 - 0000000d -
-[r] 00 - 00000000 -
-[f] 01000248 00908f13
-[d] 01000244 13 1e 01 - 0 - 00000009 -
-[r] 01 - 00000000 -
-[w] 01000238 1 01 0000000d
-[f] 01000248 00908f13
-[d] 01000244 13 1e 01 - 0 - 00000009 -
-[r] 01 - 0000000d -
-[e] 01000244 0000000d 0
-[f] 0100024c 00120213
-[d] 01000248 13 04 04 - 0 - 00000001 -
-[r] 04 - 0000000d -
-[e] 01000244 00000016 0
-[f] 01000250 00200293
-[d] 0100024c 13 05 00 - 0 - 00000002 -
-[r] 00 - 00000001 -
-[e] 01000248 00000002 0
-[f] 01000254 fe5214e3
-[d] 01000250 63 - 04 05 1 - ffffffe8 -
-[r] 04 05 00000000 00000000
-[e] 0100024c 00000002 0
-[w] 01000244 1 1e 00000016
-[f] 01000258 01600e93
-[d] 01000254 13 1d 00 - 0 - 00000016 -
-[r] 00 - 00000001 -
-[e] 01000250 01000238 0
-[w] 01000248 1 04 00000002
-[f] 0100025c 01700193
-[d] 01000258 13 03 00 - 0 - 00000017 -
-[r] 00 - 00000000 -
-[e] 01000254 00000016 0
-[w] 0100024c 1 05 00000002
-[f] 01000260 03df1663
-[d] 0100025c 63 - 1e 1d 1 - 0000002c -
-[r] 1e 1d 00000000 00000000
-[e] 01000258 00000017 0
-[f] 01000264 02000093
-[d] 01000260 13 01 00 - 0 - 00000020 -
-[r] 00 - 00000016 -
-[e] 0100025c 01000288 0
-[w] 01000254 1 1d 00000016
-[f] 01000268 02000e93
-[d] 01000264 13 1d 00 - 0 - 00000020 -
-[r] 00 - 00000000 -
-[e] 01000260 00000020 0
-[w] 01000258 1 03 00000017
-[f] 0100026c 01800193
-[d] 01000268 13 03 00 - 0 - 00000018 -
-[r] 00 - 00000000 -
-[e] 01000264 00000020 0
-[f] 01000270 01d09e63
-[d] 0100026c 63 - 01 1d 1 - 0000001c -
-[r] 01 1d 00000000 00000000
-[e] 01000268 00000018 0
-[w] 01000260 1 01 00000020
-[f] 01000270 01d09e63
-[d] 0100026c 63 - 01 1d 1 - 0000001c -
-[r] 01 1d 0000000d 00000016
-[e] 0100026c 0000000d 0
-[w] 01000264 1 1d 00000020
-[f] 01000270 01d09e63
-[d] 0100026c 63 - 01 1d 1 - 0000001c -
-[r] 01 1d 00000020 00000016
-[e] 0100026c 00000020 0
-[w] 01000268 1 03 00000018
-[f] 01000274 02100093
-[d] 01000270 13 01 00 - 0 - 00000021 -
-[r] 00 - 00000020 -
-[e] 0100026c 01000288 0
-[f] 01000278 03208013
-[d] 01000274 13 00 01 - 0 - 00000032 -
-[r] 01 - 00000000 -
-[e] 01000270 00000021 0
-[f] 0100027c 00000e93
-[d] 01000278 13 1d 00 - 0 - 00000000 -
-[r] 00 - 00000020 -
-[e] 01000274 00000053 0
-[f] 01000280 01900193
-[d] 0100027c 13 03 00 - 0 - 00000019 -
-[r] 00 - 00000000 -
-[e] 01000278 00000000 0
-[w] 01000270 1 01 00000021
-[f] 01000284 01d01463
-[d] 01000280 63 - 00 1d 1 - 00000008 -
-[r] 00 1d 00000000 00000000
-[e] 0100027c 00000019 0
-[f] 01000288 00301c63
-[d] 01000284 63 - 00 03 1 - 00000018 -
-[r] 00 03 00000000 00000020
-[e] 01000280 01000288 0
-[w] 01000278 1 1d 00000000
-[f] 010002a4 00100193
-[d] 010002a0 13 03 00 - 0 - 00000001 -
-[r] 00 - 00000000 -
-[e] 0100029c 00000000 0
+[d] 0100002c 13 01 00 - 0 - 00000003 -
+[r] 00 - 00000002 -
+[e] 01000028 0100028c 1
+[f] 01000290 00018063
+[d] 0100028c 13 1d 00 - 0 - 0000000a -
+[r] 00 - 00000000 -
+[f] 01000294 00119193
+[d] 01000290 63 - 03 00 0 - 00000000 -
+[r] 03 00 00000000 00000000
+[e] 0100028c 0000000a 0
+[f] 01000298 0011e193
+[d] 01000294 13 03 03 - 1 - 00000000 -
+[r] 03 - 00000003 -
+[e] 01000290 01000290 1
