--- /tmp/tmp.k8ePh4d2UU	2025-11-28 17:09:52.914371351 -0500
+++ /tmp/tmp.qXnmxaLtov	2025-11-28 17:09:52.924371396 -0500
@@ -1,2074 +1,266 @@
-[f] 01000004 ff0100b7
-[d] 01000000 37 01 - - - - ff010000 -
-[r] - - - -
 [f] 01000008 f0008093
-[d] 01000004 13 01 01 - 0 - ffffff00 -
-[r] 01 - 00000000 -
-[e] 01000000 ff010000 0
-[f] 0100000c 0f0f1137
-[d] 01000008 37 02 - - - - 0f0f1000 -
+[d] 01000004 37 01 - - - - ff010000 -
 [r] - - - -
-[e] 01000004 ff00ff00 0
+[e] 01000000 00000000 0
+[f] 0100000c 0f0f1137
+[d] 01000008 13 01 01 - 0 - ffffff00 -
+[r] 01 - 00000000 -
+[e] 01000004 ff010000 0
 [f] 01000010 f0f10113
-[d] 0100000c 13 02 02 - 0 - ffffff0f -
-[r] 02 - 00000000 -
-[e] 01000008 0f0f1000 0
-[w] 01000000 1 01 ff010000
-[f] 01000014 0020ff33
-[d] 01000010 33 1e 01 02 7 00 - -
-[r] 01 02 01100000 00000000
-[e] 0100000c 0f0f0f0f 0
-[w] 01000004 1 01 ff00ff00
+[d] 0100000c 37 02 - - - - 0f0f1000 -
+[r] - - - -
+[e] 01000008 ff00ff00 0
 [f] 01000014 0020ff33
-[d] 01000010 33 1e 01 02 7 00 - -
-[r] 01 02 ff010000 01100000
-[e] 01000010 ff010000 0
-[w] 01000008 1 02 0f0f1000
+[d] 01000010 13 02 02 - 0 - ffffff0f -
+[r] 02 - 00000000 -
+[e] 0100000c 0f0f1000 0
+[w] 01000004 1 01 ff010000
 [f] 01000018 0f001eb7
-[d] 01000014 37 1d - - - - 0f001000 -
-[r] - - - -
-[e] 01000010 0f000f00 1
-[w] 0100000c 1 02 0f0f0f0f
+[d] 01000014 33 1e 01 02 7 00 - -
+[r] 01 02 00000000 00000000
+[e] 01000010 0f0f0f0f 0
+[w] 01000008 1 01 ff00ff00
+[f] 01000018 0f001eb7
+[d] 01000014 33 1e 01 02 7 00 - -
+[r] 01 02 ff010000 00000000
+[e] 01000014 00000000 0
+[w] 0100000c 1 02 0f0f1000
+[f] 01000018 0f001eb7
+[d] 01000014 33 1e 01 02 7 00 - -
+[r] 01 02 ff00ff00 00000000
+[e] 01000014 00000000 0
+[w] 01000010 1 02 0f0f0f0f
+[f] 01000018 0f001eb7
+[d] 01000014 33 1e 01 02 7 00 - -
+[r] 01 02 ff00ff00 0f0f1000
+[e] 01000014 00000000 0
 [f] 0100001c f00e8e93
-[d] 01000018 13 1d 1d - 0 - ffffff00 -
-[r] 1d - 00000000 -
+[d] 01000018 37 1d - - - - 0f001000 -
+[r] - - - -
 [e] 01000014 0f001000 0
 [f] 01000020 00200193
-[d] 0100001c 13 03 00 - 0 - 00000002 -
-[r] 00 - 00000000 -
-[e] 01000018 0f000f00 0
-[w] 01000010 1 1e 0f000f00
+[d] 0100001c 13 1d 1d - 0 - ffffff00 -
+[r] 1d - 00000000 -
+[e] 01000018 0f001000 0
 [f] 01000024 49df1c63
-[d] 01000020 63 - 1e 1d 1 - 00000498 -
+[d] 01000020 13 03 00 - 0 - 00000002 -
+[r] 00 - 00000000 -
+[e] 0100001c 0f000f00 0
+[w] 01000014 1 1e 0f001000
+[f] 01000028 0ff010b7
+[d] 01000024 63 - 1e 1d 1 - 00000498 -
 [r] 1e 1d 00000000 00000000
-[e] 0100001c 00000002 0
-[w] 01000014 1 1d 0f001000
+[e] 01000020 00000002 0
+[w] 01000018 1 1d 0f001000
 [f] 01000028 0ff010b7
-[d] 01000024 37 01 - - - - 0ff01000 -
-[r] - - - -
-[e] 01000020 010004b8 0
-[w] 01000018 1 1d 0f000f00
+[d] 01000024 63 - 1e 1d 1 - 00000498 -
+[r] 1e 1d 0f001000 00000000
+[e] 01000024 00000000 0
+[w] 0100001c 1 1d 0f000f00
+[f] 01000028 0ff010b7
+[d] 01000024 63 - 1e 1d 1 - 00000498 -
+[r] 1e 1d 0f001000 0f001000
+[e] 01000024 00000000 0
+[w] 01000020 1 03 00000002
 [f] 0100002c ff008093
-[d] 01000028 13 01 01 - 0 - fffffff0 -
-[r] 01 - 00000000 -
-[e] 01000024 0ff01000 0
-[w] 0100001c 1 03 00000002
-[f] 01000030 f0f0f137
-[d] 0100002c 37 02 - - - - f0f0f000 -
+[d] 01000028 37 01 - - - - 0ff01000 -
 [r] - - - -
-[e] 01000028 0ff00ff0 0
+[e] 01000024 010004bc 0
+[f] 01000030 f0f0f137
+[d] 0100002c 13 01 01 - 0 - fffffff0 -
+[r] 01 - 00000000 -
+[e] 01000028 0ff01000 0
 [f] 01000034 0f010113
-[d] 01000030 13 02 02 - 0 - 000000f0 -
-[r] 02 - 00000000 -
-[e] 0100002c f0f0f000 1
-[w] 01000024 1 01 0ff01000
+[d] 01000030 37 02 - - - - f0f0f000 -
+[r] - - - -
+[e] 0100002c 0ff00ff0 0
 [f] 01000038 0020ff33
-[d] 01000034 33 1e 01 02 7 00 - -
+[d] 01000034 13 02 02 - 0 - 000000f0 -
+[r] 02 - 00000000 -
+[e] 01000030 f0f0f000 0
+[w] 01000028 1 01 0ff01000
+[f] 0100003c 00f00eb7
+[d] 01000038 33 1e 01 02 7 00 - -
 [r] 01 02 0f0f0f0f 00000000
-[e] 01000030 f0f0f0f0 0
-[w] 01000028 1 01 0ff00ff0
-[f] 01000038 0020ff33
-[d] 01000034 33 1e 01 02 7 00 - -
+[e] 01000034 f0f0f0f0 0
+[w] 0100002c 1 01 0ff00ff0
+[f] 0100003c 00f00eb7
+[d] 01000038 33 1e 01 02 7 00 - -
 [r] 01 02 0ff01000 0f0f0f0f
-[e] 01000034 0ff01000 0
-[w] 0100002c 1 02 f0f0f000
+[e] 01000038 00000000 0
+[w] 01000030 1 02 f0f0f000
 [f] 0100003c 00f00eb7
-[d] 01000038 37 1d - - - - 00f00000 -
-[r] - - - -
-[e] 01000034 00f000f0 0
-[w] 01000030 1 02 f0f0f0f0
+[d] 01000038 33 1e 01 02 7 00 - -
+[r] 01 02 0ff00ff0 0f0f0f0f
+[e] 01000038 00000000 0
+[w] 01000034 1 02 f0f0f0f0
+[f] 0100003c 00f00eb7
+[d] 01000038 33 1e 01 02 7 00 - -
+[r] 01 02 0ff00ff0 f0f0f000
+[e] 01000038 00000000 0
 [f] 01000040 0f0e8e93
-[d] 0100003c 13 1d 1d - 0 - 000000f0 -
-[r] 1d - 00000000 -
+[d] 0100003c 37 1d - - - - 00f00000 -
+[r] - - - -
 [e] 01000038 00f00000 0
 [f] 01000044 00300193
-[d] 01000040 13 03 00 - 0 - 00000003 -
-[r] 00 - 0f000f00 -
-[e] 0100003c 00f000f0 0
-[w] 01000034 1 1e 00f000f0
+[d] 01000040 13 1d 1d - 0 - 000000f0 -
+[r] 1d - 00000000 -
+[e] 0100003c 00f00000 0
 [f] 01000048 47df1a63
-[d] 01000044 63 - 1e 1d 1 - 00000474 -
+[d] 01000044 13 03 00 - 0 - 00000003 -
+[r] 00 - 0f000f00 -
+[e] 01000040 00f000f0 0
+[w] 01000038 1 1e 00f00000
+[f] 0100004c 00ff00b7
+[d] 01000048 63 - 1e 1d 1 - 00000474 -
 [r] 1e 1d 00000000 00000000
-[e] 01000040 00000003 0
-[w] 01000038 1 1d 00f00000
+[e] 01000044 0f000f03 0
+[w] 0100003c 1 1d 00f00000
 [f] 0100004c 00ff00b7
-[d] 01000048 37 01 - - - - 00ff0000 -
-[r] - - - -
-[e] 01000044 010004b8 0
-[w] 0100003c 1 1d 00f000f0
+[d] 01000048 63 - 1e 1d 1 - 00000474 -
+[r] 1e 1d 00f00000 0f000f00
+[e] 01000048 00000000 0
+[w] 01000040 1 1d 00f000f0
+[f] 0100004c 00ff00b7
+[d] 01000048 63 - 1e 1d 1 - 00000474 -
+[r] 1e 1d 00f00000 00f00000
+[e] 01000048 00000000 0
+[w] 01000044 1 03 0f000f03
 [f] 01000050 0ff08093
-[d] 0100004c 13 01 01 - 0 - 000000ff -
-[r] 01 - 00000000 -
-[e] 01000048 00ff0000 0
-[w] 01000040 1 03 00000003
-[f] 01000054 0f0f1137
-[d] 01000050 37 02 - - - - 0f0f1000 -
+[d] 0100004c 37 01 - - - - 00ff0000 -
 [r] - - - -
-[e] 0100004c 00ff00ff 0
+[e] 01000048 010004bc 0
+[f] 01000054 0f0f1137
+[d] 01000050 13 01 01 - 0 - 000000ff -
+[r] 01 - 00000000 -
+[e] 0100004c 00ff0000 0
 [f] 01000058 f0f10113
-[d] 01000054 13 02 02 - 0 - ffffff0f -
-[r] 02 - 00000000 -
-[e] 01000050 0f0f1000 0
-[w] 01000048 1 01 00ff0000
+[d] 01000054 37 02 - - - - 0f0f1000 -
+[r] - - - -
+[e] 01000050 00ff00ff 0
 [f] 0100005c 0020ff33
-[d] 01000058 33 1e 01 02 7 00 - -
+[d] 01000058 13 02 02 - 0 - ffffff0f -
+[r] 02 - 00000000 -
+[e] 01000054 0f0f1000 0
+[w] 0100004c 1 01 00ff0000
+[f] 01000060 000f0eb7
+[d] 0100005c 33 1e 01 02 7 00 - -
 [r] 01 02 f0f0f0f0 00000000
-[e] 01000054 0f0f0f0f 0
-[w] 0100004c 1 01 00ff00ff
-[f] 0100005c 0020ff33
-[d] 01000058 33 1e 01 02 7 00 - -
+[e] 01000058 0f0f0f0f 0
+[w] 01000050 1 01 00ff00ff
+[f] 01000060 000f0eb7
+[d] 0100005c 33 1e 01 02 7 00 - -
 [r] 01 02 00ff0000 f0f0f0f0
-[e] 01000058 00ff0000 0
-[w] 01000050 1 02 0f0f1000
+[e] 0100005c 00000000 0
+[w] 01000054 1 02 0f0f1000
 [f] 01000060 000f0eb7
-[d] 0100005c 37 1d - - - - 000f0000 -
-[r] - - - -
-[e] 01000058 000f000f 0
-[w] 01000054 1 02 0f0f0f0f
+[d] 0100005c 33 1e 01 02 7 00 - -
+[r] 01 02 00ff00ff f0f0f0f0
+[e] 0100005c 00000000 0
+[w] 01000058 1 02 0f0f0f0f
+[f] 01000060 000f0eb7
+[d] 0100005c 33 1e 01 02 7 00 - -
+[r] 01 02 00ff00ff 0f0f1000
+[e] 0100005c 00000000 0
 [f] 01000064 00fe8e93
-[d] 01000060 13 1d 1d - 0 - 0000000f -
-[r] 1d - 00000000 -
+[d] 01000060 37 1d - - - - 000f0000 -
+[r] - - - -
 [e] 0100005c 000f0000 0
 [f] 01000068 00400193
-[d] 01000064 13 03 00 - 0 - 00000004 -
-[r] 00 - 00f000f0 -
-[e] 01000060 000f000f 0
-[w] 01000058 1 1e 000f000f
+[d] 01000064 13 1d 1d - 0 - 0000000f -
+[r] 1d - 00000000 -
+[e] 01000060 000f0000 0
 [f] 0100006c 45df1863
-[d] 01000068 63 - 1e 1d 1 - 00000450 -
+[d] 01000068 13 03 00 - 0 - 00000004 -
+[r] 00 - 00f000f0 -
+[e] 01000064 000f000f 0
+[w] 0100005c 1 1e 000f0000
+[f] 01000070 f00ff0b7
+[d] 0100006c 63 - 1e 1d 1 - 00000450 -
 [r] 1e 1d 00000000 00000000
-[e] 01000064 00000004 0
-[w] 0100005c 1 1d 000f0000
+[e] 01000068 00f000f4 0
+[w] 01000060 1 1d 000f0000
 [f] 01000070 f00ff0b7
-[d] 0100006c 37 01 - - - - f00ff000 -
-[r] - - - -
-[e] 01000068 010004b8 0
-[w] 01000060 1 1d 000f000f
+[d] 0100006c 63 - 1e 1d 1 - 00000450 -
+[r] 1e 1d 000f0000 00f000f0
+[e] 0100006c 00000000 0
+[w] 01000064 1 1d 000f000f
+[f] 01000070 f00ff0b7
+[d] 0100006c 63 - 1e 1d 1 - 00000450 -
+[r] 1e 1d 000f0000 000f0000
+[e] 0100006c 00000000 0
+[w] 01000068 1 03 00f000f4
 [f] 01000074 00f08093
-[d] 01000070 13 01 01 - 0 - 0000000f -
-[r] 01 - 00000000 -
-[e] 0100006c f00ff000 1
-[w] 01000064 1 03 00000004
-[f] 01000078 f0f0f137
-[d] 01000074 37 02 - - - - f0f0f000 -
+[d] 01000070 37 01 - - - - f00ff000 -
 [r] - - - -
-[e] 01000070 f00ff00f 0
+[e] 0100006c 010004bc 0
+[f] 01000078 f0f0f137
+[d] 01000074 13 01 01 - 0 - 0000000f -
+[r] 01 - 00000000 -
+[e] 01000070 f00ff000 0
 [f] 0100007c 0f010113
-[d] 01000078 13 02 02 - 0 - 000000f0 -
-[r] 02 - 00000000 -
-[e] 01000074 f0f0f000 1
-[w] 0100006c 1 01 f00ff000
+[d] 01000078 37 02 - - - - f0f0f000 -
+[r] - - - -
+[e] 01000074 f00ff00f 0
 [f] 01000080 0020ff33
-[d] 0100007c 33 1e 01 02 7 00 - -
+[d] 0100007c 13 02 02 - 0 - 000000f0 -
+[r] 02 - 00000000 -
+[e] 01000078 f0f0f000 0
+[w] 01000070 1 01 f00ff000
+[f] 01000084 f000feb7
+[d] 01000080 33 1e 01 02 7 00 - -
 [r] 01 02 0f0f0f0f 00000000
-[e] 01000078 f0f0f0f0 0
-[w] 01000070 1 01 f00ff00f
-[f] 01000080 0020ff33
-[d] 0100007c 33 1e 01 02 7 00 - -
+[e] 0100007c f0f0f0f0 0
+[w] 01000074 1 01 f00ff00f
+[f] 01000084 f000feb7
+[d] 01000080 33 1e 01 02 7 00 - -
 [r] 01 02 f00ff000 0f0f0f0f
-[e] 0100007c f00ff000 0
-[w] 01000074 1 02 f0f0f000
+[e] 01000080 00000000 0
+[w] 01000078 1 02 f0f0f000
 [f] 01000084 f000feb7
-[d] 01000080 37 1d - - - - f000f000 -
-[r] - - - -
-[e] 0100007c f000f000 0
-[w] 01000078 1 02 f0f0f0f0
+[d] 01000080 33 1e 01 02 7 00 - -
+[r] 01 02 f00ff00f 0f0f0f0f
+[e] 01000080 00000000 0
+[w] 0100007c 1 02 f0f0f0f0
+[f] 01000084 f000feb7
+[d] 01000080 33 1e 01 02 7 00 - -
+[r] 01 02 f00ff00f f0f0f000
+[e] 01000080 00000000 0
 [f] 01000088 00500193
-[d] 01000084 13 03 00 - 0 - 00000005 -
-[r] 00 - 00000000 -
-[e] 01000080 f000f000 1
+[d] 01000084 37 1d - - - - f000f000 -
+[r] - - - -
+[e] 01000080 f000f000 0
 [f] 0100008c 43df1863
-[d] 01000088 63 - 1e 1d 1 - 00000430 -
+[d] 01000088 13 03 00 - 0 - 00000005 -
+[r] 00 - 00000000 -
+[e] 01000084 f000f000 0
+[f] 01000090 ff0100b7
+[d] 0100008c 63 - 1e 1d 1 - 00000430 -
 [r] 1e 1d 00000000 00000000
-[e] 01000084 00000005 0
-[w] 0100007c 1 1e f000f000
-[f] 0100008c 43df1863
-[d] 01000088 63 - 1e 1d 1 - 00000430 -
-[r] 1e 1d 000f000f 000f000f
-[e] 01000088 000f000f 0
-[w] 01000080 1 1d f000f000
-[f] 0100008c 43df1863
-[d] 01000088 63 - 1e 1d 1 - 00000430 -
-[r] 1e 1d f000f000 000f000f
-[e] 01000088 f000f000 0
-[w] 01000084 1 03 00000005
+[e] 01000088 00000005 0
+[w] 01000080 1 1e f000f000
 [f] 01000090 ff0100b7
-[d] 0100008c 37 01 - - - - ff010000 -
-[r] - - - -
-[e] 01000088 010004b8 0
+[d] 0100008c 63 - 1e 1d 1 - 00000430 -
+[r] 1e 1d 000f0000 000f000f
+[e] 0100008c 00000000 0
+[w] 01000084 1 1d f000f000
+[f] 01000090 ff0100b7
+[d] 0100008c 63 - 1e 1d 1 - 00000430 -
+[r] 1e 1d f000f000 000f000f
+[e] 0100008c 00000000 0
+[w] 01000088 1 03 00000005
 [f] 01000094 f0008093
-[d] 01000090 13 01 01 - 0 - ffffff00 -
-[r] 01 - 00000000 -
-[e] 0100008c ff010000 0
-[f] 01000098 0f0f1137
-[d] 01000094 37 02 - - - - 0f0f1000 -
+[d] 01000090 37 01 - - - - ff010000 -
 [r] - - - -
-[e] 01000090 ff00ff00 0
-[f] 0100009c f0f10113
-[d] 01000098 13 02 02 - 0 - ffffff0f -
-[r] 02 - 00000000 -
-[e] 01000094 0f0f1000 0
-[w] 0100008c 1 01 ff010000
-[f] 010000a0 0020f0b3
-[d] 0100009c 33 01 01 02 7 00 - -
-[r] 01 02 f0f0f0f0 00000000
-[e] 01000098 0f0f0f0f 0
-[w] 01000090 1 01 ff00ff00
-[f] 010000a0 0020f0b3
-[d] 0100009c 33 01 01 02 7 00 - -
-[r] 01 02 ff010000 f0f0f0f0
-[e] 0100009c ff010000 0
-[w] 01000094 1 02 0f0f1000
-[f] 010000a4 0f001eb7
-[d] 010000a0 37 1d - - - - 0f001000 -
-[r] - - - -
-[e] 0100009c 0f000f00 1
-[w] 01000098 1 02 0f0f0f0f
-[f] 010000a8 f00e8e93
-[d] 010000a4 13 1d 1d - 0 - ffffff00 -
-[r] 1d - 00000000 -
-[e] 010000a0 0f001000 0
-[f] 010000ac 00600193
-[d] 010000a8 13 03 00 - 0 - 00000006 -
-[r] 00 - f000f000 -
-[e] 010000a4 0f000f00 0
-[w] 0100009c 1 01 0f000f00
-[f] 010000b0 41d09663
-[d] 010000ac 63 - 01 1d 1 - 0000040c -
-[r] 01 1d 00000000 00000000
-[e] 010000a8 00000006 0
-[w] 010000a0 1 1d 0f001000
-[f] 010000b4 0ff010b7
-[d] 010000b0 37 01 - - - - 0ff01000 -
-[r] - - - -
-[e] 010000ac 010004b8 0
-[w] 010000a4 1 1d 0f000f00
-[f] 010000b8 ff008093
-[d] 010000b4 13 01 01 - 0 - fffffff0 -
-[r] 01 - 00000000 -
-[e] 010000b0 0ff01000 0
-[w] 010000a8 1 03 00000006
-[f] 010000bc f0f0f137
-[d] 010000b8 37 02 - - - - f0f0f000 -
-[r] - - - -
-[e] 010000b4 0ff00ff0 0
-[f] 010000c0 0f010113
-[d] 010000bc 13 02 02 - 0 - 000000f0 -
-[r] 02 - 00000000 -
-[e] 010000b8 f0f0f000 1
-[w] 010000b0 1 01 0ff01000
-[f] 010000c4 0020f133
-[d] 010000c0 33 02 01 02 7 00 - -
-[r] 01 02 0f0f0f0f 00000000
-[e] 010000bc f0f0f0f0 0
-[w] 010000b4 1 01 0ff00ff0
-[f] 010000c4 0020f133
-[d] 010000c0 33 02 01 02 7 00 - -
-[r] 01 02 0ff01000 0f0f0f0f
-[e] 010000c0 0ff01000 0
-[w] 010000b8 1 02 f0f0f000
-[f] 010000c8 00f00eb7
-[d] 010000c4 37 1d - - - - 00f00000 -
-[r] - - - -
-[e] 010000c0 00f000f0 0
-[w] 010000bc 1 02 f0f0f0f0
-[f] 010000cc 0f0e8e93
-[d] 010000c8 13 1d 1d - 0 - 000000f0 -
-[r] 1d - 00000000 -
-[e] 010000c4 00f00000 0
-[f] 010000d0 00700193
-[d] 010000cc 13 03 00 - 0 - 00000007 -
-[r] 00 - 0f000f00 -
-[e] 010000c8 00f000f0 0
-[w] 010000c0 1 02 00f000f0
-[f] 010000d4 3fd11463
-[d] 010000d0 63 - 02 1d 1 - 000003e8 -
-[r] 02 1d 00000000 00000000
-[e] 010000cc 00000007 0
-[w] 010000c4 1 1d 00f00000
-[f] 010000d8 ff0100b7
-[d] 010000d4 37 01 - - - - ff010000 -
-[r] - - - -
-[e] 010000d0 010004b8 0
-[w] 010000c8 1 1d 00f000f0
-[f] 010000dc f0008093
-[d] 010000d8 13 01 01 - 0 - ffffff00 -
-[r] 01 - 00000000 -
-[e] 010000d4 ff010000 0
-[w] 010000cc 1 03 00000007
-[f] 010000e0 0010f0b3
-[d] 010000dc 33 01 01 01 7 00 - -
-[r] 01 01 0ff00ff0 00000000
-[e] 010000d8 ff00ff00 0
-[f] 010000e4 ff010eb7
-[d] 010000e0 37 1d - - - - ff010000 -
-[r] - - - -
-[e] 010000dc ff00ff00 1
-[w] 010000d4 1 01 ff010000
-[f] 010000e8 f00e8e93
-[d] 010000e4 13 1d 1d - 0 - ffffff00 -
-[r] 1d - 00000000 -
-[e] 010000e0 ff010000 0
-[w] 010000d8 1 01 ff00ff00
-[f] 010000ec 00800193
-[d] 010000e8 13 03 00 - 0 - 00000008 -
-[r] 00 - 00f000f0 -
-[e] 010000e4 ff00ff00 0
-[w] 010000dc 1 01 ff00ff00
-[f] 010000f0 3dd09663
-[d] 010000ec 63 - 01 1d 1 - 000003cc -
-[r] 01 1d 00000000 00000000
-[e] 010000e8 00000008 0
-[w] 010000e0 1 1d ff010000
-[f] 010000f4 00000213
-[d] 010000f0 13 04 00 - 0 - 00000000 -
-[r] 00 - ff00ff00 -
-[e] 010000ec 010004b8 0
-[w] 010000e4 1 1d ff00ff00
-[f] 010000f8 ff0100b7
-[d] 010000f4 37 01 - - - - ff010000 -
-[r] - - - -
-[e] 010000f0 00000000 0
-[w] 010000e8 1 03 00000008
-[f] 010000fc f0008093
-[d] 010000f8 13 01 01 - 0 - ffffff00 -
-[r] 01 - 00000000 -
-[e] 010000f4 ff010000 0
-[f] 01000100 0f0f1137
-[d] 010000fc 37 02 - - - - 0f0f1000 -
-[r] - - - -
-[e] 010000f8 ff00ff00 0
-[w] 010000f0 1 04 00000000
-[f] 01000104 f0f10113
-[d] 01000100 13 02 02 - 0 - ffffff0f -
-[r] 02 - 00000000 -
-[e] 010000fc 0f0f1000 0
-[w] 010000f4 1 01 ff010000
-[f] 01000108 0020ff33
-[d] 01000104 33 1e 01 02 7 00 - -
-[r] 01 02 00f000f0 00000000
-[e] 01000100 0f0f0f0f 0
-[w] 010000f8 1 01 ff00ff00
-[f] 01000108 0020ff33
-[d] 01000104 33 1e 01 02 7 00 - -
-[r] 01 02 ff010000 00f000f0
-[e] 01000104 ff010000 0
-[w] 010000fc 1 02 0f0f1000
-[f] 0100010c 000f0313
-[d] 01000108 13 06 1e - 0 - 00000000 -
-[r] 1e - ff00ff00 -
-[e] 01000104 0f000f00 1
-[w] 01000100 1 02 0f0f0f0f
-[f] 01000110 00120213
-[d] 0100010c 13 04 04 - 0 - 00000001 -
-[r] 04 - f000f000 -
-[e] 01000108 0f000f00 0
-[f] 01000114 00200293
-[d] 01000110 13 05 00 - 0 - 00000002 -
-[r] 00 - 00000000 -
-[e] 0100010c 00000001 0
-[w] 01000104 1 1e 0f000f00
-[f] 01000118 fe5210e3
-[d] 01000114 63 - 04 05 1 - ffffffe0 -
-[r] 04 05 00000000 00000000
-[e] 01000110 00000002 0
-[w] 01000108 1 06 0f000f00
-[f] 0100011c 0f001eb7
-[d] 01000118 37 1d - - - - 0f001000 -
-[r] - - - -
-[e] 01000114 010000f4 1
-[w] 0100010c 1 04 00000001
-[f] 010000f8 ff0100b7
-[d] 010000f4 37 01 - - - - ff010000 -
-[r] - - - -
-[f] 010000fc f0008093
-[d] 010000f8 13 01 01 - 0 - ffffff00 -
-[r] 01 - 00000000 -
-[e] 010000f4 ff010000 0
-[f] 01000100 0f0f1137
-[d] 010000fc 37 02 - - - - 0f0f1000 -
-[r] - - - -
-[e] 010000f8 ff00ff00 0
-[f] 01000104 f0f10113
-[d] 01000100 13 02 02 - 0 - ffffff0f -
-[r] 02 - 00000000 -
-[e] 010000fc 0f0f1000 0
-[w] 010000f4 1 01 ff010000
-[f] 01000108 0020ff33
-[d] 01000104 33 1e 01 02 7 00 - -
-[r] 01 02 0f0f0f0f 00000000
-[e] 01000100 0f0f0f0f 0
-[w] 010000f8 1 01 ff00ff00
-[f] 01000108 0020ff33
-[d] 01000104 33 1e 01 02 7 00 - -
-[r] 01 02 ff010000 0f0f0f0f
-[e] 01000104 ff010000 0
-[w] 010000fc 1 02 0f0f1000
-[f] 0100010c 000f0313
-[d] 01000108 13 06 1e - 0 - 00000000 -
-[r] 1e - ff00ff00 -
-[e] 01000104 0f000f00 1
-[w] 01000100 1 02 0f0f0f0f
-[f] 01000110 00120213
-[d] 0100010c 13 04 04 - 0 - 00000001 -
-[r] 04 - 0f000f00 -
-[e] 01000108 0f000f00 0
-[f] 01000114 00200293
-[d] 01000110 13 05 00 - 0 - 00000002 -
-[r] 00 - 00000001 -
-[e] 0100010c 00000002 0
-[w] 01000104 1 1e 0f000f00
-[f] 01000118 fe5210e3
-[d] 01000114 63 - 04 05 1 - ffffffe0 -
-[r] 04 05 00000000 00000000
-[e] 01000110 00000002 0
-[w] 01000108 1 06 0f000f00
-[f] 0100011c 0f001eb7
-[d] 01000118 37 1d - - - - 0f001000 -
-[r] - - - -
-[e] 01000114 010000f4 0
-[w] 0100010c 1 04 00000002
-[f] 01000120 f00e8e93
-[d] 0100011c 13 1d 1d - 0 - ffffff00 -
-[r] 1d - 00000000 -
-[e] 01000118 0f001000 0
-[w] 01000110 1 05 00000002
-[f] 01000124 00900193
-[d] 01000120 13 03 00 - 0 - 00000009 -
-[r] 00 - ff00ff00 -
-[e] 0100011c 0f000f00 0
-[f] 01000128 39d31a63
-[d] 01000124 63 - 06 1d 1 - 00000394 -
-[r] 06 1d 00000000 00000000
-[e] 01000120 00000009 0
-[w] 01000118 1 1d 0f001000
-[f] 0100012c 00000213
-[d] 01000128 13 04 00 - 0 - 00000000 -
-[r] 00 - 0f000f00 -
-[e] 01000124 010004b8 0
-[w] 0100011c 1 1d 0f000f00
-[f] 01000130 0ff010b7
-[d] 0100012c 37 01 - - - - 0ff01000 -
-[r] - - - -
-[e] 01000128 00000000 0
-[w] 01000120 1 03 00000009
-[f] 01000134 ff008093
-[d] 01000130 13 01 01 - 0 - fffffff0 -
-[r] 01 - 00000000 -
-[e] 0100012c 0ff01000 0
-[f] 01000138 f0f0f137
-[d] 01000134 37 02 - - - - f0f0f000 -
-[r] - - - -
-[e] 01000130 0ff00ff0 0
-[w] 01000128 1 04 00000000
-[f] 0100013c 0f010113
-[d] 01000138 13 02 02 - 0 - 000000f0 -
-[r] 02 - 00000000 -
-[e] 01000134 f0f0f000 1
-[w] 0100012c 1 01 0ff01000
-[f] 01000140 0020ff33
-[d] 0100013c 33 1e 01 02 7 00 - -
-[r] 01 02 0f0f0f0f 00000000
-[e] 01000138 f0f0f0f0 0
-[w] 01000130 1 01 0ff00ff0
-[f] 01000140 0020ff33
-[d] 0100013c 33 1e 01 02 7 00 - -
-[r] 01 02 0ff01000 0f0f0f0f
-[e] 0100013c 0ff01000 0
-[w] 01000134 1 02 f0f0f000
-[f] 01000148 000f0313
-[d] 01000144 13 06 1e - 0 - 00000000 -
-[r] 1e - 00000000 -
-[f] 0100014c 00120213
-[d] 01000148 13 04 04 - 0 - 00000001 -
-[r] 04 - 0f000f00 -
-[e] 01000144 00f000f0 0
-[w] 0100013c 1 1e 00f000f0
-[f] 01000150 00200293
-[d] 0100014c 13 05 00 - 0 - 00000002 -
-[r] 00 - 00000000 -
-[e] 01000148 00000001 0
-[f] 01000154 fc521ee3
-[d] 01000150 63 - 04 05 1 - ffffffdc -
-[r] 04 05 00000000 00000000
-[e] 0100014c 00000002 0
-[w] 01000144 1 06 00f000f0
-[f] 01000158 00f00eb7
-[d] 01000154 37 1d - - - - 00f00000 -
-[r] - - - -
-[e] 01000150 0100012c 1
-[w] 01000148 1 04 00000001
-[f] 01000130 0ff010b7
-[d] 0100012c 37 01 - - - - 0ff01000 -
-[r] - - - -
-[f] 01000134 ff008093
-[d] 01000130 13 01 01 - 0 - fffffff0 -
-[r] 01 - 00000000 -
-[e] 0100012c 0ff01000 0
-[f] 01000138 f0f0f137
-[d] 01000134 37 02 - - - - f0f0f000 -
-[r] - - - -
-[e] 01000130 0ff00ff0 0
-[f] 0100013c 0f010113
-[d] 01000138 13 02 02 - 0 - 000000f0 -
-[r] 02 - 00000000 -
-[e] 01000134 f0f0f000 1
-[w] 0100012c 1 01 0ff01000
-[f] 01000140 0020ff33
-[d] 0100013c 33 1e 01 02 7 00 - -
-[r] 01 02 f0f0f0f0 00000000
-[e] 01000138 f0f0f0f0 0
-[w] 01000130 1 01 0ff00ff0
-[f] 01000140 0020ff33
-[d] 0100013c 33 1e 01 02 7 00 - -
-[r] 01 02 0ff01000 f0f0f0f0
-[e] 0100013c 0ff01000 0
-[w] 01000134 1 02 f0f0f000
-[f] 01000148 000f0313
-[d] 01000144 13 06 1e - 0 - 00000000 -
-[r] 1e - 00000000 -
-[f] 0100014c 00120213
-[d] 01000148 13 04 04 - 0 - 00000001 -
-[r] 04 - 00f000f0 -
-[e] 01000144 00f000f0 0
-[w] 0100013c 1 1e 00f000f0
-[f] 01000150 00200293
-[d] 0100014c 13 05 00 - 0 - 00000002 -
-[r] 00 - 00000001 -
-[e] 01000148 00000002 0
-[f] 01000154 fc521ee3
-[d] 01000150 63 - 04 05 1 - ffffffdc -
-[r] 04 05 00000000 00000000
-[e] 0100014c 00000002 0
-[w] 01000144 1 06 00f000f0
-[f] 01000158 00f00eb7
-[d] 01000154 37 1d - - - - 00f00000 -
-[r] - - - -
-[e] 01000150 0100012c 0
-[w] 01000148 1 04 00000002
-[f] 0100015c 0f0e8e93
-[d] 01000158 13 1d 1d - 0 - 000000f0 -
-[r] 1d - 00000000 -
-[e] 01000154 00f00000 0
-[w] 0100014c 1 05 00000002
-[f] 01000160 00a00193
-[d] 0100015c 13 03 00 - 0 - 0000000a -
-[r] 00 - 0f000f00 -
-[e] 01000158 00f000f0 0
-[f] 01000164 35d31c63
-[d] 01000160 63 - 06 1d 1 - 00000358 -
-[r] 06 1d 00000000 00000000
-[e] 0100015c 0000000a 0
-[w] 01000154 1 1d 00f00000
-[f] 01000168 00000213
-[d] 01000164 13 04 00 - 0 - 00000000 -
-[r] 00 - 00f000f0 -
-[e] 01000160 010004b8 0
-[w] 01000158 1 1d 00f000f0
-[f] 0100016c 00ff00b7
-[d] 01000168 37 01 - - - - 00ff0000 -
-[r] - - - -
-[e] 01000164 00000000 0
-[w] 0100015c 1 03 0000000a
-[f] 01000170 0ff08093
-[d] 0100016c 13 01 01 - 0 - 000000ff -
-[r] 01 - 00000000 -
-[e] 01000168 00ff0000 0
-[f] 01000174 0f0f1137
-[d] 01000170 37 02 - - - - 0f0f1000 -
-[r] - - - -
-[e] 0100016c 00ff00ff 0
-[w] 01000164 1 04 00000000
-[f] 01000178 f0f10113
-[d] 01000174 13 02 02 - 0 - ffffff0f -
-[r] 02 - 00000000 -
-[e] 01000170 0f0f1000 0
-[w] 01000168 1 01 00ff0000
-[f] 0100017c 0020ff33
-[d] 01000178 33 1e 01 02 7 00 - -
-[r] 01 02 f0f0f0f0 00000000
-[e] 01000174 0f0f0f0f 0
-[w] 0100016c 1 01 00ff00ff
-[f] 0100017c 0020ff33
-[d] 01000178 33 1e 01 02 7 00 - -
-[r] 01 02 00ff0000 f0f0f0f0
-[e] 01000178 00ff0000 0
-[w] 01000170 1 02 0f0f1000
-[f] 01000188 000f0313
-[d] 01000184 13 06 1e - 0 - 00000000 -
-[r] 1e - 00000000 -
-[w] 01000178 1 1e 000f000f
-[f] 01000188 000f0313
-[d] 01000184 13 06 1e - 0 - 00000000 -
-[r] 1e - 00f000f0 -
-[e] 01000184 00f000f0 0
-[f] 0100018c 00120213
-[d] 01000188 13 04 04 - 0 - 00000001 -
-[r] 04 - 000f000f -
-[e] 01000184 000f000f 0
-[f] 01000190 00200293
-[d] 0100018c 13 05 00 - 0 - 00000002 -
-[r] 00 - 00000000 -
-[e] 01000188 00000001 0
-[f] 01000194 fc521ce3
-[d] 01000190 63 - 04 05 1 - ffffffd8 -
-[r] 04 05 00000000 00000000
-[e] 0100018c 00000002 0
-[w] 01000184 1 06 000f000f
-[f] 01000198 000f0eb7
-[d] 01000194 37 1d - - - - 000f0000 -
-[r] - - - -
-[e] 01000190 01000168 1
-[w] 01000188 1 04 00000001
-[f] 0100016c 00ff00b7
-[d] 01000168 37 01 - - - - 00ff0000 -
-[r] - - - -
-[f] 01000170 0ff08093
-[d] 0100016c 13 01 01 - 0 - 000000ff -
-[r] 01 - 00000000 -
-[e] 01000168 00ff0000 0
-[f] 01000174 0f0f1137
-[d] 01000170 37 02 - - - - 0f0f1000 -
-[r] - - - -
-[e] 0100016c 00ff00ff 0
-[f] 01000178 f0f10113
-[d] 01000174 13 02 02 - 0 - ffffff0f -
-[r] 02 - 00000000 -
-[e] 01000170 0f0f1000 0
-[w] 01000168 1 01 00ff0000
-[f] 0100017c 0020ff33
-[d] 01000178 33 1e 01 02 7 00 - -
-[r] 01 02 0f0f0f0f 00000000
-[e] 01000174 0f0f0f0f 0
-[w] 0100016c 1 01 00ff00ff
-[f] 0100017c 0020ff33
-[d] 01000178 33 1e 01 02 7 00 - -
-[r] 01 02 00ff0000 0f0f0f0f
-[e] 01000178 00ff0000 0
-[w] 01000170 1 02 0f0f1000
-[f] 01000188 000f0313
-[d] 01000184 13 06 1e - 0 - 00000000 -
-[r] 1e - 00000000 -
-[w] 01000178 1 1e 000f000f
-[f] 01000188 000f0313
-[d] 01000184 13 06 1e - 0 - 00000000 -
-[r] 1e - 000f000f -
-[e] 01000184 000f000f 0
-[f] 0100018c 00120213
-[d] 01000188 13 04 04 - 0 - 00000001 -
-[r] 04 - 000f000f -
-[e] 01000184 000f000f 0
-[f] 01000190 00200293
-[d] 0100018c 13 05 00 - 0 - 00000002 -
-[r] 00 - 00000001 -
-[e] 01000188 00000002 0
-[f] 01000194 fc521ce3
-[d] 01000190 63 - 04 05 1 - ffffffd8 -
-[r] 04 05 00000000 00000000
-[e] 0100018c 00000002 0
-[w] 01000184 1 06 000f000f
-[f] 01000198 000f0eb7
-[d] 01000194 37 1d - - - - 000f0000 -
-[r] - - - -
-[e] 01000190 01000168 0
-[w] 01000188 1 04 00000002
-[f] 0100019c 00fe8e93
-[d] 01000198 13 1d 1d - 0 - 0000000f -
-[r] 1d - 00000000 -
-[e] 01000194 000f0000 0
-[w] 0100018c 1 05 00000002
-[f] 010001a0 00b00193
-[d] 0100019c 13 03 00 - 0 - 0000000b -
-[r] 00 - 00f000f0 -
-[e] 01000198 000f000f 0
-[f] 010001a4 31d31c63
-[d] 010001a0 63 - 06 1d 1 - 00000318 -
-[r] 06 1d 00000000 00000000
-[e] 0100019c 0000000b 0
-[w] 01000194 1 1d 000f0000
-[f] 010001a8 00000213
-[d] 010001a4 13 04 00 - 0 - 00000000 -
-[r] 00 - 000f000f -
-[e] 010001a0 010004b8 0
-[w] 01000198 1 1d 000f000f
-[f] 010001ac ff0100b7
-[d] 010001a8 37 01 - - - - ff010000 -
-[r] - - - -
-[e] 010001a4 00000000 0
-[w] 0100019c 1 03 0000000b
-[f] 010001b0 f0008093
-[d] 010001ac 13 01 01 - 0 - ffffff00 -
-[r] 01 - 00000000 -
-[e] 010001a8 ff010000 0
-[f] 010001b4 0f0f1137
-[d] 010001b0 37 02 - - - - 0f0f1000 -
-[r] - - - -
-[e] 010001ac ff00ff00 0
-[w] 010001a4 1 04 00000000
-[f] 010001b8 f0f10113
-[d] 010001b4 13 02 02 - 0 - ffffff0f -
-[r] 02 - 00000000 -
-[e] 010001b0 0f0f1000 0
-[w] 010001a8 1 01 ff010000
-[f] 010001bc 0020ff33
-[d] 010001b8 33 1e 01 02 7 00 - -
-[r] 01 02 0f0f0f0f 00000000
-[e] 010001b4 0f0f0f0f 0
-[w] 010001ac 1 01 ff00ff00
-[f] 010001bc 0020ff33
-[d] 010001b8 33 1e 01 02 7 00 - -
-[r] 01 02 ff010000 0f0f0f0f
-[e] 010001b8 ff010000 0
-[w] 010001b0 1 02 0f0f1000
-[f] 010001c0 00120213
-[d] 010001bc 13 04 04 - 0 - 00000001 -
-[r] 04 - ff00ff00 -
-[e] 010001b8 0f000f00 1
-[w] 010001b4 1 02 0f0f0f0f
-[f] 010001c4 00200293
-[d] 010001c0 13 05 00 - 0 - 00000002 -
-[r] 00 - 00000000 -
-[e] 010001bc 00000001 0
-[f] 010001c8 fe5212e3
-[d] 010001c4 63 - 04 05 1 - ffffffe4 -
-[r] 04 05 00000000 00000000
-[e] 010001c0 00000002 0
-[w] 010001b8 1 1e 0f000f00
-[f] 010001cc 0f001eb7
-[d] 010001c8 37 1d - - - - 0f001000 -
-[r] - - - -
-[e] 010001c4 010001a8 1
-[w] 010001bc 1 04 00000001
-[f] 010001ac ff0100b7
-[d] 010001a8 37 01 - - - - ff010000 -
-[r] - - - -
-[f] 010001b0 f0008093
-[d] 010001ac 13 01 01 - 0 - ffffff00 -
-[r] 01 - 00000000 -
-[e] 010001a8 ff010000 0
-[f] 010001b4 0f0f1137
-[d] 010001b0 37 02 - - - - 0f0f1000 -
-[r] - - - -
-[e] 010001ac ff00ff00 0
-[f] 010001b8 f0f10113
-[d] 010001b4 13 02 02 - 0 - ffffff0f -
-[r] 02 - 00000000 -
-[e] 010001b0 0f0f1000 0
-[w] 010001a8 1 01 ff010000
-[f] 010001bc 0020ff33
-[d] 010001b8 33 1e 01 02 7 00 - -
-[r] 01 02 0f0f0f0f 00000000
-[e] 010001b4 0f0f0f0f 0
-[w] 010001ac 1 01 ff00ff00
-[f] 010001bc 0020ff33
-[d] 010001b8 33 1e 01 02 7 00 - -
-[r] 01 02 ff010000 0f0f0f0f
-[e] 010001b8 ff010000 0
-[w] 010001b0 1 02 0f0f1000
-[f] 010001c0 00120213
-[d] 010001bc 13 04 04 - 0 - 00000001 -
-[r] 04 - ff00ff00 -
-[e] 010001b8 0f000f00 1
-[w] 010001b4 1 02 0f0f0f0f
-[f] 010001c4 00200293
-[d] 010001c0 13 05 00 - 0 - 00000002 -
-[r] 00 - 00000001 -
-[e] 010001bc 00000002 0
-[f] 010001c8 fe5212e3
-[d] 010001c4 63 - 04 05 1 - ffffffe4 -
-[r] 04 05 00000000 00000000
-[e] 010001c0 00000002 0
-[w] 010001b8 1 1e 0f000f00
-[f] 010001cc 0f001eb7
-[d] 010001c8 37 1d - - - - 0f001000 -
-[r] - - - -
-[e] 010001c4 010001a8 0
-[w] 010001bc 1 04 00000002
-[f] 010001d0 f00e8e93
-[d] 010001cc 13 1d 1d - 0 - ffffff00 -
-[r] 1d - 00000000 -
-[e] 010001c8 0f001000 0
-[w] 010001c0 1 05 00000002
-[f] 010001d4 00c00193
-[d] 010001d0 13 03 00 - 0 - 0000000c -
-[r] 00 - 000f000f -
-[e] 010001cc 0f000f00 0
-[f] 010001d8 2fdf1263
-[d] 010001d4 63 - 1e 1d 1 - 000002e4 -
-[r] 1e 1d 00000000 00000000
-[e] 010001d0 0000000c 0
-[w] 010001c8 1 1d 0f001000
-[f] 010001dc 00000213
-[d] 010001d8 13 04 00 - 0 - 00000000 -
-[r] 00 - 0f000f00 -
-[e] 010001d4 010004b8 0
-[w] 010001cc 1 1d 0f000f00
-[f] 010001e0 0ff010b7
-[d] 010001dc 37 01 - - - - 0ff01000 -
-[r] - - - -
-[e] 010001d8 00000000 0
-[w] 010001d0 1 03 0000000c
-[f] 010001e4 ff008093
-[d] 010001e0 13 01 01 - 0 - fffffff0 -
-[r] 01 - 00000000 -
-[e] 010001dc 0ff01000 0
-[f] 010001e8 f0f0f137
-[d] 010001e4 37 02 - - - - f0f0f000 -
-[r] - - - -
-[e] 010001e0 0ff00ff0 0
-[w] 010001d8 1 04 00000000
-[f] 010001ec 0f010113
-[d] 010001e8 13 02 02 - 0 - 000000f0 -
-[r] 02 - 00000000 -
-[e] 010001e4 f0f0f000 1
-[w] 010001dc 1 01 0ff01000
-[f] 010001f4 0020ff33
-[d] 010001f0 33 1e 01 02 7 00 - -
-[r] 01 02 00000000 00000000
-[w] 010001e4 1 02 f0f0f000
-[f] 010001f8 00120213
-[d] 010001f4 13 04 04 - 0 - 00000001 -
-[r] 04 - 0ff00ff0 -
-[e] 010001f0 00f000f0 0
-[w] 010001e8 1 02 f0f0f0f0
-[f] 010001fc 00200293
-[d] 010001f8 13 05 00 - 0 - 00000002 -
-[r] 00 - 00000000 -
-[e] 010001f4 00000001 0
-[f] 01000200 fe5210e3
-[d] 010001fc 63 - 04 05 1 - ffffffe0 -
-[r] 04 05 00000000 00000000
-[e] 010001f8 00000002 0
-[w] 010001f0 1 1e 00f000f0
-[f] 01000204 00f00eb7
-[d] 01000200 37 1d - - - - 00f00000 -
-[r] - - - -
-[e] 010001fc 010001dc 1
-[w] 010001f4 1 04 00000001
-[f] 010001e0 0ff010b7
-[d] 010001dc 37 01 - - - - 0ff01000 -
-[r] - - - -
-[f] 010001e4 ff008093
-[d] 010001e0 13 01 01 - 0 - fffffff0 -
-[r] 01 - 00000000 -
-[e] 010001dc 0ff01000 0
-[f] 010001e8 f0f0f137
-[d] 010001e4 37 02 - - - - f0f0f000 -
-[r] - - - -
-[e] 010001e0 0ff00ff0 0
-[f] 010001ec 0f010113
-[d] 010001e8 13 02 02 - 0 - 000000f0 -
-[r] 02 - 00000000 -
-[e] 010001e4 f0f0f000 1
-[w] 010001dc 1 01 0ff01000
-[f] 010001f4 0020ff33
-[d] 010001f0 33 1e 01 02 7 00 - -
-[r] 01 02 00000000 00000000
-[w] 010001e4 1 02 f0f0f000
-[f] 010001f8 00120213
-[d] 010001f4 13 04 04 - 0 - 00000001 -
-[r] 04 - 0ff00ff0 -
-[e] 010001f0 00f000f0 0
-[w] 010001e8 1 02 f0f0f0f0
-[f] 010001fc 00200293
-[d] 010001f8 13 05 00 - 0 - 00000002 -
-[r] 00 - 00000001 -
-[e] 010001f4 00000002 0
-[f] 01000200 fe5210e3
-[d] 010001fc 63 - 04 05 1 - ffffffe0 -
-[r] 04 05 00000000 00000000
-[e] 010001f8 00000002 0
-[w] 010001f0 1 1e 00f000f0
-[f] 01000204 00f00eb7
-[d] 01000200 37 1d - - - - 00f00000 -
-[r] - - - -
-[e] 010001fc 010001dc 0
-[w] 010001f4 1 04 00000002
-[f] 01000208 0f0e8e93
-[d] 01000204 13 1d 1d - 0 - 000000f0 -
-[r] 1d - 00000000 -
-[e] 01000200 00f00000 0
-[w] 010001f8 1 05 00000002
-[f] 0100020c 00d00193
-[d] 01000208 13 03 00 - 0 - 0000000d -
-[r] 00 - 0f000f00 -
-[e] 01000204 00f000f0 0
-[f] 01000210 2bdf1663
-[d] 0100020c 63 - 1e 1d 1 - 000002ac -
-[r] 1e 1d 00000000 00000000
-[e] 01000208 0000000d 0
-[w] 01000200 1 1d 00f00000
-[f] 01000214 00000213
-[d] 01000210 13 04 00 - 0 - 00000000 -
-[r] 00 - 00f000f0 -
-[e] 0100020c 010004b8 0
-[w] 01000204 1 1d 00f000f0
-[f] 01000218 00ff00b7
-[d] 01000214 37 01 - - - - 00ff0000 -
-[r] - - - -
-[e] 01000210 00000000 0
-[w] 01000208 1 03 0000000d
-[f] 0100021c 0ff08093
-[d] 01000218 13 01 01 - 0 - 000000ff -
-[r] 01 - 00000000 -
-[e] 01000214 00ff0000 0
-[f] 01000220 0f0f1137
-[d] 0100021c 37 02 - - - - 0f0f1000 -
-[r] - - - -
-[e] 01000218 00ff00ff 0
-[w] 01000210 1 04 00000000
-[f] 01000224 f0f10113
-[d] 01000220 13 02 02 - 0 - ffffff0f -
-[r] 02 - 00000000 -
-[e] 0100021c 0f0f1000 0
-[w] 01000214 1 01 00ff0000
-[f] 01000230 0020ff33
-[d] 0100022c 33 1e 01 02 7 00 - -
-[r] 01 02 00000000 00000000
-[w] 01000220 1 02 0f0f0f0f
-[f] 01000230 0020ff33
-[d] 0100022c 33 1e 01 02 7 00 - -
-[r] 01 02 00ff00ff 0f0f1000
-[e] 0100022c 00ff00ff 0
-[f] 01000234 00120213
-[d] 01000230 13 04 04 - 0 - 00000001 -
-[r] 04 - 00ff00ff -
-[e] 0100022c 000f000f 0
-[f] 01000238 00200293
-[d] 01000234 13 05 00 - 0 - 00000002 -
-[r] 00 - 00000000 -
-[e] 01000230 00000001 0
-[f] 0100023c fc521ee3
-[d] 01000238 63 - 04 05 1 - ffffffdc -
-[r] 04 05 00000000 00000000
-[e] 01000234 00000002 0
-[w] 0100022c 1 1e 000f000f
-[f] 01000240 000f0eb7
-[d] 0100023c 37 1d - - - - 000f0000 -
-[r] - - - -
-[e] 01000238 01000214 1
-[w] 01000230 1 04 00000001
-[f] 01000218 00ff00b7
-[d] 01000214 37 01 - - - - 00ff0000 -
-[r] - - - -
-[f] 0100021c 0ff08093
-[d] 01000218 13 01 01 - 0 - 000000ff -
-[r] 01 - 00000000 -
-[e] 01000214 00ff0000 0
-[f] 01000220 0f0f1137
-[d] 0100021c 37 02 - - - - 0f0f1000 -
-[r] - - - -
-[e] 01000218 00ff00ff 0
-[f] 01000224 f0f10113
-[d] 01000220 13 02 02 - 0 - ffffff0f -
-[r] 02 - 00000000 -
-[e] 0100021c 0f0f1000 0
-[w] 01000214 1 01 00ff0000
-[f] 01000230 0020ff33
-[d] 0100022c 33 1e 01 02 7 00 - -
-[r] 01 02 00000000 00000000
-[w] 01000220 1 02 0f0f0f0f
-[f] 01000230 0020ff33
-[d] 0100022c 33 1e 01 02 7 00 - -
-[r] 01 02 00ff00ff 0f0f1000
-[e] 0100022c 00ff00ff 0
-[f] 01000234 00120213
-[d] 01000230 13 04 04 - 0 - 00000001 -
-[r] 04 - 00ff00ff -
-[e] 0100022c 000f000f 0
-[f] 01000238 00200293
-[d] 01000234 13 05 00 - 0 - 00000002 -
-[r] 00 - 00000001 -
-[e] 01000230 00000002 0
-[f] 0100023c fc521ee3
-[d] 01000238 63 - 04 05 1 - ffffffdc -
-[r] 04 05 00000000 00000000
-[e] 01000234 00000002 0
-[w] 0100022c 1 1e 000f000f
-[f] 01000240 000f0eb7
-[d] 0100023c 37 1d - - - - 000f0000 -
-[r] - - - -
-[e] 01000238 01000214 0
-[w] 01000230 1 04 00000002
-[f] 01000244 00fe8e93
-[d] 01000240 13 1d 1d - 0 - 0000000f -
-[r] 1d - 00000000 -
-[e] 0100023c 000f0000 0
-[w] 01000234 1 05 00000002
-[f] 01000248 00e00193
-[d] 01000244 13 03 00 - 0 - 0000000e -
-[r] 00 - 00f000f0 -
-[e] 01000240 000f000f 0
-[f] 0100024c 27df1863
-[d] 01000248 63 - 1e 1d 1 - 00000270 -
-[r] 1e 1d 00000000 00000000
-[e] 01000244 0000000e 0
-[w] 0100023c 1 1d 000f0000
-[f] 01000250 00000213
-[d] 0100024c 13 04 00 - 0 - 00000000 -
-[r] 00 - 000f000f -
-[e] 01000248 010004b8 0
-[w] 01000240 1 1d 000f000f
-[f] 01000254 ff0100b7
-[d] 01000250 37 01 - - - - ff010000 -
-[r] - - - -
-[e] 0100024c 00000000 0
-[w] 01000244 1 03 0000000e
-[f] 01000258 f0008093
-[d] 01000254 13 01 01 - 0 - ffffff00 -
-[r] 01 - 00000000 -
-[e] 01000250 ff010000 0
-[f] 01000260 0f0f1137
-[d] 0100025c 37 02 - - - - 0f0f1000 -
-[r] - - - -
-[w] 01000250 1 01 ff010000
-[f] 01000264 f0f10113
-[d] 01000260 13 02 02 - 0 - ffffff0f -
-[r] 02 - 00000000 -
-[e] 0100025c 0f0f1000 0
-[w] 01000254 1 01 ff00ff00
-[f] 01000268 0020ff33
-[d] 01000264 33 1e 01 02 7 00 - -
-[r] 01 02 0f0f0f0f 00000000
-[e] 01000260 0f0f0f0f 0
-[f] 0100026c 00120213
-[d] 01000268 13 04 04 - 0 - 00000001 -
-[r] 04 - ff00ff00 -
-[e] 01000264 0f000f00 1
-[w] 0100025c 1 02 0f0f1000
-[f] 01000270 00200293
-[d] 0100026c 13 05 00 - 0 - 00000002 -
-[r] 00 - 00000000 -
-[e] 01000268 00000001 0
-[w] 01000260 1 02 0f0f0f0f
-[f] 01000274 fe5210e3
-[d] 01000270 63 - 04 05 1 - ffffffe0 -
-[r] 04 05 00000000 00000000
-[e] 0100026c 00000002 0
-[w] 01000264 1 1e 0f000f00
-[f] 01000278 0f001eb7
-[d] 01000274 37 1d - - - - 0f001000 -
-[r] - - - -
-[e] 01000270 01000250 1
-[w] 01000268 1 04 00000001
-[f] 01000254 ff0100b7
-[d] 01000250 37 01 - - - - ff010000 -
-[r] - - - -
-[f] 01000258 f0008093
-[d] 01000254 13 01 01 - 0 - ffffff00 -
-[r] 01 - 00000000 -
-[e] 01000250 ff010000 0
-[f] 01000260 0f0f1137
-[d] 0100025c 37 02 - - - - 0f0f1000 -
-[r] - - - -
-[w] 01000250 1 01 ff010000
-[f] 01000264 f0f10113
-[d] 01000260 13 02 02 - 0 - ffffff0f -
-[r] 02 - 00000000 -
-[e] 0100025c 0f0f1000 0
-[w] 01000254 1 01 ff00ff00
-[f] 01000268 0020ff33
-[d] 01000264 33 1e 01 02 7 00 - -
-[r] 01 02 0f0f0f0f 00000000
-[e] 01000260 0f0f0f0f 0
-[f] 0100026c 00120213
-[d] 01000268 13 04 04 - 0 - 00000001 -
-[r] 04 - ff00ff00 -
-[e] 01000264 0f000f00 1
-[w] 0100025c 1 02 0f0f1000
-[f] 01000270 00200293
-[d] 0100026c 13 05 00 - 0 - 00000002 -
-[r] 00 - 00000001 -
-[e] 01000268 00000002 0
-[w] 01000260 1 02 0f0f0f0f
-[f] 01000274 fe5210e3
-[d] 01000270 63 - 04 05 1 - ffffffe0 -
-[r] 04 05 00000000 00000000
-[e] 0100026c 00000002 0
-[w] 01000264 1 1e 0f000f00
-[f] 01000278 0f001eb7
-[d] 01000274 37 1d - - - - 0f001000 -
-[r] - - - -
-[e] 01000270 01000250 0
-[w] 01000268 1 04 00000002
-[f] 0100027c f00e8e93
-[d] 01000278 13 1d 1d - 0 - ffffff00 -
-[r] 1d - 00000000 -
-[e] 01000274 0f001000 0
-[w] 0100026c 1 05 00000002
-[f] 01000280 00f00193
-[d] 0100027c 13 03 00 - 0 - 0000000f -
-[r] 00 - 000f000f -
-[e] 01000278 0f000f00 0
-[f] 01000284 23df1c63
-[d] 01000280 63 - 1e 1d 1 - 00000238 -
-[r] 1e 1d 00000000 00000000
-[e] 0100027c 0000000f 0
-[w] 01000274 1 1d 0f001000
-[f] 01000288 00000213
-[d] 01000284 13 04 00 - 0 - 00000000 -
-[r] 00 - 0f000f00 -
-[e] 01000280 010004b8 0
-[w] 01000278 1 1d 0f000f00
-[f] 0100028c 0ff010b7
-[d] 01000288 37 01 - - - - 0ff01000 -
-[r] - - - -
-[e] 01000284 00000000 0
-[w] 0100027c 1 03 0000000f
-[f] 01000290 ff008093
-[d] 0100028c 13 01 01 - 0 - fffffff0 -
-[r] 01 - 00000000 -
-[e] 01000288 0ff01000 0
-[f] 01000298 f0f0f137
-[d] 01000294 37 02 - - - - f0f0f000 -
-[r] - - - -
-[w] 01000288 1 01 0ff01000
-[f] 0100029c 0f010113
-[d] 01000298 13 02 02 - 0 - 000000f0 -
-[r] 02 - 00000000 -
-[e] 01000294 f0f0f000 1
-[w] 0100028c 1 01 0ff00ff0
-[f] 010002a4 0020ff33
-[d] 010002a0 33 1e 01 02 7 00 - -
-[r] 01 02 00000000 00000000
-[w] 01000294 1 02 f0f0f000
-[f] 010002a8 00120213
-[d] 010002a4 13 04 04 - 0 - 00000001 -
-[r] 04 - 0ff00ff0 -
-[e] 010002a0 00f000f0 0
-[w] 01000298 1 02 f0f0f0f0
-[f] 010002ac 00200293
-[d] 010002a8 13 05 00 - 0 - 00000002 -
-[r] 00 - 00000000 -
-[e] 010002a4 00000001 0
-[f] 010002b0 fc521ee3
-[d] 010002ac 63 - 04 05 1 - ffffffdc -
-[r] 04 05 00000000 00000000
-[e] 010002a8 00000002 0
-[w] 010002a0 1 1e 00f000f0
-[f] 010002b4 00f00eb7
-[d] 010002b0 37 1d - - - - 00f00000 -
-[r] - - - -
-[e] 010002ac 01000288 1
-[w] 010002a4 1 04 00000001
-[f] 0100028c 0ff010b7
-[d] 01000288 37 01 - - - - 0ff01000 -
-[r] - - - -
-[f] 01000290 ff008093
-[d] 0100028c 13 01 01 - 0 - fffffff0 -
-[r] 01 - 00000000 -
-[e] 01000288 0ff01000 0
-[f] 01000298 f0f0f137
-[d] 01000294 37 02 - - - - f0f0f000 -
-[r] - - - -
-[w] 01000288 1 01 0ff01000
-[f] 0100029c 0f010113
-[d] 01000298 13 02 02 - 0 - 000000f0 -
-[r] 02 - 00000000 -
-[e] 01000294 f0f0f000 1
-[w] 0100028c 1 01 0ff00ff0
-[f] 010002a4 0020ff33
-[d] 010002a0 33 1e 01 02 7 00 - -
-[r] 01 02 00000000 00000000
-[w] 01000294 1 02 f0f0f000
-[f] 010002a8 00120213
-[d] 010002a4 13 04 04 - 0 - 00000001 -
-[r] 04 - 0ff00ff0 -
-[e] 010002a0 00f000f0 0
-[w] 01000298 1 02 f0f0f0f0
-[f] 010002ac 00200293
-[d] 010002a8 13 05 00 - 0 - 00000002 -
-[r] 00 - 00000001 -
-[e] 010002a4 00000002 0
-[f] 010002b0 fc521ee3
-[d] 010002ac 63 - 04 05 1 - ffffffdc -
-[r] 04 05 00000000 00000000
-[e] 010002a8 00000002 0
-[w] 010002a0 1 1e 00f000f0
-[f] 010002b4 00f00eb7
-[d] 010002b0 37 1d - - - - 00f00000 -
-[r] - - - -
-[e] 010002ac 01000288 0
-[w] 010002a4 1 04 00000002
-[f] 010002b8 0f0e8e93
-[d] 010002b4 13 1d 1d - 0 - 000000f0 -
-[r] 1d - 00000000 -
-[e] 010002b0 00f00000 0
-[w] 010002a8 1 05 00000002
-[f] 010002bc 01000193
-[d] 010002b8 13 03 00 - 0 - 00000010 -
-[r] 00 - 0f000f00 -
-[e] 010002b4 00f000f0 0
-[f] 010002c0 1fdf1e63
-[d] 010002bc 63 - 1e 1d 1 - 000001fc -
-[r] 1e 1d 00000000 00000000
-[e] 010002b8 00000010 0
-[w] 010002b0 1 1d 00f00000
-[f] 010002c4 00000213
-[d] 010002c0 13 04 00 - 0 - 00000000 -
-[r] 00 - 00f000f0 -
-[e] 010002bc 010004b8 0
-[w] 010002b4 1 1d 00f000f0
-[f] 010002c8 00ff00b7
-[d] 010002c4 37 01 - - - - 00ff0000 -
-[r] - - - -
-[e] 010002c0 00000000 0
-[w] 010002b8 1 03 00000010
-[f] 010002cc 0ff08093
-[d] 010002c8 13 01 01 - 0 - 000000ff -
-[r] 01 - 00000000 -
-[e] 010002c4 00ff0000 0
-[f] 010002d8 0f0f1137
-[d] 010002d4 37 02 - - - - 0f0f1000 -
-[r] - - - -
-[w] 010002c8 1 01 00ff00ff
-[f] 010002dc f0f10113
-[d] 010002d8 13 02 02 - 0 - ffffff0f -
-[r] 02 - 00000000 -
-[e] 010002d4 0f0f1000 0
-[f] 010002e0 0020ff33
-[d] 010002dc 33 1e 01 02 7 00 - -
-[r] 01 02 f0f0f0f0 00000000
-[e] 010002d8 0f0f0f0f 0
-[f] 010002e4 00120213
-[d] 010002e0 13 04 04 - 0 - 00000001 -
-[r] 04 - 00ff00ff -
-[e] 010002dc 000f000f 0
-[w] 010002d4 1 02 0f0f1000
-[f] 010002e8 00200293
-[d] 010002e4 13 05 00 - 0 - 00000002 -
-[r] 00 - 00000000 -
-[e] 010002e0 00000001 0
-[w] 010002d8 1 02 0f0f0f0f
-[f] 010002ec fc521ee3
-[d] 010002e8 63 - 04 05 1 - ffffffdc -
-[r] 04 05 00000000 00000000
-[e] 010002e4 00000002 0
-[w] 010002dc 1 1e 000f000f
-[f] 010002f0 000f0eb7
-[d] 010002ec 37 1d - - - - 000f0000 -
-[r] - - - -
-[e] 010002e8 010002c4 1
-[w] 010002e0 1 04 00000001
-[f] 010002c8 00ff00b7
-[d] 010002c4 37 01 - - - - 00ff0000 -
-[r] - - - -
-[f] 010002cc 0ff08093
-[d] 010002c8 13 01 01 - 0 - 000000ff -
-[r] 01 - 00000000 -
-[e] 010002c4 00ff0000 0
-[f] 010002d8 0f0f1137
-[d] 010002d4 37 02 - - - - 0f0f1000 -
-[r] - - - -
-[w] 010002c8 1 01 00ff00ff
-[f] 010002dc f0f10113
-[d] 010002d8 13 02 02 - 0 - ffffff0f -
-[r] 02 - 00000000 -
-[e] 010002d4 0f0f1000 0
-[f] 010002e0 0020ff33
-[d] 010002dc 33 1e 01 02 7 00 - -
-[r] 01 02 0f0f0f0f 00000000
-[e] 010002d8 0f0f0f0f 0
-[f] 010002e4 00120213
-[d] 010002e0 13 04 04 - 0 - 00000001 -
-[r] 04 - 00ff00ff -
-[e] 010002dc 000f000f 0
-[w] 010002d4 1 02 0f0f1000
-[f] 010002e8 00200293
-[d] 010002e4 13 05 00 - 0 - 00000002 -
-[r] 00 - 00000001 -
-[e] 010002e0 00000002 0
-[w] 010002d8 1 02 0f0f0f0f
-[f] 010002ec fc521ee3
-[d] 010002e8 63 - 04 05 1 - ffffffdc -
-[r] 04 05 00000000 00000000
-[e] 010002e4 00000002 0
-[w] 010002dc 1 1e 000f000f
-[f] 010002f0 000f0eb7
-[d] 010002ec 37 1d - - - - 000f0000 -
-[r] - - - -
-[e] 010002e8 010002c4 0
-[w] 010002e0 1 04 00000002
-[f] 010002f4 00fe8e93
-[d] 010002f0 13 1d 1d - 0 - 0000000f -
-[r] 1d - 00000000 -
-[e] 010002ec 000f0000 0
-[w] 010002e4 1 05 00000002
-[f] 010002f8 01100193
-[d] 010002f4 13 03 00 - 0 - 00000011 -
-[r] 00 - 00f000f0 -
-[e] 010002f0 000f000f 0
-[f] 010002fc 1ddf1063
-[d] 010002f8 63 - 1e 1d 1 - 000001c0 -
-[r] 1e 1d 00000000 00000000
-[e] 010002f4 00000011 0
-[w] 010002ec 1 1d 000f0000
-[f] 01000300 00000213
-[d] 010002fc 13 04 00 - 0 - 00000000 -
-[r] 00 - 000f000f -
-[e] 010002f8 010004b8 0
-[w] 010002f0 1 1d 000f000f
-[f] 01000304 0f0f1137
-[d] 01000300 37 02 - - - - 0f0f1000 -
-[r] - - - -
-[e] 010002fc 00000000 0
-[w] 010002f4 1 03 00000011
-[f] 01000308 f0f10113
-[d] 01000304 13 02 02 - 0 - ffffff0f -
-[r] 02 - 00000000 -
-[e] 01000300 0f0f1000 0
-[f] 0100030c ff0100b7
-[d] 01000308 37 01 - - - - ff010000 -
-[r] - - - -
-[e] 01000304 0f0f0f0f 0
-[w] 010002fc 1 04 00000000
-[f] 01000310 f0008093
-[d] 0100030c 13 01 01 - 0 - ffffff00 -
-[r] 01 - 00000000 -
-[e] 01000308 ff010000 0
-[w] 01000300 1 02 0f0f1000
-[f] 01000314 0020ff33
-[d] 01000310 33 1e 01 02 7 00 - -
-[r] 01 02 00ff00ff 00000000
-[e] 0100030c ff00ff00 0
-[w] 01000304 1 02 0f0f0f0f
-[f] 01000314 0020ff33
-[d] 01000310 33 1e 01 02 7 00 - -
-[r] 01 02 00ff00ff 0f0f1000
-[e] 01000310 00ff00ff 0
-[w] 01000308 1 01 ff010000
-[f] 01000318 00120213
-[d] 01000314 13 04 04 - 0 - 00000001 -
-[r] 04 - 00ff00ff -
-[e] 01000310 0f000f00 1
-[w] 0100030c 1 01 ff00ff00
-[f] 0100031c 00200293
-[d] 01000318 13 05 00 - 0 - 00000002 -
-[r] 00 - 00000000 -
-[e] 01000314 00000001 0
-[f] 01000320 fe5212e3
-[d] 0100031c 63 - 04 05 1 - ffffffe4 -
-[r] 04 05 00000000 00000000
-[e] 01000318 00000002 0
-[w] 01000310 1 1e 0f000f00
-[f] 01000324 0f001eb7
-[d] 01000320 37 1d - - - - 0f001000 -
-[r] - - - -
-[e] 0100031c 01000300 1
-[w] 01000314 1 04 00000001
-[f] 01000304 0f0f1137
-[d] 01000300 37 02 - - - - 0f0f1000 -
-[r] - - - -
-[f] 01000308 f0f10113
-[d] 01000304 13 02 02 - 0 - ffffff0f -
-[r] 02 - 00000000 -
-[e] 01000300 0f0f1000 0
-[f] 0100030c ff0100b7
-[d] 01000308 37 01 - - - - ff010000 -
-[r] - - - -
-[e] 01000304 0f0f0f0f 0
-[f] 01000310 f0008093
-[d] 0100030c 13 01 01 - 0 - ffffff00 -
-[r] 01 - 00000000 -
-[e] 01000308 ff010000 0
-[w] 01000300 1 02 0f0f1000
-[f] 01000314 0020ff33
-[d] 01000310 33 1e 01 02 7 00 - -
-[r] 01 02 ff00ff00 00000000
-[e] 0100030c ff00ff00 0
-[w] 01000304 1 02 0f0f0f0f
-[f] 01000314 0020ff33
-[d] 01000310 33 1e 01 02 7 00 - -
-[r] 01 02 ff00ff00 0f0f1000
-[e] 01000310 ff00ff00 0
-[w] 01000308 1 01 ff010000
-[f] 01000318 00120213
-[d] 01000314 13 04 04 - 0 - 00000001 -
-[r] 04 - ff00ff00 -
-[e] 01000310 0f000f00 1
-[w] 0100030c 1 01 ff00ff00
-[f] 0100031c 00200293
-[d] 01000318 13 05 00 - 0 - 00000002 -
-[r] 00 - 00000001 -
-[e] 01000314 00000002 0
-[f] 01000320 fe5212e3
-[d] 0100031c 63 - 04 05 1 - ffffffe4 -
-[r] 04 05 00000000 00000000
-[e] 01000318 00000002 0
-[w] 01000310 1 1e 0f000f00
-[f] 01000324 0f001eb7
-[d] 01000320 37 1d - - - - 0f001000 -
-[r] - - - -
-[e] 0100031c 01000300 0
-[w] 01000314 1 04 00000002
-[f] 01000328 f00e8e93
-[d] 01000324 13 1d 1d - 0 - ffffff00 -
-[r] 1d - 00000000 -
-[e] 01000320 0f001000 0
-[w] 01000318 1 05 00000002
-[f] 0100032c 01200193
-[d] 01000328 13 03 00 - 0 - 00000012 -
-[r] 00 - 000f000f -
-[e] 01000324 0f000f00 0
-[f] 01000330 19df1663
-[d] 0100032c 63 - 1e 1d 1 - 0000018c -
-[r] 1e 1d 00000000 00000000
-[e] 01000328 00000012 0
-[w] 01000320 1 1d 0f001000
-[f] 01000334 00000213
-[d] 01000330 13 04 00 - 0 - 00000000 -
-[r] 00 - 0f000f00 -
-[e] 0100032c 010004b8 0
-[w] 01000324 1 1d 0f000f00
-[f] 01000338 f0f0f137
-[d] 01000334 37 02 - - - - f0f0f000 -
-[r] - - - -
-[e] 01000330 00000000 0
-[w] 01000328 1 03 00000012
-[f] 0100033c 0f010113
-[d] 01000338 13 02 02 - 0 - 000000f0 -
-[r] 02 - 00000000 -
-[e] 01000334 f0f0f000 1
-[f] 01000340 0ff010b7
-[d] 0100033c 37 01 - - - - 0ff01000 -
-[r] - - - -
-[e] 01000338 f0f0f0f0 0
-[w] 01000330 1 04 00000000
-[f] 01000344 ff008093
-[d] 01000340 13 01 01 - 0 - fffffff0 -
-[r] 01 - 00000000 -
-[e] 0100033c 0ff01000 0
-[w] 01000334 1 02 f0f0f000
-[f] 0100034c 0020ff33
-[d] 01000348 33 1e 01 02 7 00 - -
-[r] 01 02 00000000 00000000
-[w] 0100033c 1 01 0ff01000
-[f] 01000350 00120213
-[d] 0100034c 13 04 04 - 0 - 00000001 -
-[r] 04 - ff00ff00 -
-[e] 01000348 00f000f0 0
-[w] 01000340 1 01 0ff00ff0
-[f] 01000354 00200293
-[d] 01000350 13 05 00 - 0 - 00000002 -
-[r] 00 - 00000000 -
-[e] 0100034c 00000001 0
-[f] 01000358 fe5210e3
-[d] 01000354 63 - 04 05 1 - ffffffe0 -
-[r] 04 05 00000000 00000000
-[e] 01000350 00000002 0
-[w] 01000348 1 1e 00f000f0
-[f] 0100035c 00f00eb7
-[d] 01000358 37 1d - - - - 00f00000 -
-[r] - - - -
-[e] 01000354 01000334 1
-[w] 0100034c 1 04 00000001
-[f] 01000338 f0f0f137
-[d] 01000334 37 02 - - - - f0f0f000 -
-[r] - - - -
-[f] 0100033c 0f010113
-[d] 01000338 13 02 02 - 0 - 000000f0 -
-[r] 02 - 00000000 -
-[e] 01000334 f0f0f000 1
-[f] 01000340 0ff010b7
-[d] 0100033c 37 01 - - - - 0ff01000 -
-[r] - - - -
-[e] 01000338 f0f0f0f0 0
-[f] 01000344 ff008093
-[d] 01000340 13 01 01 - 0 - fffffff0 -
-[r] 01 - 00000000 -
-[e] 0100033c 0ff01000 0
-[w] 01000334 1 02 f0f0f000
-[f] 0100034c 0020ff33
-[d] 01000348 33 1e 01 02 7 00 - -
-[r] 01 02 00000000 00000000
-[w] 0100033c 1 01 0ff01000
-[f] 01000350 00120213
-[d] 0100034c 13 04 04 - 0 - 00000001 -
-[r] 04 - 0ff00ff0 -
-[e] 01000348 00f000f0 0
-[w] 01000340 1 01 0ff00ff0
-[f] 01000354 00200293
-[d] 01000350 13 05 00 - 0 - 00000002 -
-[r] 00 - 00000001 -
-[e] 0100034c 00000002 0
-[f] 01000358 fe5210e3
-[d] 01000354 63 - 04 05 1 - ffffffe0 -
-[r] 04 05 00000000 00000000
-[e] 01000350 00000002 0
-[w] 01000348 1 1e 00f000f0
-[f] 0100035c 00f00eb7
-[d] 01000358 37 1d - - - - 00f00000 -
-[r] - - - -
-[e] 01000354 01000334 0
-[w] 0100034c 1 04 00000002
-[f] 01000360 0f0e8e93
-[d] 0100035c 13 1d 1d - 0 - 000000f0 -
-[r] 1d - 00000000 -
-[e] 01000358 00f00000 0
-[w] 01000350 1 05 00000002
-[f] 01000364 01300193
-[d] 01000360 13 03 00 - 0 - 00000013 -
-[r] 00 - 0f000f00 -
-[e] 0100035c 00f000f0 0
-[f] 01000368 15df1a63
-[d] 01000364 63 - 1e 1d 1 - 00000154 -
-[r] 1e 1d 00000000 00000000
-[e] 01000360 00000013 0
-[w] 01000358 1 1d 00f00000
-[f] 0100036c 00000213
-[d] 01000368 13 04 00 - 0 - 00000000 -
-[r] 00 - 00f000f0 -
-[e] 01000364 010004b8 0
-[w] 0100035c 1 1d 00f000f0
-[f] 01000370 0f0f1137
-[d] 0100036c 37 02 - - - - 0f0f1000 -
-[r] - - - -
-[e] 01000368 00000000 0
-[w] 01000360 1 03 00000013
-[f] 01000374 f0f10113
-[d] 01000370 13 02 02 - 0 - ffffff0f -
-[r] 02 - 00000000 -
-[e] 0100036c 0f0f1000 0
-[f] 01000378 00ff00b7
-[d] 01000374 37 01 - - - - 00ff0000 -
-[r] - - - -
-[e] 01000370 0f0f0f0f 0
-[w] 01000368 1 04 00000000
-[f] 0100037c 0ff08093
-[d] 01000378 13 01 01 - 0 - 000000ff -
-[r] 01 - 00000000 -
-[e] 01000374 00ff0000 0
-[w] 0100036c 1 02 0f0f1000
-[f] 01000388 0020ff33
-[d] 01000384 33 1e 01 02 7 00 - -
-[r] 01 02 00000000 00000000
-[w] 01000378 1 01 00ff00ff
-[f] 01000388 0020ff33
-[d] 01000384 33 1e 01 02 7 00 - -
-[r] 01 02 00ff0000 0f0f0f0f
-[e] 01000384 00ff0000 0
-[f] 0100038c 00120213
-[d] 01000388 13 04 04 - 0 - 00000001 -
-[r] 04 - 00ff00ff -
-[e] 01000384 000f000f 0
-[f] 01000390 00200293
-[d] 0100038c 13 05 00 - 0 - 00000002 -
-[r] 00 - 00000000 -
-[e] 01000388 00000001 0
-[f] 01000394 fc521ee3
-[d] 01000390 63 - 04 05 1 - ffffffdc -
-[r] 04 05 00000000 00000000
-[e] 0100038c 00000002 0
-[w] 01000384 1 1e 000f000f
-[f] 01000398 000f0eb7
-[d] 01000394 37 1d - - - - 000f0000 -
-[r] - - - -
-[e] 01000390 0100036c 1
-[w] 01000388 1 04 00000001
-[f] 01000370 0f0f1137
-[d] 0100036c 37 02 - - - - 0f0f1000 -
-[r] - - - -
-[f] 01000374 f0f10113
-[d] 01000370 13 02 02 - 0 - ffffff0f -
-[r] 02 - 00000000 -
-[e] 0100036c 0f0f1000 0
-[f] 01000378 00ff00b7
-[d] 01000374 37 01 - - - - 00ff0000 -
-[r] - - - -
-[e] 01000370 0f0f0f0f 0
-[f] 0100037c 0ff08093
-[d] 01000378 13 01 01 - 0 - 000000ff -
-[r] 01 - 00000000 -
-[e] 01000374 00ff0000 0
-[w] 0100036c 1 02 0f0f1000
-[f] 01000388 0020ff33
-[d] 01000384 33 1e 01 02 7 00 - -
-[r] 01 02 00000000 00000000
-[w] 01000378 1 01 00ff00ff
-[f] 01000388 0020ff33
-[d] 01000384 33 1e 01 02 7 00 - -
-[r] 01 02 00ff0000 0f0f0f0f
-[e] 01000384 00ff0000 0
-[f] 0100038c 00120213
-[d] 01000388 13 04 04 - 0 - 00000001 -
-[r] 04 - 00ff00ff -
-[e] 01000384 000f000f 0
-[f] 01000390 00200293
-[d] 0100038c 13 05 00 - 0 - 00000002 -
-[r] 00 - 00000001 -
-[e] 01000388 00000002 0
-[f] 01000394 fc521ee3
-[d] 01000390 63 - 04 05 1 - ffffffdc -
-[r] 04 05 00000000 00000000
-[e] 0100038c 00000002 0
-[w] 01000384 1 1e 000f000f
-[f] 01000398 000f0eb7
-[d] 01000394 37 1d - - - - 000f0000 -
-[r] - - - -
-[e] 01000390 0100036c 0
-[w] 01000388 1 04 00000002
-[f] 0100039c 00fe8e93
-[d] 01000398 13 1d 1d - 0 - 0000000f -
-[r] 1d - 00000000 -
-[e] 01000394 000f0000 0
-[w] 0100038c 1 05 00000002
-[f] 010003a0 01400193
-[d] 0100039c 13 03 00 - 0 - 00000014 -
-[r] 00 - 00f000f0 -
-[e] 01000398 000f000f 0
-[f] 010003a4 11df1c63
-[d] 010003a0 63 - 1e 1d 1 - 00000118 -
-[r] 1e 1d 00000000 00000000
-[e] 0100039c 00000014 0
-[w] 01000394 1 1d 000f0000
-[f] 010003a8 00000213
-[d] 010003a4 13 04 00 - 0 - 00000000 -
-[r] 00 - 000f000f -
-[e] 010003a0 010004b8 0
-[w] 01000398 1 1d 000f000f
-[f] 010003ac 0f0f1137
-[d] 010003a8 37 02 - - - - 0f0f1000 -
-[r] - - - -
-[e] 010003a4 00000000 0
-[w] 0100039c 1 03 00000014
-[f] 010003b0 f0f10113
-[d] 010003ac 13 02 02 - 0 - ffffff0f -
-[r] 02 - 00000000 -
-[e] 010003a8 0f0f1000 0
-[f] 010003b8 ff0100b7
-[d] 010003b4 37 01 - - - - ff010000 -
-[r] - - - -
-[w] 010003a8 1 02 0f0f1000
-[f] 010003bc f0008093
-[d] 010003b8 13 01 01 - 0 - ffffff00 -
-[r] 01 - 00000000 -
-[e] 010003b4 ff010000 0
-[w] 010003ac 1 02 0f0f0f0f
-[f] 010003c0 0020ff33
-[d] 010003bc 33 1e 01 02 7 00 - -
-[r] 01 02 00ff00ff 00000000
-[e] 010003b8 ff00ff00 0
-[f] 010003c4 00120213
-[d] 010003c0 13 04 04 - 0 - 00000001 -
-[r] 04 - 00ff00ff -
-[e] 010003bc 0f000f00 1
-[w] 010003b4 1 01 ff010000
-[f] 010003c8 00200293
-[d] 010003c4 13 05 00 - 0 - 00000002 -
-[r] 00 - 00000000 -
-[e] 010003c0 00000001 0
-[w] 010003b8 1 01 ff00ff00
-[f] 010003cc fe5210e3
-[d] 010003c8 63 - 04 05 1 - ffffffe0 -
-[r] 04 05 00000000 00000000
-[e] 010003c4 00000002 0
-[w] 010003bc 1 1e 0f000f00
-[f] 010003d0 0f001eb7
-[d] 010003cc 37 1d - - - - 0f001000 -
-[r] - - - -
-[e] 010003c8 010003a8 1
-[w] 010003c0 1 04 00000001
-[f] 010003ac 0f0f1137
-[d] 010003a8 37 02 - - - - 0f0f1000 -
-[r] - - - -
-[f] 010003b0 f0f10113
-[d] 010003ac 13 02 02 - 0 - ffffff0f -
-[r] 02 - 00000000 -
-[e] 010003a8 0f0f1000 0
-[f] 010003b8 ff0100b7
-[d] 010003b4 37 01 - - - - ff010000 -
-[r] - - - -
-[w] 010003a8 1 02 0f0f1000
-[f] 010003bc f0008093
-[d] 010003b8 13 01 01 - 0 - ffffff00 -
-[r] 01 - 00000000 -
-[e] 010003b4 ff010000 0
-[w] 010003ac 1 02 0f0f0f0f
-[f] 010003c0 0020ff33
-[d] 010003bc 33 1e 01 02 7 00 - -
-[r] 01 02 ff00ff00 00000000
-[e] 010003b8 ff00ff00 0
-[f] 010003c4 00120213
-[d] 010003c0 13 04 04 - 0 - 00000001 -
-[r] 04 - ff00ff00 -
-[e] 010003bc 0f000f00 1
-[w] 010003b4 1 01 ff010000
-[f] 010003c8 00200293
-[d] 010003c4 13 05 00 - 0 - 00000002 -
-[r] 00 - 00000001 -
-[e] 010003c0 00000002 0
-[w] 010003b8 1 01 ff00ff00
-[f] 010003cc fe5210e3
-[d] 010003c8 63 - 04 05 1 - ffffffe0 -
-[r] 04 05 00000000 00000000
-[e] 010003c4 00000002 0
-[w] 010003bc 1 1e 0f000f00
-[f] 010003d0 0f001eb7
-[d] 010003cc 37 1d - - - - 0f001000 -
-[r] - - - -
-[e] 010003c8 010003a8 0
-[w] 010003c0 1 04 00000002
-[f] 010003d4 f00e8e93
-[d] 010003d0 13 1d 1d - 0 - ffffff00 -
-[r] 1d - 00000000 -
-[e] 010003cc 0f001000 0
-[w] 010003c4 1 05 00000002
-[f] 010003d8 01500193
-[d] 010003d4 13 03 00 - 0 - 00000015 -
-[r] 00 - 000f000f -
-[e] 010003d0 0f000f00 0
-[f] 010003dc 0fdf1063
-[d] 010003d8 63 - 1e 1d 1 - 000000e0 -
-[r] 1e 1d 00000000 00000000
-[e] 010003d4 00000015 0
-[w] 010003cc 1 1d 0f001000
-[f] 010003e0 00000213
-[d] 010003dc 13 04 00 - 0 - 00000000 -
-[r] 00 - 0f000f00 -
-[e] 010003d8 010004b8 0
-[w] 010003d0 1 1d 0f000f00
-[f] 010003e4 f0f0f137
-[d] 010003e0 37 02 - - - - f0f0f000 -
-[r] - - - -
-[e] 010003dc 00000000 0
-[w] 010003d4 1 03 00000015
-[f] 010003e8 0f010113
-[d] 010003e4 13 02 02 - 0 - 000000f0 -
-[r] 02 - 00000000 -
-[e] 010003e0 f0f0f000 1
-[f] 010003f0 0ff010b7
-[d] 010003ec 37 01 - - - - 0ff01000 -
-[r] - - - -
-[w] 010003e0 1 02 f0f0f000
-[f] 010003f4 ff008093
-[d] 010003f0 13 01 01 - 0 - fffffff0 -
-[r] 01 - 00000000 -
-[e] 010003ec 0ff01000 0
-[w] 010003e4 1 02 f0f0f0f0
-[f] 010003fc 0020ff33
-[d] 010003f8 33 1e 01 02 7 00 - -
-[r] 01 02 00000000 00000000
-[w] 010003ec 1 01 0ff01000
-[f] 01000400 00120213
-[d] 010003fc 13 04 04 - 0 - 00000001 -
-[r] 04 - ff00ff00 -
-[e] 010003f8 00f000f0 0
-[w] 010003f0 1 01 0ff00ff0
-[f] 01000404 00200293
-[d] 01000400 13 05 00 - 0 - 00000002 -
-[r] 00 - 00000000 -
-[e] 010003fc 00000001 0
-[f] 01000408 fc521ee3
-[d] 01000404 63 - 04 05 1 - ffffffdc -
-[r] 04 05 00000000 00000000
-[e] 01000400 00000002 0
-[w] 010003f8 1 1e 00f000f0
-[f] 0100040c 00f00eb7
-[d] 01000408 37 1d - - - - 00f00000 -
-[r] - - - -
-[e] 01000404 010003e0 1
-[w] 010003fc 1 04 00000001
-[f] 010003e4 f0f0f137
-[d] 010003e0 37 02 - - - - f0f0f000 -
-[r] - - - -
-[f] 010003e8 0f010113
-[d] 010003e4 13 02 02 - 0 - 000000f0 -
-[r] 02 - 00000000 -
-[e] 010003e0 f0f0f000 1
-[f] 010003f0 0ff010b7
-[d] 010003ec 37 01 - - - - 0ff01000 -
-[r] - - - -
-[w] 010003e0 1 02 f0f0f000
-[f] 010003f4 ff008093
-[d] 010003f0 13 01 01 - 0 - fffffff0 -
-[r] 01 - 00000000 -
-[e] 010003ec 0ff01000 0
-[w] 010003e4 1 02 f0f0f0f0
-[f] 010003fc 0020ff33
-[d] 010003f8 33 1e 01 02 7 00 - -
-[r] 01 02 00000000 00000000
-[w] 010003ec 1 01 0ff01000
-[f] 01000400 00120213
-[d] 010003fc 13 04 04 - 0 - 00000001 -
-[r] 04 - 0ff00ff0 -
-[e] 010003f8 00f000f0 0
-[w] 010003f0 1 01 0ff00ff0
-[f] 01000404 00200293
-[d] 01000400 13 05 00 - 0 - 00000002 -
-[r] 00 - 00000001 -
-[e] 010003fc 00000002 0
-[f] 01000408 fc521ee3
-[d] 01000404 63 - 04 05 1 - ffffffdc -
-[r] 04 05 00000000 00000000
-[e] 01000400 00000002 0
-[w] 010003f8 1 1e 00f000f0
-[f] 0100040c 00f00eb7
-[d] 01000408 37 1d - - - - 00f00000 -
-[r] - - - -
-[e] 01000404 010003e0 0
-[w] 010003fc 1 04 00000002
-[f] 01000410 0f0e8e93
-[d] 0100040c 13 1d 1d - 0 - 000000f0 -
-[r] 1d - 00000000 -
-[e] 01000408 00f00000 0
-[w] 01000400 1 05 00000002
-[f] 01000414 01600193
-[d] 01000410 13 03 00 - 0 - 00000016 -
-[r] 00 - 0f000f00 -
-[e] 0100040c 00f000f0 0
-[f] 01000418 0bdf1263
-[d] 01000414 63 - 1e 1d 1 - 000000a4 -
-[r] 1e 1d 00000000 00000000
-[e] 01000410 00000016 0
-[w] 01000408 1 1d 00f00000
-[f] 0100041c 00000213
-[d] 01000418 13 04 00 - 0 - 00000000 -
-[r] 00 - 00f000f0 -
-[e] 01000414 010004b8 0
-[w] 0100040c 1 1d 00f000f0
-[f] 01000420 0f0f1137
-[d] 0100041c 37 02 - - - - 0f0f1000 -
-[r] - - - -
-[e] 01000418 00000000 0
-[w] 01000410 1 03 00000016
-[f] 01000424 f0f10113
-[d] 01000420 13 02 02 - 0 - ffffff0f -
-[r] 02 - 00000000 -
-[e] 0100041c 0f0f1000 0
-[f] 01000430 00ff00b7
-[d] 0100042c 37 01 - - - - 00ff0000 -
-[r] - - - -
-[w] 01000420 1 02 0f0f0f0f
-[f] 01000434 0ff08093
-[d] 01000430 13 01 01 - 0 - 000000ff -
-[r] 01 - 00000000 -
-[e] 0100042c 00ff0000 0
-[f] 01000438 0020ff33
-[d] 01000434 33 1e 01 02 7 00 - -
-[r] 01 02 0ff00ff0 00000000
-[e] 01000430 00ff00ff 0
-[f] 0100043c 00120213
-[d] 01000438 13 04 04 - 0 - 00000001 -
-[r] 04 - 0ff00ff0 -
-[e] 01000434 000f000f 0
-[w] 0100042c 1 01 00ff0000
-[f] 01000440 00200293
-[d] 0100043c 13 05 00 - 0 - 00000002 -
-[r] 00 - 00000000 -
-[e] 01000438 00000001 0
-[w] 01000430 1 01 00ff00ff
-[f] 01000444 fc521ee3
-[d] 01000440 63 - 04 05 1 - ffffffdc -
-[r] 04 05 00000000 00000000
-[e] 0100043c 00000002 0
-[w] 01000434 1 1e 000f000f
-[f] 01000448 000f0eb7
-[d] 01000444 37 1d - - - - 000f0000 -
-[r] - - - -
-[e] 01000440 0100041c 1
-[w] 01000438 1 04 00000001
-[f] 01000420 0f0f1137
-[d] 0100041c 37 02 - - - - 0f0f1000 -
-[r] - - - -
-[f] 01000424 f0f10113
-[d] 01000420 13 02 02 - 0 - ffffff0f -
-[r] 02 - 00000000 -
-[e] 0100041c 0f0f1000 0
-[f] 01000430 00ff00b7
-[d] 0100042c 37 01 - - - - 00ff0000 -
-[r] - - - -
-[w] 01000420 1 02 0f0f0f0f
-[f] 01000434 0ff08093
-[d] 01000430 13 01 01 - 0 - 000000ff -
-[r] 01 - 00000000 -
-[e] 0100042c 00ff0000 0
-[f] 01000438 0020ff33
-[d] 01000434 33 1e 01 02 7 00 - -
-[r] 01 02 00ff00ff 00000000
-[e] 01000430 00ff00ff 0
-[f] 0100043c 00120213
-[d] 01000438 13 04 04 - 0 - 00000001 -
-[r] 04 - 00ff00ff -
-[e] 01000434 000f000f 0
-[w] 0100042c 1 01 00ff0000
-[f] 01000440 00200293
-[d] 0100043c 13 05 00 - 0 - 00000002 -
-[r] 00 - 00000001 -
-[e] 01000438 00000002 0
-[w] 01000430 1 01 00ff00ff
-[f] 01000444 fc521ee3
-[d] 01000440 63 - 04 05 1 - ffffffdc -
-[r] 04 05 00000000 00000000
-[e] 0100043c 00000002 0
-[w] 01000434 1 1e 000f000f
-[f] 01000448 000f0eb7
-[d] 01000444 37 1d - - - - 000f0000 -
-[r] - - - -
-[e] 01000440 0100041c 0
-[w] 01000438 1 04 00000002
-[f] 0100044c 00fe8e93
-[d] 01000448 13 1d 1d - 0 - 0000000f -
-[r] 1d - 00000000 -
-[e] 01000444 000f0000 0
-[w] 0100043c 1 05 00000002
-[f] 01000450 01700193
-[d] 0100044c 13 03 00 - 0 - 00000017 -
-[r] 00 - 00f000f0 -
-[e] 01000448 000f000f 0
-[f] 01000454 07df1463
-[d] 01000450 63 - 1e 1d 1 - 00000068 -
-[r] 1e 1d 00000000 00000000
-[e] 0100044c 00000017 0
-[w] 01000444 1 1d 000f0000
-[f] 01000458 ff0100b7
-[d] 01000454 37 01 - - - - ff010000 -
-[r] - - - -
-[e] 01000450 010004b8 0
-[w] 01000448 1 1d 000f000f
-[f] 0100045c f0008093
-[d] 01000458 13 01 01 - 0 - ffffff00 -
-[r] 01 - 00000000 -
-[e] 01000454 ff010000 0
-[w] 0100044c 1 03 00000017
-[f] 01000460 00107133
-[d] 0100045c 33 02 00 01 7 00 - -
-[r] 00 01 00ff00ff 00000000
-[e] 01000458 ff00ff00 0
-[f] 01000464 00000e93
-[d] 01000460 13 1d 00 - 0 - 00000000 -
-[r] 00 - 00000000 -
-[e] 0100045c 00000000 0
-[w] 01000454 1 01 ff010000
-[f] 01000468 01800193
-[d] 01000464 13 03 00 - 0 - 00000018 -
-[r] 00 - 00000000 -
-[e] 01000460 00000000 0
-[w] 01000458 1 01 ff00ff00
-[f] 0100046c 05d11863
-[d] 01000468 63 - 02 1d 1 - 00000050 -
-[r] 02 1d 00000000 00000000
-[e] 01000464 00000018 0
-[w] 0100045c 1 02 00000000
-[f] 0100046c 05d11863
-[d] 01000468 63 - 02 1d 1 - 00000050 -
-[r] 02 1d 0f0f0f0f 000f000f
-[e] 01000468 0f0f0f0f 0
-[w] 01000460 1 1d 00000000
-[f] 0100046c 05d11863
-[d] 01000468 63 - 02 1d 1 - 00000050 -
-[r] 02 1d 00000000 000f000f
-[e] 01000468 00000000 0
-[w] 01000464 1 03 00000018
-[f] 01000470 00ff00b7
-[d] 0100046c 37 01 - - - - 00ff0000 -
-[r] - - - -
-[e] 01000468 010004b8 0
-[f] 01000474 0ff08093
-[d] 01000470 13 01 01 - 0 - 000000ff -
-[r] 01 - 00000000 -
-[e] 0100046c 00ff0000 0
-[f] 01000478 0000f133
-[d] 01000474 33 02 01 00 7 00 - -
-[r] 01 00 ff00ff00 00000000
-[e] 01000470 00ff00ff 0
-[f] 0100047c 00000e93
-[d] 01000478 13 1d 00 - 0 - 00000000 -
-[r] 00 - ff00ff00 -
-[e] 01000474 00000000 1
-[w] 0100046c 1 01 00ff0000
-[f] 01000480 01900193
-[d] 0100047c 13 03 00 - 0 - 00000019 -
-[r] 00 - 00000000 -
-[e] 01000478 00000000 0
-[w] 01000470 1 01 00ff00ff
-[f] 01000484 03d11c63
-[d] 01000480 63 - 02 1d 1 - 00000038 -
-[r] 02 1d 00000000 00000000
-[e] 0100047c 00000019 0
-[w] 01000474 1 02 00000000
-[f] 01000484 03d11c63
-[d] 01000480 63 - 02 1d 1 - 00000038 -
-[r] 02 1d 00000000 00000000
-[e] 01000480 00000000 0
-[w] 01000478 1 1d 00000000
-[f] 01000484 03d11c63
-[d] 01000480 63 - 02 1d 1 - 00000038 -
-[r] 02 1d 00000000 00000000
-[e] 01000480 00000000 0
-[w] 0100047c 1 03 00000019
-[f] 01000488 000070b3
-[d] 01000484 33 01 00 00 7 00 - -
-[r] 00 00 00000000 00000000
-[e] 01000480 010004b8 0
-[f] 0100048c 00000e93
-[d] 01000488 13 1d 00 - 0 - 00000000 -
-[r] 00 - 00000000 -
-[e] 01000484 00000000 1
-[f] 01000490 01a00193
-[d] 0100048c 13 03 00 - 0 - 0000001a -
-[r] 00 - 00000000 -
-[e] 01000488 00000000 0
-[f] 01000494 03d09463
-[d] 01000490 63 - 01 1d 1 - 00000028 -
-[r] 01 1d 00000000 00000000
-[e] 0100048c 0000001a 0
-[w] 01000484 1 01 00000000
-[f] 01000494 03d09463
-[d] 01000490 63 - 01 1d 1 - 00000028 -
-[r] 01 1d 00ff00ff 00000000
-[e] 01000490 00ff00ff 0
-[w] 01000488 1 1d 00000000
-[f] 01000494 03d09463
-[d] 01000490 63 - 01 1d 1 - 00000028 -
-[r] 01 1d 00000000 00000000
-[e] 01000490 00000000 0
-[w] 0100048c 1 03 0000001a
-[f] 01000498 111110b7
-[d] 01000494 37 01 - - - - 11111000 -
-[r] - - - -
-[e] 01000490 010004b8 0
-[f] 0100049c 11108093
-[d] 01000498 13 01 01 - 0 - 00000111 -
-[r] 01 - 00000000 -
-[e] 01000494 11111000 0
-[f] 010004a0 22222137
-[d] 0100049c 37 02 - - - - 22222000 -
-[r] - - - -
-[e] 01000498 11111111 0
-[f] 010004a4 22210113
-[d] 010004a0 13 02 02 - 0 - 00000222 -
-[r] 02 - 00000000 -
-[e] 0100049c 22222000 0
-[w] 01000494 1 01 11111000
-[f] 010004a8 0020f033
-[d] 010004a4 33 00 01 02 7 00 - -
-[r] 01 02 00000000 00000000
-[e] 010004a0 22222222 0
-[w] 01000498 1 01 11111111
-[f] 010004a8 0020f033
-[d] 010004a4 33 00 01 02 7 00 - -
-[r] 01 02 11111000 00000000
-[e] 010004a4 11111000 0
-[w] 0100049c 1 02 22222000
-[f] 010004ac 00000e93
-[d] 010004a8 13 1d 00 - 0 - 00000000 -
-[r] 00 - 11111111 -
-[e] 010004a4 00000000 0
-[w] 010004a0 1 02 22222222
-[f] 010004b0 01b00193
-[d] 010004ac 13 03 00 - 0 - 0000001b -
-[r] 00 - 00000000 -
-[e] 010004a8 00000000 0
-[f] 010004b4 01d01463
-[d] 010004b0 63 - 00 1d 1 - 00000008 -
-[r] 00 1d 00000000 00000000
-[e] 010004ac 0000001b 0
-[f] 010004b8 00301c63
-[d] 010004b4 63 - 00 03 1 - 00000018 -
-[r] 00 03 00000000 00000000
-[e] 010004b0 010004b8 0
-[w] 010004a8 1 1d 00000000
-[f] 010004d4 00100193
-[d] 010004d0 13 03 00 - 0 - 00000001 -
-[r] 00 - 00000000 -
-[e] 010004cc 00000000 0
+[e] 0100008c 010004bc 1
+[f] 010004c0 00018063
+[d] 010004bc 37 02 - - - - 0f0f1000 -
+[r] - - - -
+[f] 010004c4 00119193
+[d] 010004c0 63 - 03 00 0 - 00000000 -
+[r] 03 00 00000000 00000000
+[e] 010004bc 0f0f1000 0
+[f] 010004c8 0011e193
+[d] 010004c4 13 03 03 - 1 - 00000000 -
+[r] 03 - 00000005 -
+[e] 010004c0 010004c0 1
