--- /tmp/tmp.qX0tiuVe9g	2025-11-28 17:09:54.697379420 -0500
+++ /tmp/tmp.GPQWEXyyry	2025-11-28 17:09:54.706379461 -0500
@@ -1,1909 +1,74 @@
-[f] 01000004 00000097
-[d] 01000000 17 01 - - - - 00000000 -
-[r] - - - -
 [f] 01000008 44408093
-[d] 01000004 13 01 01 - 0 - 00000444 -
-[r] 01 - 00000000 -
-[e] 01000000 01000000 0
+[d] 01000004 17 01 - - - - 00000000 -
+[r] - - - -
+[e] 01000000 00000000 0
 [f] 0100000c faa00113
-[d] 01000008 13 02 00 - 0 - ffffffaa -
-[r] 00 - 00000000 -
-[e] 01000004 01000444 0
+[d] 01000008 13 01 01 - 0 - 00000444 -
+[r] 01 - 00000000 -
+[e] 01000004 01000004 0
 [f] 01000010 00208023
-[d] 0100000c 23 - 01 02 0 - 00000000 -
+[d] 0100000c 13 02 00 - 0 - ffffffaa -
+[r] 00 - 00000000 -
+[e] 01000008 01000448 0
+[f] 01000014 00008f03
+[d] 01000010 23 - 01 02 0 - 00000000 -
 [r] 01 02 00000000 00000000
-[e] 01000008 ffffffaa 0
-[w] 01000000 1 01 01000000
+[e] 0100000c ffffffaa 0
+[w] 01000004 1 01 01000004
 [f] 01000014 00008f03
-[d] 01000010 03 1e 01 - 0 - 00000000 -
-[r] 01 - 00000000 -
-[e] 0100000c 01000444 0
-[w] 01000004 1 01 01000444
+[d] 01000010 23 - 01 02 0 - 00000000 -
+[r] 01 02 00000000 00000000
+[e] 01000010 00000000 0
+[w] 01000008 1 01 01000448
 [f] 01000014 00008f03
-[d] 01000010 03 1e 01 - 0 - 00000000 -
-[r] 01 - 01000000 -
-[e] 01000010 01000000 0
-[m] 0100000c 01000444 1 0 ffffffaa
-[w] 01000008 1 02 ffffffaa
+[d] 01000010 23 - 01 02 0 - 00000000 -
+[r] 01 02 01000004 00000000
+[e] 01000010 00000000 0
+[w] 0100000c 1 02 ffffffaa
+[f] 01000014 00008f03
+[d] 01000010 23 - 01 02 0 - 00000000 -
+[r] 01 02 01000448 00000000
+[e] 01000010 00000000 0
 [f] 01000018 faa00e93
-[d] 01000014 13 1d 00 - 0 - ffffffaa -
-[r] 00 - 01000444 -
-[e] 01000010 01000444 0
+[d] 01000014 03 1e 01 - 0 - 00000000 -
+[r] 01 - 01000448 -
+[e] 01000010 01000448 0
 [f] 0100001c 00200193
-[d] 01000018 13 03 00 - 0 - 00000002 -
-[r] 00 - 00000000 -
-[e] 01000014 ffffffaa 0
+[d] 01000018 13 1d 00 - 0 - ffffffaa -
+[r] 00 - 01000448 -
+[e] 01000014 01000448 0
+[m] 01000010 01000448 1 0 00000000
 [f] 01000020 3ddf1c63
-[d] 0100001c 63 - 1e 1d 1 - 000003d8 -
+[d] 0100001c 13 03 00 - 0 - 00000002 -
+[r] 00 - 00000000 -
+[e] 01000018 010003f2 0
+[f] 01000024 00000097
+[d] 01000020 63 - 1e 1d 1 - 000003d8 -
 [r] 1e 1d 00000000 00000000
-[e] 01000018 00000002 0
-[w] 01000010 1 1e ffffffaa
-[f] 01000020 3ddf1c63
-[d] 0100001c 63 - 1e 1d 1 - 000003d8 -
+[e] 0100001c 00000002 0
+[w] 01000014 1 1e ffffff97
+[f] 01000024 00000097
+[d] 01000020 63 - 1e 1d 1 - 000003d8 -
 [r] 1e 1d 00000000 00000000
-[e] 0100001c 00000000 0
-[w] 01000014 1 1d ffffffaa
-[f] 01000020 3ddf1c63
-[d] 0100001c 63 - 1e 1d 1 - 000003d8 -
-[r] 1e 1d ffffffaa 00000000
-[e] 0100001c ffffffaa 0
-[w] 01000018 1 03 00000002
+[e] 01000020 00000000 0
+[w] 01000018 1 1d 010003f2
 [f] 01000024 00000097
-[d] 01000020 17 01 - - - - 00000000 -
-[r] - - - -
-[e] 0100001c 010003f4 0
+[d] 01000020 63 - 1e 1d 1 - 000003d8 -
+[r] 1e 1d ffffff97 00000000
+[e] 01000020 00000000 0
+[w] 0100001c 1 03 00000002
 [f] 01000028 42408093
-[d] 01000024 13 01 01 - 0 - 00000424 -
-[r] 01 - 00000000 -
-[e] 01000020 01000020 0
-[f] 0100002c 00000113
-[d] 01000028 13 02 00 - 0 - 00000000 -
-[r] 00 - 01000444 -
-[e] 01000024 01000444 0
-[f] 01000030 002080a3
-[d] 0100002c 23 - 01 02 0 - 00000001 -
-[r] 01 02 00000000 00000000
-[e] 01000028 00000000 0
-[w] 01000020 1 01 01000020
-[f] 01000034 00108f03
-[d] 01000030 03 1e 01 - 0 - 00000001 -
-[r] 01 - 01000444 -
-[e] 0100002c 01000445 0
-[w] 01000024 1 01 01000444
-[f] 01000034 00108f03
-[d] 01000030 03 1e 01 - 0 - 00000001 -
-[r] 01 - 01000020 -
-[e] 01000030 01000020 0
-[m] 0100002c 01000445 1 0 00000000
-[w] 01000028 1 02 00000000
-[f] 01000038 00000e93
-[d] 01000034 13 1d 00 - 0 - 00000000 -
-[r] 00 - 01000444 -
-[e] 01000030 01000445 0
-[f] 0100003c 00300193
-[d] 01000038 13 03 00 - 0 - 00000003 -
-[r] 00 - 00000000 -
-[e] 01000034 00000000 0
-[f] 01000040 3bdf1c63
-[d] 0100003c 63 - 1e 1d 1 - 000003b8 -
-[r] 1e 1d 00000000 00000000
-[e] 01000038 00000003 0
-[w] 01000030 1 1e 00000000
-[f] 01000040 3bdf1c63
-[d] 0100003c 63 - 1e 1d 1 - 000003b8 -
-[r] 1e 1d ffffffaa ffffffaa
-[e] 0100003c ffffffaa 0
-[w] 01000034 1 1d 00000000
-[f] 01000040 3bdf1c63
-[d] 0100003c 63 - 1e 1d 1 - 000003b8 -
-[r] 1e 1d 00000000 ffffffaa
-[e] 0100003c 00000000 0
-[w] 01000038 1 03 00000003
-[f] 01000044 00000097
-[d] 01000040 17 01 - - - - 00000000 -
-[r] - - - -
-[e] 0100003c 010003f4 0
-[f] 01000048 40408093
-[d] 01000044 13 01 01 - 0 - 00000404 -
-[r] 01 - 00000000 -
-[e] 01000040 01000040 0
-[f] 0100004c fffff137
-[d] 01000048 37 02 - - - - fffff000 -
-[r] - - - -
-[e] 01000044 01000444 0
-[f] 01000050 fa010113
-[d] 0100004c 13 02 02 - 0 - ffffffa0 -
-[r] 02 - 00000000 -
-[e] 01000048 fffff000 1
-[w] 01000040 1 01 01000040
-[f] 01000054 00208123
-[d] 01000050 23 - 01 02 0 - 00000002 -
-[r] 01 02 00000000 00000000
-[e] 0100004c ffffefa0 0
-[w] 01000044 1 01 01000444
-[f] 01000054 00208123
-[d] 01000050 23 - 01 02 0 - 00000002 -
-[r] 01 02 01000040 00000000
-[e] 01000050 01000040 0
-[w] 01000048 1 02 fffff000
-[f] 01000058 00209f03
-[d] 01000054 03 1e 01 - 1 - 00000002 -
-[r] 01 - 01000444 -
-[e] 01000050 01000446 0
-[w] 0100004c 1 02 ffffefa0
-[f] 0100005c fffffeb7
-[d] 01000058 37 1d - - - - fffff000 -
-[r] - - - -
-[e] 01000054 01000446 0
-[m] 01000050 01000446 1 0 ffffefa0
-[f] 01000060 fa0e8e93
-[d] 0100005c 13 1d 1d - 0 - ffffffa0 -
-[r] 1d - 00000000 -
-[e] 01000058 fffff000 1
-[f] 01000064 00400193
-[d] 01000060 13 03 00 - 0 - 00000004 -
-[r] 00 - 00000000 -
-[e] 0100005c ffffefa0 0
-[w] 01000054 1 1e ffffefa0
-[f] 01000068 39df1863
-[d] 01000064 63 - 1e 1d 1 - 00000390 -
-[r] 1e 1d 00000000 00000000
-[e] 01000060 00000004 0
-[w] 01000058 1 1d fffff000
-[f] 0100006c 00000097
-[d] 01000068 17 01 - - - - 00000000 -
-[r] - - - -
-[e] 01000064 010003f4 0
-[w] 0100005c 1 1d ffffefa0
-[f] 01000070 3dc08093
-[d] 0100006c 13 01 01 - 0 - 000003dc -
-[r] 01 - 00000000 -
-[e] 01000068 01000068 0
-[w] 01000060 1 03 00000004
-[f] 01000074 00a00113
-[d] 01000070 13 02 00 - 0 - 0000000a -
-[r] 00 - 01000444 -
-[e] 0100006c 01000444 0
-[f] 01000078 002081a3
-[d] 01000074 23 - 01 02 0 - 00000003 -
-[r] 01 02 00000000 00000000
-[e] 01000070 0000000a 0
-[w] 01000068 1 01 01000068
-[f] 0100007c 00308f03
-[d] 01000078 03 1e 01 - 0 - 00000003 -
-[r] 01 - 01000444 -
-[e] 01000074 01000447 0
-[w] 0100006c 1 01 01000444
-[f] 0100007c 00308f03
-[d] 01000078 03 1e 01 - 0 - 00000003 -
-[r] 01 - 01000068 -
-[e] 01000078 01000068 0
-[m] 01000074 01000447 1 0 0000000a
-[w] 01000070 1 02 0000000a
-[f] 01000080 00a00e93
-[d] 0100007c 13 1d 00 - 0 - 0000000a -
-[r] 00 - 01000444 -
-[e] 01000078 01000447 0
-[f] 01000084 00500193
-[d] 01000080 13 03 00 - 0 - 00000005 -
-[r] 00 - 00000000 -
-[e] 0100007c 0000000a 0
-[f] 01000088 37df1863
-[d] 01000084 63 - 1e 1d 1 - 00000370 -
-[r] 1e 1d 00000000 00000000
-[e] 01000080 00000005 0
-[w] 01000078 1 1e 0000000a
-[f] 01000088 37df1863
-[d] 01000084 63 - 1e 1d 1 - 00000370 -
-[r] 1e 1d ffffefa0 ffffefa0
-[e] 01000084 ffffefa0 0
-[w] 0100007c 1 1d 0000000a
-[f] 01000088 37df1863
-[d] 01000084 63 - 1e 1d 1 - 00000370 -
-[r] 1e 1d 0000000a ffffefa0
-[e] 01000084 0000000a 0
-[w] 01000080 1 03 00000005
-[f] 0100008c 00000097
-[d] 01000088 17 01 - - - - 00000000 -
-[r] - - - -
-[e] 01000084 010003f4 0
-[f] 01000090 3c308093
-[d] 0100008c 13 01 01 - 0 - 000003c3 -
-[r] 01 - 00000000 -
-[e] 01000088 01000088 0
-[f] 01000094 faa00113
-[d] 01000090 13 02 00 - 0 - ffffffaa -
-[r] 00 - 01000444 -
-[e] 0100008c 0100044b 0
-[f] 01000098 fe208ea3
-[d] 01000094 23 - 01 02 0 - fffffffd -
-[r] 01 02 00000000 00000000
-[e] 01000090 ffffffaa 0
-[w] 01000088 1 01 01000088
-[f] 0100009c ffd08f03
-[d] 01000098 03 1e 01 - 0 - fffffffd -
-[r] 01 - 01000444 -
-[e] 01000094 01000448 0
-[w] 0100008c 1 01 0100044b
-[f] 0100009c ffd08f03
-[d] 01000098 03 1e 01 - 0 - fffffffd -
-[r] 01 - 01000088 -
-[e] 01000098 01000088 0
-[m] 01000094 01000448 1 0 ffffffaa
-[w] 01000090 1 02 ffffffaa
-[f] 010000a0 faa00e93
-[d] 0100009c 13 1d 00 - 0 - ffffffaa -
-[r] 00 - 0100044b -
-[e] 01000098 01000448 0
-[f] 010000a4 00600193
-[d] 010000a0 13 03 00 - 0 - 00000006 -
-[r] 00 - 00000000 -
-[e] 0100009c ffffffaa 0
-[f] 010000a8 35df1863
-[d] 010000a4 63 - 1e 1d 1 - 00000350 -
-[r] 1e 1d 00000000 00000000
-[e] 010000a0 00000006 0
-[w] 01000098 1 1e ffffffaa
-[f] 010000a8 35df1863
-[d] 010000a4 63 - 1e 1d 1 - 00000350 -
-[r] 1e 1d 0000000a 0000000a
-[e] 010000a4 0000000a 0
-[w] 0100009c 1 1d ffffffaa
-[f] 010000a8 35df1863
-[d] 010000a4 63 - 1e 1d 1 - 00000350 -
-[r] 1e 1d ffffffaa 0000000a
-[e] 010000a4 ffffffaa 0
-[w] 010000a0 1 03 00000006
-[f] 010000ac 00000097
-[d] 010000a8 17 01 - - - - 00000000 -
-[r] - - - -
-[e] 010000a4 010003f4 0
-[f] 010000b0 3a308093
-[d] 010000ac 13 01 01 - 0 - 000003a3 -
-[r] 01 - 00000000 -
-[e] 010000a8 010000a8 0
-[f] 010000b4 00000113
-[d] 010000b0 13 02 00 - 0 - 00000000 -
-[r] 00 - 0100044b -
-[e] 010000ac 0100044b 0
-[f] 010000b8 fe208f23
-[d] 010000b4 23 - 01 02 0 - fffffffe -
-[r] 01 02 00000000 00000000
-[e] 010000b0 00000000 0
-[w] 010000a8 1 01 010000a8
-[f] 010000bc ffe08f03
-[d] 010000b8 03 1e 01 - 0 - fffffffe -
-[r] 01 - 0100044b -
-[e] 010000b4 01000449 0
-[w] 010000ac 1 01 0100044b
-[f] 010000bc ffe08f03
-[d] 010000b8 03 1e 01 - 0 - fffffffe -
-[r] 01 - 010000a8 -
-[e] 010000b8 010000a8 0
-[m] 010000b4 01000449 1 0 00000000
-[w] 010000b0 1 02 00000000
-[f] 010000c0 00000e93
-[d] 010000bc 13 1d 00 - 0 - 00000000 -
-[r] 00 - 0100044b -
-[e] 010000b8 01000449 0
-[f] 010000c4 00700193
-[d] 010000c0 13 03 00 - 0 - 00000007 -
-[r] 00 - 00000000 -
-[e] 010000bc 00000000 0
-[f] 010000c8 33df1863
-[d] 010000c4 63 - 1e 1d 1 - 00000330 -
-[r] 1e 1d 00000000 00000000
-[e] 010000c0 00000007 0
-[w] 010000b8 1 1e 00000000
-[f] 010000c8 33df1863
-[d] 010000c4 63 - 1e 1d 1 - 00000330 -
-[r] 1e 1d ffffffaa ffffffaa
-[e] 010000c4 ffffffaa 0
-[w] 010000bc 1 1d 00000000
-[f] 010000c8 33df1863
-[d] 010000c4 63 - 1e 1d 1 - 00000330 -
-[r] 1e 1d 00000000 ffffffaa
-[e] 010000c4 00000000 0
-[w] 010000c0 1 03 00000007
-[f] 010000cc 00000097
-[d] 010000c8 17 01 - - - - 00000000 -
-[r] - - - -
-[e] 010000c4 010003f4 0
-[f] 010000d0 38308093
-[d] 010000cc 13 01 01 - 0 - 00000383 -
-[r] 01 - 00000000 -
-[e] 010000c8 010000c8 0
-[f] 010000d4 fa000113
-[d] 010000d0 13 02 00 - 0 - ffffffa0 -
-[r] 00 - 0100044b -
-[e] 010000cc 0100044b 0
-[f] 010000d8 fe208fa3
-[d] 010000d4 23 - 01 02 0 - ffffffff -
-[r] 01 02 00000000 00000000
-[e] 010000d0 ffffffa0 0
-[w] 010000c8 1 01 010000c8
-[f] 010000dc fff08f03
-[d] 010000d8 03 1e 01 - 0 - ffffffff -
-[r] 01 - 0100044b -
-[e] 010000d4 0100044a 0
-[w] 010000cc 1 01 0100044b
-[f] 010000dc fff08f03
-[d] 010000d8 03 1e 01 - 0 - ffffffff -
-[r] 01 - 010000c8 -
-[e] 010000d8 010000c8 0
-[m] 010000d4 0100044a 1 0 ffffffa0
-[w] 010000d0 1 02 ffffffa0
-[f] 010000e0 fa000e93
-[d] 010000dc 13 1d 00 - 0 - ffffffa0 -
-[r] 00 - 0100044b -
-[e] 010000d8 0100044a 0
-[f] 010000e4 00800193
-[d] 010000e0 13 03 00 - 0 - 00000008 -
-[r] 00 - 00000000 -
-[e] 010000dc ffffffa0 0
-[f] 010000e8 31df1863
-[d] 010000e4 63 - 1e 1d 1 - 00000310 -
-[r] 1e 1d 00000000 00000000
-[e] 010000e0 00000008 0
-[w] 010000d8 1 1e ffffffa0
-[f] 010000e8 31df1863
-[d] 010000e4 63 - 1e 1d 1 - 00000310 -
-[r] 1e 1d 00000000 00000000
-[e] 010000e4 00000000 0
-[w] 010000dc 1 1d ffffffa0
-[f] 010000e8 31df1863
-[d] 010000e4 63 - 1e 1d 1 - 00000310 -
-[r] 1e 1d ffffffa0 00000000
-[e] 010000e4 ffffffa0 0
-[w] 010000e0 1 03 00000008
-[f] 010000ec 00000097
-[d] 010000e8 17 01 - - - - 00000000 -
-[r] - - - -
-[e] 010000e4 010003f4 0
-[f] 010000f0 36308093
-[d] 010000ec 13 01 01 - 0 - 00000363 -
-[r] 01 - 00000000 -
-[e] 010000e8 010000e8 0
-[f] 010000f4 00a00113
-[d] 010000f0 13 02 00 - 0 - 0000000a -
-[r] 00 - 0100044b -
-[e] 010000ec 0100044b 0
-[f] 010000f8 00208023
-[d] 010000f4 23 - 01 02 0 - 00000000 -
-[r] 01 02 00000000 00000000
-[e] 010000f0 0000000a 0
-[w] 010000e8 1 01 010000e8
-[f] 010000fc 00008f03
-[d] 010000f8 03 1e 01 - 0 - 00000000 -
-[r] 01 - 0100044b -
-[e] 010000f4 0100044b 0
-[w] 010000ec 1 01 0100044b
-[f] 010000fc 00008f03
-[d] 010000f8 03 1e 01 - 0 - 00000000 -
-[r] 01 - 010000e8 -
-[e] 010000f8 010000e8 0
-[m] 010000f4 0100044b 1 0 0000000a
-[w] 010000f0 1 02 0000000a
-[f] 01000100 00a00e93
-[d] 010000fc 13 1d 00 - 0 - 0000000a -
-[r] 00 - 0100044b -
-[e] 010000f8 0100044b 0
-[f] 01000104 00900193
-[d] 01000100 13 03 00 - 0 - 00000009 -
-[r] 00 - 00000000 -
-[e] 010000fc 0000000a 0
-[f] 01000108 2fdf1863
-[d] 01000104 63 - 1e 1d 1 - 000002f0 -
-[r] 1e 1d 00000000 00000000
-[e] 01000100 00000009 0
-[w] 010000f8 1 1e 0000000a
-[f] 01000108 2fdf1863
-[d] 01000104 63 - 1e 1d 1 - 000002f0 -
-[r] 1e 1d ffffffa0 ffffffa0
-[e] 01000104 ffffffa0 0
-[w] 010000fc 1 1d 0000000a
-[f] 01000108 2fdf1863
-[d] 01000104 63 - 1e 1d 1 - 000002f0 -
-[r] 1e 1d 0000000a ffffffa0
-[e] 01000104 0000000a 0
-[w] 01000100 1 03 00000009
-[f] 0100010c 00000097
-[d] 01000108 17 01 - - - - 00000000 -
-[r] - - - -
-[e] 01000104 010003f4 0
-[f] 01000110 34408093
-[d] 0100010c 13 01 01 - 0 - 00000344 -
-[r] 01 - 00000000 -
-[e] 01000108 01000108 0
-[f] 01000114 12345137
-[d] 01000110 37 02 - - - - 12345000 -
-[r] - - - -
-[e] 0100010c 0100044c 0
-[f] 01000118 67810113
-[d] 01000114 13 02 02 - 0 - 00000678 -
-[r] 02 - 00000000 -
-[e] 01000110 12345000 1
-[w] 01000108 1 01 01000108
-[f] 0100011c fe008213
-[d] 01000118 13 04 01 - 0 - ffffffe0 -
-[r] 01 - 0000000a -
-[e] 01000114 12345678 0
-[w] 0100010c 1 01 0100044c
-[f] 0100011c fe008213
-[d] 01000118 13 04 01 - 0 - ffffffe0 -
-[r] 01 - 01000108 -
-[e] 01000118 01000108 0
-[w] 01000110 1 02 12345000
-[f] 01000120 02220023
-[d] 0100011c 23 - 04 02 0 - 00000020 -
-[r] 04 02 0100044c 00000000
-[e] 01000118 0100042c 0
-[w] 01000114 1 02 12345678
-[f] 01000120 02220023
-[d] 0100011c 23 - 04 02 0 - 00000020 -
-[r] 04 02 00000000 12345000
-[e] 0100011c 00000000 0
-[f] 01000124 00008283
-[d] 01000120 03 05 01 - 0 - 00000000 -
-[r] 01 - 00000000 -
-[e] 0100011c 0100044c 0
-[w] 01000118 1 04 0100042c
-[f] 01000128 07800e93
-[d] 01000124 13 1d 00 - 0 - 00000078 -
-[r] 00 - 0100044c -
-[e] 01000120 0100044c 0
-[m] 0100011c 0100044c 1 0 12345678
-[f] 0100012c 00a00193
-[d] 01000128 13 03 00 - 0 - 0000000a -
-[r] 00 - 00000000 -
-[e] 01000124 00000078 0
-[f] 01000130 2dd29463
-[d] 0100012c 63 - 05 1d 1 - 000002c8 -
-[r] 05 1d 00000000 00000000
-[e] 01000128 0000000a 0
-[w] 01000120 1 05 00000078
-[f] 01000130 2dd29463
-[d] 0100012c 63 - 05 1d 1 - 000002c8 -
-[r] 05 1d 00000000 0000000a
-[e] 0100012c 00000000 0
-[w] 01000124 1 1d 00000078
-[f] 01000130 2dd29463
-[d] 0100012c 63 - 05 1d 1 - 000002c8 -
-[r] 05 1d 00000078 0000000a
-[e] 0100012c 00000078 0
-[w] 01000128 1 03 0000000a
-[f] 01000134 00000097
-[d] 01000130 17 01 - - - - 00000000 -
-[r] - - - -
-[e] 0100012c 010003f4 0
-[f] 01000138 31c08093
-[d] 01000134 13 01 01 - 0 - 0000031c -
-[r] 01 - 00000000 -
-[e] 01000130 01000130 0
-[f] 0100013c 00003137
-[d] 01000138 37 02 - - - - 00003000 -
-[r] - - - -
-[e] 01000134 0100044c 0
-[f] 01000140 09810113
-[d] 0100013c 13 02 02 - 0 - 00000098 -
-[r] 02 - 00000000 -
-[e] 01000138 00003000 0
-[w] 01000130 1 01 01000130
-[f] 01000144 ffa08093
-[d] 01000140 13 01 01 - 0 - fffffffa -
-[r] 01 - 12345678 -
-[e] 0100013c 00003098 0
-[w] 01000134 1 01 0100044c
-[f] 01000144 ffa08093
-[d] 01000140 13 01 01 - 0 - fffffffa -
-[r] 01 - 01000130 -
-[e] 01000140 01000130 0
-[w] 01000138 1 02 00003000
-[f] 01000148 002083a3
-[d] 01000144 23 - 01 02 0 - 00000007 -
-[r] 01 02 0100044c 00000000
-[e] 01000140 01000446 0
-[w] 0100013c 1 02 00003098
-[f] 01000148 002083a3
-[d] 01000144 23 - 01 02 0 - 00000007 -
-[r] 01 02 0100044c 00003000
-[e] 01000144 0100044c 0
-[f] 0100014c 00000217
-[d] 01000148 17 04 - - - - 00000000 -
-[r] - - - -
-[e] 01000144 0100044d 0
-[w] 01000140 1 01 01000446
-[f] 01000150 30520213
-[d] 0100014c 13 04 04 - 0 - 00000305 -
-[r] 04 - 00000000 -
-[e] 01000148 01000148 0
-[m] 01000144 0100044d 1 0 00003098
-[f] 01000154 00020283
-[d] 01000150 03 05 04 - 0 - 00000000 -
-[r] 04 - 0100042c -
-[e] 0100014c 0100044d 0
-[f] 01000158 f9800e93
-[d] 01000154 13 1d 00 - 0 - ffffff98 -
-[r] 00 - 0100042c -
-[e] 01000150 0100044d 0
-[w] 01000148 1 04 01000148
-[f] 0100015c 00b00193
-[d] 01000158 13 03 00 - 0 - 0000000b -
-[r] 00 - 00000000 -
-[e] 01000154 ffffff98 0
-[w] 0100014c 1 04 0100044d
-[f] 01000160 29d29c63
-[d] 0100015c 63 - 05 1d 1 - 00000298 -
-[r] 05 1d 00000000 00000000
-[e] 01000158 0000000b 0
-[w] 01000150 1 05 ffffff98
-[f] 01000160 29d29c63
-[d] 0100015c 63 - 05 1d 1 - 00000298 -
-[r] 05 1d 00000078 00000078
-[e] 0100015c 00000078 0
-[w] 01000154 1 1d ffffff98
-[f] 01000160 29d29c63
-[d] 0100015c 63 - 05 1d 1 - 00000298 -
-[r] 05 1d ffffff98 00000078
-[e] 0100015c ffffff98 0
-[w] 01000158 1 03 0000000b
-[f] 01000164 00c00193
-[d] 01000160 13 03 00 - 0 - 0000000c -
-[r] 00 - ffffff98 -
-[e] 0100015c 010003f4 0
-[f] 01000168 00000213
-[d] 01000164 13 04 00 - 0 - 00000000 -
-[r] 00 - 00000000 -
-[e] 01000160 0000000c 0
-[f] 0100016c fdd00093
-[d] 01000168 13 01 00 - 0 - ffffffdd -
-[r] 00 - 00000000 -
-[e] 01000164 00000000 0
-[f] 01000170 00000117
-[d] 0100016c 17 02 - - - - 00000000 -
-[r] - - - -
-[e] 01000168 ffffffdd 0
-[w] 01000160 1 03 0000000c
-[f] 01000174 2d810113
-[d] 01000170 13 02 02 - 0 - 000002d8 -
-[r] 02 - 00000000 -
-[e] 0100016c 0100016c 0
-[w] 01000164 1 04 00000000
-[f] 01000178 00110023
-[d] 01000174 23 - 02 01 0 - 00000000 -
-[r] 02 01 00003098 00000000
-[e] 01000170 01000444 0
-[w] 01000168 1 01 ffffffdd
-[f] 01000178 00110023
-[d] 01000174 23 - 02 01 0 - 00000000 -
-[r] 02 01 00003098 01000446
-[e] 01000174 00003098 0
-[w] 0100016c 1 02 0100016c
-[f] 0100017c 00010f03
-[d] 01000178 03 1e 02 - 0 - 00000000 -
-[r] 02 - 00003098 -
-[e] 01000174 01000444 0
-[w] 01000170 1 02 01000444
-[f] 0100017c 00010f03
-[d] 01000178 03 1e 02 - 0 - 00000000 -
-[r] 02 - 0100016c -
-[e] 01000178 0100016c 0
-[m] 01000174 01000444 1 0 ffffffdd
-[f] 01000180 fdd00e93
-[d] 0100017c 13 1d 00 - 0 - ffffffdd -
-[r] 00 - 01000444 -
-[e] 01000178 01000444 0
-[f] 01000184 27df1a63
-[d] 01000180 63 - 1e 1d 1 - 00000274 -
-[r] 1e 1d 00000000 00000000
-[e] 0100017c ffffffdd 0
-[f] 01000188 00120213
-[d] 01000184 13 04 04 - 0 - 00000001 -
-[r] 04 - 0000000a -
-[e] 01000180 010003f4 0
-[w] 01000178 1 1e ffffffdd
-[f] 0100018c 00200293
-[d] 01000188 13 05 00 - 0 - 00000002 -
-[r] 00 - 00000000 -
-[e] 01000184 00000001 0
-[w] 0100017c 1 1d ffffffdd
-[f] 01000190 fc521ee3
-[d] 0100018c 63 - 04 05 1 - ffffffdc -
-[r] 04 05 00000000 00000000
-[e] 01000188 00000002 0
-[f] 01000194 00d00193
-[d] 01000190 13 03 00 - 0 - 0000000d -
-[r] 00 - 00000000 -
-[e] 0100018c 01000168 1
-[w] 01000184 1 04 00000001
-[f] 0100016c fdd00093
-[d] 01000168 13 01 00 - 0 - ffffffdd -
-[r] 00 - 00000000 -
-[f] 01000170 00000117
-[d] 0100016c 17 02 - - - - 00000000 -
-[r] - - - -
-[e] 01000168 ffffffdd 0
-[f] 01000174 2d810113
-[d] 01000170 13 02 02 - 0 - 000002d8 -
-[r] 02 - 00000000 -
-[e] 0100016c 0100016c 0
-[f] 01000178 00110023
-[d] 01000174 23 - 02 01 0 - 00000000 -
-[r] 02 01 01000444 00000000
-[e] 01000170 01000444 0
-[w] 01000168 1 01 ffffffdd
-[f] 01000178 00110023
-[d] 01000174 23 - 02 01 0 - 00000000 -
-[r] 02 01 01000444 ffffffdd
-[e] 01000174 01000444 0
-[w] 0100016c 1 02 0100016c
-[f] 0100017c 00010f03
-[d] 01000178 03 1e 02 - 0 - 00000000 -
-[r] 02 - 01000444 -
-[e] 01000174 01000444 0
-[w] 01000170 1 02 01000444
-[f] 0100017c 00010f03
-[d] 01000178 03 1e 02 - 0 - 00000000 -
-[r] 02 - 0100016c -
-[e] 01000178 0100016c 0
-[m] 01000174 01000444 1 0 ffffffdd
-[f] 01000180 fdd00e93
-[d] 0100017c 13 1d 00 - 0 - ffffffdd -
-[r] 00 - 01000444 -
-[e] 01000178 01000444 0
-[f] 01000184 27df1a63
-[d] 01000180 63 - 1e 1d 1 - 00000274 -
-[r] 1e 1d 00000000 00000000
-[e] 0100017c ffffffdd 0
-[f] 01000188 00120213
-[d] 01000184 13 04 04 - 0 - 00000001 -
-[r] 04 - ffffffdd -
-[e] 01000180 010003f4 0
-[w] 01000178 1 1e ffffffdd
-[f] 0100018c 00200293
-[d] 01000188 13 05 00 - 0 - 00000002 -
-[r] 00 - 00000001 -
-[e] 01000184 00000002 0
-[w] 0100017c 1 1d ffffffdd
-[f] 01000190 fc521ee3
-[d] 0100018c 63 - 04 05 1 - ffffffdc -
-[r] 04 05 00000000 00000000
-[e] 01000188 00000002 0
-[f] 01000194 00d00193
-[d] 01000190 13 03 00 - 0 - 0000000d -
-[r] 00 - 00000001 -
-[e] 0100018c 01000168 0
-[w] 01000184 1 04 00000002
-[f] 01000198 00000213
-[d] 01000194 13 04 00 - 0 - 00000000 -
-[r] 00 - 00000000 -
-[e] 01000190 0000000d 0
-[w] 01000188 1 05 00000002
-[f] 0100019c fcd00093
-[d] 01000198 13 01 00 - 0 - ffffffcd -
-[r] 00 - 00000000 -
-[e] 01000194 00000000 0
-[f] 010001a0 00000117
-[d] 0100019c 17 02 - - - - 00000000 -
-[r] - - - -
-[e] 01000198 ffffffcd 0
-[w] 01000190 1 03 0000000d
-[f] 010001a4 2a810113
-[d] 010001a0 13 02 02 - 0 - 000002a8 -
-[r] 02 - 00000000 -
-[e] 0100019c 0100019c 0
-[w] 01000194 1 04 00000000
-[f] 010001ac 001100a3
-[d] 010001a8 23 - 02 01 0 - 00000001 -
-[r] 02 01 00000000 00000000
-[w] 0100019c 1 02 0100019c
-[f] 010001b0 00110f03
-[d] 010001ac 03 1e 02 - 0 - 00000001 -
-[r] 02 - 01000444 -
-[e] 010001a8 01000445 0
-[w] 010001a0 1 02 01000444
-[f] 010001b0 00110f03
-[d] 010001ac 03 1e 02 - 0 - 00000001 -
-[r] 02 - 0100019c -
-[e] 010001ac 0100019c 0
-[m] 010001a8 01000445 1 0 ffffffcd
-[f] 010001b4 fcd00e93
-[d] 010001b0 13 1d 00 - 0 - ffffffcd -
-[r] 00 - 01000444 -
-[e] 010001ac 01000445 0
-[f] 010001b8 25df1063
-[d] 010001b4 63 - 1e 1d 1 - 00000240 -
-[r] 1e 1d 00000000 00000000
-[e] 010001b0 ffffffcd 0
-[f] 010001bc 00120213
-[d] 010001b8 13 04 04 - 0 - 00000001 -
-[r] 04 - ffffffdd -
-[e] 010001b4 010003f4 0
-[w] 010001ac 1 1e ffffffcd
-[f] 010001c0 00200293
-[d] 010001bc 13 05 00 - 0 - 00000002 -
-[r] 00 - 00000000 -
-[e] 010001b8 00000001 0
-[w] 010001b0 1 1d ffffffcd
-[f] 010001c4 fc521ce3
-[d] 010001c0 63 - 04 05 1 - ffffffd8 -
-[r] 04 05 00000000 00000000
-[e] 010001bc 00000002 0
-[f] 010001c8 00e00193
-[d] 010001c4 13 03 00 - 0 - 0000000e -
-[r] 00 - 00000000 -
-[e] 010001c0 01000198 1
-[w] 010001b8 1 04 00000001
-[f] 0100019c fcd00093
-[d] 01000198 13 01 00 - 0 - ffffffcd -
-[r] 00 - 00000000 -
-[f] 010001a0 00000117
-[d] 0100019c 17 02 - - - - 00000000 -
-[r] - - - -
-[e] 01000198 ffffffcd 0
-[f] 010001a4 2a810113
-[d] 010001a0 13 02 02 - 0 - 000002a8 -
-[r] 02 - 00000000 -
-[e] 0100019c 0100019c 0
-[f] 010001ac 001100a3
-[d] 010001a8 23 - 02 01 0 - 00000001 -
-[r] 02 01 00000000 00000000
-[w] 0100019c 1 02 0100019c
-[f] 010001b0 00110f03
-[d] 010001ac 03 1e 02 - 0 - 00000001 -
-[r] 02 - 01000444 -
-[e] 010001a8 01000445 0
-[w] 010001a0 1 02 01000444
-[f] 010001b0 00110f03
-[d] 010001ac 03 1e 02 - 0 - 00000001 -
-[r] 02 - 0100019c -
-[e] 010001ac 0100019c 0
-[m] 010001a8 01000445 1 0 ffffffcd
-[f] 010001b4 fcd00e93
-[d] 010001b0 13 1d 00 - 0 - ffffffcd -
-[r] 00 - 01000444 -
-[e] 010001ac 01000445 0
-[f] 010001b8 25df1063
-[d] 010001b4 63 - 1e 1d 1 - 00000240 -
-[r] 1e 1d 00000000 00000000
-[e] 010001b0 ffffffcd 0
-[f] 010001bc 00120213
-[d] 010001b8 13 04 04 - 0 - 00000001 -
-[r] 04 - ffffffcd -
-[e] 010001b4 010003f4 0
-[w] 010001ac 1 1e ffffffcd
-[f] 010001c0 00200293
-[d] 010001bc 13 05 00 - 0 - 00000002 -
-[r] 00 - 00000001 -
-[e] 010001b8 00000002 0
-[w] 010001b0 1 1d ffffffcd
-[f] 010001c4 fc521ce3
-[d] 010001c0 63 - 04 05 1 - ffffffd8 -
-[r] 04 05 00000000 00000000
-[e] 010001bc 00000002 0
-[f] 010001c8 00e00193
-[d] 010001c4 13 03 00 - 0 - 0000000e -
-[r] 00 - 00000001 -
-[e] 010001c0 01000198 0
-[w] 010001b8 1 04 00000002
-[f] 010001cc 00000213
-[d] 010001c8 13 04 00 - 0 - 00000000 -
-[r] 00 - 00000000 -
-[e] 010001c4 0000000e 0
-[w] 010001bc 1 05 00000002
-[f] 010001d0 fcc00093
-[d] 010001cc 13 01 00 - 0 - ffffffcc -
-[r] 00 - 00000000 -
-[e] 010001c8 00000000 0
-[f] 010001d4 00000117
-[d] 010001d0 17 02 - - - - 00000000 -
+[d] 01000024 17 01 - - - - 00000000 -
 [r] - - - -
-[e] 010001cc ffffffcc 0
-[w] 010001c4 1 03 0000000e
-[f] 010001d8 27410113
-[d] 010001d4 13 02 02 - 0 - 00000274 -
-[r] 02 - 00000000 -
-[e] 010001d0 010001d0 0
-[w] 010001c8 1 04 00000000
-[f] 010001e4 00110123
-[d] 010001e0 23 - 02 01 0 - 00000002 -
-[r] 02 01 00000000 00000000
-[w] 010001d4 1 02 01000444
-[f] 010001e4 00110123
-[d] 010001e0 23 - 02 01 0 - 00000002 -
-[r] 02 01 010001d0 ffffffcc
-[e] 010001e0 010001d0 0
-[f] 010001e8 00210f03
-[d] 010001e4 03 1e 02 - 0 - 00000002 -
-[r] 02 - 01000444 -
-[e] 010001e0 01000446 0
-[f] 010001ec fcc00e93
-[d] 010001e8 13 1d 00 - 0 - ffffffcc -
-[r] 00 - 01000444 -
-[e] 010001e4 01000446 0
-[m] 010001e0 01000446 1 0 ffffffcc
-[f] 010001f0 21df1463
-[d] 010001ec 63 - 1e 1d 1 - 00000208 -
-[r] 1e 1d 00000000 00000000
-[e] 010001e8 ffffffcc 0
-[f] 010001f4 00120213
-[d] 010001f0 13 04 04 - 0 - 00000001 -
-[r] 04 - ffffffcd -
-[e] 010001ec 010003f4 0
-[w] 010001e4 1 1e ffffffcc
-[f] 010001f8 00200293
-[d] 010001f4 13 05 00 - 0 - 00000002 -
-[r] 00 - 00000000 -
-[e] 010001f0 00000001 0
-[w] 010001e8 1 1d ffffffcc
-[f] 010001fc fc521ae3
-[d] 010001f8 63 - 04 05 1 - ffffffd4 -
-[r] 04 05 00000000 00000000
-[e] 010001f4 00000002 0
-[f] 01000200 00f00193
-[d] 010001fc 13 03 00 - 0 - 0000000f -
-[r] 00 - 00000000 -
-[e] 010001f8 010001cc 1
-[w] 010001f0 1 04 00000001
-[f] 010001d0 fcc00093
-[d] 010001cc 13 01 00 - 0 - ffffffcc -
-[r] 00 - 00000000 -
-[f] 010001d4 00000117
-[d] 010001d0 17 02 - - - - 00000000 -
-[r] - - - -
-[e] 010001cc ffffffcc 0
-[f] 010001d8 27410113
-[d] 010001d4 13 02 02 - 0 - 00000274 -
-[r] 02 - 00000000 -
-[e] 010001d0 010001d0 0
-[f] 010001e4 00110123
-[d] 010001e0 23 - 02 01 0 - 00000002 -
-[r] 02 01 00000000 00000000
-[w] 010001d4 1 02 01000444
-[f] 010001e4 00110123
-[d] 010001e0 23 - 02 01 0 - 00000002 -
-[r] 02 01 010001d0 ffffffcc
-[e] 010001e0 010001d0 0
-[f] 010001e8 00210f03
-[d] 010001e4 03 1e 02 - 0 - 00000002 -
-[r] 02 - 01000444 -
-[e] 010001e0 01000446 0
-[f] 010001ec fcc00e93
-[d] 010001e8 13 1d 00 - 0 - ffffffcc -
-[r] 00 - 01000444 -
-[e] 010001e4 01000446 0
-[m] 010001e0 01000446 1 0 ffffffcc
-[f] 010001f0 21df1463
-[d] 010001ec 63 - 1e 1d 1 - 00000208 -
-[r] 1e 1d 00000000 00000000
-[e] 010001e8 ffffffcc 0
-[f] 010001f4 00120213
-[d] 010001f0 13 04 04 - 0 - 00000001 -
-[r] 04 - ffffffcc -
-[e] 010001ec 010003f4 0
-[w] 010001e4 1 1e ffffffcc
-[f] 010001f8 00200293
-[d] 010001f4 13 05 00 - 0 - 00000002 -
-[r] 00 - 00000001 -
-[e] 010001f0 00000002 0
-[w] 010001e8 1 1d ffffffcc
-[f] 010001fc fc521ae3
-[d] 010001f8 63 - 04 05 1 - ffffffd4 -
-[r] 04 05 00000000 00000000
-[e] 010001f4 00000002 0
-[f] 01000200 00f00193
-[d] 010001fc 13 03 00 - 0 - 0000000f -
-[r] 00 - 00000001 -
-[e] 010001f8 010001cc 0
-[w] 010001f0 1 04 00000002
-[f] 01000204 00000213
-[d] 01000200 13 04 00 - 0 - 00000000 -
-[r] 00 - 00000000 -
-[e] 010001fc 0000000f 0
-[w] 010001f4 1 05 00000002
-[f] 01000208 fbc00093
-[d] 01000204 13 01 00 - 0 - ffffffbc -
-[r] 00 - 00000000 -
-[e] 01000200 00000000 0
-[f] 01000210 00000117
-[d] 0100020c 17 02 - - - - 00000000 -
-[r] - - - -
-[w] 01000200 1 04 00000000
-[f] 01000214 23810113
-[d] 01000210 13 02 02 - 0 - 00000238 -
-[r] 02 - 00000000 -
-[e] 0100020c 0100020c 0
-[w] 01000204 1 01 ffffffbc
-[f] 01000218 001101a3
-[d] 01000214 23 - 02 01 0 - 00000003 -
-[r] 02 01 01000444 00000000
-[e] 01000210 01000444 0
-[f] 0100021c 00310f03
-[d] 01000218 03 1e 02 - 0 - 00000003 -
-[r] 02 - 01000444 -
-[e] 01000214 01000447 0
-[w] 0100020c 1 02 0100020c
-[f] 01000220 fbc00e93
-[d] 0100021c 13 1d 00 - 0 - ffffffbc -
-[r] 00 - 01000444 -
-[e] 01000218 01000447 0
-[m] 01000214 01000447 1 0 ffffffbc
-[w] 01000210 1 02 01000444
-[f] 01000224 1ddf1a63
-[d] 01000220 63 - 1e 1d 1 - 000001d4 -
-[r] 1e 1d 00000000 00000000
-[e] 0100021c ffffffbc 0
-[f] 01000228 00120213
-[d] 01000224 13 04 04 - 0 - 00000001 -
-[r] 04 - ffffffcc -
-[e] 01000220 010003f4 0
-[w] 01000218 1 1e ffffffbc
-[f] 0100022c 00200293
-[d] 01000228 13 05 00 - 0 - 00000002 -
-[r] 00 - 00000000 -
-[e] 01000224 00000001 0
-[w] 0100021c 1 1d ffffffbc
-[f] 01000230 fc521ce3
-[d] 0100022c 63 - 04 05 1 - ffffffd8 -
-[r] 04 05 00000000 00000000
-[e] 01000228 00000002 0
-[f] 01000234 01000193
-[d] 01000230 13 03 00 - 0 - 00000010 -
-[r] 00 - 00000000 -
-[e] 0100022c 01000204 1
-[w] 01000224 1 04 00000001
-[f] 01000208 fbc00093
-[d] 01000204 13 01 00 - 0 - ffffffbc -
-[r] 00 - 00000000 -
-[f] 01000210 00000117
-[d] 0100020c 17 02 - - - - 00000000 -
-[r] - - - -
-[f] 01000214 23810113
-[d] 01000210 13 02 02 - 0 - 00000238 -
-[r] 02 - 00000000 -
-[e] 0100020c 0100020c 0
-[w] 01000204 1 01 ffffffbc
-[f] 01000218 001101a3
-[d] 01000214 23 - 02 01 0 - 00000003 -
-[r] 02 01 01000444 00000000
-[e] 01000210 01000444 0
-[f] 0100021c 00310f03
-[d] 01000218 03 1e 02 - 0 - 00000003 -
-[r] 02 - 01000444 -
-[e] 01000214 01000447 0
-[w] 0100020c 1 02 0100020c
-[f] 01000220 fbc00e93
-[d] 0100021c 13 1d 00 - 0 - ffffffbc -
-[r] 00 - 01000444 -
-[e] 01000218 01000447 0
-[m] 01000214 01000447 1 0 ffffffbc
-[w] 01000210 1 02 01000444
-[f] 01000224 1ddf1a63
-[d] 01000220 63 - 1e 1d 1 - 000001d4 -
-[r] 1e 1d 00000000 00000000
-[e] 0100021c ffffffbc 0
-[f] 01000228 00120213
-[d] 01000224 13 04 04 - 0 - 00000001 -
-[r] 04 - ffffffbc -
-[e] 01000220 010003f4 0
-[w] 01000218 1 1e ffffffbc
-[f] 0100022c 00200293
-[d] 01000228 13 05 00 - 0 - 00000002 -
-[r] 00 - 00000001 -
-[e] 01000224 00000002 0
-[w] 0100021c 1 1d ffffffbc
-[f] 01000230 fc521ce3
-[d] 0100022c 63 - 04 05 1 - ffffffd8 -
-[r] 04 05 00000000 00000000
-[e] 01000228 00000002 0
-[f] 01000234 01000193
-[d] 01000230 13 03 00 - 0 - 00000010 -
-[r] 00 - 00000001 -
-[e] 0100022c 01000204 0
-[w] 01000224 1 04 00000002
-[f] 01000238 00000213
-[d] 01000234 13 04 00 - 0 - 00000000 -
-[r] 00 - 00000000 -
-[e] 01000230 00000010 0
-[w] 01000228 1 05 00000002
-[f] 0100023c fbb00093
-[d] 01000238 13 01 00 - 0 - ffffffbb -
-[r] 00 - 00000000 -
-[e] 01000234 00000000 0
-[f] 01000244 00000117
-[d] 01000240 17 02 - - - - 00000000 -
-[r] - - - -
-[w] 01000234 1 04 00000000
-[f] 01000248 20410113
-[d] 01000244 13 02 02 - 0 - 00000204 -
-[r] 02 - 00000000 -
-[e] 01000240 01000240 0
-[w] 01000238 1 01 ffffffbb
-[f] 01000250 00110223
-[d] 0100024c 23 - 02 01 0 - 00000004 -
-[r] 02 01 00000000 00000000
-[w] 01000240 1 02 01000240
-[f] 01000254 00410f03
-[d] 01000250 03 1e 02 - 0 - 00000004 -
-[r] 02 - 01000444 -
-[e] 0100024c 01000448 0
-[w] 01000244 1 02 01000444
-[f] 01000254 00410f03
-[d] 01000250 03 1e 02 - 0 - 00000004 -
-[r] 02 - 01000240 -
-[e] 01000250 01000240 0
-[m] 0100024c 01000448 1 0 ffffffbb
-[f] 01000258 fbb00e93
-[d] 01000254 13 1d 00 - 0 - ffffffbb -
-[r] 00 - 01000444 -
-[e] 01000250 01000448 0
-[f] 0100025c 19df1e63
-[d] 01000258 63 - 1e 1d 1 - 0000019c -
-[r] 1e 1d 00000000 00000000
-[e] 01000254 ffffffbb 0
-[f] 01000260 00120213
-[d] 0100025c 13 04 04 - 0 - 00000001 -
-[r] 04 - ffffffbc -
-[e] 01000258 010003f4 0
-[w] 01000250 1 1e ffffffbb
-[f] 01000264 00200293
-[d] 01000260 13 05 00 - 0 - 00000002 -
-[r] 00 - 00000000 -
-[e] 0100025c 00000001 0
-[w] 01000254 1 1d ffffffbb
-[f] 01000268 fc521ae3
-[d] 01000264 63 - 04 05 1 - ffffffd4 -
-[r] 04 05 00000000 00000000
-[e] 01000260 00000002 0
-[f] 0100026c 01100193
-[d] 01000268 13 03 00 - 0 - 00000011 -
-[r] 00 - 00000000 -
-[e] 01000264 01000238 1
-[w] 0100025c 1 04 00000001
-[f] 0100023c fbb00093
-[d] 01000238 13 01 00 - 0 - ffffffbb -
-[r] 00 - 00000000 -
-[f] 01000244 00000117
-[d] 01000240 17 02 - - - - 00000000 -
-[r] - - - -
-[f] 01000248 20410113
-[d] 01000244 13 02 02 - 0 - 00000204 -
-[r] 02 - 00000000 -
-[e] 01000240 01000240 0
-[w] 01000238 1 01 ffffffbb
-[f] 01000250 00110223
-[d] 0100024c 23 - 02 01 0 - 00000004 -
-[r] 02 01 00000000 00000000
-[w] 01000240 1 02 01000240
-[f] 01000254 00410f03
-[d] 01000250 03 1e 02 - 0 - 00000004 -
-[r] 02 - 01000444 -
-[e] 0100024c 01000448 0
-[w] 01000244 1 02 01000444
-[f] 01000254 00410f03
-[d] 01000250 03 1e 02 - 0 - 00000004 -
-[r] 02 - 01000240 -
-[e] 01000250 01000240 0
-[m] 0100024c 01000448 1 0 ffffffbb
-[f] 01000258 fbb00e93
-[d] 01000254 13 1d 00 - 0 - ffffffbb -
-[r] 00 - 01000444 -
-[e] 01000250 01000448 0
-[f] 0100025c 19df1e63
-[d] 01000258 63 - 1e 1d 1 - 0000019c -
-[r] 1e 1d 00000000 00000000
-[e] 01000254 ffffffbb 0
-[f] 01000260 00120213
-[d] 0100025c 13 04 04 - 0 - 00000001 -
-[r] 04 - ffffffbb -
-[e] 01000258 010003f4 0
-[w] 01000250 1 1e ffffffbb
-[f] 01000264 00200293
-[d] 01000260 13 05 00 - 0 - 00000002 -
-[r] 00 - 00000001 -
-[e] 0100025c 00000002 0
-[w] 01000254 1 1d ffffffbb
-[f] 01000268 fc521ae3
-[d] 01000264 63 - 04 05 1 - ffffffd4 -
-[r] 04 05 00000000 00000000
-[e] 01000260 00000002 0
-[f] 0100026c 01100193
-[d] 01000268 13 03 00 - 0 - 00000011 -
-[r] 00 - 00000001 -
-[e] 01000264 01000238 0
-[w] 0100025c 1 04 00000002
-[f] 01000270 00000213
-[d] 0100026c 13 04 00 - 0 - 00000000 -
-[r] 00 - 00000000 -
-[e] 01000268 00000011 0
-[w] 01000260 1 05 00000002
-[f] 01000274 fab00093
-[d] 01000270 13 01 00 - 0 - ffffffab -
-[r] 00 - 00000000 -
-[e] 0100026c 00000000 0
-[f] 01000280 00000117
-[d] 0100027c 17 02 - - - - 00000000 -
-[r] - - - -
-[w] 01000270 1 01 ffffffab
-[f] 01000284 1c810113
-[d] 01000280 13 02 02 - 0 - 000001c8 -
-[r] 02 - 00000000 -
-[e] 0100027c 0100027c 0
-[f] 01000288 001102a3
-[d] 01000284 23 - 02 01 0 - 00000005 -
-[r] 02 01 01000444 00000000
-[e] 01000280 01000444 0
-[f] 0100028c 00510f03
-[d] 01000288 03 1e 02 - 0 - 00000005 -
-[r] 02 - 01000444 -
-[e] 01000284 01000449 0
-[w] 0100027c 1 02 0100027c
-[f] 01000290 fab00e93
-[d] 0100028c 13 1d 00 - 0 - ffffffab -
-[r] 00 - 01000444 -
-[e] 01000288 01000449 0
-[m] 01000284 01000449 1 0 ffffffab
-[w] 01000280 1 02 01000444
-[f] 01000294 17df1263
-[d] 01000290 63 - 1e 1d 1 - 00000164 -
-[r] 1e 1d 00000000 00000000
-[e] 0100028c ffffffab 0
-[f] 01000298 00120213
-[d] 01000294 13 04 04 - 0 - 00000001 -
-[r] 04 - ffffffbb -
-[e] 01000290 010003f4 0
-[w] 01000288 1 1e ffffffab
-[f] 0100029c 00200293
-[d] 01000298 13 05 00 - 0 - 00000002 -
-[r] 00 - 00000000 -
-[e] 01000294 00000001 0
-[w] 0100028c 1 1d ffffffab
-[f] 010002a0 fc521ae3
-[d] 0100029c 63 - 04 05 1 - ffffffd4 -
-[r] 04 05 00000000 00000000
-[e] 01000298 00000002 0
-[f] 010002a4 01200193
-[d] 010002a0 13 03 00 - 0 - 00000012 -
-[r] 00 - 00000000 -
-[e] 0100029c 01000270 1
-[w] 01000294 1 04 00000001
-[f] 01000274 fab00093
-[d] 01000270 13 01 00 - 0 - ffffffab -
-[r] 00 - 00000000 -
-[f] 01000280 00000117
-[d] 0100027c 17 02 - - - - 00000000 -
-[r] - - - -
-[w] 01000270 1 01 ffffffab
-[f] 01000284 1c810113
-[d] 01000280 13 02 02 - 0 - 000001c8 -
-[r] 02 - 00000000 -
-[e] 0100027c 0100027c 0
-[f] 01000288 001102a3
-[d] 01000284 23 - 02 01 0 - 00000005 -
-[r] 02 01 01000444 00000000
-[e] 01000280 01000444 0
-[f] 0100028c 00510f03
-[d] 01000288 03 1e 02 - 0 - 00000005 -
-[r] 02 - 01000444 -
-[e] 01000284 01000449 0
-[w] 0100027c 1 02 0100027c
-[f] 01000290 fab00e93
-[d] 0100028c 13 1d 00 - 0 - ffffffab -
-[r] 00 - 01000444 -
-[e] 01000288 01000449 0
-[m] 01000284 01000449 1 0 ffffffab
-[w] 01000280 1 02 01000444
-[f] 01000294 17df1263
-[d] 01000290 63 - 1e 1d 1 - 00000164 -
-[r] 1e 1d 00000000 00000000
-[e] 0100028c ffffffab 0
-[f] 01000298 00120213
-[d] 01000294 13 04 04 - 0 - 00000001 -
-[r] 04 - ffffffab -
-[e] 01000290 010003f4 0
-[w] 01000288 1 1e ffffffab
-[f] 0100029c 00200293
-[d] 01000298 13 05 00 - 0 - 00000002 -
-[r] 00 - 00000001 -
-[e] 01000294 00000002 0
-[w] 0100028c 1 1d ffffffab
-[f] 010002a0 fc521ae3
-[d] 0100029c 63 - 04 05 1 - ffffffd4 -
-[r] 04 05 00000000 00000000
-[e] 01000298 00000002 0
-[f] 010002a4 01200193
-[d] 010002a0 13 03 00 - 0 - 00000012 -
-[r] 00 - 00000001 -
-[e] 0100029c 01000270 0
-[w] 01000294 1 04 00000002
-[f] 010002a8 00000213
-[d] 010002a4 13 04 00 - 0 - 00000000 -
-[r] 00 - 00000000 -
-[e] 010002a0 00000012 0
-[w] 01000298 1 05 00000002
-[f] 010002ac 00000117
-[d] 010002a8 17 02 - - - - 00000000 -
-[r] - - - -
-[e] 010002a4 00000000 0
-[f] 010002b0 19c10113
-[d] 010002ac 13 02 02 - 0 - 0000019c -
-[r] 02 - 00000000 -
-[e] 010002a8 010002a8 0
-[w] 010002a0 1 03 00000012
-[f] 010002b4 03300093
-[d] 010002b0 13 01 00 - 0 - 00000033 -
-[r] 00 - 01000444 -
-[e] 010002ac 01000444 0
-[w] 010002a4 1 04 00000000
-[f] 010002b8 00110023
-[d] 010002b4 23 - 02 01 0 - 00000000 -
-[r] 02 01 00000000 00000000
-[e] 010002b0 00000033 0
-[w] 010002a8 1 02 010002a8
-[f] 010002bc 00010f03
-[d] 010002b8 03 1e 02 - 0 - 00000000 -
-[r] 02 - 01000444 -
-[e] 010002b4 01000444 0
-[w] 010002ac 1 02 01000444
-[f] 010002bc 00010f03
-[d] 010002b8 03 1e 02 - 0 - 00000000 -
-[r] 02 - 010002a8 -
-[e] 010002b8 010002a8 0
-[m] 010002b4 01000444 1 0 00000033
-[w] 010002b0 1 01 00000033
-[f] 010002c0 03300e93
-[d] 010002bc 13 1d 00 - 0 - 00000033 -
-[r] 00 - 01000444 -
-[e] 010002b8 01000444 0
-[f] 010002c4 13df1a63
-[d] 010002c0 63 - 1e 1d 1 - 00000134 -
-[r] 1e 1d 00000000 00000000
-[e] 010002bc 00000033 0
-[f] 010002c8 00120213
-[d] 010002c4 13 04 04 - 0 - 00000001 -
-[r] 04 - ffffffab -
-[e] 010002c0 010003f4 0
-[w] 010002b8 1 1e 00000033
-[f] 010002cc 00200293
-[d] 010002c8 13 05 00 - 0 - 00000002 -
-[r] 00 - 00000000 -
-[e] 010002c4 00000001 0
-[w] 010002bc 1 1d 00000033
-[f] 010002d0 fc521ee3
-[d] 010002cc 63 - 04 05 1 - ffffffdc -
-[r] 04 05 00000000 00000000
-[e] 010002c8 00000002 0
-[f] 010002d4 01300193
-[d] 010002d0 13 03 00 - 0 - 00000013 -
-[r] 00 - 00000000 -
-[e] 010002cc 010002a8 1
-[w] 010002c4 1 04 00000001
-[f] 010002ac 00000117
-[d] 010002a8 17 02 - - - - 00000000 -
-[r] - - - -
-[f] 010002b0 19c10113
-[d] 010002ac 13 02 02 - 0 - 0000019c -
-[r] 02 - 00000000 -
-[e] 010002a8 010002a8 0
-[f] 010002b4 03300093
-[d] 010002b0 13 01 00 - 0 - 00000033 -
-[r] 00 - 01000444 -
-[e] 010002ac 01000444 0
-[f] 010002b8 00110023
-[d] 010002b4 23 - 02 01 0 - 00000000 -
-[r] 02 01 00000000 00000000
-[e] 010002b0 00000033 0
-[w] 010002a8 1 02 010002a8
-[f] 010002bc 00010f03
-[d] 010002b8 03 1e 02 - 0 - 00000000 -
-[r] 02 - 01000444 -
-[e] 010002b4 01000444 0
-[w] 010002ac 1 02 01000444
-[f] 010002bc 00010f03
-[d] 010002b8 03 1e 02 - 0 - 00000000 -
-[r] 02 - 010002a8 -
-[e] 010002b8 010002a8 0
-[m] 010002b4 01000444 1 0 00000033
-[w] 010002b0 1 01 00000033
-[f] 010002c0 03300e93
-[d] 010002bc 13 1d 00 - 0 - 00000033 -
-[r] 00 - 01000444 -
-[e] 010002b8 01000444 0
-[f] 010002c4 13df1a63
-[d] 010002c0 63 - 1e 1d 1 - 00000134 -
-[r] 1e 1d 00000000 00000000
-[e] 010002bc 00000033 0
-[f] 010002c8 00120213
-[d] 010002c4 13 04 04 - 0 - 00000001 -
-[r] 04 - 00000033 -
-[e] 010002c0 010003f4 0
-[w] 010002b8 1 1e 00000033
-[f] 010002cc 00200293
-[d] 010002c8 13 05 00 - 0 - 00000002 -
-[r] 00 - 00000001 -
-[e] 010002c4 00000002 0
-[w] 010002bc 1 1d 00000033
-[f] 010002d0 fc521ee3
-[d] 010002cc 63 - 04 05 1 - ffffffdc -
-[r] 04 05 00000000 00000000
-[e] 010002c8 00000002 0
-[f] 010002d4 01300193
-[d] 010002d0 13 03 00 - 0 - 00000013 -
-[r] 00 - 00000001 -
-[e] 010002cc 010002a8 0
-[w] 010002c4 1 04 00000002
-[f] 010002d8 00000213
-[d] 010002d4 13 04 00 - 0 - 00000000 -
-[r] 00 - 00000000 -
-[e] 010002d0 00000013 0
-[w] 010002c8 1 05 00000002
-[f] 010002dc 00000117
-[d] 010002d8 17 02 - - - - 00000000 -
-[r] - - - -
-[e] 010002d4 00000000 0
-[f] 010002e0 16c10113
-[d] 010002dc 13 02 02 - 0 - 0000016c -
-[r] 02 - 00000000 -
-[e] 010002d8 010002d8 0
-[w] 010002d0 1 03 00000013
-[f] 010002e4 02300093
-[d] 010002e0 13 01 00 - 0 - 00000023 -
-[r] 00 - 01000444 -
-[e] 010002dc 01000444 0
-[w] 010002d4 1 04 00000000
-[f] 010002ec 001100a3
-[d] 010002e8 23 - 02 01 0 - 00000001 -
-[r] 02 01 00000000 00000000
-[w] 010002dc 1 02 01000444
-[f] 010002ec 001100a3
-[d] 010002e8 23 - 02 01 0 - 00000001 -
-[r] 02 01 010002d8 00000033
-[e] 010002e8 010002d8 0
-[w] 010002e0 1 01 00000023
-[f] 010002ec 001100a3
-[d] 010002e8 23 - 02 01 0 - 00000001 -
-[r] 02 01 01000444 00000033
-[e] 010002e8 01000444 0
-[f] 010002f0 00110f03
-[d] 010002ec 03 1e 02 - 0 - 00000001 -
-[r] 02 - 01000444 -
-[e] 010002e8 01000445 0
-[f] 010002f4 02300e93
-[d] 010002f0 13 1d 00 - 0 - 00000023 -
-[r] 00 - 01000444 -
-[e] 010002ec 01000445 0
-[m] 010002e8 01000445 1 0 00000023
-[f] 010002f8 11df1063
-[d] 010002f4 63 - 1e 1d 1 - 00000100 -
-[r] 1e 1d 00000000 00000000
-[e] 010002f0 00000023 0
-[f] 010002fc 00120213
-[d] 010002f8 13 04 04 - 0 - 00000001 -
-[r] 04 - 00000033 -
-[e] 010002f4 010003f4 0
-[w] 010002ec 1 1e 00000023
-[f] 01000300 00200293
-[d] 010002fc 13 05 00 - 0 - 00000002 -
-[r] 00 - 00000000 -
-[e] 010002f8 00000001 0
-[w] 010002f0 1 1d 00000023
-[f] 01000304 fc521ce3
-[d] 01000300 63 - 04 05 1 - ffffffd8 -
-[r] 04 05 00000000 00000000
-[e] 010002fc 00000002 0
-[f] 01000308 01400193
-[d] 01000304 13 03 00 - 0 - 00000014 -
-[r] 00 - 00000000 -
-[e] 01000300 010002d8 1
-[w] 010002f8 1 04 00000001
-[f] 010002dc 00000117
-[d] 010002d8 17 02 - - - - 00000000 -
-[r] - - - -
-[f] 010002e0 16c10113
-[d] 010002dc 13 02 02 - 0 - 0000016c -
-[r] 02 - 00000000 -
-[e] 010002d8 010002d8 0
-[f] 010002e4 02300093
-[d] 010002e0 13 01 00 - 0 - 00000023 -
-[r] 00 - 01000444 -
-[e] 010002dc 01000444 0
-[f] 010002ec 001100a3
-[d] 010002e8 23 - 02 01 0 - 00000001 -
-[r] 02 01 00000000 00000000
-[w] 010002dc 1 02 01000444
-[f] 010002ec 001100a3
-[d] 010002e8 23 - 02 01 0 - 00000001 -
-[r] 02 01 010002d8 00000023
-[e] 010002e8 010002d8 0
-[w] 010002e0 1 01 00000023
-[f] 010002ec 001100a3
-[d] 010002e8 23 - 02 01 0 - 00000001 -
-[r] 02 01 01000444 00000023
-[e] 010002e8 01000444 0
-[f] 010002f0 00110f03
-[d] 010002ec 03 1e 02 - 0 - 00000001 -
-[r] 02 - 01000444 -
-[e] 010002e8 01000445 0
-[f] 010002f4 02300e93
-[d] 010002f0 13 1d 00 - 0 - 00000023 -
-[r] 00 - 01000444 -
-[e] 010002ec 01000445 0
-[m] 010002e8 01000445 1 0 00000023
-[f] 010002f8 11df1063
-[d] 010002f4 63 - 1e 1d 1 - 00000100 -
-[r] 1e 1d 00000000 00000000
-[e] 010002f0 00000023 0
-[f] 010002fc 00120213
-[d] 010002f8 13 04 04 - 0 - 00000001 -
-[r] 04 - 00000023 -
-[e] 010002f4 010003f4 0
-[w] 010002ec 1 1e 00000023
-[f] 01000300 00200293
-[d] 010002fc 13 05 00 - 0 - 00000002 -
-[r] 00 - 00000001 -
-[e] 010002f8 00000002 0
-[w] 010002f0 1 1d 00000023
-[f] 01000304 fc521ce3
-[d] 01000300 63 - 04 05 1 - ffffffd8 -
-[r] 04 05 00000000 00000000
-[e] 010002fc 00000002 0
-[f] 01000308 01400193
-[d] 01000304 13 03 00 - 0 - 00000014 -
-[r] 00 - 00000001 -
-[e] 01000300 010002d8 0
-[w] 010002f8 1 04 00000002
-[f] 0100030c 00000213
-[d] 01000308 13 04 00 - 0 - 00000000 -
-[r] 00 - 00000000 -
-[e] 01000304 00000014 0
-[w] 010002fc 1 05 00000002
-[f] 01000310 00000117
-[d] 0100030c 17 02 - - - - 00000000 -
-[r] - - - -
-[e] 01000308 00000000 0
-[f] 01000314 13810113
-[d] 01000310 13 02 02 - 0 - 00000138 -
-[r] 02 - 00000000 -
-[e] 0100030c 0100030c 0
-[w] 01000304 1 03 00000014
-[f] 01000318 02200093
-[d] 01000314 13 01 00 - 0 - 00000022 -
-[r] 00 - 01000444 -
-[e] 01000310 01000444 0
-[w] 01000308 1 04 00000000
-[f] 01000324 00110123
-[d] 01000320 23 - 02 01 0 - 00000002 -
-[r] 02 01 00000000 00000000
-[w] 01000314 1 01 00000022
-[f] 01000324 00110123
-[d] 01000320 23 - 02 01 0 - 00000002 -
-[r] 02 01 01000444 00000023
-[e] 01000320 01000444 0
-[f] 01000328 00210f03
-[d] 01000324 03 1e 02 - 0 - 00000002 -
-[r] 02 - 01000444 -
-[e] 01000320 01000446 0
-[f] 0100032c 02200e93
-[d] 01000328 13 1d 00 - 0 - 00000022 -
-[r] 00 - 01000444 -
-[e] 01000324 01000446 0
-[m] 01000320 01000446 1 0 00000022
-[f] 01000330 0ddf1463
-[d] 0100032c 63 - 1e 1d 1 - 000000c8 -
-[r] 1e 1d 00000000 00000000
-[e] 01000328 00000022 0
-[f] 01000334 00120213
-[d] 01000330 13 04 04 - 0 - 00000001 -
-[r] 04 - 00000023 -
-[e] 0100032c 010003f4 0
-[w] 01000324 1 1e 00000022
-[f] 01000338 00200293
-[d] 01000334 13 05 00 - 0 - 00000002 -
-[r] 00 - 00000000 -
-[e] 01000330 00000001 0
-[w] 01000328 1 1d 00000022
-[f] 0100033c fc521ae3
-[d] 01000338 63 - 04 05 1 - ffffffd4 -
-[r] 04 05 00000000 00000000
-[e] 01000334 00000002 0
-[f] 01000340 01500193
-[d] 0100033c 13 03 00 - 0 - 00000015 -
-[r] 00 - 00000000 -
-[e] 01000338 0100030c 1
-[w] 01000330 1 04 00000001
-[f] 01000310 00000117
-[d] 0100030c 17 02 - - - - 00000000 -
-[r] - - - -
-[f] 01000314 13810113
-[d] 01000310 13 02 02 - 0 - 00000138 -
-[r] 02 - 00000000 -
-[e] 0100030c 0100030c 0
-[f] 01000318 02200093
-[d] 01000314 13 01 00 - 0 - 00000022 -
-[r] 00 - 01000444 -
-[e] 01000310 01000444 0
-[f] 01000324 00110123
-[d] 01000320 23 - 02 01 0 - 00000002 -
-[r] 02 01 00000000 00000000
-[w] 01000314 1 01 00000022
-[f] 01000324 00110123
-[d] 01000320 23 - 02 01 0 - 00000002 -
-[r] 02 01 01000444 00000022
-[e] 01000320 01000444 0
-[f] 01000328 00210f03
-[d] 01000324 03 1e 02 - 0 - 00000002 -
-[r] 02 - 01000444 -
-[e] 01000320 01000446 0
-[f] 0100032c 02200e93
-[d] 01000328 13 1d 00 - 0 - 00000022 -
-[r] 00 - 01000444 -
-[e] 01000324 01000446 0
-[m] 01000320 01000446 1 0 00000022
-[f] 01000330 0ddf1463
-[d] 0100032c 63 - 1e 1d 1 - 000000c8 -
-[r] 1e 1d 00000000 00000000
-[e] 01000328 00000022 0
-[f] 01000334 00120213
-[d] 01000330 13 04 04 - 0 - 00000001 -
-[r] 04 - 00000022 -
-[e] 0100032c 010003f4 0
-[w] 01000324 1 1e 00000022
-[f] 01000338 00200293
-[d] 01000334 13 05 00 - 0 - 00000002 -
-[r] 00 - 00000001 -
-[e] 01000330 00000002 0
-[w] 01000328 1 1d 00000022
-[f] 0100033c fc521ae3
-[d] 01000338 63 - 04 05 1 - ffffffd4 -
-[r] 04 05 00000000 00000000
-[e] 01000334 00000002 0
-[f] 01000340 01500193
-[d] 0100033c 13 03 00 - 0 - 00000015 -
-[r] 00 - 00000001 -
-[e] 01000338 0100030c 0
-[w] 01000330 1 04 00000002
-[f] 01000344 00000213
-[d] 01000340 13 04 00 - 0 - 00000000 -
-[r] 00 - 00000000 -
-[e] 0100033c 00000015 0
-[w] 01000334 1 05 00000002
-[f] 01000348 00000117
-[d] 01000344 17 02 - - - - 00000000 -
-[r] - - - -
-[e] 01000340 00000000 0
-[f] 0100034c 10010113
-[d] 01000348 13 02 02 - 0 - 00000100 -
-[r] 02 - 00000000 -
-[e] 01000344 01000344 0
-[w] 0100033c 1 03 00000015
-[f] 01000354 01200093
-[d] 01000350 13 01 00 - 0 - 00000012 -
-[r] 00 - 00000000 -
-[w] 01000344 1 02 01000344
-[f] 01000358 001101a3
-[d] 01000354 23 - 02 01 0 - 00000003 -
-[r] 02 01 00000000 00000000
-[e] 01000350 00000012 0
-[w] 01000348 1 02 01000444
-[f] 01000358 001101a3
-[d] 01000354 23 - 02 01 0 - 00000003 -
-[r] 02 01 01000344 00000022
-[e] 01000354 01000344 0
-[f] 0100035c 00310f03
-[d] 01000358 03 1e 02 - 0 - 00000003 -
-[r] 02 - 01000444 -
-[e] 01000354 01000447 0
-[w] 01000350 1 01 00000012
-[f] 01000360 01200e93
-[d] 0100035c 13 1d 00 - 0 - 00000012 -
-[r] 00 - 01000444 -
-[e] 01000358 01000447 0
-[m] 01000354 01000447 1 0 00000012
-[f] 01000364 09df1a63
-[d] 01000360 63 - 1e 1d 1 - 00000094 -
-[r] 1e 1d 00000000 00000000
-[e] 0100035c 00000012 0
-[f] 01000368 00120213
-[d] 01000364 13 04 04 - 0 - 00000001 -
-[r] 04 - 00000022 -
-[e] 01000360 010003f4 0
-[w] 01000358 1 1e 00000012
-[f] 0100036c 00200293
-[d] 01000368 13 05 00 - 0 - 00000002 -
-[r] 00 - 00000000 -
-[e] 01000364 00000001 0
-[w] 0100035c 1 1d 00000012
-[f] 01000370 fc521ce3
-[d] 0100036c 63 - 04 05 1 - ffffffd8 -
-[r] 04 05 00000000 00000000
-[e] 01000368 00000002 0
-[f] 01000374 01600193
-[d] 01000370 13 03 00 - 0 - 00000016 -
-[r] 00 - 00000000 -
-[e] 0100036c 01000344 1
-[w] 01000364 1 04 00000001
-[f] 01000348 00000117
-[d] 01000344 17 02 - - - - 00000000 -
-[r] - - - -
-[f] 0100034c 10010113
-[d] 01000348 13 02 02 - 0 - 00000100 -
-[r] 02 - 00000000 -
-[e] 01000344 01000344 0
-[f] 01000354 01200093
-[d] 01000350 13 01 00 - 0 - 00000012 -
-[r] 00 - 00000000 -
-[w] 01000344 1 02 01000344
-[f] 01000358 001101a3
-[d] 01000354 23 - 02 01 0 - 00000003 -
-[r] 02 01 00000000 00000000
-[e] 01000350 00000012 0
-[w] 01000348 1 02 01000444
-[f] 01000358 001101a3
-[d] 01000354 23 - 02 01 0 - 00000003 -
-[r] 02 01 01000344 00000012
-[e] 01000354 01000344 0
-[f] 0100035c 00310f03
-[d] 01000358 03 1e 02 - 0 - 00000003 -
-[r] 02 - 01000444 -
-[e] 01000354 01000447 0
-[w] 01000350 1 01 00000012
-[f] 01000360 01200e93
-[d] 0100035c 13 1d 00 - 0 - 00000012 -
-[r] 00 - 01000444 -
-[e] 01000358 01000447 0
-[m] 01000354 01000447 1 0 00000012
-[f] 01000364 09df1a63
-[d] 01000360 63 - 1e 1d 1 - 00000094 -
-[r] 1e 1d 00000000 00000000
-[e] 0100035c 00000012 0
-[f] 01000368 00120213
-[d] 01000364 13 04 04 - 0 - 00000001 -
-[r] 04 - 00000012 -
-[e] 01000360 010003f4 0
-[w] 01000358 1 1e 00000012
-[f] 0100036c 00200293
-[d] 01000368 13 05 00 - 0 - 00000002 -
-[r] 00 - 00000001 -
-[e] 01000364 00000002 0
-[w] 0100035c 1 1d 00000012
-[f] 01000370 fc521ce3
-[d] 0100036c 63 - 04 05 1 - ffffffd8 -
-[r] 04 05 00000000 00000000
-[e] 01000368 00000002 0
-[f] 01000374 01600193
-[d] 01000370 13 03 00 - 0 - 00000016 -
-[r] 00 - 00000001 -
-[e] 0100036c 01000344 0
-[w] 01000364 1 04 00000002
-[f] 01000378 00000213
-[d] 01000374 13 04 00 - 0 - 00000000 -
-[r] 00 - 00000000 -
-[e] 01000370 00000016 0
-[w] 01000368 1 05 00000002
-[f] 0100037c 00000117
-[d] 01000378 17 02 - - - - 00000000 -
-[r] - - - -
-[e] 01000374 00000000 0
-[f] 01000380 0cc10113
-[d] 0100037c 13 02 02 - 0 - 000000cc -
-[r] 02 - 00000000 -
-[e] 01000378 01000378 0
-[w] 01000370 1 03 00000016
-[f] 01000388 01100093
-[d] 01000384 13 01 00 - 0 - 00000011 -
-[r] 00 - 00000000 -
-[w] 01000378 1 02 01000378
-[f] 01000390 00110223
-[d] 0100038c 23 - 02 01 0 - 00000004 -
-[r] 02 01 00000000 00000000
-[f] 01000394 00410f03
-[d] 01000390 03 1e 02 - 0 - 00000004 -
-[r] 02 - 01000444 -
-[e] 0100038c 01000448 0
-[w] 01000384 1 01 00000011
-[f] 01000398 01100e93
-[d] 01000394 13 1d 00 - 0 - 00000011 -
-[r] 00 - 01000444 -
-[e] 01000390 01000448 0
-[m] 0100038c 01000448 1 0 00000011
-[f] 0100039c 05df1e63
-[d] 01000398 63 - 1e 1d 1 - 0000005c -
-[r] 1e 1d 00000000 00000000
-[e] 01000394 00000011 0
-[f] 010003a0 00120213
-[d] 0100039c 13 04 04 - 0 - 00000001 -
-[r] 04 - 00000012 -
-[e] 01000398 010003f4 0
-[w] 01000390 1 1e 00000011
-[f] 010003a4 00200293
-[d] 010003a0 13 05 00 - 0 - 00000002 -
-[r] 00 - 00000000 -
-[e] 0100039c 00000001 0
-[w] 01000394 1 1d 00000011
-[f] 010003a8 fc521ae3
-[d] 010003a4 63 - 04 05 1 - ffffffd4 -
-[r] 04 05 00000000 00000000
-[e] 010003a0 00000002 0
-[f] 010003ac 01700193
-[d] 010003a8 13 03 00 - 0 - 00000017 -
-[r] 00 - 00000000 -
-[e] 010003a4 01000378 1
-[w] 0100039c 1 04 00000001
-[f] 0100037c 00000117
-[d] 01000378 17 02 - - - - 00000000 -
-[r] - - - -
-[f] 01000380 0cc10113
-[d] 0100037c 13 02 02 - 0 - 000000cc -
-[r] 02 - 00000000 -
-[e] 01000378 01000378 0
-[f] 01000388 01100093
-[d] 01000384 13 01 00 - 0 - 00000011 -
-[r] 00 - 00000000 -
-[w] 01000378 1 02 01000378
-[f] 01000390 00110223
-[d] 0100038c 23 - 02 01 0 - 00000004 -
-[r] 02 01 00000000 00000000
-[f] 01000394 00410f03
-[d] 01000390 03 1e 02 - 0 - 00000004 -
-[r] 02 - 01000444 -
-[e] 0100038c 01000448 0
-[w] 01000384 1 01 00000011
-[f] 01000398 01100e93
-[d] 01000394 13 1d 00 - 0 - 00000011 -
-[r] 00 - 01000444 -
-[e] 01000390 01000448 0
-[m] 0100038c 01000448 1 0 00000011
-[f] 0100039c 05df1e63
-[d] 01000398 63 - 1e 1d 1 - 0000005c -
-[r] 1e 1d 00000000 00000000
-[e] 01000394 00000011 0
-[f] 010003a0 00120213
-[d] 0100039c 13 04 04 - 0 - 00000001 -
-[r] 04 - 00000011 -
-[e] 01000398 010003f4 0
-[w] 01000390 1 1e 00000011
-[f] 010003a4 00200293
-[d] 010003a0 13 05 00 - 0 - 00000002 -
-[r] 00 - 00000001 -
-[e] 0100039c 00000002 0
-[w] 01000394 1 1d 00000011
-[f] 010003a8 fc521ae3
-[d] 010003a4 63 - 04 05 1 - ffffffd4 -
-[r] 04 05 00000000 00000000
-[e] 010003a0 00000002 0
-[f] 010003ac 01700193
-[d] 010003a8 13 03 00 - 0 - 00000017 -
-[r] 00 - 00000001 -
-[e] 010003a4 01000378 0
-[w] 0100039c 1 04 00000002
-[f] 010003b0 00000213
-[d] 010003ac 13 04 00 - 0 - 00000000 -
-[r] 00 - 00000000 -
-[e] 010003a8 00000017 0
-[w] 010003a0 1 05 00000002
-[f] 010003b4 00000117
-[d] 010003b0 17 02 - - - - 00000000 -
-[r] - - - -
-[e] 010003ac 00000000 0
-[f] 010003b8 09410113
-[d] 010003b4 13 02 02 - 0 - 00000094 -
-[r] 02 - 00000000 -
-[e] 010003b0 010003b0 0
-[w] 010003a8 1 03 00000017
-[f] 010003c4 00100093
-[d] 010003c0 13 01 00 - 0 - 00000001 -
-[r] 00 - 00000000 -
-[w] 010003b4 1 02 01000444
-[f] 010003c8 001102a3
-[d] 010003c4 23 - 02 01 0 - 00000005 -
-[r] 02 01 00000000 00000000
-[e] 010003c0 00000001 0
-[f] 010003cc 00510f03
-[d] 010003c8 03 1e 02 - 0 - 00000005 -
-[r] 02 - 01000444 -
-[e] 010003c4 01000449 0
-[f] 010003d0 00100e93
-[d] 010003cc 13 1d 00 - 0 - 00000001 -
-[r] 00 - 01000444 -
-[e] 010003c8 01000449 0
-[m] 010003c4 01000449 1 0 00000001
-[w] 010003c0 1 01 00000001
-[f] 010003d4 03df1263
-[d] 010003d0 63 - 1e 1d 1 - 00000024 -
-[r] 1e 1d 00000000 00000000
-[e] 010003cc 00000001 0
-[f] 010003d8 00120213
-[d] 010003d4 13 04 04 - 0 - 00000001 -
-[r] 04 - 00000011 -
-[e] 010003d0 010003f4 0
-[w] 010003c8 1 1e 00000001
-[f] 010003dc 00200293
-[d] 010003d8 13 05 00 - 0 - 00000002 -
-[r] 00 - 00000000 -
-[e] 010003d4 00000001 0
-[w] 010003cc 1 1d 00000001
-[f] 010003e0 fc521ae3
-[d] 010003dc 63 - 04 05 1 - ffffffd4 -
-[r] 04 05 00000000 00000000
-[e] 010003d8 00000002 0
-[f] 010003e4 0ef00513
-[d] 010003e0 13 0a 00 - 0 - 000000ef -
-[r] 00 - 00000000 -
-[e] 010003dc 010003b0 1
-[w] 010003d4 1 04 00000001
-[f] 010003b4 00000117
-[d] 010003b0 17 02 - - - - 00000000 -
-[r] - - - -
-[f] 010003b8 09410113
-[d] 010003b4 13 02 02 - 0 - 00000094 -
-[r] 02 - 00000000 -
-[e] 010003b0 010003b0 0
-[f] 010003c4 00100093
-[d] 010003c0 13 01 00 - 0 - 00000001 -
-[r] 00 - 00000000 -
-[w] 010003b4 1 02 01000444
-[f] 010003c8 001102a3
-[d] 010003c4 23 - 02 01 0 - 00000005 -
-[r] 02 01 00000000 00000000
-[e] 010003c0 00000001 0
-[f] 010003cc 00510f03
-[d] 010003c8 03 1e 02 - 0 - 00000005 -
-[r] 02 - 01000444 -
-[e] 010003c4 01000449 0
-[f] 010003d0 00100e93
-[d] 010003cc 13 1d 00 - 0 - 00000001 -
-[r] 00 - 01000444 -
-[e] 010003c8 01000449 0
-[m] 010003c4 01000449 1 0 00000001
-[w] 010003c0 1 01 00000001
-[f] 010003d4 03df1263
-[d] 010003d0 63 - 1e 1d 1 - 00000024 -
-[r] 1e 1d 00000000 00000000
-[e] 010003cc 00000001 0
-[f] 010003d8 00120213
-[d] 010003d4 13 04 04 - 0 - 00000001 -
-[r] 04 - 00000001 -
-[e] 010003d0 010003f4 0
-[w] 010003c8 1 1e 00000001
-[f] 010003dc 00200293
-[d] 010003d8 13 05 00 - 0 - 00000002 -
-[r] 00 - 00000001 -
-[e] 010003d4 00000002 0
-[w] 010003cc 1 1d 00000001
-[f] 010003e0 fc521ae3
-[d] 010003dc 63 - 04 05 1 - ffffffd4 -
-[r] 04 05 00000000 00000000
-[e] 010003d8 00000002 0
-[f] 010003e4 0ef00513
-[d] 010003e0 13 0a 00 - 0 - 000000ef -
-[r] 00 - 00000001 -
-[e] 010003dc 010003b0 0
-[w] 010003d4 1 04 00000002
-[f] 010003e8 00000597
-[d] 010003e4 17 0b - - - - 00000000 -
-[r] - - - -
-[e] 010003e0 000000ef 0
-[w] 010003d8 1 05 00000002
-[f] 010003ec 06058593
-[d] 010003e8 13 0b 0b - 0 - 00000060 -
-[r] 0b - 00000000 -
-[e] 010003e4 010003e4 0
-[f] 010003f0 00a581a3
-[d] 010003ec 23 - 0b 0a 0 - 00000003 -
-[r] 0b 0a 00000000 00000000
-[e] 010003e8 01000444 0
-[w] 010003e0 1 0a 000000ef
-[f] 010003f0 00a581a3
-[d] 010003ec 23 - 0b 0a 0 - 00000003 -
-[r] 0b 0a 00000000 00000000
-[e] 010003ec 00000000 0
-[w] 010003e4 1 0b 010003e4
-[f] 010003f4 00301c63
-[d] 010003f0 63 - 00 03 1 - 00000018 -
-[r] 00 03 00000000 000000ef
-[e] 010003ec 01000447 0
-[w] 010003e8 1 0b 01000444
-[f] 01000410 00100193
-[d] 0100040c 13 03 00 - 0 - 00000001 -
-[r] 00 - 00000000 -
-[e] 01000408 00000000 0
+[e] 01000020 010003f8 1
+[f] 010003fc 00018063
+[d] 010003f8 13 02 00 - 0 - 00000000 -
+[r] 00 - 00000000 -
+[f] 01000400 00119193
+[d] 010003fc 63 - 03 00 0 - 00000000 -
+[r] 03 00 00000000 00000000
+[e] 010003f8 00000000 0
+[f] 01000404 0011e193
+[d] 01000400 13 03 03 - 1 - 00000000 -
+[r] 03 - 00000002 -
+[e] 010003fc 010003fc 1
