--- /tmp/tmp.ruEDTclRQH	2025-11-28 17:09:52.613369989 -0500
+++ /tmp/tmp.ZspD3boT73	2025-11-28 17:09:52.623370034 -0500
@@ -1,3191 +1,192 @@
-[f] 01000004 fe010113
-[d] 01000000 13 02 02 - 0 - ffffffe0 -
-[r] 02 - 00000000 -
 [f] 01000008 00112e23
-[d] 01000004 23 - 02 01 2 - 0000001c -
-[r] 02 01 01100000 00000000
-[e] 01000000 010fffe0 0
+[d] 01000004 13 02 02 - 0 - ffffffe0 -
+[r] 02 - 00000000 -
+[e] 01000000 00000000 0
 [f] 0100000c 000017b7
-[d] 01000008 37 0f - - - - 00001000 -
-[r] - - - -
-[e] 01000004 010ffffc 0
+[d] 01000008 23 - 02 01 2 - 0000001c -
+[r] 02 01 00000000 00000000
+[e] 01000004 ffffffe0 0
 [f] 01000010 80078793
-[d] 0100000c 13 0f 0f - 0 - fffff800 -
-[r] 0f - 00000000 -
-[e] 01000008 00001000 0
-[m] 01000004 010ffffc 1 2 00000000
-[w] 01000000 1 02 010fffe0
+[d] 0100000c 37 0f - - - - 00001000 -
+[r] - - - -
+[e] 01000008 fffffffc 0
 [f] 01000014 00f12623
-[d] 01000010 23 - 02 0f 2 - 0000000c -
-[r] 02 0f 00000000 00000000
-[e] 0100000c 00000800 0
+[d] 01000010 13 0f 0f - 0 - fffff800 -
+[r] 0f - 00000000 -
+[e] 0100000c 00001000 0
+[m] 01000008 fffffffc 1 2 00000000
+[w] 01000004 1 02 ffffffe0
 [f] 01000018 07c00793
-[d] 01000014 13 0f 00 - 0 - 0000007c -
-[r] 00 - 010fffe0 -
-[e] 01000010 010fffec 0
-[w] 01000008 1 0f 00001000
+[d] 01000014 23 - 02 0f 2 - 0000000c -
+[r] 02 0f 00000000 00000000
+[e] 01000010 00000800 0
 [f] 0100001c 00f12423
-[d] 01000018 23 - 02 0f 2 - 00000008 -
+[d] 01000018 13 0f 00 - 0 - 0000007c -
+[r] 00 - ffffffe0 -
+[e] 01000014 0000000c 0
+[w] 0100000c 1 0f 00001000
+[f] 01000020 00c12783
+[d] 0100001c 23 - 02 0f 2 - 00000008 -
 [r] 02 0f 00000000 00000000
-[e] 01000014 0000007c 0
-[m] 01000010 010fffec 1 2 00000800
-[w] 0100000c 1 0f 00000800
+[e] 01000018 0000005c 0
+[m] 01000014 0000000c 1 2 00000800
+[w] 01000010 1 0f 00000800
 [f] 01000020 00c12783
-[d] 0100001c 03 0f 02 - 2 - 0000000c -
-[r] 02 - 010fffe0 -
-[e] 01000018 010fffe8 0
+[d] 0100001c 23 - 02 0f 2 - 00000008 -
+[r] 02 0f ffffffe0 00001000
+[e] 0100001c 00000000 0
 [f] 01000024 41f7d793
-[d] 01000020 13 0f 0f - 5 - 0000001f -
-[r] 0f - 010fffe0 -
-[e] 0100001c 010fffec 0
-[m] 01000018 010fffe8 1 2 0000007c
-[w] 01000014 1 0f 0000007c
-[f] 01000024 41f7d793
-[d] 01000020 13 0f 0f - 5 - 0000001f -
-[r] 0f - 00000800 -
-[e] 01000020 00000800 0
+[d] 01000020 03 0f 02 - 2 - 0000000c -
+[r] 02 - ffffffe0 -
+[e] 0100001c ffffffe8 0
+[w] 01000018 1 0f 0000005c
 [f] 01000028 00c12703
-[d] 01000024 03 0e 02 - 2 - 0000000c -
-[r] 02 - 0000007c -
-[e] 01000020 00000000 1
-[w] 0100001c 1 0f 00000800
-[f] 0100002c 00f74733
-[d] 01000028 33 0e 0e 0f 4 00 - -
-[r] 0e 0f 010fffe0 00000000
-[e] 01000024 010fffec 0
-[f] 0100002c 00f74733
-[d] 01000028 33 0e 0e 0f 4 00 - -
-[r] 0e 0f 00000000 00000800
-[e] 01000028 00000000 0
-[w] 01000020 1 0f 00000000
-[f] 0100002c 00f74733
-[d] 01000028 33 0e 0e 0f 4 00 - -
-[r] 0e 0f 00000000 00000800
-[e] 01000028 00000000 0
-[w] 01000024 1 0e 00000800
+[d] 01000024 13 0f 0f - 5 - 00000000 -
+[r] 0f - ffffffe0 -
+[e] 01000020 ffffffec 0
+[m] 0100001c ffffffe8 1 2 0000005c
+[f] 01000028 00c12703
+[d] 01000024 13 0f 0f - 5 - 00000000 -
+[r] 0f - 0000005c -
+[e] 01000024 00000000 0
+[f] 01000028 00c12703
+[d] 01000024 13 0f 0f - 5 - 00000000 -
+[r] 0f - 0000005c -
+[e] 01000024 00000000 0
+[w] 01000020 1 0f fe010113
+[f] 01000028 00c12703
+[d] 01000024 13 0f 0f - 5 - 00000000 -
+[r] 0f - 0000005c -
+[e] 01000024 00000000 0
 [f] 0100002c 00f74733
-[d] 01000028 33 0e 0e 0f 4 00 - -
-[r] 0e 0f 00000000 00000000
-[e] 01000028 00000000 0
+[d] 01000028 03 0e 02 - 2 - 0000000c -
+[r] 02 - fe010113 -
+[e] 01000024 0000005c 0
+[f] 01000030 40f707b3
+[d] 0100002c 33 0e 0e 0f 4 00 - -
+[r] 0e 0f ffffffe0 00000000
+[e] 01000028 fe01011f 0
+[f] 01000030 40f707b3
+[d] 0100002c 33 0e 0e 0f 4 00 - -
+[r] 0e 0f 00000000 fe010113
+[e] 0100002c 00000000 0
+[w] 01000024 1 0f 0000005c
 [f] 01000030 40f707b3
-[d] 0100002c 33 0f 0e 0f 0 20 - -
-[r] 0e 0f 00000800 00000000
-[e] 01000028 00000800 0
+[d] 0100002c 33 0e 0e 0f 4 00 - -
+[r] 0e 0f 00000000 fe010113
+[e] 0100002c 00000000 0
+[w] 01000028 1 0e fe010113
+[f] 01000030 40f707b3
+[d] 0100002c 33 0e 0e 0f 4 00 - -
+[r] 0e 0f 00000000 0000005c
+[e] 0100002c 00000000 0
 [f] 01000034 00f12623
-[d] 01000030 23 - 02 0f 2 - 0000000c -
-[r] 02 0f 00000800 00000000
-[e] 0100002c 00000800 0
+[d] 01000030 33 0f 0e 0f 0 20 - -
+[r] 0e 0f fe010113 0000005c
+[e] 0100002c 0000005c 0
 [f] 01000038 00812783
-[d] 01000034 03 0f 02 - 2 - 00000008 -
-[r] 02 - 010fffe0 -
-[e] 01000030 010fffec 0
-[w] 01000028 1 0e 00000800
-[f] 0100003c 41f7d793
-[d] 01000038 13 0f 0f - 5 - 0000001f -
-[r] 0f - 010fffe0 -
-[e] 01000034 010fffe8 0
-[m] 01000030 010fffec 1 2 00000800
-[w] 0100002c 1 0f 00000800
+[d] 01000034 23 - 02 0f 2 - 0000000c -
+[r] 02 0f fe010113 0000005c
+[e] 01000030 00000000 0
 [f] 0100003c 41f7d793
-[d] 01000038 13 0f 0f - 5 - 0000001f -
+[d] 01000038 03 0f 02 - 2 - 00000008 -
+[r] 02 - ffffffe0 -
+[e] 01000034 fe01011f 0
+[w] 0100002c 1 0e 0000005c
+[f] 01000040 00812703
+[d] 0100003c 13 0f 0f - 5 - 00000000 -
+[r] 0f - ffffffe0 -
+[e] 01000038 ffffffe8 0
+[m] 01000034 fe01011f 1 2 00000000
+[w] 01000030 1 0f 00000000
+[f] 01000040 00812703
+[d] 0100003c 13 0f 0f - 5 - 00000000 -
+[r] 0f - 0000005c -
+[e] 0100003c 00000000 0
+[f] 01000040 00812703
+[d] 0100003c 13 0f 0f - 5 - 00000000 -
 [r] 0f - 00000000 -
-[e] 01000038 00000000 0
+[e] 0100003c 00000000 0
+[w] 01000038 1 0f fe010113
 [f] 01000040 00812703
-[d] 0100003c 03 0e 02 - 2 - 00000008 -
-[r] 02 - 00000800 -
-[e] 01000038 00000000 1
-[w] 01000034 1 0f 0000007c
-[f] 01000044 00f74733
-[d] 01000040 33 0e 0e 0f 4 00 - -
-[r] 0e 0f 010fffe0 00000000
-[e] 0100003c 010fffe8 0
-[f] 01000044 00f74733
-[d] 01000040 33 0e 0e 0f 4 00 - -
-[r] 0e 0f 00000800 0000007c
-[e] 01000040 00000800 0
-[w] 01000038 1 0f 00000000
-[f] 01000044 00f74733
-[d] 01000040 33 0e 0e 0f 4 00 - -
-[r] 0e 0f 00000800 0000007c
-[e] 01000040 00000800 0
-[w] 0100003c 1 0e 0000007c
+[d] 0100003c 13 0f 0f - 5 - 00000000 -
+[r] 0f - 00000000 -
+[e] 0100003c 00000000 0
 [f] 01000044 00f74733
-[d] 01000040 33 0e 0e 0f 4 00 - -
-[r] 0e 0f 00000800 00000000
-[e] 01000040 00000800 0
+[d] 01000040 03 0e 02 - 2 - 00000008 -
+[r] 02 - fe010113 -
+[e] 0100003c 00000000 0
+[f] 01000048 40f707b3
+[d] 01000044 33 0e 0e 0f 4 00 - -
+[r] 0e 0f ffffffe0 00000000
+[e] 01000040 fe01011b 0
+[f] 01000048 40f707b3
+[d] 01000044 33 0e 0e 0f 4 00 - -
+[r] 0e 0f 0000005c fe010113
+[e] 01000044 00000000 0
+[w] 0100003c 1 0f 00000000
 [f] 01000048 40f707b3
-[d] 01000044 33 0f 0e 0f 0 20 - -
-[r] 0e 0f 0000007c 00000000
-[e] 01000040 0000007c 0
+[d] 01000044 33 0e 0e 0f 4 00 - -
+[r] 0e 0f 0000005c fe010113
+[e] 01000044 00000000 0
+[w] 01000040 1 0e fe010113
+[f] 01000048 40f707b3
+[d] 01000044 33 0e 0e 0f 4 00 - -
+[r] 0e 0f 0000005c 00000000
+[e] 01000044 00000000 0
 [f] 0100004c 00f12423
-[d] 01000048 23 - 02 0f 2 - 00000008 -
-[r] 02 0f 0000007c 00000000
-[e] 01000044 0000007c 0
+[d] 01000048 33 0f 0e 0f 0 20 - -
+[r] 0e 0f fe010113 00000000
+[e] 01000044 0000005c 0
 [f] 01000050 0340006f
-[d] 0100004c 6f 00 - - - - 00000034 -
-[r] - - - -
-[e] 01000048 010fffe8 0
-[w] 01000040 1 0e 0000007c
-[f] 01000054 00c12703
-[d] 01000050 03 0e 02 - 2 - 0000000c -
-[r] 02 - 00000000 -
-[e] 0100004c 01000080 0
-[m] 01000048 010fffe8 1 2 0000007c
-[w] 01000044 1 0f 0000007c
-[f] 01000084 00c12703
-[d] 01000080 03 0e 02 - 2 - 0000000c -
-[r] 02 - 00000000 -
-[f] 01000088 00812783
-[d] 01000084 03 0f 02 - 2 - 00000008 -
-[r] 02 - 010fffe0 -
-[e] 01000080 010fffec 0
-[f] 0100008c fcf714e3
-[d] 01000088 63 - 0e 0f 1 - ffffffc8 -
-[r] 0e 0f 010fffe0 00000000
-[e] 01000084 010fffe8 0
-[f] 0100008c fcf714e3
-[d] 01000088 63 - 0e 0f 1 - ffffffc8 -
-[r] 0e 0f 0000007c 0000007c
-[e] 01000088 0000007c 0
-[w] 01000080 1 0e 00000800
-[f] 0100008c fcf714e3
-[d] 01000088 63 - 0e 0f 1 - ffffffc8 -
-[r] 0e 0f 0000007c 0000007c
-[e] 01000088 0000007c 0
-[w] 01000084 1 0f 0000007c
-[f] 0100008c fcf714e3
-[d] 01000088 63 - 0e 0f 1 - ffffffc8 -
-[r] 0e 0f 00000800 0000007c
-[e] 01000088 00000800 0
-[f] 01000090 00c12503
-[d] 0100008c 03 0a 02 - 2 - 0000000c -
-[r] 02 - 00000800 -
-[e] 01000088 01000050 1
-[f] 01000054 00c12703
-[d] 01000050 03 0e 02 - 2 - 0000000c -
-[r] 02 - 00000000 -
-[f] 01000058 00812783
-[d] 01000054 03 0f 02 - 2 - 00000008 -
-[r] 02 - 010fffe0 -
-[e] 01000050 010fffec 0
-[f] 0100005c 00e7dc63
-[d] 01000058 63 - 0f 0e 5 - 00000018 -
-[r] 0f 0e 010fffe0 00000000
-[e] 01000054 010fffe8 0
-[f] 0100005c 00e7dc63
-[d] 01000058 63 - 0f 0e 5 - 00000018 -
-[r] 0f 0e 0000007c 00000800
-[e] 01000058 0000007c 0
-[w] 01000050 1 0e 00000800
-[f] 0100005c 00e7dc63
-[d] 01000058 63 - 0f 0e 5 - 00000018 -
-[r] 0f 0e 0000007c 00000800
-[e] 01000058 0000007c 0
-[w] 01000054 1 0f 0000007c
-[f] 0100005c 00e7dc63
-[d] 01000058 63 - 0f 0e 5 - 00000018 -
-[r] 0f 0e 0000007c 00000800
-[e] 01000058 0000007c 0
-[f] 01000060 00c12703
-[d] 0100005c 03 0e 02 - 2 - 0000000c -
-[r] 02 - 0000007c -
-[e] 01000058 01000070 0
-[f] 01000064 00812783
-[d] 01000060 03 0f 02 - 2 - 00000008 -
-[r] 02 - 010fffe0 -
-[e] 0100005c 010fffec 0
-[f] 01000068 40f707b3
-[d] 01000064 33 0f 0e 0f 0 20 - -
-[r] 0e 0f 010fffe0 00000000
-[e] 01000060 010fffe8 0
-[f] 01000068 40f707b3
-[d] 01000064 33 0f 0e 0f 0 20 - -
-[r] 0e 0f 00000800 0000007c
-[e] 01000064 00000800 0
-[w] 0100005c 1 0e 00000800
-[f] 01000068 40f707b3
-[d] 01000064 33 0f 0e 0f 0 20 - -
-[r] 0e 0f 00000800 0000007c
-[e] 01000064 00000800 0
-[w] 01000060 1 0f 0000007c
-[f] 01000068 40f707b3
-[d] 01000064 33 0f 0e 0f 0 20 - -
-[r] 0e 0f 00000800 0000007c
-[e] 01000064 00000800 0
-[f] 0100006c 00f12623
-[d] 01000068 23 - 02 0f 2 - 0000000c -
-[r] 02 0f 00000800 0000007c
-[e] 01000064 00000784 0
-[f] 01000070 0140006f
-[d] 0100006c 6f 00 - - - - 00000014 -
-[r] - - - -
-[e] 01000068 010fffec 0
-[f] 01000074 00812703
-[d] 01000070 03 0e 02 - 2 - 00000008 -
-[r] 02 - 00000000 -
-[e] 0100006c 01000080 0
-[m] 01000068 010fffec 1 2 00000784
-[w] 01000064 1 0f 00000784
-[f] 01000084 00c12703
-[d] 01000080 03 0e 02 - 2 - 0000000c -
-[r] 02 - 00000000 -
-[f] 01000088 00812783
-[d] 01000084 03 0f 02 - 2 - 00000008 -
-[r] 02 - 010fffe0 -
-[e] 01000080 010fffec 0
-[f] 0100008c fcf714e3
-[d] 01000088 63 - 0e 0f 1 - ffffffc8 -
-[r] 0e 0f 010fffe0 00000000
-[e] 01000084 010fffe8 0
-[f] 0100008c fcf714e3
-[d] 01000088 63 - 0e 0f 1 - ffffffc8 -
-[r] 0e 0f 00000800 00000784
-[e] 01000088 00000800 0
-[w] 01000080 1 0e 00000784
-[f] 0100008c fcf714e3
-[d] 01000088 63 - 0e 0f 1 - ffffffc8 -
-[r] 0e 0f 00000800 00000784
-[e] 01000088 00000800 0
-[w] 01000084 1 0f 0000007c
-[f] 0100008c fcf714e3
-[d] 01000088 63 - 0e 0f 1 - ffffffc8 -
-[r] 0e 0f 00000784 00000784
-[e] 01000088 00000784 0
-[f] 01000090 00c12503
-[d] 0100008c 03 0a 02 - 2 - 0000000c -
-[r] 02 - 00000784 -
-[e] 01000088 01000050 1
-[f] 01000054 00c12703
-[d] 01000050 03 0e 02 - 2 - 0000000c -
-[r] 02 - 00000000 -
-[f] 01000058 00812783
-[d] 01000054 03 0f 02 - 2 - 00000008 -
-[r] 02 - 010fffe0 -
-[e] 01000050 010fffec 0
-[f] 0100005c 00e7dc63
-[d] 01000058 63 - 0f 0e 5 - 00000018 -
-[r] 0f 0e 010fffe0 00000000
-[e] 01000054 010fffe8 0
-[f] 0100005c 00e7dc63
-[d] 01000058 63 - 0f 0e 5 - 00000018 -
-[r] 0f 0e 0000007c 00000784
-[e] 01000058 0000007c 0
-[w] 01000050 1 0e 00000784
-[f] 0100005c 00e7dc63
-[d] 01000058 63 - 0f 0e 5 - 00000018 -
-[r] 0f 0e 0000007c 00000784
-[e] 01000058 0000007c 0
-[w] 01000054 1 0f 0000007c
-[f] 0100005c 00e7dc63
-[d] 01000058 63 - 0f 0e 5 - 00000018 -
-[r] 0f 0e 0000007c 00000784
-[e] 01000058 0000007c 0
-[f] 01000060 00c12703
-[d] 0100005c 03 0e 02 - 2 - 0000000c -
-[r] 02 - 0000007c -
-[e] 01000058 01000070 0
-[f] 01000064 00812783
-[d] 01000060 03 0f 02 - 2 - 00000008 -
-[r] 02 - 010fffe0 -
-[e] 0100005c 010fffec 0
-[f] 01000068 40f707b3
-[d] 01000064 33 0f 0e 0f 0 20 - -
-[r] 0e 0f 010fffe0 00000000
-[e] 01000060 010fffe8 0
-[f] 01000068 40f707b3
-[d] 01000064 33 0f 0e 0f 0 20 - -
-[r] 0e 0f 00000784 0000007c
-[e] 01000064 00000784 0
-[w] 0100005c 1 0e 00000784
-[f] 01000068 40f707b3
-[d] 01000064 33 0f 0e 0f 0 20 - -
-[r] 0e 0f 00000784 0000007c
-[e] 01000064 00000784 0
-[w] 01000060 1 0f 0000007c
-[f] 01000068 40f707b3
-[d] 01000064 33 0f 0e 0f 0 20 - -
-[r] 0e 0f 00000784 0000007c
-[e] 01000064 00000784 0
-[f] 0100006c 00f12623
-[d] 01000068 23 - 02 0f 2 - 0000000c -
-[r] 02 0f 00000784 0000007c
-[e] 01000064 00000708 0
-[f] 01000070 0140006f
-[d] 0100006c 6f 00 - - - - 00000014 -
-[r] - - - -
-[e] 01000068 010fffec 0
-[f] 01000074 00812703
-[d] 01000070 03 0e 02 - 2 - 00000008 -
-[r] 02 - 00000000 -
-[e] 0100006c 01000080 0
-[m] 01000068 010fffec 1 2 00000708
-[w] 01000064 1 0f 00000708
-[f] 01000084 00c12703
-[d] 01000080 03 0e 02 - 2 - 0000000c -
-[r] 02 - 00000000 -
-[f] 01000088 00812783
-[d] 01000084 03 0f 02 - 2 - 00000008 -
-[r] 02 - 010fffe0 -
-[e] 01000080 010fffec 0
-[f] 0100008c fcf714e3
-[d] 01000088 63 - 0e 0f 1 - ffffffc8 -
-[r] 0e 0f 010fffe0 00000000
-[e] 01000084 010fffe8 0
-[f] 0100008c fcf714e3
-[d] 01000088 63 - 0e 0f 1 - ffffffc8 -
-[r] 0e 0f 00000784 00000708
-[e] 01000088 00000784 0
-[w] 01000080 1 0e 00000708
-[f] 0100008c fcf714e3
-[d] 01000088 63 - 0e 0f 1 - ffffffc8 -
-[r] 0e 0f 00000784 00000708
-[e] 01000088 00000784 0
-[w] 01000084 1 0f 0000007c
-[f] 0100008c fcf714e3
-[d] 01000088 63 - 0e 0f 1 - ffffffc8 -
-[r] 0e 0f 00000708 00000708
-[e] 01000088 00000708 0
-[f] 01000090 00c12503
-[d] 0100008c 03 0a 02 - 2 - 0000000c -
-[r] 02 - 00000708 -
-[e] 01000088 01000050 1
-[f] 01000054 00c12703
-[d] 01000050 03 0e 02 - 2 - 0000000c -
-[r] 02 - 00000000 -
-[f] 01000058 00812783
-[d] 01000054 03 0f 02 - 2 - 00000008 -
-[r] 02 - 010fffe0 -
-[e] 01000050 010fffec 0
-[f] 0100005c 00e7dc63
-[d] 01000058 63 - 0f 0e 5 - 00000018 -
-[r] 0f 0e 010fffe0 00000000
-[e] 01000054 010fffe8 0
-[f] 0100005c 00e7dc63
-[d] 01000058 63 - 0f 0e 5 - 00000018 -
-[r] 0f 0e 0000007c 00000708
-[e] 01000058 0000007c 0
-[w] 01000050 1 0e 00000708
-[f] 0100005c 00e7dc63
-[d] 01000058 63 - 0f 0e 5 - 00000018 -
-[r] 0f 0e 0000007c 00000708
-[e] 01000058 0000007c 0
-[w] 01000054 1 0f 0000007c
-[f] 0100005c 00e7dc63
-[d] 01000058 63 - 0f 0e 5 - 00000018 -
-[r] 0f 0e 0000007c 00000708
-[e] 01000058 0000007c 0
-[f] 01000060 00c12703
-[d] 0100005c 03 0e 02 - 2 - 0000000c -
-[r] 02 - 0000007c -
-[e] 01000058 01000070 0
-[f] 01000064 00812783
-[d] 01000060 03 0f 02 - 2 - 00000008 -
-[r] 02 - 010fffe0 -
-[e] 0100005c 010fffec 0
-[f] 01000068 40f707b3
-[d] 01000064 33 0f 0e 0f 0 20 - -
-[r] 0e 0f 010fffe0 00000000
-[e] 01000060 010fffe8 0
-[f] 01000068 40f707b3
-[d] 01000064 33 0f 0e 0f 0 20 - -
-[r] 0e 0f 00000708 0000007c
-[e] 01000064 00000708 0
-[w] 0100005c 1 0e 00000708
-[f] 01000068 40f707b3
-[d] 01000064 33 0f 0e 0f 0 20 - -
-[r] 0e 0f 00000708 0000007c
-[e] 01000064 00000708 0
-[w] 01000060 1 0f 0000007c
-[f] 01000068 40f707b3
-[d] 01000064 33 0f 0e 0f 0 20 - -
-[r] 0e 0f 00000708 0000007c
-[e] 01000064 00000708 0
-[f] 0100006c 00f12623
-[d] 01000068 23 - 02 0f 2 - 0000000c -
-[r] 02 0f 00000708 0000007c
-[e] 01000064 0000068c 0
-[f] 01000070 0140006f
-[d] 0100006c 6f 00 - - - - 00000014 -
-[r] - - - -
-[e] 01000068 010fffec 0
-[f] 01000074 00812703
-[d] 01000070 03 0e 02 - 2 - 00000008 -
-[r] 02 - 00000000 -
-[e] 0100006c 01000080 0
-[m] 01000068 010fffec 1 2 0000068c
-[w] 01000064 1 0f 0000068c
-[f] 01000084 00c12703
-[d] 01000080 03 0e 02 - 2 - 0000000c -
-[r] 02 - 00000000 -
-[f] 01000088 00812783
-[d] 01000084 03 0f 02 - 2 - 00000008 -
-[r] 02 - 010fffe0 -
-[e] 01000080 010fffec 0
-[f] 0100008c fcf714e3
-[d] 01000088 63 - 0e 0f 1 - ffffffc8 -
-[r] 0e 0f 010fffe0 00000000
-[e] 01000084 010fffe8 0
-[f] 0100008c fcf714e3
-[d] 01000088 63 - 0e 0f 1 - ffffffc8 -
-[r] 0e 0f 00000708 0000068c
-[e] 01000088 00000708 0
-[w] 01000080 1 0e 0000068c
-[f] 0100008c fcf714e3
-[d] 01000088 63 - 0e 0f 1 - ffffffc8 -
-[r] 0e 0f 00000708 0000068c
-[e] 01000088 00000708 0
-[w] 01000084 1 0f 0000007c
-[f] 0100008c fcf714e3
-[d] 01000088 63 - 0e 0f 1 - ffffffc8 -
-[r] 0e 0f 0000068c 0000068c
-[e] 01000088 0000068c 0
-[f] 01000090 00c12503
-[d] 0100008c 03 0a 02 - 2 - 0000000c -
-[r] 02 - 0000068c -
-[e] 01000088 01000050 1
-[f] 01000054 00c12703
-[d] 01000050 03 0e 02 - 2 - 0000000c -
-[r] 02 - 00000000 -
-[f] 01000058 00812783
-[d] 01000054 03 0f 02 - 2 - 00000008 -
-[r] 02 - 010fffe0 -
-[e] 01000050 010fffec 0
-[f] 0100005c 00e7dc63
-[d] 01000058 63 - 0f 0e 5 - 00000018 -
-[r] 0f 0e 010fffe0 00000000
-[e] 01000054 010fffe8 0
-[f] 0100005c 00e7dc63
-[d] 01000058 63 - 0f 0e 5 - 00000018 -
-[r] 0f 0e 0000007c 0000068c
-[e] 01000058 0000007c 0
-[w] 01000050 1 0e 0000068c
-[f] 0100005c 00e7dc63
-[d] 01000058 63 - 0f 0e 5 - 00000018 -
-[r] 0f 0e 0000007c 0000068c
-[e] 01000058 0000007c 0
-[w] 01000054 1 0f 0000007c
-[f] 0100005c 00e7dc63
-[d] 01000058 63 - 0f 0e 5 - 00000018 -
-[r] 0f 0e 0000007c 0000068c
-[e] 01000058 0000007c 0
-[f] 01000060 00c12703
-[d] 0100005c 03 0e 02 - 2 - 0000000c -
-[r] 02 - 0000007c -
-[e] 01000058 01000070 0
-[f] 01000064 00812783
-[d] 01000060 03 0f 02 - 2 - 00000008 -
-[r] 02 - 010fffe0 -
-[e] 0100005c 010fffec 0
-[f] 01000068 40f707b3
-[d] 01000064 33 0f 0e 0f 0 20 - -
-[r] 0e 0f 010fffe0 00000000
-[e] 01000060 010fffe8 0
-[f] 01000068 40f707b3
-[d] 01000064 33 0f 0e 0f 0 20 - -
-[r] 0e 0f 0000068c 0000007c
-[e] 01000064 0000068c 0
-[w] 0100005c 1 0e 0000068c
-[f] 01000068 40f707b3
-[d] 01000064 33 0f 0e 0f 0 20 - -
-[r] 0e 0f 0000068c 0000007c
-[e] 01000064 0000068c 0
-[w] 01000060 1 0f 0000007c
-[f] 01000068 40f707b3
-[d] 01000064 33 0f 0e 0f 0 20 - -
-[r] 0e 0f 0000068c 0000007c
-[e] 01000064 0000068c 0
-[f] 0100006c 00f12623
-[d] 01000068 23 - 02 0f 2 - 0000000c -
-[r] 02 0f 0000068c 0000007c
-[e] 01000064 00000610 0
-[f] 01000070 0140006f
-[d] 0100006c 6f 00 - - - - 00000014 -
-[r] - - - -
-[e] 01000068 010fffec 0
-[f] 01000074 00812703
-[d] 01000070 03 0e 02 - 2 - 00000008 -
-[r] 02 - 00000000 -
-[e] 0100006c 01000080 0
-[m] 01000068 010fffec 1 2 00000610
-[w] 01000064 1 0f 00000610
-[f] 01000084 00c12703
-[d] 01000080 03 0e 02 - 2 - 0000000c -
-[r] 02 - 00000000 -
-[f] 01000088 00812783
-[d] 01000084 03 0f 02 - 2 - 00000008 -
-[r] 02 - 010fffe0 -
-[e] 01000080 010fffec 0
-[f] 0100008c fcf714e3
-[d] 01000088 63 - 0e 0f 1 - ffffffc8 -
-[r] 0e 0f 010fffe0 00000000
-[e] 01000084 010fffe8 0
-[f] 0100008c fcf714e3
-[d] 01000088 63 - 0e 0f 1 - ffffffc8 -
-[r] 0e 0f 0000068c 00000610
-[e] 01000088 0000068c 0
-[w] 01000080 1 0e 00000610
-[f] 0100008c fcf714e3
-[d] 01000088 63 - 0e 0f 1 - ffffffc8 -
-[r] 0e 0f 0000068c 00000610
-[e] 01000088 0000068c 0
-[w] 01000084 1 0f 0000007c
-[f] 0100008c fcf714e3
-[d] 01000088 63 - 0e 0f 1 - ffffffc8 -
-[r] 0e 0f 00000610 00000610
-[e] 01000088 00000610 0
-[f] 01000090 00c12503
-[d] 0100008c 03 0a 02 - 2 - 0000000c -
-[r] 02 - 00000610 -
-[e] 01000088 01000050 1
-[f] 01000054 00c12703
-[d] 01000050 03 0e 02 - 2 - 0000000c -
-[r] 02 - 00000000 -
-[f] 01000058 00812783
-[d] 01000054 03 0f 02 - 2 - 00000008 -
-[r] 02 - 010fffe0 -
-[e] 01000050 010fffec 0
-[f] 0100005c 00e7dc63
-[d] 01000058 63 - 0f 0e 5 - 00000018 -
-[r] 0f 0e 010fffe0 00000000
-[e] 01000054 010fffe8 0
-[f] 0100005c 00e7dc63
-[d] 01000058 63 - 0f 0e 5 - 00000018 -
-[r] 0f 0e 0000007c 00000610
-[e] 01000058 0000007c 0
-[w] 01000050 1 0e 00000610
-[f] 0100005c 00e7dc63
-[d] 01000058 63 - 0f 0e 5 - 00000018 -
-[r] 0f 0e 0000007c 00000610
-[e] 01000058 0000007c 0
-[w] 01000054 1 0f 0000007c
-[f] 0100005c 00e7dc63
-[d] 01000058 63 - 0f 0e 5 - 00000018 -
-[r] 0f 0e 0000007c 00000610
-[e] 01000058 0000007c 0
-[f] 01000060 00c12703
-[d] 0100005c 03 0e 02 - 2 - 0000000c -
-[r] 02 - 0000007c -
-[e] 01000058 01000070 0
-[f] 01000064 00812783
-[d] 01000060 03 0f 02 - 2 - 00000008 -
-[r] 02 - 010fffe0 -
-[e] 0100005c 010fffec 0
-[f] 01000068 40f707b3
-[d] 01000064 33 0f 0e 0f 0 20 - -
-[r] 0e 0f 010fffe0 00000000
-[e] 01000060 010fffe8 0
-[f] 01000068 40f707b3
-[d] 01000064 33 0f 0e 0f 0 20 - -
-[r] 0e 0f 00000610 0000007c
-[e] 01000064 00000610 0
-[w] 0100005c 1 0e 00000610
-[f] 01000068 40f707b3
-[d] 01000064 33 0f 0e 0f 0 20 - -
-[r] 0e 0f 00000610 0000007c
-[e] 01000064 00000610 0
-[w] 01000060 1 0f 0000007c
-[f] 01000068 40f707b3
-[d] 01000064 33 0f 0e 0f 0 20 - -
-[r] 0e 0f 00000610 0000007c
-[e] 01000064 00000610 0
-[f] 0100006c 00f12623
-[d] 01000068 23 - 02 0f 2 - 0000000c -
-[r] 02 0f 00000610 0000007c
-[e] 01000064 00000594 0
-[f] 01000070 0140006f
-[d] 0100006c 6f 00 - - - - 00000014 -
-[r] - - - -
-[e] 01000068 010fffec 0
-[f] 01000074 00812703
-[d] 01000070 03 0e 02 - 2 - 00000008 -
-[r] 02 - 00000000 -
-[e] 0100006c 01000080 0
-[m] 01000068 010fffec 1 2 00000594
-[w] 01000064 1 0f 00000594
-[f] 01000084 00c12703
-[d] 01000080 03 0e 02 - 2 - 0000000c -
-[r] 02 - 00000000 -
-[f] 01000088 00812783
-[d] 01000084 03 0f 02 - 2 - 00000008 -
-[r] 02 - 010fffe0 -
-[e] 01000080 010fffec 0
-[f] 0100008c fcf714e3
-[d] 01000088 63 - 0e 0f 1 - ffffffc8 -
-[r] 0e 0f 010fffe0 00000000
-[e] 01000084 010fffe8 0
-[f] 0100008c fcf714e3
-[d] 01000088 63 - 0e 0f 1 - ffffffc8 -
-[r] 0e 0f 00000610 00000594
-[e] 01000088 00000610 0
-[w] 01000080 1 0e 00000594
-[f] 0100008c fcf714e3
-[d] 01000088 63 - 0e 0f 1 - ffffffc8 -
-[r] 0e 0f 00000610 00000594
-[e] 01000088 00000610 0
-[w] 01000084 1 0f 0000007c
-[f] 0100008c fcf714e3
-[d] 01000088 63 - 0e 0f 1 - ffffffc8 -
-[r] 0e 0f 00000594 00000594
-[e] 01000088 00000594 0
-[f] 01000090 00c12503
-[d] 0100008c 03 0a 02 - 2 - 0000000c -
-[r] 02 - 00000594 -
-[e] 01000088 01000050 1
-[f] 01000054 00c12703
-[d] 01000050 03 0e 02 - 2 - 0000000c -
-[r] 02 - 00000000 -
-[f] 01000058 00812783
-[d] 01000054 03 0f 02 - 2 - 00000008 -
-[r] 02 - 010fffe0 -
-[e] 01000050 010fffec 0
-[f] 0100005c 00e7dc63
-[d] 01000058 63 - 0f 0e 5 - 00000018 -
-[r] 0f 0e 010fffe0 00000000
-[e] 01000054 010fffe8 0
-[f] 0100005c 00e7dc63
-[d] 01000058 63 - 0f 0e 5 - 00000018 -
-[r] 0f 0e 0000007c 00000594
-[e] 01000058 0000007c 0
-[w] 01000050 1 0e 00000594
-[f] 0100005c 00e7dc63
-[d] 01000058 63 - 0f 0e 5 - 00000018 -
-[r] 0f 0e 0000007c 00000594
-[e] 01000058 0000007c 0
-[w] 01000054 1 0f 0000007c
-[f] 0100005c 00e7dc63
-[d] 01000058 63 - 0f 0e 5 - 00000018 -
-[r] 0f 0e 0000007c 00000594
-[e] 01000058 0000007c 0
-[f] 01000060 00c12703
-[d] 0100005c 03 0e 02 - 2 - 0000000c -
-[r] 02 - 0000007c -
-[e] 01000058 01000070 0
-[f] 01000064 00812783
-[d] 01000060 03 0f 02 - 2 - 00000008 -
-[r] 02 - 010fffe0 -
-[e] 0100005c 010fffec 0
-[f] 01000068 40f707b3
-[d] 01000064 33 0f 0e 0f 0 20 - -
-[r] 0e 0f 010fffe0 00000000
-[e] 01000060 010fffe8 0
-[f] 01000068 40f707b3
-[d] 01000064 33 0f 0e 0f 0 20 - -
-[r] 0e 0f 00000594 0000007c
-[e] 01000064 00000594 0
-[w] 0100005c 1 0e 00000594
-[f] 01000068 40f707b3
-[d] 01000064 33 0f 0e 0f 0 20 - -
-[r] 0e 0f 00000594 0000007c
-[e] 01000064 00000594 0
-[w] 01000060 1 0f 0000007c
-[f] 01000068 40f707b3
-[d] 01000064 33 0f 0e 0f 0 20 - -
-[r] 0e 0f 00000594 0000007c
-[e] 01000064 00000594 0
-[f] 0100006c 00f12623
-[d] 01000068 23 - 02 0f 2 - 0000000c -
-[r] 02 0f 00000594 0000007c
-[e] 01000064 00000518 0
-[f] 01000070 0140006f
-[d] 0100006c 6f 00 - - - - 00000014 -
-[r] - - - -
-[e] 01000068 010fffec 0
-[f] 01000074 00812703
-[d] 01000070 03 0e 02 - 2 - 00000008 -
-[r] 02 - 00000000 -
-[e] 0100006c 01000080 0
-[m] 01000068 010fffec 1 2 00000518
-[w] 01000064 1 0f 00000518
-[f] 01000084 00c12703
-[d] 01000080 03 0e 02 - 2 - 0000000c -
-[r] 02 - 00000000 -
-[f] 01000088 00812783
-[d] 01000084 03 0f 02 - 2 - 00000008 -
-[r] 02 - 010fffe0 -
-[e] 01000080 010fffec 0
-[f] 0100008c fcf714e3
-[d] 01000088 63 - 0e 0f 1 - ffffffc8 -
-[r] 0e 0f 010fffe0 00000000
-[e] 01000084 010fffe8 0
-[f] 0100008c fcf714e3
-[d] 01000088 63 - 0e 0f 1 - ffffffc8 -
-[r] 0e 0f 00000594 00000518
-[e] 01000088 00000594 0
-[w] 01000080 1 0e 00000518
-[f] 0100008c fcf714e3
-[d] 01000088 63 - 0e 0f 1 - ffffffc8 -
-[r] 0e 0f 00000594 00000518
-[e] 01000088 00000594 0
-[w] 01000084 1 0f 0000007c
-[f] 0100008c fcf714e3
-[d] 01000088 63 - 0e 0f 1 - ffffffc8 -
-[r] 0e 0f 00000518 00000518
-[e] 01000088 00000518 0
-[f] 01000090 00c12503
-[d] 0100008c 03 0a 02 - 2 - 0000000c -
-[r] 02 - 00000518 -
-[e] 01000088 01000050 1
-[f] 01000054 00c12703
-[d] 01000050 03 0e 02 - 2 - 0000000c -
-[r] 02 - 00000000 -
-[f] 01000058 00812783
-[d] 01000054 03 0f 02 - 2 - 00000008 -
-[r] 02 - 010fffe0 -
-[e] 01000050 010fffec 0
-[f] 0100005c 00e7dc63
-[d] 01000058 63 - 0f 0e 5 - 00000018 -
-[r] 0f 0e 010fffe0 00000000
-[e] 01000054 010fffe8 0
-[f] 0100005c 00e7dc63
-[d] 01000058 63 - 0f 0e 5 - 00000018 -
-[r] 0f 0e 0000007c 00000518
-[e] 01000058 0000007c 0
-[w] 01000050 1 0e 00000518
-[f] 0100005c 00e7dc63
-[d] 01000058 63 - 0f 0e 5 - 00000018 -
-[r] 0f 0e 0000007c 00000518
-[e] 01000058 0000007c 0
-[w] 01000054 1 0f 0000007c
-[f] 0100005c 00e7dc63
-[d] 01000058 63 - 0f 0e 5 - 00000018 -
-[r] 0f 0e 0000007c 00000518
-[e] 01000058 0000007c 0
-[f] 01000060 00c12703
-[d] 0100005c 03 0e 02 - 2 - 0000000c -
-[r] 02 - 0000007c -
-[e] 01000058 01000070 0
-[f] 01000064 00812783
-[d] 01000060 03 0f 02 - 2 - 00000008 -
-[r] 02 - 010fffe0 -
-[e] 0100005c 010fffec 0
-[f] 01000068 40f707b3
-[d] 01000064 33 0f 0e 0f 0 20 - -
-[r] 0e 0f 010fffe0 00000000
-[e] 01000060 010fffe8 0
-[f] 01000068 40f707b3
-[d] 01000064 33 0f 0e 0f 0 20 - -
-[r] 0e 0f 00000518 0000007c
-[e] 01000064 00000518 0
-[w] 0100005c 1 0e 00000518
-[f] 01000068 40f707b3
-[d] 01000064 33 0f 0e 0f 0 20 - -
-[r] 0e 0f 00000518 0000007c
-[e] 01000064 00000518 0
-[w] 01000060 1 0f 0000007c
-[f] 01000068 40f707b3
-[d] 01000064 33 0f 0e 0f 0 20 - -
-[r] 0e 0f 00000518 0000007c
-[e] 01000064 00000518 0
-[f] 0100006c 00f12623
-[d] 01000068 23 - 02 0f 2 - 0000000c -
-[r] 02 0f 00000518 0000007c
-[e] 01000064 0000049c 0
-[f] 01000070 0140006f
-[d] 0100006c 6f 00 - - - - 00000014 -
-[r] - - - -
-[e] 01000068 010fffec 0
-[f] 01000074 00812703
-[d] 01000070 03 0e 02 - 2 - 00000008 -
-[r] 02 - 00000000 -
-[e] 0100006c 01000080 0
-[m] 01000068 010fffec 1 2 0000049c
-[w] 01000064 1 0f 0000049c
-[f] 01000084 00c12703
-[d] 01000080 03 0e 02 - 2 - 0000000c -
-[r] 02 - 00000000 -
-[f] 01000088 00812783
-[d] 01000084 03 0f 02 - 2 - 00000008 -
-[r] 02 - 010fffe0 -
-[e] 01000080 010fffec 0
-[f] 0100008c fcf714e3
-[d] 01000088 63 - 0e 0f 1 - ffffffc8 -
-[r] 0e 0f 010fffe0 00000000
-[e] 01000084 010fffe8 0
-[f] 0100008c fcf714e3
-[d] 01000088 63 - 0e 0f 1 - ffffffc8 -
-[r] 0e 0f 00000518 0000049c
-[e] 01000088 00000518 0
-[w] 01000080 1 0e 0000049c
-[f] 0100008c fcf714e3
-[d] 01000088 63 - 0e 0f 1 - ffffffc8 -
-[r] 0e 0f 00000518 0000049c
-[e] 01000088 00000518 0
-[w] 01000084 1 0f 0000007c
-[f] 0100008c fcf714e3
-[d] 01000088 63 - 0e 0f 1 - ffffffc8 -
-[r] 0e 0f 0000049c 0000049c
-[e] 01000088 0000049c 0
-[f] 01000090 00c12503
-[d] 0100008c 03 0a 02 - 2 - 0000000c -
-[r] 02 - 0000049c -
-[e] 01000088 01000050 1
-[f] 01000054 00c12703
-[d] 01000050 03 0e 02 - 2 - 0000000c -
-[r] 02 - 00000000 -
-[f] 01000058 00812783
-[d] 01000054 03 0f 02 - 2 - 00000008 -
-[r] 02 - 010fffe0 -
-[e] 01000050 010fffec 0
-[f] 0100005c 00e7dc63
-[d] 01000058 63 - 0f 0e 5 - 00000018 -
-[r] 0f 0e 010fffe0 00000000
-[e] 01000054 010fffe8 0
-[f] 0100005c 00e7dc63
-[d] 01000058 63 - 0f 0e 5 - 00000018 -
-[r] 0f 0e 0000007c 0000049c
-[e] 01000058 0000007c 0
-[w] 01000050 1 0e 0000049c
-[f] 0100005c 00e7dc63
-[d] 01000058 63 - 0f 0e 5 - 00000018 -
-[r] 0f 0e 0000007c 0000049c
-[e] 01000058 0000007c 0
-[w] 01000054 1 0f 0000007c
-[f] 0100005c 00e7dc63
-[d] 01000058 63 - 0f 0e 5 - 00000018 -
-[r] 0f 0e 0000007c 0000049c
-[e] 01000058 0000007c 0
-[f] 01000060 00c12703
-[d] 0100005c 03 0e 02 - 2 - 0000000c -
-[r] 02 - 0000007c -
-[e] 01000058 01000070 0
-[f] 01000064 00812783
-[d] 01000060 03 0f 02 - 2 - 00000008 -
-[r] 02 - 010fffe0 -
-[e] 0100005c 010fffec 0
-[f] 01000068 40f707b3
-[d] 01000064 33 0f 0e 0f 0 20 - -
-[r] 0e 0f 010fffe0 00000000
-[e] 01000060 010fffe8 0
-[f] 01000068 40f707b3
-[d] 01000064 33 0f 0e 0f 0 20 - -
-[r] 0e 0f 0000049c 0000007c
-[e] 01000064 0000049c 0
-[w] 0100005c 1 0e 0000049c
-[f] 01000068 40f707b3
-[d] 01000064 33 0f 0e 0f 0 20 - -
-[r] 0e 0f 0000049c 0000007c
-[e] 01000064 0000049c 0
-[w] 01000060 1 0f 0000007c
-[f] 01000068 40f707b3
-[d] 01000064 33 0f 0e 0f 0 20 - -
-[r] 0e 0f 0000049c 0000007c
-[e] 01000064 0000049c 0
-[f] 0100006c 00f12623
-[d] 01000068 23 - 02 0f 2 - 0000000c -
-[r] 02 0f 0000049c 0000007c
-[e] 01000064 00000420 0
-[f] 01000070 0140006f
-[d] 0100006c 6f 00 - - - - 00000014 -
-[r] - - - -
-[e] 01000068 010fffec 0
-[f] 01000074 00812703
-[d] 01000070 03 0e 02 - 2 - 00000008 -
-[r] 02 - 00000000 -
-[e] 0100006c 01000080 0
-[m] 01000068 010fffec 1 2 00000420
-[w] 01000064 1 0f 00000420
-[f] 01000084 00c12703
-[d] 01000080 03 0e 02 - 2 - 0000000c -
-[r] 02 - 00000000 -
-[f] 01000088 00812783
-[d] 01000084 03 0f 02 - 2 - 00000008 -
-[r] 02 - 010fffe0 -
-[e] 01000080 010fffec 0
-[f] 0100008c fcf714e3
-[d] 01000088 63 - 0e 0f 1 - ffffffc8 -
-[r] 0e 0f 010fffe0 00000000
-[e] 01000084 010fffe8 0
-[f] 0100008c fcf714e3
-[d] 01000088 63 - 0e 0f 1 - ffffffc8 -
-[r] 0e 0f 0000049c 00000420
-[e] 01000088 0000049c 0
-[w] 01000080 1 0e 00000420
-[f] 0100008c fcf714e3
-[d] 01000088 63 - 0e 0f 1 - ffffffc8 -
-[r] 0e 0f 0000049c 00000420
-[e] 01000088 0000049c 0
-[w] 01000084 1 0f 0000007c
-[f] 0100008c fcf714e3
-[d] 01000088 63 - 0e 0f 1 - ffffffc8 -
-[r] 0e 0f 00000420 00000420
-[e] 01000088 00000420 0
-[f] 01000090 00c12503
-[d] 0100008c 03 0a 02 - 2 - 0000000c -
-[r] 02 - 00000420 -
-[e] 01000088 01000050 1
-[f] 01000054 00c12703
-[d] 01000050 03 0e 02 - 2 - 0000000c -
-[r] 02 - 00000000 -
-[f] 01000058 00812783
-[d] 01000054 03 0f 02 - 2 - 00000008 -
-[r] 02 - 010fffe0 -
-[e] 01000050 010fffec 0
-[f] 0100005c 00e7dc63
-[d] 01000058 63 - 0f 0e 5 - 00000018 -
-[r] 0f 0e 010fffe0 00000000
-[e] 01000054 010fffe8 0
-[f] 0100005c 00e7dc63
-[d] 01000058 63 - 0f 0e 5 - 00000018 -
-[r] 0f 0e 0000007c 00000420
-[e] 01000058 0000007c 0
-[w] 01000050 1 0e 00000420
-[f] 0100005c 00e7dc63
-[d] 01000058 63 - 0f 0e 5 - 00000018 -
-[r] 0f 0e 0000007c 00000420
-[e] 01000058 0000007c 0
-[w] 01000054 1 0f 0000007c
-[f] 0100005c 00e7dc63
-[d] 01000058 63 - 0f 0e 5 - 00000018 -
-[r] 0f 0e 0000007c 00000420
-[e] 01000058 0000007c 0
-[f] 01000060 00c12703
-[d] 0100005c 03 0e 02 - 2 - 0000000c -
-[r] 02 - 0000007c -
-[e] 01000058 01000070 0
-[f] 01000064 00812783
-[d] 01000060 03 0f 02 - 2 - 00000008 -
-[r] 02 - 010fffe0 -
-[e] 0100005c 010fffec 0
-[f] 01000068 40f707b3
-[d] 01000064 33 0f 0e 0f 0 20 - -
-[r] 0e 0f 010fffe0 00000000
-[e] 01000060 010fffe8 0
-[f] 01000068 40f707b3
-[d] 01000064 33 0f 0e 0f 0 20 - -
-[r] 0e 0f 00000420 0000007c
-[e] 01000064 00000420 0
-[w] 0100005c 1 0e 00000420
-[f] 01000068 40f707b3
-[d] 01000064 33 0f 0e 0f 0 20 - -
-[r] 0e 0f 00000420 0000007c
-[e] 01000064 00000420 0
-[w] 01000060 1 0f 0000007c
-[f] 01000068 40f707b3
-[d] 01000064 33 0f 0e 0f 0 20 - -
-[r] 0e 0f 00000420 0000007c
-[e] 01000064 00000420 0
-[f] 0100006c 00f12623
-[d] 01000068 23 - 02 0f 2 - 0000000c -
-[r] 02 0f 00000420 0000007c
-[e] 01000064 000003a4 0
-[f] 01000070 0140006f
-[d] 0100006c 6f 00 - - - - 00000014 -
-[r] - - - -
-[e] 01000068 010fffec 0
-[f] 01000074 00812703
-[d] 01000070 03 0e 02 - 2 - 00000008 -
-[r] 02 - 00000000 -
-[e] 0100006c 01000080 0
-[m] 01000068 010fffec 1 2 000003a4
-[w] 01000064 1 0f 000003a4
-[f] 01000084 00c12703
-[d] 01000080 03 0e 02 - 2 - 0000000c -
-[r] 02 - 00000000 -
-[f] 01000088 00812783
-[d] 01000084 03 0f 02 - 2 - 00000008 -
-[r] 02 - 010fffe0 -
-[e] 01000080 010fffec 0
-[f] 0100008c fcf714e3
-[d] 01000088 63 - 0e 0f 1 - ffffffc8 -
-[r] 0e 0f 010fffe0 00000000
-[e] 01000084 010fffe8 0
-[f] 0100008c fcf714e3
-[d] 01000088 63 - 0e 0f 1 - ffffffc8 -
-[r] 0e 0f 00000420 000003a4
-[e] 01000088 00000420 0
-[w] 01000080 1 0e 000003a4
-[f] 0100008c fcf714e3
-[d] 01000088 63 - 0e 0f 1 - ffffffc8 -
-[r] 0e 0f 00000420 000003a4
-[e] 01000088 00000420 0
-[w] 01000084 1 0f 0000007c
-[f] 0100008c fcf714e3
-[d] 01000088 63 - 0e 0f 1 - ffffffc8 -
-[r] 0e 0f 000003a4 000003a4
-[e] 01000088 000003a4 0
-[f] 01000090 00c12503
-[d] 0100008c 03 0a 02 - 2 - 0000000c -
-[r] 02 - 000003a4 -
-[e] 01000088 01000050 1
-[f] 01000054 00c12703
-[d] 01000050 03 0e 02 - 2 - 0000000c -
-[r] 02 - 00000000 -
-[f] 01000058 00812783
-[d] 01000054 03 0f 02 - 2 - 00000008 -
-[r] 02 - 010fffe0 -
-[e] 01000050 010fffec 0
-[f] 0100005c 00e7dc63
-[d] 01000058 63 - 0f 0e 5 - 00000018 -
-[r] 0f 0e 010fffe0 00000000
-[e] 01000054 010fffe8 0
-[f] 0100005c 00e7dc63
-[d] 01000058 63 - 0f 0e 5 - 00000018 -
-[r] 0f 0e 0000007c 000003a4
-[e] 01000058 0000007c 0
-[w] 01000050 1 0e 000003a4
-[f] 0100005c 00e7dc63
-[d] 01000058 63 - 0f 0e 5 - 00000018 -
-[r] 0f 0e 0000007c 000003a4
-[e] 01000058 0000007c 0
-[w] 01000054 1 0f 0000007c
-[f] 0100005c 00e7dc63
-[d] 01000058 63 - 0f 0e 5 - 00000018 -
-[r] 0f 0e 0000007c 000003a4
-[e] 01000058 0000007c 0
-[f] 01000060 00c12703
-[d] 0100005c 03 0e 02 - 2 - 0000000c -
-[r] 02 - 0000007c -
-[e] 01000058 01000070 0
-[f] 01000064 00812783
-[d] 01000060 03 0f 02 - 2 - 00000008 -
-[r] 02 - 010fffe0 -
-[e] 0100005c 010fffec 0
-[f] 01000068 40f707b3
-[d] 01000064 33 0f 0e 0f 0 20 - -
-[r] 0e 0f 010fffe0 00000000
-[e] 01000060 010fffe8 0
-[f] 01000068 40f707b3
-[d] 01000064 33 0f 0e 0f 0 20 - -
-[r] 0e 0f 000003a4 0000007c
-[e] 01000064 000003a4 0
-[w] 0100005c 1 0e 000003a4
-[f] 01000068 40f707b3
-[d] 01000064 33 0f 0e 0f 0 20 - -
-[r] 0e 0f 000003a4 0000007c
-[e] 01000064 000003a4 0
-[w] 01000060 1 0f 0000007c
-[f] 01000068 40f707b3
-[d] 01000064 33 0f 0e 0f 0 20 - -
-[r] 0e 0f 000003a4 0000007c
-[e] 01000064 000003a4 0
-[f] 0100006c 00f12623
-[d] 01000068 23 - 02 0f 2 - 0000000c -
-[r] 02 0f 000003a4 0000007c
-[e] 01000064 00000328 0
-[f] 01000070 0140006f
-[d] 0100006c 6f 00 - - - - 00000014 -
-[r] - - - -
-[e] 01000068 010fffec 0
-[f] 01000074 00812703
-[d] 01000070 03 0e 02 - 2 - 00000008 -
-[r] 02 - 00000000 -
-[e] 0100006c 01000080 0
-[m] 01000068 010fffec 1 2 00000328
-[w] 01000064 1 0f 00000328
-[f] 01000084 00c12703
-[d] 01000080 03 0e 02 - 2 - 0000000c -
-[r] 02 - 00000000 -
-[f] 01000088 00812783
-[d] 01000084 03 0f 02 - 2 - 00000008 -
-[r] 02 - 010fffe0 -
-[e] 01000080 010fffec 0
-[f] 0100008c fcf714e3
-[d] 01000088 63 - 0e 0f 1 - ffffffc8 -
-[r] 0e 0f 010fffe0 00000000
-[e] 01000084 010fffe8 0
-[f] 0100008c fcf714e3
-[d] 01000088 63 - 0e 0f 1 - ffffffc8 -
-[r] 0e 0f 000003a4 00000328
-[e] 01000088 000003a4 0
-[w] 01000080 1 0e 00000328
-[f] 0100008c fcf714e3
-[d] 01000088 63 - 0e 0f 1 - ffffffc8 -
-[r] 0e 0f 000003a4 00000328
-[e] 01000088 000003a4 0
-[w] 01000084 1 0f 0000007c
-[f] 0100008c fcf714e3
-[d] 01000088 63 - 0e 0f 1 - ffffffc8 -
-[r] 0e 0f 00000328 00000328
-[e] 01000088 00000328 0
-[f] 01000090 00c12503
-[d] 0100008c 03 0a 02 - 2 - 0000000c -
-[r] 02 - 00000328 -
-[e] 01000088 01000050 1
-[f] 01000054 00c12703
-[d] 01000050 03 0e 02 - 2 - 0000000c -
-[r] 02 - 00000000 -
-[f] 01000058 00812783
-[d] 01000054 03 0f 02 - 2 - 00000008 -
-[r] 02 - 010fffe0 -
-[e] 01000050 010fffec 0
-[f] 0100005c 00e7dc63
-[d] 01000058 63 - 0f 0e 5 - 00000018 -
-[r] 0f 0e 010fffe0 00000000
-[e] 01000054 010fffe8 0
-[f] 0100005c 00e7dc63
-[d] 01000058 63 - 0f 0e 5 - 00000018 -
-[r] 0f 0e 0000007c 00000328
-[e] 01000058 0000007c 0
-[w] 01000050 1 0e 00000328
-[f] 0100005c 00e7dc63
-[d] 01000058 63 - 0f 0e 5 - 00000018 -
-[r] 0f 0e 0000007c 00000328
-[e] 01000058 0000007c 0
-[w] 01000054 1 0f 0000007c
-[f] 0100005c 00e7dc63
-[d] 01000058 63 - 0f 0e 5 - 00000018 -
-[r] 0f 0e 0000007c 00000328
-[e] 01000058 0000007c 0
-[f] 01000060 00c12703
-[d] 0100005c 03 0e 02 - 2 - 0000000c -
-[r] 02 - 0000007c -
-[e] 01000058 01000070 0
-[f] 01000064 00812783
-[d] 01000060 03 0f 02 - 2 - 00000008 -
-[r] 02 - 010fffe0 -
-[e] 0100005c 010fffec 0
-[f] 01000068 40f707b3
-[d] 01000064 33 0f 0e 0f 0 20 - -
-[r] 0e 0f 010fffe0 00000000
-[e] 01000060 010fffe8 0
-[f] 01000068 40f707b3
-[d] 01000064 33 0f 0e 0f 0 20 - -
-[r] 0e 0f 00000328 0000007c
-[e] 01000064 00000328 0
-[w] 0100005c 1 0e 00000328
-[f] 01000068 40f707b3
-[d] 01000064 33 0f 0e 0f 0 20 - -
-[r] 0e 0f 00000328 0000007c
-[e] 01000064 00000328 0
-[w] 01000060 1 0f 0000007c
-[f] 01000068 40f707b3
-[d] 01000064 33 0f 0e 0f 0 20 - -
-[r] 0e 0f 00000328 0000007c
-[e] 01000064 00000328 0
-[f] 0100006c 00f12623
-[d] 01000068 23 - 02 0f 2 - 0000000c -
-[r] 02 0f 00000328 0000007c
-[e] 01000064 000002ac 0
-[f] 01000070 0140006f
-[d] 0100006c 6f 00 - - - - 00000014 -
-[r] - - - -
-[e] 01000068 010fffec 0
-[f] 01000074 00812703
-[d] 01000070 03 0e 02 - 2 - 00000008 -
-[r] 02 - 00000000 -
-[e] 0100006c 01000080 0
-[m] 01000068 010fffec 1 2 000002ac
-[w] 01000064 1 0f 000002ac
-[f] 01000084 00c12703
-[d] 01000080 03 0e 02 - 2 - 0000000c -
-[r] 02 - 00000000 -
-[f] 01000088 00812783
-[d] 01000084 03 0f 02 - 2 - 00000008 -
-[r] 02 - 010fffe0 -
-[e] 01000080 010fffec 0
-[f] 0100008c fcf714e3
-[d] 01000088 63 - 0e 0f 1 - ffffffc8 -
-[r] 0e 0f 010fffe0 00000000
-[e] 01000084 010fffe8 0
-[f] 0100008c fcf714e3
-[d] 01000088 63 - 0e 0f 1 - ffffffc8 -
-[r] 0e 0f 00000328 000002ac
-[e] 01000088 00000328 0
-[w] 01000080 1 0e 000002ac
-[f] 0100008c fcf714e3
-[d] 01000088 63 - 0e 0f 1 - ffffffc8 -
-[r] 0e 0f 00000328 000002ac
-[e] 01000088 00000328 0
-[w] 01000084 1 0f 0000007c
-[f] 0100008c fcf714e3
-[d] 01000088 63 - 0e 0f 1 - ffffffc8 -
-[r] 0e 0f 000002ac 000002ac
-[e] 01000088 000002ac 0
-[f] 01000090 00c12503
-[d] 0100008c 03 0a 02 - 2 - 0000000c -
-[r] 02 - 000002ac -
-[e] 01000088 01000050 1
-[f] 01000054 00c12703
-[d] 01000050 03 0e 02 - 2 - 0000000c -
-[r] 02 - 00000000 -
-[f] 01000058 00812783
-[d] 01000054 03 0f 02 - 2 - 00000008 -
-[r] 02 - 010fffe0 -
-[e] 01000050 010fffec 0
-[f] 0100005c 00e7dc63
-[d] 01000058 63 - 0f 0e 5 - 00000018 -
-[r] 0f 0e 010fffe0 00000000
-[e] 01000054 010fffe8 0
-[f] 0100005c 00e7dc63
-[d] 01000058 63 - 0f 0e 5 - 00000018 -
-[r] 0f 0e 0000007c 000002ac
-[e] 01000058 0000007c 0
-[w] 01000050 1 0e 000002ac
-[f] 0100005c 00e7dc63
-[d] 01000058 63 - 0f 0e 5 - 00000018 -
-[r] 0f 0e 0000007c 000002ac
-[e] 01000058 0000007c 0
-[w] 01000054 1 0f 0000007c
-[f] 0100005c 00e7dc63
-[d] 01000058 63 - 0f 0e 5 - 00000018 -
-[r] 0f 0e 0000007c 000002ac
-[e] 01000058 0000007c 0
-[f] 01000060 00c12703
-[d] 0100005c 03 0e 02 - 2 - 0000000c -
-[r] 02 - 0000007c -
-[e] 01000058 01000070 0
-[f] 01000064 00812783
-[d] 01000060 03 0f 02 - 2 - 00000008 -
-[r] 02 - 010fffe0 -
-[e] 0100005c 010fffec 0
-[f] 01000068 40f707b3
-[d] 01000064 33 0f 0e 0f 0 20 - -
-[r] 0e 0f 010fffe0 00000000
-[e] 01000060 010fffe8 0
-[f] 01000068 40f707b3
-[d] 01000064 33 0f 0e 0f 0 20 - -
-[r] 0e 0f 000002ac 0000007c
-[e] 01000064 000002ac 0
-[w] 0100005c 1 0e 000002ac
-[f] 01000068 40f707b3
-[d] 01000064 33 0f 0e 0f 0 20 - -
-[r] 0e 0f 000002ac 0000007c
-[e] 01000064 000002ac 0
-[w] 01000060 1 0f 0000007c
-[f] 01000068 40f707b3
-[d] 01000064 33 0f 0e 0f 0 20 - -
-[r] 0e 0f 000002ac 0000007c
-[e] 01000064 000002ac 0
-[f] 0100006c 00f12623
-[d] 01000068 23 - 02 0f 2 - 0000000c -
-[r] 02 0f 000002ac 0000007c
-[e] 01000064 00000230 0
-[f] 01000070 0140006f
-[d] 0100006c 6f 00 - - - - 00000014 -
-[r] - - - -
-[e] 01000068 010fffec 0
-[f] 01000074 00812703
-[d] 01000070 03 0e 02 - 2 - 00000008 -
-[r] 02 - 00000000 -
-[e] 0100006c 01000080 0
-[m] 01000068 010fffec 1 2 00000230
-[w] 01000064 1 0f 00000230
-[f] 01000084 00c12703
-[d] 01000080 03 0e 02 - 2 - 0000000c -
-[r] 02 - 00000000 -
-[f] 01000088 00812783
-[d] 01000084 03 0f 02 - 2 - 00000008 -
-[r] 02 - 010fffe0 -
-[e] 01000080 010fffec 0
-[f] 0100008c fcf714e3
-[d] 01000088 63 - 0e 0f 1 - ffffffc8 -
-[r] 0e 0f 010fffe0 00000000
-[e] 01000084 010fffe8 0
-[f] 0100008c fcf714e3
-[d] 01000088 63 - 0e 0f 1 - ffffffc8 -
-[r] 0e 0f 000002ac 00000230
-[e] 01000088 000002ac 0
-[w] 01000080 1 0e 00000230
-[f] 0100008c fcf714e3
-[d] 01000088 63 - 0e 0f 1 - ffffffc8 -
-[r] 0e 0f 000002ac 00000230
-[e] 01000088 000002ac 0
-[w] 01000084 1 0f 0000007c
-[f] 0100008c fcf714e3
-[d] 01000088 63 - 0e 0f 1 - ffffffc8 -
-[r] 0e 0f 00000230 00000230
-[e] 01000088 00000230 0
-[f] 01000090 00c12503
-[d] 0100008c 03 0a 02 - 2 - 0000000c -
-[r] 02 - 00000230 -
-[e] 01000088 01000050 1
-[f] 01000054 00c12703
-[d] 01000050 03 0e 02 - 2 - 0000000c -
-[r] 02 - 00000000 -
-[f] 01000058 00812783
-[d] 01000054 03 0f 02 - 2 - 00000008 -
-[r] 02 - 010fffe0 -
-[e] 01000050 010fffec 0
-[f] 0100005c 00e7dc63
-[d] 01000058 63 - 0f 0e 5 - 00000018 -
-[r] 0f 0e 010fffe0 00000000
-[e] 01000054 010fffe8 0
-[f] 0100005c 00e7dc63
-[d] 01000058 63 - 0f 0e 5 - 00000018 -
-[r] 0f 0e 0000007c 00000230
-[e] 01000058 0000007c 0
-[w] 01000050 1 0e 00000230
-[f] 0100005c 00e7dc63
-[d] 01000058 63 - 0f 0e 5 - 00000018 -
-[r] 0f 0e 0000007c 00000230
-[e] 01000058 0000007c 0
-[w] 01000054 1 0f 0000007c
-[f] 0100005c 00e7dc63
-[d] 01000058 63 - 0f 0e 5 - 00000018 -
-[r] 0f 0e 0000007c 00000230
-[e] 01000058 0000007c 0
-[f] 01000060 00c12703
-[d] 0100005c 03 0e 02 - 2 - 0000000c -
-[r] 02 - 0000007c -
-[e] 01000058 01000070 0
-[f] 01000064 00812783
-[d] 01000060 03 0f 02 - 2 - 00000008 -
-[r] 02 - 010fffe0 -
-[e] 0100005c 010fffec 0
-[f] 01000068 40f707b3
-[d] 01000064 33 0f 0e 0f 0 20 - -
-[r] 0e 0f 010fffe0 00000000
-[e] 01000060 010fffe8 0
-[f] 01000068 40f707b3
-[d] 01000064 33 0f 0e 0f 0 20 - -
-[r] 0e 0f 00000230 0000007c
-[e] 01000064 00000230 0
-[w] 0100005c 1 0e 00000230
-[f] 01000068 40f707b3
-[d] 01000064 33 0f 0e 0f 0 20 - -
-[r] 0e 0f 00000230 0000007c
-[e] 01000064 00000230 0
-[w] 01000060 1 0f 0000007c
-[f] 01000068 40f707b3
-[d] 01000064 33 0f 0e 0f 0 20 - -
-[r] 0e 0f 00000230 0000007c
-[e] 01000064 00000230 0
-[f] 0100006c 00f12623
-[d] 01000068 23 - 02 0f 2 - 0000000c -
-[r] 02 0f 00000230 0000007c
-[e] 01000064 000001b4 0
-[f] 01000070 0140006f
-[d] 0100006c 6f 00 - - - - 00000014 -
-[r] - - - -
-[e] 01000068 010fffec 0
-[f] 01000074 00812703
-[d] 01000070 03 0e 02 - 2 - 00000008 -
-[r] 02 - 00000000 -
-[e] 0100006c 01000080 0
-[m] 01000068 010fffec 1 2 000001b4
-[w] 01000064 1 0f 000001b4
-[f] 01000084 00c12703
-[d] 01000080 03 0e 02 - 2 - 0000000c -
-[r] 02 - 00000000 -
-[f] 01000088 00812783
-[d] 01000084 03 0f 02 - 2 - 00000008 -
-[r] 02 - 010fffe0 -
-[e] 01000080 010fffec 0
-[f] 0100008c fcf714e3
-[d] 01000088 63 - 0e 0f 1 - ffffffc8 -
-[r] 0e 0f 010fffe0 00000000
-[e] 01000084 010fffe8 0
-[f] 0100008c fcf714e3
-[d] 01000088 63 - 0e 0f 1 - ffffffc8 -
-[r] 0e 0f 00000230 000001b4
-[e] 01000088 00000230 0
-[w] 01000080 1 0e 000001b4
-[f] 0100008c fcf714e3
-[d] 01000088 63 - 0e 0f 1 - ffffffc8 -
-[r] 0e 0f 00000230 000001b4
-[e] 01000088 00000230 0
-[w] 01000084 1 0f 0000007c
-[f] 0100008c fcf714e3
-[d] 01000088 63 - 0e 0f 1 - ffffffc8 -
-[r] 0e 0f 000001b4 000001b4
-[e] 01000088 000001b4 0
-[f] 01000090 00c12503
-[d] 0100008c 03 0a 02 - 2 - 0000000c -
-[r] 02 - 000001b4 -
-[e] 01000088 01000050 1
+[d] 0100004c 23 - 02 0f 2 - 00000008 -
+[r] 02 0f fe010113 00000000
+[e] 01000048 0000005c 0
 [f] 01000054 00c12703
-[d] 01000050 03 0e 02 - 2 - 0000000c -
-[r] 02 - 00000000 -
-[f] 01000058 00812783
-[d] 01000054 03 0f 02 - 2 - 00000008 -
-[r] 02 - 010fffe0 -
-[e] 01000050 010fffec 0
-[f] 0100005c 00e7dc63
-[d] 01000058 63 - 0f 0e 5 - 00000018 -
-[r] 0f 0e 010fffe0 00000000
-[e] 01000054 010fffe8 0
-[f] 0100005c 00e7dc63
-[d] 01000058 63 - 0f 0e 5 - 00000018 -
-[r] 0f 0e 0000007c 000001b4
-[e] 01000058 0000007c 0
-[w] 01000050 1 0e 000001b4
-[f] 0100005c 00e7dc63
-[d] 01000058 63 - 0f 0e 5 - 00000018 -
-[r] 0f 0e 0000007c 000001b4
-[e] 01000058 0000007c 0
-[w] 01000054 1 0f 0000007c
-[f] 0100005c 00e7dc63
-[d] 01000058 63 - 0f 0e 5 - 00000018 -
-[r] 0f 0e 0000007c 000001b4
-[e] 01000058 0000007c 0
-[f] 01000060 00c12703
-[d] 0100005c 03 0e 02 - 2 - 0000000c -
-[r] 02 - 0000007c -
-[e] 01000058 01000070 0
-[f] 01000064 00812783
-[d] 01000060 03 0f 02 - 2 - 00000008 -
-[r] 02 - 010fffe0 -
-[e] 0100005c 010fffec 0
-[f] 01000068 40f707b3
-[d] 01000064 33 0f 0e 0f 0 20 - -
-[r] 0e 0f 010fffe0 00000000
-[e] 01000060 010fffe8 0
-[f] 01000068 40f707b3
-[d] 01000064 33 0f 0e 0f 0 20 - -
-[r] 0e 0f 000001b4 0000007c
-[e] 01000064 000001b4 0
-[w] 0100005c 1 0e 000001b4
-[f] 01000068 40f707b3
-[d] 01000064 33 0f 0e 0f 0 20 - -
-[r] 0e 0f 000001b4 0000007c
-[e] 01000064 000001b4 0
-[w] 01000060 1 0f 0000007c
-[f] 01000068 40f707b3
-[d] 01000064 33 0f 0e 0f 0 20 - -
-[r] 0e 0f 000001b4 0000007c
-[e] 01000064 000001b4 0
-[f] 0100006c 00f12623
-[d] 01000068 23 - 02 0f 2 - 0000000c -
-[r] 02 0f 000001b4 0000007c
-[e] 01000064 00000138 0
-[f] 01000070 0140006f
-[d] 0100006c 6f 00 - - - - 00000014 -
-[r] - - - -
-[e] 01000068 010fffec 0
-[f] 01000074 00812703
-[d] 01000070 03 0e 02 - 2 - 00000008 -
-[r] 02 - 00000000 -
-[e] 0100006c 01000080 0
-[m] 01000068 010fffec 1 2 00000138
-[w] 01000064 1 0f 00000138
-[f] 01000084 00c12703
-[d] 01000080 03 0e 02 - 2 - 0000000c -
-[r] 02 - 00000000 -
-[f] 01000088 00812783
-[d] 01000084 03 0f 02 - 2 - 00000008 -
-[r] 02 - 010fffe0 -
-[e] 01000080 010fffec 0
-[f] 0100008c fcf714e3
-[d] 01000088 63 - 0e 0f 1 - ffffffc8 -
-[r] 0e 0f 010fffe0 00000000
-[e] 01000084 010fffe8 0
-[f] 0100008c fcf714e3
-[d] 01000088 63 - 0e 0f 1 - ffffffc8 -
-[r] 0e 0f 000001b4 00000138
-[e] 01000088 000001b4 0
-[w] 01000080 1 0e 00000138
-[f] 0100008c fcf714e3
-[d] 01000088 63 - 0e 0f 1 - ffffffc8 -
-[r] 0e 0f 000001b4 00000138
-[e] 01000088 000001b4 0
-[w] 01000084 1 0f 0000007c
-[f] 0100008c fcf714e3
-[d] 01000088 63 - 0e 0f 1 - ffffffc8 -
-[r] 0e 0f 00000138 00000138
-[e] 01000088 00000138 0
-[f] 01000090 00c12503
-[d] 0100008c 03 0a 02 - 2 - 0000000c -
-[r] 02 - 00000138 -
-[e] 01000088 01000050 1
-[f] 01000054 00c12703
-[d] 01000050 03 0e 02 - 2 - 0000000c -
-[r] 02 - 00000000 -
-[f] 01000058 00812783
-[d] 01000054 03 0f 02 - 2 - 00000008 -
-[r] 02 - 010fffe0 -
-[e] 01000050 010fffec 0
-[f] 0100005c 00e7dc63
-[d] 01000058 63 - 0f 0e 5 - 00000018 -
-[r] 0f 0e 010fffe0 00000000
-[e] 01000054 010fffe8 0
-[f] 0100005c 00e7dc63
-[d] 01000058 63 - 0f 0e 5 - 00000018 -
-[r] 0f 0e 0000007c 00000138
-[e] 01000058 0000007c 0
-[w] 01000050 1 0e 00000138
-[f] 0100005c 00e7dc63
-[d] 01000058 63 - 0f 0e 5 - 00000018 -
-[r] 0f 0e 0000007c 00000138
-[e] 01000058 0000007c 0
-[w] 01000054 1 0f 0000007c
-[f] 0100005c 00e7dc63
-[d] 01000058 63 - 0f 0e 5 - 00000018 -
-[r] 0f 0e 0000007c 00000138
-[e] 01000058 0000007c 0
-[f] 01000060 00c12703
-[d] 0100005c 03 0e 02 - 2 - 0000000c -
-[r] 02 - 0000007c -
-[e] 01000058 01000070 0
-[f] 01000064 00812783
-[d] 01000060 03 0f 02 - 2 - 00000008 -
-[r] 02 - 010fffe0 -
-[e] 0100005c 010fffec 0
-[f] 01000068 40f707b3
-[d] 01000064 33 0f 0e 0f 0 20 - -
-[r] 0e 0f 010fffe0 00000000
-[e] 01000060 010fffe8 0
-[f] 01000068 40f707b3
-[d] 01000064 33 0f 0e 0f 0 20 - -
-[r] 0e 0f 00000138 0000007c
-[e] 01000064 00000138 0
-[w] 0100005c 1 0e 00000138
-[f] 01000068 40f707b3
-[d] 01000064 33 0f 0e 0f 0 20 - -
-[r] 0e 0f 00000138 0000007c
-[e] 01000064 00000138 0
-[w] 01000060 1 0f 0000007c
-[f] 01000068 40f707b3
-[d] 01000064 33 0f 0e 0f 0 20 - -
-[r] 0e 0f 00000138 0000007c
-[e] 01000064 00000138 0
-[f] 0100006c 00f12623
-[d] 01000068 23 - 02 0f 2 - 0000000c -
-[r] 02 0f 00000138 0000007c
-[e] 01000064 000000bc 0
-[f] 01000070 0140006f
-[d] 0100006c 6f 00 - - - - 00000014 -
-[r] - - - -
-[e] 01000068 010fffec 0
-[f] 01000074 00812703
-[d] 01000070 03 0e 02 - 2 - 00000008 -
-[r] 02 - 00000000 -
-[e] 0100006c 01000080 0
-[m] 01000068 010fffec 1 2 000000bc
-[w] 01000064 1 0f 000000bc
-[f] 01000084 00c12703
-[d] 01000080 03 0e 02 - 2 - 0000000c -
-[r] 02 - 00000000 -
-[f] 01000088 00812783
-[d] 01000084 03 0f 02 - 2 - 00000008 -
-[r] 02 - 010fffe0 -
-[e] 01000080 010fffec 0
-[f] 0100008c fcf714e3
-[d] 01000088 63 - 0e 0f 1 - ffffffc8 -
-[r] 0e 0f 010fffe0 00000000
-[e] 01000084 010fffe8 0
-[f] 0100008c fcf714e3
-[d] 01000088 63 - 0e 0f 1 - ffffffc8 -
-[r] 0e 0f 00000138 000000bc
-[e] 01000088 00000138 0
-[w] 01000080 1 0e 000000bc
-[f] 0100008c fcf714e3
-[d] 01000088 63 - 0e 0f 1 - ffffffc8 -
-[r] 0e 0f 00000138 000000bc
-[e] 01000088 00000138 0
-[w] 01000084 1 0f 0000007c
-[f] 0100008c fcf714e3
-[d] 01000088 63 - 0e 0f 1 - ffffffc8 -
-[r] 0e 0f 000000bc 000000bc
-[e] 01000088 000000bc 0
-[f] 01000090 00c12503
-[d] 0100008c 03 0a 02 - 2 - 0000000c -
-[r] 02 - 000000bc -
-[e] 01000088 01000050 1
-[f] 01000054 00c12703
-[d] 01000050 03 0e 02 - 2 - 0000000c -
-[r] 02 - 00000000 -
-[f] 01000058 00812783
-[d] 01000054 03 0f 02 - 2 - 00000008 -
-[r] 02 - 010fffe0 -
-[e] 01000050 010fffec 0
-[f] 0100005c 00e7dc63
-[d] 01000058 63 - 0f 0e 5 - 00000018 -
-[r] 0f 0e 010fffe0 00000000
-[e] 01000054 010fffe8 0
-[f] 0100005c 00e7dc63
-[d] 01000058 63 - 0f 0e 5 - 00000018 -
-[r] 0f 0e 0000007c 000000bc
-[e] 01000058 0000007c 0
-[w] 01000050 1 0e 000000bc
-[f] 0100005c 00e7dc63
-[d] 01000058 63 - 0f 0e 5 - 00000018 -
-[r] 0f 0e 0000007c 000000bc
-[e] 01000058 0000007c 0
-[w] 01000054 1 0f 0000007c
-[f] 0100005c 00e7dc63
-[d] 01000058 63 - 0f 0e 5 - 00000018 -
-[r] 0f 0e 0000007c 000000bc
-[e] 01000058 0000007c 0
-[f] 01000060 00c12703
-[d] 0100005c 03 0e 02 - 2 - 0000000c -
-[r] 02 - 0000007c -
-[e] 01000058 01000070 0
-[f] 01000064 00812783
-[d] 01000060 03 0f 02 - 2 - 00000008 -
-[r] 02 - 010fffe0 -
-[e] 0100005c 010fffec 0
-[f] 01000068 40f707b3
-[d] 01000064 33 0f 0e 0f 0 20 - -
-[r] 0e 0f 010fffe0 00000000
-[e] 01000060 010fffe8 0
-[f] 01000068 40f707b3
-[d] 01000064 33 0f 0e 0f 0 20 - -
-[r] 0e 0f 000000bc 0000007c
-[e] 01000064 000000bc 0
-[w] 0100005c 1 0e 000000bc
-[f] 01000068 40f707b3
-[d] 01000064 33 0f 0e 0f 0 20 - -
-[r] 0e 0f 000000bc 0000007c
-[e] 01000064 000000bc 0
-[w] 01000060 1 0f 0000007c
-[f] 01000068 40f707b3
-[d] 01000064 33 0f 0e 0f 0 20 - -
-[r] 0e 0f 000000bc 0000007c
-[e] 01000064 000000bc 0
-[f] 0100006c 00f12623
-[d] 01000068 23 - 02 0f 2 - 0000000c -
-[r] 02 0f 000000bc 0000007c
-[e] 01000064 00000040 0
-[f] 01000070 0140006f
-[d] 0100006c 6f 00 - - - - 00000014 -
+[d] 01000050 6f 00 - - - - 00000034 -
 [r] - - - -
-[e] 01000068 010fffec 0
-[f] 01000074 00812703
-[d] 01000070 03 0e 02 - 2 - 00000008 -
-[r] 02 - 00000000 -
-[e] 0100006c 01000080 0
-[m] 01000068 010fffec 1 2 00000040
-[w] 01000064 1 0f 00000040
-[f] 01000084 00c12703
-[d] 01000080 03 0e 02 - 2 - 0000000c -
-[r] 02 - 00000000 -
-[f] 01000088 00812783
-[d] 01000084 03 0f 02 - 2 - 00000008 -
-[r] 02 - 010fffe0 -
-[e] 01000080 010fffec 0
-[f] 0100008c fcf714e3
-[d] 01000088 63 - 0e 0f 1 - ffffffc8 -
-[r] 0e 0f 010fffe0 00000000
-[e] 01000084 010fffe8 0
-[f] 0100008c fcf714e3
-[d] 01000088 63 - 0e 0f 1 - ffffffc8 -
-[r] 0e 0f 000000bc 00000040
-[e] 01000088 000000bc 0
-[w] 01000080 1 0e 00000040
-[f] 0100008c fcf714e3
-[d] 01000088 63 - 0e 0f 1 - ffffffc8 -
-[r] 0e 0f 000000bc 00000040
-[e] 01000088 000000bc 0
-[w] 01000084 1 0f 0000007c
-[f] 0100008c fcf714e3
-[d] 01000088 63 - 0e 0f 1 - ffffffc8 -
-[r] 0e 0f 00000040 00000040
-[e] 01000088 00000040 0
-[f] 01000090 00c12503
-[d] 0100008c 03 0a 02 - 2 - 0000000c -
-[r] 02 - 00000040 -
-[e] 01000088 01000050 1
-[f] 01000054 00c12703
-[d] 01000050 03 0e 02 - 2 - 0000000c -
-[r] 02 - 00000000 -
-[f] 01000058 00812783
-[d] 01000054 03 0f 02 - 2 - 00000008 -
-[r] 02 - 010fffe0 -
-[e] 01000050 010fffec 0
-[f] 0100005c 00e7dc63
-[d] 01000058 63 - 0f 0e 5 - 00000018 -
-[r] 0f 0e 010fffe0 00000000
-[e] 01000054 010fffe8 0
-[f] 0100005c 00e7dc63
-[d] 01000058 63 - 0f 0e 5 - 00000018 -
-[r] 0f 0e 0000007c 00000040
-[e] 01000058 0000007c 0
-[w] 01000050 1 0e 00000040
-[f] 0100005c 00e7dc63
-[d] 01000058 63 - 0f 0e 5 - 00000018 -
-[r] 0f 0e 0000007c 00000040
-[e] 01000058 0000007c 0
-[w] 01000054 1 0f 0000007c
-[f] 0100005c 00e7dc63
-[d] 01000058 63 - 0f 0e 5 - 00000018 -
-[r] 0f 0e 0000007c 00000040
-[e] 01000058 0000007c 0
-[f] 01000060 00c12703
-[d] 0100005c 03 0e 02 - 2 - 0000000c -
-[r] 02 - 0000007c -
-[e] 01000058 01000070 1
-[f] 01000074 00812703
-[d] 01000070 03 0e 02 - 2 - 00000008 -
-[r] 02 - 00000000 -
-[f] 01000078 00c12783
-[d] 01000074 03 0f 02 - 2 - 0000000c -
-[r] 02 - 010fffe0 -
-[e] 01000070 010fffe8 0
-[f] 0100007c 40f707b3
-[d] 01000078 33 0f 0e 0f 0 20 - -
-[r] 0e 0f 010fffe0 00000000
-[e] 01000074 010fffec 0
-[f] 0100007c 40f707b3
-[d] 01000078 33 0f 0e 0f 0 20 - -
-[r] 0e 0f 00000040 0000007c
-[e] 01000078 00000040 0
-[w] 01000070 1 0e 0000007c
-[f] 0100007c 40f707b3
-[d] 01000078 33 0f 0e 0f 0 20 - -
-[r] 0e 0f 00000040 0000007c
-[e] 01000078 00000040 0
-[w] 01000074 1 0f 00000040
-[f] 0100007c 40f707b3
-[d] 01000078 33 0f 0e 0f 0 20 - -
-[r] 0e 0f 0000007c 0000007c
-[e] 01000078 0000007c 0
-[f] 01000080 00f12423
-[d] 0100007c 23 - 02 0f 2 - 00000008 -
-[r] 02 0f 0000007c 00000040
-[e] 01000078 0000003c 0
-[f] 01000084 00c12703
-[d] 01000080 03 0e 02 - 2 - 0000000c -
-[r] 02 - 010fffe0 -
-[e] 0100007c 010fffe8 0
-[f] 01000088 00812783
-[d] 01000084 03 0f 02 - 2 - 00000008 -
-[r] 02 - 010fffe0 -
-[e] 01000080 010fffec 0
-[m] 0100007c 010fffe8 1 2 0000003c
-[w] 01000078 1 0f 0000003c
-[f] 0100008c fcf714e3
-[d] 01000088 63 - 0e 0f 1 - ffffffc8 -
-[r] 0e 0f 010fffe0 00000000
-[e] 01000084 010fffe8 0
-[f] 0100008c fcf714e3
-[d] 01000088 63 - 0e 0f 1 - ffffffc8 -
-[r] 0e 0f 0000007c 0000003c
-[e] 01000088 0000007c 0
-[w] 01000080 1 0e 00000040
-[f] 0100008c fcf714e3
-[d] 01000088 63 - 0e 0f 1 - ffffffc8 -
-[r] 0e 0f 0000007c 0000003c
-[e] 01000088 0000007c 0
-[w] 01000084 1 0f 0000003c
-[f] 0100008c fcf714e3
-[d] 01000088 63 - 0e 0f 1 - ffffffc8 -
-[r] 0e 0f 00000040 0000003c
-[e] 01000088 00000040 0
-[f] 01000090 00c12503
-[d] 0100008c 03 0a 02 - 2 - 0000000c -
-[r] 02 - 00000040 -
-[e] 01000088 01000050 1
-[f] 01000054 00c12703
-[d] 01000050 03 0e 02 - 2 - 0000000c -
-[r] 02 - 00000000 -
-[f] 01000058 00812783
-[d] 01000054 03 0f 02 - 2 - 00000008 -
-[r] 02 - 010fffe0 -
-[e] 01000050 010fffec 0
-[f] 0100005c 00e7dc63
-[d] 01000058 63 - 0f 0e 5 - 00000018 -
-[r] 0f 0e 010fffe0 00000000
-[e] 01000054 010fffe8 0
-[f] 0100005c 00e7dc63
-[d] 01000058 63 - 0f 0e 5 - 00000018 -
-[r] 0f 0e 0000003c 00000040
-[e] 01000058 0000003c 0
-[w] 01000050 1 0e 00000040
-[f] 0100005c 00e7dc63
-[d] 01000058 63 - 0f 0e 5 - 00000018 -
-[r] 0f 0e 0000003c 00000040
-[e] 01000058 0000003c 0
-[w] 01000054 1 0f 0000003c
-[f] 0100005c 00e7dc63
-[d] 01000058 63 - 0f 0e 5 - 00000018 -
-[r] 0f 0e 0000003c 00000040
-[e] 01000058 0000003c 0
-[f] 01000060 00c12703
-[d] 0100005c 03 0e 02 - 2 - 0000000c -
-[r] 02 - 0000003c -
-[e] 01000058 01000070 0
-[f] 01000064 00812783
-[d] 01000060 03 0f 02 - 2 - 00000008 -
-[r] 02 - 010fffe0 -
-[e] 0100005c 010fffec 0
-[f] 01000068 40f707b3
-[d] 01000064 33 0f 0e 0f 0 20 - -
-[r] 0e 0f 010fffe0 00000000
-[e] 01000060 010fffe8 0
-[f] 01000068 40f707b3
-[d] 01000064 33 0f 0e 0f 0 20 - -
-[r] 0e 0f 00000040 0000003c
-[e] 01000064 00000040 0
-[w] 0100005c 1 0e 00000040
-[f] 01000068 40f707b3
-[d] 01000064 33 0f 0e 0f 0 20 - -
-[r] 0e 0f 00000040 0000003c
-[e] 01000064 00000040 0
-[w] 01000060 1 0f 0000003c
-[f] 01000068 40f707b3
-[d] 01000064 33 0f 0e 0f 0 20 - -
-[r] 0e 0f 00000040 0000003c
-[e] 01000064 00000040 0
-[f] 0100006c 00f12623
-[d] 01000068 23 - 02 0f 2 - 0000000c -
-[r] 02 0f 00000040 0000003c
-[e] 01000064 00000004 0
-[f] 01000070 0140006f
-[d] 0100006c 6f 00 - - - - 00000014 -
-[r] - - - -
-[e] 01000068 010fffec 0
-[f] 01000074 00812703
-[d] 01000070 03 0e 02 - 2 - 00000008 -
-[r] 02 - 00000000 -
-[e] 0100006c 01000080 0
-[m] 01000068 010fffec 1 2 00000004
-[w] 01000064 1 0f 00000004
-[f] 01000084 00c12703
-[d] 01000080 03 0e 02 - 2 - 0000000c -
-[r] 02 - 00000000 -
-[f] 01000088 00812783
-[d] 01000084 03 0f 02 - 2 - 00000008 -
-[r] 02 - 010fffe0 -
-[e] 01000080 010fffec 0
-[f] 0100008c fcf714e3
-[d] 01000088 63 - 0e 0f 1 - ffffffc8 -
-[r] 0e 0f 010fffe0 00000000
-[e] 01000084 010fffe8 0
-[f] 0100008c fcf714e3
-[d] 01000088 63 - 0e 0f 1 - ffffffc8 -
-[r] 0e 0f 00000040 00000004
-[e] 01000088 00000040 0
-[w] 01000080 1 0e 00000004
-[f] 0100008c fcf714e3
-[d] 01000088 63 - 0e 0f 1 - ffffffc8 -
-[r] 0e 0f 00000040 00000004
-[e] 01000088 00000040 0
-[w] 01000084 1 0f 0000003c
-[f] 0100008c fcf714e3
-[d] 01000088 63 - 0e 0f 1 - ffffffc8 -
-[r] 0e 0f 00000004 00000004
-[e] 01000088 00000004 0
-[f] 01000090 00c12503
-[d] 0100008c 03 0a 02 - 2 - 0000000c -
-[r] 02 - 00000004 -
-[e] 01000088 01000050 1
-[f] 01000054 00c12703
-[d] 01000050 03 0e 02 - 2 - 0000000c -
-[r] 02 - 00000000 -
-[f] 01000058 00812783
-[d] 01000054 03 0f 02 - 2 - 00000008 -
-[r] 02 - 010fffe0 -
-[e] 01000050 010fffec 0
-[f] 0100005c 00e7dc63
-[d] 01000058 63 - 0f 0e 5 - 00000018 -
-[r] 0f 0e 010fffe0 00000000
-[e] 01000054 010fffe8 0
-[f] 0100005c 00e7dc63
-[d] 01000058 63 - 0f 0e 5 - 00000018 -
-[r] 0f 0e 0000003c 00000004
-[e] 01000058 0000003c 0
-[w] 01000050 1 0e 00000004
-[f] 0100005c 00e7dc63
-[d] 01000058 63 - 0f 0e 5 - 00000018 -
-[r] 0f 0e 0000003c 00000004
-[e] 01000058 0000003c 0
-[w] 01000054 1 0f 0000003c
-[f] 0100005c 00e7dc63
-[d] 01000058 63 - 0f 0e 5 - 00000018 -
-[r] 0f 0e 0000003c 00000004
-[e] 01000058 0000003c 0
-[f] 01000060 00c12703
-[d] 0100005c 03 0e 02 - 2 - 0000000c -
-[r] 02 - 0000003c -
-[e] 01000058 01000070 1
-[f] 01000074 00812703
-[d] 01000070 03 0e 02 - 2 - 00000008 -
-[r] 02 - 00000000 -
-[f] 01000078 00c12783
-[d] 01000074 03 0f 02 - 2 - 0000000c -
-[r] 02 - 010fffe0 -
-[e] 01000070 010fffe8 0
-[f] 0100007c 40f707b3
-[d] 01000078 33 0f 0e 0f 0 20 - -
-[r] 0e 0f 010fffe0 00000000
-[e] 01000074 010fffec 0
-[f] 0100007c 40f707b3
-[d] 01000078 33 0f 0e 0f 0 20 - -
-[r] 0e 0f 00000004 0000003c
-[e] 01000078 00000004 0
-[w] 01000070 1 0e 0000003c
-[f] 0100007c 40f707b3
-[d] 01000078 33 0f 0e 0f 0 20 - -
-[r] 0e 0f 00000004 0000003c
-[e] 01000078 00000004 0
-[w] 01000074 1 0f 00000004
-[f] 0100007c 40f707b3
-[d] 01000078 33 0f 0e 0f 0 20 - -
-[r] 0e 0f 0000003c 0000003c
-[e] 01000078 0000003c 0
-[f] 01000080 00f12423
-[d] 0100007c 23 - 02 0f 2 - 00000008 -
-[r] 02 0f 0000003c 00000004
-[e] 01000078 00000038 0
-[f] 01000084 00c12703
-[d] 01000080 03 0e 02 - 2 - 0000000c -
-[r] 02 - 010fffe0 -
-[e] 0100007c 010fffe8 0
-[f] 01000088 00812783
-[d] 01000084 03 0f 02 - 2 - 00000008 -
-[r] 02 - 010fffe0 -
-[e] 01000080 010fffec 0
-[m] 0100007c 010fffe8 1 2 00000038
-[w] 01000078 1 0f 00000038
-[f] 0100008c fcf714e3
-[d] 01000088 63 - 0e 0f 1 - ffffffc8 -
-[r] 0e 0f 010fffe0 00000000
-[e] 01000084 010fffe8 0
-[f] 0100008c fcf714e3
-[d] 01000088 63 - 0e 0f 1 - ffffffc8 -
-[r] 0e 0f 0000003c 00000038
-[e] 01000088 0000003c 0
-[w] 01000080 1 0e 00000004
-[f] 0100008c fcf714e3
-[d] 01000088 63 - 0e 0f 1 - ffffffc8 -
-[r] 0e 0f 0000003c 00000038
-[e] 01000088 0000003c 0
-[w] 01000084 1 0f 00000038
-[f] 0100008c fcf714e3
-[d] 01000088 63 - 0e 0f 1 - ffffffc8 -
-[r] 0e 0f 00000004 00000038
-[e] 01000088 00000004 0
-[f] 01000090 00c12503
-[d] 0100008c 03 0a 02 - 2 - 0000000c -
-[r] 02 - 00000004 -
-[e] 01000088 01000050 1
-[f] 01000054 00c12703
-[d] 01000050 03 0e 02 - 2 - 0000000c -
-[r] 02 - 00000000 -
-[f] 01000058 00812783
-[d] 01000054 03 0f 02 - 2 - 00000008 -
-[r] 02 - 010fffe0 -
-[e] 01000050 010fffec 0
-[f] 0100005c 00e7dc63
-[d] 01000058 63 - 0f 0e 5 - 00000018 -
-[r] 0f 0e 010fffe0 00000000
-[e] 01000054 010fffe8 0
-[f] 0100005c 00e7dc63
-[d] 01000058 63 - 0f 0e 5 - 00000018 -
-[r] 0f 0e 00000038 00000004
-[e] 01000058 00000038 0
-[w] 01000050 1 0e 00000004
-[f] 0100005c 00e7dc63
-[d] 01000058 63 - 0f 0e 5 - 00000018 -
-[r] 0f 0e 00000038 00000004
-[e] 01000058 00000038 0
-[w] 01000054 1 0f 00000038
-[f] 0100005c 00e7dc63
-[d] 01000058 63 - 0f 0e 5 - 00000018 -
-[r] 0f 0e 00000038 00000004
-[e] 01000058 00000038 0
-[f] 01000060 00c12703
-[d] 0100005c 03 0e 02 - 2 - 0000000c -
-[r] 02 - 00000038 -
-[e] 01000058 01000070 1
-[f] 01000074 00812703
-[d] 01000070 03 0e 02 - 2 - 00000008 -
-[r] 02 - 00000000 -
-[f] 01000078 00c12783
-[d] 01000074 03 0f 02 - 2 - 0000000c -
-[r] 02 - 010fffe0 -
-[e] 01000070 010fffe8 0
-[f] 0100007c 40f707b3
-[d] 01000078 33 0f 0e 0f 0 20 - -
-[r] 0e 0f 010fffe0 00000000
-[e] 01000074 010fffec 0
-[f] 0100007c 40f707b3
-[d] 01000078 33 0f 0e 0f 0 20 - -
-[r] 0e 0f 00000004 00000038
-[e] 01000078 00000004 0
-[w] 01000070 1 0e 00000038
-[f] 0100007c 40f707b3
-[d] 01000078 33 0f 0e 0f 0 20 - -
-[r] 0e 0f 00000004 00000038
-[e] 01000078 00000004 0
-[w] 01000074 1 0f 00000004
-[f] 0100007c 40f707b3
-[d] 01000078 33 0f 0e 0f 0 20 - -
-[r] 0e 0f 00000038 00000038
-[e] 01000078 00000038 0
-[f] 01000080 00f12423
-[d] 0100007c 23 - 02 0f 2 - 00000008 -
-[r] 02 0f 00000038 00000004
-[e] 01000078 00000034 0
-[f] 01000084 00c12703
-[d] 01000080 03 0e 02 - 2 - 0000000c -
-[r] 02 - 010fffe0 -
-[e] 0100007c 010fffe8 0
-[f] 01000088 00812783
-[d] 01000084 03 0f 02 - 2 - 00000008 -
-[r] 02 - 010fffe0 -
-[e] 01000080 010fffec 0
-[m] 0100007c 010fffe8 1 2 00000034
-[w] 01000078 1 0f 00000034
-[f] 0100008c fcf714e3
-[d] 01000088 63 - 0e 0f 1 - ffffffc8 -
-[r] 0e 0f 010fffe0 00000000
-[e] 01000084 010fffe8 0
-[f] 0100008c fcf714e3
-[d] 01000088 63 - 0e 0f 1 - ffffffc8 -
-[r] 0e 0f 00000038 00000034
-[e] 01000088 00000038 0
-[w] 01000080 1 0e 00000004
-[f] 0100008c fcf714e3
-[d] 01000088 63 - 0e 0f 1 - ffffffc8 -
-[r] 0e 0f 00000038 00000034
-[e] 01000088 00000038 0
-[w] 01000084 1 0f 00000034
-[f] 0100008c fcf714e3
-[d] 01000088 63 - 0e 0f 1 - ffffffc8 -
-[r] 0e 0f 00000004 00000034
-[e] 01000088 00000004 0
-[f] 01000090 00c12503
-[d] 0100008c 03 0a 02 - 2 - 0000000c -
-[r] 02 - 00000004 -
-[e] 01000088 01000050 1
-[f] 01000054 00c12703
-[d] 01000050 03 0e 02 - 2 - 0000000c -
-[r] 02 - 00000000 -
-[f] 01000058 00812783
-[d] 01000054 03 0f 02 - 2 - 00000008 -
-[r] 02 - 010fffe0 -
-[e] 01000050 010fffec 0
-[f] 0100005c 00e7dc63
-[d] 01000058 63 - 0f 0e 5 - 00000018 -
-[r] 0f 0e 010fffe0 00000000
-[e] 01000054 010fffe8 0
-[f] 0100005c 00e7dc63
-[d] 01000058 63 - 0f 0e 5 - 00000018 -
-[r] 0f 0e 00000034 00000004
-[e] 01000058 00000034 0
-[w] 01000050 1 0e 00000004
-[f] 0100005c 00e7dc63
-[d] 01000058 63 - 0f 0e 5 - 00000018 -
-[r] 0f 0e 00000034 00000004
-[e] 01000058 00000034 0
-[w] 01000054 1 0f 00000034
-[f] 0100005c 00e7dc63
-[d] 01000058 63 - 0f 0e 5 - 00000018 -
-[r] 0f 0e 00000034 00000004
-[e] 01000058 00000034 0
-[f] 01000060 00c12703
-[d] 0100005c 03 0e 02 - 2 - 0000000c -
-[r] 02 - 00000034 -
-[e] 01000058 01000070 1
-[f] 01000074 00812703
-[d] 01000070 03 0e 02 - 2 - 00000008 -
-[r] 02 - 00000000 -
-[f] 01000078 00c12783
-[d] 01000074 03 0f 02 - 2 - 0000000c -
-[r] 02 - 010fffe0 -
-[e] 01000070 010fffe8 0
-[f] 0100007c 40f707b3
-[d] 01000078 33 0f 0e 0f 0 20 - -
-[r] 0e 0f 010fffe0 00000000
-[e] 01000074 010fffec 0
-[f] 0100007c 40f707b3
-[d] 01000078 33 0f 0e 0f 0 20 - -
-[r] 0e 0f 00000004 00000034
-[e] 01000078 00000004 0
-[w] 01000070 1 0e 00000034
-[f] 0100007c 40f707b3
-[d] 01000078 33 0f 0e 0f 0 20 - -
-[r] 0e 0f 00000004 00000034
-[e] 01000078 00000004 0
-[w] 01000074 1 0f 00000004
-[f] 0100007c 40f707b3
-[d] 01000078 33 0f 0e 0f 0 20 - -
-[r] 0e 0f 00000034 00000034
-[e] 01000078 00000034 0
-[f] 01000080 00f12423
-[d] 0100007c 23 - 02 0f 2 - 00000008 -
-[r] 02 0f 00000034 00000004
-[e] 01000078 00000030 0
-[f] 01000084 00c12703
-[d] 01000080 03 0e 02 - 2 - 0000000c -
-[r] 02 - 010fffe0 -
-[e] 0100007c 010fffe8 0
-[f] 01000088 00812783
-[d] 01000084 03 0f 02 - 2 - 00000008 -
-[r] 02 - 010fffe0 -
-[e] 01000080 010fffec 0
-[m] 0100007c 010fffe8 1 2 00000030
-[w] 01000078 1 0f 00000030
-[f] 0100008c fcf714e3
-[d] 01000088 63 - 0e 0f 1 - ffffffc8 -
-[r] 0e 0f 010fffe0 00000000
-[e] 01000084 010fffe8 0
-[f] 0100008c fcf714e3
-[d] 01000088 63 - 0e 0f 1 - ffffffc8 -
-[r] 0e 0f 00000034 00000030
-[e] 01000088 00000034 0
-[w] 01000080 1 0e 00000004
-[f] 0100008c fcf714e3
-[d] 01000088 63 - 0e 0f 1 - ffffffc8 -
-[r] 0e 0f 00000034 00000030
-[e] 01000088 00000034 0
-[w] 01000084 1 0f 00000030
-[f] 0100008c fcf714e3
-[d] 01000088 63 - 0e 0f 1 - ffffffc8 -
-[r] 0e 0f 00000004 00000030
-[e] 01000088 00000004 0
-[f] 01000090 00c12503
-[d] 0100008c 03 0a 02 - 2 - 0000000c -
-[r] 02 - 00000004 -
-[e] 01000088 01000050 1
-[f] 01000054 00c12703
-[d] 01000050 03 0e 02 - 2 - 0000000c -
-[r] 02 - 00000000 -
-[f] 01000058 00812783
-[d] 01000054 03 0f 02 - 2 - 00000008 -
-[r] 02 - 010fffe0 -
-[e] 01000050 010fffec 0
-[f] 0100005c 00e7dc63
-[d] 01000058 63 - 0f 0e 5 - 00000018 -
-[r] 0f 0e 010fffe0 00000000
-[e] 01000054 010fffe8 0
-[f] 0100005c 00e7dc63
-[d] 01000058 63 - 0f 0e 5 - 00000018 -
-[r] 0f 0e 00000030 00000004
-[e] 01000058 00000030 0
-[w] 01000050 1 0e 00000004
-[f] 0100005c 00e7dc63
-[d] 01000058 63 - 0f 0e 5 - 00000018 -
-[r] 0f 0e 00000030 00000004
-[e] 01000058 00000030 0
-[w] 01000054 1 0f 00000030
-[f] 0100005c 00e7dc63
-[d] 01000058 63 - 0f 0e 5 - 00000018 -
-[r] 0f 0e 00000030 00000004
-[e] 01000058 00000030 0
-[f] 01000060 00c12703
-[d] 0100005c 03 0e 02 - 2 - 0000000c -
-[r] 02 - 00000030 -
-[e] 01000058 01000070 1
-[f] 01000074 00812703
-[d] 01000070 03 0e 02 - 2 - 00000008 -
-[r] 02 - 00000000 -
-[f] 01000078 00c12783
-[d] 01000074 03 0f 02 - 2 - 0000000c -
-[r] 02 - 010fffe0 -
-[e] 01000070 010fffe8 0
-[f] 0100007c 40f707b3
-[d] 01000078 33 0f 0e 0f 0 20 - -
-[r] 0e 0f 010fffe0 00000000
-[e] 01000074 010fffec 0
-[f] 0100007c 40f707b3
-[d] 01000078 33 0f 0e 0f 0 20 - -
-[r] 0e 0f 00000004 00000030
-[e] 01000078 00000004 0
-[w] 01000070 1 0e 00000030
-[f] 0100007c 40f707b3
-[d] 01000078 33 0f 0e 0f 0 20 - -
-[r] 0e 0f 00000004 00000030
-[e] 01000078 00000004 0
-[w] 01000074 1 0f 00000004
-[f] 0100007c 40f707b3
-[d] 01000078 33 0f 0e 0f 0 20 - -
-[r] 0e 0f 00000030 00000030
-[e] 01000078 00000030 0
-[f] 01000080 00f12423
-[d] 0100007c 23 - 02 0f 2 - 00000008 -
-[r] 02 0f 00000030 00000004
-[e] 01000078 0000002c 0
-[f] 01000084 00c12703
-[d] 01000080 03 0e 02 - 2 - 0000000c -
-[r] 02 - 010fffe0 -
-[e] 0100007c 010fffe8 0
-[f] 01000088 00812783
-[d] 01000084 03 0f 02 - 2 - 00000008 -
-[r] 02 - 010fffe0 -
-[e] 01000080 010fffec 0
-[m] 0100007c 010fffe8 1 2 0000002c
-[w] 01000078 1 0f 0000002c
-[f] 0100008c fcf714e3
-[d] 01000088 63 - 0e 0f 1 - ffffffc8 -
-[r] 0e 0f 010fffe0 00000000
-[e] 01000084 010fffe8 0
-[f] 0100008c fcf714e3
-[d] 01000088 63 - 0e 0f 1 - ffffffc8 -
-[r] 0e 0f 00000030 0000002c
-[e] 01000088 00000030 0
-[w] 01000080 1 0e 00000004
-[f] 0100008c fcf714e3
-[d] 01000088 63 - 0e 0f 1 - ffffffc8 -
-[r] 0e 0f 00000030 0000002c
-[e] 01000088 00000030 0
-[w] 01000084 1 0f 0000002c
-[f] 0100008c fcf714e3
-[d] 01000088 63 - 0e 0f 1 - ffffffc8 -
-[r] 0e 0f 00000004 0000002c
-[e] 01000088 00000004 0
-[f] 01000090 00c12503
-[d] 0100008c 03 0a 02 - 2 - 0000000c -
-[r] 02 - 00000004 -
-[e] 01000088 01000050 1
-[f] 01000054 00c12703
-[d] 01000050 03 0e 02 - 2 - 0000000c -
-[r] 02 - 00000000 -
-[f] 01000058 00812783
-[d] 01000054 03 0f 02 - 2 - 00000008 -
-[r] 02 - 010fffe0 -
-[e] 01000050 010fffec 0
-[f] 0100005c 00e7dc63
-[d] 01000058 63 - 0f 0e 5 - 00000018 -
-[r] 0f 0e 010fffe0 00000000
-[e] 01000054 010fffe8 0
-[f] 0100005c 00e7dc63
-[d] 01000058 63 - 0f 0e 5 - 00000018 -
-[r] 0f 0e 0000002c 00000004
-[e] 01000058 0000002c 0
-[w] 01000050 1 0e 00000004
-[f] 0100005c 00e7dc63
-[d] 01000058 63 - 0f 0e 5 - 00000018 -
-[r] 0f 0e 0000002c 00000004
-[e] 01000058 0000002c 0
-[w] 01000054 1 0f 0000002c
-[f] 0100005c 00e7dc63
-[d] 01000058 63 - 0f 0e 5 - 00000018 -
-[r] 0f 0e 0000002c 00000004
-[e] 01000058 0000002c 0
-[f] 01000060 00c12703
-[d] 0100005c 03 0e 02 - 2 - 0000000c -
-[r] 02 - 0000002c -
-[e] 01000058 01000070 1
-[f] 01000074 00812703
-[d] 01000070 03 0e 02 - 2 - 00000008 -
-[r] 02 - 00000000 -
-[f] 01000078 00c12783
-[d] 01000074 03 0f 02 - 2 - 0000000c -
-[r] 02 - 010fffe0 -
-[e] 01000070 010fffe8 0
-[f] 0100007c 40f707b3
-[d] 01000078 33 0f 0e 0f 0 20 - -
-[r] 0e 0f 010fffe0 00000000
-[e] 01000074 010fffec 0
-[f] 0100007c 40f707b3
-[d] 01000078 33 0f 0e 0f 0 20 - -
-[r] 0e 0f 00000004 0000002c
-[e] 01000078 00000004 0
-[w] 01000070 1 0e 0000002c
-[f] 0100007c 40f707b3
-[d] 01000078 33 0f 0e 0f 0 20 - -
-[r] 0e 0f 00000004 0000002c
-[e] 01000078 00000004 0
-[w] 01000074 1 0f 00000004
-[f] 0100007c 40f707b3
-[d] 01000078 33 0f 0e 0f 0 20 - -
-[r] 0e 0f 0000002c 0000002c
-[e] 01000078 0000002c 0
-[f] 01000080 00f12423
-[d] 0100007c 23 - 02 0f 2 - 00000008 -
-[r] 02 0f 0000002c 00000004
-[e] 01000078 00000028 0
-[f] 01000084 00c12703
-[d] 01000080 03 0e 02 - 2 - 0000000c -
-[r] 02 - 010fffe0 -
-[e] 0100007c 010fffe8 0
-[f] 01000088 00812783
-[d] 01000084 03 0f 02 - 2 - 00000008 -
-[r] 02 - 010fffe0 -
-[e] 01000080 010fffec 0
-[m] 0100007c 010fffe8 1 2 00000028
-[w] 01000078 1 0f 00000028
-[f] 0100008c fcf714e3
-[d] 01000088 63 - 0e 0f 1 - ffffffc8 -
-[r] 0e 0f 010fffe0 00000000
-[e] 01000084 010fffe8 0
-[f] 0100008c fcf714e3
-[d] 01000088 63 - 0e 0f 1 - ffffffc8 -
-[r] 0e 0f 0000002c 00000028
-[e] 01000088 0000002c 0
-[w] 01000080 1 0e 00000004
-[f] 0100008c fcf714e3
-[d] 01000088 63 - 0e 0f 1 - ffffffc8 -
-[r] 0e 0f 0000002c 00000028
-[e] 01000088 0000002c 0
-[w] 01000084 1 0f 00000028
-[f] 0100008c fcf714e3
-[d] 01000088 63 - 0e 0f 1 - ffffffc8 -
-[r] 0e 0f 00000004 00000028
-[e] 01000088 00000004 0
-[f] 01000090 00c12503
-[d] 0100008c 03 0a 02 - 2 - 0000000c -
-[r] 02 - 00000004 -
-[e] 01000088 01000050 1
-[f] 01000054 00c12703
-[d] 01000050 03 0e 02 - 2 - 0000000c -
-[r] 02 - 00000000 -
-[f] 01000058 00812783
-[d] 01000054 03 0f 02 - 2 - 00000008 -
-[r] 02 - 010fffe0 -
-[e] 01000050 010fffec 0
-[f] 0100005c 00e7dc63
-[d] 01000058 63 - 0f 0e 5 - 00000018 -
-[r] 0f 0e 010fffe0 00000000
-[e] 01000054 010fffe8 0
-[f] 0100005c 00e7dc63
-[d] 01000058 63 - 0f 0e 5 - 00000018 -
-[r] 0f 0e 00000028 00000004
-[e] 01000058 00000028 0
-[w] 01000050 1 0e 00000004
-[f] 0100005c 00e7dc63
-[d] 01000058 63 - 0f 0e 5 - 00000018 -
-[r] 0f 0e 00000028 00000004
-[e] 01000058 00000028 0
-[w] 01000054 1 0f 00000028
-[f] 0100005c 00e7dc63
-[d] 01000058 63 - 0f 0e 5 - 00000018 -
-[r] 0f 0e 00000028 00000004
-[e] 01000058 00000028 0
-[f] 01000060 00c12703
-[d] 0100005c 03 0e 02 - 2 - 0000000c -
-[r] 02 - 00000028 -
-[e] 01000058 01000070 1
-[f] 01000074 00812703
-[d] 01000070 03 0e 02 - 2 - 00000008 -
-[r] 02 - 00000000 -
-[f] 01000078 00c12783
-[d] 01000074 03 0f 02 - 2 - 0000000c -
-[r] 02 - 010fffe0 -
-[e] 01000070 010fffe8 0
-[f] 0100007c 40f707b3
-[d] 01000078 33 0f 0e 0f 0 20 - -
-[r] 0e 0f 010fffe0 00000000
-[e] 01000074 010fffec 0
-[f] 0100007c 40f707b3
-[d] 01000078 33 0f 0e 0f 0 20 - -
-[r] 0e 0f 00000004 00000028
-[e] 01000078 00000004 0
-[w] 01000070 1 0e 00000028
-[f] 0100007c 40f707b3
-[d] 01000078 33 0f 0e 0f 0 20 - -
-[r] 0e 0f 00000004 00000028
-[e] 01000078 00000004 0
-[w] 01000074 1 0f 00000004
-[f] 0100007c 40f707b3
-[d] 01000078 33 0f 0e 0f 0 20 - -
-[r] 0e 0f 00000028 00000028
-[e] 01000078 00000028 0
-[f] 01000080 00f12423
-[d] 0100007c 23 - 02 0f 2 - 00000008 -
-[r] 02 0f 00000028 00000004
-[e] 01000078 00000024 0
-[f] 01000084 00c12703
-[d] 01000080 03 0e 02 - 2 - 0000000c -
-[r] 02 - 010fffe0 -
-[e] 0100007c 010fffe8 0
-[f] 01000088 00812783
-[d] 01000084 03 0f 02 - 2 - 00000008 -
-[r] 02 - 010fffe0 -
-[e] 01000080 010fffec 0
-[m] 0100007c 010fffe8 1 2 00000024
-[w] 01000078 1 0f 00000024
-[f] 0100008c fcf714e3
-[d] 01000088 63 - 0e 0f 1 - ffffffc8 -
-[r] 0e 0f 010fffe0 00000000
-[e] 01000084 010fffe8 0
-[f] 0100008c fcf714e3
-[d] 01000088 63 - 0e 0f 1 - ffffffc8 -
-[r] 0e 0f 00000028 00000024
-[e] 01000088 00000028 0
-[w] 01000080 1 0e 00000004
-[f] 0100008c fcf714e3
-[d] 01000088 63 - 0e 0f 1 - ffffffc8 -
-[r] 0e 0f 00000028 00000024
-[e] 01000088 00000028 0
-[w] 01000084 1 0f 00000024
-[f] 0100008c fcf714e3
-[d] 01000088 63 - 0e 0f 1 - ffffffc8 -
-[r] 0e 0f 00000004 00000024
-[e] 01000088 00000004 0
-[f] 01000090 00c12503
-[d] 0100008c 03 0a 02 - 2 - 0000000c -
-[r] 02 - 00000004 -
-[e] 01000088 01000050 1
-[f] 01000054 00c12703
-[d] 01000050 03 0e 02 - 2 - 0000000c -
-[r] 02 - 00000000 -
-[f] 01000058 00812783
-[d] 01000054 03 0f 02 - 2 - 00000008 -
-[r] 02 - 010fffe0 -
-[e] 01000050 010fffec 0
-[f] 0100005c 00e7dc63
-[d] 01000058 63 - 0f 0e 5 - 00000018 -
-[r] 0f 0e 010fffe0 00000000
-[e] 01000054 010fffe8 0
-[f] 0100005c 00e7dc63
-[d] 01000058 63 - 0f 0e 5 - 00000018 -
-[r] 0f 0e 00000024 00000004
-[e] 01000058 00000024 0
-[w] 01000050 1 0e 00000004
-[f] 0100005c 00e7dc63
-[d] 01000058 63 - 0f 0e 5 - 00000018 -
-[r] 0f 0e 00000024 00000004
-[e] 01000058 00000024 0
-[w] 01000054 1 0f 00000024
-[f] 0100005c 00e7dc63
-[d] 01000058 63 - 0f 0e 5 - 00000018 -
-[r] 0f 0e 00000024 00000004
-[e] 01000058 00000024 0
-[f] 01000060 00c12703
-[d] 0100005c 03 0e 02 - 2 - 0000000c -
-[r] 02 - 00000024 -
-[e] 01000058 01000070 1
-[f] 01000074 00812703
-[d] 01000070 03 0e 02 - 2 - 00000008 -
-[r] 02 - 00000000 -
-[f] 01000078 00c12783
-[d] 01000074 03 0f 02 - 2 - 0000000c -
-[r] 02 - 010fffe0 -
-[e] 01000070 010fffe8 0
-[f] 0100007c 40f707b3
-[d] 01000078 33 0f 0e 0f 0 20 - -
-[r] 0e 0f 010fffe0 00000000
-[e] 01000074 010fffec 0
-[f] 0100007c 40f707b3
-[d] 01000078 33 0f 0e 0f 0 20 - -
-[r] 0e 0f 00000004 00000024
-[e] 01000078 00000004 0
-[w] 01000070 1 0e 00000024
-[f] 0100007c 40f707b3
-[d] 01000078 33 0f 0e 0f 0 20 - -
-[r] 0e 0f 00000004 00000024
-[e] 01000078 00000004 0
-[w] 01000074 1 0f 00000004
-[f] 0100007c 40f707b3
-[d] 01000078 33 0f 0e 0f 0 20 - -
-[r] 0e 0f 00000024 00000024
-[e] 01000078 00000024 0
-[f] 01000080 00f12423
-[d] 0100007c 23 - 02 0f 2 - 00000008 -
-[r] 02 0f 00000024 00000004
-[e] 01000078 00000020 0
-[f] 01000084 00c12703
-[d] 01000080 03 0e 02 - 2 - 0000000c -
-[r] 02 - 010fffe0 -
-[e] 0100007c 010fffe8 0
-[f] 01000088 00812783
-[d] 01000084 03 0f 02 - 2 - 00000008 -
-[r] 02 - 010fffe0 -
-[e] 01000080 010fffec 0
-[m] 0100007c 010fffe8 1 2 00000020
-[w] 01000078 1 0f 00000020
-[f] 0100008c fcf714e3
-[d] 01000088 63 - 0e 0f 1 - ffffffc8 -
-[r] 0e 0f 010fffe0 00000000
-[e] 01000084 010fffe8 0
-[f] 0100008c fcf714e3
-[d] 01000088 63 - 0e 0f 1 - ffffffc8 -
-[r] 0e 0f 00000024 00000020
-[e] 01000088 00000024 0
-[w] 01000080 1 0e 00000004
-[f] 0100008c fcf714e3
-[d] 01000088 63 - 0e 0f 1 - ffffffc8 -
-[r] 0e 0f 00000024 00000020
-[e] 01000088 00000024 0
-[w] 01000084 1 0f 00000020
-[f] 0100008c fcf714e3
-[d] 01000088 63 - 0e 0f 1 - ffffffc8 -
-[r] 0e 0f 00000004 00000020
-[e] 01000088 00000004 0
-[f] 01000090 00c12503
-[d] 0100008c 03 0a 02 - 2 - 0000000c -
-[r] 02 - 00000004 -
-[e] 01000088 01000050 1
-[f] 01000054 00c12703
-[d] 01000050 03 0e 02 - 2 - 0000000c -
-[r] 02 - 00000000 -
-[f] 01000058 00812783
-[d] 01000054 03 0f 02 - 2 - 00000008 -
-[r] 02 - 010fffe0 -
-[e] 01000050 010fffec 0
-[f] 0100005c 00e7dc63
-[d] 01000058 63 - 0f 0e 5 - 00000018 -
-[r] 0f 0e 010fffe0 00000000
-[e] 01000054 010fffe8 0
-[f] 0100005c 00e7dc63
-[d] 01000058 63 - 0f 0e 5 - 00000018 -
-[r] 0f 0e 00000020 00000004
-[e] 01000058 00000020 0
-[w] 01000050 1 0e 00000004
-[f] 0100005c 00e7dc63
-[d] 01000058 63 - 0f 0e 5 - 00000018 -
-[r] 0f 0e 00000020 00000004
-[e] 01000058 00000020 0
-[w] 01000054 1 0f 00000020
-[f] 0100005c 00e7dc63
-[d] 01000058 63 - 0f 0e 5 - 00000018 -
-[r] 0f 0e 00000020 00000004
-[e] 01000058 00000020 0
-[f] 01000060 00c12703
-[d] 0100005c 03 0e 02 - 2 - 0000000c -
-[r] 02 - 00000020 -
-[e] 01000058 01000070 1
-[f] 01000074 00812703
-[d] 01000070 03 0e 02 - 2 - 00000008 -
-[r] 02 - 00000000 -
-[f] 01000078 00c12783
-[d] 01000074 03 0f 02 - 2 - 0000000c -
-[r] 02 - 010fffe0 -
-[e] 01000070 010fffe8 0
-[f] 0100007c 40f707b3
-[d] 01000078 33 0f 0e 0f 0 20 - -
-[r] 0e 0f 010fffe0 00000000
-[e] 01000074 010fffec 0
-[f] 0100007c 40f707b3
-[d] 01000078 33 0f 0e 0f 0 20 - -
-[r] 0e 0f 00000004 00000020
-[e] 01000078 00000004 0
-[w] 01000070 1 0e 00000020
-[f] 0100007c 40f707b3
-[d] 01000078 33 0f 0e 0f 0 20 - -
-[r] 0e 0f 00000004 00000020
-[e] 01000078 00000004 0
-[w] 01000074 1 0f 00000004
-[f] 0100007c 40f707b3
-[d] 01000078 33 0f 0e 0f 0 20 - -
-[r] 0e 0f 00000020 00000020
-[e] 01000078 00000020 0
-[f] 01000080 00f12423
-[d] 0100007c 23 - 02 0f 2 - 00000008 -
-[r] 02 0f 00000020 00000004
-[e] 01000078 0000001c 0
-[f] 01000084 00c12703
-[d] 01000080 03 0e 02 - 2 - 0000000c -
-[r] 02 - 010fffe0 -
-[e] 0100007c 010fffe8 0
-[f] 01000088 00812783
-[d] 01000084 03 0f 02 - 2 - 00000008 -
-[r] 02 - 010fffe0 -
-[e] 01000080 010fffec 0
-[m] 0100007c 010fffe8 1 2 0000001c
-[w] 01000078 1 0f 0000001c
-[f] 0100008c fcf714e3
-[d] 01000088 63 - 0e 0f 1 - ffffffc8 -
-[r] 0e 0f 010fffe0 00000000
-[e] 01000084 010fffe8 0
-[f] 0100008c fcf714e3
-[d] 01000088 63 - 0e 0f 1 - ffffffc8 -
-[r] 0e 0f 00000020 0000001c
-[e] 01000088 00000020 0
-[w] 01000080 1 0e 00000004
-[f] 0100008c fcf714e3
-[d] 01000088 63 - 0e 0f 1 - ffffffc8 -
-[r] 0e 0f 00000020 0000001c
-[e] 01000088 00000020 0
-[w] 01000084 1 0f 0000001c
-[f] 0100008c fcf714e3
-[d] 01000088 63 - 0e 0f 1 - ffffffc8 -
-[r] 0e 0f 00000004 0000001c
-[e] 01000088 00000004 0
-[f] 01000090 00c12503
-[d] 0100008c 03 0a 02 - 2 - 0000000c -
-[r] 02 - 00000004 -
-[e] 01000088 01000050 1
-[f] 01000054 00c12703
-[d] 01000050 03 0e 02 - 2 - 0000000c -
-[r] 02 - 00000000 -
+[e] 0100004c fe01011b 0
+[w] 01000044 1 0e 0000005c
 [f] 01000058 00812783
-[d] 01000054 03 0f 02 - 2 - 00000008 -
-[r] 02 - 010fffe0 -
-[e] 01000050 010fffec 0
-[f] 0100005c 00e7dc63
-[d] 01000058 63 - 0f 0e 5 - 00000018 -
-[r] 0f 0e 010fffe0 00000000
-[e] 01000054 010fffe8 0
-[f] 0100005c 00e7dc63
-[d] 01000058 63 - 0f 0e 5 - 00000018 -
-[r] 0f 0e 0000001c 00000004
-[e] 01000058 0000001c 0
-[w] 01000050 1 0e 00000004
-[f] 0100005c 00e7dc63
-[d] 01000058 63 - 0f 0e 5 - 00000018 -
-[r] 0f 0e 0000001c 00000004
-[e] 01000058 0000001c 0
-[w] 01000054 1 0f 0000001c
-[f] 0100005c 00e7dc63
-[d] 01000058 63 - 0f 0e 5 - 00000018 -
-[r] 0f 0e 0000001c 00000004
-[e] 01000058 0000001c 0
-[f] 01000060 00c12703
-[d] 0100005c 03 0e 02 - 2 - 0000000c -
-[r] 02 - 0000001c -
-[e] 01000058 01000070 1
-[f] 01000074 00812703
-[d] 01000070 03 0e 02 - 2 - 00000008 -
+[d] 01000054 03 0e 02 - 2 - 0000000c -
 [r] 02 - 00000000 -
-[f] 01000078 00c12783
-[d] 01000074 03 0f 02 - 2 - 0000000c -
-[r] 02 - 010fffe0 -
-[e] 01000070 010fffe8 0
-[f] 0100007c 40f707b3
-[d] 01000078 33 0f 0e 0f 0 20 - -
-[r] 0e 0f 010fffe0 00000000
-[e] 01000074 010fffec 0
-[f] 0100007c 40f707b3
-[d] 01000078 33 0f 0e 0f 0 20 - -
-[r] 0e 0f 00000004 0000001c
-[e] 01000078 00000004 0
-[w] 01000070 1 0e 0000001c
-[f] 0100007c 40f707b3
-[d] 01000078 33 0f 0e 0f 0 20 - -
-[r] 0e 0f 00000004 0000001c
-[e] 01000078 00000004 0
-[w] 01000074 1 0f 00000004
-[f] 0100007c 40f707b3
-[d] 01000078 33 0f 0e 0f 0 20 - -
-[r] 0e 0f 0000001c 0000001c
-[e] 01000078 0000001c 0
-[f] 01000080 00f12423
-[d] 0100007c 23 - 02 0f 2 - 00000008 -
-[r] 02 0f 0000001c 00000004
-[e] 01000078 00000018 0
-[f] 01000084 00c12703
-[d] 01000080 03 0e 02 - 2 - 0000000c -
-[r] 02 - 010fffe0 -
-[e] 0100007c 010fffe8 0
+[e] 01000050 01000084 0
+[m] 0100004c fe01011b 1 2 0000005c
+[w] 01000048 1 0f 0000005c
 [f] 01000088 00812783
-[d] 01000084 03 0f 02 - 2 - 00000008 -
-[r] 02 - 010fffe0 -
-[e] 01000080 010fffec 0
-[m] 0100007c 010fffe8 1 2 00000018
-[w] 01000078 1 0f 00000018
-[f] 0100008c fcf714e3
-[d] 01000088 63 - 0e 0f 1 - ffffffc8 -
-[r] 0e 0f 010fffe0 00000000
-[e] 01000084 010fffe8 0
-[f] 0100008c fcf714e3
-[d] 01000088 63 - 0e 0f 1 - ffffffc8 -
-[r] 0e 0f 0000001c 00000018
-[e] 01000088 0000001c 0
-[w] 01000080 1 0e 00000004
-[f] 0100008c fcf714e3
-[d] 01000088 63 - 0e 0f 1 - ffffffc8 -
-[r] 0e 0f 0000001c 00000018
-[e] 01000088 0000001c 0
-[w] 01000084 1 0f 00000018
-[f] 0100008c fcf714e3
-[d] 01000088 63 - 0e 0f 1 - ffffffc8 -
-[r] 0e 0f 00000004 00000018
-[e] 01000088 00000004 0
-[f] 01000090 00c12503
-[d] 0100008c 03 0a 02 - 2 - 0000000c -
-[r] 02 - 00000004 -
-[e] 01000088 01000050 1
-[f] 01000054 00c12703
-[d] 01000050 03 0e 02 - 2 - 0000000c -
-[r] 02 - 00000000 -
-[f] 01000058 00812783
-[d] 01000054 03 0f 02 - 2 - 00000008 -
-[r] 02 - 010fffe0 -
-[e] 01000050 010fffec 0
-[f] 0100005c 00e7dc63
-[d] 01000058 63 - 0f 0e 5 - 00000018 -
-[r] 0f 0e 010fffe0 00000000
-[e] 01000054 010fffe8 0
-[f] 0100005c 00e7dc63
-[d] 01000058 63 - 0f 0e 5 - 00000018 -
-[r] 0f 0e 00000018 00000004
-[e] 01000058 00000018 0
-[w] 01000050 1 0e 00000004
-[f] 0100005c 00e7dc63
-[d] 01000058 63 - 0f 0e 5 - 00000018 -
-[r] 0f 0e 00000018 00000004
-[e] 01000058 00000018 0
-[w] 01000054 1 0f 00000018
-[f] 0100005c 00e7dc63
-[d] 01000058 63 - 0f 0e 5 - 00000018 -
-[r] 0f 0e 00000018 00000004
-[e] 01000058 00000018 0
-[f] 01000060 00c12703
-[d] 0100005c 03 0e 02 - 2 - 0000000c -
-[r] 02 - 00000018 -
-[e] 01000058 01000070 1
-[f] 01000074 00812703
-[d] 01000070 03 0e 02 - 2 - 00000008 -
-[r] 02 - 00000000 -
-[f] 01000078 00c12783
-[d] 01000074 03 0f 02 - 2 - 0000000c -
-[r] 02 - 010fffe0 -
-[e] 01000070 010fffe8 0
-[f] 0100007c 40f707b3
-[d] 01000078 33 0f 0e 0f 0 20 - -
-[r] 0e 0f 010fffe0 00000000
-[e] 01000074 010fffec 0
-[f] 0100007c 40f707b3
-[d] 01000078 33 0f 0e 0f 0 20 - -
-[r] 0e 0f 00000004 00000018
-[e] 01000078 00000004 0
-[w] 01000070 1 0e 00000018
-[f] 0100007c 40f707b3
-[d] 01000078 33 0f 0e 0f 0 20 - -
-[r] 0e 0f 00000004 00000018
-[e] 01000078 00000004 0
-[w] 01000074 1 0f 00000004
-[f] 0100007c 40f707b3
-[d] 01000078 33 0f 0e 0f 0 20 - -
-[r] 0e 0f 00000018 00000018
-[e] 01000078 00000018 0
-[f] 01000080 00f12423
-[d] 0100007c 23 - 02 0f 2 - 00000008 -
-[r] 02 0f 00000018 00000004
-[e] 01000078 00000014 0
-[f] 01000084 00c12703
-[d] 01000080 03 0e 02 - 2 - 0000000c -
-[r] 02 - 010fffe0 -
-[e] 0100007c 010fffe8 0
-[f] 01000088 00812783
-[d] 01000084 03 0f 02 - 2 - 00000008 -
-[r] 02 - 010fffe0 -
-[e] 01000080 010fffec 0
-[m] 0100007c 010fffe8 1 2 00000014
-[w] 01000078 1 0f 00000014
-[f] 0100008c fcf714e3
-[d] 01000088 63 - 0e 0f 1 - ffffffc8 -
-[r] 0e 0f 010fffe0 00000000
-[e] 01000084 010fffe8 0
-[f] 0100008c fcf714e3
-[d] 01000088 63 - 0e 0f 1 - ffffffc8 -
-[r] 0e 0f 00000018 00000014
-[e] 01000088 00000018 0
-[w] 01000080 1 0e 00000004
-[f] 0100008c fcf714e3
-[d] 01000088 63 - 0e 0f 1 - ffffffc8 -
-[r] 0e 0f 00000018 00000014
-[e] 01000088 00000018 0
-[w] 01000084 1 0f 00000014
+[d] 01000084 63 - 0f 0e 5 - 00000018 -
+[r] 0f 0e 00000000 00000000
 [f] 0100008c fcf714e3
-[d] 01000088 63 - 0e 0f 1 - ffffffc8 -
-[r] 0e 0f 00000004 00000014
-[e] 01000088 00000004 0
-[f] 01000090 00c12503
-[d] 0100008c 03 0a 02 - 2 - 0000000c -
-[r] 02 - 00000004 -
-[e] 01000088 01000050 1
-[f] 01000054 00c12703
-[d] 01000050 03 0e 02 - 2 - 0000000c -
-[r] 02 - 00000000 -
-[f] 01000058 00812783
-[d] 01000054 03 0f 02 - 2 - 00000008 -
-[r] 02 - 010fffe0 -
-[e] 01000050 010fffec 0
-[f] 0100005c 00e7dc63
-[d] 01000058 63 - 0f 0e 5 - 00000018 -
-[r] 0f 0e 010fffe0 00000000
-[e] 01000054 010fffe8 0
-[f] 0100005c 00e7dc63
-[d] 01000058 63 - 0f 0e 5 - 00000018 -
-[r] 0f 0e 00000014 00000004
-[e] 01000058 00000014 0
-[w] 01000050 1 0e 00000004
-[f] 0100005c 00e7dc63
-[d] 01000058 63 - 0f 0e 5 - 00000018 -
-[r] 0f 0e 00000014 00000004
-[e] 01000058 00000014 0
-[w] 01000054 1 0f 00000014
-[f] 0100005c 00e7dc63
-[d] 01000058 63 - 0f 0e 5 - 00000018 -
-[r] 0f 0e 00000014 00000004
-[e] 01000058 00000014 0
-[f] 01000060 00c12703
-[d] 0100005c 03 0e 02 - 2 - 0000000c -
-[r] 02 - 00000014 -
-[e] 01000058 01000070 1
-[f] 01000074 00812703
-[d] 01000070 03 0e 02 - 2 - 00000008 -
-[r] 02 - 00000000 -
-[f] 01000078 00c12783
-[d] 01000074 03 0f 02 - 2 - 0000000c -
-[r] 02 - 010fffe0 -
-[e] 01000070 010fffe8 0
-[f] 0100007c 40f707b3
-[d] 01000078 33 0f 0e 0f 0 20 - -
-[r] 0e 0f 010fffe0 00000000
-[e] 01000074 010fffec 0
-[f] 0100007c 40f707b3
-[d] 01000078 33 0f 0e 0f 0 20 - -
-[r] 0e 0f 00000004 00000014
-[e] 01000078 00000004 0
-[w] 01000070 1 0e 00000014
-[f] 0100007c 40f707b3
-[d] 01000078 33 0f 0e 0f 0 20 - -
-[r] 0e 0f 00000004 00000014
-[e] 01000078 00000004 0
-[w] 01000074 1 0f 00000004
-[f] 0100007c 40f707b3
-[d] 01000078 33 0f 0e 0f 0 20 - -
-[r] 0e 0f 00000014 00000014
-[e] 01000078 00000014 0
-[f] 01000080 00f12423
-[d] 0100007c 23 - 02 0f 2 - 00000008 -
-[r] 02 0f 00000014 00000004
-[e] 01000078 00000010 0
-[f] 01000084 00c12703
-[d] 01000080 03 0e 02 - 2 - 0000000c -
-[r] 02 - 010fffe0 -
-[e] 0100007c 010fffe8 0
-[f] 01000088 00812783
-[d] 01000084 03 0f 02 - 2 - 00000008 -
-[r] 02 - 010fffe0 -
-[e] 01000080 010fffec 0
-[m] 0100007c 010fffe8 1 2 00000010
-[w] 01000078 1 0f 00000010
-[f] 0100008c fcf714e3
-[d] 01000088 63 - 0e 0f 1 - ffffffc8 -
-[r] 0e 0f 010fffe0 00000000
-[e] 01000084 010fffe8 0
-[f] 0100008c fcf714e3
-[d] 01000088 63 - 0e 0f 1 - ffffffc8 -
-[r] 0e 0f 00000014 00000010
-[e] 01000088 00000014 0
-[w] 01000080 1 0e 00000004
-[f] 0100008c fcf714e3
-[d] 01000088 63 - 0e 0f 1 - ffffffc8 -
-[r] 0e 0f 00000014 00000010
-[e] 01000088 00000014 0
-[w] 01000084 1 0f 00000010
-[f] 0100008c fcf714e3
-[d] 01000088 63 - 0e 0f 1 - ffffffc8 -
-[r] 0e 0f 00000004 00000010
-[e] 01000088 00000004 0
-[f] 01000090 00c12503
-[d] 0100008c 03 0a 02 - 2 - 0000000c -
-[r] 02 - 00000004 -
-[e] 01000088 01000050 1
-[f] 01000054 00c12703
-[d] 01000050 03 0e 02 - 2 - 0000000c -
-[r] 02 - 00000000 -
-[f] 01000058 00812783
-[d] 01000054 03 0f 02 - 2 - 00000008 -
-[r] 02 - 010fffe0 -
-[e] 01000050 010fffec 0
-[f] 0100005c 00e7dc63
-[d] 01000058 63 - 0f 0e 5 - 00000018 -
-[r] 0f 0e 010fffe0 00000000
-[e] 01000054 010fffe8 0
-[f] 0100005c 00e7dc63
-[d] 01000058 63 - 0f 0e 5 - 00000018 -
-[r] 0f 0e 00000010 00000004
-[e] 01000058 00000010 0
-[w] 01000050 1 0e 00000004
-[f] 0100005c 00e7dc63
-[d] 01000058 63 - 0f 0e 5 - 00000018 -
-[r] 0f 0e 00000010 00000004
-[e] 01000058 00000010 0
-[w] 01000054 1 0f 00000010
-[f] 0100005c 00e7dc63
-[d] 01000058 63 - 0f 0e 5 - 00000018 -
-[r] 0f 0e 00000010 00000004
-[e] 01000058 00000010 0
-[f] 01000060 00c12703
-[d] 0100005c 03 0e 02 - 2 - 0000000c -
-[r] 02 - 00000010 -
-[e] 01000058 01000070 1
-[f] 01000074 00812703
-[d] 01000070 03 0e 02 - 2 - 00000008 -
-[r] 02 - 00000000 -
-[f] 01000078 00c12783
-[d] 01000074 03 0f 02 - 2 - 0000000c -
-[r] 02 - 010fffe0 -
-[e] 01000070 010fffe8 0
-[f] 0100007c 40f707b3
-[d] 01000078 33 0f 0e 0f 0 20 - -
-[r] 0e 0f 010fffe0 00000000
-[e] 01000074 010fffec 0
-[f] 0100007c 40f707b3
-[d] 01000078 33 0f 0e 0f 0 20 - -
-[r] 0e 0f 00000004 00000010
-[e] 01000078 00000004 0
-[w] 01000070 1 0e 00000010
-[f] 0100007c 40f707b3
-[d] 01000078 33 0f 0e 0f 0 20 - -
-[r] 0e 0f 00000004 00000010
-[e] 01000078 00000004 0
-[w] 01000074 1 0f 00000004
-[f] 0100007c 40f707b3
-[d] 01000078 33 0f 0e 0f 0 20 - -
-[r] 0e 0f 00000010 00000010
-[e] 01000078 00000010 0
-[f] 01000080 00f12423
-[d] 0100007c 23 - 02 0f 2 - 00000008 -
-[r] 02 0f 00000010 00000004
-[e] 01000078 0000000c 0
-[f] 01000084 00c12703
-[d] 01000080 03 0e 02 - 2 - 0000000c -
-[r] 02 - 010fffe0 -
-[e] 0100007c 010fffe8 0
-[f] 01000088 00812783
-[d] 01000084 03 0f 02 - 2 - 00000008 -
-[r] 02 - 010fffe0 -
-[e] 01000080 010fffec 0
-[m] 0100007c 010fffe8 1 2 0000000c
-[w] 01000078 1 0f 0000000c
-[f] 0100008c fcf714e3
-[d] 01000088 63 - 0e 0f 1 - ffffffc8 -
-[r] 0e 0f 010fffe0 00000000
-[e] 01000084 010fffe8 0
-[f] 0100008c fcf714e3
-[d] 01000088 63 - 0e 0f 1 - ffffffc8 -
-[r] 0e 0f 00000010 0000000c
-[e] 01000088 00000010 0
-[w] 01000080 1 0e 00000004
-[f] 0100008c fcf714e3
-[d] 01000088 63 - 0e 0f 1 - ffffffc8 -
-[r] 0e 0f 00000010 0000000c
-[e] 01000088 00000010 0
-[w] 01000084 1 0f 0000000c
-[f] 0100008c fcf714e3
-[d] 01000088 63 - 0e 0f 1 - ffffffc8 -
-[r] 0e 0f 00000004 0000000c
-[e] 01000088 00000004 0
-[f] 01000090 00c12503
-[d] 0100008c 03 0a 02 - 2 - 0000000c -
-[r] 02 - 00000004 -
-[e] 01000088 01000050 1
-[f] 01000054 00c12703
-[d] 01000050 03 0e 02 - 2 - 0000000c -
-[r] 02 - 00000000 -
-[f] 01000058 00812783
-[d] 01000054 03 0f 02 - 2 - 00000008 -
-[r] 02 - 010fffe0 -
-[e] 01000050 010fffec 0
-[f] 0100005c 00e7dc63
-[d] 01000058 63 - 0f 0e 5 - 00000018 -
-[r] 0f 0e 010fffe0 00000000
-[e] 01000054 010fffe8 0
-[f] 0100005c 00e7dc63
-[d] 01000058 63 - 0f 0e 5 - 00000018 -
-[r] 0f 0e 0000000c 00000004
-[e] 01000058 0000000c 0
-[w] 01000050 1 0e 00000004
-[f] 0100005c 00e7dc63
-[d] 01000058 63 - 0f 0e 5 - 00000018 -
-[r] 0f 0e 0000000c 00000004
-[e] 01000058 0000000c 0
-[w] 01000054 1 0f 0000000c
-[f] 0100005c 00e7dc63
-[d] 01000058 63 - 0f 0e 5 - 00000018 -
-[r] 0f 0e 0000000c 00000004
-[e] 01000058 0000000c 0
-[f] 01000060 00c12703
-[d] 0100005c 03 0e 02 - 2 - 0000000c -
-[r] 02 - 0000000c -
-[e] 01000058 01000070 1
-[f] 01000074 00812703
-[d] 01000070 03 0e 02 - 2 - 00000008 -
-[r] 02 - 00000000 -
-[f] 01000078 00c12783
-[d] 01000074 03 0f 02 - 2 - 0000000c -
-[r] 02 - 010fffe0 -
-[e] 01000070 010fffe8 0
-[f] 0100007c 40f707b3
-[d] 01000078 33 0f 0e 0f 0 20 - -
-[r] 0e 0f 010fffe0 00000000
-[e] 01000074 010fffec 0
-[f] 0100007c 40f707b3
-[d] 01000078 33 0f 0e 0f 0 20 - -
-[r] 0e 0f 00000004 0000000c
-[e] 01000078 00000004 0
-[w] 01000070 1 0e 0000000c
-[f] 0100007c 40f707b3
-[d] 01000078 33 0f 0e 0f 0 20 - -
-[r] 0e 0f 00000004 0000000c
-[e] 01000078 00000004 0
-[w] 01000074 1 0f 00000004
-[f] 0100007c 40f707b3
-[d] 01000078 33 0f 0e 0f 0 20 - -
-[r] 0e 0f 0000000c 0000000c
-[e] 01000078 0000000c 0
-[f] 01000080 00f12423
-[d] 0100007c 23 - 02 0f 2 - 00000008 -
-[r] 02 0f 0000000c 00000004
-[e] 01000078 00000008 0
-[f] 01000084 00c12703
-[d] 01000080 03 0e 02 - 2 - 0000000c -
-[r] 02 - 010fffe0 -
-[e] 0100007c 010fffe8 0
-[f] 01000088 00812783
-[d] 01000084 03 0f 02 - 2 - 00000008 -
-[r] 02 - 010fffe0 -
-[e] 01000080 010fffec 0
-[m] 0100007c 010fffe8 1 2 00000008
-[w] 01000078 1 0f 00000008
-[f] 0100008c fcf714e3
-[d] 01000088 63 - 0e 0f 1 - ffffffc8 -
-[r] 0e 0f 010fffe0 00000000
-[e] 01000084 010fffe8 0
-[f] 0100008c fcf714e3
-[d] 01000088 63 - 0e 0f 1 - ffffffc8 -
-[r] 0e 0f 0000000c 00000008
-[e] 01000088 0000000c 0
-[w] 01000080 1 0e 00000004
-[f] 0100008c fcf714e3
-[d] 01000088 63 - 0e 0f 1 - ffffffc8 -
-[r] 0e 0f 0000000c 00000008
-[e] 01000088 0000000c 0
-[w] 01000084 1 0f 00000008
-[f] 0100008c fcf714e3
-[d] 01000088 63 - 0e 0f 1 - ffffffc8 -
-[r] 0e 0f 00000004 00000008
-[e] 01000088 00000004 0
-[f] 01000090 00c12503
-[d] 0100008c 03 0a 02 - 2 - 0000000c -
-[r] 02 - 00000004 -
-[e] 01000088 01000050 1
-[f] 01000054 00c12703
-[d] 01000050 03 0e 02 - 2 - 0000000c -
-[r] 02 - 00000000 -
-[f] 01000058 00812783
-[d] 01000054 03 0f 02 - 2 - 00000008 -
-[r] 02 - 010fffe0 -
-[e] 01000050 010fffec 0
-[f] 0100005c 00e7dc63
-[d] 01000058 63 - 0f 0e 5 - 00000018 -
-[r] 0f 0e 010fffe0 00000000
-[e] 01000054 010fffe8 0
-[f] 0100005c 00e7dc63
-[d] 01000058 63 - 0f 0e 5 - 00000018 -
-[r] 0f 0e 00000008 00000004
-[e] 01000058 00000008 0
-[w] 01000050 1 0e 00000004
-[f] 0100005c 00e7dc63
-[d] 01000058 63 - 0f 0e 5 - 00000018 -
-[r] 0f 0e 00000008 00000004
-[e] 01000058 00000008 0
-[w] 01000054 1 0f 00000008
-[f] 0100005c 00e7dc63
-[d] 01000058 63 - 0f 0e 5 - 00000018 -
-[r] 0f 0e 00000008 00000004
-[e] 01000058 00000008 0
-[f] 01000060 00c12703
-[d] 0100005c 03 0e 02 - 2 - 0000000c -
-[r] 02 - 00000008 -
-[e] 01000058 01000070 1
-[f] 01000074 00812703
-[d] 01000070 03 0e 02 - 2 - 00000008 -
-[r] 02 - 00000000 -
-[f] 01000078 00c12783
-[d] 01000074 03 0f 02 - 2 - 0000000c -
-[r] 02 - 010fffe0 -
-[e] 01000070 010fffe8 0
-[f] 0100007c 40f707b3
-[d] 01000078 33 0f 0e 0f 0 20 - -
-[r] 0e 0f 010fffe0 00000000
-[e] 01000074 010fffec 0
-[f] 0100007c 40f707b3
-[d] 01000078 33 0f 0e 0f 0 20 - -
-[r] 0e 0f 00000004 00000008
-[e] 01000078 00000004 0
-[w] 01000070 1 0e 00000008
-[f] 0100007c 40f707b3
-[d] 01000078 33 0f 0e 0f 0 20 - -
-[r] 0e 0f 00000004 00000008
-[e] 01000078 00000004 0
-[w] 01000074 1 0f 00000004
-[f] 0100007c 40f707b3
-[d] 01000078 33 0f 0e 0f 0 20 - -
-[r] 0e 0f 00000008 00000008
-[e] 01000078 00000008 0
-[f] 01000080 00f12423
-[d] 0100007c 23 - 02 0f 2 - 00000008 -
-[r] 02 0f 00000008 00000004
-[e] 01000078 00000004 0
-[f] 01000084 00c12703
-[d] 01000080 03 0e 02 - 2 - 0000000c -
-[r] 02 - 010fffe0 -
-[e] 0100007c 010fffe8 0
-[f] 01000088 00812783
-[d] 01000084 03 0f 02 - 2 - 00000008 -
-[r] 02 - 010fffe0 -
-[e] 01000080 010fffec 0
-[m] 0100007c 010fffe8 1 2 00000004
-[w] 01000078 1 0f 00000004
-[f] 0100008c fcf714e3
-[d] 01000088 63 - 0e 0f 1 - ffffffc8 -
-[r] 0e 0f 010fffe0 00000000
-[e] 01000084 010fffe8 0
-[f] 0100008c fcf714e3
-[d] 01000088 63 - 0e 0f 1 - ffffffc8 -
-[r] 0e 0f 00000008 00000004
-[e] 01000088 00000008 0
-[w] 01000080 1 0e 00000004
-[f] 0100008c fcf714e3
-[d] 01000088 63 - 0e 0f 1 - ffffffc8 -
-[r] 0e 0f 00000008 00000004
-[e] 01000088 00000008 0
-[w] 01000084 1 0f 00000004
-[f] 0100008c fcf714e3
-[d] 01000088 63 - 0e 0f 1 - ffffffc8 -
-[r] 0e 0f 00000004 00000004
-[e] 01000088 00000004 0
-[f] 01000090 00c12503
-[d] 0100008c 03 0a 02 - 2 - 0000000c -
-[r] 02 - 00000004 -
-[e] 01000088 01000050 0
-[f] 01000094 018000ef
-[d] 01000090 6f 01 - - - - 00000018 -
-[r] - - - -
-[e] 0100008c 010fffec 0
-[f] 01000098 00050793
-[d] 01000094 13 0f 0a - 0 - 00000000 -
-[r] 0a - 00000000 -
-[e] 01000090 010000a8 0
-[f] 010000ac ff010113
-[d] 010000a8 13 02 02 - 0 - fffffff0 -
-[r] 02 - 00000000 -
-[w] 01000090 1 01 01000094
-[f] 010000b0 00a12623
-[d] 010000ac 23 - 02 0a 2 - 0000000c -
-[r] 02 0a 010fffe0 00000000
-[e] 010000a8 010fffd0 0
-[f] 010000b4 00c12783
-[d] 010000b0 03 0f 02 - 2 - 0000000c -
-[r] 02 - 010fffe0 -
-[e] 010000ac 010fffdc 0
-[f] 010000b8 ffc78793
-[d] 010000b4 13 0f 0f - 0 - fffffffc -
-[r] 0f - 010fffe0 -
-[e] 010000b0 010fffdc 0
-[m] 010000ac 010fffdc 1 2 00000004
-[w] 010000a8 1 02 010fffd0
-[f] 010000b8 ffc78793
-[d] 010000b4 13 0f 0f - 0 - fffffffc -
-[r] 0f - 00000004 -
-[e] 010000b4 00000004 0
-[f] 010000bc 0017b793
-[d] 010000b8 13 0f 0f - 3 - 00000001 -
-[r] 0f - 00000004 -
-[e] 010000b4 00000000 0
-[w] 010000b0 1 0f 00000004
-[f] 010000c0 0ff7f793
-[d] 010000bc 13 0f 0f - 7 - 000000ff -
-[r] 0f - 00000004 -
-[e] 010000b8 00000001 0
-[f] 010000c4 00078513
-[d] 010000c0 13 0a 0f - 0 - 00000000 -
-[r] 0f - 00000004 -
-[e] 010000bc 00000001 1
-[w] 010000b4 1 0f 00000000
-[f] 010000c8 01010113
-[d] 010000c4 13 02 02 - 0 - 00000010 -
-[r] 02 - 00000004 -
-[e] 010000c0 00000001 0
-[w] 010000b8 1 0f 00000001
-[f] 010000cc 00008067
-[d] 010000c8 67 00 01 - - - 00000000 -
-[r] 01 - 010fffd0 -
-[e] 010000c4 010fffe0 0
-[w] 010000bc 1 0f 00000001
-[f] 01000098 00050793
-[d] 01000094 13 0f 0a - 0 - 00000000 -
-[r] 0a - 00000000 -
-[f] 0100009c 00078513
-[d] 01000098 13 0a 0f - 0 - 00000000 -
-[r] 0f - 00000001 -
-[e] 01000094 00000001 0
+[d] 01000088 03 0f 02 - 2 - 00000008 -
+[r] 02 - 0000005c -
+[e] 01000084 0100009c 1
 [f] 010000a0 01c12083
-[d] 0100009c 03 01 02 - 2 - 0000001c -
-[r] 02 - 00000001 -
-[e] 01000098 00000001 0
+[d] 0100009c 03 0a 02 - 2 - 0000000c -
+[r] 02 - 00000000 -
 [f] 010000a4 02010113
-[d] 010000a0 13 02 02 - 0 - 00000020 -
-[r] 02 - 010fffe0 -
-[e] 0100009c 010ffffc 0
-[w] 01000094 1 0f 00000001
+[d] 010000a0 03 01 02 - 2 - 0000001c -
+[r] 02 - ffffffe0 -
+[e] 0100009c 0000000c 0
 [f] 010000a8 00008067
-[d] 010000a4 67 00 01 - - - 00000000 -
-[r] 01 - 010fffe0 -
-[e] 010000a0 01100000 0
-[w] 01000098 1 0a 00000001
+[d] 010000a4 13 02 02 - 0 - 00000020 -
+[r] 02 - ffffffe0 -
+[e] 010000a0 fffffffc 0
 [f] 010000ac ff010113
-[d] 010000a8 13 02 02 - 0 - fffffff0 -
-[r] 02 - 01000094 -
+[d] 010000a8 67 00 01 - - - 00000000 -
+[r] 01 - ffffffe0 -
 [e] 010000a4 00000000 0
-[w] 0100009c 1 01 00000000
+[w] 0100009c 1 0a fe010113
+[f] 010000ac ff010113
+[d] 010000a8 67 00 01 - - - 00000000 -
+[r] 01 - 00000000 -
+[e] 010000a8 00000000 0
+[w] 010000a0 1 01 00000000
+[f] 010000ac ff010113
+[d] 010000a8 67 00 01 - - - 00000000 -
+[r] 01 - 00000000 -
+[e] 010000a8 00000000 0
+[w] 010000a4 1 02 00000000
+[f] 010000b0 00a12623
+[d] 010000ac 13 02 02 - 0 - fffffff0 -
+[r] 02 - 00000000 -
+[e] 010000a8 00000000 0
