--- /tmp/tmp.xji5Jx90rX	2025-11-28 17:09:56.003385332 -0500
+++ /tmp/tmp.Yq3PoEo9Xi	2025-11-28 17:09:56.020385409 -0500
@@ -1,251 +1,452 @@
 [f] 01000004 fe010113
 [d] 01000000 13 02 02 - 0 - ffffffe0 -
 [r] 02 - 00000000 -
+[e] 01000000 00000000 0
+[f] 01000004 fe010113
+[d] 01000000 13 02 02 - 0 - ffffffe0 -
+[r] 02 - 01100000 -
+[e] 01000000 00000000 0
 [f] 01000008 00112e23
+[d] 01000000 13 02 02 - 0 - ffffffe0 -
+[r] 02 - 01100000 -
+[e] 01000000 010fffe0 0
+[f] 0100000c 00300793
 [d] 01000004 23 - 02 01 2 - 0000001c -
 [r] 02 01 01100000 00000000
-[e] 01000000 010fffe0 0
+[e] 01000000 010fffc0 0
+[f] 0100000c 00300793
+[d] 01000004 23 - 02 01 2 - 0000001c -
+[r] 02 01 01100000 00000000
+[e] 01000004 00000000 0
+[w] 01000000 1 02 010fffe0
 [f] 0100000c 00300793
+[d] 01000004 23 - 02 01 2 - 0000001c -
+[r] 02 01 01100000 00000000
+[e] 01000004 00000000 0
+[w] 01000000 1 02 010fffc0
+[f] 0100000c 00300793
+[d] 01000004 23 - 02 01 2 - 0000001c -
+[r] 02 01 010fffe0 00000000
+[e] 01000004 00000000 0
+[f] 01000010 00f12623
 [d] 01000008 13 0f 00 - 0 - 00000003 -
-[r] 00 - 01100000 -
+[r] 00 - 010fffc0 -
 [e] 01000004 010ffffc 0
 [f] 01000010 00f12623
+[d] 01000008 13 0f 00 - 0 - 00000003 -
+[r] 00 - 00000000 -
+[e] 01000008 00000000 0
+[m] 01000004 010ffffc 1 2 00000000
+[f] 01000014 00200793
 [d] 0100000c 23 - 02 0f 2 - 0000000c -
 [r] 02 0f 00000000 00000000
 [e] 01000008 00000003 0
-[m] 01000004 010ffffc 1 2 00000000
-[w] 01000000 1 02 010fffe0
-[f] 01000010 00f12623
-[d] 0100000c 23 - 02 0f 2 - 0000000c -
-[r] 02 0f 01100000 00000000
-[e] 0100000c 01100000 0
 [f] 01000014 00200793
+[d] 0100000c 23 - 02 0f 2 - 0000000c -
+[r] 02 0f 010fffc0 00000000
+[e] 0100000c 00000000 0
+[f] 01000018 00f12423
 [d] 01000010 13 0f 00 - 0 - 00000002 -
-[r] 00 - 010fffe0 -
-[e] 0100000c 010fffec 0
+[r] 00 - 010fffc0 -
+[e] 0100000c 010fffcc 0
 [w] 01000008 1 0f 00000003
 [f] 01000018 00f12423
+[d] 01000010 13 0f 00 - 0 - 00000002 -
+[r] 00 - 00000000 -
+[e] 01000010 00000000 0
+[m] 0100000c 010fffcc 1 2 00000003
+[f] 0100001c 00012223
 [d] 01000014 23 - 02 0f 2 - 00000008 -
 [r] 02 0f 00000000 00000000
 [e] 01000010 00000002 0
-[m] 0100000c 010fffec 1 2 00000003
 [f] 0100001c 00012223
+[d] 01000014 23 - 02 0f 2 - 00000008 -
+[r] 02 0f 010fffc0 00000003
+[e] 01000014 00000000 0
+[f] 01000020 00c12703
 [d] 01000018 23 - 02 00 2 - 00000004 -
-[r] 02 00 010fffe0 00000003
-[e] 01000014 010fffe8 0
+[r] 02 00 010fffc0 00000003
+[e] 01000014 010fffc8 0
+[w] 01000010 1 0f 00000002
 [f] 01000020 00c12703
+[d] 01000018 23 - 02 00 2 - 00000004 -
+[r] 02 00 010fffc0 00000000
+[e] 01000018 00000000 0
+[m] 01000014 010fffc8 1 2 00000002
+[f] 01000024 00400793
 [d] 0100001c 03 0e 02 - 2 - 0000000c -
-[r] 02 - 010fffe0 -
-[e] 01000018 010fffe4 0
-[m] 01000014 010fffe8 1 2 00000002
-[w] 01000010 1 0f 00000002
+[r] 02 - 010fffc0 -
+[e] 01000018 010fffc4 0
 [f] 01000024 00400793
+[d] 0100001c 03 0e 02 - 2 - 0000000c -
+[r] 02 - 010fffc0 -
+[e] 0100001c 00000000 0
+[m] 01000018 010fffc4 1 2 00000000
+[f] 01000028 00e7cc63
 [d] 01000020 13 0f 00 - 0 - 00000004 -
-[r] 00 - 010fffe0 -
-[e] 0100001c 010fffec 0
-[m] 01000018 010fffe4 1 2 00000000
+[r] 00 - 010fffc0 -
+[e] 0100001c 010fffcc 0
 [f] 01000028 00e7cc63
+[d] 01000020 13 0f 00 - 0 - 00000004 -
+[r] 00 - 00000000 -
+[e] 01000020 00000000 0
+[f] 0100002c 00c12703
 [d] 01000024 63 - 0f 0e 4 - 00000018 -
 [r] 0f 0e 00000000 00000000
 [e] 01000020 00000004 0
+[w] 0100001c 1 0e 00000000
 [f] 0100002c 00c12703
+[d] 01000024 63 - 0f 0e 4 - 00000018 -
+[r] 0f 0e 00000002 00000000
+[e] 01000024 00000000 0
+[f] 01000030 00812783
 [d] 01000028 03 0e 02 - 2 - 0000000c -
 [r] 02 - 00000002 -
 [e] 01000024 0100003c 0
-[w] 0100001c 1 0e 00000003
-[f] 01000030 00812783
-[d] 0100002c 03 0f 02 - 2 - 00000008 -
-[r] 02 - 010fffe0 -
-[e] 01000028 010fffec 0
 [w] 01000020 1 0f 00000004
+[f] 01000030 00812783
+[d] 01000028 03 0e 02 - 2 - 0000000c -
+[r] 02 - 010fffc0 -
+[e] 01000028 00000000 0
 [f] 01000034 00f707b3
-[d] 01000030 33 0f 0e 0f 0 00 - -
-[r] 0e 0f 010fffe0 00000000
-[e] 0100002c 010fffe8 0
+[d] 0100002c 03 0f 02 - 2 - 00000008 -
+[r] 02 - 010fffc0 -
+[e] 01000028 010fffcc 0
 [f] 01000034 00f707b3
+[d] 0100002c 03 0f 02 - 2 - 00000008 -
+[r] 02 - 010fffc0 -
+[e] 0100002c 00000000 0
+[f] 01000038 00f12623
 [d] 01000030 33 0f 0e 0f 0 00 - -
-[r] 0e 0f 00000003 00000004
-[e] 01000030 00000003 0
-[w] 01000028 1 0e 00000003
-[f] 01000034 00f707b3
+[r] 0e 0f 010fffc0 00000000
+[e] 0100002c 010fffc8 0
+[w] 01000028 1 0e 00c12703
+[f] 01000038 00f12623
 [d] 01000030 33 0f 0e 0f 0 00 - -
-[r] 0e 0f 00000003 00000004
-[e] 01000030 00000003 0
-[w] 0100002c 1 0f 00000002
-[f] 01000034 00f707b3
+[r] 0e 0f 00000000 00000004
+[e] 01000030 00000000 0
+[f] 01000038 00f12623
 [d] 01000030 33 0f 0e 0f 0 00 - -
-[r] 0e 0f 00000003 00000004
-[e] 01000030 00000003 0
+[r] 0e 0f 00c12703 00000004
+[e] 01000030 00000000 0
+[w] 0100002c 1 0f 00000003
 [f] 01000038 00f12623
+[d] 01000030 33 0f 0e 0f 0 00 - -
+[r] 0e 0f 00c12703 00000004
+[e] 01000030 00000000 0
+[f] 0100003c 0140006f
 [d] 01000034 23 - 02 0f 2 - 0000000c -
-[r] 02 0f 00000003 00000002
-[e] 01000030 00000005 0
+[r] 02 0f 00c12703 00000003
+[e] 01000030 00c12707 0
 [f] 0100003c 0140006f
+[d] 01000034 23 - 02 0f 2 - 0000000c -
+[r] 02 0f 010fffc0 00000003
+[e] 01000034 00000000 0
+[f] 01000040 00c12703
 [d] 01000038 6f 00 - - - - 00000014 -
 [r] - - - -
-[e] 01000034 010fffec 0
+[e] 01000034 010fffcc 0
+[w] 01000030 1 0f 00c12707
 [f] 01000040 00c12703
+[d] 01000038 6f 00 - - - - 00000014 -
+[r] - - - -
+[e] 01000038 00000000 0
+[m] 01000034 010fffcc 1 2 00c12707
+[f] 01000044 00812783
 [d] 0100003c 03 0e 02 - 2 - 0000000c -
 [r] 02 - 00000000 -
 [e] 01000038 0100004c 0
-[m] 01000034 010fffec 1 2 00000005
-[w] 01000030 1 0f 00000005
+[f] 01000048 40f707b3
+[d] 01000040 03 0f 02 - 2 - 00000008 -
+[r] 02 - 00000000 -
+[e] 01000040 010fffc0 0
+[f] 01000048 40f707b3
+[d] 01000040 03 0f 02 - 2 - 00000008 -
+[r] 02 - 010fffc0 -
+[e] 01000040 00000000 0
+[f] 0100004c 00f12623
+[d] 01000044 33 0f 0e 0f 0 20 - -
+[r] 0e 0f 010fffc0 00000000
+[e] 01000040 010fffc8 0
+[f] 0100004c 00f12623
+[d] 01000044 33 0f 0e 0f 0 20 - -
+[r] 0e 0f 00c12703 00c12707
+[e] 01000044 00000000 0
+[f] 0100004c 00f12623
+[d] 01000044 33 0f 0e 0f 0 20 - -
+[r] 0e 0f 00c12703 00c12707
+[e] 01000044 00000000 0
+[w] 01000040 1 0f 00000000
+[f] 0100004c 00f12623
+[d] 01000044 33 0f 0e 0f 0 20 - -
+[r] 0e 0f 00c12703 00c12707
+[e] 01000044 00000000 0
+[f] 01000050 00c12703
+[d] 01000048 23 - 02 0f 2 - 0000000c -
+[r] 02 0f 00c12703 00000000
+[e] 01000044 fffffffc 0
 [f] 01000050 00c12703
+[d] 01000048 23 - 02 0f 2 - 0000000c -
+[r] 02 0f 010fffc0 00000000
+[e] 01000048 00000000 0
+[f] 01000054 00812783
 [d] 0100004c 03 0e 02 - 2 - 0000000c -
-[r] 02 - 00000000 -
+[r] 02 - 010fffc0 -
+[e] 01000048 010fffcc 0
+[w] 01000044 1 0f fffffffc
 [f] 01000054 00812783
-[d] 01000050 03 0f 02 - 2 - 00000008 -
-[r] 02 - 010fffe0 -
-[e] 0100004c 010fffec 0
+[d] 0100004c 03 0e 02 - 2 - 0000000c -
+[r] 02 - 010fffc0 -
+[e] 0100004c 00000000 0
+[m] 01000048 010fffcc 1 2 fffffffc
 [f] 01000058 00f707b3
-[d] 01000054 33 0f 0e 0f 0 00 - -
-[r] 0e 0f 010fffe0 00000000
-[e] 01000050 010fffe8 0
+[d] 01000050 03 0f 02 - 2 - 00000008 -
+[r] 02 - 010fffc0 -
+[e] 0100004c 010fffcc 0
 [f] 01000058 00f707b3
+[d] 01000050 03 0f 02 - 2 - 00000008 -
+[r] 02 - 010fffc0 -
+[e] 01000050 00000000 0
+[f] 0100005c 00f12223
 [d] 01000054 33 0f 0e 0f 0 00 - -
-[r] 0e 0f 00000003 00000005
-[e] 01000054 00000003 0
-[w] 0100004c 1 0e 00000005
-[f] 01000058 00f707b3
+[r] 0e 0f 010fffc0 00000000
+[e] 01000050 010fffc8 0
+[w] 0100004c 1 0e 00c12707
+[f] 0100005c 00f12223
 [d] 01000054 33 0f 0e 0f 0 00 - -
-[r] 0e 0f 00000003 00000005
-[e] 01000054 00000003 0
-[w] 01000050 1 0f 00000002
-[f] 01000058 00f707b3
+[r] 0e 0f 00c12703 fffffffc
+[e] 01000054 00000000 0
+[f] 0100005c 00f12223
 [d] 01000054 33 0f 0e 0f 0 00 - -
-[r] 0e 0f 00000005 00000005
-[e] 01000054 00000005 0
+[r] 0e 0f 00c12707 fffffffc
+[e] 01000054 00000000 0
+[w] 01000050 1 0f fffffffc
 [f] 0100005c 00f12223
+[d] 01000054 33 0f 0e 0f 0 00 - -
+[r] 0e 0f 00c12707 fffffffc
+[e] 01000054 00000000 0
+[f] 01000060 00412503
 [d] 01000058 23 - 02 0f 2 - 00000004 -
-[r] 02 0f 00000005 00000002
-[e] 01000054 00000007 0
+[r] 02 0f 00c12707 fffffffc
+[e] 01000054 00c12703 0
 [f] 01000060 00412503
+[d] 01000058 23 - 02 0f 2 - 00000004 -
+[r] 02 0f 010fffc0 fffffffc
+[e] 01000058 00000000 0
+[f] 01000064 018000ef
 [d] 0100005c 03 0a 02 - 2 - 00000004 -
-[r] 02 - 010fffe0 -
-[e] 01000058 010fffe4 0
+[r] 02 - 010fffc0 -
+[e] 01000058 010fffc4 0
+[w] 01000054 1 0f 00c12703
 [f] 01000064 018000ef
+[d] 0100005c 03 0a 02 - 2 - 00000004 -
+[r] 02 - 010fffc0 -
+[e] 0100005c 00000000 0
+[m] 01000058 010fffc4 1 2 00c12703
+[f] 01000068 00050793
 [d] 01000060 6f 01 - - - - 00000018 -
 [r] - - - -
-[e] 0100005c 010fffe4 0
-[m] 01000058 010fffe4 1 2 00000007
-[w] 01000054 1 0f 00000007
+[e] 0100005c 010fffc4 0
 [f] 01000068 00050793
+[d] 01000060 6f 01 - - - - 00000018 -
+[r] - - - -
+[e] 01000060 00000000 0
+[f] 0100006c 00078513
 [d] 01000064 13 0f 0a - 0 - 00000000 -
 [r] 0a - 00000000 -
 [e] 01000060 01000078 0
+[w] 0100005c 1 0a 00000000
+[f] 01000070 01c12083
+[d] 01000068 13 0a 0f - 0 - 00000000 -
+[r] 0f - 00000000 -
+[e] 01000068 00000000 0
+[w] 01000060 1 01 01000064
+[f] 01000070 01c12083
+[d] 01000068 13 0a 0f - 0 - 00000000 -
+[r] 0f - 00c12703 -
+[e] 01000068 00000000 0
+[f] 01000074 02010113
+[d] 0100006c 03 01 02 - 2 - 0000001c -
+[r] 02 - 00c12703 -
+[e] 01000068 00c12703 0
+[f] 01000074 02010113
+[d] 0100006c 03 01 02 - 2 - 0000001c -
+[r] 02 - 010fffc0 -
+[e] 0100006c 00000000 0
+[f] 01000078 00008067
+[d] 01000070 13 02 02 - 0 - 00000020 -
+[r] 02 - 010fffc0 -
+[e] 0100006c 010fffdc 0
+[w] 01000068 1 0a 00c12703
+[f] 01000078 00008067
+[d] 01000070 13 02 02 - 0 - 00000020 -
+[r] 02 - 010fffc0 -
+[e] 01000070 00000000 0
 [f] 0100007c fe010113
+[d] 01000074 67 00 01 - - - 00000000 -
+[r] 01 - 010fffc0 -
+[e] 01000070 010fffe0 0
+[w] 0100006c 1 01 00000000
+[f] 0100007c fe010113
+[d] 01000074 67 00 01 - - - 00000000 -
+[r] 01 - 01000064 -
+[e] 01000074 00000000 0
+[f] 01000080 00112e23
 [d] 01000078 13 02 02 - 0 - ffffffe0 -
 [r] 02 - 00000000 -
-[w] 01000060 1 01 01000064
-[f] 01000080 00112e23
+[e] 01000074 01000064 0
+[w] 01000070 1 02 010fffe0
+[f] 01000084 00a12623
 [d] 0100007c 23 - 02 01 2 - 0000001c -
-[r] 02 01 010fffe0 00000000
-[e] 01000078 010fffc0 0
+[r] 02 01 00000000 00000000
+[e] 0100007c 010fffc0 0
 [f] 01000084 00a12623
+[d] 0100007c 23 - 02 01 2 - 0000001c -
+[r] 02 01 010fffe0 00000000
+[e] 0100007c 00000000 0
+[f] 01000088 00c12703
 [d] 01000080 23 - 02 0a 2 - 0000000c -
-[r] 02 0a 010fffe0 01000064
-[e] 0100007c 010fffdc 0
+[r] 02 0a 010fffe0 00000000
+[e] 0100007c 010ffffc 0
 [f] 01000088 00c12703
+[d] 01000080 23 - 02 0a 2 - 0000000c -
+[r] 02 0a 010fffe0 00c12703
+[e] 01000080 00000000 0
+[m] 0100007c 010ffffc 1 2 00000000
+[f] 0100008c 00700793
 [d] 01000084 03 0e 02 - 2 - 0000000c -
 [r] 02 - 010fffe0 -
-[e] 01000080 010fffcc 0
-[m] 0100007c 010fffdc 1 2 01000064
-[w] 01000078 1 02 010fffc0
-[f] 01000088 00c12703
+[e] 01000080 010fffec 0
+[f] 0100008c 00700793
 [d] 01000084 03 0e 02 - 2 - 0000000c -
 [r] 02 - 010fffe0 -
-[e] 01000084 010fffe0 0
-[m] 01000080 010fffcc 1 2 00000007
-[f] 0100008c 00700793
+[e] 01000084 00000000 0
+[m] 01000080 010fffec 1 2 00c12703
+[f] 01000090 00f71863
 [d] 01000088 13 0f 00 - 0 - 00000007 -
-[r] 00 - 010fffc0 -
-[e] 01000084 010fffcc 0
+[r] 00 - 010fffe0 -
+[e] 01000084 010fffec 0
 [f] 01000090 00f71863
+[d] 01000088 13 0f 00 - 0 - 00000007 -
+[r] 00 - 00000000 -
+[e] 01000088 00000000 0
+[f] 01000094 024000ef
 [d] 0100008c 63 - 0e 0f 1 - 00000010 -
 [r] 0e 0f 00000000 00000000
 [e] 01000088 00000007 0
+[w] 01000084 1 0e 00000000
 [f] 01000094 024000ef
+[d] 0100008c 63 - 0e 0f 1 - 00000010 -
+[r] 0e 0f 00c12707 00c12703
+[e] 0100008c 00000000 0
+[f] 01000098 00050793
 [d] 01000090 6f 01 - - - - 00000024 -
 [r] - - - -
-[e] 0100008c 0100009c 0
-[w] 01000084 1 0e 00000007
-[f] 01000098 00050793
-[d] 01000094 13 0f 0a - 0 - 00000000 -
-[r] 0a - 00000000 -
-[e] 01000090 010000b4 0
+[e] 0100008c 0100009c 1
 [w] 01000088 1 0f 00000007
-[f] 010000b8 00100793
-[d] 010000b4 13 0f 00 - 0 - 00000001 -
-[r] 00 - 00000000 -
-[w] 01000090 1 01 01000094
-[f] 010000bc 00078513
-[d] 010000b8 13 0a 0f - 0 - 00000000 -
-[r] 0f - 00000000 -
-[e] 010000b4 00000001 0
-[f] 010000c0 00008067
-[d] 010000bc 67 00 01 - - - 00000000 -
-[r] 01 - 00000007 -
-[e] 010000b8 00000001 0
-[f] 010000c4 00000793
-[d] 010000c0 13 0f 00 - 0 - 00000000 -
-[r] 00 - 01000094 -
-[e] 010000bc 01000094 0
-[w] 010000b4 1 0f 00000001
-[f] 01000098 00050793
+[f] 0100009c 00c0006f
 [d] 01000094 13 0f 0a - 0 - 00000000 -
 [r] 0a - 00000000 -
+[e] 01000094 00000000 0
 [f] 0100009c 00c0006f
+[d] 01000094 13 0f 0a - 0 - 00000000 -
+[r] 0a - 00c12703 -
+[e] 01000094 00000000 0
+[f] 010000a0 024000ef
 [d] 01000098 6f 00 - - - - 0000000c -
 [r] - - - -
-[e] 01000094 00000001 0
+[e] 01000094 00c12703 0
 [f] 010000a0 024000ef
+[d] 01000098 6f 00 - - - - 0000000c -
+[r] - - - -
+[e] 01000098 00000000 0
+[f] 010000a4 00050793
 [d] 0100009c 6f 01 - - - - 00000024 -
 [r] - - - -
 [e] 01000098 010000a4 0
+[w] 01000094 1 0f 00c12703
+[f] 010000a8 00078513
+[d] 010000a0 13 0f 0a - 0 - 00000000 -
+[r] 0a - 00000000 -
+[e] 010000a0 00000000 0
 [f] 010000a8 00078513
+[d] 010000a0 13 0f 0a - 0 - 00000000 -
+[r] 0a - 00c12703 -
+[e] 010000a0 00000000 0
+[f] 010000ac 01c12083
 [d] 010000a4 13 0a 0f - 0 - 00000000 -
-[r] 0f - 00000000 -
+[r] 0f - 00c12703 -
+[e] 010000a0 00c12703 0
 [f] 010000ac 01c12083
+[d] 010000a4 13 0a 0f - 0 - 00000000 -
+[r] 0f - 00c12703 -
+[e] 010000a4 00000000 0
+[f] 010000b0 02010113
 [d] 010000a8 03 01 02 - 2 - 0000001c -
-[r] 02 - 00000001 -
-[e] 010000a4 00000001 0
+[r] 02 - 00c12703 -
+[e] 010000a4 00c12703 0
+[w] 010000a0 1 0f 00c12703
 [f] 010000b0 02010113
+[d] 010000a8 03 01 02 - 2 - 0000001c -
+[r] 02 - 010fffe0 -
+[e] 010000a8 00000000 0
+[f] 010000b4 00008067
 [d] 010000ac 13 02 02 - 0 - 00000020 -
-[r] 02 - 010fffc0 -
-[e] 010000a8 010fffdc 0
+[r] 02 - 010fffe0 -
+[e] 010000a8 010ffffc 0
+[w] 010000a4 1 0a 00c12703
 [f] 010000b4 00008067
+[d] 010000ac 13 02 02 - 0 - 00000020 -
+[r] 02 - 010fffe0 -
+[e] 010000ac 00000000 0
+[f] 010000b8 00100793
 [d] 010000b0 67 00 01 - - - 00000000 -
-[r] 01 - 010fffc0 -
-[e] 010000ac 010fffe0 0
-[w] 010000a4 1 0a 00000001
+[r] 01 - 010fffe0 -
+[e] 010000ac 01100000 0
+[w] 010000a8 1 01 00000000
 [f] 010000b8 00100793
+[d] 010000b0 67 00 01 - - - 00000000 -
+[r] 01 - 00000000 -
+[e] 010000b0 00000000 0
+[f] 010000bc 00078513
 [d] 010000b4 13 0f 00 - 0 - 00000001 -
-[r] 00 - 01000094 -
-[e] 010000b0 01000064 0
-[w] 010000a8 1 01 01000064
-[f] 01000068 00050793
-[d] 01000064 13 0f 0a - 0 - 00000000 -
-[r] 0a - 00000000 -
-[f] 0100006c 00078513
-[d] 01000068 13 0a 0f - 0 - 00000000 -
-[r] 0f - 00000001 -
-[e] 01000064 00000001 0
-[f] 01000070 01c12083
-[d] 0100006c 03 01 02 - 2 - 0000001c -
-[r] 02 - 00000001 -
-[e] 01000068 00000001 0
-[f] 01000074 02010113
-[d] 01000070 13 02 02 - 0 - 00000020 -
-[r] 02 - 010fffe0 -
-[e] 0100006c 010ffffc 0
-[w] 01000064 1 0f 00000001
-[f] 01000078 00008067
-[d] 01000074 67 00 01 - - - 00000000 -
-[r] 01 - 010fffe0 -
-[e] 01000070 01100000 0
-[w] 01000068 1 0a 00000001
-[f] 0100007c fe010113
-[d] 01000078 13 02 02 - 0 - ffffffe0 -
-[r] 02 - 01000064 -
-[e] 01000074 00000000 0
-[w] 0100006c 1 01 00000000
+[r] 00 - 00000000 -
+[e] 010000b0 00000000 0
+[w] 010000ac 1 02 01100000
+[f] 010000c0 00008067
+[d] 010000b8 13 0a 0f - 0 - 00000000 -
+[r] 0f - 00000000 -
+[e] 010000b8 00000000 0
+[f] 010000c0 00008067
+[d] 010000b8 13 0a 0f - 0 - 00000000 -
+[r] 0f - 00c12703 -
+[e] 010000b8 00000000 0
+[f] 010000c4 00000793
+[d] 010000bc 67 00 01 - - - 00000000 -
+[r] 01 - 00c12703 -
+[e] 010000b8 00c12703 0
+[f] 010000c4 00000793
+[d] 010000bc 67 00 01 - - - 00000000 -
+[r] 01 - 00000000 -
+[e] 010000bc 00000000 0
+[f] 010000c8 00078513
+[d] 010000c0 13 0f 00 - 0 - 00000000 -
+[r] 00 - 00000000 -
+[e] 010000bc 00000000 0
+[w] 010000b8 1 0a 00c12703
+[f] 010000cc 00008067
+[d] 010000c4 13 0a 0f - 0 - 00000000 -
+[r] 0f - 00000000 -
+[e] 010000c4 00000000 0
+[f] 010000cc 00008067
+[d] 010000c4 13 0a 0f - 0 - 00000000 -
+[r] 0f - 00c12703 -
+[e] 010000c4 00000000 0
+[f] 010000d0 00000000
+[d] 010000c8 67 00 01 - - - 00000000 -
+[r] 01 - 00c12703 -
+[e] 010000c4 00c12703 0
+[f] 010000d0 00000000
+[d] 010000c8 67 00 01 - - - 00000000 -
+[r] 01 - 00000000 -
+[e] 010000c8 00000000 0
