--- /tmp/tmp.6VkBlNSw4O	2025-11-28 17:09:53.943376008 -0500
+++ /tmp/tmp.cJlIYdynPv	2025-11-28 17:09:53.952376048 -0500
@@ -1,1116 +1,44 @@
-[f] 01000004 00200193
-[d] 01000000 13 03 00 - 0 - 00000002 -
-[r] 00 - 00000000 -
 [f] 01000008 00000093
-[d] 01000004 13 01 00 - 0 - 00000000 -
+[d] 01000004 13 03 00 - 0 - 00000002 -
 [r] 00 - 00000000 -
-[e] 01000000 00000002 0
+[e] 01000000 00000000 0
 [f] 0100000c 00100113
-[d] 01000008 13 02 00 - 0 - 00000001 -
+[d] 01000008 13 01 00 - 0 - 00000000 -
 [r] 00 - 00000000 -
-[e] 01000004 00000000 0
+[e] 01000004 00000002 0
 [f] 01000010 00209663
-[d] 0100000c 63 - 01 02 1 - 0000000c -
-[r] 01 02 00000000 00000000
-[e] 01000008 00000001 0
-[w] 01000000 1 03 00000002
+[d] 0100000c 13 02 00 - 0 - 00000001 -
+[r] 00 - 00000000 -
+[e] 01000008 00000000 0
 [f] 01000014 2a301a63
-[d] 01000010 63 - 00 03 1 - 000002b4 -
-[r] 00 03 00000000 01100000
-[e] 0100000c 01000018 1
-[w] 01000004 1 01 00000000
-[f] 0100001c fe209ee3
-[d] 01000018 63 - 01 02 1 - fffffffc -
+[d] 01000010 63 - 01 02 1 - 0000000c -
 [r] 01 02 00000000 00000000
-[f] 01000020 2a301463
-[d] 0100001c 63 - 00 03 1 - 000002a8 -
-[r] 00 03 00000000 00000001
-[e] 01000018 01000014 1
+[e] 0100000c 00000001 0
+[w] 01000004 1 03 00000002
 [f] 01000018 00301663
-[d] 01000014 63 - 00 03 1 - 0000000c -
+[d] 01000014 63 - 00 03 1 - 000002b4 -
 [r] 00 03 00000000 00000000
-[f] 0100001c fe209ee3
-[d] 01000018 63 - 01 02 1 - fffffffc -
-[r] 01 02 00000000 00000002
-[e] 01000014 01000020 1
-[f] 01000024 00300193
-[d] 01000020 13 03 00 - 0 - 00000003 -
-[r] 00 - 00000000 -
-[f] 01000028 00100093
-[d] 01000024 13 01 00 - 0 - 00000001 -
-[r] 00 - 00000000 -
-[e] 01000020 00000003 0
-[f] 0100002c 00000113
-[d] 01000028 13 02 00 - 0 - 00000000 -
-[r] 00 - 00000000 -
-[e] 01000024 00000001 0
-[f] 01000030 00209663
-[d] 0100002c 63 - 01 02 1 - 0000000c -
+[e] 01000010 0100001c 1
+[w] 01000008 1 01 00000000
+[f] 01000020 2a301463
+[d] 0100001c 63 - 01 02 1 - fffffffc -
 [r] 01 02 00000000 00000000
-[e] 01000028 00000000 0
-[w] 01000020 1 03 00000003
-[f] 01000034 28301a63
-[d] 01000030 63 - 00 03 1 - 00000294 -
+[f] 01000024 00300193
+[d] 01000020 63 - 00 03 1 - 000002a8 -
 [r] 00 03 00000000 00000001
-[e] 0100002c 01000038 1
-[w] 01000024 1 01 00000001
-[f] 0100003c fe209ee3
-[d] 01000038 63 - 01 02 1 - fffffffc -
-[r] 01 02 00000000 00000000
-[f] 01000040 28301463
-[d] 0100003c 63 - 00 03 1 - 00000288 -
-[r] 00 03 00000001 00000000
-[e] 01000038 01000034 1
-[f] 01000038 00301663
-[d] 01000034 63 - 00 03 1 - 0000000c -
-[r] 00 03 00000000 00000000
-[f] 0100003c fe209ee3
-[d] 01000038 63 - 01 02 1 - fffffffc -
-[r] 01 02 00000000 00000003
-[e] 01000034 01000040 1
-[f] 01000044 00400193
-[d] 01000040 13 03 00 - 0 - 00000004 -
-[r] 00 - 00000000 -
-[f] 01000048 fff00093
-[d] 01000044 13 01 00 - 0 - ffffffff -
-[r] 00 - 00000000 -
-[e] 01000040 00000004 0
-[f] 0100004c 00100113
-[d] 01000048 13 02 00 - 0 - 00000001 -
-[r] 00 - 00000000 -
-[e] 01000044 ffffffff 0
-[f] 01000050 00209663
-[d] 0100004c 63 - 01 02 1 - 0000000c -
-[r] 01 02 00000000 00000000
-[e] 01000048 00000001 0
-[w] 01000040 1 03 00000004
-[f] 01000054 26301a63
-[d] 01000050 63 - 00 03 1 - 00000274 -
-[r] 00 03 00000001 00000000
-[e] 0100004c 01000058 1
-[w] 01000044 1 01 ffffffff
-[f] 0100005c fe209ee3
-[d] 01000058 63 - 01 02 1 - fffffffc -
-[r] 01 02 00000000 00000000
-[f] 01000060 26301463
-[d] 0100005c 63 - 00 03 1 - 00000268 -
-[r] 00 03 ffffffff 00000001
-[e] 01000058 01000054 1
-[f] 01000058 00301663
-[d] 01000054 63 - 00 03 1 - 0000000c -
-[r] 00 03 00000000 00000000
-[f] 0100005c fe209ee3
-[d] 01000058 63 - 01 02 1 - fffffffc -
-[r] 01 02 00000000 00000004
-[e] 01000054 01000060 1
-[f] 01000064 00500193
-[d] 01000060 13 03 00 - 0 - 00000005 -
-[r] 00 - 00000000 -
-[f] 01000068 00100093
-[d] 01000064 13 01 00 - 0 - 00000001 -
-[r] 00 - 00000000 -
-[e] 01000060 00000005 0
-[f] 0100006c fff00113
-[d] 01000068 13 02 00 - 0 - ffffffff -
-[r] 00 - 00000000 -
-[e] 01000064 00000001 0
-[f] 01000070 00209663
-[d] 0100006c 63 - 01 02 1 - 0000000c -
-[r] 01 02 00000000 00000000
-[e] 01000068 ffffffff 0
-[w] 01000060 1 03 00000005
-[f] 01000074 24301a63
-[d] 01000070 63 - 00 03 1 - 00000254 -
-[r] 00 03 ffffffff 00000001
-[e] 0100006c 01000078 1
-[w] 01000064 1 01 00000001
-[f] 0100007c fe209ee3
-[d] 01000078 63 - 01 02 1 - fffffffc -
-[r] 01 02 00000000 00000000
-[f] 01000080 24301463
-[d] 0100007c 63 - 00 03 1 - 00000248 -
-[r] 00 03 00000001 ffffffff
-[e] 01000078 01000074 1
-[f] 01000078 00301663
-[d] 01000074 63 - 00 03 1 - 0000000c -
-[r] 00 03 00000000 00000000
-[f] 0100007c fe209ee3
-[d] 01000078 63 - 01 02 1 - fffffffc -
-[r] 01 02 00000000 00000005
-[e] 01000074 01000080 1
-[f] 01000084 00600193
-[d] 01000080 13 03 00 - 0 - 00000006 -
-[r] 00 - 00000000 -
-[f] 01000088 00000093
-[d] 01000084 13 01 00 - 0 - 00000000 -
-[r] 00 - 00000000 -
-[e] 01000080 00000006 0
-[f] 0100008c 00000113
-[d] 01000088 13 02 00 - 0 - 00000000 -
-[r] 00 - 00000000 -
-[e] 01000084 00000000 0
-[f] 01000090 00209463
-[d] 0100008c 63 - 01 02 1 - 00000008 -
-[r] 01 02 00000000 00000000
-[e] 01000088 00000000 0
-[w] 01000080 1 03 00000006
-[f] 01000094 00301463
-[d] 01000090 63 - 00 03 1 - 00000008 -
-[r] 00 03 00000001 ffffffff
-[e] 0100008c 01000094 0
-[w] 01000084 1 01 00000000
-[f] 01000098 22301863
-[d] 01000094 63 - 00 03 1 - 00000230 -
-[r] 00 03 00000000 00000006
-[e] 01000090 01000098 1
-[w] 01000088 1 02 00000000
-[f] 0100009c fe209ee3
-[d] 01000098 63 - 01 02 1 - fffffffc -
-[r] 01 02 00000000 00000000
-[f] 010000a0 00700193
-[d] 0100009c 13 03 00 - 0 - 00000007 -
-[r] 00 - 00000000 -
-[e] 01000098 01000094 0
-[f] 010000a4 00100093
-[d] 010000a0 13 01 00 - 0 - 00000001 -
-[r] 00 - 00000000 -
-[e] 0100009c 00000007 0
-[f] 010000a8 00100113
-[d] 010000a4 13 02 00 - 0 - 00000001 -
-[r] 00 - 00000000 -
-[e] 010000a0 00000001 0
-[f] 010000ac 00209463
-[d] 010000a8 63 - 01 02 1 - 00000008 -
-[r] 01 02 00000000 00000000
-[e] 010000a4 00000001 0
-[w] 0100009c 1 03 00000007
-[f] 010000b0 00301463
-[d] 010000ac 63 - 00 03 1 - 00000008 -
-[r] 00 03 00000000 00000000
-[e] 010000a8 010000b0 0
-[w] 010000a0 1 01 00000001
-[f] 010000b4 20301a63
-[d] 010000b0 63 - 00 03 1 - 00000214 -
-[r] 00 03 00000000 00000007
-[e] 010000ac 010000b4 1
-[w] 010000a4 1 02 00000001
-[f] 010000b8 fe209ee3
-[d] 010000b4 63 - 01 02 1 - fffffffc -
-[r] 01 02 00000000 00000000
-[f] 010000bc 00800193
-[d] 010000b8 13 03 00 - 0 - 00000008 -
-[r] 00 - 00000001 -
-[e] 010000b4 010000b0 0
-[f] 010000c0 fff00093
-[d] 010000bc 13 01 00 - 0 - ffffffff -
-[r] 00 - 00000000 -
-[e] 010000b8 00000008 0
-[f] 010000c4 fff00113
-[d] 010000c0 13 02 00 - 0 - ffffffff -
-[r] 00 - 00000000 -
-[e] 010000bc ffffffff 0
-[f] 010000c8 00209463
-[d] 010000c4 63 - 01 02 1 - 00000008 -
-[r] 01 02 00000000 00000000
-[e] 010000c0 ffffffff 0
-[w] 010000b8 1 03 00000008
-[f] 010000cc 00301463
-[d] 010000c8 63 - 00 03 1 - 00000008 -
-[r] 00 03 00000001 00000001
-[e] 010000c4 010000cc 0
-[w] 010000bc 1 01 ffffffff
-[f] 010000d0 1e301c63
-[d] 010000cc 63 - 00 03 1 - 000001f8 -
-[r] 00 03 00000000 00000008
-[e] 010000c8 010000d0 1
-[w] 010000c0 1 02 ffffffff
-[f] 010000d4 fe209ee3
-[d] 010000d0 63 - 01 02 1 - fffffffc -
-[r] 01 02 00000000 00000000
-[f] 010000d8 00900193
-[d] 010000d4 13 03 00 - 0 - 00000009 -
-[r] 00 - ffffffff -
-[e] 010000d0 010000cc 0
-[f] 010000dc 00000213
-[d] 010000d8 13 04 00 - 0 - 00000000 -
-[r] 00 - 00000000 -
-[e] 010000d4 00000009 0
-[f] 010000e0 00000093
-[d] 010000dc 13 01 00 - 0 - 00000000 -
-[r] 00 - 00000000 -
-[e] 010000d8 00000000 0
-[f] 010000e4 00000113
-[d] 010000e0 13 02 00 - 0 - 00000000 -
-[r] 00 - 00000000 -
-[e] 010000dc 00000000 0
-[w] 010000d4 1 03 00000009
-[f] 010000e8 1e209063
-[d] 010000e4 63 - 01 02 1 - 000001e0 -
-[r] 01 02 00000000 00000000
-[e] 010000e0 00000000 0
-[w] 010000d8 1 04 00000000
-[f] 010000ec 00120213
-[d] 010000e8 13 04 04 - 0 - 00000001 -
-[r] 04 - ffffffff -
-[e] 010000e4 010002c4 0
-[w] 010000dc 1 01 00000000
-[f] 010000f0 00200293
-[d] 010000ec 13 05 00 - 0 - 00000002 -
-[r] 00 - 00000000 -
-[e] 010000e8 00000001 0
-[w] 010000e0 1 02 00000000
-[f] 010000f4 fe5216e3
-[d] 010000f0 63 - 04 05 1 - ffffffec -
-[r] 04 05 00000000 00000000
-[e] 010000ec 00000002 0
-[f] 010000f8 00a00193
-[d] 010000f4 13 03 00 - 0 - 0000000a -
-[r] 00 - 00000000 -
-[e] 010000f0 010000dc 1
-[w] 010000e8 1 04 00000001
-[f] 010000e0 00000093
-[d] 010000dc 13 01 00 - 0 - 00000000 -
-[r] 00 - 00000000 -
-[f] 010000e4 00000113
-[d] 010000e0 13 02 00 - 0 - 00000000 -
-[r] 00 - 00000000 -
-[e] 010000dc 00000000 0
-[f] 010000e8 1e209063
-[d] 010000e4 63 - 01 02 1 - 000001e0 -
-[r] 01 02 00000000 00000000
-[e] 010000e0 00000000 0
-[f] 010000ec 00120213
-[d] 010000e8 13 04 04 - 0 - 00000001 -
-[r] 04 - 00000000 -
-[e] 010000e4 010002c4 0
-[w] 010000dc 1 01 00000000
-[f] 010000f0 00200293
-[d] 010000ec 13 05 00 - 0 - 00000002 -
-[r] 00 - 00000001 -
-[e] 010000e8 00000002 0
-[w] 010000e0 1 02 00000000
-[f] 010000f4 fe5216e3
-[d] 010000f0 63 - 04 05 1 - ffffffec -
-[r] 04 05 00000000 00000000
-[e] 010000ec 00000002 0
-[f] 010000f8 00a00193
-[d] 010000f4 13 03 00 - 0 - 0000000a -
-[r] 00 - 00000001 -
-[e] 010000f0 010000dc 0
-[w] 010000e8 1 04 00000002
-[f] 010000fc 00000213
-[d] 010000f8 13 04 00 - 0 - 00000000 -
-[r] 00 - 00000000 -
-[e] 010000f4 0000000a 0
-[w] 010000ec 1 05 00000002
-[f] 01000100 00000093
-[d] 010000fc 13 01 00 - 0 - 00000000 -
-[r] 00 - 00000000 -
-[e] 010000f8 00000000 0
-[f] 01000104 00000113
-[d] 01000100 13 02 00 - 0 - 00000000 -
-[r] 00 - 00000000 -
-[e] 010000fc 00000000 0
-[w] 010000f4 1 03 0000000a
-[f] 0100010c 1a209e63
-[d] 01000108 63 - 01 02 1 - 000001bc -
-[r] 01 02 00000000 00000000
-[w] 010000fc 1 01 00000000
-[f] 0100010c 1a209e63
-[d] 01000108 63 - 01 02 1 - 000001bc -
-[r] 01 02 00000000 00000000
-[e] 01000108 00000000 0
-[w] 01000100 1 02 00000000
-[f] 0100010c 1a209e63
-[d] 01000108 63 - 01 02 1 - 000001bc -
-[r] 01 02 00000000 00000000
-[e] 01000108 00000000 0
-[f] 01000110 00120213
-[d] 0100010c 13 04 04 - 0 - 00000001 -
-[r] 04 - 00000000 -
-[e] 01000108 010002c4 0
-[f] 01000114 00200293
-[d] 01000110 13 05 00 - 0 - 00000002 -
-[r] 00 - 00000000 -
-[e] 0100010c 00000001 0
-[f] 01000118 fe5214e3
-[d] 01000114 63 - 04 05 1 - ffffffe8 -
-[r] 04 05 00000000 00000000
-[e] 01000110 00000002 0
-[f] 0100011c 00b00193
-[d] 01000118 13 03 00 - 0 - 0000000b -
-[r] 00 - 00000000 -
-[e] 01000114 010000fc 1
-[w] 0100010c 1 04 00000001
-[f] 01000100 00000093
-[d] 010000fc 13 01 00 - 0 - 00000000 -
-[r] 00 - 00000000 -
-[f] 01000104 00000113
-[d] 01000100 13 02 00 - 0 - 00000000 -
-[r] 00 - 00000000 -
-[e] 010000fc 00000000 0
-[f] 0100010c 1a209e63
-[d] 01000108 63 - 01 02 1 - 000001bc -
-[r] 01 02 00000000 00000000
-[w] 010000fc 1 01 00000000
-[f] 0100010c 1a209e63
-[d] 01000108 63 - 01 02 1 - 000001bc -
-[r] 01 02 00000000 00000000
-[e] 01000108 00000000 0
-[w] 01000100 1 02 00000000
-[f] 0100010c 1a209e63
-[d] 01000108 63 - 01 02 1 - 000001bc -
-[r] 01 02 00000000 00000000
-[e] 01000108 00000000 0
-[f] 01000110 00120213
-[d] 0100010c 13 04 04 - 0 - 00000001 -
-[r] 04 - 00000000 -
-[e] 01000108 010002c4 0
-[f] 01000114 00200293
-[d] 01000110 13 05 00 - 0 - 00000002 -
-[r] 00 - 00000001 -
-[e] 0100010c 00000002 0
-[f] 01000118 fe5214e3
-[d] 01000114 63 - 04 05 1 - ffffffe8 -
-[r] 04 05 00000000 00000000
-[e] 01000110 00000002 0
-[f] 0100011c 00b00193
-[d] 01000118 13 03 00 - 0 - 0000000b -
-[r] 00 - 00000001 -
-[e] 01000114 010000fc 0
-[w] 0100010c 1 04 00000002
-[f] 01000120 00000213
-[d] 0100011c 13 04 00 - 0 - 00000000 -
-[r] 00 - 00000000 -
-[e] 01000118 0000000b 0
-[w] 01000110 1 05 00000002
-[f] 01000124 00000093
-[d] 01000120 13 01 00 - 0 - 00000000 -
-[r] 00 - 00000000 -
-[e] 0100011c 00000000 0
-[f] 01000128 00000113
-[d] 01000124 13 02 00 - 0 - 00000000 -
-[r] 00 - 00000000 -
-[e] 01000120 00000000 0
-[w] 01000118 1 03 0000000b
-[f] 01000134 18209a63
-[d] 01000130 63 - 01 02 1 - 00000194 -
-[r] 01 02 00000000 00000000
-[w] 01000124 1 02 00000000
-[f] 01000134 18209a63
-[d] 01000130 63 - 01 02 1 - 00000194 -
-[r] 01 02 00000000 00000000
-[e] 01000130 00000000 0
-[f] 01000138 00120213
-[d] 01000134 13 04 04 - 0 - 00000001 -
-[r] 04 - 00000000 -
-[e] 01000130 010002c4 0
-[f] 0100013c 00200293
-[d] 01000138 13 05 00 - 0 - 00000002 -
-[r] 00 - 00000000 -
-[e] 01000134 00000001 0
-[f] 01000140 fe5212e3
-[d] 0100013c 63 - 04 05 1 - ffffffe4 -
-[r] 04 05 00000000 00000000
-[e] 01000138 00000002 0
-[f] 01000144 00c00193
-[d] 01000140 13 03 00 - 0 - 0000000c -
-[r] 00 - 00000000 -
-[e] 0100013c 01000120 1
-[w] 01000134 1 04 00000001
-[f] 01000124 00000093
-[d] 01000120 13 01 00 - 0 - 00000000 -
-[r] 00 - 00000000 -
-[f] 01000128 00000113
-[d] 01000124 13 02 00 - 0 - 00000000 -
-[r] 00 - 00000000 -
-[e] 01000120 00000000 0
-[f] 01000134 18209a63
-[d] 01000130 63 - 01 02 1 - 00000194 -
-[r] 01 02 00000000 00000000
-[w] 01000124 1 02 00000000
-[f] 01000134 18209a63
-[d] 01000130 63 - 01 02 1 - 00000194 -
-[r] 01 02 00000000 00000000
-[e] 01000130 00000000 0
-[f] 01000138 00120213
-[d] 01000134 13 04 04 - 0 - 00000001 -
-[r] 04 - 00000000 -
-[e] 01000130 010002c4 0
-[f] 0100013c 00200293
-[d] 01000138 13 05 00 - 0 - 00000002 -
-[r] 00 - 00000001 -
-[e] 01000134 00000002 0
-[f] 01000140 fe5212e3
-[d] 0100013c 63 - 04 05 1 - ffffffe4 -
-[r] 04 05 00000000 00000000
-[e] 01000138 00000002 0
-[f] 01000144 00c00193
-[d] 01000140 13 03 00 - 0 - 0000000c -
-[r] 00 - 00000001 -
-[e] 0100013c 01000120 0
-[w] 01000134 1 04 00000002
-[f] 01000148 00000213
-[d] 01000144 13 04 00 - 0 - 00000000 -
-[r] 00 - 00000000 -
-[e] 01000140 0000000c 0
-[w] 01000138 1 05 00000002
-[f] 0100014c 00000093
-[d] 01000148 13 01 00 - 0 - 00000000 -
-[r] 00 - 00000000 -
-[e] 01000144 00000000 0
-[f] 01000154 00000113
-[d] 01000150 13 02 00 - 0 - 00000000 -
-[r] 00 - 00000000 -
-[w] 01000144 1 04 00000000
-[f] 01000158 16209863
-[d] 01000154 63 - 01 02 1 - 00000170 -
-[r] 01 02 00000000 00000000
-[e] 01000150 00000000 0
-[w] 01000148 1 01 00000000
-[f] 01000158 16209863
-[d] 01000154 63 - 01 02 1 - 00000170 -
-[r] 01 02 00000000 00000000
-[e] 01000154 00000000 0
-[f] 0100015c 00120213
-[d] 01000158 13 04 04 - 0 - 00000001 -
-[r] 04 - 00000000 -
-[e] 01000154 010002c4 0
-[w] 01000150 1 02 00000000
-[f] 01000160 00200293
-[d] 0100015c 13 05 00 - 0 - 00000002 -
-[r] 00 - 00000000 -
-[e] 01000158 00000001 0
-[f] 01000164 fe5214e3
-[d] 01000160 63 - 04 05 1 - ffffffe8 -
-[r] 04 05 00000000 00000000
-[e] 0100015c 00000002 0
-[f] 01000168 00d00193
-[d] 01000164 13 03 00 - 0 - 0000000d -
-[r] 00 - 00000000 -
-[e] 01000160 01000148 1
-[w] 01000158 1 04 00000001
-[f] 0100014c 00000093
-[d] 01000148 13 01 00 - 0 - 00000000 -
-[r] 00 - 00000000 -
-[f] 01000154 00000113
-[d] 01000150 13 02 00 - 0 - 00000000 -
-[r] 00 - 00000000 -
-[f] 01000158 16209863
-[d] 01000154 63 - 01 02 1 - 00000170 -
-[r] 01 02 00000000 00000000
-[e] 01000150 00000000 0
-[w] 01000148 1 01 00000000
-[f] 01000158 16209863
-[d] 01000154 63 - 01 02 1 - 00000170 -
-[r] 01 02 00000000 00000000
-[e] 01000154 00000000 0
-[f] 0100015c 00120213
-[d] 01000158 13 04 04 - 0 - 00000001 -
-[r] 04 - 00000000 -
-[e] 01000154 010002c4 0
-[w] 01000150 1 02 00000000
-[f] 01000160 00200293
-[d] 0100015c 13 05 00 - 0 - 00000002 -
-[r] 00 - 00000001 -
-[e] 01000158 00000002 0
-[f] 01000164 fe5214e3
-[d] 01000160 63 - 04 05 1 - ffffffe8 -
-[r] 04 05 00000000 00000000
-[e] 0100015c 00000002 0
-[f] 01000168 00d00193
-[d] 01000164 13 03 00 - 0 - 0000000d -
-[r] 00 - 00000001 -
-[e] 01000160 01000148 0
-[w] 01000158 1 04 00000002
-[f] 0100016c 00000213
-[d] 01000168 13 04 00 - 0 - 00000000 -
-[r] 00 - 00000000 -
-[e] 01000164 0000000d 0
-[w] 0100015c 1 05 00000002
-[f] 01000170 00000093
-[d] 0100016c 13 01 00 - 0 - 00000000 -
-[r] 00 - 00000000 -
-[e] 01000168 00000000 0
-[f] 01000178 00000113
-[d] 01000174 13 02 00 - 0 - 00000000 -
-[r] 00 - 00000000 -
-[w] 01000168 1 04 00000000
-[f] 01000180 14209463
-[d] 0100017c 63 - 01 02 1 - 00000148 -
-[r] 01 02 00000000 00000000
-[f] 01000184 00120213
-[d] 01000180 13 04 04 - 0 - 00000001 -
-[r] 04 - 00000000 -
-[e] 0100017c 010002c4 0
-[w] 01000174 1 02 00000000
-[f] 01000188 00200293
-[d] 01000184 13 05 00 - 0 - 00000002 -
-[r] 00 - 00000000 -
-[e] 01000180 00000001 0
-[f] 0100018c fe5212e3
-[d] 01000188 63 - 04 05 1 - ffffffe4 -
-[r] 04 05 00000000 00000000
-[e] 01000184 00000002 0
-[f] 01000190 00e00193
-[d] 0100018c 13 03 00 - 0 - 0000000e -
-[r] 00 - 00000000 -
-[e] 01000188 0100016c 1
-[w] 01000180 1 04 00000001
-[f] 01000170 00000093
-[d] 0100016c 13 01 00 - 0 - 00000000 -
-[r] 00 - 00000000 -
-[f] 01000178 00000113
-[d] 01000174 13 02 00 - 0 - 00000000 -
-[r] 00 - 00000000 -
-[f] 01000180 14209463
-[d] 0100017c 63 - 01 02 1 - 00000148 -
-[r] 01 02 00000000 00000000
-[f] 01000184 00120213
-[d] 01000180 13 04 04 - 0 - 00000001 -
-[r] 04 - 00000000 -
-[e] 0100017c 010002c4 0
-[w] 01000174 1 02 00000000
-[f] 01000188 00200293
-[d] 01000184 13 05 00 - 0 - 00000002 -
-[r] 00 - 00000001 -
-[e] 01000180 00000002 0
-[f] 0100018c fe5212e3
-[d] 01000188 63 - 04 05 1 - ffffffe4 -
-[r] 04 05 00000000 00000000
-[e] 01000184 00000002 0
-[f] 01000190 00e00193
-[d] 0100018c 13 03 00 - 0 - 0000000e -
-[r] 00 - 00000001 -
-[e] 01000188 0100016c 0
-[w] 01000180 1 04 00000002
-[f] 01000194 00000213
-[d] 01000190 13 04 00 - 0 - 00000000 -
-[r] 00 - 00000000 -
-[e] 0100018c 0000000e 0
-[w] 01000184 1 05 00000002
-[f] 01000198 00000093
-[d] 01000194 13 01 00 - 0 - 00000000 -
-[r] 00 - 00000000 -
-[e] 01000190 00000000 0
-[f] 010001a4 00000113
-[d] 010001a0 13 02 00 - 0 - 00000000 -
-[r] 00 - 00000000 -
-[w] 01000194 1 01 00000000
-[f] 010001a8 12209063
-[d] 010001a4 63 - 01 02 1 - 00000120 -
-[r] 01 02 00000000 00000000
-[e] 010001a0 00000000 0
-[f] 010001ac 00120213
-[d] 010001a8 13 04 04 - 0 - 00000001 -
-[r] 04 - 00000000 -
-[e] 010001a4 010002c4 0
-[f] 010001b0 00200293
-[d] 010001ac 13 05 00 - 0 - 00000002 -
-[r] 00 - 00000000 -
-[e] 010001a8 00000001 0
-[w] 010001a0 1 02 00000000
-[f] 010001b4 fe5212e3
-[d] 010001b0 63 - 04 05 1 - ffffffe4 -
-[r] 04 05 00000000 00000000
-[e] 010001ac 00000002 0
-[f] 010001b8 00f00193
-[d] 010001b4 13 03 00 - 0 - 0000000f -
-[r] 00 - 00000000 -
-[e] 010001b0 01000194 1
-[w] 010001a8 1 04 00000001
-[f] 01000198 00000093
-[d] 01000194 13 01 00 - 0 - 00000000 -
-[r] 00 - 00000000 -
-[f] 010001a4 00000113
-[d] 010001a0 13 02 00 - 0 - 00000000 -
-[r] 00 - 00000000 -
-[w] 01000194 1 01 00000000
-[f] 010001a8 12209063
-[d] 010001a4 63 - 01 02 1 - 00000120 -
-[r] 01 02 00000000 00000000
-[e] 010001a0 00000000 0
-[f] 010001ac 00120213
-[d] 010001a8 13 04 04 - 0 - 00000001 -
-[r] 04 - 00000000 -
-[e] 010001a4 010002c4 0
-[f] 010001b0 00200293
-[d] 010001ac 13 05 00 - 0 - 00000002 -
-[r] 00 - 00000001 -
-[e] 010001a8 00000002 0
-[w] 010001a0 1 02 00000000
-[f] 010001b4 fe5212e3
-[d] 010001b0 63 - 04 05 1 - ffffffe4 -
-[r] 04 05 00000000 00000000
-[e] 010001ac 00000002 0
-[f] 010001b8 00f00193
-[d] 010001b4 13 03 00 - 0 - 0000000f -
-[r] 00 - 00000001 -
-[e] 010001b0 01000194 0
-[w] 010001a8 1 04 00000002
-[f] 010001bc 00000213
-[d] 010001b8 13 04 00 - 0 - 00000000 -
-[r] 00 - 00000000 -
-[e] 010001b4 0000000f 0
-[w] 010001ac 1 05 00000002
-[f] 010001c0 00000093
-[d] 010001bc 13 01 00 - 0 - 00000000 -
-[r] 00 - 00000000 -
-[e] 010001b8 00000000 0
-[f] 010001c4 00000113
-[d] 010001c0 13 02 00 - 0 - 00000000 -
-[r] 00 - 00000000 -
-[e] 010001bc 00000000 0
-[w] 010001b4 1 03 0000000f
-[f] 010001c8 10209063
-[d] 010001c4 63 - 01 02 1 - 00000100 -
-[r] 01 02 00000000 00000000
-[e] 010001c0 00000000 0
-[w] 010001b8 1 04 00000000
-[f] 010001cc 00120213
-[d] 010001c8 13 04 04 - 0 - 00000001 -
-[r] 04 - 00000000 -
-[e] 010001c4 010002c4 0
-[w] 010001bc 1 01 00000000
-[f] 010001d0 00200293
-[d] 010001cc 13 05 00 - 0 - 00000002 -
-[r] 00 - 00000000 -
-[e] 010001c8 00000001 0
-[w] 010001c0 1 02 00000000
-[f] 010001d4 fe5216e3
-[d] 010001d0 63 - 04 05 1 - ffffffec -
-[r] 04 05 00000000 00000000
-[e] 010001cc 00000002 0
-[f] 010001d8 01000193
-[d] 010001d4 13 03 00 - 0 - 00000010 -
-[r] 00 - 00000000 -
-[e] 010001d0 010001bc 1
-[w] 010001c8 1 04 00000001
-[f] 010001c0 00000093
-[d] 010001bc 13 01 00 - 0 - 00000000 -
-[r] 00 - 00000000 -
-[f] 010001c4 00000113
-[d] 010001c0 13 02 00 - 0 - 00000000 -
-[r] 00 - 00000000 -
-[e] 010001bc 00000000 0
-[f] 010001c8 10209063
-[d] 010001c4 63 - 01 02 1 - 00000100 -
-[r] 01 02 00000000 00000000
-[e] 010001c0 00000000 0
-[f] 010001cc 00120213
-[d] 010001c8 13 04 04 - 0 - 00000001 -
-[r] 04 - 00000000 -
-[e] 010001c4 010002c4 0
-[w] 010001bc 1 01 00000000
-[f] 010001d0 00200293
-[d] 010001cc 13 05 00 - 0 - 00000002 -
-[r] 00 - 00000001 -
-[e] 010001c8 00000002 0
-[w] 010001c0 1 02 00000000
-[f] 010001d4 fe5216e3
-[d] 010001d0 63 - 04 05 1 - ffffffec -
-[r] 04 05 00000000 00000000
-[e] 010001cc 00000002 0
-[f] 010001d8 01000193
-[d] 010001d4 13 03 00 - 0 - 00000010 -
-[r] 00 - 00000001 -
-[e] 010001d0 010001bc 0
-[w] 010001c8 1 04 00000002
-[f] 010001dc 00000213
-[d] 010001d8 13 04 00 - 0 - 00000000 -
-[r] 00 - 00000000 -
-[e] 010001d4 00000010 0
-[w] 010001cc 1 05 00000002
-[f] 010001e0 00000093
-[d] 010001dc 13 01 00 - 0 - 00000000 -
-[r] 00 - 00000000 -
-[e] 010001d8 00000000 0
-[f] 010001e4 00000113
-[d] 010001e0 13 02 00 - 0 - 00000000 -
-[r] 00 - 00000000 -
-[e] 010001dc 00000000 0
-[w] 010001d4 1 03 00000010
-[f] 010001ec 0c209e63
-[d] 010001e8 63 - 01 02 1 - 000000dc -
-[r] 01 02 00000000 00000000
-[w] 010001dc 1 01 00000000
-[f] 010001ec 0c209e63
-[d] 010001e8 63 - 01 02 1 - 000000dc -
-[r] 01 02 00000000 00000000
-[e] 010001e8 00000000 0
-[w] 010001e0 1 02 00000000
-[f] 010001ec 0c209e63
-[d] 010001e8 63 - 01 02 1 - 000000dc -
-[r] 01 02 00000000 00000000
-[e] 010001e8 00000000 0
-[f] 010001f0 00120213
-[d] 010001ec 13 04 04 - 0 - 00000001 -
-[r] 04 - 00000000 -
-[e] 010001e8 010002c4 0
-[f] 010001f4 00200293
-[d] 010001f0 13 05 00 - 0 - 00000002 -
-[r] 00 - 00000000 -
-[e] 010001ec 00000001 0
-[f] 010001f8 fe5214e3
-[d] 010001f4 63 - 04 05 1 - ffffffe8 -
-[r] 04 05 00000000 00000000
-[e] 010001f0 00000002 0
-[f] 010001fc 01100193
-[d] 010001f8 13 03 00 - 0 - 00000011 -
-[r] 00 - 00000000 -
-[e] 010001f4 010001dc 1
-[w] 010001ec 1 04 00000001
-[f] 010001e0 00000093
-[d] 010001dc 13 01 00 - 0 - 00000000 -
-[r] 00 - 00000000 -
-[f] 010001e4 00000113
-[d] 010001e0 13 02 00 - 0 - 00000000 -
-[r] 00 - 00000000 -
-[e] 010001dc 00000000 0
-[f] 010001ec 0c209e63
-[d] 010001e8 63 - 01 02 1 - 000000dc -
-[r] 01 02 00000000 00000000
-[w] 010001dc 1 01 00000000
-[f] 010001ec 0c209e63
-[d] 010001e8 63 - 01 02 1 - 000000dc -
-[r] 01 02 00000000 00000000
-[e] 010001e8 00000000 0
-[w] 010001e0 1 02 00000000
-[f] 010001ec 0c209e63
-[d] 010001e8 63 - 01 02 1 - 000000dc -
-[r] 01 02 00000000 00000000
-[e] 010001e8 00000000 0
-[f] 010001f0 00120213
-[d] 010001ec 13 04 04 - 0 - 00000001 -
-[r] 04 - 00000000 -
-[e] 010001e8 010002c4 0
-[f] 010001f4 00200293
-[d] 010001f0 13 05 00 - 0 - 00000002 -
-[r] 00 - 00000001 -
-[e] 010001ec 00000002 0
-[f] 010001f8 fe5214e3
-[d] 010001f4 63 - 04 05 1 - ffffffe8 -
-[r] 04 05 00000000 00000000
-[e] 010001f0 00000002 0
-[f] 010001fc 01100193
-[d] 010001f8 13 03 00 - 0 - 00000011 -
-[r] 00 - 00000001 -
-[e] 010001f4 010001dc 0
-[w] 010001ec 1 04 00000002
-[f] 01000200 00000213
-[d] 010001fc 13 04 00 - 0 - 00000000 -
-[r] 00 - 00000000 -
-[e] 010001f8 00000011 0
-[w] 010001f0 1 05 00000002
-[f] 01000204 00000093
-[d] 01000200 13 01 00 - 0 - 00000000 -
-[r] 00 - 00000000 -
-[e] 010001fc 00000000 0
-[f] 01000208 00000113
-[d] 01000204 13 02 00 - 0 - 00000000 -
-[r] 00 - 00000000 -
-[e] 01000200 00000000 0
-[w] 010001f8 1 03 00000011
-[f] 01000214 0a209a63
-[d] 01000210 63 - 01 02 1 - 000000b4 -
-[r] 01 02 00000000 00000000
-[w] 01000204 1 02 00000000
-[f] 01000214 0a209a63
-[d] 01000210 63 - 01 02 1 - 000000b4 -
-[r] 01 02 00000000 00000000
-[e] 01000210 00000000 0
-[f] 01000218 00120213
-[d] 01000214 13 04 04 - 0 - 00000001 -
-[r] 04 - 00000000 -
-[e] 01000210 010002c4 0
-[f] 0100021c 00200293
-[d] 01000218 13 05 00 - 0 - 00000002 -
-[r] 00 - 00000000 -
-[e] 01000214 00000001 0
-[f] 01000220 fe5212e3
-[d] 0100021c 63 - 04 05 1 - ffffffe4 -
-[r] 04 05 00000000 00000000
-[e] 01000218 00000002 0
-[f] 01000224 01200193
-[d] 01000220 13 03 00 - 0 - 00000012 -
-[r] 00 - 00000000 -
-[e] 0100021c 01000200 1
-[w] 01000214 1 04 00000001
-[f] 01000204 00000093
-[d] 01000200 13 01 00 - 0 - 00000000 -
-[r] 00 - 00000000 -
-[f] 01000208 00000113
-[d] 01000204 13 02 00 - 0 - 00000000 -
-[r] 00 - 00000000 -
-[e] 01000200 00000000 0
-[f] 01000214 0a209a63
-[d] 01000210 63 - 01 02 1 - 000000b4 -
-[r] 01 02 00000000 00000000
-[w] 01000204 1 02 00000000
-[f] 01000214 0a209a63
-[d] 01000210 63 - 01 02 1 - 000000b4 -
-[r] 01 02 00000000 00000000
-[e] 01000210 00000000 0
-[f] 01000218 00120213
-[d] 01000214 13 04 04 - 0 - 00000001 -
-[r] 04 - 00000000 -
-[e] 01000210 010002c4 0
-[f] 0100021c 00200293
-[d] 01000218 13 05 00 - 0 - 00000002 -
-[r] 00 - 00000001 -
-[e] 01000214 00000002 0
-[f] 01000220 fe5212e3
-[d] 0100021c 63 - 04 05 1 - ffffffe4 -
-[r] 04 05 00000000 00000000
-[e] 01000218 00000002 0
-[f] 01000224 01200193
-[d] 01000220 13 03 00 - 0 - 00000012 -
-[r] 00 - 00000001 -
-[e] 0100021c 01000200 0
-[w] 01000214 1 04 00000002
-[f] 01000228 00000213
-[d] 01000224 13 04 00 - 0 - 00000000 -
-[r] 00 - 00000000 -
-[e] 01000220 00000012 0
-[w] 01000218 1 05 00000002
-[f] 0100022c 00000093
-[d] 01000228 13 01 00 - 0 - 00000000 -
-[r] 00 - 00000000 -
-[e] 01000224 00000000 0
-[f] 01000234 00000113
-[d] 01000230 13 02 00 - 0 - 00000000 -
-[r] 00 - 00000000 -
-[w] 01000224 1 04 00000000
-[f] 01000238 08209863
-[d] 01000234 63 - 01 02 1 - 00000090 -
-[r] 01 02 00000000 00000000
-[e] 01000230 00000000 0
-[w] 01000228 1 01 00000000
-[f] 01000238 08209863
-[d] 01000234 63 - 01 02 1 - 00000090 -
-[r] 01 02 00000000 00000000
-[e] 01000234 00000000 0
-[f] 0100023c 00120213
-[d] 01000238 13 04 04 - 0 - 00000001 -
-[r] 04 - 00000000 -
-[e] 01000234 010002c4 0
-[w] 01000230 1 02 00000000
-[f] 01000240 00200293
-[d] 0100023c 13 05 00 - 0 - 00000002 -
-[r] 00 - 00000000 -
-[e] 01000238 00000001 0
-[f] 01000244 fe5214e3
-[d] 01000240 63 - 04 05 1 - ffffffe8 -
-[r] 04 05 00000000 00000000
-[e] 0100023c 00000002 0
-[f] 01000248 01300193
-[d] 01000244 13 03 00 - 0 - 00000013 -
-[r] 00 - 00000000 -
-[e] 01000240 01000228 1
-[w] 01000238 1 04 00000001
-[f] 0100022c 00000093
-[d] 01000228 13 01 00 - 0 - 00000000 -
-[r] 00 - 00000000 -
-[f] 01000234 00000113
-[d] 01000230 13 02 00 - 0 - 00000000 -
-[r] 00 - 00000000 -
-[f] 01000238 08209863
-[d] 01000234 63 - 01 02 1 - 00000090 -
-[r] 01 02 00000000 00000000
-[e] 01000230 00000000 0
-[w] 01000228 1 01 00000000
-[f] 01000238 08209863
-[d] 01000234 63 - 01 02 1 - 00000090 -
-[r] 01 02 00000000 00000000
-[e] 01000234 00000000 0
-[f] 0100023c 00120213
-[d] 01000238 13 04 04 - 0 - 00000001 -
-[r] 04 - 00000000 -
-[e] 01000234 010002c4 0
-[w] 01000230 1 02 00000000
-[f] 01000240 00200293
-[d] 0100023c 13 05 00 - 0 - 00000002 -
-[r] 00 - 00000001 -
-[e] 01000238 00000002 0
-[f] 01000244 fe5214e3
-[d] 01000240 63 - 04 05 1 - ffffffe8 -
-[r] 04 05 00000000 00000000
-[e] 0100023c 00000002 0
-[f] 01000248 01300193
-[d] 01000244 13 03 00 - 0 - 00000013 -
-[r] 00 - 00000001 -
-[e] 01000240 01000228 0
-[w] 01000238 1 04 00000002
-[f] 0100024c 00000213
-[d] 01000248 13 04 00 - 0 - 00000000 -
-[r] 00 - 00000000 -
-[e] 01000244 00000013 0
-[w] 0100023c 1 05 00000002
-[f] 01000250 00000093
-[d] 0100024c 13 01 00 - 0 - 00000000 -
-[r] 00 - 00000000 -
-[e] 01000248 00000000 0
-[f] 01000258 00000113
-[d] 01000254 13 02 00 - 0 - 00000000 -
-[r] 00 - 00000000 -
-[w] 01000248 1 04 00000000
-[f] 01000260 06209463
-[d] 0100025c 63 - 01 02 1 - 00000068 -
-[r] 01 02 00000000 00000000
-[f] 01000264 00120213
-[d] 01000260 13 04 04 - 0 - 00000001 -
-[r] 04 - 00000000 -
-[e] 0100025c 010002c4 0
-[w] 01000254 1 02 00000000
-[f] 01000268 00200293
-[d] 01000264 13 05 00 - 0 - 00000002 -
-[r] 00 - 00000000 -
-[e] 01000260 00000001 0
-[f] 0100026c fe5212e3
-[d] 01000268 63 - 04 05 1 - ffffffe4 -
-[r] 04 05 00000000 00000000
-[e] 01000264 00000002 0
-[f] 01000270 01400193
-[d] 0100026c 13 03 00 - 0 - 00000014 -
-[r] 00 - 00000000 -
-[e] 01000268 0100024c 1
-[w] 01000260 1 04 00000001
-[f] 01000250 00000093
-[d] 0100024c 13 01 00 - 0 - 00000000 -
-[r] 00 - 00000000 -
-[f] 01000258 00000113
-[d] 01000254 13 02 00 - 0 - 00000000 -
-[r] 00 - 00000000 -
-[f] 01000260 06209463
-[d] 0100025c 63 - 01 02 1 - 00000068 -
-[r] 01 02 00000000 00000000
-[f] 01000264 00120213
-[d] 01000260 13 04 04 - 0 - 00000001 -
-[r] 04 - 00000000 -
-[e] 0100025c 010002c4 0
-[w] 01000254 1 02 00000000
-[f] 01000268 00200293
-[d] 01000264 13 05 00 - 0 - 00000002 -
-[r] 00 - 00000001 -
-[e] 01000260 00000002 0
-[f] 0100026c fe5212e3
-[d] 01000268 63 - 04 05 1 - ffffffe4 -
-[r] 04 05 00000000 00000000
-[e] 01000264 00000002 0
-[f] 01000270 01400193
-[d] 0100026c 13 03 00 - 0 - 00000014 -
-[r] 00 - 00000001 -
-[e] 01000268 0100024c 0
-[w] 01000260 1 04 00000002
-[f] 01000274 00000213
-[d] 01000270 13 04 00 - 0 - 00000000 -
-[r] 00 - 00000000 -
-[e] 0100026c 00000014 0
-[w] 01000264 1 05 00000002
-[f] 01000278 00000093
-[d] 01000274 13 01 00 - 0 - 00000000 -
-[r] 00 - 00000000 -
-[e] 01000270 00000000 0
-[f] 01000284 00000113
-[d] 01000280 13 02 00 - 0 - 00000000 -
-[r] 00 - 00000000 -
-[w] 01000274 1 01 00000000
-[f] 01000288 04209063
-[d] 01000284 63 - 01 02 1 - 00000040 -
-[r] 01 02 00000000 00000000
-[e] 01000280 00000000 0
-[f] 0100028c 00120213
-[d] 01000288 13 04 04 - 0 - 00000001 -
-[r] 04 - 00000000 -
-[e] 01000284 010002c4 0
-[f] 01000290 00200293
-[d] 0100028c 13 05 00 - 0 - 00000002 -
-[r] 00 - 00000000 -
-[e] 01000288 00000001 0
-[w] 01000280 1 02 00000000
-[f] 01000294 fe5212e3
-[d] 01000290 63 - 04 05 1 - ffffffe4 -
-[r] 04 05 00000000 00000000
-[e] 0100028c 00000002 0
-[f] 01000298 00100093
-[d] 01000294 13 01 00 - 0 - 00000001 -
-[r] 00 - 00000000 -
-[e] 01000290 01000274 1
-[w] 01000288 1 04 00000001
-[f] 01000278 00000093
-[d] 01000274 13 01 00 - 0 - 00000000 -
-[r] 00 - 00000000 -
-[f] 01000284 00000113
-[d] 01000280 13 02 00 - 0 - 00000000 -
-[r] 00 - 00000000 -
-[w] 01000274 1 01 00000000
-[f] 01000288 04209063
-[d] 01000284 63 - 01 02 1 - 00000040 -
-[r] 01 02 00000000 00000000
-[e] 01000280 00000000 0
-[f] 0100028c 00120213
-[d] 01000288 13 04 04 - 0 - 00000001 -
-[r] 04 - 00000000 -
-[e] 01000284 010002c4 0
-[f] 01000290 00200293
-[d] 0100028c 13 05 00 - 0 - 00000002 -
-[r] 00 - 00000001 -
-[e] 01000288 00000002 0
-[w] 01000280 1 02 00000000
-[f] 01000294 fe5212e3
-[d] 01000290 63 - 04 05 1 - ffffffe4 -
-[r] 04 05 00000000 00000000
-[e] 0100028c 00000002 0
-[f] 01000298 00100093
-[d] 01000294 13 01 00 - 0 - 00000001 -
-[r] 00 - 00000001 -
-[e] 01000290 01000274 0
-[w] 01000288 1 04 00000002
-[f] 0100029c 00009a63
-[d] 01000298 63 - 01 00 1 - 00000014 -
-[r] 01 00 00000000 00000000
-[e] 01000294 00000001 0
-[w] 0100028c 1 05 00000002
-[f] 010002a0 00108093
-[d] 0100029c 13 01 01 - 0 - 00000001 -
-[r] 01 - 00000000 -
-[e] 01000298 010002ac 1
-[f] 010002b0 00108093
-[d] 010002ac 13 01 01 - 0 - 00000001 -
-[r] 01 - 00000000 -
-[f] 010002b4 00108093
-[d] 010002b0 13 01 01 - 0 - 00000001 -
-[r] 01 - 00000001 -
-[e] 010002ac 00000002 0
-[f] 010002b8 00300e93
-[d] 010002b4 13 1d 00 - 0 - 00000003 -
-[r] 00 - 00000001 -
-[e] 010002b0 00000003 0
-[f] 010002bc 01500193
-[d] 010002b8 13 03 00 - 0 - 00000015 -
-[r] 00 - 00000000 -
-[e] 010002b4 00000003 0
-[w] 010002ac 1 01 00000002
-[f] 010002c0 01d09463
-[d] 010002bc 63 - 01 1d 1 - 00000008 -
-[r] 01 1d 00000000 00000000
-[e] 010002b8 00000015 0
-[w] 010002b0 1 01 00000003
-[f] 010002c0 01d09463
-[d] 010002bc 63 - 01 1d 1 - 00000008 -
-[r] 01 1d 00000002 00000000
-[e] 010002bc 00000002 0
-[w] 010002b4 1 1d 00000003
-[f] 010002c0 01d09463
-[d] 010002bc 63 - 01 1d 1 - 00000008 -
-[r] 01 1d 00000003 00000000
-[e] 010002bc 00000003 0
-[w] 010002b8 1 03 00000015
-[f] 010002c4 00301c63
-[d] 010002c0 63 - 00 03 1 - 00000018 -
-[r] 00 03 00000003 00000003
-[e] 010002bc 010002c4 0
-[f] 010002e0 00100193
-[d] 010002dc 13 03 00 - 0 - 00000001 -
+[e] 0100001c 01000018 0
+[f] 01000028 00100093
+[d] 01000024 13 03 00 - 0 - 00000003 -
 [r] 00 - 00000000 -
-[e] 010002d8 00000000 0
+[e] 01000020 010002c8 1
+[f] 010002cc 00018063
+[d] 010002c8 13 02 00 - 0 - 00000000 -
+[r] 00 - 00000000 -
+[f] 010002d0 00119193
+[d] 010002cc 63 - 03 00 0 - 00000000 -
+[r] 03 00 00000000 00000000
+[e] 010002c8 00000000 0
+[f] 010002d4 0011e193
+[d] 010002d0 13 03 03 - 1 - 00000000 -
+[r] 03 - 00000002 -
+[e] 010002cc 010002cc 1
