--- /tmp/tmp.ubyw6s0Lb8	2025-11-28 17:09:55.495383032 -0500
+++ /tmp/tmp.0xg0DS4Vfv	2025-11-28 17:09:55.504383073 -0500
@@ -1,1045 +1,47 @@
-[f] 01000004 800000b7
-[d] 01000000 37 01 - - - - 80000000 -
-[r] - - - -
 [f] 01000008 0000df13
-[d] 01000004 13 1e 01 - 5 - 00000000 -
-[r] 01 - 00000000 -
-[e] 01000000 80000000 0
-[f] 0100000c 80000eb7
-[d] 01000008 37 1d - - - - 80000000 -
+[d] 01000004 37 01 - - - - 80000000 -
 [r] - - - -
+[e] 01000000 00000000 0
+[f] 0100000c 80000eb7
+[d] 01000008 13 1e 01 - 5 - 00000000 -
+[r] 01 - 00000000 -
 [e] 01000004 80000000 0
 [f] 01000010 00200193
-[d] 0100000c 13 03 00 - 0 - 00000002 -
-[r] 00 - 00000000 -
+[d] 0100000c 37 1d - - - - 80000000 -
+[r] - - - -
 [e] 01000008 80000000 0
-[w] 01000000 1 01 80000000
 [f] 01000014 29df1863
-[d] 01000010 63 - 1e 1d 1 - 00000290 -
+[d] 01000010 13 03 00 - 0 - 00000002 -
+[r] 00 - 00000000 -
+[e] 0100000c 80000000 0
+[w] 01000004 1 01 80000000
+[f] 01000018 800000b7
+[d] 01000014 63 - 1e 1d 1 - 00000290 -
 [r] 1e 1d 00000000 00000000
-[e] 0100000c 00000002 0
-[w] 01000004 1 1e 80000000
-[f] 01000014 29df1863
-[d] 01000010 63 - 1e 1d 1 - 00000290 -
+[e] 01000010 00000002 0
+[w] 01000008 1 1e 80000000
+[f] 01000018 800000b7
+[d] 01000014 63 - 1e 1d 1 - 00000290 -
 [r] 1e 1d 00000000 00000000
-[e] 01000010 00000000 0
-[w] 01000008 1 1d 80000000
-[f] 01000014 29df1863
-[d] 01000010 63 - 1e 1d 1 - 00000290 -
-[r] 1e 1d 80000000 00000000
-[e] 01000010 80000000 0
-[w] 0100000c 1 03 00000002
+[e] 01000014 00000000 0
+[w] 0100000c 1 1d 80000000
 [f] 01000018 800000b7
-[d] 01000014 37 01 - - - - 80000000 -
-[r] - - - -
-[e] 01000010 010002a0 0
+[d] 01000014 63 - 1e 1d 1 - 00000290 -
+[r] 1e 1d 80000000 00000000
+[e] 01000014 00000000 0
+[w] 01000010 1 03 00000002
 [f] 0100001c 0010df13
-[d] 01000018 13 1e 01 - 5 - 00000001 -
-[r] 01 - 00000000 -
-[e] 01000014 80000000 0
-[f] 01000020 40000eb7
-[d] 0100001c 37 1d - - - - 40000000 -
+[d] 01000018 37 01 - - - - 80000000 -
 [r] - - - -
-[e] 01000018 40000000 0
-[f] 01000024 00300193
-[d] 01000020 13 03 00 - 0 - 00000003 -
-[r] 00 - 00000000 -
-[e] 0100001c 40000000 0
-[w] 01000014 1 01 80000000
-[f] 01000028 27df1e63
-[d] 01000024 63 - 1e 1d 1 - 0000027c -
-[r] 1e 1d 00000000 00000000
-[e] 01000020 00000003 0
-[w] 01000018 1 1e 40000000
-[f] 01000028 27df1e63
-[d] 01000024 63 - 1e 1d 1 - 0000027c -
-[r] 1e 1d 80000000 80000000
-[e] 01000024 80000000 0
-[w] 0100001c 1 1d 40000000
-[f] 01000028 27df1e63
-[d] 01000024 63 - 1e 1d 1 - 0000027c -
-[r] 1e 1d 40000000 80000000
-[e] 01000024 40000000 0
-[w] 01000020 1 03 00000003
-[f] 0100002c 800000b7
-[d] 01000028 37 01 - - - - 80000000 -
-[r] - - - -
-[e] 01000024 010002a0 0
-[f] 01000030 0070df13
-[d] 0100002c 13 1e 01 - 5 - 00000007 -
-[r] 01 - 00000000 -
-[e] 01000028 80000000 0
-[f] 01000034 01000eb7
-[d] 01000030 37 1d - - - - 01000000 -
-[r] - - - -
-[e] 0100002c 01000000 0
-[f] 01000038 00400193
-[d] 01000034 13 03 00 - 0 - 00000004 -
-[r] 00 - 00000000 -
-[e] 01000030 01000000 0
-[w] 01000028 1 01 80000000
-[f] 0100003c 27df1463
-[d] 01000038 63 - 1e 1d 1 - 00000268 -
-[r] 1e 1d 00000000 00000000
-[e] 01000034 00000004 0
-[w] 0100002c 1 1e 01000000
-[f] 0100003c 27df1463
-[d] 01000038 63 - 1e 1d 1 - 00000268 -
-[r] 1e 1d 40000000 40000000
-[e] 01000038 40000000 0
-[w] 01000030 1 1d 01000000
-[f] 0100003c 27df1463
-[d] 01000038 63 - 1e 1d 1 - 00000268 -
-[r] 1e 1d 01000000 40000000
-[e] 01000038 01000000 0
-[w] 01000034 1 03 00000004
-[f] 01000040 800000b7
-[d] 0100003c 37 01 - - - - 80000000 -
-[r] - - - -
-[e] 01000038 010002a0 0
-[f] 01000044 00e0df13
-[d] 01000040 13 1e 01 - 5 - 0000000e -
-[r] 01 - 00000000 -
-[e] 0100003c 80000000 0
-[f] 01000048 00020eb7
-[d] 01000044 37 1d - - - - 00020000 -
-[r] - - - -
-[e] 01000040 00020000 0
-[f] 0100004c 00500193
-[d] 01000048 13 03 00 - 0 - 00000005 -
-[r] 00 - 00000000 -
-[e] 01000044 00020000 0
-[w] 0100003c 1 01 80000000
-[f] 01000050 25df1a63
-[d] 0100004c 63 - 1e 1d 1 - 00000254 -
-[r] 1e 1d 00000000 00000000
-[e] 01000048 00000005 0
-[w] 01000040 1 1e 00020000
-[f] 01000050 25df1a63
-[d] 0100004c 63 - 1e 1d 1 - 00000254 -
-[r] 1e 1d 01000000 01000000
-[e] 0100004c 01000000 0
-[w] 01000044 1 1d 00020000
-[f] 01000050 25df1a63
-[d] 0100004c 63 - 1e 1d 1 - 00000254 -
-[r] 1e 1d 00020000 01000000
-[e] 0100004c 00020000 0
-[w] 01000048 1 03 00000005
-[f] 01000054 800000b7
-[d] 01000050 37 01 - - - - 80000000 -
-[r] - - - -
-[e] 0100004c 010002a0 0
-[f] 01000058 00108093
-[d] 01000054 13 01 01 - 0 - 00000001 -
-[r] 01 - 00000000 -
-[e] 01000050 80000000 0
-[f] 0100005c 01f0df13
-[d] 01000058 13 1e 01 - 5 - 0000001f -
-[r] 01 - 80000000 -
-[e] 01000054 80000001 0
-[f] 01000060 00100e93
-[d] 0100005c 13 1d 00 - 0 - 00000001 -
-[r] 00 - 80000000 -
-[e] 01000058 00000001 0
-[w] 01000050 1 01 80000000
-[f] 01000064 00600193
-[d] 01000060 13 03 00 - 0 - 00000006 -
-[r] 00 - 00000000 -
-[e] 0100005c 00000001 0
-[w] 01000054 1 01 80000001
-[f] 01000068 23df1e63
-[d] 01000064 63 - 1e 1d 1 - 0000023c -
-[r] 1e 1d 00000000 00000000
-[e] 01000060 00000006 0
-[w] 01000058 1 1e 00000001
-[f] 01000068 23df1e63
-[d] 01000064 63 - 1e 1d 1 - 0000023c -
-[r] 1e 1d 00020000 00020000
-[e] 01000064 00020000 0
-[w] 0100005c 1 1d 00000001
-[f] 01000068 23df1e63
-[d] 01000064 63 - 1e 1d 1 - 0000023c -
-[r] 1e 1d 00000001 00020000
-[e] 01000064 00000001 0
-[w] 01000060 1 03 00000006
-[f] 0100006c fff00093
-[d] 01000068 13 01 00 - 0 - ffffffff -
-[r] 00 - 00000001 -
-[e] 01000064 010002a0 0
-[f] 01000070 0000df13
-[d] 0100006c 13 1e 01 - 5 - 00000000 -
-[r] 01 - 00000000 -
-[e] 01000068 ffffffff 0
-[f] 01000074 fff00e93
-[d] 01000070 13 1d 00 - 0 - ffffffff -
-[r] 00 - 80000001 -
-[e] 0100006c ffffffff 0
-[f] 01000078 00700193
-[d] 01000074 13 03 00 - 0 - 00000007 -
-[r] 00 - 00000000 -
-[e] 01000070 ffffffff 0
-[w] 01000068 1 01 ffffffff
-[f] 0100007c 23df1463
-[d] 01000078 63 - 1e 1d 1 - 00000228 -
-[r] 1e 1d 00000000 00000000
-[e] 01000074 00000007 0
-[w] 0100006c 1 1e ffffffff
-[f] 0100007c 23df1463
-[d] 01000078 63 - 1e 1d 1 - 00000228 -
-[r] 1e 1d 00000001 00000001
-[e] 01000078 00000001 0
-[w] 01000070 1 1d ffffffff
-[f] 0100007c 23df1463
-[d] 01000078 63 - 1e 1d 1 - 00000228 -
-[r] 1e 1d ffffffff 00000001
-[e] 01000078 ffffffff 0
-[w] 01000074 1 03 00000007
-[f] 01000080 fff00093
-[d] 0100007c 13 01 00 - 0 - ffffffff -
-[r] 00 - ffffffff -
-[e] 01000078 010002a0 0
-[f] 01000084 0010df13
-[d] 01000080 13 1e 01 - 5 - 00000001 -
-[r] 01 - 00000000 -
-[e] 0100007c ffffffff 0
-[f] 01000088 80000eb7
-[d] 01000084 37 1d - - - - 80000000 -
-[r] - - - -
-[e] 01000080 7fffffff 0
-[f] 0100008c fffe8e93
-[d] 01000088 13 1d 1d - 0 - ffffffff -
-[r] 1d - 00000000 -
-[e] 01000084 80000000 0
-[w] 0100007c 1 01 ffffffff
-[f] 01000090 00800193
-[d] 0100008c 13 03 00 - 0 - 00000008 -
-[r] 00 - ffffffff -
-[e] 01000088 7fffffff 0
-[w] 01000080 1 1e 7fffffff
-[f] 01000094 21df1863
-[d] 01000090 63 - 1e 1d 1 - 00000210 -
-[r] 1e 1d 00000000 00000000
-[e] 0100008c 00000008 0
-[w] 01000084 1 1d 80000000
-[f] 01000098 fff00093
-[d] 01000094 13 01 00 - 0 - ffffffff -
-[r] 00 - 7fffffff -
-[e] 01000090 010002a0 0
-[w] 01000088 1 1d 7fffffff
-[f] 0100009c 0070df13
-[d] 01000098 13 1e 01 - 5 - 00000007 -
-[r] 01 - 00000000 -
-[e] 01000094 ffffffff 0
-[w] 0100008c 1 03 00000008
-[f] 010000a0 02000eb7
-[d] 0100009c 37 1d - - - - 02000000 -
-[r] - - - -
-[e] 01000098 01ffffff 0
-[f] 010000a4 fffe8e93
-[d] 010000a0 13 1d 1d - 0 - ffffffff -
-[r] 1d - 00000000 -
-[e] 0100009c 02000000 0
-[w] 01000094 1 01 ffffffff
-[f] 010000a8 00900193
-[d] 010000a4 13 03 00 - 0 - 00000009 -
-[r] 00 - 7fffffff -
-[e] 010000a0 01ffffff 0
-[w] 01000098 1 1e 01ffffff
-[f] 010000ac 1fdf1c63
-[d] 010000a8 63 - 1e 1d 1 - 000001f8 -
-[r] 1e 1d 00000000 00000000
-[e] 010000a4 00000009 0
-[w] 0100009c 1 1d 02000000
-[f] 010000b0 fff00093
-[d] 010000ac 13 01 00 - 0 - ffffffff -
-[r] 00 - 01ffffff -
-[e] 010000a8 010002a0 0
-[w] 010000a0 1 1d 01ffffff
-[f] 010000b4 00e0df13
-[d] 010000b0 13 1e 01 - 5 - 0000000e -
-[r] 01 - 00000000 -
-[e] 010000ac ffffffff 0
-[w] 010000a4 1 03 00000009
-[f] 010000b8 00040eb7
-[d] 010000b4 37 1d - - - - 00040000 -
-[r] - - - -
-[e] 010000b0 0003ffff 0
-[f] 010000bc fffe8e93
-[d] 010000b8 13 1d 1d - 0 - ffffffff -
-[r] 1d - 00000000 -
-[e] 010000b4 00040000 0
-[w] 010000ac 1 01 ffffffff
-[f] 010000c0 00a00193
-[d] 010000bc 13 03 00 - 0 - 0000000a -
-[r] 00 - 01ffffff -
-[e] 010000b8 0003ffff 0
-[w] 010000b0 1 1e 0003ffff
-[f] 010000c4 1fdf1063
-[d] 010000c0 63 - 1e 1d 1 - 000001e0 -
-[r] 1e 1d 00000000 00000000
-[e] 010000bc 0000000a 0
-[w] 010000b4 1 1d 00040000
-[f] 010000c8 fff00093
-[d] 010000c4 13 01 00 - 0 - ffffffff -
-[r] 00 - 0003ffff -
-[e] 010000c0 010002a0 0
-[w] 010000b8 1 1d 0003ffff
-[f] 010000cc 01f0df13
-[d] 010000c8 13 1e 01 - 5 - 0000001f -
-[r] 01 - 00000000 -
-[e] 010000c4 ffffffff 0
-[w] 010000bc 1 03 0000000a
-[f] 010000d0 00100e93
-[d] 010000cc 13 1d 00 - 0 - 00000001 -
-[r] 00 - ffffffff -
-[e] 010000c8 00000001 0
-[f] 010000d4 00b00193
-[d] 010000d0 13 03 00 - 0 - 0000000b -
-[r] 00 - 00000000 -
-[e] 010000cc 00000001 0
-[w] 010000c4 1 01 ffffffff
-[f] 010000d8 1ddf1663
-[d] 010000d4 63 - 1e 1d 1 - 000001cc -
-[r] 1e 1d 00000000 00000000
-[e] 010000d0 0000000b 0
-[w] 010000c8 1 1e 00000001
-[f] 010000d8 1ddf1663
-[d] 010000d4 63 - 1e 1d 1 - 000001cc -
-[r] 1e 1d 0003ffff 0003ffff
-[e] 010000d4 0003ffff 0
-[w] 010000cc 1 1d 00000001
-[f] 010000d8 1ddf1663
-[d] 010000d4 63 - 1e 1d 1 - 000001cc -
-[r] 1e 1d 00000001 0003ffff
-[e] 010000d4 00000001 0
-[w] 010000d0 1 03 0000000b
-[f] 010000dc 212120b7
-[d] 010000d8 37 01 - - - - 21212000 -
-[r] - - - -
-[e] 010000d4 010002a0 0
-[f] 010000e0 12108093
-[d] 010000dc 13 01 01 - 0 - 00000121 -
-[r] 01 - 00000000 -
-[e] 010000d8 21212000 0
-[f] 010000e4 0000df13
-[d] 010000e0 13 1e 01 - 5 - 00000000 -
-[r] 01 - ffffffff -
-[e] 010000dc 21212121 0
-[f] 010000e8 21212eb7
-[d] 010000e4 37 1d - - - - 21212000 -
-[r] - - - -
-[e] 010000e0 21212121 1
-[w] 010000d8 1 01 21212000
-[f] 010000ec 121e8e93
-[d] 010000e8 13 1d 1d - 0 - 00000121 -
-[r] 1d - 00000000 -
-[e] 010000e4 21212000 0
-[w] 010000dc 1 01 21212121
-[f] 010000f0 00c00193
-[d] 010000ec 13 03 00 - 0 - 0000000c -
-[r] 00 - 00000001 -
-[e] 010000e8 21212121 0
-[w] 010000e0 1 1e 21212121
-[f] 010000f4 1bdf1863
-[d] 010000f0 63 - 1e 1d 1 - 000001b0 -
-[r] 1e 1d 00000000 00000000
-[e] 010000ec 0000000c 0
-[w] 010000e4 1 1d 21212000
-[f] 010000f8 212120b7
-[d] 010000f4 37 01 - - - - 21212000 -
-[r] - - - -
-[e] 010000f0 010002a0 0
-[w] 010000e8 1 1d 21212121
-[f] 010000fc 12108093
-[d] 010000f8 13 01 01 - 0 - 00000121 -
-[r] 01 - 00000000 -
-[e] 010000f4 21212000 0
-[w] 010000ec 1 03 0000000c
-[f] 01000100 0010df13
-[d] 010000fc 13 1e 01 - 5 - 00000001 -
-[r] 01 - 21212121 -
-[e] 010000f8 21212121 0
-[f] 01000104 10909eb7
-[d] 01000100 37 1d - - - - 10909000 -
-[r] - - - -
-[e] 010000fc 10909090 1
-[w] 010000f4 1 01 21212000
-[f] 01000108 090e8e93
-[d] 01000104 13 1d 1d - 0 - 00000090 -
-[r] 1d - 00000000 -
-[e] 01000100 10909000 0
-[w] 010000f8 1 01 21212121
-[f] 0100010c 00d00193
-[d] 01000108 13 03 00 - 0 - 0000000d -
-[r] 00 - 21212121 -
-[e] 01000104 10909090 0
-[w] 010000fc 1 1e 10909090
-[f] 01000110 19df1a63
-[d] 0100010c 63 - 1e 1d 1 - 00000194 -
-[r] 1e 1d 00000000 00000000
-[e] 01000108 0000000d 0
-[w] 01000100 1 1d 10909000
-[f] 01000114 212120b7
-[d] 01000110 37 01 - - - - 21212000 -
-[r] - - - -
-[e] 0100010c 010002a0 0
-[w] 01000104 1 1d 10909090
-[f] 01000118 12108093
-[d] 01000114 13 01 01 - 0 - 00000121 -
-[r] 01 - 00000000 -
-[e] 01000110 21212000 0
-[w] 01000108 1 03 0000000d
-[f] 0100011c 0070df13
-[d] 01000118 13 1e 01 - 5 - 00000007 -
-[r] 01 - 21212121 -
-[e] 01000114 21212121 0
-[f] 01000120 00424eb7
-[d] 0100011c 37 1d - - - - 00424000 -
-[r] - - - -
-[e] 01000118 00424242 1
-[w] 01000110 1 01 21212000
-[f] 01000124 242e8e93
-[d] 01000120 13 1d 1d - 0 - 00000242 -
-[r] 1d - 00000000 -
-[e] 0100011c 00424000 0
-[w] 01000114 1 01 21212121
-[f] 01000128 00e00193
-[d] 01000124 13 03 00 - 0 - 0000000e -
-[r] 00 - 10909090 -
-[e] 01000120 00424242 0
-[w] 01000118 1 1e 00424242
-[f] 0100012c 17df1c63
-[d] 01000128 63 - 1e 1d 1 - 00000178 -
-[r] 1e 1d 00000000 00000000
-[e] 01000124 0000000e 0
-[w] 0100011c 1 1d 00424000
-[f] 01000130 212120b7
-[d] 0100012c 37 01 - - - - 21212000 -
-[r] - - - -
-[e] 01000128 010002a0 0
-[w] 01000120 1 1d 00424242
-[f] 01000134 12108093
-[d] 01000130 13 01 01 - 0 - 00000121 -
-[r] 01 - 00000000 -
-[e] 0100012c 21212000 0
-[w] 01000124 1 03 0000000e
-[f] 01000138 00e0df13
-[d] 01000134 13 1e 01 - 5 - 0000000e -
-[r] 01 - 21212121 -
-[e] 01000130 21212121 0
-[f] 0100013c 00008eb7
-[d] 01000138 37 1d - - - - 00008000 -
-[r] - - - -
-[e] 01000134 00008484 1
-[w] 0100012c 1 01 21212000
-[f] 01000140 484e8e93
-[d] 0100013c 13 1d 1d - 0 - 00000484 -
-[r] 1d - 00000000 -
-[e] 01000138 00008000 0
-[w] 01000130 1 01 21212121
-[f] 01000144 00f00193
-[d] 01000140 13 03 00 - 0 - 0000000f -
-[r] 00 - 00424242 -
-[e] 0100013c 00008484 0
-[w] 01000134 1 1e 00008484
-[f] 01000148 15df1e63
-[d] 01000144 63 - 1e 1d 1 - 0000015c -
-[r] 1e 1d 00000000 00000000
-[e] 01000140 0000000f 0
-[w] 01000138 1 1d 00008000
-[f] 0100014c 212120b7
-[d] 01000148 37 01 - - - - 21212000 -
-[r] - - - -
-[e] 01000144 010002a0 0
-[w] 0100013c 1 1d 00008484
-[f] 01000150 12108093
-[d] 0100014c 13 01 01 - 0 - 00000121 -
-[r] 01 - 00000000 -
-[e] 01000148 21212000 0
-[w] 01000140 1 03 0000000f
-[f] 01000154 01f0df13
-[d] 01000150 13 1e 01 - 5 - 0000001f -
-[r] 01 - 21212121 -
-[e] 0100014c 21212121 0
-[f] 01000158 00000e93
-[d] 01000154 13 1d 00 - 0 - 00000000 -
-[r] 00 - 21212121 -
-[e] 01000150 00000000 1
-[w] 01000148 1 01 21212000
-[f] 0100015c 01000193
-[d] 01000158 13 03 00 - 0 - 00000010 -
-[r] 00 - 00000000 -
-[e] 01000154 00000000 0
-[w] 0100014c 1 01 21212121
-[f] 01000160 15df1263
-[d] 0100015c 63 - 1e 1d 1 - 00000144 -
-[r] 1e 1d 00000000 00000000
-[e] 01000158 00000010 0
-[w] 01000150 1 1e 00000000
-[f] 01000160 15df1263
-[d] 0100015c 63 - 1e 1d 1 - 00000144 -
-[r] 1e 1d 00008484 00008484
-[e] 0100015c 00008484 0
-[w] 01000154 1 1d 00000000
-[f] 01000160 15df1263
-[d] 0100015c 63 - 1e 1d 1 - 00000144 -
-[r] 1e 1d 00000000 00008484
-[e] 0100015c 00000000 0
-[w] 01000158 1 03 00000010
-[f] 01000164 800000b7
-[d] 01000160 37 01 - - - - 80000000 -
-[r] - - - -
-[e] 0100015c 010002a0 0
-[f] 01000168 0070d093
-[d] 01000164 13 01 01 - 5 - 00000007 -
-[r] 01 - 00000000 -
-[e] 01000160 80000000 0
-[f] 0100016c 01000eb7
-[d] 01000168 37 1d - - - - 01000000 -
-[r] - - - -
-[e] 01000164 01000000 0
-[f] 01000170 01100193
-[d] 0100016c 13 03 00 - 0 - 00000011 -
-[r] 00 - 00000000 -
-[e] 01000168 01000000 0
-[w] 01000160 1 01 80000000
-[f] 01000174 13d09863
-[d] 01000170 63 - 01 1d 1 - 00000130 -
-[r] 01 1d 00000000 00000000
-[e] 0100016c 00000011 0
-[w] 01000164 1 01 01000000
-[f] 01000174 13d09863
-[d] 01000170 63 - 01 1d 1 - 00000130 -
-[r] 01 1d 80000000 00000000
-[e] 01000170 80000000 0
-[w] 01000168 1 1d 01000000
-[f] 01000174 13d09863
-[d] 01000170 63 - 01 1d 1 - 00000130 -
-[r] 01 1d 01000000 00000000
-[e] 01000170 01000000 0
-[w] 0100016c 1 03 00000011
-[f] 01000178 00000213
-[d] 01000174 13 04 00 - 0 - 00000000 -
-[r] 00 - 01000000 -
-[e] 01000170 010002a0 0
-[f] 0100017c 800000b7
-[d] 01000178 37 01 - - - - 80000000 -
-[r] - - - -
-[e] 01000174 00000000 0
-[f] 01000180 0070df13
-[d] 0100017c 13 1e 01 - 5 - 00000007 -
-[r] 01 - 00000000 -
-[e] 01000178 80000000 0
-[f] 01000184 000f0313
-[d] 01000180 13 06 1e - 0 - 00000000 -
-[r] 1e - 01000000 -
-[e] 0100017c 01000000 0
-[w] 01000174 1 04 00000000
-[f] 01000188 00120213
-[d] 01000184 13 04 04 - 0 - 00000001 -
-[r] 04 - 00000000 -
-[e] 01000180 01000000 0
-[w] 01000178 1 01 80000000
-[f] 0100018c 00200293
-[d] 01000188 13 05 00 - 0 - 00000002 -
-[r] 00 - 00000000 -
-[e] 01000184 00000001 0
-[w] 0100017c 1 1e 01000000
-[f] 01000190 fe5216e3
-[d] 0100018c 63 - 04 05 1 - ffffffec -
-[r] 04 05 00000000 00000000
-[e] 01000188 00000002 0
-[w] 01000180 1 06 01000000
-[f] 01000194 01000eb7
-[d] 01000190 37 1d - - - - 01000000 -
-[r] - - - -
-[e] 0100018c 01000178 1
-[w] 01000184 1 04 00000001
-[f] 0100017c 800000b7
-[d] 01000178 37 01 - - - - 80000000 -
-[r] - - - -
-[f] 01000180 0070df13
-[d] 0100017c 13 1e 01 - 5 - 00000007 -
-[r] 01 - 00000000 -
-[e] 01000178 80000000 0
-[f] 01000184 000f0313
-[d] 01000180 13 06 1e - 0 - 00000000 -
-[r] 1e - 80000000 -
-[e] 0100017c 01000000 0
-[f] 01000188 00120213
-[d] 01000184 13 04 04 - 0 - 00000001 -
-[r] 04 - 01000000 -
-[e] 01000180 01000000 0
-[w] 01000178 1 01 80000000
-[f] 0100018c 00200293
-[d] 01000188 13 05 00 - 0 - 00000002 -
-[r] 00 - 00000001 -
-[e] 01000184 00000002 0
-[w] 0100017c 1 1e 01000000
-[f] 01000190 fe5216e3
-[d] 0100018c 63 - 04 05 1 - ffffffec -
-[r] 04 05 00000000 00000000
-[e] 01000188 00000002 0
-[w] 01000180 1 06 01000000
-[f] 01000194 01000eb7
-[d] 01000190 37 1d - - - - 01000000 -
-[r] - - - -
-[e] 0100018c 01000178 0
-[w] 01000184 1 04 00000002
-[f] 01000198 01200193
-[d] 01000194 13 03 00 - 0 - 00000012 -
-[r] 00 - 00000000 -
-[e] 01000190 01000000 0
-[w] 01000188 1 05 00000002
-[f] 0100019c 11d31463
-[d] 01000198 63 - 06 1d 1 - 00000108 -
-[r] 06 1d 00000000 00000000
-[e] 01000194 00000012 0
-[f] 010001a0 00000213
-[d] 0100019c 13 04 00 - 0 - 00000000 -
-[r] 00 - 01000000 -
-[e] 01000198 010002a0 0
-[w] 01000190 1 1d 01000000
-[f] 010001a4 800000b7
-[d] 010001a0 37 01 - - - - 80000000 -
-[r] - - - -
-[e] 0100019c 00000000 0
-[w] 01000194 1 03 00000012
-[f] 010001a8 00e0df13
-[d] 010001a4 13 1e 01 - 5 - 0000000e -
-[r] 01 - 00000000 -
-[e] 010001a0 80000000 0
-[f] 010001b0 000f0313
-[d] 010001ac 13 06 1e - 0 - 00000000 -
-[r] 1e - 00000000 -
-[w] 010001a0 1 01 80000000
-[f] 010001b4 00120213
-[d] 010001b0 13 04 04 - 0 - 00000001 -
-[r] 04 - 01000000 -
-[e] 010001ac 00020000 0
-[w] 010001a4 1 1e 00020000
-[f] 010001b8 00200293
-[d] 010001b4 13 05 00 - 0 - 00000002 -
-[r] 00 - 00000000 -
-[e] 010001b0 00000001 0
-[f] 010001bc fe5214e3
-[d] 010001b8 63 - 04 05 1 - ffffffe8 -
-[r] 04 05 00000000 00000000
-[e] 010001b4 00000002 0
-[w] 010001ac 1 06 00020000
-[f] 010001c0 00020eb7
-[d] 010001bc 37 1d - - - - 00020000 -
-[r] - - - -
-[e] 010001b8 010001a0 1
-[w] 010001b0 1 04 00000001
-[f] 010001a4 800000b7
-[d] 010001a0 37 01 - - - - 80000000 -
-[r] - - - -
-[f] 010001a8 00e0df13
-[d] 010001a4 13 1e 01 - 5 - 0000000e -
-[r] 01 - 00000000 -
-[e] 010001a0 80000000 0
-[f] 010001b0 000f0313
-[d] 010001ac 13 06 1e - 0 - 00000000 -
-[r] 1e - 00000000 -
-[w] 010001a0 1 01 80000000
-[f] 010001b4 00120213
-[d] 010001b0 13 04 04 - 0 - 00000001 -
-[r] 04 - 00020000 -
-[e] 010001ac 00020000 0
-[w] 010001a4 1 1e 00020000
-[f] 010001b8 00200293
-[d] 010001b4 13 05 00 - 0 - 00000002 -
-[r] 00 - 00000001 -
-[e] 010001b0 00000002 0
-[f] 010001bc fe5214e3
-[d] 010001b8 63 - 04 05 1 - ffffffe8 -
-[r] 04 05 00000000 00000000
-[e] 010001b4 00000002 0
-[w] 010001ac 1 06 00020000
-[f] 010001c0 00020eb7
-[d] 010001bc 37 1d - - - - 00020000 -
-[r] - - - -
-[e] 010001b8 010001a0 0
-[w] 010001b0 1 04 00000002
-[f] 010001c4 01300193
-[d] 010001c0 13 03 00 - 0 - 00000013 -
-[r] 00 - 00000000 -
-[e] 010001bc 00020000 0
-[w] 010001b4 1 05 00000002
-[f] 010001c8 0dd31e63
-[d] 010001c4 63 - 06 1d 1 - 000000dc -
-[r] 06 1d 00000000 00000000
-[e] 010001c0 00000013 0
-[f] 010001cc 00000213
-[d] 010001c8 13 04 00 - 0 - 00000000 -
-[r] 00 - 00020000 -
-[e] 010001c4 010002a0 0
-[w] 010001bc 1 1d 00020000
-[f] 010001d0 800000b7
-[d] 010001cc 37 01 - - - - 80000000 -
-[r] - - - -
-[e] 010001c8 00000000 0
-[w] 010001c0 1 03 00000013
-[f] 010001d4 00108093
-[d] 010001d0 13 01 01 - 0 - 00000001 -
-[r] 01 - 00000000 -
-[e] 010001cc 80000000 0
-[f] 010001d8 01f0df13
-[d] 010001d4 13 1e 01 - 5 - 0000001f -
-[r] 01 - 80000000 -
-[e] 010001d0 80000001 0
-[w] 010001c8 1 04 00000000
-[f] 010001e4 000f0313
-[d] 010001e0 13 06 1e - 0 - 00000000 -
-[r] 1e - 00000000 -
-[w] 010001d4 1 1e 00000001
-[f] 010001e4 000f0313
-[d] 010001e0 13 06 1e - 0 - 00000000 -
-[r] 1e - 00020000 -
-[e] 010001e0 00020000 0
-[f] 010001e8 00120213
-[d] 010001e4 13 04 04 - 0 - 00000001 -
-[r] 04 - 00000001 -
-[e] 010001e0 00000001 0
-[f] 010001ec 00200293
-[d] 010001e8 13 05 00 - 0 - 00000002 -
-[r] 00 - 00000000 -
-[e] 010001e4 00000001 0
-[f] 010001f0 fe5210e3
-[d] 010001ec 63 - 04 05 1 - ffffffe0 -
-[r] 04 05 00000000 00000000
-[e] 010001e8 00000002 0
-[w] 010001e0 1 06 00000001
-[f] 010001f4 00100e93
-[d] 010001f0 13 1d 00 - 0 - 00000001 -
-[r] 00 - 00000000 -
-[e] 010001ec 010001cc 1
-[w] 010001e4 1 04 00000001
-[f] 010001d0 800000b7
-[d] 010001cc 37 01 - - - - 80000000 -
-[r] - - - -
-[f] 010001d4 00108093
-[d] 010001d0 13 01 01 - 0 - 00000001 -
-[r] 01 - 00000000 -
-[e] 010001cc 80000000 0
-[f] 010001d8 01f0df13
-[d] 010001d4 13 1e 01 - 5 - 0000001f -
-[r] 01 - 80000001 -
-[e] 010001d0 80000001 0
-[f] 010001e4 000f0313
-[d] 010001e0 13 06 1e - 0 - 00000000 -
-[r] 1e - 00000000 -
-[w] 010001d4 1 1e 00000001
-[f] 010001e4 000f0313
-[d] 010001e0 13 06 1e - 0 - 00000000 -
-[r] 1e - 00000001 -
-[e] 010001e0 00000001 0
-[f] 010001e8 00120213
-[d] 010001e4 13 04 04 - 0 - 00000001 -
-[r] 04 - 00000001 -
-[e] 010001e0 00000001 0
-[f] 010001ec 00200293
-[d] 010001e8 13 05 00 - 0 - 00000002 -
-[r] 00 - 00000001 -
-[e] 010001e4 00000002 0
-[f] 010001f0 fe5210e3
-[d] 010001ec 63 - 04 05 1 - ffffffe0 -
-[r] 04 05 00000000 00000000
-[e] 010001e8 00000002 0
-[w] 010001e0 1 06 00000001
-[f] 010001f4 00100e93
-[d] 010001f0 13 1d 00 - 0 - 00000001 -
-[r] 00 - 00000001 -
-[e] 010001ec 010001cc 0
-[w] 010001e4 1 04 00000002
-[f] 010001f8 01400193
-[d] 010001f4 13 03 00 - 0 - 00000014 -
-[r] 00 - 00000000 -
-[e] 010001f0 00000001 0
-[w] 010001e8 1 05 00000002
-[f] 010001fc 0bd31463
-[d] 010001f8 63 - 06 1d 1 - 000000a8 -
-[r] 06 1d 00000000 00000000
-[e] 010001f4 00000014 0
-[f] 01000200 00000213
-[d] 010001fc 13 04 00 - 0 - 00000000 -
-[r] 00 - 00000001 -
-[e] 010001f8 010002a0 0
-[w] 010001f0 1 1d 00000001
-[f] 01000204 800000b7
-[d] 01000200 37 01 - - - - 80000000 -
-[r] - - - -
-[e] 010001fc 00000000 0
-[w] 010001f4 1 03 00000014
-[f] 01000208 0070df13
-[d] 01000204 13 1e 01 - 5 - 00000007 -
-[r] 01 - 00000000 -
-[e] 01000200 80000000 0
-[f] 0100020c 00120213
-[d] 01000208 13 04 04 - 0 - 00000001 -
-[r] 04 - 80000001 -
-[e] 01000204 01000000 0
-[w] 010001fc 1 04 00000000
-[f] 0100020c 00120213
-[d] 01000208 13 04 04 - 0 - 00000001 -
-[r] 04 - 00000002 -
-[e] 01000208 00000002 0
-[w] 01000200 1 01 80000000
-[f] 01000210 00200293
-[d] 0100020c 13 05 00 - 0 - 00000002 -
-[r] 00 - 00000000 -
-[e] 01000208 00000001 0
-[w] 01000204 1 1e 01000000
-[f] 01000214 fe5218e3
-[d] 01000210 63 - 04 05 1 - fffffff0 -
-[r] 04 05 00000000 00000000
-[e] 0100020c 00000002 0
-[f] 01000218 01000eb7
-[d] 01000214 37 1d - - - - 01000000 -
-[r] - - - -
-[e] 01000210 01000200 1
-[w] 01000208 1 04 00000001
-[f] 01000204 800000b7
-[d] 01000200 37 01 - - - - 80000000 -
-[r] - - - -
-[f] 01000208 0070df13
-[d] 01000204 13 1e 01 - 5 - 00000007 -
-[r] 01 - 00000000 -
-[e] 01000200 80000000 0
-[f] 0100020c 00120213
-[d] 01000208 13 04 04 - 0 - 00000001 -
-[r] 04 - 80000000 -
-[e] 01000204 01000000 0
-[f] 01000210 00200293
-[d] 0100020c 13 05 00 - 0 - 00000002 -
-[r] 00 - 00000001 -
-[e] 01000208 00000002 0
-[w] 01000200 1 01 80000000
-[f] 01000214 fe5218e3
-[d] 01000210 63 - 04 05 1 - fffffff0 -
-[r] 04 05 00000000 00000000
-[e] 0100020c 00000002 0
-[w] 01000204 1 1e 01000000
-[f] 01000218 01000eb7
-[d] 01000214 37 1d - - - - 01000000 -
-[r] - - - -
-[e] 01000210 01000200 0
-[w] 01000208 1 04 00000002
-[f] 0100021c 01500193
-[d] 01000218 13 03 00 - 0 - 00000015 -
-[r] 00 - 00000000 -
-[e] 01000214 01000000 0
-[w] 0100020c 1 05 00000002
-[f] 01000220 09df1263
-[d] 0100021c 63 - 1e 1d 1 - 00000084 -
-[r] 1e 1d 00000000 00000000
-[e] 01000218 00000015 0
-[f] 01000224 00000213
-[d] 01000220 13 04 00 - 0 - 00000000 -
-[r] 00 - 01000000 -
-[e] 0100021c 010002a0 0
-[w] 01000214 1 1d 01000000
-[f] 01000228 800000b7
-[d] 01000224 37 01 - - - - 80000000 -
-[r] - - - -
-[e] 01000220 00000000 0
-[w] 01000218 1 03 00000015
-[f] 01000230 00e0df13
-[d] 0100022c 13 1e 01 - 5 - 0000000e -
-[r] 01 - 00000000 -
-[w] 01000220 1 04 00000000
-[f] 01000234 00120213
-[d] 01000230 13 04 04 - 0 - 00000001 -
-[r] 04 - 80000000 -
-[e] 0100022c 00020000 0
-[w] 01000224 1 01 80000000
-[f] 01000238 00200293
-[d] 01000234 13 05 00 - 0 - 00000002 -
-[r] 00 - 00000000 -
-[e] 01000230 00000001 0
-[f] 0100023c fe5216e3
-[d] 01000238 63 - 04 05 1 - ffffffec -
-[r] 04 05 00000000 00000000
-[e] 01000234 00000002 0
-[w] 0100022c 1 1e 00020000
-[f] 01000240 00020eb7
-[d] 0100023c 37 1d - - - - 00020000 -
-[r] - - - -
-[e] 01000238 01000224 1
-[w] 01000230 1 04 00000001
-[f] 01000228 800000b7
-[d] 01000224 37 01 - - - - 80000000 -
-[r] - - - -
-[f] 01000230 00e0df13
-[d] 0100022c 13 1e 01 - 5 - 0000000e -
-[r] 01 - 00000000 -
-[f] 01000234 00120213
-[d] 01000230 13 04 04 - 0 - 00000001 -
-[r] 04 - 80000000 -
-[e] 0100022c 00020000 0
-[w] 01000224 1 01 80000000
-[f] 01000238 00200293
-[d] 01000234 13 05 00 - 0 - 00000002 -
-[r] 00 - 00000001 -
-[e] 01000230 00000002 0
-[f] 0100023c fe5216e3
-[d] 01000238 63 - 04 05 1 - ffffffec -
-[r] 04 05 00000000 00000000
-[e] 01000234 00000002 0
-[w] 0100022c 1 1e 00020000
-[f] 01000240 00020eb7
-[d] 0100023c 37 1d - - - - 00020000 -
-[r] - - - -
-[e] 01000238 01000224 0
-[w] 01000230 1 04 00000002
-[f] 01000244 01600193
-[d] 01000240 13 03 00 - 0 - 00000016 -
-[r] 00 - 00000000 -
-[e] 0100023c 00020000 0
-[w] 01000234 1 05 00000002
-[f] 01000248 05df1e63
-[d] 01000244 63 - 1e 1d 1 - 0000005c -
-[r] 1e 1d 00000000 00000000
-[e] 01000240 00000016 0
-[f] 0100024c 00000213
-[d] 01000248 13 04 00 - 0 - 00000000 -
-[r] 00 - 00020000 -
-[e] 01000244 010002a0 0
-[w] 0100023c 1 1d 00020000
-[f] 01000250 800000b7
-[d] 0100024c 37 01 - - - - 80000000 -
-[r] - - - -
-[e] 01000248 00000000 0
-[w] 01000240 1 03 00000016
-[f] 01000254 00108093
-[d] 01000250 13 01 01 - 0 - 00000001 -
-[r] 01 - 00000000 -
-[e] 0100024c 80000000 0
-[f] 01000260 01f0df13
-[d] 0100025c 13 1e 01 - 5 - 0000001f -
-[r] 01 - 00000000 -
-[w] 01000250 1 01 80000001
-[f] 01000260 01f0df13
-[d] 0100025c 13 1e 01 - 5 - 0000001f -
-[r] 01 - 80000000 -
-[e] 0100025c 80000000 0
-[f] 01000264 00120213
-[d] 01000260 13 04 04 - 0 - 00000001 -
-[r] 04 - 80000001 -
-[e] 0100025c 00000001 0
-[f] 01000268 00200293
-[d] 01000264 13 05 00 - 0 - 00000002 -
-[r] 00 - 00000000 -
-[e] 01000260 00000001 0
-[f] 0100026c fe5212e3
-[d] 01000268 63 - 04 05 1 - ffffffe4 -
-[r] 04 05 00000000 00000000
-[e] 01000264 00000002 0
-[w] 0100025c 1 1e 00000001
-[f] 01000270 00100e93
-[d] 0100026c 13 1d 00 - 0 - 00000001 -
-[r] 00 - 00000000 -
-[e] 01000268 0100024c 1
-[w] 01000260 1 04 00000001
-[f] 01000250 800000b7
-[d] 0100024c 37 01 - - - - 80000000 -
-[r] - - - -
-[f] 01000254 00108093
-[d] 01000250 13 01 01 - 0 - 00000001 -
-[r] 01 - 00000000 -
-[e] 0100024c 80000000 0
-[f] 01000260 01f0df13
-[d] 0100025c 13 1e 01 - 5 - 0000001f -
-[r] 01 - 00000000 -
-[w] 01000250 1 01 80000001
-[f] 01000260 01f0df13
-[d] 0100025c 13 1e 01 - 5 - 0000001f -
-[r] 01 - 80000000 -
-[e] 0100025c 80000000 0
-[f] 01000264 00120213
-[d] 01000260 13 04 04 - 0 - 00000001 -
-[r] 04 - 80000001 -
-[e] 0100025c 00000001 0
-[f] 01000268 00200293
-[d] 01000264 13 05 00 - 0 - 00000002 -
-[r] 00 - 00000001 -
-[e] 01000260 00000002 0
-[f] 0100026c fe5212e3
-[d] 01000268 63 - 04 05 1 - ffffffe4 -
-[r] 04 05 00000000 00000000
-[e] 01000264 00000002 0
-[w] 0100025c 1 1e 00000001
-[f] 01000270 00100e93
-[d] 0100026c 13 1d 00 - 0 - 00000001 -
-[r] 00 - 00000001 -
-[e] 01000268 0100024c 0
-[w] 01000260 1 04 00000002
-[f] 01000274 01700193
-[d] 01000270 13 03 00 - 0 - 00000017 -
-[r] 00 - 00000000 -
-[e] 0100026c 00000001 0
-[w] 01000264 1 05 00000002
-[f] 01000278 03df1663
-[d] 01000274 63 - 1e 1d 1 - 0000002c -
-[r] 1e 1d 00000000 00000000
-[e] 01000270 00000017 0
-[f] 0100027c 00405093
-[d] 01000278 13 01 00 - 5 - 00000004 -
-[r] 00 - 00000001 -
-[e] 01000274 010002a0 0
-[w] 0100026c 1 1d 00000001
-[f] 01000280 00000e93
-[d] 0100027c 13 1d 00 - 0 - 00000000 -
-[r] 00 - 00000000 -
-[e] 01000278 00000000 1
-[w] 01000270 1 03 00000017
-[f] 01000284 01800193
-[d] 01000280 13 03 00 - 0 - 00000018 -
-[r] 00 - 00000000 -
-[e] 0100027c 00000000 0
-[f] 01000288 01d09e63
-[d] 01000284 63 - 01 1d 1 - 0000001c -
-[r] 01 1d 00000000 00000000
-[e] 01000280 00000018 0
-[w] 01000278 1 01 00000000
-[f] 01000288 01d09e63
-[d] 01000284 63 - 01 1d 1 - 0000001c -
-[r] 01 1d 80000001 00000001
-[e] 01000284 80000001 0
-[w] 0100027c 1 1d 00000000
-[f] 01000288 01d09e63
-[d] 01000284 63 - 01 1d 1 - 0000001c -
-[r] 01 1d 00000000 00000001
-[e] 01000284 00000000 0
-[w] 01000280 1 03 00000018
-[f] 0100028c 02100093
-[d] 01000288 13 01 00 - 0 - 00000021 -
-[r] 00 - 00000000 -
-[e] 01000284 010002a0 0
-[f] 01000290 00a0d013
-[d] 0100028c 13 00 01 - 5 - 0000000a -
-[r] 01 - 00000000 -
-[e] 01000288 00000021 0
-[f] 01000294 00000e93
-[d] 01000290 13 1d 00 - 0 - 00000000 -
-[r] 00 - 00000000 -
-[e] 0100028c 00000000 1
-[f] 01000298 01900193
-[d] 01000294 13 03 00 - 0 - 00000019 -
-[r] 00 - 00000000 -
-[e] 01000290 00000000 0
-[w] 01000288 1 01 00000021
-[f] 0100029c 01d01463
-[d] 01000298 63 - 00 1d 1 - 00000008 -
-[r] 00 1d 00000000 00000000
-[e] 01000294 00000019 0
-[f] 010002a0 00301c63
-[d] 0100029c 63 - 00 03 1 - 00000018 -
-[r] 00 03 00000000 00000000
-[e] 01000298 010002a0 0
-[w] 01000290 1 1d 00000000
-[f] 010002bc 00100193
-[d] 010002b8 13 03 00 - 0 - 00000001 -
-[r] 00 - 00000000 -
-[e] 010002b4 00000000 0
+[e] 01000014 010002a4 1
+[f] 010002a8 00018063
+[d] 010002a4 37 1d - - - - 40000000 -
+[r] - - - -
+[f] 010002ac 00119193
+[d] 010002a8 63 - 03 00 0 - 00000000 -
+[r] 03 00 00000000 00000000
+[e] 010002a4 40000000 0
+[f] 010002b0 0011e193
+[d] 010002ac 13 03 03 - 1 - 00000000 -
+[r] 03 - 00000002 -
+[e] 010002a8 010002a8 1
