--- /tmp/tmp.Slr07BqIDv	2025-11-28 17:09:55.345382353 -0500
+++ /tmp/tmp.9J5R4npA6m	2025-11-28 17:09:55.354382394 -0500
@@ -1,1067 +1,79 @@
-[f] 01000004 00000093
-[d] 01000000 13 01 00 - 0 - 00000000 -
-[r] 00 - 00000000 -
 [f] 01000008 4000df13
-[d] 01000004 13 1e 01 - 5 - 00000000 -
-[r] 01 - 00000000 -
+[d] 01000004 13 01 00 - 0 - 00000000 -
+[r] 00 - 00000000 -
 [e] 01000000 00000000 0
 [f] 0100000c 00000e93
-[d] 01000008 13 1d 00 - 0 - 00000000 -
-[r] 00 - 00000000 -
-[e] 01000004 00000000 1
+[d] 01000008 13 1e 01 - 5 - 00000000 -
+[r] 01 - 00000000 -
+[e] 01000004 00000000 0
 [f] 01000010 00200193
-[d] 0100000c 13 03 00 - 0 - 00000002 -
+[d] 0100000c 13 1d 00 - 0 - 00000000 -
 [r] 00 - 00000000 -
 [e] 01000008 00000000 0
-[w] 01000000 1 01 00000000
 [f] 01000014 2bdf1463
-[d] 01000010 63 - 1e 1d 1 - 000002a8 -
-[r] 1e 1d 00000000 00000000
-[e] 0100000c 00000002 0
-[w] 01000004 1 1e 00000000
-[f] 01000014 2bdf1463
-[d] 01000010 63 - 1e 1d 1 - 000002a8 -
+[d] 01000010 13 03 00 - 0 - 00000002 -
+[r] 00 - 00000000 -
+[e] 0100000c 00000000 0
+[w] 01000004 1 01 00000000
+[f] 01000018 800000b7
+[d] 01000014 63 - 1e 1d 1 - 000002a8 -
 [r] 1e 1d 00000000 00000000
-[e] 01000010 00000000 0
-[w] 01000008 1 1d 00000000
-[f] 01000014 2bdf1463
-[d] 01000010 63 - 1e 1d 1 - 000002a8 -
+[e] 01000010 00000002 0
+[w] 01000008 1 1e 00000000
+[f] 01000018 800000b7
+[d] 01000014 63 - 1e 1d 1 - 000002a8 -
 [r] 1e 1d 00000000 00000000
-[e] 01000010 00000000 0
-[w] 0100000c 1 03 00000002
+[e] 01000014 00000000 0
+[w] 0100000c 1 1d 00000000
 [f] 01000018 800000b7
-[d] 01000014 37 01 - - - - 80000000 -
-[r] - - - -
-[e] 01000010 010002b8 0
+[d] 01000014 63 - 1e 1d 1 - 000002a8 -
+[r] 1e 1d 00000000 00000000
+[e] 01000014 00000000 0
+[w] 01000010 1 03 00000002
 [f] 0100001c 4010df13
-[d] 01000018 13 1e 01 - 5 - 00000001 -
-[r] 01 - 00000000 -
-[e] 01000014 80000000 0
-[f] 01000020 c0000eb7
-[d] 0100001c 37 1d - - - - c0000000 -
+[d] 01000018 37 01 - - - - 80000000 -
 [r] - - - -
-[e] 01000018 c0000000 0
+[e] 01000014 010002bc 0
+[f] 01000020 c0000eb7
+[d] 0100001c 13 1e 01 - 5 - 00000000 -
+[r] 01 - 00000000 -
+[e] 01000018 80000000 0
 [f] 01000024 00300193
-[d] 01000020 13 03 00 - 0 - 00000003 -
-[r] 00 - 00000000 -
-[e] 0100001c c0000000 0
-[w] 01000014 1 01 80000000
+[d] 01000020 37 1d - - - - c0000000 -
+[r] - - - -
+[e] 0100001c 80000000 0
 [f] 01000028 29df1a63
-[d] 01000024 63 - 1e 1d 1 - 00000294 -
+[d] 01000024 13 03 00 - 0 - 00000003 -
+[r] 00 - 00000000 -
+[e] 01000020 c0000000 0
+[w] 01000018 1 01 80000000
+[f] 0100002c 800000b7
+[d] 01000028 63 - 1e 1d 1 - 00000294 -
 [r] 1e 1d 00000000 00000000
-[e] 01000020 00000003 0
-[w] 01000018 1 1e c0000000
-[f] 01000028 29df1a63
-[d] 01000024 63 - 1e 1d 1 - 00000294 -
+[e] 01000024 00000003 0
+[w] 0100001c 1 1e 80000000
+[f] 0100002c 800000b7
+[d] 01000028 63 - 1e 1d 1 - 00000294 -
 [r] 1e 1d 00000000 00000000
-[e] 01000024 00000000 0
-[w] 0100001c 1 1d c0000000
-[f] 01000028 29df1a63
-[d] 01000024 63 - 1e 1d 1 - 00000294 -
-[r] 1e 1d c0000000 00000000
-[e] 01000024 c0000000 0
-[w] 01000020 1 03 00000003
+[e] 01000028 00000000 0
+[w] 01000020 1 1d c0000000
 [f] 0100002c 800000b7
-[d] 01000028 37 01 - - - - 80000000 -
-[r] - - - -
-[e] 01000024 010002b8 0
+[d] 01000028 63 - 1e 1d 1 - 00000294 -
+[r] 1e 1d 80000000 00000000
+[e] 01000028 00000000 0
+[w] 01000024 1 03 00000003
 [f] 01000030 4070df13
-[d] 0100002c 13 1e 01 - 5 - 00000007 -
-[r] 01 - 00000000 -
-[e] 01000028 80000000 0
-[f] 01000034 ff000eb7
-[d] 01000030 37 1d - - - - ff000000 -
-[r] - - - -
-[e] 0100002c ff000000 0
-[f] 01000038 00400193
-[d] 01000034 13 03 00 - 0 - 00000004 -
-[r] 00 - 00000000 -
-[e] 01000030 ff000000 0
-[w] 01000028 1 01 80000000
-[f] 0100003c 29df1063
-[d] 01000038 63 - 1e 1d 1 - 00000280 -
-[r] 1e 1d 00000000 00000000
-[e] 01000034 00000004 0
-[w] 0100002c 1 1e ff000000
-[f] 0100003c 29df1063
-[d] 01000038 63 - 1e 1d 1 - 00000280 -
-[r] 1e 1d c0000000 c0000000
-[e] 01000038 c0000000 0
-[w] 01000030 1 1d ff000000
-[f] 0100003c 29df1063
-[d] 01000038 63 - 1e 1d 1 - 00000280 -
-[r] 1e 1d ff000000 c0000000
-[e] 01000038 ff000000 0
-[w] 01000034 1 03 00000004
-[f] 01000040 800000b7
-[d] 0100003c 37 01 - - - - 80000000 -
-[r] - - - -
-[e] 01000038 010002b8 0
-[f] 01000044 40e0df13
-[d] 01000040 13 1e 01 - 5 - 0000000e -
-[r] 01 - 00000000 -
-[e] 0100003c 80000000 0
-[f] 01000048 fffe0eb7
-[d] 01000044 37 1d - - - - fffe0000 -
-[r] - - - -
-[e] 01000040 fffe0000 0
-[f] 0100004c 00500193
-[d] 01000048 13 03 00 - 0 - 00000005 -
-[r] 00 - 00000000 -
-[e] 01000044 fffe0000 0
-[w] 0100003c 1 01 80000000
-[f] 01000050 27df1663
-[d] 0100004c 63 - 1e 1d 1 - 0000026c -
-[r] 1e 1d 00000000 00000000
-[e] 01000048 00000005 0
-[w] 01000040 1 1e fffe0000
-[f] 01000050 27df1663
-[d] 0100004c 63 - 1e 1d 1 - 0000026c -
-[r] 1e 1d ff000000 ff000000
-[e] 0100004c ff000000 0
-[w] 01000044 1 1d fffe0000
-[f] 01000050 27df1663
-[d] 0100004c 63 - 1e 1d 1 - 0000026c -
-[r] 1e 1d fffe0000 ff000000
-[e] 0100004c fffe0000 0
-[w] 01000048 1 03 00000005
-[f] 01000054 800000b7
-[d] 01000050 37 01 - - - - 80000000 -
-[r] - - - -
-[e] 0100004c 010002b8 0
-[f] 01000058 00108093
-[d] 01000054 13 01 01 - 0 - 00000001 -
-[r] 01 - 00000000 -
-[e] 01000050 80000000 0
-[f] 0100005c 41f0df13
-[d] 01000058 13 1e 01 - 5 - 0000001f -
-[r] 01 - 80000000 -
-[e] 01000054 80000001 0
-[f] 01000060 fff00e93
-[d] 0100005c 13 1d 00 - 0 - ffffffff -
-[r] 00 - 80000000 -
-[e] 01000058 ffffffff 0
-[w] 01000050 1 01 80000000
-[f] 01000064 00600193
-[d] 01000060 13 03 00 - 0 - 00000006 -
-[r] 00 - 00000000 -
-[e] 0100005c ffffffff 0
-[w] 01000054 1 01 80000001
-[f] 01000068 25df1a63
-[d] 01000064 63 - 1e 1d 1 - 00000254 -
-[r] 1e 1d 00000000 00000000
-[e] 01000060 00000006 0
-[w] 01000058 1 1e ffffffff
-[f] 01000068 25df1a63
-[d] 01000064 63 - 1e 1d 1 - 00000254 -
-[r] 1e 1d fffe0000 fffe0000
-[e] 01000064 fffe0000 0
-[w] 0100005c 1 1d ffffffff
-[f] 01000068 25df1a63
-[d] 01000064 63 - 1e 1d 1 - 00000254 -
-[r] 1e 1d ffffffff fffe0000
-[e] 01000064 ffffffff 0
-[w] 01000060 1 03 00000006
-[f] 0100006c 800000b7
-[d] 01000068 37 01 - - - - 80000000 -
-[r] - - - -
-[e] 01000064 010002b8 0
-[f] 01000070 fff08093
-[d] 0100006c 13 01 01 - 0 - ffffffff -
-[r] 01 - 00000000 -
-[e] 01000068 80000000 0
-[f] 01000074 4000df13
-[d] 01000070 13 1e 01 - 5 - 00000000 -
-[r] 01 - 80000001 -
-[e] 0100006c 7fffffff 0
-[f] 01000078 80000eb7
-[d] 01000074 37 1d - - - - 80000000 -
-[r] - - - -
-[e] 01000070 7fffffff 1
-[w] 01000068 1 01 80000000
-[f] 0100007c fffe8e93
-[d] 01000078 13 1d 1d - 0 - ffffffff -
-[r] 1d - 00000000 -
-[e] 01000074 80000000 0
-[w] 0100006c 1 01 7fffffff
-[f] 01000080 00700193
-[d] 0100007c 13 03 00 - 0 - 00000007 -
-[r] 00 - ffffffff -
-[e] 01000078 7fffffff 0
-[w] 01000070 1 1e 7fffffff
-[f] 01000084 23df1c63
-[d] 01000080 63 - 1e 1d 1 - 00000238 -
-[r] 1e 1d 00000000 00000000
-[e] 0100007c 00000007 0
-[w] 01000074 1 1d 80000000
-[f] 01000088 800000b7
-[d] 01000084 37 01 - - - - 80000000 -
-[r] - - - -
-[e] 01000080 010002b8 0
-[w] 01000078 1 1d 7fffffff
-[f] 0100008c fff08093
-[d] 01000088 13 01 01 - 0 - ffffffff -
-[r] 01 - 00000000 -
-[e] 01000084 80000000 0
-[w] 0100007c 1 03 00000007
-[f] 01000090 4010df13
-[d] 0100008c 13 1e 01 - 5 - 00000001 -
-[r] 01 - 7fffffff -
-[e] 01000088 7fffffff 0
-[f] 01000094 40000eb7
-[d] 01000090 37 1d - - - - 40000000 -
-[r] - - - -
-[e] 0100008c 3fffffff 1
-[w] 01000084 1 01 80000000
-[f] 01000098 fffe8e93
-[d] 01000094 13 1d 1d - 0 - ffffffff -
-[r] 1d - 00000000 -
-[e] 01000090 40000000 0
-[w] 01000088 1 01 7fffffff
-[f] 0100009c 00800193
-[d] 01000098 13 03 00 - 0 - 00000008 -
-[r] 00 - 7fffffff -
-[e] 01000094 3fffffff 0
-[w] 0100008c 1 1e 3fffffff
-[f] 010000a0 21df1e63
-[d] 0100009c 63 - 1e 1d 1 - 0000021c -
-[r] 1e 1d 00000000 00000000
-[e] 01000098 00000008 0
-[w] 01000090 1 1d 40000000
-[f] 010000a4 800000b7
-[d] 010000a0 37 01 - - - - 80000000 -
-[r] - - - -
-[e] 0100009c 010002b8 0
-[w] 01000094 1 1d 3fffffff
-[f] 010000a8 fff08093
-[d] 010000a4 13 01 01 - 0 - ffffffff -
-[r] 01 - 00000000 -
-[e] 010000a0 80000000 0
-[w] 01000098 1 03 00000008
-[f] 010000ac 4070df13
-[d] 010000a8 13 1e 01 - 5 - 00000007 -
-[r] 01 - 7fffffff -
-[e] 010000a4 7fffffff 0
-[f] 010000b0 01000eb7
-[d] 010000ac 37 1d - - - - 01000000 -
-[r] - - - -
-[e] 010000a8 00ffffff 1
-[w] 010000a0 1 01 80000000
-[f] 010000b4 fffe8e93
-[d] 010000b0 13 1d 1d - 0 - ffffffff -
-[r] 1d - 00000000 -
-[e] 010000ac 01000000 0
-[w] 010000a4 1 01 7fffffff
-[f] 010000b8 00900193
-[d] 010000b4 13 03 00 - 0 - 00000009 -
-[r] 00 - 3fffffff -
-[e] 010000b0 00ffffff 0
-[w] 010000a8 1 1e 00ffffff
-[f] 010000bc 21df1063
-[d] 010000b8 63 - 1e 1d 1 - 00000200 -
-[r] 1e 1d 00000000 00000000
-[e] 010000b4 00000009 0
-[w] 010000ac 1 1d 01000000
-[f] 010000c0 800000b7
-[d] 010000bc 37 01 - - - - 80000000 -
-[r] - - - -
-[e] 010000b8 010002b8 0
-[w] 010000b0 1 1d 00ffffff
-[f] 010000c4 fff08093
-[d] 010000c0 13 01 01 - 0 - ffffffff -
-[r] 01 - 00000000 -
-[e] 010000bc 80000000 0
-[w] 010000b4 1 03 00000009
-[f] 010000c8 40e0df13
-[d] 010000c4 13 1e 01 - 5 - 0000000e -
-[r] 01 - 7fffffff -
-[e] 010000c0 7fffffff 0
-[f] 010000cc 00020eb7
-[d] 010000c8 37 1d - - - - 00020000 -
-[r] - - - -
-[e] 010000c4 0001ffff 1
-[w] 010000bc 1 01 80000000
-[f] 010000d0 fffe8e93
-[d] 010000cc 13 1d 1d - 0 - ffffffff -
-[r] 1d - 00000000 -
-[e] 010000c8 00020000 0
-[w] 010000c0 1 01 7fffffff
-[f] 010000d4 00a00193
-[d] 010000d0 13 03 00 - 0 - 0000000a -
-[r] 00 - 00ffffff -
-[e] 010000cc 0001ffff 0
-[w] 010000c4 1 1e 0001ffff
-[f] 010000d8 1fdf1263
-[d] 010000d4 63 - 1e 1d 1 - 000001e4 -
-[r] 1e 1d 00000000 00000000
-[e] 010000d0 0000000a 0
-[w] 010000c8 1 1d 00020000
-[f] 010000dc 800000b7
-[d] 010000d8 37 01 - - - - 80000000 -
-[r] - - - -
-[e] 010000d4 010002b8 0
-[w] 010000cc 1 1d 0001ffff
-[f] 010000e0 fff08093
-[d] 010000dc 13 01 01 - 0 - ffffffff -
-[r] 01 - 00000000 -
-[e] 010000d8 80000000 0
-[w] 010000d0 1 03 0000000a
-[f] 010000e4 41f0df13
-[d] 010000e0 13 1e 01 - 5 - 0000001f -
-[r] 01 - 7fffffff -
-[e] 010000dc 7fffffff 0
-[f] 010000e8 00000e93
-[d] 010000e4 13 1d 00 - 0 - 00000000 -
-[r] 00 - 7fffffff -
-[e] 010000e0 00000000 1
-[w] 010000d8 1 01 80000000
-[f] 010000ec 00b00193
-[d] 010000e8 13 03 00 - 0 - 0000000b -
-[r] 00 - 00000000 -
-[e] 010000e4 00000000 0
-[w] 010000dc 1 01 7fffffff
-[f] 010000f0 1ddf1663
-[d] 010000ec 63 - 1e 1d 1 - 000001cc -
-[r] 1e 1d 00000000 00000000
-[e] 010000e8 0000000b 0
-[w] 010000e0 1 1e 00000000
-[f] 010000f0 1ddf1663
-[d] 010000ec 63 - 1e 1d 1 - 000001cc -
-[r] 1e 1d 0001ffff 0001ffff
-[e] 010000ec 0001ffff 0
-[w] 010000e4 1 1d 00000000
-[f] 010000f0 1ddf1663
-[d] 010000ec 63 - 1e 1d 1 - 000001cc -
-[r] 1e 1d 00000000 0001ffff
-[e] 010000ec 00000000 0
-[w] 010000e8 1 03 0000000b
-[f] 010000f4 818180b7
-[d] 010000f0 37 01 - - - - 81818000 -
-[r] - - - -
-[e] 010000ec 010002b8 0
-[f] 010000f8 18108093
-[d] 010000f4 13 01 01 - 0 - 00000181 -
-[r] 01 - 00000000 -
-[e] 010000f0 81818000 0
-[f] 010000fc 4000df13
-[d] 010000f8 13 1e 01 - 5 - 00000000 -
-[r] 01 - 7fffffff -
-[e] 010000f4 81818181 0
-[f] 01000100 81818eb7
-[d] 010000fc 37 1d - - - - 81818000 -
-[r] - - - -
-[e] 010000f8 81818181 0
-[w] 010000f0 1 01 81818000
-[f] 01000104 181e8e93
-[d] 01000100 13 1d 1d - 0 - 00000181 -
-[r] 1d - 00000000 -
-[e] 010000fc 81818000 0
-[w] 010000f4 1 01 81818181
-[f] 01000108 00c00193
-[d] 01000104 13 03 00 - 0 - 0000000c -
-[r] 00 - 00000000 -
-[e] 01000100 81818181 0
-[w] 010000f8 1 1e 81818181
-[f] 0100010c 1bdf1863
-[d] 01000108 63 - 1e 1d 1 - 000001b0 -
-[r] 1e 1d 00000000 00000000
-[e] 01000104 0000000c 0
-[w] 010000fc 1 1d 81818000
-[f] 01000110 818180b7
-[d] 0100010c 37 01 - - - - 81818000 -
-[r] - - - -
-[e] 01000108 010002b8 0
-[w] 01000100 1 1d 81818181
-[f] 01000114 18108093
-[d] 01000110 13 01 01 - 0 - 00000181 -
-[r] 01 - 00000000 -
-[e] 0100010c 81818000 0
-[w] 01000104 1 03 0000000c
-[f] 01000118 4010df13
-[d] 01000114 13 1e 01 - 5 - 00000001 -
-[r] 01 - 81818181 -
-[e] 01000110 81818181 0
-[f] 0100011c c0c0ceb7
-[d] 01000118 37 1d - - - - c0c0c000 -
-[r] - - - -
-[e] 01000114 c0c0c0c0 0
-[w] 0100010c 1 01 81818000
-[f] 01000120 0c0e8e93
-[d] 0100011c 13 1d 1d - 0 - 000000c0 -
-[r] 1d - 00000000 -
-[e] 01000118 c0c0c000 0
-[w] 01000110 1 01 81818181
-[f] 01000124 00d00193
-[d] 01000120 13 03 00 - 0 - 0000000d -
-[r] 00 - 81818181 -
-[e] 0100011c c0c0c0c0 0
-[w] 01000114 1 1e c0c0c0c0
-[f] 01000128 19df1a63
-[d] 01000124 63 - 1e 1d 1 - 00000194 -
-[r] 1e 1d 00000000 00000000
-[e] 01000120 0000000d 0
-[w] 01000118 1 1d c0c0c000
-[f] 0100012c 818180b7
-[d] 01000128 37 01 - - - - 81818000 -
-[r] - - - -
-[e] 01000124 010002b8 0
-[w] 0100011c 1 1d c0c0c0c0
-[f] 01000130 18108093
-[d] 0100012c 13 01 01 - 0 - 00000181 -
-[r] 01 - 00000000 -
-[e] 01000128 81818000 0
-[w] 01000120 1 03 0000000d
-[f] 01000134 4070df13
-[d] 01000130 13 1e 01 - 5 - 00000007 -
-[r] 01 - 81818181 -
-[e] 0100012c 81818181 0
-[f] 01000138 ff030eb7
-[d] 01000134 37 1d - - - - ff030000 -
-[r] - - - -
-[e] 01000130 ff030303 0
-[w] 01000128 1 01 81818000
-[f] 0100013c 303e8e93
-[d] 01000138 13 1d 1d - 0 - 00000303 -
-[r] 1d - 00000000 -
-[e] 01000134 ff030000 0
-[w] 0100012c 1 01 81818181
-[f] 01000140 00e00193
-[d] 0100013c 13 03 00 - 0 - 0000000e -
-[r] 00 - c0c0c0c0 -
-[e] 01000138 ff030303 0
-[w] 01000130 1 1e ff030303
-[f] 01000144 17df1c63
-[d] 01000140 63 - 1e 1d 1 - 00000178 -
-[r] 1e 1d 00000000 00000000
-[e] 0100013c 0000000e 0
-[w] 01000134 1 1d ff030000
-[f] 01000148 818180b7
-[d] 01000144 37 01 - - - - 81818000 -
-[r] - - - -
-[e] 01000140 010002b8 0
-[w] 01000138 1 1d ff030303
-[f] 0100014c 18108093
-[d] 01000148 13 01 01 - 0 - 00000181 -
-[r] 01 - 00000000 -
-[e] 01000144 81818000 0
-[w] 0100013c 1 03 0000000e
-[f] 01000150 40e0df13
-[d] 0100014c 13 1e 01 - 5 - 0000000e -
-[r] 01 - 81818181 -
-[e] 01000148 81818181 0
-[f] 01000154 fffe0eb7
-[d] 01000150 37 1d - - - - fffe0000 -
-[r] - - - -
-[e] 0100014c fffe0606 0
-[w] 01000144 1 01 81818000
-[f] 01000158 606e8e93
-[d] 01000154 13 1d 1d - 0 - 00000606 -
-[r] 1d - 00000000 -
-[e] 01000150 fffe0000 0
-[w] 01000148 1 01 81818181
-[f] 0100015c 00f00193
-[d] 01000158 13 03 00 - 0 - 0000000f -
-[r] 00 - ff030303 -
-[e] 01000154 fffe0606 0
-[w] 0100014c 1 1e fffe0606
-[f] 01000160 15df1e63
-[d] 0100015c 63 - 1e 1d 1 - 0000015c -
-[r] 1e 1d 00000000 00000000
-[e] 01000158 0000000f 0
-[w] 01000150 1 1d fffe0000
-[f] 01000164 818180b7
-[d] 01000160 37 01 - - - - 81818000 -
-[r] - - - -
-[e] 0100015c 010002b8 0
-[w] 01000154 1 1d fffe0606
-[f] 01000168 18108093
-[d] 01000164 13 01 01 - 0 - 00000181 -
-[r] 01 - 00000000 -
-[e] 01000160 81818000 0
-[w] 01000158 1 03 0000000f
-[f] 0100016c 41f0df13
-[d] 01000168 13 1e 01 - 5 - 0000001f -
-[r] 01 - 81818181 -
-[e] 01000164 81818181 0
-[f] 01000170 fff00e93
-[d] 0100016c 13 1d 00 - 0 - ffffffff -
-[r] 00 - 81818181 -
-[e] 01000168 ffffffff 0
-[w] 01000160 1 01 81818000
-[f] 01000174 01000193
-[d] 01000170 13 03 00 - 0 - 00000010 -
-[r] 00 - 00000000 -
-[e] 0100016c ffffffff 0
-[w] 01000164 1 01 81818181
-[f] 01000178 15df1263
-[d] 01000174 63 - 1e 1d 1 - 00000144 -
-[r] 1e 1d 00000000 00000000
-[e] 01000170 00000010 0
-[w] 01000168 1 1e ffffffff
-[f] 01000178 15df1263
-[d] 01000174 63 - 1e 1d 1 - 00000144 -
-[r] 1e 1d fffe0606 fffe0606
-[e] 01000174 fffe0606 0
-[w] 0100016c 1 1d ffffffff
-[f] 01000178 15df1263
-[d] 01000174 63 - 1e 1d 1 - 00000144 -
-[r] 1e 1d ffffffff fffe0606
-[e] 01000174 ffffffff 0
-[w] 01000170 1 03 00000010
-[f] 0100017c 800000b7
-[d] 01000178 37 01 - - - - 80000000 -
-[r] - - - -
-[e] 01000174 010002b8 0
-[f] 01000180 4070d093
-[d] 0100017c 13 01 01 - 5 - 00000007 -
-[r] 01 - 00000000 -
-[e] 01000178 80000000 0
-[f] 01000184 ff000eb7
-[d] 01000180 37 1d - - - - ff000000 -
-[r] - - - -
-[e] 0100017c ff000000 0
-[f] 01000188 01100193
-[d] 01000184 13 03 00 - 0 - 00000011 -
-[r] 00 - 00000000 -
-[e] 01000180 ff000000 0
-[w] 01000178 1 01 80000000
-[f] 0100018c 13d09863
-[d] 01000188 63 - 01 1d 1 - 00000130 -
-[r] 01 1d 00000000 00000000
-[e] 01000184 00000011 0
-[w] 0100017c 1 01 ff000000
-[f] 0100018c 13d09863
-[d] 01000188 63 - 01 1d 1 - 00000130 -
-[r] 01 1d 80000000 ffffffff
-[e] 01000188 80000000 0
-[w] 01000180 1 1d ff000000
-[f] 0100018c 13d09863
-[d] 01000188 63 - 01 1d 1 - 00000130 -
-[r] 01 1d ff000000 ffffffff
-[e] 01000188 ff000000 0
-[w] 01000184 1 03 00000011
-[f] 01000190 00000213
-[d] 0100018c 13 04 00 - 0 - 00000000 -
-[r] 00 - ff000000 -
-[e] 01000188 010002b8 0
-[f] 01000194 800000b7
-[d] 01000190 37 01 - - - - 80000000 -
-[r] - - - -
-[e] 0100018c 00000000 0
-[f] 01000198 4070df13
-[d] 01000194 13 1e 01 - 5 - 00000007 -
-[r] 01 - 00000000 -
-[e] 01000190 80000000 0
-[f] 0100019c 000f0313
-[d] 01000198 13 06 1e - 0 - 00000000 -
-[r] 1e - ff000000 -
-[e] 01000194 ff000000 0
-[w] 0100018c 1 04 00000000
-[f] 010001a0 00120213
-[d] 0100019c 13 04 04 - 0 - 00000001 -
-[r] 04 - ffffffff -
-[e] 01000198 ff000000 0
-[w] 01000190 1 01 80000000
-[f] 010001a4 00200293
-[d] 010001a0 13 05 00 - 0 - 00000002 -
-[r] 00 - 00000000 -
-[e] 0100019c 00000001 0
-[w] 01000194 1 1e ff000000
-[f] 010001a8 fe5216e3
-[d] 010001a4 63 - 04 05 1 - ffffffec -
-[r] 04 05 00000000 00000000
-[e] 010001a0 00000002 0
-[w] 01000198 1 06 ff000000
-[f] 010001ac ff000eb7
-[d] 010001a8 37 1d - - - - ff000000 -
-[r] - - - -
-[e] 010001a4 01000190 1
-[w] 0100019c 1 04 00000001
-[f] 01000194 800000b7
-[d] 01000190 37 01 - - - - 80000000 -
-[r] - - - -
-[f] 01000198 4070df13
-[d] 01000194 13 1e 01 - 5 - 00000007 -
-[r] 01 - 00000000 -
-[e] 01000190 80000000 0
-[f] 0100019c 000f0313
-[d] 01000198 13 06 1e - 0 - 00000000 -
-[r] 1e - 80000000 -
-[e] 01000194 ff000000 0
-[f] 010001a0 00120213
-[d] 0100019c 13 04 04 - 0 - 00000001 -
-[r] 04 - ff000000 -
-[e] 01000198 ff000000 0
-[w] 01000190 1 01 80000000
-[f] 010001a4 00200293
-[d] 010001a0 13 05 00 - 0 - 00000002 -
-[r] 00 - 00000001 -
-[e] 0100019c 00000002 0
-[w] 01000194 1 1e ff000000
-[f] 010001a8 fe5216e3
-[d] 010001a4 63 - 04 05 1 - ffffffec -
-[r] 04 05 00000000 00000000
-[e] 010001a0 00000002 0
-[w] 01000198 1 06 ff000000
-[f] 010001ac ff000eb7
-[d] 010001a8 37 1d - - - - ff000000 -
-[r] - - - -
-[e] 010001a4 01000190 0
-[w] 0100019c 1 04 00000002
-[f] 010001b0 01200193
-[d] 010001ac 13 03 00 - 0 - 00000012 -
-[r] 00 - 00000000 -
-[e] 010001a8 ff000000 0
-[w] 010001a0 1 05 00000002
-[f] 010001b4 11d31463
-[d] 010001b0 63 - 06 1d 1 - 00000108 -
-[r] 06 1d 00000000 00000000
-[e] 010001ac 00000012 0
-[f] 010001b8 00000213
-[d] 010001b4 13 04 00 - 0 - 00000000 -
-[r] 00 - ff000000 -
-[e] 010001b0 010002b8 0
-[w] 010001a8 1 1d ff000000
-[f] 010001bc 800000b7
-[d] 010001b8 37 01 - - - - 80000000 -
-[r] - - - -
-[e] 010001b4 00000000 0
-[w] 010001ac 1 03 00000012
-[f] 010001c0 40e0df13
-[d] 010001bc 13 1e 01 - 5 - 0000000e -
-[r] 01 - 00000000 -
-[e] 010001b8 80000000 0
-[f] 010001c8 000f0313
-[d] 010001c4 13 06 1e - 0 - 00000000 -
-[r] 1e - 00000000 -
-[w] 010001b8 1 01 80000000
-[f] 010001cc 00120213
-[d] 010001c8 13 04 04 - 0 - 00000001 -
-[r] 04 - ff000000 -
-[e] 010001c4 fffe0000 0
-[w] 010001bc 1 1e fffe0000
-[f] 010001d0 00200293
-[d] 010001cc 13 05 00 - 0 - 00000002 -
-[r] 00 - 00000000 -
-[e] 010001c8 00000001 0
-[f] 010001d4 fe5214e3
-[d] 010001d0 63 - 04 05 1 - ffffffe8 -
-[r] 04 05 00000000 00000000
-[e] 010001cc 00000002 0
-[w] 010001c4 1 06 fffe0000
-[f] 010001d8 fffe0eb7
-[d] 010001d4 37 1d - - - - fffe0000 -
-[r] - - - -
-[e] 010001d0 010001b8 1
-[w] 010001c8 1 04 00000001
-[f] 010001bc 800000b7
-[d] 010001b8 37 01 - - - - 80000000 -
-[r] - - - -
-[f] 010001c0 40e0df13
-[d] 010001bc 13 1e 01 - 5 - 0000000e -
-[r] 01 - 00000000 -
-[e] 010001b8 80000000 0
-[f] 010001c8 000f0313
-[d] 010001c4 13 06 1e - 0 - 00000000 -
-[r] 1e - 00000000 -
-[w] 010001b8 1 01 80000000
-[f] 010001cc 00120213
-[d] 010001c8 13 04 04 - 0 - 00000001 -
-[r] 04 - fffe0000 -
-[e] 010001c4 fffe0000 0
-[w] 010001bc 1 1e fffe0000
-[f] 010001d0 00200293
-[d] 010001cc 13 05 00 - 0 - 00000002 -
-[r] 00 - 00000001 -
-[e] 010001c8 00000002 0
-[f] 010001d4 fe5214e3
-[d] 010001d0 63 - 04 05 1 - ffffffe8 -
-[r] 04 05 00000000 00000000
-[e] 010001cc 00000002 0
-[w] 010001c4 1 06 fffe0000
-[f] 010001d8 fffe0eb7
-[d] 010001d4 37 1d - - - - fffe0000 -
-[r] - - - -
-[e] 010001d0 010001b8 0
-[w] 010001c8 1 04 00000002
-[f] 010001dc 01300193
-[d] 010001d8 13 03 00 - 0 - 00000013 -
-[r] 00 - 00000000 -
-[e] 010001d4 fffe0000 0
-[w] 010001cc 1 05 00000002
-[f] 010001e0 0dd31e63
-[d] 010001dc 63 - 06 1d 1 - 000000dc -
-[r] 06 1d 00000000 00000000
-[e] 010001d8 00000013 0
-[f] 010001e4 00000213
-[d] 010001e0 13 04 00 - 0 - 00000000 -
-[r] 00 - fffe0000 -
-[e] 010001dc 010002b8 0
-[w] 010001d4 1 1d fffe0000
-[f] 010001e8 800000b7
-[d] 010001e4 37 01 - - - - 80000000 -
-[r] - - - -
-[e] 010001e0 00000000 0
-[w] 010001d8 1 03 00000013
-[f] 010001ec 00108093
-[d] 010001e8 13 01 01 - 0 - 00000001 -
-[r] 01 - 00000000 -
-[e] 010001e4 80000000 0
-[f] 010001f0 41f0df13
-[d] 010001ec 13 1e 01 - 5 - 0000001f -
-[r] 01 - 80000000 -
-[e] 010001e8 80000001 0
-[w] 010001e0 1 04 00000000
-[f] 010001fc 000f0313
-[d] 010001f8 13 06 1e - 0 - 00000000 -
-[r] 1e - 00000000 -
-[w] 010001ec 1 1e ffffffff
-[f] 010001fc 000f0313
-[d] 010001f8 13 06 1e - 0 - 00000000 -
-[r] 1e - fffe0000 -
-[e] 010001f8 fffe0000 0
-[f] 01000200 00120213
-[d] 010001fc 13 04 04 - 0 - 00000001 -
-[r] 04 - ffffffff -
-[e] 010001f8 ffffffff 0
-[f] 01000204 00200293
-[d] 01000200 13 05 00 - 0 - 00000002 -
-[r] 00 - 00000000 -
-[e] 010001fc 00000001 0
-[f] 01000208 fe5210e3
-[d] 01000204 63 - 04 05 1 - ffffffe0 -
-[r] 04 05 00000000 00000000
-[e] 01000200 00000002 0
-[w] 010001f8 1 06 ffffffff
-[f] 0100020c fff00e93
-[d] 01000208 13 1d 00 - 0 - ffffffff -
-[r] 00 - 00000000 -
-[e] 01000204 010001e4 1
-[w] 010001fc 1 04 00000001
-[f] 010001e8 800000b7
-[d] 010001e4 37 01 - - - - 80000000 -
-[r] - - - -
-[f] 010001ec 00108093
-[d] 010001e8 13 01 01 - 0 - 00000001 -
-[r] 01 - 00000000 -
-[e] 010001e4 80000000 0
-[f] 010001f0 41f0df13
-[d] 010001ec 13 1e 01 - 5 - 0000001f -
-[r] 01 - 80000001 -
-[e] 010001e8 80000001 0
-[f] 010001fc 000f0313
-[d] 010001f8 13 06 1e - 0 - 00000000 -
-[r] 1e - 00000000 -
-[w] 010001ec 1 1e ffffffff
-[f] 010001fc 000f0313
-[d] 010001f8 13 06 1e - 0 - 00000000 -
-[r] 1e - ffffffff -
-[e] 010001f8 ffffffff 0
-[f] 01000200 00120213
-[d] 010001fc 13 04 04 - 0 - 00000001 -
-[r] 04 - ffffffff -
-[e] 010001f8 ffffffff 0
-[f] 01000204 00200293
-[d] 01000200 13 05 00 - 0 - 00000002 -
-[r] 00 - 00000001 -
-[e] 010001fc 00000002 0
-[f] 01000208 fe5210e3
-[d] 01000204 63 - 04 05 1 - ffffffe0 -
-[r] 04 05 00000000 00000000
-[e] 01000200 00000002 0
-[w] 010001f8 1 06 ffffffff
-[f] 0100020c fff00e93
-[d] 01000208 13 1d 00 - 0 - ffffffff -
-[r] 00 - 00000001 -
-[e] 01000204 010001e4 0
-[w] 010001fc 1 04 00000002
-[f] 01000210 01400193
-[d] 0100020c 13 03 00 - 0 - 00000014 -
-[r] 00 - 00000000 -
-[e] 01000208 ffffffff 0
-[w] 01000200 1 05 00000002
-[f] 01000214 0bd31463
-[d] 01000210 63 - 06 1d 1 - 000000a8 -
-[r] 06 1d 00000000 00000000
-[e] 0100020c 00000014 0
-[f] 01000218 00000213
-[d] 01000214 13 04 00 - 0 - 00000000 -
-[r] 00 - ffffffff -
-[e] 01000210 010002b8 0
-[w] 01000208 1 1d ffffffff
-[f] 0100021c 800000b7
-[d] 01000218 37 01 - - - - 80000000 -
-[r] - - - -
-[e] 01000214 00000000 0
-[w] 0100020c 1 03 00000014
-[f] 01000220 4070df13
-[d] 0100021c 13 1e 01 - 5 - 00000007 -
-[r] 01 - 00000000 -
-[e] 01000218 80000000 0
-[f] 01000224 00120213
-[d] 01000220 13 04 04 - 0 - 00000001 -
-[r] 04 - 80000001 -
-[e] 0100021c ff000000 0
-[w] 01000214 1 04 00000000
-[f] 01000224 00120213
-[d] 01000220 13 04 04 - 0 - 00000001 -
-[r] 04 - 00000002 -
-[e] 01000220 00000002 0
-[w] 01000218 1 01 80000000
-[f] 01000228 00200293
-[d] 01000224 13 05 00 - 0 - 00000002 -
-[r] 00 - 00000000 -
-[e] 01000220 00000001 0
-[w] 0100021c 1 1e ff000000
-[f] 0100022c fe5218e3
-[d] 01000228 63 - 04 05 1 - fffffff0 -
-[r] 04 05 00000000 00000000
-[e] 01000224 00000002 0
-[f] 01000230 ff000eb7
-[d] 0100022c 37 1d - - - - ff000000 -
-[r] - - - -
-[e] 01000228 01000218 1
-[w] 01000220 1 04 00000001
-[f] 0100021c 800000b7
-[d] 01000218 37 01 - - - - 80000000 -
-[r] - - - -
-[f] 01000220 4070df13
-[d] 0100021c 13 1e 01 - 5 - 00000007 -
-[r] 01 - 00000000 -
-[e] 01000218 80000000 0
-[f] 01000224 00120213
-[d] 01000220 13 04 04 - 0 - 00000001 -
-[r] 04 - 80000000 -
-[e] 0100021c ff000000 0
-[f] 01000228 00200293
-[d] 01000224 13 05 00 - 0 - 00000002 -
-[r] 00 - 00000001 -
-[e] 01000220 00000002 0
-[w] 01000218 1 01 80000000
-[f] 0100022c fe5218e3
-[d] 01000228 63 - 04 05 1 - fffffff0 -
-[r] 04 05 00000000 00000000
-[e] 01000224 00000002 0
-[w] 0100021c 1 1e ff000000
-[f] 01000230 ff000eb7
-[d] 0100022c 37 1d - - - - ff000000 -
-[r] - - - -
-[e] 01000228 01000218 0
-[w] 01000220 1 04 00000002
-[f] 01000234 01500193
-[d] 01000230 13 03 00 - 0 - 00000015 -
-[r] 00 - 00000000 -
-[e] 0100022c ff000000 0
-[w] 01000224 1 05 00000002
-[f] 01000238 09df1263
-[d] 01000234 63 - 1e 1d 1 - 00000084 -
-[r] 1e 1d 00000000 00000000
-[e] 01000230 00000015 0
-[f] 0100023c 00000213
-[d] 01000238 13 04 00 - 0 - 00000000 -
-[r] 00 - ff000000 -
-[e] 01000234 010002b8 0
-[w] 0100022c 1 1d ff000000
-[f] 01000240 800000b7
-[d] 0100023c 37 01 - - - - 80000000 -
-[r] - - - -
-[e] 01000238 00000000 0
-[w] 01000230 1 03 00000015
-[f] 01000248 40e0df13
-[d] 01000244 13 1e 01 - 5 - 0000000e -
-[r] 01 - 00000000 -
-[w] 01000238 1 04 00000000
-[f] 0100024c 00120213
-[d] 01000248 13 04 04 - 0 - 00000001 -
-[r] 04 - 80000000 -
-[e] 01000244 fffe0000 0
-[w] 0100023c 1 01 80000000
-[f] 01000250 00200293
-[d] 0100024c 13 05 00 - 0 - 00000002 -
-[r] 00 - 00000000 -
-[e] 01000248 00000001 0
-[f] 01000254 fe5216e3
-[d] 01000250 63 - 04 05 1 - ffffffec -
-[r] 04 05 00000000 00000000
-[e] 0100024c 00000002 0
-[w] 01000244 1 1e fffe0000
-[f] 01000258 fffe0eb7
-[d] 01000254 37 1d - - - - fffe0000 -
-[r] - - - -
-[e] 01000250 0100023c 1
-[w] 01000248 1 04 00000001
-[f] 01000240 800000b7
-[d] 0100023c 37 01 - - - - 80000000 -
+[d] 0100002c 37 01 - - - - 80000000 -
 [r] - - - -
-[f] 01000248 40e0df13
-[d] 01000244 13 1e 01 - 5 - 0000000e -
-[r] 01 - 00000000 -
-[f] 0100024c 00120213
-[d] 01000248 13 04 04 - 0 - 00000001 -
-[r] 04 - 80000000 -
-[e] 01000244 fffe0000 0
-[w] 0100023c 1 01 80000000
-[f] 01000250 00200293
-[d] 0100024c 13 05 00 - 0 - 00000002 -
-[r] 00 - 00000001 -
-[e] 01000248 00000002 0
-[f] 01000254 fe5216e3
-[d] 01000250 63 - 04 05 1 - ffffffec -
-[r] 04 05 00000000 00000000
-[e] 0100024c 00000002 0
-[w] 01000244 1 1e fffe0000
-[f] 01000258 fffe0eb7
-[d] 01000254 37 1d - - - - fffe0000 -
-[r] - - - -
-[e] 01000250 0100023c 0
-[w] 01000248 1 04 00000002
-[f] 0100025c 01600193
-[d] 01000258 13 03 00 - 0 - 00000016 -
-[r] 00 - 00000000 -
-[e] 01000254 fffe0000 0
-[w] 0100024c 1 05 00000002
-[f] 01000260 05df1e63
-[d] 0100025c 63 - 1e 1d 1 - 0000005c -
-[r] 1e 1d 00000000 00000000
-[e] 01000258 00000016 0
-[f] 01000264 00000213
-[d] 01000260 13 04 00 - 0 - 00000000 -
-[r] 00 - fffe0000 -
-[e] 0100025c 010002b8 0
-[w] 01000254 1 1d fffe0000
-[f] 01000268 800000b7
-[d] 01000264 37 01 - - - - 80000000 -
-[r] - - - -
-[e] 01000260 00000000 0
-[w] 01000258 1 03 00000016
-[f] 0100026c 00108093
-[d] 01000268 13 01 01 - 0 - 00000001 -
-[r] 01 - 00000000 -
-[e] 01000264 80000000 0
-[f] 01000278 41f0df13
-[d] 01000274 13 1e 01 - 5 - 0000001f -
-[r] 01 - 00000000 -
-[w] 01000268 1 01 80000001
-[f] 01000278 41f0df13
-[d] 01000274 13 1e 01 - 5 - 0000001f -
-[r] 01 - 80000000 -
-[e] 01000274 80000000 0
-[f] 0100027c 00120213
-[d] 01000278 13 04 04 - 0 - 00000001 -
-[r] 04 - 80000001 -
-[e] 01000274 ffffffff 0
-[f] 01000280 00200293
-[d] 0100027c 13 05 00 - 0 - 00000002 -
-[r] 00 - 00000000 -
-[e] 01000278 00000001 0
-[f] 01000284 fe5212e3
-[d] 01000280 63 - 04 05 1 - ffffffe4 -
-[r] 04 05 00000000 00000000
-[e] 0100027c 00000002 0
-[w] 01000274 1 1e ffffffff
-[f] 01000288 fff00e93
-[d] 01000284 13 1d 00 - 0 - ffffffff -
-[r] 00 - 00000000 -
-[e] 01000280 01000264 1
-[w] 01000278 1 04 00000001
-[f] 01000268 800000b7
-[d] 01000264 37 01 - - - - 80000000 -
-[r] - - - -
-[f] 0100026c 00108093
-[d] 01000268 13 01 01 - 0 - 00000001 -
-[r] 01 - 00000000 -
-[e] 01000264 80000000 0
-[f] 01000278 41f0df13
-[d] 01000274 13 1e 01 - 5 - 0000001f -
-[r] 01 - 00000000 -
-[w] 01000268 1 01 80000001
-[f] 01000278 41f0df13
-[d] 01000274 13 1e 01 - 5 - 0000001f -
-[r] 01 - 80000000 -
-[e] 01000274 80000000 0
-[f] 0100027c 00120213
-[d] 01000278 13 04 04 - 0 - 00000001 -
-[r] 04 - 80000001 -
-[e] 01000274 ffffffff 0
-[f] 01000280 00200293
-[d] 0100027c 13 05 00 - 0 - 00000002 -
-[r] 00 - 00000001 -
-[e] 01000278 00000002 0
-[f] 01000284 fe5212e3
-[d] 01000280 63 - 04 05 1 - ffffffe4 -
-[r] 04 05 00000000 00000000
-[e] 0100027c 00000002 0
-[w] 01000274 1 1e ffffffff
-[f] 01000288 fff00e93
-[d] 01000284 13 1d 00 - 0 - ffffffff -
-[r] 00 - 00000001 -
-[e] 01000280 01000264 0
-[w] 01000278 1 04 00000002
-[f] 0100028c 01700193
-[d] 01000288 13 03 00 - 0 - 00000017 -
-[r] 00 - 00000000 -
-[e] 01000284 ffffffff 0
-[w] 0100027c 1 05 00000002
-[f] 01000290 03df1663
-[d] 0100028c 63 - 1e 1d 1 - 0000002c -
-[r] 1e 1d 00000000 00000000
-[e] 01000288 00000017 0
-[f] 01000294 40405093
-[d] 01000290 13 01 00 - 5 - 00000004 -
-[r] 00 - ffffffff -
-[e] 0100028c 010002b8 0
-[w] 01000284 1 1d ffffffff
-[f] 01000298 00000e93
-[d] 01000294 13 1d 00 - 0 - 00000000 -
-[r] 00 - 00000000 -
-[e] 01000290 00000000 1
-[w] 01000288 1 03 00000017
-[f] 0100029c 01800193
-[d] 01000298 13 03 00 - 0 - 00000018 -
-[r] 00 - 00000000 -
-[e] 01000294 00000000 0
-[f] 010002a0 01d09e63
-[d] 0100029c 63 - 01 1d 1 - 0000001c -
-[r] 01 1d 00000000 00000000
-[e] 01000298 00000018 0
-[w] 01000290 1 01 00000000
-[f] 010002a0 01d09e63
-[d] 0100029c 63 - 01 1d 1 - 0000001c -
-[r] 01 1d 80000001 ffffffff
-[e] 0100029c 80000001 0
-[w] 01000294 1 1d 00000000
-[f] 010002a0 01d09e63
-[d] 0100029c 63 - 01 1d 1 - 0000001c -
-[r] 01 1d 00000000 ffffffff
-[e] 0100029c 00000000 0
-[w] 01000298 1 03 00000018
-[f] 010002a4 02100093
-[d] 010002a0 13 01 00 - 0 - 00000021 -
-[r] 00 - 00000000 -
-[e] 0100029c 010002b8 0
-[f] 010002a8 40a0d013
-[d] 010002a4 13 00 01 - 5 - 0000000a -
-[r] 01 - 00000000 -
-[e] 010002a0 00000021 0
-[f] 010002ac 00000e93
-[d] 010002a8 13 1d 00 - 0 - 00000000 -
-[r] 00 - 00000000 -
-[e] 010002a4 00000000 1
-[f] 010002b0 01900193
-[d] 010002ac 13 03 00 - 0 - 00000019 -
-[r] 00 - 00000000 -
-[e] 010002a8 00000000 0
-[w] 010002a0 1 01 00000021
-[f] 010002b4 01d01463
-[d] 010002b0 63 - 00 1d 1 - 00000008 -
-[r] 00 1d 00000000 00000000
-[e] 010002ac 00000019 0
-[f] 010002b8 00301c63
-[d] 010002b4 63 - 00 03 1 - 00000018 -
-[r] 00 03 00000000 00000000
-[e] 010002b0 010002b8 0
-[w] 010002a8 1 1d 00000000
-[f] 010002d4 00100193
-[d] 010002d0 13 03 00 - 0 - 00000001 -
-[r] 00 - 00000000 -
-[e] 010002cc 00000000 0
+[e] 01000028 010002bc 1
+[f] 010002c0 00018063
+[d] 010002bc 37 1d - - - - ff000000 -
+[r] - - - -
+[f] 010002c4 00119193
+[d] 010002c0 63 - 03 00 0 - 00000000 -
+[r] 03 00 00000000 00000000
+[e] 010002bc ff000000 0
+[f] 010002c8 0011e193
+[d] 010002c4 13 03 03 - 1 - 00000000 -
+[r] 03 - 00000003 -
+[e] 010002c0 010002c0 1
