--- /tmp/tmp.X4ShVmXdcl	2025-11-28 17:09:55.736384123 -0500
+++ /tmp/tmp.r0dzg3e2dj	2025-11-28 17:09:55.747384173 -0500
@@ -1,2206 +1,84 @@
-[f] 01000004 00000097
-[d] 01000000 17 01 - - - - 00000000 -
-[r] - - - -
 [f] 01000008 4c408093
-[d] 01000004 13 01 01 - 0 - 000004c4 -
-[r] 01 - 00000000 -
-[e] 01000000 01000000 0
-[f] 0100000c 00aa0137
-[d] 01000008 37 02 - - - - 00aa0000 -
+[d] 01000004 17 01 - - - - 00000000 -
 [r] - - - -
-[e] 01000004 010004c4 0
+[e] 01000000 00000000 0
+[f] 0100000c 00aa0137
+[d] 01000008 13 01 01 - 0 - 000004c4 -
+[r] 01 - 00000000 -
+[e] 01000004 01000004 0
 [f] 01000010 0aa10113
-[d] 0100000c 13 02 02 - 0 - 000000aa -
-[r] 02 - 00000000 -
-[e] 01000008 00aa0000 0
-[w] 01000000 1 01 01000000
-[f] 01000014 0020a023
-[d] 01000010 23 - 01 02 2 - 00000000 -
-[r] 01 02 01100000 00000000
-[e] 0100000c 00aa00aa 0
-[w] 01000004 1 01 010004c4
+[d] 0100000c 37 02 - - - - 00aa0000 -
+[r] - - - -
+[e] 01000008 010004c8 0
 [f] 01000014 0020a023
-[d] 01000010 23 - 01 02 2 - 00000000 -
-[r] 01 02 01000000 01100000
-[e] 01000010 01000000 0
-[w] 01000008 1 02 00aa0000
+[d] 01000010 13 02 02 - 0 - 000000aa -
+[r] 02 - 00000000 -
+[e] 0100000c 00aa0000 0
+[w] 01000004 1 01 01000004
 [f] 01000018 0000af03
-[d] 01000014 03 1e 01 - 2 - 00000000 -
-[r] 01 - 010004c4 -
-[e] 01000010 010004c4 0
-[w] 0100000c 1 02 00aa00aa
+[d] 01000014 23 - 01 02 2 - 00000000 -
+[r] 01 02 00000000 00000000
+[e] 01000010 00aa00aa 0
+[w] 01000008 1 01 010004c8
+[f] 01000018 0000af03
+[d] 01000014 23 - 01 02 2 - 00000000 -
+[r] 01 02 01000004 00000000
+[e] 01000014 00000000 0
+[w] 0100000c 1 02 00aa0000
+[f] 01000018 0000af03
+[d] 01000014 23 - 01 02 2 - 00000000 -
+[r] 01 02 010004c8 00000000
+[e] 01000014 00000000 0
+[w] 01000010 1 02 00aa00aa
+[f] 01000018 0000af03
+[d] 01000014 23 - 01 02 2 - 00000000 -
+[r] 01 02 010004c8 00aa0000
+[e] 01000014 00000000 0
 [f] 0100001c 00aa0eb7
-[d] 01000018 37 1d - - - - 00aa0000 -
-[r] - - - -
-[e] 01000014 010004c4 0
-[m] 01000010 010004c4 1 2 00aa00aa
+[d] 01000018 03 1e 01 - 2 - 00000000 -
+[r] 01 - 010004c8 -
+[e] 01000014 010004c8 0
 [f] 01000020 0aae8e93
-[d] 0100001c 13 1d 1d - 0 - 000000aa -
-[r] 1d - 00000000 -
-[e] 01000018 00aa0000 0
+[d] 0100001c 37 1d - - - - 00aa0000 -
+[r] - - - -
+[e] 01000018 010004c8 0
+[m] 01000014 010004c8 1 2 00aa0000
 [f] 01000024 00200193
-[d] 01000020 13 03 00 - 0 - 00000002 -
-[r] 00 - 00000000 -
-[e] 0100001c 00aa00aa 0
-[w] 01000014 1 1e 00aa00aa
+[d] 01000020 13 1d 1d - 0 - 000000aa -
+[r] 1d - 00000000 -
+[e] 0100001c 00aa0000 0
 [f] 01000028 47df1063
-[d] 01000024 63 - 1e 1d 1 - 00000460 -
+[d] 01000024 13 03 00 - 0 - 00000002 -
+[r] 00 - 00000000 -
+[e] 01000020 00aa00aa 0
+[w] 01000018 1 1e 00000097
+[f] 0100002c 00000097
+[d] 01000028 63 - 1e 1d 1 - 00000460 -
 [r] 1e 1d 00000000 00000000
-[e] 01000020 00000002 0
-[w] 01000018 1 1d 00aa0000
+[e] 01000024 00000002 0
+[w] 0100001c 1 1d 00aa0000
 [f] 0100002c 00000097
-[d] 01000028 17 01 - - - - 00000000 -
-[r] - - - -
-[e] 01000024 01000484 0
-[w] 0100001c 1 1d 00aa00aa
+[d] 01000028 63 - 1e 1d 1 - 00000460 -
+[r] 1e 1d 00000097 00000000
+[e] 01000028 00000000 0
+[w] 01000020 1 1d 00aa00aa
+[f] 0100002c 00000097
+[d] 01000028 63 - 1e 1d 1 - 00000460 -
+[r] 1e 1d 00000097 00aa0000
+[e] 01000028 00000000 0
+[w] 01000024 1 03 00000002
 [f] 01000030 49c08093
-[d] 0100002c 13 01 01 - 0 - 0000049c -
-[r] 01 - 00000000 -
-[e] 01000028 01000028 0
-[w] 01000020 1 03 00000002
-[f] 01000034 aa00b137
-[d] 01000030 37 02 - - - - aa00b000 -
-[r] - - - -
-[e] 0100002c 010004c4 0
-[f] 01000038 a0010113
-[d] 01000034 13 02 02 - 0 - fffffa00 -
-[r] 02 - 00000000 -
-[e] 01000030 aa00b000 0
-[w] 01000028 1 01 01000028
-[f] 0100003c 0020a223
-[d] 01000038 23 - 01 02 2 - 00000004 -
-[r] 01 02 00aa00aa 00000000
-[e] 01000034 aa00aa00 0
-[w] 0100002c 1 01 010004c4
-[f] 0100003c 0020a223
-[d] 01000038 23 - 01 02 2 - 00000004 -
-[r] 01 02 01000028 00aa00aa
-[e] 01000038 01000028 0
-[w] 01000030 1 02 aa00b000
-[f] 01000040 0040af03
-[d] 0100003c 03 1e 01 - 2 - 00000004 -
-[r] 01 - 010004c4 -
-[e] 01000038 010004c8 0
-[w] 01000034 1 02 aa00aa00
-[f] 01000044 aa00beb7
-[d] 01000040 37 1d - - - - aa00b000 -
-[r] - - - -
-[e] 0100003c 010004c8 0
-[m] 01000038 010004c8 1 2 aa00aa00
-[f] 01000048 a00e8e93
-[d] 01000044 13 1d 1d - 0 - fffffa00 -
-[r] 1d - 00000000 -
-[e] 01000040 aa00b000 0
-[f] 0100004c 00300193
-[d] 01000048 13 03 00 - 0 - 00000003 -
-[r] 00 - 00aa00aa -
-[e] 01000044 aa00aa00 0
-[w] 0100003c 1 1e aa00aa00
-[f] 01000050 43df1c63
-[d] 0100004c 63 - 1e 1d 1 - 00000438 -
-[r] 1e 1d 00000000 00000000
-[e] 01000048 00000003 0
-[w] 01000040 1 1d aa00b000
-[f] 01000054 00000097
-[d] 01000050 17 01 - - - - 00000000 -
-[r] - - - -
-[e] 0100004c 01000484 0
-[w] 01000044 1 1d aa00aa00
-[f] 01000058 47408093
-[d] 01000054 13 01 01 - 0 - 00000474 -
-[r] 01 - 00000000 -
-[e] 01000050 01000050 0
-[w] 01000048 1 03 00000003
-[f] 0100005c 0aa01137
-[d] 01000058 37 02 - - - - 0aa01000 -
-[r] - - - -
-[e] 01000054 010004c4 0
-[f] 01000060 aa010113
-[d] 0100005c 13 02 02 - 0 - fffffaa0 -
-[r] 02 - 00000000 -
-[e] 01000058 0aa01000 0
-[w] 01000050 1 01 01000050
-[f] 01000064 0020a423
-[d] 01000060 23 - 01 02 2 - 00000008 -
-[r] 01 02 aa00aa00 00000000
-[e] 0100005c 0aa00aa0 0
-[w] 01000054 1 01 010004c4
-[f] 01000064 0020a423
-[d] 01000060 23 - 01 02 2 - 00000008 -
-[r] 01 02 01000050 aa00aa00
-[e] 01000060 01000050 0
-[w] 01000058 1 02 0aa01000
-[f] 01000068 0080af03
-[d] 01000064 03 1e 01 - 2 - 00000008 -
-[r] 01 - 010004c4 -
-[e] 01000060 010004cc 0
-[w] 0100005c 1 02 0aa00aa0
-[f] 0100006c 0aa01eb7
-[d] 01000068 37 1d - - - - 0aa01000 -
-[r] - - - -
-[e] 01000064 010004cc 0
-[m] 01000060 010004cc 1 2 0aa00aa0
-[f] 01000070 aa0e8e93
-[d] 0100006c 13 1d 1d - 0 - fffffaa0 -
-[r] 1d - 00000000 -
-[e] 01000068 0aa01000 0
-[f] 01000074 00400193
-[d] 01000070 13 03 00 - 0 - 00000004 -
-[r] 00 - aa00aa00 -
-[e] 0100006c 0aa00aa0 0
-[w] 01000064 1 1e 0aa00aa0
-[f] 01000078 41df1863
-[d] 01000074 63 - 1e 1d 1 - 00000410 -
-[r] 1e 1d 00000000 00000000
-[e] 01000070 00000004 0
-[w] 01000068 1 1d 0aa01000
-[f] 0100007c 00000097
-[d] 01000078 17 01 - - - - 00000000 -
-[r] - - - -
-[e] 01000074 01000484 0
-[w] 0100006c 1 1d 0aa00aa0
-[f] 01000080 44c08093
-[d] 0100007c 13 01 01 - 0 - 0000044c -
-[r] 01 - 00000000 -
-[e] 01000078 01000078 0
-[w] 01000070 1 03 00000004
-[f] 01000084 a00aa137
-[d] 01000080 37 02 - - - - a00aa000 -
-[r] - - - -
-[e] 0100007c 010004c4 0
-[f] 01000088 00a10113
-[d] 01000084 13 02 02 - 0 - 0000000a -
-[r] 02 - 00000000 -
-[e] 01000080 a00aa000 0
-[w] 01000078 1 01 01000078
-[f] 0100008c 0020a623
-[d] 01000088 23 - 01 02 2 - 0000000c -
-[r] 01 02 0aa00aa0 00000000
-[e] 01000084 a00aa00a 0
-[w] 0100007c 1 01 010004c4
-[f] 0100008c 0020a623
-[d] 01000088 23 - 01 02 2 - 0000000c -
-[r] 01 02 01000078 0aa00aa0
-[e] 01000088 01000078 0
-[w] 01000080 1 02 a00aa000
-[f] 01000090 00c0af03
-[d] 0100008c 03 1e 01 - 2 - 0000000c -
-[r] 01 - 010004c4 -
-[e] 01000088 010004d0 0
-[w] 01000084 1 02 a00aa00a
-[f] 01000094 a00aaeb7
-[d] 01000090 37 1d - - - - a00aa000 -
-[r] - - - -
-[e] 0100008c 010004d0 0
-[m] 01000088 010004d0 1 2 a00aa00a
-[f] 01000098 00ae8e93
-[d] 01000094 13 1d 1d - 0 - 0000000a -
-[r] 1d - 00000000 -
-[e] 01000090 a00aa000 0
-[f] 0100009c 00500193
-[d] 01000098 13 03 00 - 0 - 00000005 -
-[r] 00 - 0aa00aa0 -
-[e] 01000094 a00aa00a 0
-[w] 0100008c 1 1e a00aa00a
-[f] 010000a0 3fdf1463
-[d] 0100009c 63 - 1e 1d 1 - 000003e8 -
-[r] 1e 1d 00000000 00000000
-[e] 01000098 00000005 0
-[w] 01000090 1 1d a00aa000
-[f] 010000a4 00000097
-[d] 010000a0 17 01 - - - - 00000000 -
-[r] - - - -
-[e] 0100009c 01000484 0
-[w] 01000094 1 1d a00aa00a
-[f] 010000a8 44008093
-[d] 010000a4 13 01 01 - 0 - 00000440 -
-[r] 01 - 00000000 -
-[e] 010000a0 010000a0 0
-[w] 01000098 1 03 00000005
-[f] 010000ac 00aa0137
-[d] 010000a8 37 02 - - - - 00aa0000 -
-[r] - - - -
-[e] 010000a4 010004e0 0
-[f] 010000b0 0aa10113
-[d] 010000ac 13 02 02 - 0 - 000000aa -
-[r] 02 - 00000000 -
-[e] 010000a8 00aa0000 0
-[w] 010000a0 1 01 010000a0
-[f] 010000b4 fe20aa23
-[d] 010000b0 23 - 01 02 2 - fffffff4 -
-[r] 01 02 a00aa00a 00000000
-[e] 010000ac 00aa00aa 0
-[w] 010000a4 1 01 010004e0
-[f] 010000b4 fe20aa23
-[d] 010000b0 23 - 01 02 2 - fffffff4 -
-[r] 01 02 010000a0 a00aa00a
-[e] 010000b0 010000a0 0
-[w] 010000a8 1 02 00aa0000
-[f] 010000b8 ff40af03
-[d] 010000b4 03 1e 01 - 2 - fffffff4 -
-[r] 01 - 010004e0 -
-[e] 010000b0 010004d4 0
-[w] 010000ac 1 02 00aa00aa
-[f] 010000bc 00aa0eb7
-[d] 010000b8 37 1d - - - - 00aa0000 -
-[r] - - - -
-[e] 010000b4 010004d4 0
-[m] 010000b0 010004d4 1 2 00aa00aa
-[f] 010000c0 0aae8e93
-[d] 010000bc 13 1d 1d - 0 - 000000aa -
-[r] 1d - 00000000 -
-[e] 010000b8 00aa0000 0
-[f] 010000c4 00600193
-[d] 010000c0 13 03 00 - 0 - 00000006 -
-[r] 00 - a00aa00a -
-[e] 010000bc 00aa00aa 0
-[w] 010000b4 1 1e 00aa00aa
-[f] 010000c8 3ddf1063
-[d] 010000c4 63 - 1e 1d 1 - 000003c0 -
-[r] 1e 1d 00000000 00000000
-[e] 010000c0 00000006 0
-[w] 010000b8 1 1d 00aa0000
-[f] 010000cc 00000097
-[d] 010000c8 17 01 - - - - 00000000 -
-[r] - - - -
-[e] 010000c4 01000484 0
-[w] 010000bc 1 1d 00aa00aa
-[f] 010000d0 41808093
-[d] 010000cc 13 01 01 - 0 - 00000418 -
-[r] 01 - 00000000 -
-[e] 010000c8 010000c8 0
-[w] 010000c0 1 03 00000006
-[f] 010000d4 aa00b137
-[d] 010000d0 37 02 - - - - aa00b000 -
-[r] - - - -
-[e] 010000cc 010004e0 0
-[f] 010000d8 a0010113
-[d] 010000d4 13 02 02 - 0 - fffffa00 -
-[r] 02 - 00000000 -
-[e] 010000d0 aa00b000 0
-[w] 010000c8 1 01 010000c8
-[f] 010000dc fe20ac23
-[d] 010000d8 23 - 01 02 2 - fffffff8 -
-[r] 01 02 00aa00aa 00000000
-[e] 010000d4 aa00aa00 0
-[w] 010000cc 1 01 010004e0
-[f] 010000dc fe20ac23
-[d] 010000d8 23 - 01 02 2 - fffffff8 -
-[r] 01 02 010000c8 00aa00aa
-[e] 010000d8 010000c8 0
-[w] 010000d0 1 02 aa00b000
-[f] 010000e0 ff80af03
-[d] 010000dc 03 1e 01 - 2 - fffffff8 -
-[r] 01 - 010004e0 -
-[e] 010000d8 010004d8 0
-[w] 010000d4 1 02 aa00aa00
-[f] 010000e4 aa00beb7
-[d] 010000e0 37 1d - - - - aa00b000 -
-[r] - - - -
-[e] 010000dc 010004d8 0
-[m] 010000d8 010004d8 1 2 aa00aa00
-[f] 010000e8 a00e8e93
-[d] 010000e4 13 1d 1d - 0 - fffffa00 -
-[r] 1d - 00000000 -
-[e] 010000e0 aa00b000 0
-[f] 010000ec 00700193
-[d] 010000e8 13 03 00 - 0 - 00000007 -
-[r] 00 - 00aa00aa -
-[e] 010000e4 aa00aa00 0
-[w] 010000dc 1 1e aa00aa00
-[f] 010000f0 39df1c63
-[d] 010000ec 63 - 1e 1d 1 - 00000398 -
-[r] 1e 1d 00000000 00000000
-[e] 010000e8 00000007 0
-[w] 010000e0 1 1d aa00b000
-[f] 010000f4 00000097
-[d] 010000f0 17 01 - - - - 00000000 -
-[r] - - - -
-[e] 010000ec 01000484 0
-[w] 010000e4 1 1d aa00aa00
-[f] 010000f8 3f008093
-[d] 010000f4 13 01 01 - 0 - 000003f0 -
-[r] 01 - 00000000 -
-[e] 010000f0 010000f0 0
-[w] 010000e8 1 03 00000007
-[f] 010000fc 0aa01137
-[d] 010000f8 37 02 - - - - 0aa01000 -
-[r] - - - -
-[e] 010000f4 010004e0 0
-[f] 01000100 aa010113
-[d] 010000fc 13 02 02 - 0 - fffffaa0 -
-[r] 02 - 00000000 -
-[e] 010000f8 0aa01000 0
-[w] 010000f0 1 01 010000f0
-[f] 01000104 fe20ae23
-[d] 01000100 23 - 01 02 2 - fffffffc -
-[r] 01 02 aa00aa00 00000000
-[e] 010000fc 0aa00aa0 0
-[w] 010000f4 1 01 010004e0
-[f] 01000104 fe20ae23
-[d] 01000100 23 - 01 02 2 - fffffffc -
-[r] 01 02 010000f0 aa00aa00
-[e] 01000100 010000f0 0
-[w] 010000f8 1 02 0aa01000
-[f] 01000108 ffc0af03
-[d] 01000104 03 1e 01 - 2 - fffffffc -
-[r] 01 - 010004e0 -
-[e] 01000100 010004dc 0
-[w] 010000fc 1 02 0aa00aa0
-[f] 0100010c 0aa01eb7
-[d] 01000108 37 1d - - - - 0aa01000 -
-[r] - - - -
-[e] 01000104 010004dc 0
-[m] 01000100 010004dc 1 2 0aa00aa0
-[f] 01000110 aa0e8e93
-[d] 0100010c 13 1d 1d - 0 - fffffaa0 -
-[r] 1d - 00000000 -
-[e] 01000108 0aa01000 0
-[f] 01000114 00800193
-[d] 01000110 13 03 00 - 0 - 00000008 -
-[r] 00 - aa00aa00 -
-[e] 0100010c 0aa00aa0 0
-[w] 01000104 1 1e 0aa00aa0
-[f] 01000118 37df1863
-[d] 01000114 63 - 1e 1d 1 - 00000370 -
-[r] 1e 1d 00000000 00000000
-[e] 01000110 00000008 0
-[w] 01000108 1 1d 0aa01000
-[f] 0100011c 00000097
-[d] 01000118 17 01 - - - - 00000000 -
-[r] - - - -
-[e] 01000114 01000484 0
-[w] 0100010c 1 1d 0aa00aa0
-[f] 01000120 3c808093
-[d] 0100011c 13 01 01 - 0 - 000003c8 -
-[r] 01 - 00000000 -
-[e] 01000118 01000118 0
-[w] 01000110 1 03 00000008
-[f] 01000124 a00aa137
-[d] 01000120 37 02 - - - - a00aa000 -
-[r] - - - -
-[e] 0100011c 010004e0 0
-[f] 01000128 00a10113
-[d] 01000124 13 02 02 - 0 - 0000000a -
-[r] 02 - 00000000 -
-[e] 01000120 a00aa000 0
-[w] 01000118 1 01 01000118
-[f] 0100012c 0020a023
-[d] 01000128 23 - 01 02 2 - 00000000 -
-[r] 01 02 0aa00aa0 00000000
-[e] 01000124 a00aa00a 0
-[w] 0100011c 1 01 010004e0
-[f] 0100012c 0020a023
-[d] 01000128 23 - 01 02 2 - 00000000 -
-[r] 01 02 01000118 0aa00aa0
-[e] 01000128 01000118 0
-[w] 01000120 1 02 a00aa000
-[f] 01000130 0000af03
-[d] 0100012c 03 1e 01 - 2 - 00000000 -
-[r] 01 - 010004e0 -
-[e] 01000128 010004e0 0
-[w] 01000124 1 02 a00aa00a
-[f] 01000134 a00aaeb7
-[d] 01000130 37 1d - - - - a00aa000 -
-[r] - - - -
-[e] 0100012c 010004e0 0
-[m] 01000128 010004e0 1 2 a00aa00a
-[f] 01000138 00ae8e93
-[d] 01000134 13 1d 1d - 0 - 0000000a -
-[r] 1d - 00000000 -
-[e] 01000130 a00aa000 0
-[f] 0100013c 00900193
-[d] 01000138 13 03 00 - 0 - 00000009 -
-[r] 00 - 0aa00aa0 -
-[e] 01000134 a00aa00a 0
-[w] 0100012c 1 1e a00aa00a
-[f] 01000140 35df1463
-[d] 0100013c 63 - 1e 1d 1 - 00000348 -
-[r] 1e 1d 00000000 00000000
-[e] 01000138 00000009 0
-[w] 01000130 1 1d a00aa000
-[f] 01000144 00000097
-[d] 01000140 17 01 - - - - 00000000 -
-[r] - - - -
-[e] 0100013c 01000484 0
-[w] 01000134 1 1d a00aa00a
-[f] 01000148 3a408093
-[d] 01000144 13 01 01 - 0 - 000003a4 -
-[r] 01 - 00000000 -
-[e] 01000140 01000140 0
-[w] 01000138 1 03 00000009
-[f] 0100014c 12345137
-[d] 01000148 37 02 - - - - 12345000 -
-[r] - - - -
-[e] 01000144 010004e4 0
-[f] 01000150 67810113
-[d] 0100014c 13 02 02 - 0 - 00000678 -
-[r] 02 - 00000000 -
-[e] 01000148 12345000 1
-[w] 01000140 1 01 01000140
-[f] 01000154 fe008213
-[d] 01000150 13 04 01 - 0 - ffffffe0 -
-[r] 01 - a00aa00a -
-[e] 0100014c 12345678 0
-[w] 01000144 1 01 010004e4
-[f] 01000154 fe008213
-[d] 01000150 13 04 01 - 0 - ffffffe0 -
-[r] 01 - 01000140 -
-[e] 01000150 01000140 0
-[w] 01000148 1 02 12345000
-[f] 01000158 02222023
-[d] 01000154 23 - 04 02 2 - 00000020 -
-[r] 04 02 010004e4 00000000
-[e] 01000150 010004c4 0
-[w] 0100014c 1 02 12345678
-[f] 01000158 02222023
-[d] 01000154 23 - 04 02 2 - 00000020 -
-[r] 04 02 00000000 12345000
-[e] 01000154 00000000 0
-[f] 0100015c 0000a283
-[d] 01000158 03 05 01 - 2 - 00000000 -
-[r] 01 - 00000000 -
-[e] 01000154 010004e4 0
-[w] 01000150 1 04 010004c4
-[f] 01000160 12345eb7
-[d] 0100015c 37 1d - - - - 12345000 -
-[r] - - - -
-[e] 01000158 010004e4 0
-[m] 01000154 010004e4 1 2 12345678
-[f] 01000164 678e8e93
-[d] 01000160 13 1d 1d - 0 - 00000678 -
-[r] 1d - 00000000 -
-[e] 0100015c 12345000 1
-[f] 01000168 00a00193
-[d] 01000164 13 03 00 - 0 - 0000000a -
-[r] 00 - a00aa00a -
-[e] 01000160 12345678 0
-[w] 01000158 1 05 12345678
-[f] 0100016c 31d29e63
-[d] 01000168 63 - 05 1d 1 - 0000031c -
-[r] 05 1d 00000000 00000000
-[e] 01000164 0000000a 0
-[w] 0100015c 1 1d 12345000
-[f] 01000170 00000097
-[d] 0100016c 17 01 - - - - 00000000 -
-[r] - - - -
-[e] 01000168 01000484 0
-[w] 01000160 1 1d 12345678
-[f] 01000174 37808093
-[d] 01000170 13 01 01 - 0 - 00000378 -
-[r] 01 - 00000000 -
-[e] 0100016c 0100016c 0
-[w] 01000164 1 03 0000000a
-[f] 01000178 58213137
-[d] 01000174 37 02 - - - - 58213000 -
-[r] - - - -
-[e] 01000170 010004e4 0
-[f] 0100017c 09810113
-[d] 01000178 13 02 02 - 0 - 00000098 -
-[r] 02 - 00000000 -
-[e] 01000174 58213000 0
-[w] 0100016c 1 01 0100016c
-[f] 01000180 ffd08093
-[d] 0100017c 13 01 01 - 0 - fffffffd -
-[r] 01 - 12345678 -
-[e] 01000178 58213098 0
-[w] 01000170 1 01 010004e4
-[f] 01000180 ffd08093
-[d] 0100017c 13 01 01 - 0 - fffffffd -
-[r] 01 - 0100016c -
-[e] 0100017c 0100016c 0
-[w] 01000174 1 02 58213000
-[f] 01000184 0020a3a3
-[d] 01000180 23 - 01 02 2 - 00000007 -
-[r] 01 02 010004e4 00000000
-[e] 0100017c 010004e1 0
-[w] 01000178 1 02 58213098
-[f] 01000184 0020a3a3
-[d] 01000180 23 - 01 02 2 - 00000007 -
-[r] 01 02 010004e4 58213000
-[e] 01000180 010004e4 0
-[f] 01000188 00000217
-[d] 01000184 17 04 - - - - 00000000 -
-[r] - - - -
-[e] 01000180 010004e8 0
-[w] 0100017c 1 01 010004e1
-[f] 0100018c 36420213
-[d] 01000188 13 04 04 - 0 - 00000364 -
-[r] 04 - 00000000 -
-[e] 01000184 01000184 0
-[m] 01000180 010004e8 1 2 58213098
-[f] 01000190 00022283
-[d] 0100018c 03 05 04 - 2 - 00000000 -
-[r] 04 - 010004c4 -
-[e] 01000188 010004e8 0
-[f] 01000194 58213eb7
-[d] 01000190 37 1d - - - - 58213000 -
-[r] - - - -
-[e] 0100018c 010004e8 0
-[w] 01000184 1 04 01000184
-[f] 01000198 098e8e93
-[d] 01000194 13 1d 1d - 0 - 00000098 -
-[r] 1d - 00000000 -
-[e] 01000190 58213000 0
-[w] 01000188 1 04 010004e8
-[f] 0100019c 00b00193
-[d] 01000198 13 03 00 - 0 - 0000000b -
-[r] 00 - 12345678 -
-[e] 01000194 58213098 0
-[w] 0100018c 1 05 58213098
-[f] 010001a0 2fd29463
-[d] 0100019c 63 - 05 1d 1 - 000002e8 -
-[r] 05 1d 00000000 00000000
-[e] 01000198 0000000b 0
-[w] 01000190 1 1d 58213000
-[f] 010001a4 00c00193
-[d] 010001a0 13 03 00 - 0 - 0000000c -
-[r] 00 - 58213098 -
-[e] 0100019c 01000484 0
-[w] 01000194 1 1d 58213098
-[f] 010001a8 00000213
-[d] 010001a4 13 04 00 - 0 - 00000000 -
-[r] 00 - 00000000 -
-[e] 010001a0 0000000c 0
-[w] 01000198 1 03 0000000b
-[f] 010001ac aabbd0b7
-[d] 010001a8 37 01 - - - - aabbd000 -
-[r] - - - -
-[e] 010001a4 00000000 0
-[f] 010001b0 cdd08093
-[d] 010001ac 13 01 01 - 0 - fffffcdd -
-[r] 01 - 00000000 -
-[e] 010001a8 aabbd000 1
-[w] 010001a0 1 03 0000000c
-[f] 010001b4 00000117
-[d] 010001b0 17 02 - - - - 00000000 -
-[r] - - - -
-[e] 010001ac aabbccdd 0
-[w] 010001a4 1 04 00000000
-[f] 010001b8 31410113
-[d] 010001b4 13 02 02 - 0 - 00000314 -
-[r] 02 - 00000000 -
-[e] 010001b0 010001b0 0
-[w] 010001a8 1 01 aabbd000
-[f] 010001bc 00112023
-[d] 010001b8 23 - 02 01 2 - 00000000 -
-[r] 02 01 58213098 00000000
-[e] 010001b4 010004c4 0
-[w] 010001ac 1 01 aabbccdd
-[f] 010001bc 00112023
-[d] 010001b8 23 - 02 01 2 - 00000000 -
-[r] 02 01 58213098 aabbd000
-[e] 010001b8 58213098 0
-[w] 010001b0 1 02 010001b0
-[f] 010001c0 00012f03
-[d] 010001bc 03 1e 02 - 2 - 00000000 -
-[r] 02 - 58213098 -
-[e] 010001b8 010004c4 0
-[w] 010001b4 1 02 010004c4
-[f] 010001c0 00012f03
-[d] 010001bc 03 1e 02 - 2 - 00000000 -
-[r] 02 - 010001b0 -
-[e] 010001bc 010001b0 0
-[m] 010001b8 010004c4 1 2 aabbccdd
-[f] 010001c4 aabbdeb7
-[d] 010001c0 37 1d - - - - aabbd000 -
-[r] - - - -
-[e] 010001bc 010004c4 0
-[f] 010001c8 cdde8e93
-[d] 010001c4 13 1d 1d - 0 - fffffcdd -
-[r] 1d - 00000000 -
-[e] 010001c0 aabbd000 1
-[f] 010001cc 2bdf1e63
-[d] 010001c8 63 - 1e 1d 1 - 000002bc -
-[r] 1e 1d 58213098 00000000
-[e] 010001c4 aabbccdd 0
-[w] 010001bc 1 1e aabbccdd
-[f] 010001cc 2bdf1e63
-[d] 010001c8 63 - 1e 1d 1 - 000002bc -
-[r] 1e 1d a00aa00a 58213098
-[e] 010001c8 a00aa00a 0
-[w] 010001c0 1 1d aabbd000
-[f] 010001d0 00120213
-[d] 010001cc 13 04 04 - 0 - 00000001 -
-[r] 04 - aabbccdd -
-[e] 010001c8 01000484 0
-[w] 010001c4 1 1d aabbccdd
-[f] 010001d4 00200293
-[d] 010001d0 13 05 00 - 0 - 00000002 -
-[r] 00 - 00000000 -
-[e] 010001cc 00000001 0
-[f] 010001d8 fc521ae3
-[d] 010001d4 63 - 04 05 1 - ffffffd4 -
-[r] 04 05 00000000 00000000
-[e] 010001d0 00000002 0
-[f] 010001dc 00d00193
-[d] 010001d8 13 03 00 - 0 - 0000000d -
-[r] 00 - 00000000 -
-[e] 010001d4 010001a8 1
-[w] 010001cc 1 04 00000001
-[f] 010001ac aabbd0b7
-[d] 010001a8 37 01 - - - - aabbd000 -
-[r] - - - -
-[f] 010001b0 cdd08093
-[d] 010001ac 13 01 01 - 0 - fffffcdd -
-[r] 01 - 00000000 -
-[e] 010001a8 aabbd000 1
-[f] 010001b4 00000117
-[d] 010001b0 17 02 - - - - 00000000 -
-[r] - - - -
-[e] 010001ac aabbccdd 0
-[f] 010001b8 31410113
-[d] 010001b4 13 02 02 - 0 - 00000314 -
-[r] 02 - 00000000 -
-[e] 010001b0 010001b0 0
-[w] 010001a8 1 01 aabbd000
-[f] 010001bc 00112023
-[d] 010001b8 23 - 02 01 2 - 00000000 -
-[r] 02 01 010004c4 00000000
-[e] 010001b4 010004c4 0
-[w] 010001ac 1 01 aabbccdd
-[f] 010001bc 00112023
-[d] 010001b8 23 - 02 01 2 - 00000000 -
-[r] 02 01 010004c4 aabbd000
-[e] 010001b8 010004c4 0
-[w] 010001b0 1 02 010001b0
-[f] 010001c0 00012f03
-[d] 010001bc 03 1e 02 - 2 - 00000000 -
-[r] 02 - 010004c4 -
-[e] 010001b8 010004c4 0
-[w] 010001b4 1 02 010004c4
-[f] 010001c0 00012f03
-[d] 010001bc 03 1e 02 - 2 - 00000000 -
-[r] 02 - 010001b0 -
-[e] 010001bc 010001b0 0
-[m] 010001b8 010004c4 1 2 aabbccdd
-[f] 010001c4 aabbdeb7
-[d] 010001c0 37 1d - - - - aabbd000 -
-[r] - - - -
-[e] 010001bc 010004c4 0
-[f] 010001c8 cdde8e93
-[d] 010001c4 13 1d 1d - 0 - fffffcdd -
-[r] 1d - 00000000 -
-[e] 010001c0 aabbd000 1
-[f] 010001cc 2bdf1e63
-[d] 010001c8 63 - 1e 1d 1 - 000002bc -
-[r] 1e 1d aabbccdd 00000000
-[e] 010001c4 aabbccdd 0
-[w] 010001bc 1 1e aabbccdd
-[f] 010001cc 2bdf1e63
-[d] 010001c8 63 - 1e 1d 1 - 000002bc -
-[r] 1e 1d aabbccdd aabbccdd
-[e] 010001c8 aabbccdd 0
-[w] 010001c0 1 1d aabbd000
-[f] 010001d0 00120213
-[d] 010001cc 13 04 04 - 0 - 00000001 -
-[r] 04 - aabbccdd -
-[e] 010001c8 01000484 0
-[w] 010001c4 1 1d aabbccdd
-[f] 010001d4 00200293
-[d] 010001d0 13 05 00 - 0 - 00000002 -
-[r] 00 - 00000001 -
-[e] 010001cc 00000002 0
-[f] 010001d8 fc521ae3
-[d] 010001d4 63 - 04 05 1 - ffffffd4 -
-[r] 04 05 00000000 00000000
-[e] 010001d0 00000002 0
-[f] 010001dc 00d00193
-[d] 010001d8 13 03 00 - 0 - 0000000d -
-[r] 00 - 00000001 -
-[e] 010001d4 010001a8 0
-[w] 010001cc 1 04 00000002
-[f] 010001e0 00000213
-[d] 010001dc 13 04 00 - 0 - 00000000 -
-[r] 00 - 00000000 -
-[e] 010001d8 0000000d 0
-[w] 010001d0 1 05 00000002
-[f] 010001e4 daabc0b7
-[d] 010001e0 37 01 - - - - daabc000 -
-[r] - - - -
-[e] 010001dc 00000000 0
-[f] 010001e8 ccd08093
-[d] 010001e4 13 01 01 - 0 - fffffccd -
-[r] 01 - 00000000 -
-[e] 010001e0 daabc000 0
-[w] 010001d8 1 03 0000000d
-[f] 010001ec 00000117
-[d] 010001e8 17 02 - - - - 00000000 -
-[r] - - - -
-[e] 010001e4 daabbccd 0
-[w] 010001dc 1 04 00000000
-[f] 010001f0 2dc10113
-[d] 010001ec 13 02 02 - 0 - 000002dc -
-[r] 02 - 00000000 -
-[e] 010001e8 010001e8 0
-[w] 010001e0 1 01 daabc000
-[f] 010001f8 00112223
-[d] 010001f4 23 - 02 01 2 - 00000004 -
-[r] 02 01 00000000 00000000
-[w] 010001e8 1 02 010001e8
-[f] 010001fc 00412f03
-[d] 010001f8 03 1e 02 - 2 - 00000004 -
-[r] 02 - 010004c4 -
-[e] 010001f4 010004c8 0
-[w] 010001ec 1 02 010004c4
-[f] 010001fc 00412f03
-[d] 010001f8 03 1e 02 - 2 - 00000004 -
-[r] 02 - 010001e8 -
-[e] 010001f8 010001e8 0
-[m] 010001f4 010004c8 1 2 daabbccd
-[f] 01000200 daabceb7
-[d] 010001fc 37 1d - - - - daabc000 -
-[r] - - - -
-[e] 010001f8 010004c8 0
-[f] 01000204 ccde8e93
-[d] 01000200 13 1d 1d - 0 - fffffccd -
-[r] 1d - 00000000 -
-[e] 010001fc daabc000 0
-[f] 01000208 29df1063
-[d] 01000204 63 - 1e 1d 1 - 00000280 -
-[r] 1e 1d aabbccdd 00000000
-[e] 01000200 daabbccd 0
-[w] 010001f8 1 1e daabbccd
-[f] 01000208 29df1063
-[d] 01000204 63 - 1e 1d 1 - 00000280 -
-[r] 1e 1d aabbccdd aabbccdd
-[e] 01000204 aabbccdd 0
-[w] 010001fc 1 1d daabc000
-[f] 0100020c 00120213
-[d] 01000208 13 04 04 - 0 - 00000001 -
-[r] 04 - daabbccd -
-[e] 01000204 01000484 0
-[w] 01000200 1 1d daabbccd
-[f] 01000210 00200293
-[d] 0100020c 13 05 00 - 0 - 00000002 -
-[r] 00 - 00000000 -
-[e] 01000208 00000001 0
-[f] 01000214 fc5218e3
-[d] 01000210 63 - 04 05 1 - ffffffd0 -
-[r] 04 05 00000000 00000000
-[e] 0100020c 00000002 0
-[f] 01000218 00e00193
-[d] 01000214 13 03 00 - 0 - 0000000e -
-[r] 00 - 00000000 -
-[e] 01000210 010001e0 1
-[w] 01000208 1 04 00000001
-[f] 010001e4 daabc0b7
-[d] 010001e0 37 01 - - - - daabc000 -
-[r] - - - -
-[f] 010001e8 ccd08093
-[d] 010001e4 13 01 01 - 0 - fffffccd -
-[r] 01 - 00000000 -
-[e] 010001e0 daabc000 0
-[f] 010001ec 00000117
-[d] 010001e8 17 02 - - - - 00000000 -
-[r] - - - -
-[e] 010001e4 daabbccd 0
-[f] 010001f0 2dc10113
-[d] 010001ec 13 02 02 - 0 - 000002dc -
-[r] 02 - 00000000 -
-[e] 010001e8 010001e8 0
-[w] 010001e0 1 01 daabc000
-[f] 010001f8 00112223
-[d] 010001f4 23 - 02 01 2 - 00000004 -
-[r] 02 01 00000000 00000000
-[w] 010001e8 1 02 010001e8
-[f] 010001fc 00412f03
-[d] 010001f8 03 1e 02 - 2 - 00000004 -
-[r] 02 - 010004c4 -
-[e] 010001f4 010004c8 0
-[w] 010001ec 1 02 010004c4
-[f] 010001fc 00412f03
-[d] 010001f8 03 1e 02 - 2 - 00000004 -
-[r] 02 - 010001e8 -
-[e] 010001f8 010001e8 0
-[m] 010001f4 010004c8 1 2 daabbccd
-[f] 01000200 daabceb7
-[d] 010001fc 37 1d - - - - daabc000 -
-[r] - - - -
-[e] 010001f8 010004c8 0
-[f] 01000204 ccde8e93
-[d] 01000200 13 1d 1d - 0 - fffffccd -
-[r] 1d - 00000000 -
-[e] 010001fc daabc000 0
-[f] 01000208 29df1063
-[d] 01000204 63 - 1e 1d 1 - 00000280 -
-[r] 1e 1d daabbccd 00000000
-[e] 01000200 daabbccd 0
-[w] 010001f8 1 1e daabbccd
-[f] 01000208 29df1063
-[d] 01000204 63 - 1e 1d 1 - 00000280 -
-[r] 1e 1d daabbccd daabbccd
-[e] 01000204 daabbccd 0
-[w] 010001fc 1 1d daabc000
-[f] 0100020c 00120213
-[d] 01000208 13 04 04 - 0 - 00000001 -
-[r] 04 - daabbccd -
-[e] 01000204 01000484 0
-[w] 01000200 1 1d daabbccd
-[f] 01000210 00200293
-[d] 0100020c 13 05 00 - 0 - 00000002 -
-[r] 00 - 00000001 -
-[e] 01000208 00000002 0
-[f] 01000214 fc5218e3
-[d] 01000210 63 - 04 05 1 - ffffffd0 -
-[r] 04 05 00000000 00000000
-[e] 0100020c 00000002 0
-[f] 01000218 00e00193
-[d] 01000214 13 03 00 - 0 - 0000000e -
-[r] 00 - 00000001 -
-[e] 01000210 010001e0 0
-[w] 01000208 1 04 00000002
-[f] 0100021c 00000213
-[d] 01000218 13 04 00 - 0 - 00000000 -
-[r] 00 - 00000000 -
-[e] 01000214 0000000e 0
-[w] 0100020c 1 05 00000002
-[f] 01000220 ddaac0b7
-[d] 0100021c 37 01 - - - - ddaac000 -
-[r] - - - -
-[e] 01000218 00000000 0
-[f] 01000224 bcc08093
-[d] 01000220 13 01 01 - 0 - fffffbcc -
-[r] 01 - 00000000 -
-[e] 0100021c ddaac000 0
-[w] 01000214 1 03 0000000e
-[f] 01000228 00000117
-[d] 01000224 17 02 - - - - 00000000 -
-[r] - - - -
-[e] 01000220 ddaabbcc 0
-[w] 01000218 1 04 00000000
-[f] 0100022c 2a010113
-[d] 01000228 13 02 02 - 0 - 000002a0 -
-[r] 02 - 00000000 -
-[e] 01000224 01000224 0
-[w] 0100021c 1 01 ddaac000
-[f] 01000238 00112423
-[d] 01000234 23 - 02 01 2 - 00000008 -
-[r] 02 01 00000000 00000000
-[w] 01000228 1 02 010004c4
-[f] 01000238 00112423
-[d] 01000234 23 - 02 01 2 - 00000008 -
-[r] 02 01 01000224 ddaabbcc
-[e] 01000234 01000224 0
-[f] 0100023c 00812f03
-[d] 01000238 03 1e 02 - 2 - 00000008 -
-[r] 02 - 010004c4 -
-[e] 01000234 010004cc 0
-[f] 01000240 ddaaceb7
-[d] 0100023c 37 1d - - - - ddaac000 -
-[r] - - - -
-[e] 01000238 010004cc 0
-[m] 01000234 010004cc 1 2 ddaabbcc
-[f] 01000244 bcce8e93
-[d] 01000240 13 1d 1d - 0 - fffffbcc -
-[r] 1d - 00000000 -
-[e] 0100023c ddaac000 0
-[f] 01000248 25df1063
-[d] 01000244 63 - 1e 1d 1 - 00000240 -
-[r] 1e 1d daabbccd 00000000
-[e] 01000240 ddaabbcc 0
-[w] 01000238 1 1e ddaabbcc
-[f] 01000248 25df1063
-[d] 01000244 63 - 1e 1d 1 - 00000240 -
-[r] 1e 1d daabbccd daabbccd
-[e] 01000244 daabbccd 0
-[w] 0100023c 1 1d ddaac000
-[f] 0100024c 00120213
-[d] 01000248 13 04 04 - 0 - 00000001 -
-[r] 04 - ddaabbcc -
-[e] 01000244 01000484 0
-[w] 01000240 1 1d ddaabbcc
-[f] 01000250 00200293
-[d] 0100024c 13 05 00 - 0 - 00000002 -
-[r] 00 - 00000000 -
-[e] 01000248 00000001 0
-[f] 01000254 fc5216e3
-[d] 01000250 63 - 04 05 1 - ffffffcc -
-[r] 04 05 00000000 00000000
-[e] 0100024c 00000002 0
-[f] 01000258 00f00193
-[d] 01000254 13 03 00 - 0 - 0000000f -
-[r] 00 - 00000000 -
-[e] 01000250 0100021c 1
-[w] 01000248 1 04 00000001
-[f] 01000220 ddaac0b7
-[d] 0100021c 37 01 - - - - ddaac000 -
-[r] - - - -
-[f] 01000224 bcc08093
-[d] 01000220 13 01 01 - 0 - fffffbcc -
-[r] 01 - 00000000 -
-[e] 0100021c ddaac000 0
-[f] 01000228 00000117
-[d] 01000224 17 02 - - - - 00000000 -
-[r] - - - -
-[e] 01000220 ddaabbcc 0
-[f] 0100022c 2a010113
-[d] 01000228 13 02 02 - 0 - 000002a0 -
-[r] 02 - 00000000 -
-[e] 01000224 01000224 0
-[w] 0100021c 1 01 ddaac000
-[f] 01000238 00112423
-[d] 01000234 23 - 02 01 2 - 00000008 -
-[r] 02 01 00000000 00000000
-[w] 01000228 1 02 010004c4
-[f] 01000238 00112423
-[d] 01000234 23 - 02 01 2 - 00000008 -
-[r] 02 01 01000224 ddaabbcc
-[e] 01000234 01000224 0
-[f] 0100023c 00812f03
-[d] 01000238 03 1e 02 - 2 - 00000008 -
-[r] 02 - 010004c4 -
-[e] 01000234 010004cc 0
-[f] 01000240 ddaaceb7
-[d] 0100023c 37 1d - - - - ddaac000 -
-[r] - - - -
-[e] 01000238 010004cc 0
-[m] 01000234 010004cc 1 2 ddaabbcc
-[f] 01000244 bcce8e93
-[d] 01000240 13 1d 1d - 0 - fffffbcc -
-[r] 1d - 00000000 -
-[e] 0100023c ddaac000 0
-[f] 01000248 25df1063
-[d] 01000244 63 - 1e 1d 1 - 00000240 -
-[r] 1e 1d ddaabbcc 00000000
-[e] 01000240 ddaabbcc 0
-[w] 01000238 1 1e ddaabbcc
-[f] 01000248 25df1063
-[d] 01000244 63 - 1e 1d 1 - 00000240 -
-[r] 1e 1d ddaabbcc ddaabbcc
-[e] 01000244 ddaabbcc 0
-[w] 0100023c 1 1d ddaac000
-[f] 0100024c 00120213
-[d] 01000248 13 04 04 - 0 - 00000001 -
-[r] 04 - ddaabbcc -
-[e] 01000244 01000484 0
-[w] 01000240 1 1d ddaabbcc
-[f] 01000250 00200293
-[d] 0100024c 13 05 00 - 0 - 00000002 -
-[r] 00 - 00000001 -
-[e] 01000248 00000002 0
-[f] 01000254 fc5216e3
-[d] 01000250 63 - 04 05 1 - ffffffcc -
-[r] 04 05 00000000 00000000
-[e] 0100024c 00000002 0
-[f] 01000258 00f00193
-[d] 01000254 13 03 00 - 0 - 0000000f -
-[r] 00 - 00000001 -
-[e] 01000250 0100021c 0
-[w] 01000248 1 04 00000002
-[f] 0100025c 00000213
-[d] 01000258 13 04 00 - 0 - 00000000 -
-[r] 00 - 00000000 -
-[e] 01000254 0000000f 0
-[w] 0100024c 1 05 00000002
-[f] 01000260 cddab0b7
-[d] 0100025c 37 01 - - - - cddab000 -
-[r] - - - -
-[e] 01000258 00000000 0
-[f] 01000264 bbc08093
-[d] 01000260 13 01 01 - 0 - fffffbbc -
-[r] 01 - 00000000 -
-[e] 0100025c cddab000 0
-[w] 01000254 1 03 0000000f
-[f] 0100026c 00000117
-[d] 01000268 17 02 - - - - 00000000 -
+[d] 0100002c 17 01 - - - - 00000000 -
 [r] - - - -
-[w] 0100025c 1 01 cddab000
-[f] 01000270 25c10113
-[d] 0100026c 13 02 02 - 0 - 0000025c -
-[r] 02 - 00000000 -
-[e] 01000268 01000268 0
-[w] 01000260 1 01 cddaabbc
-[f] 01000274 00112623
-[d] 01000270 23 - 02 01 2 - 0000000c -
-[r] 02 01 010004c4 00000000
-[e] 0100026c 010004c4 0
-[f] 01000278 00c12f03
-[d] 01000274 03 1e 02 - 2 - 0000000c -
-[r] 02 - 010004c4 -
-[e] 01000270 010004d0 0
-[w] 01000268 1 02 01000268
-[f] 0100027c cddabeb7
-[d] 01000278 37 1d - - - - cddab000 -
-[r] - - - -
-[e] 01000274 010004d0 0
-[m] 01000270 010004d0 1 2 cddaabbc
-[w] 0100026c 1 02 010004c4
-[f] 01000280 bbce8e93
-[d] 0100027c 13 1d 1d - 0 - fffffbbc -
-[r] 1d - 00000000 -
-[e] 01000278 cddab000 0
-[f] 01000284 21df1263
-[d] 01000280 63 - 1e 1d 1 - 00000204 -
-[r] 1e 1d ddaabbcc 00000000
-[e] 0100027c cddaabbc 0
-[w] 01000274 1 1e cddaabbc
-[f] 01000284 21df1263
-[d] 01000280 63 - 1e 1d 1 - 00000204 -
-[r] 1e 1d ddaabbcc ddaabbcc
-[e] 01000280 ddaabbcc 0
-[w] 01000278 1 1d cddab000
-[f] 01000288 00120213
-[d] 01000284 13 04 04 - 0 - 00000001 -
-[r] 04 - cddaabbc -
-[e] 01000280 01000484 0
-[w] 0100027c 1 1d cddaabbc
-[f] 0100028c 00200293
-[d] 01000288 13 05 00 - 0 - 00000002 -
-[r] 00 - 00000000 -
-[e] 01000284 00000001 0
-[f] 01000290 fc5218e3
-[d] 0100028c 63 - 04 05 1 - ffffffd0 -
-[r] 04 05 00000000 00000000
-[e] 01000288 00000002 0
-[f] 01000294 01000193
-[d] 01000290 13 03 00 - 0 - 00000010 -
-[r] 00 - 00000000 -
-[e] 0100028c 0100025c 1
-[w] 01000284 1 04 00000001
-[f] 01000260 cddab0b7
-[d] 0100025c 37 01 - - - - cddab000 -
-[r] - - - -
-[f] 01000264 bbc08093
-[d] 01000260 13 01 01 - 0 - fffffbbc -
-[r] 01 - 00000000 -
-[e] 0100025c cddab000 0
-[f] 0100026c 00000117
-[d] 01000268 17 02 - - - - 00000000 -
-[r] - - - -
-[w] 0100025c 1 01 cddab000
-[f] 01000270 25c10113
-[d] 0100026c 13 02 02 - 0 - 0000025c -
-[r] 02 - 00000000 -
-[e] 01000268 01000268 0
-[w] 01000260 1 01 cddaabbc
-[f] 01000274 00112623
-[d] 01000270 23 - 02 01 2 - 0000000c -
-[r] 02 01 010004c4 00000000
-[e] 0100026c 010004c4 0
-[f] 01000278 00c12f03
-[d] 01000274 03 1e 02 - 2 - 0000000c -
-[r] 02 - 010004c4 -
-[e] 01000270 010004d0 0
-[w] 01000268 1 02 01000268
-[f] 0100027c cddabeb7
-[d] 01000278 37 1d - - - - cddab000 -
-[r] - - - -
-[e] 01000274 010004d0 0
-[m] 01000270 010004d0 1 2 cddaabbc
-[w] 0100026c 1 02 010004c4
-[f] 01000280 bbce8e93
-[d] 0100027c 13 1d 1d - 0 - fffffbbc -
-[r] 1d - 00000000 -
-[e] 01000278 cddab000 0
-[f] 01000284 21df1263
-[d] 01000280 63 - 1e 1d 1 - 00000204 -
-[r] 1e 1d cddaabbc 00000000
-[e] 0100027c cddaabbc 0
-[w] 01000274 1 1e cddaabbc
-[f] 01000284 21df1263
-[d] 01000280 63 - 1e 1d 1 - 00000204 -
-[r] 1e 1d cddaabbc cddaabbc
-[e] 01000280 cddaabbc 0
-[w] 01000278 1 1d cddab000
-[f] 01000288 00120213
-[d] 01000284 13 04 04 - 0 - 00000001 -
-[r] 04 - cddaabbc -
-[e] 01000280 01000484 0
-[w] 0100027c 1 1d cddaabbc
-[f] 0100028c 00200293
-[d] 01000288 13 05 00 - 0 - 00000002 -
-[r] 00 - 00000001 -
-[e] 01000284 00000002 0
-[f] 01000290 fc5218e3
-[d] 0100028c 63 - 04 05 1 - ffffffd0 -
-[r] 04 05 00000000 00000000
-[e] 01000288 00000002 0
-[f] 01000294 01000193
-[d] 01000290 13 03 00 - 0 - 00000010 -
-[r] 00 - 00000001 -
-[e] 0100028c 0100025c 0
-[w] 01000284 1 04 00000002
-[f] 01000298 00000213
-[d] 01000294 13 04 00 - 0 - 00000000 -
-[r] 00 - 00000000 -
-[e] 01000290 00000010 0
-[w] 01000288 1 05 00000002
-[f] 0100029c ccddb0b7
-[d] 01000298 37 01 - - - - ccddb000 -
-[r] - - - -
-[e] 01000294 00000000 0
-[f] 010002a0 abb08093
-[d] 0100029c 13 01 01 - 0 - fffffabb -
-[r] 01 - 00000000 -
-[e] 01000298 ccddb000 0
-[w] 01000290 1 03 00000010
-[f] 010002a8 00000117
-[d] 010002a4 17 02 - - - - 00000000 -
-[r] - - - -
-[w] 01000298 1 01 ccddb000
-[f] 010002ac 22010113
-[d] 010002a8 13 02 02 - 0 - 00000220 -
-[r] 02 - 00000000 -
-[e] 010002a4 010002a4 0
-[w] 0100029c 1 01 ccddaabb
-[f] 010002b4 00112823
-[d] 010002b0 23 - 02 01 2 - 00000010 -
-[r] 02 01 00000000 00000000
-[w] 010002a4 1 02 010002a4
-[f] 010002b8 01012f03
-[d] 010002b4 03 1e 02 - 2 - 00000010 -
-[r] 02 - 010004c4 -
-[e] 010002b0 010004d4 0
-[w] 010002a8 1 02 010004c4
-[f] 010002b8 01012f03
-[d] 010002b4 03 1e 02 - 2 - 00000010 -
-[r] 02 - 010002a4 -
-[e] 010002b4 010002a4 0
-[m] 010002b0 010004d4 1 2 ccddaabb
-[f] 010002bc ccddbeb7
-[d] 010002b8 37 1d - - - - ccddb000 -
-[r] - - - -
-[e] 010002b4 010004d4 0
-[f] 010002c0 abbe8e93
-[d] 010002bc 13 1d 1d - 0 - fffffabb -
-[r] 1d - 00000000 -
-[e] 010002b8 ccddb000 0
-[f] 010002c4 1ddf1263
-[d] 010002c0 63 - 1e 1d 1 - 000001c4 -
-[r] 1e 1d cddaabbc 00000000
-[e] 010002bc ccddaabb 0
-[w] 010002b4 1 1e ccddaabb
-[f] 010002c4 1ddf1263
-[d] 010002c0 63 - 1e 1d 1 - 000001c4 -
-[r] 1e 1d cddaabbc cddaabbc
-[e] 010002c0 cddaabbc 0
-[w] 010002b8 1 1d ccddb000
-[f] 010002c8 00120213
-[d] 010002c4 13 04 04 - 0 - 00000001 -
-[r] 04 - ccddaabb -
-[e] 010002c0 01000484 0
-[w] 010002bc 1 1d ccddaabb
-[f] 010002cc 00200293
-[d] 010002c8 13 05 00 - 0 - 00000002 -
-[r] 00 - 00000000 -
-[e] 010002c4 00000001 0
-[f] 010002d0 fc5216e3
-[d] 010002cc 63 - 04 05 1 - ffffffcc -
-[r] 04 05 00000000 00000000
-[e] 010002c8 00000002 0
-[f] 010002d4 01100193
-[d] 010002d0 13 03 00 - 0 - 00000011 -
-[r] 00 - 00000000 -
-[e] 010002cc 01000298 1
-[w] 010002c4 1 04 00000001
-[f] 0100029c ccddb0b7
-[d] 01000298 37 01 - - - - ccddb000 -
-[r] - - - -
-[f] 010002a0 abb08093
-[d] 0100029c 13 01 01 - 0 - fffffabb -
-[r] 01 - 00000000 -
-[e] 01000298 ccddb000 0
-[f] 010002a8 00000117
-[d] 010002a4 17 02 - - - - 00000000 -
-[r] - - - -
-[w] 01000298 1 01 ccddb000
-[f] 010002ac 22010113
-[d] 010002a8 13 02 02 - 0 - 00000220 -
-[r] 02 - 00000000 -
-[e] 010002a4 010002a4 0
-[w] 0100029c 1 01 ccddaabb
-[f] 010002b4 00112823
-[d] 010002b0 23 - 02 01 2 - 00000010 -
-[r] 02 01 00000000 00000000
-[w] 010002a4 1 02 010002a4
-[f] 010002b8 01012f03
-[d] 010002b4 03 1e 02 - 2 - 00000010 -
-[r] 02 - 010004c4 -
-[e] 010002b0 010004d4 0
-[w] 010002a8 1 02 010004c4
-[f] 010002b8 01012f03
-[d] 010002b4 03 1e 02 - 2 - 00000010 -
-[r] 02 - 010002a4 -
-[e] 010002b4 010002a4 0
-[m] 010002b0 010004d4 1 2 ccddaabb
-[f] 010002bc ccddbeb7
-[d] 010002b8 37 1d - - - - ccddb000 -
-[r] - - - -
-[e] 010002b4 010004d4 0
-[f] 010002c0 abbe8e93
-[d] 010002bc 13 1d 1d - 0 - fffffabb -
-[r] 1d - 00000000 -
-[e] 010002b8 ccddb000 0
-[f] 010002c4 1ddf1263
-[d] 010002c0 63 - 1e 1d 1 - 000001c4 -
-[r] 1e 1d ccddaabb 00000000
-[e] 010002bc ccddaabb 0
-[w] 010002b4 1 1e ccddaabb
-[f] 010002c4 1ddf1263
-[d] 010002c0 63 - 1e 1d 1 - 000001c4 -
-[r] 1e 1d ccddaabb ccddaabb
-[e] 010002c0 ccddaabb 0
-[w] 010002b8 1 1d ccddb000
-[f] 010002c8 00120213
-[d] 010002c4 13 04 04 - 0 - 00000001 -
-[r] 04 - ccddaabb -
-[e] 010002c0 01000484 0
-[w] 010002bc 1 1d ccddaabb
-[f] 010002cc 00200293
-[d] 010002c8 13 05 00 - 0 - 00000002 -
-[r] 00 - 00000001 -
-[e] 010002c4 00000002 0
-[f] 010002d0 fc5216e3
-[d] 010002cc 63 - 04 05 1 - ffffffcc -
-[r] 04 05 00000000 00000000
-[e] 010002c8 00000002 0
-[f] 010002d4 01100193
-[d] 010002d0 13 03 00 - 0 - 00000011 -
-[r] 00 - 00000001 -
-[e] 010002cc 01000298 0
-[w] 010002c4 1 04 00000002
-[f] 010002d8 00000213
-[d] 010002d4 13 04 00 - 0 - 00000000 -
-[r] 00 - 00000000 -
-[e] 010002d0 00000011 0
-[w] 010002c8 1 05 00000002
-[f] 010002dc bccde0b7
-[d] 010002d8 37 01 - - - - bccde000 -
-[r] - - - -
-[e] 010002d4 00000000 0
-[f] 010002e0 aab08093
-[d] 010002dc 13 01 01 - 0 - fffffaab -
-[r] 01 - 00000000 -
-[e] 010002d8 bccde000 0
-[w] 010002d0 1 03 00000011
-[f] 010002ec 00000117
-[d] 010002e8 17 02 - - - - 00000000 -
-[r] - - - -
-[w] 010002dc 1 01 bccddaab
-[f] 010002f0 1dc10113
-[d] 010002ec 13 02 02 - 0 - 000001dc -
-[r] 02 - 00000000 -
-[e] 010002e8 010002e8 0
-[f] 010002f4 00112a23
-[d] 010002f0 23 - 02 01 2 - 00000014 -
-[r] 02 01 010004c4 00000000
-[e] 010002ec 010004c4 0
-[f] 010002f8 01412f03
-[d] 010002f4 03 1e 02 - 2 - 00000014 -
-[r] 02 - 010004c4 -
-[e] 010002f0 010004d8 0
-[w] 010002e8 1 02 010002e8
-[f] 010002fc bccdeeb7
-[d] 010002f8 37 1d - - - - bccde000 -
-[r] - - - -
-[e] 010002f4 010004d8 0
-[m] 010002f0 010004d8 1 2 bccddaab
-[w] 010002ec 1 02 010004c4
-[f] 01000300 aabe8e93
-[d] 010002fc 13 1d 1d - 0 - fffffaab -
-[r] 1d - 00000000 -
-[e] 010002f8 bccde000 0
-[f] 01000304 19df1263
-[d] 01000300 63 - 1e 1d 1 - 00000184 -
-[r] 1e 1d ccddaabb 00000000
-[e] 010002fc bccddaab 0
-[w] 010002f4 1 1e bccddaab
-[f] 01000304 19df1263
-[d] 01000300 63 - 1e 1d 1 - 00000184 -
-[r] 1e 1d ccddaabb ccddaabb
-[e] 01000300 ccddaabb 0
-[w] 010002f8 1 1d bccde000
-[f] 01000308 00120213
-[d] 01000304 13 04 04 - 0 - 00000001 -
-[r] 04 - bccddaab -
-[e] 01000300 01000484 0
-[w] 010002fc 1 1d bccddaab
-[f] 0100030c 00200293
-[d] 01000308 13 05 00 - 0 - 00000002 -
-[r] 00 - 00000000 -
-[e] 01000304 00000001 0
-[f] 01000310 fc5216e3
-[d] 0100030c 63 - 04 05 1 - ffffffcc -
-[r] 04 05 00000000 00000000
-[e] 01000308 00000002 0
-[f] 01000314 01200193
-[d] 01000310 13 03 00 - 0 - 00000012 -
-[r] 00 - 00000000 -
-[e] 0100030c 010002d8 1
-[w] 01000304 1 04 00000001
-[f] 010002dc bccde0b7
-[d] 010002d8 37 01 - - - - bccde000 -
-[r] - - - -
-[f] 010002e0 aab08093
-[d] 010002dc 13 01 01 - 0 - fffffaab -
-[r] 01 - 00000000 -
-[e] 010002d8 bccde000 0
-[f] 010002ec 00000117
-[d] 010002e8 17 02 - - - - 00000000 -
-[r] - - - -
-[w] 010002dc 1 01 bccddaab
-[f] 010002f0 1dc10113
-[d] 010002ec 13 02 02 - 0 - 000001dc -
-[r] 02 - 00000000 -
-[e] 010002e8 010002e8 0
-[f] 010002f4 00112a23
-[d] 010002f0 23 - 02 01 2 - 00000014 -
-[r] 02 01 010004c4 00000000
-[e] 010002ec 010004c4 0
-[f] 010002f8 01412f03
-[d] 010002f4 03 1e 02 - 2 - 00000014 -
-[r] 02 - 010004c4 -
-[e] 010002f0 010004d8 0
-[w] 010002e8 1 02 010002e8
-[f] 010002fc bccdeeb7
-[d] 010002f8 37 1d - - - - bccde000 -
-[r] - - - -
-[e] 010002f4 010004d8 0
-[m] 010002f0 010004d8 1 2 bccddaab
-[w] 010002ec 1 02 010004c4
-[f] 01000300 aabe8e93
-[d] 010002fc 13 1d 1d - 0 - fffffaab -
-[r] 1d - 00000000 -
-[e] 010002f8 bccde000 0
-[f] 01000304 19df1263
-[d] 01000300 63 - 1e 1d 1 - 00000184 -
-[r] 1e 1d bccddaab 00000000
-[e] 010002fc bccddaab 0
-[w] 010002f4 1 1e bccddaab
-[f] 01000304 19df1263
-[d] 01000300 63 - 1e 1d 1 - 00000184 -
-[r] 1e 1d bccddaab bccddaab
-[e] 01000300 bccddaab 0
-[w] 010002f8 1 1d bccde000
-[f] 01000308 00120213
-[d] 01000304 13 04 04 - 0 - 00000001 -
-[r] 04 - bccddaab -
-[e] 01000300 01000484 0
-[w] 010002fc 1 1d bccddaab
-[f] 0100030c 00200293
-[d] 01000308 13 05 00 - 0 - 00000002 -
-[r] 00 - 00000001 -
-[e] 01000304 00000002 0
-[f] 01000310 fc5216e3
-[d] 0100030c 63 - 04 05 1 - ffffffcc -
-[r] 04 05 00000000 00000000
-[e] 01000308 00000002 0
-[f] 01000314 01200193
-[d] 01000310 13 03 00 - 0 - 00000012 -
-[r] 00 - 00000001 -
-[e] 0100030c 010002d8 0
-[w] 01000304 1 04 00000002
-[f] 01000318 00000213
-[d] 01000314 13 04 00 - 0 - 00000000 -
-[r] 00 - 00000000 -
-[e] 01000310 00000012 0
-[w] 01000308 1 05 00000002
-[f] 0100031c 00000117
-[d] 01000318 17 02 - - - - 00000000 -
-[r] - - - -
-[e] 01000314 00000000 0
-[f] 01000320 1ac10113
-[d] 0100031c 13 02 02 - 0 - 000001ac -
-[r] 02 - 00000000 -
-[e] 01000318 01000318 0
-[w] 01000310 1 03 00000012
-[f] 01000324 001120b7
-[d] 01000320 37 01 - - - - 00112000 -
-[r] - - - -
-[e] 0100031c 010004c4 0
-[w] 01000314 1 04 00000000
-[f] 01000328 23308093
-[d] 01000324 13 01 01 - 0 - 00000233 -
-[r] 01 - 00000000 -
-[e] 01000320 00112000 0
-[w] 01000318 1 02 01000318
-[f] 0100032c 00112023
-[d] 01000328 23 - 02 01 2 - 00000000 -
-[r] 02 01 bccddaab 00000000
-[e] 01000324 00112233 0
-[w] 0100031c 1 02 010004c4
-[f] 0100032c 00112023
-[d] 01000328 23 - 02 01 2 - 00000000 -
-[r] 02 01 01000318 bccddaab
-[e] 01000328 01000318 0
-[w] 01000320 1 01 00112000
-[f] 01000330 00012f03
-[d] 0100032c 03 1e 02 - 2 - 00000000 -
-[r] 02 - 010004c4 -
-[e] 01000328 010004c4 0
-[w] 01000324 1 01 00112233
-[f] 01000334 00112eb7
-[d] 01000330 37 1d - - - - 00112000 -
-[r] - - - -
-[e] 0100032c 010004c4 0
-[m] 01000328 010004c4 1 2 00112233
-[f] 01000338 233e8e93
-[d] 01000334 13 1d 1d - 0 - 00000233 -
-[r] 1d - 00000000 -
-[e] 01000330 00112000 0
-[f] 0100033c 15df1663
-[d] 01000338 63 - 1e 1d 1 - 0000014c -
-[r] 1e 1d bccddaab 00000000
-[e] 01000334 00112233 0
-[w] 0100032c 1 1e 00112233
-[f] 0100033c 15df1663
-[d] 01000338 63 - 1e 1d 1 - 0000014c -
-[r] 1e 1d bccddaab bccddaab
-[e] 01000338 bccddaab 0
-[w] 01000330 1 1d 00112000
-[f] 01000340 00120213
-[d] 0100033c 13 04 04 - 0 - 00000001 -
-[r] 04 - 00112233 -
-[e] 01000338 01000484 0
-[w] 01000334 1 1d 00112233
-[f] 01000344 00200293
-[d] 01000340 13 05 00 - 0 - 00000002 -
-[r] 00 - 00000000 -
-[e] 0100033c 00000001 0
-[f] 01000348 fc521ae3
-[d] 01000344 63 - 04 05 1 - ffffffd4 -
-[r] 04 05 00000000 00000000
-[e] 01000340 00000002 0
-[f] 0100034c 01300193
-[d] 01000348 13 03 00 - 0 - 00000013 -
-[r] 00 - 00000000 -
-[e] 01000344 01000318 1
-[w] 0100033c 1 04 00000001
-[f] 0100031c 00000117
-[d] 01000318 17 02 - - - - 00000000 -
-[r] - - - -
-[f] 01000320 1ac10113
-[d] 0100031c 13 02 02 - 0 - 000001ac -
-[r] 02 - 00000000 -
-[e] 01000318 01000318 0
-[f] 01000324 001120b7
-[d] 01000320 37 01 - - - - 00112000 -
-[r] - - - -
-[e] 0100031c 010004c4 0
-[f] 01000328 23308093
-[d] 01000324 13 01 01 - 0 - 00000233 -
-[r] 01 - 00000000 -
-[e] 01000320 00112000 0
-[w] 01000318 1 02 01000318
-[f] 0100032c 00112023
-[d] 01000328 23 - 02 01 2 - 00000000 -
-[r] 02 01 00112233 00000000
-[e] 01000324 00112233 0
-[w] 0100031c 1 02 010004c4
-[f] 0100032c 00112023
-[d] 01000328 23 - 02 01 2 - 00000000 -
-[r] 02 01 01000318 00112233
-[e] 01000328 01000318 0
-[w] 01000320 1 01 00112000
-[f] 01000330 00012f03
-[d] 0100032c 03 1e 02 - 2 - 00000000 -
-[r] 02 - 010004c4 -
-[e] 01000328 010004c4 0
-[w] 01000324 1 01 00112233
-[f] 01000334 00112eb7
-[d] 01000330 37 1d - - - - 00112000 -
-[r] - - - -
-[e] 0100032c 010004c4 0
-[m] 01000328 010004c4 1 2 00112233
-[f] 01000338 233e8e93
-[d] 01000334 13 1d 1d - 0 - 00000233 -
-[r] 1d - 00000000 -
-[e] 01000330 00112000 0
-[f] 0100033c 15df1663
-[d] 01000338 63 - 1e 1d 1 - 0000014c -
-[r] 1e 1d 00112233 00000000
-[e] 01000334 00112233 0
-[w] 0100032c 1 1e 00112233
-[f] 0100033c 15df1663
-[d] 01000338 63 - 1e 1d 1 - 0000014c -
-[r] 1e 1d 00112233 00112233
-[e] 01000338 00112233 0
-[w] 01000330 1 1d 00112000
-[f] 01000340 00120213
-[d] 0100033c 13 04 04 - 0 - 00000001 -
-[r] 04 - 00112233 -
-[e] 01000338 01000484 0
-[w] 01000334 1 1d 00112233
-[f] 01000344 00200293
-[d] 01000340 13 05 00 - 0 - 00000002 -
-[r] 00 - 00000001 -
-[e] 0100033c 00000002 0
-[f] 01000348 fc521ae3
-[d] 01000344 63 - 04 05 1 - ffffffd4 -
-[r] 04 05 00000000 00000000
-[e] 01000340 00000002 0
-[f] 0100034c 01300193
-[d] 01000348 13 03 00 - 0 - 00000013 -
-[r] 00 - 00000001 -
-[e] 01000344 01000318 0
-[w] 0100033c 1 04 00000002
-[f] 01000350 00000213
-[d] 0100034c 13 04 00 - 0 - 00000000 -
-[r] 00 - 00000000 -
-[e] 01000348 00000013 0
-[w] 01000340 1 05 00000002
-[f] 01000354 00000117
-[d] 01000350 17 02 - - - - 00000000 -
-[r] - - - -
-[e] 0100034c 00000000 0
-[f] 01000358 17410113
-[d] 01000354 13 02 02 - 0 - 00000174 -
-[r] 02 - 00000000 -
-[e] 01000350 01000350 0
-[w] 01000348 1 03 00000013
-[f] 0100035c 300110b7
-[d] 01000358 37 01 - - - - 30011000 -
-[r] - - - -
-[e] 01000354 010004c4 0
-[w] 0100034c 1 04 00000000
-[f] 01000360 22308093
-[d] 0100035c 13 01 01 - 0 - 00000223 -
-[r] 01 - 00000000 -
-[e] 01000358 30011000 0
-[w] 01000350 1 02 01000350
-[f] 01000368 00112223
-[d] 01000364 23 - 02 01 2 - 00000004 -
-[r] 02 01 00000000 00000000
-[w] 01000358 1 01 30011000
-[f] 0100036c 00412f03
-[d] 01000368 03 1e 02 - 2 - 00000004 -
-[r] 02 - 010004c4 -
-[e] 01000364 010004c8 0
-[w] 0100035c 1 01 30011223
-[f] 01000370 30011eb7
-[d] 0100036c 37 1d - - - - 30011000 -
-[r] - - - -
-[e] 01000368 010004c8 0
-[m] 01000364 010004c8 1 2 30011223
-[f] 01000374 223e8e93
-[d] 01000370 13 1d 1d - 0 - 00000223 -
-[r] 1d - 00000000 -
-[e] 0100036c 30011000 0
-[f] 01000378 11df1863
-[d] 01000374 63 - 1e 1d 1 - 00000110 -
-[r] 1e 1d 00112233 00000000
-[e] 01000370 30011223 0
-[w] 01000368 1 1e 30011223
-[f] 01000378 11df1863
-[d] 01000374 63 - 1e 1d 1 - 00000110 -
-[r] 1e 1d 00112233 00112233
-[e] 01000374 00112233 0
-[w] 0100036c 1 1d 30011000
-[f] 0100037c 00120213
-[d] 01000378 13 04 04 - 0 - 00000001 -
-[r] 04 - 30011223 -
-[e] 01000374 01000484 0
-[w] 01000370 1 1d 30011223
-[f] 01000380 00200293
-[d] 0100037c 13 05 00 - 0 - 00000002 -
-[r] 00 - 00000000 -
-[e] 01000378 00000001 0
-[f] 01000384 fc5218e3
-[d] 01000380 63 - 04 05 1 - ffffffd0 -
-[r] 04 05 00000000 00000000
-[e] 0100037c 00000002 0
-[f] 01000388 01400193
-[d] 01000384 13 03 00 - 0 - 00000014 -
-[r] 00 - 00000000 -
-[e] 01000380 01000350 1
-[w] 01000378 1 04 00000001
-[f] 01000354 00000117
-[d] 01000350 17 02 - - - - 00000000 -
-[r] - - - -
-[f] 01000358 17410113
-[d] 01000354 13 02 02 - 0 - 00000174 -
-[r] 02 - 00000000 -
-[e] 01000350 01000350 0
-[f] 0100035c 300110b7
-[d] 01000358 37 01 - - - - 30011000 -
-[r] - - - -
-[e] 01000354 010004c4 0
-[f] 01000360 22308093
-[d] 0100035c 13 01 01 - 0 - 00000223 -
-[r] 01 - 00000000 -
-[e] 01000358 30011000 0
-[w] 01000350 1 02 01000350
-[f] 01000368 00112223
-[d] 01000364 23 - 02 01 2 - 00000004 -
-[r] 02 01 00000000 00000000
-[w] 01000358 1 01 30011000
-[f] 0100036c 00412f03
-[d] 01000368 03 1e 02 - 2 - 00000004 -
-[r] 02 - 010004c4 -
-[e] 01000364 010004c8 0
-[w] 0100035c 1 01 30011223
-[f] 01000370 30011eb7
-[d] 0100036c 37 1d - - - - 30011000 -
-[r] - - - -
-[e] 01000368 010004c8 0
-[m] 01000364 010004c8 1 2 30011223
-[f] 01000374 223e8e93
-[d] 01000370 13 1d 1d - 0 - 00000223 -
-[r] 1d - 00000000 -
-[e] 0100036c 30011000 0
-[f] 01000378 11df1863
-[d] 01000374 63 - 1e 1d 1 - 00000110 -
-[r] 1e 1d 30011223 00000000
-[e] 01000370 30011223 0
-[w] 01000368 1 1e 30011223
-[f] 01000378 11df1863
-[d] 01000374 63 - 1e 1d 1 - 00000110 -
-[r] 1e 1d 30011223 30011223
-[e] 01000374 30011223 0
-[w] 0100036c 1 1d 30011000
-[f] 0100037c 00120213
-[d] 01000378 13 04 04 - 0 - 00000001 -
-[r] 04 - 30011223 -
-[e] 01000374 01000484 0
-[w] 01000370 1 1d 30011223
-[f] 01000380 00200293
-[d] 0100037c 13 05 00 - 0 - 00000002 -
-[r] 00 - 00000001 -
-[e] 01000378 00000002 0
-[f] 01000384 fc5218e3
-[d] 01000380 63 - 04 05 1 - ffffffd0 -
-[r] 04 05 00000000 00000000
-[e] 0100037c 00000002 0
-[f] 01000388 01400193
-[d] 01000384 13 03 00 - 0 - 00000014 -
-[r] 00 - 00000001 -
-[e] 01000380 01000350 0
-[w] 01000378 1 04 00000002
-[f] 0100038c 00000213
-[d] 01000388 13 04 00 - 0 - 00000000 -
-[r] 00 - 00000000 -
-[e] 01000384 00000014 0
-[w] 0100037c 1 05 00000002
-[f] 01000390 00000117
-[d] 0100038c 17 02 - - - - 00000000 -
-[r] - - - -
-[e] 01000388 00000000 0
-[f] 01000394 13810113
-[d] 01000390 13 02 02 - 0 - 00000138 -
-[r] 02 - 00000000 -
-[e] 0100038c 0100038c 0
-[w] 01000384 1 03 00000014
-[f] 01000398 330010b7
-[d] 01000394 37 01 - - - - 33001000 -
-[r] - - - -
-[e] 01000390 010004c4 0
-[w] 01000388 1 04 00000000
-[f] 0100039c 12208093
-[d] 01000398 13 01 01 - 0 - 00000122 -
-[r] 01 - 00000000 -
-[e] 01000394 33001000 0
-[w] 0100038c 1 02 0100038c
-[f] 010003a8 00112423
-[d] 010003a4 23 - 02 01 2 - 00000008 -
-[r] 02 01 00000000 00000000
-[w] 01000398 1 01 33001122
-[f] 010003a8 00112423
-[d] 010003a4 23 - 02 01 2 - 00000008 -
-[r] 02 01 010004c4 33001000
-[e] 010003a4 010004c4 0
-[f] 010003ac 00812f03
-[d] 010003a8 03 1e 02 - 2 - 00000008 -
-[r] 02 - 010004c4 -
-[e] 010003a4 010004cc 0
-[f] 010003b0 33001eb7
-[d] 010003ac 37 1d - - - - 33001000 -
-[r] - - - -
-[e] 010003a8 010004cc 0
-[m] 010003a4 010004cc 1 2 33001122
-[f] 010003b4 122e8e93
-[d] 010003b0 13 1d 1d - 0 - 00000122 -
-[r] 1d - 00000000 -
-[e] 010003ac 33001000 0
-[f] 010003b8 0ddf1863
-[d] 010003b4 63 - 1e 1d 1 - 000000d0 -
-[r] 1e 1d 30011223 00000000
-[e] 010003b0 33001122 0
-[w] 010003a8 1 1e 33001122
-[f] 010003b8 0ddf1863
-[d] 010003b4 63 - 1e 1d 1 - 000000d0 -
-[r] 1e 1d 30011223 30011223
-[e] 010003b4 30011223 0
-[w] 010003ac 1 1d 33001000
-[f] 010003bc 00120213
-[d] 010003b8 13 04 04 - 0 - 00000001 -
-[r] 04 - 33001122 -
-[e] 010003b4 01000484 0
-[w] 010003b0 1 1d 33001122
-[f] 010003c0 00200293
-[d] 010003bc 13 05 00 - 0 - 00000002 -
-[r] 00 - 00000000 -
-[e] 010003b8 00000001 0
-[f] 010003c4 fc5216e3
-[d] 010003c0 63 - 04 05 1 - ffffffcc -
-[r] 04 05 00000000 00000000
-[e] 010003bc 00000002 0
-[f] 010003c8 01500193
-[d] 010003c4 13 03 00 - 0 - 00000015 -
-[r] 00 - 00000000 -
-[e] 010003c0 0100038c 1
-[w] 010003b8 1 04 00000001
-[f] 01000390 00000117
-[d] 0100038c 17 02 - - - - 00000000 -
-[r] - - - -
-[f] 01000394 13810113
-[d] 01000390 13 02 02 - 0 - 00000138 -
-[r] 02 - 00000000 -
-[e] 0100038c 0100038c 0
-[f] 01000398 330010b7
-[d] 01000394 37 01 - - - - 33001000 -
-[r] - - - -
-[e] 01000390 010004c4 0
-[f] 0100039c 12208093
-[d] 01000398 13 01 01 - 0 - 00000122 -
-[r] 01 - 00000000 -
-[e] 01000394 33001000 0
-[w] 0100038c 1 02 0100038c
-[f] 010003a8 00112423
-[d] 010003a4 23 - 02 01 2 - 00000008 -
-[r] 02 01 00000000 00000000
-[w] 01000398 1 01 33001122
-[f] 010003a8 00112423
-[d] 010003a4 23 - 02 01 2 - 00000008 -
-[r] 02 01 010004c4 33001000
-[e] 010003a4 010004c4 0
-[f] 010003ac 00812f03
-[d] 010003a8 03 1e 02 - 2 - 00000008 -
-[r] 02 - 010004c4 -
-[e] 010003a4 010004cc 0
-[f] 010003b0 33001eb7
-[d] 010003ac 37 1d - - - - 33001000 -
-[r] - - - -
-[e] 010003a8 010004cc 0
-[m] 010003a4 010004cc 1 2 33001122
-[f] 010003b4 122e8e93
-[d] 010003b0 13 1d 1d - 0 - 00000122 -
-[r] 1d - 00000000 -
-[e] 010003ac 33001000 0
-[f] 010003b8 0ddf1863
-[d] 010003b4 63 - 1e 1d 1 - 000000d0 -
-[r] 1e 1d 33001122 00000000
-[e] 010003b0 33001122 0
-[w] 010003a8 1 1e 33001122
-[f] 010003b8 0ddf1863
-[d] 010003b4 63 - 1e 1d 1 - 000000d0 -
-[r] 1e 1d 33001122 33001122
-[e] 010003b4 33001122 0
-[w] 010003ac 1 1d 33001000
-[f] 010003bc 00120213
-[d] 010003b8 13 04 04 - 0 - 00000001 -
-[r] 04 - 33001122 -
-[e] 010003b4 01000484 0
-[w] 010003b0 1 1d 33001122
-[f] 010003c0 00200293
-[d] 010003bc 13 05 00 - 0 - 00000002 -
-[r] 00 - 00000001 -
-[e] 010003b8 00000002 0
-[f] 010003c4 fc5216e3
-[d] 010003c0 63 - 04 05 1 - ffffffcc -
-[r] 04 05 00000000 00000000
-[e] 010003bc 00000002 0
-[f] 010003c8 01500193
-[d] 010003c4 13 03 00 - 0 - 00000015 -
-[r] 00 - 00000001 -
-[e] 010003c0 0100038c 0
-[w] 010003b8 1 04 00000002
-[f] 010003cc 00000213
-[d] 010003c8 13 04 00 - 0 - 00000000 -
-[r] 00 - 00000000 -
-[e] 010003c4 00000015 0
-[w] 010003bc 1 05 00000002
-[f] 010003d0 00000117
-[d] 010003cc 17 02 - - - - 00000000 -
-[r] - - - -
-[e] 010003c8 00000000 0
-[f] 010003d4 0f810113
-[d] 010003d0 13 02 02 - 0 - 000000f8 -
-[r] 02 - 00000000 -
-[e] 010003cc 010003cc 0
-[w] 010003c4 1 03 00000015
-[f] 010003dc 233000b7
-[d] 010003d8 37 01 - - - - 23300000 -
-[r] - - - -
-[w] 010003cc 1 02 010003cc
-[f] 010003e0 11208093
-[d] 010003dc 13 01 01 - 0 - 00000112 -
-[r] 01 - 00000000 -
-[e] 010003d8 23300000 0
-[w] 010003d0 1 02 010004c4
-[f] 010003e4 00112623
-[d] 010003e0 23 - 02 01 2 - 0000000c -
-[r] 02 01 33001122 00000000
-[e] 010003dc 23300112 0
-[f] 010003e8 00c12f03
-[d] 010003e4 03 1e 02 - 2 - 0000000c -
-[r] 02 - 010004c4 -
-[e] 010003e0 010004d0 0
-[w] 010003d8 1 01 23300000
-[f] 010003ec 23300eb7
-[d] 010003e8 37 1d - - - - 23300000 -
-[r] - - - -
-[e] 010003e4 010004d0 0
-[m] 010003e0 010004d0 1 2 23300112
-[w] 010003dc 1 01 23300112
-[f] 010003f0 112e8e93
-[d] 010003ec 13 1d 1d - 0 - 00000112 -
-[r] 1d - 00000000 -
-[e] 010003e8 23300000 0
-[f] 010003f4 09df1a63
-[d] 010003f0 63 - 1e 1d 1 - 00000094 -
-[r] 1e 1d 33001122 00000000
-[e] 010003ec 23300112 0
-[w] 010003e4 1 1e 23300112
-[f] 010003f4 09df1a63
-[d] 010003f0 63 - 1e 1d 1 - 00000094 -
-[r] 1e 1d 33001122 33001122
-[e] 010003f0 33001122 0
-[w] 010003e8 1 1d 23300000
-[f] 010003f8 00120213
-[d] 010003f4 13 04 04 - 0 - 00000001 -
-[r] 04 - 23300112 -
-[e] 010003f0 01000484 0
-[w] 010003ec 1 1d 23300112
-[f] 010003fc 00200293
-[d] 010003f8 13 05 00 - 0 - 00000002 -
-[r] 00 - 00000000 -
-[e] 010003f4 00000001 0
-[f] 01000400 fc5218e3
-[d] 010003fc 63 - 04 05 1 - ffffffd0 -
-[r] 04 05 00000000 00000000
-[e] 010003f8 00000002 0
-[f] 01000404 01600193
-[d] 01000400 13 03 00 - 0 - 00000016 -
-[r] 00 - 00000000 -
-[e] 010003fc 010003cc 1
-[w] 010003f4 1 04 00000001
-[f] 010003d0 00000117
-[d] 010003cc 17 02 - - - - 00000000 -
-[r] - - - -
-[f] 010003d4 0f810113
-[d] 010003d0 13 02 02 - 0 - 000000f8 -
-[r] 02 - 00000000 -
-[e] 010003cc 010003cc 0
-[f] 010003dc 233000b7
-[d] 010003d8 37 01 - - - - 23300000 -
-[r] - - - -
-[w] 010003cc 1 02 010003cc
-[f] 010003e0 11208093
-[d] 010003dc 13 01 01 - 0 - 00000112 -
-[r] 01 - 00000000 -
-[e] 010003d8 23300000 0
-[w] 010003d0 1 02 010004c4
-[f] 010003e4 00112623
-[d] 010003e0 23 - 02 01 2 - 0000000c -
-[r] 02 01 23300112 00000000
-[e] 010003dc 23300112 0
-[f] 010003e8 00c12f03
-[d] 010003e4 03 1e 02 - 2 - 0000000c -
-[r] 02 - 010004c4 -
-[e] 010003e0 010004d0 0
-[w] 010003d8 1 01 23300000
-[f] 010003ec 23300eb7
-[d] 010003e8 37 1d - - - - 23300000 -
-[r] - - - -
-[e] 010003e4 010004d0 0
-[m] 010003e0 010004d0 1 2 23300112
-[w] 010003dc 1 01 23300112
-[f] 010003f0 112e8e93
-[d] 010003ec 13 1d 1d - 0 - 00000112 -
-[r] 1d - 00000000 -
-[e] 010003e8 23300000 0
-[f] 010003f4 09df1a63
-[d] 010003f0 63 - 1e 1d 1 - 00000094 -
-[r] 1e 1d 23300112 00000000
-[e] 010003ec 23300112 0
-[w] 010003e4 1 1e 23300112
-[f] 010003f4 09df1a63
-[d] 010003f0 63 - 1e 1d 1 - 00000094 -
-[r] 1e 1d 23300112 23300112
-[e] 010003f0 23300112 0
-[w] 010003e8 1 1d 23300000
-[f] 010003f8 00120213
-[d] 010003f4 13 04 04 - 0 - 00000001 -
-[r] 04 - 23300112 -
-[e] 010003f0 01000484 0
-[w] 010003ec 1 1d 23300112
-[f] 010003fc 00200293
-[d] 010003f8 13 05 00 - 0 - 00000002 -
-[r] 00 - 00000001 -
-[e] 010003f4 00000002 0
-[f] 01000400 fc5218e3
-[d] 010003fc 63 - 04 05 1 - ffffffd0 -
-[r] 04 05 00000000 00000000
-[e] 010003f8 00000002 0
-[f] 01000404 01600193
-[d] 01000400 13 03 00 - 0 - 00000016 -
-[r] 00 - 00000001 -
-[e] 010003fc 010003cc 0
-[w] 010003f4 1 04 00000002
-[f] 01000408 00000213
-[d] 01000404 13 04 00 - 0 - 00000000 -
-[r] 00 - 00000000 -
-[e] 01000400 00000016 0
-[w] 010003f8 1 05 00000002
-[f] 0100040c 00000117
-[d] 01000408 17 02 - - - - 00000000 -
-[r] - - - -
-[e] 01000404 00000000 0
-[f] 01000410 0bc10113
-[d] 0100040c 13 02 02 - 0 - 000000bc -
-[r] 02 - 00000000 -
-[e] 01000408 01000408 0
-[w] 01000400 1 03 00000016
-[f] 01000418 223300b7
-[d] 01000414 37 01 - - - - 22330000 -
-[r] - - - -
-[w] 01000408 1 02 01000408
-[f] 0100041c 01108093
-[d] 01000418 13 01 01 - 0 - 00000011 -
-[r] 01 - 00000000 -
-[e] 01000414 22330000 0
-[w] 0100040c 1 02 010004c4
-[f] 01000424 00112823
-[d] 01000420 23 - 02 01 2 - 00000010 -
-[r] 02 01 00000000 00000000
-[w] 01000414 1 01 22330000
-[f] 01000428 01012f03
-[d] 01000424 03 1e 02 - 2 - 00000010 -
-[r] 02 - 010004c4 -
-[e] 01000420 010004d4 0
-[w] 01000418 1 01 22330011
-[f] 0100042c 22330eb7
-[d] 01000428 37 1d - - - - 22330000 -
-[r] - - - -
-[e] 01000424 010004d4 0
-[m] 01000420 010004d4 1 2 22330011
-[f] 01000430 011e8e93
-[d] 0100042c 13 1d 1d - 0 - 00000011 -
-[r] 1d - 00000000 -
-[e] 01000428 22330000 0
-[f] 01000434 05df1a63
-[d] 01000430 63 - 1e 1d 1 - 00000054 -
-[r] 1e 1d 23300112 00000000
-[e] 0100042c 22330011 0
-[w] 01000424 1 1e 22330011
-[f] 01000434 05df1a63
-[d] 01000430 63 - 1e 1d 1 - 00000054 -
-[r] 1e 1d 23300112 23300112
-[e] 01000430 23300112 0
-[w] 01000428 1 1d 22330000
-[f] 01000438 00120213
-[d] 01000434 13 04 04 - 0 - 00000001 -
-[r] 04 - 22330011 -
-[e] 01000430 01000484 0
-[w] 0100042c 1 1d 22330011
-[f] 0100043c 00200293
-[d] 01000438 13 05 00 - 0 - 00000002 -
-[r] 00 - 00000000 -
-[e] 01000434 00000001 0
-[f] 01000440 fc5216e3
-[d] 0100043c 63 - 04 05 1 - ffffffcc -
-[r] 04 05 00000000 00000000
-[e] 01000438 00000002 0
-[f] 01000444 01700193
-[d] 01000440 13 03 00 - 0 - 00000017 -
-[r] 00 - 00000000 -
-[e] 0100043c 01000408 1
-[w] 01000434 1 04 00000001
-[f] 0100040c 00000117
-[d] 01000408 17 02 - - - - 00000000 -
-[r] - - - -
-[f] 01000410 0bc10113
-[d] 0100040c 13 02 02 - 0 - 000000bc -
-[r] 02 - 00000000 -
-[e] 01000408 01000408 0
-[f] 01000418 223300b7
-[d] 01000414 37 01 - - - - 22330000 -
-[r] - - - -
-[w] 01000408 1 02 01000408
-[f] 0100041c 01108093
-[d] 01000418 13 01 01 - 0 - 00000011 -
-[r] 01 - 00000000 -
-[e] 01000414 22330000 0
-[w] 0100040c 1 02 010004c4
-[f] 01000424 00112823
-[d] 01000420 23 - 02 01 2 - 00000010 -
-[r] 02 01 00000000 00000000
-[w] 01000414 1 01 22330000
-[f] 01000428 01012f03
-[d] 01000424 03 1e 02 - 2 - 00000010 -
-[r] 02 - 010004c4 -
-[e] 01000420 010004d4 0
-[w] 01000418 1 01 22330011
-[f] 0100042c 22330eb7
-[d] 01000428 37 1d - - - - 22330000 -
-[r] - - - -
-[e] 01000424 010004d4 0
-[m] 01000420 010004d4 1 2 22330011
-[f] 01000430 011e8e93
-[d] 0100042c 13 1d 1d - 0 - 00000011 -
-[r] 1d - 00000000 -
-[e] 01000428 22330000 0
-[f] 01000434 05df1a63
-[d] 01000430 63 - 1e 1d 1 - 00000054 -
-[r] 1e 1d 22330011 00000000
-[e] 0100042c 22330011 0
-[w] 01000424 1 1e 22330011
-[f] 01000434 05df1a63
-[d] 01000430 63 - 1e 1d 1 - 00000054 -
-[r] 1e 1d 22330011 22330011
-[e] 01000430 22330011 0
-[w] 01000428 1 1d 22330000
-[f] 01000438 00120213
-[d] 01000434 13 04 04 - 0 - 00000001 -
-[r] 04 - 22330011 -
-[e] 01000430 01000484 0
-[w] 0100042c 1 1d 22330011
-[f] 0100043c 00200293
-[d] 01000438 13 05 00 - 0 - 00000002 -
-[r] 00 - 00000001 -
-[e] 01000434 00000002 0
-[f] 01000440 fc5216e3
-[d] 0100043c 63 - 04 05 1 - ffffffcc -
-[r] 04 05 00000000 00000000
-[e] 01000438 00000002 0
-[f] 01000444 01700193
-[d] 01000440 13 03 00 - 0 - 00000017 -
-[r] 00 - 00000001 -
-[e] 0100043c 01000408 0
-[w] 01000434 1 04 00000002
-[f] 01000448 00000213
-[d] 01000444 13 04 00 - 0 - 00000000 -
-[r] 00 - 00000000 -
-[e] 01000440 00000017 0
-[w] 01000438 1 05 00000002
-[f] 0100044c 00000117
-[d] 01000448 17 02 - - - - 00000000 -
-[r] - - - -
-[e] 01000444 00000000 0
-[f] 01000450 07c10113
-[d] 0100044c 13 02 02 - 0 - 0000007c -
-[r] 02 - 00000000 -
-[e] 01000448 01000448 0
-[w] 01000440 1 03 00000017
-[f] 0100045c 122330b7
-[d] 01000458 37 01 - - - - 12233000 -
-[r] - - - -
-[w] 0100044c 1 02 010004c4
-[f] 01000460 00108093
-[d] 0100045c 13 01 01 - 0 - 00000001 -
-[r] 01 - 00000000 -
-[e] 01000458 12233000 0
-[f] 01000464 00112a23
-[d] 01000460 23 - 02 01 2 - 00000014 -
-[r] 02 01 22330011 00000000
-[e] 0100045c 12233001 0
-[f] 01000468 01412f03
-[d] 01000464 03 1e 02 - 2 - 00000014 -
-[r] 02 - 010004c4 -
-[e] 01000460 010004d8 0
-[w] 01000458 1 01 12233000
-[f] 0100046c 12233eb7
-[d] 01000468 37 1d - - - - 12233000 -
-[r] - - - -
-[e] 01000464 010004d8 0
-[m] 01000460 010004d8 1 2 12233001
-[w] 0100045c 1 01 12233001
-[f] 01000470 001e8e93
-[d] 0100046c 13 1d 1d - 0 - 00000001 -
-[r] 1d - 00000000 -
-[e] 01000468 12233000 0
-[f] 01000474 01df1a63
-[d] 01000470 63 - 1e 1d 1 - 00000014 -
-[r] 1e 1d 22330011 00000000
-[e] 0100046c 12233001 0
-[w] 01000464 1 1e 12233001
-[f] 01000474 01df1a63
-[d] 01000470 63 - 1e 1d 1 - 00000014 -
-[r] 1e 1d 22330011 22330011
-[e] 01000470 22330011 0
-[w] 01000468 1 1d 12233000
-[f] 01000478 00120213
-[d] 01000474 13 04 04 - 0 - 00000001 -
-[r] 04 - 12233001 -
-[e] 01000470 01000484 0
-[w] 0100046c 1 1d 12233001
-[f] 0100047c 00200293
-[d] 01000478 13 05 00 - 0 - 00000002 -
-[r] 00 - 00000000 -
-[e] 01000474 00000001 0
-[f] 01000480 fc5216e3
-[d] 0100047c 63 - 04 05 1 - ffffffcc -
-[r] 04 05 00000000 00000000
-[e] 01000478 00000002 0
-[f] 01000484 00301c63
-[d] 01000480 63 - 00 03 1 - 00000018 -
-[r] 00 03 00000000 00000002
-[e] 0100047c 01000448 1
-[w] 01000474 1 04 00000001
-[f] 0100044c 00000117
-[d] 01000448 17 02 - - - - 00000000 -
-[r] - - - -
-[f] 01000450 07c10113
-[d] 0100044c 13 02 02 - 0 - 0000007c -
-[r] 02 - 00000000 -
-[e] 01000448 01000448 0
-[f] 0100045c 122330b7
-[d] 01000458 37 01 - - - - 12233000 -
-[r] - - - -
-[w] 0100044c 1 02 010004c4
-[f] 01000460 00108093
-[d] 0100045c 13 01 01 - 0 - 00000001 -
-[r] 01 - 00000000 -
-[e] 01000458 12233000 0
-[f] 01000464 00112a23
-[d] 01000460 23 - 02 01 2 - 00000014 -
-[r] 02 01 12233001 00000000
-[e] 0100045c 12233001 0
-[f] 01000468 01412f03
-[d] 01000464 03 1e 02 - 2 - 00000014 -
-[r] 02 - 010004c4 -
-[e] 01000460 010004d8 0
-[w] 01000458 1 01 12233000
-[f] 0100046c 12233eb7
-[d] 01000468 37 1d - - - - 12233000 -
-[r] - - - -
-[e] 01000464 010004d8 0
-[m] 01000460 010004d8 1 2 12233001
-[w] 0100045c 1 01 12233001
-[f] 01000470 001e8e93
-[d] 0100046c 13 1d 1d - 0 - 00000001 -
-[r] 1d - 00000000 -
-[e] 01000468 12233000 0
-[f] 01000474 01df1a63
-[d] 01000470 63 - 1e 1d 1 - 00000014 -
-[r] 1e 1d 12233001 00000000
-[e] 0100046c 12233001 0
-[w] 01000464 1 1e 12233001
-[f] 01000474 01df1a63
-[d] 01000470 63 - 1e 1d 1 - 00000014 -
-[r] 1e 1d 12233001 12233001
-[e] 01000470 12233001 0
-[w] 01000468 1 1d 12233000
-[f] 01000478 00120213
-[d] 01000474 13 04 04 - 0 - 00000001 -
-[r] 04 - 12233001 -
-[e] 01000470 01000484 0
-[w] 0100046c 1 1d 12233001
-[f] 0100047c 00200293
-[d] 01000478 13 05 00 - 0 - 00000002 -
-[r] 00 - 00000001 -
-[e] 01000474 00000002 0
-[f] 01000480 fc5216e3
-[d] 0100047c 63 - 04 05 1 - ffffffcc -
-[r] 04 05 00000000 00000000
-[e] 01000478 00000002 0
-[f] 01000484 00301c63
-[d] 01000480 63 - 00 03 1 - 00000018 -
-[r] 00 03 00000001 00000002
-[e] 0100047c 01000448 0
-[w] 01000474 1 04 00000002
-[f] 010004a0 00100193
-[d] 0100049c 13 03 00 - 0 - 00000001 -
-[r] 00 - 00000000 -
-[e] 01000498 00000000 0
+[e] 01000028 01000488 1
+[f] 0100048c 00018063
+[d] 01000488 37 02 - - - - aa00b000 -
+[r] - - - -
+[f] 01000490 00119193
+[d] 0100048c 63 - 03 00 0 - 00000000 -
+[r] 03 00 00000000 00000000
+[e] 01000488 aa00b000 0
+[f] 01000494 0011e193
+[d] 01000490 13 03 03 - 1 - 00000000 -
+[r] 03 - 00000002 -
+[e] 0100048c 0100048c 1
