--- /tmp/tmp.mvDsDmrJa6	2025-11-28 17:09:54.473378406 -0500
+++ /tmp/tmp.AADEOdOwOo	2025-11-28 17:09:54.482378447 -0500
@@ -1,1111 +1,62 @@
-[f] 01000004 00000097
-[d] 01000000 17 01 - - - - 00000000 -
-[r] - - - -
 [f] 01000008 2c408093
-[d] 01000004 13 01 01 - 0 - 000002c4 -
-[r] 01 - 00000000 -
-[e] 01000000 01000000 0
+[d] 01000004 17 01 - - - - 00000000 -
+[r] - - - -
+[e] 01000000 00000000 0
 [f] 0100000c 0000af03
-[d] 01000008 03 1e 01 - 2 - 00000000 -
+[d] 01000008 13 01 01 - 0 - 000002c4 -
 [r] 01 - 00000000 -
-[e] 01000004 010002c4 0
+[e] 01000004 01000004 0
 [f] 01000010 00ff0eb7
-[d] 0100000c 37 1d - - - - 00ff0000 -
-[r] - - - -
-[e] 01000008 010002c4 0
-[w] 01000000 1 01 01000000
+[d] 0100000c 03 1e 01 - 2 - 00000000 -
+[r] 01 - 00000000 -
+[e] 01000008 010002c8 0
 [f] 01000014 0ffe8e93
-[d] 01000010 13 1d 1d - 0 - 000000ff -
-[r] 1d - 00000000 -
-[e] 0100000c 00ff0000 0
-[w] 01000004 1 01 010002c4
+[d] 01000010 37 1d - - - - 00ff0000 -
+[r] - - - -
+[e] 0100000c 010002c8 0
+[w] 01000004 1 01 01000004
 [f] 01000018 00200193
-[d] 01000014 13 03 00 - 0 - 00000002 -
-[r] 00 - 00000000 -
-[e] 01000010 00ff00ff 0
-[w] 01000008 1 1e 00ff00ff
+[d] 01000014 13 1d 1d - 0 - 000000ff -
+[r] 1d - 00000000 -
+[e] 01000010 00ff0000 0
+[w] 01000008 1 01 010002c8
 [f] 0100001c 27df1a63
-[d] 01000018 63 - 1e 1d 1 - 00000274 -
+[d] 01000018 13 03 00 - 0 - 00000002 -
+[r] 00 - 00000000 -
+[e] 01000014 00ff00ff 0
+[w] 0100000c 1 1e 2c408093
+[f] 01000020 00000097
+[d] 0100001c 63 - 1e 1d 1 - 00000274 -
 [r] 1e 1d 00000000 00000000
-[e] 01000014 00000002 0
-[w] 0100000c 1 1d 00ff0000
+[e] 01000018 00000002 0
+[w] 01000010 1 1d 00ff0000
 [f] 01000020 00000097
-[d] 0100001c 17 01 - - - - 00000000 -
-[r] - - - -
-[e] 01000018 0100028c 0
-[w] 01000010 1 1d 00ff00ff
+[d] 0100001c 63 - 1e 1d 1 - 00000274 -
+[r] 1e 1d 2c408093 00000000
+[e] 0100001c 00000000 0
+[w] 01000014 1 1d 00ff00ff
+[f] 01000020 00000097
+[d] 0100001c 63 - 1e 1d 1 - 00000274 -
+[r] 1e 1d 2c408093 00ff0000
+[e] 0100001c 00000000 0
+[w] 01000018 1 03 00000002
 [f] 01000024 2a808093
-[d] 01000020 13 01 01 - 0 - 000002a8 -
-[r] 01 - 00000000 -
-[e] 0100001c 0100001c 0
-[w] 01000014 1 03 00000002
-[f] 01000028 0040af03
-[d] 01000024 03 1e 01 - 2 - 00000004 -
-[r] 01 - 010002c4 -
-[e] 01000020 010002c4 0
-[f] 0100002c ff010eb7
-[d] 01000028 37 1d - - - - ff010000 -
-[r] - - - -
-[e] 01000024 010002c8 0
-[w] 0100001c 1 01 0100001c
-[f] 01000030 f00e8e93
-[d] 0100002c 13 1d 1d - 0 - ffffff00 -
-[r] 1d - 00000000 -
-[e] 01000028 ff010000 0
-[w] 01000020 1 01 010002c4
-[f] 01000034 00300193
-[d] 01000030 13 03 00 - 0 - 00000003 -
-[r] 00 - 00ff00ff -
-[e] 0100002c ff00ff00 0
-[w] 01000024 1 1e ff00ff00
-[f] 01000038 25df1c63
-[d] 01000034 63 - 1e 1d 1 - 00000258 -
-[r] 1e 1d 00000000 00000000
-[e] 01000030 00000003 0
-[w] 01000028 1 1d ff010000
-[f] 0100003c 00000097
-[d] 01000038 17 01 - - - - 00000000 -
-[r] - - - -
-[e] 01000034 0100028c 0
-[w] 0100002c 1 1d ff00ff00
-[f] 01000040 28c08093
-[d] 0100003c 13 01 01 - 0 - 0000028c -
-[r] 01 - 00000000 -
-[e] 01000038 01000038 0
-[w] 01000030 1 03 00000003
-[f] 01000044 0080af03
-[d] 01000040 03 1e 01 - 2 - 00000008 -
-[r] 01 - 010002c4 -
-[e] 0100003c 010002c4 0
-[f] 01000048 0ff01eb7
-[d] 01000044 37 1d - - - - 0ff01000 -
-[r] - - - -
-[e] 01000040 010002cc 0
-[w] 01000038 1 01 01000038
-[f] 0100004c ff0e8e93
-[d] 01000048 13 1d 1d - 0 - fffffff0 -
-[r] 1d - 00000000 -
-[e] 01000044 0ff01000 0
-[w] 0100003c 1 01 010002c4
-[f] 01000050 00400193
-[d] 0100004c 13 03 00 - 0 - 00000004 -
-[r] 00 - ff00ff00 -
-[e] 01000048 0ff00ff0 0
-[w] 01000040 1 1e 0ff00ff0
-[f] 01000054 23df1e63
-[d] 01000050 63 - 1e 1d 1 - 0000023c -
-[r] 1e 1d 00000000 00000000
-[e] 0100004c 00000004 0
-[w] 01000044 1 1d 0ff01000
-[f] 01000058 00000097
-[d] 01000054 17 01 - - - - 00000000 -
-[r] - - - -
-[e] 01000050 0100028c 0
-[w] 01000048 1 1d 0ff00ff0
-[f] 0100005c 27008093
-[d] 01000058 13 01 01 - 0 - 00000270 -
-[r] 01 - 00000000 -
-[e] 01000054 01000054 0
-[w] 0100004c 1 03 00000004
-[f] 01000060 00c0af03
-[d] 0100005c 03 1e 01 - 2 - 0000000c -
-[r] 01 - 010002c4 -
-[e] 01000058 010002c4 0
-[f] 01000064 f00ffeb7
-[d] 01000060 37 1d - - - - f00ff000 -
-[r] - - - -
-[e] 0100005c 010002d0 0
-[w] 01000054 1 01 01000054
-[f] 01000068 00fe8e93
-[d] 01000064 13 1d 1d - 0 - 0000000f -
-[r] 1d - 00000000 -
-[e] 01000060 f00ff000 1
-[w] 01000058 1 01 010002c4
-[f] 0100006c 00500193
-[d] 01000068 13 03 00 - 0 - 00000005 -
-[r] 00 - 0ff00ff0 -
-[e] 01000064 f00ff00f 0
-[w] 0100005c 1 1e f00ff00f
-[f] 01000070 23df1063
-[d] 0100006c 63 - 1e 1d 1 - 00000220 -
-[r] 1e 1d 00000000 00000000
-[e] 01000068 00000005 0
-[w] 01000060 1 1d f00ff000
-[f] 01000074 00000097
-[d] 01000070 17 01 - - - - 00000000 -
-[r] - - - -
-[e] 0100006c 0100028c 0
-[w] 01000064 1 1d f00ff00f
-[f] 01000078 26008093
-[d] 01000074 13 01 01 - 0 - 00000260 -
-[r] 01 - 00000000 -
-[e] 01000070 01000070 0
-[w] 01000068 1 03 00000005
-[f] 0100007c ff40af03
-[d] 01000078 03 1e 01 - 2 - fffffff4 -
-[r] 01 - 010002c4 -
-[e] 01000074 010002d0 0
-[f] 01000080 00ff0eb7
-[d] 0100007c 37 1d - - - - 00ff0000 -
-[r] - - - -
-[e] 01000078 010002c4 0
-[w] 01000070 1 01 01000070
-[f] 01000084 0ffe8e93
-[d] 01000080 13 1d 1d - 0 - 000000ff -
-[r] 1d - 00000000 -
-[e] 0100007c 00ff0000 0
-[w] 01000074 1 01 010002d0
-[f] 01000088 00600193
-[d] 01000084 13 03 00 - 0 - 00000006 -
-[r] 00 - f00ff00f -
-[e] 01000080 00ff00ff 0
-[w] 01000078 1 1e 00ff00ff
-[f] 0100008c 21df1263
-[d] 01000088 63 - 1e 1d 1 - 00000204 -
-[r] 1e 1d 00000000 00000000
-[e] 01000084 00000006 0
-[w] 0100007c 1 1d 00ff0000
-[f] 01000090 00000097
-[d] 0100008c 17 01 - - - - 00000000 -
-[r] - - - -
-[e] 01000088 0100028c 0
-[w] 01000080 1 1d 00ff00ff
-[f] 01000094 24408093
-[d] 01000090 13 01 01 - 0 - 00000244 -
-[r] 01 - 00000000 -
-[e] 0100008c 0100008c 0
-[w] 01000084 1 03 00000006
-[f] 01000098 ff80af03
-[d] 01000094 03 1e 01 - 2 - fffffff8 -
-[r] 01 - 010002d0 -
-[e] 01000090 010002d0 0
-[f] 0100009c ff010eb7
-[d] 01000098 37 1d - - - - ff010000 -
-[r] - - - -
-[e] 01000094 010002c8 0
-[w] 0100008c 1 01 0100008c
-[f] 010000a0 f00e8e93
-[d] 0100009c 13 1d 1d - 0 - ffffff00 -
-[r] 1d - 00000000 -
-[e] 01000098 ff010000 0
-[w] 01000090 1 01 010002d0
-[f] 010000a4 00700193
-[d] 010000a0 13 03 00 - 0 - 00000007 -
-[r] 00 - 00ff00ff -
-[e] 0100009c ff00ff00 0
-[w] 01000094 1 1e ff00ff00
-[f] 010000a8 1fdf1463
-[d] 010000a4 63 - 1e 1d 1 - 000001e8 -
-[r] 1e 1d 00000000 00000000
-[e] 010000a0 00000007 0
-[w] 01000098 1 1d ff010000
-[f] 010000ac 00000097
-[d] 010000a8 17 01 - - - - 00000000 -
-[r] - - - -
-[e] 010000a4 0100028c 0
-[w] 0100009c 1 1d ff00ff00
-[f] 010000b0 22808093
-[d] 010000ac 13 01 01 - 0 - 00000228 -
-[r] 01 - 00000000 -
-[e] 010000a8 010000a8 0
-[w] 010000a0 1 03 00000007
-[f] 010000b4 ffc0af03
-[d] 010000b0 03 1e 01 - 2 - fffffffc -
-[r] 01 - 010002d0 -
-[e] 010000ac 010002d0 0
-[f] 010000b8 0ff01eb7
-[d] 010000b4 37 1d - - - - 0ff01000 -
-[r] - - - -
-[e] 010000b0 010002cc 0
-[w] 010000a8 1 01 010000a8
-[f] 010000bc ff0e8e93
-[d] 010000b8 13 1d 1d - 0 - fffffff0 -
-[r] 1d - 00000000 -
-[e] 010000b4 0ff01000 0
-[w] 010000ac 1 01 010002d0
-[f] 010000c0 00800193
-[d] 010000bc 13 03 00 - 0 - 00000008 -
-[r] 00 - ff00ff00 -
-[e] 010000b8 0ff00ff0 0
-[w] 010000b0 1 1e 0ff00ff0
-[f] 010000c4 1ddf1663
-[d] 010000c0 63 - 1e 1d 1 - 000001cc -
-[r] 1e 1d 00000000 00000000
-[e] 010000bc 00000008 0
-[w] 010000b4 1 1d 0ff01000
-[f] 010000c8 00000097
-[d] 010000c4 17 01 - - - - 00000000 -
-[r] - - - -
-[e] 010000c0 0100028c 0
-[w] 010000b8 1 1d 0ff00ff0
-[f] 010000cc 20c08093
-[d] 010000c8 13 01 01 - 0 - 0000020c -
-[r] 01 - 00000000 -
-[e] 010000c4 010000c4 0
-[w] 010000bc 1 03 00000008
-[f] 010000d0 0000af03
-[d] 010000cc 03 1e 01 - 2 - 00000000 -
-[r] 01 - 010002d0 -
-[e] 010000c8 010002d0 0
-[f] 010000d4 f00ffeb7
-[d] 010000d0 37 1d - - - - f00ff000 -
-[r] - - - -
-[e] 010000cc 010002d0 0
-[w] 010000c4 1 01 010000c4
-[f] 010000d8 00fe8e93
-[d] 010000d4 13 1d 1d - 0 - 0000000f -
-[r] 1d - 00000000 -
-[e] 010000d0 f00ff000 1
-[w] 010000c8 1 01 010002d0
-[f] 010000dc 00900193
-[d] 010000d8 13 03 00 - 0 - 00000009 -
-[r] 00 - 0ff00ff0 -
-[e] 010000d4 f00ff00f 0
-[w] 010000cc 1 1e f00ff00f
-[f] 010000e0 1bdf1863
-[d] 010000dc 63 - 1e 1d 1 - 000001b0 -
-[r] 1e 1d 00000000 00000000
-[e] 010000d8 00000009 0
-[w] 010000d0 1 1d f00ff000
-[f] 010000e4 00000097
-[d] 010000e0 17 01 - - - - 00000000 -
-[r] - - - -
-[e] 010000dc 0100028c 0
-[w] 010000d4 1 1d f00ff00f
-[f] 010000e8 1e408093
-[d] 010000e4 13 01 01 - 0 - 000001e4 -
-[r] 01 - 00000000 -
-[e] 010000e0 010000e0 0
-[w] 010000d8 1 03 00000009
-[f] 010000ec fe008093
-[d] 010000e8 13 01 01 - 0 - ffffffe0 -
-[r] 01 - 010002d0 -
-[e] 010000e4 010002c4 0
-[f] 010000f0 0200a283
-[d] 010000ec 03 05 01 - 2 - 00000020 -
-[r] 01 - 010002d0 -
-[e] 010000e8 010002a4 0
-[w] 010000e0 1 01 010000e0
-[f] 010000f4 00ff0eb7
-[d] 010000f0 37 1d - - - - 00ff0000 -
-[r] - - - -
-[e] 010000ec 010002c4 0
-[w] 010000e4 1 01 010002c4
-[f] 010000f8 0ffe8e93
-[d] 010000f4 13 1d 1d - 0 - 000000ff -
-[r] 1d - 00000000 -
-[e] 010000f0 00ff0000 0
-[w] 010000e8 1 01 010002a4
-[f] 010000fc 00a00193
-[d] 010000f8 13 03 00 - 0 - 0000000a -
-[r] 00 - f00ff00f -
-[e] 010000f4 00ff00ff 0
-[w] 010000ec 1 05 00ff00ff
-[f] 01000100 19d29863
-[d] 010000fc 63 - 05 1d 1 - 00000190 -
-[r] 05 1d 00000000 00000000
-[e] 010000f8 0000000a 0
-[w] 010000f0 1 1d 00ff0000
-[f] 01000104 00000097
-[d] 01000100 17 01 - - - - 00000000 -
-[r] - - - -
-[e] 010000fc 0100028c 0
-[w] 010000f4 1 1d 00ff00ff
-[f] 01000108 1c408093
-[d] 01000104 13 01 01 - 0 - 000001c4 -
-[r] 01 - 00000000 -
-[e] 01000100 01000100 0
-[w] 010000f8 1 03 0000000a
-[f] 0100010c ffd08093
-[d] 01000108 13 01 01 - 0 - fffffffd -
-[r] 01 - 010002a4 -
-[e] 01000104 010002c4 0
-[f] 01000110 0070a283
-[d] 0100010c 03 05 01 - 2 - 00000007 -
-[r] 01 - 010002a4 -
-[e] 01000108 010002c1 0
-[w] 01000100 1 01 01000100
-[f] 01000114 ff010eb7
-[d] 01000110 37 1d - - - - ff010000 -
-[r] - - - -
-[e] 0100010c 010002c8 0
-[w] 01000104 1 01 010002c4
-[f] 01000118 f00e8e93
-[d] 01000114 13 1d 1d - 0 - ffffff00 -
-[r] 1d - 00000000 -
-[e] 01000110 ff010000 0
-[w] 01000108 1 01 010002c1
-[f] 0100011c 00b00193
-[d] 01000118 13 03 00 - 0 - 0000000b -
-[r] 00 - 00ff00ff -
-[e] 01000114 ff00ff00 0
-[w] 0100010c 1 05 ff00ff00
-[f] 01000120 17d29863
-[d] 0100011c 63 - 05 1d 1 - 00000170 -
-[r] 05 1d 00000000 00000000
-[e] 01000118 0000000b 0
-[w] 01000110 1 1d ff010000
-[f] 01000124 00c00193
-[d] 01000120 13 03 00 - 0 - 0000000c -
-[r] 00 - ff00ff00 -
-[e] 0100011c 0100028c 0
-[w] 01000114 1 1d ff00ff00
-[f] 01000128 00000213
-[d] 01000124 13 04 00 - 0 - 00000000 -
-[r] 00 - 00000000 -
-[e] 01000120 0000000c 0
-[w] 01000118 1 03 0000000b
-[f] 0100012c 00000097
-[d] 01000128 17 01 - - - - 00000000 -
-[r] - - - -
-[e] 01000124 00000000 0
-[f] 01000130 1a008093
-[d] 0100012c 13 01 01 - 0 - 000001a0 -
-[r] 01 - 00000000 -
-[e] 01000128 01000128 0
-[w] 01000120 1 03 0000000c
-[f] 01000134 0040af03
-[d] 01000130 03 1e 01 - 2 - 00000004 -
-[r] 01 - 010002c1 -
-[e] 0100012c 010002c8 0
-[w] 01000124 1 04 00000000
-[f] 01000138 000f0313
-[d] 01000134 13 06 1e - 0 - 00000000 -
-[r] 1e - 010002c1 -
-[e] 01000130 010002cc 0
-[w] 01000128 1 01 01000128
-[f] 01000138 000f0313
-[d] 01000134 13 06 1e - 0 - 00000000 -
-[r] 1e - f00ff00f -
-[e] 01000134 f00ff00f 0
-[w] 0100012c 1 01 010002c8
-[f] 0100013c 0ff01eb7
-[d] 01000138 37 1d - - - - 0ff01000 -
-[r] - - - -
-[e] 01000134 0ff00ff0 0
-[w] 01000130 1 1e 0ff00ff0
-[f] 01000140 ff0e8e93
-[d] 0100013c 13 1d 1d - 0 - fffffff0 -
-[r] 1d - 00000000 -
-[e] 01000138 0ff01000 0
-[f] 01000144 15d31663
-[d] 01000140 63 - 06 1d 1 - 0000014c -
-[r] 06 1d ff00ff00 00000000
-[e] 0100013c 0ff00ff0 0
-[w] 01000134 1 06 0ff00ff0
-[f] 01000144 15d31663
-[d] 01000140 63 - 06 1d 1 - 0000014c -
-[r] 06 1d 00000000 ff00ff00
-[e] 01000140 00000000 0
-[w] 01000138 1 1d 0ff01000
-[f] 01000148 00120213
-[d] 01000144 13 04 04 - 0 - 00000001 -
-[r] 04 - 0ff00ff0 -
-[e] 01000140 0100028c 0
-[w] 0100013c 1 1d 0ff00ff0
-[f] 0100014c 00200293
-[d] 01000148 13 05 00 - 0 - 00000002 -
-[r] 00 - 00000000 -
-[e] 01000144 00000001 0
-[f] 01000150 fc521ee3
-[d] 0100014c 63 - 04 05 1 - ffffffdc -
-[r] 04 05 00000000 00000000
-[e] 01000148 00000002 0
-[f] 01000154 00d00193
-[d] 01000150 13 03 00 - 0 - 0000000d -
-[r] 00 - 00000000 -
-[e] 0100014c 01000128 1
-[w] 01000144 1 04 00000001
-[f] 0100012c 00000097
-[d] 01000128 17 01 - - - - 00000000 -
-[r] - - - -
-[f] 01000130 1a008093
-[d] 0100012c 13 01 01 - 0 - 000001a0 -
-[r] 01 - 00000000 -
-[e] 01000128 01000128 0
-[f] 01000134 0040af03
-[d] 01000130 03 1e 01 - 2 - 00000004 -
-[r] 01 - 010002c8 -
-[e] 0100012c 010002c8 0
-[f] 01000138 000f0313
-[d] 01000134 13 06 1e - 0 - 00000000 -
-[r] 1e - 010002c8 -
-[e] 01000130 010002cc 0
-[w] 01000128 1 01 01000128
-[f] 01000138 000f0313
-[d] 01000134 13 06 1e - 0 - 00000000 -
-[r] 1e - 0ff00ff0 -
-[e] 01000134 0ff00ff0 0
-[w] 0100012c 1 01 010002c8
-[f] 0100013c 0ff01eb7
-[d] 01000138 37 1d - - - - 0ff01000 -
-[r] - - - -
-[e] 01000134 0ff00ff0 0
-[w] 01000130 1 1e 0ff00ff0
-[f] 01000140 ff0e8e93
-[d] 0100013c 13 1d 1d - 0 - fffffff0 -
-[r] 1d - 00000000 -
-[e] 01000138 0ff01000 0
-[f] 01000144 15d31663
-[d] 01000140 63 - 06 1d 1 - 0000014c -
-[r] 06 1d 0ff00ff0 00000000
-[e] 0100013c 0ff00ff0 0
-[w] 01000134 1 06 0ff00ff0
-[f] 01000144 15d31663
-[d] 01000140 63 - 06 1d 1 - 0000014c -
-[r] 06 1d 0ff00ff0 0ff00ff0
-[e] 01000140 0ff00ff0 0
-[w] 01000138 1 1d 0ff01000
-[f] 01000148 00120213
-[d] 01000144 13 04 04 - 0 - 00000001 -
-[r] 04 - 0ff00ff0 -
-[e] 01000140 0100028c 0
-[w] 0100013c 1 1d 0ff00ff0
-[f] 0100014c 00200293
-[d] 01000148 13 05 00 - 0 - 00000002 -
-[r] 00 - 00000001 -
-[e] 01000144 00000002 0
-[f] 01000150 fc521ee3
-[d] 0100014c 63 - 04 05 1 - ffffffdc -
-[r] 04 05 00000000 00000000
-[e] 01000148 00000002 0
-[f] 01000154 00d00193
-[d] 01000150 13 03 00 - 0 - 0000000d -
-[r] 00 - 00000001 -
-[e] 0100014c 01000128 0
-[w] 01000144 1 04 00000002
-[f] 01000158 00000213
-[d] 01000154 13 04 00 - 0 - 00000000 -
-[r] 00 - 00000000 -
-[e] 01000150 0000000d 0
-[w] 01000148 1 05 00000002
-[f] 0100015c 00000097
-[d] 01000158 17 01 - - - - 00000000 -
-[r] - - - -
-[e] 01000154 00000000 0
-[f] 01000160 17408093
-[d] 0100015c 13 01 01 - 0 - 00000174 -
-[r] 01 - 00000000 -
-[e] 01000158 01000158 0
-[w] 01000150 1 03 0000000d
-[f] 01000164 0040af03
-[d] 01000160 03 1e 01 - 2 - 00000004 -
-[r] 01 - 010002c8 -
-[e] 0100015c 010002cc 0
-[w] 01000154 1 04 00000000
-[f] 0100016c 000f0313
-[d] 01000168 13 06 1e - 0 - 00000000 -
-[r] 1e - 00000000 -
-[w] 0100015c 1 01 010002cc
-[f] 01000170 f00ffeb7
-[d] 0100016c 37 1d - - - - f00ff000 -
-[r] - - - -
-[e] 01000168 f00ff00f 0
-[w] 01000160 1 1e f00ff00f
-[f] 01000174 00fe8e93
-[d] 01000170 13 1d 1d - 0 - 0000000f -
-[r] 1d - 00000000 -
-[e] 0100016c f00ff000 1
-[f] 01000178 11d31c63
-[d] 01000174 63 - 06 1d 1 - 00000118 -
-[r] 06 1d 0ff00ff0 00000000
-[e] 01000170 f00ff00f 0
-[w] 01000168 1 06 f00ff00f
-[f] 01000178 11d31c63
-[d] 01000174 63 - 06 1d 1 - 00000118 -
-[r] 06 1d 0ff00ff0 0ff00ff0
-[e] 01000174 0ff00ff0 0
-[w] 0100016c 1 1d f00ff000
-[f] 0100017c 00120213
-[d] 01000178 13 04 04 - 0 - 00000001 -
-[r] 04 - f00ff00f -
-[e] 01000174 0100028c 0
-[w] 01000170 1 1d f00ff00f
-[f] 01000180 00200293
-[d] 0100017c 13 05 00 - 0 - 00000002 -
-[r] 00 - 00000000 -
-[e] 01000178 00000001 0
-[f] 01000184 fc521ce3
-[d] 01000180 63 - 04 05 1 - ffffffd8 -
-[r] 04 05 00000000 00000000
-[e] 0100017c 00000002 0
-[f] 01000188 00e00193
-[d] 01000184 13 03 00 - 0 - 0000000e -
-[r] 00 - 00000000 -
-[e] 01000180 01000158 1
-[w] 01000178 1 04 00000001
-[f] 0100015c 00000097
-[d] 01000158 17 01 - - - - 00000000 -
-[r] - - - -
-[f] 01000160 17408093
-[d] 0100015c 13 01 01 - 0 - 00000174 -
-[r] 01 - 00000000 -
-[e] 01000158 01000158 0
-[f] 01000164 0040af03
-[d] 01000160 03 1e 01 - 2 - 00000004 -
-[r] 01 - 010002cc -
-[e] 0100015c 010002cc 0
-[f] 0100016c 000f0313
-[d] 01000168 13 06 1e - 0 - 00000000 -
-[r] 1e - 00000000 -
-[w] 0100015c 1 01 010002cc
-[f] 01000170 f00ffeb7
-[d] 0100016c 37 1d - - - - f00ff000 -
-[r] - - - -
-[e] 01000168 f00ff00f 0
-[w] 01000160 1 1e f00ff00f
-[f] 01000174 00fe8e93
-[d] 01000170 13 1d 1d - 0 - 0000000f -
-[r] 1d - 00000000 -
-[e] 0100016c f00ff000 1
-[f] 01000178 11d31c63
-[d] 01000174 63 - 06 1d 1 - 00000118 -
-[r] 06 1d f00ff00f 00000000
-[e] 01000170 f00ff00f 0
-[w] 01000168 1 06 f00ff00f
-[f] 01000178 11d31c63
-[d] 01000174 63 - 06 1d 1 - 00000118 -
-[r] 06 1d f00ff00f f00ff00f
-[e] 01000174 f00ff00f 0
-[w] 0100016c 1 1d f00ff000
-[f] 0100017c 00120213
-[d] 01000178 13 04 04 - 0 - 00000001 -
-[r] 04 - f00ff00f -
-[e] 01000174 0100028c 0
-[w] 01000170 1 1d f00ff00f
-[f] 01000180 00200293
-[d] 0100017c 13 05 00 - 0 - 00000002 -
-[r] 00 - 00000001 -
-[e] 01000178 00000002 0
-[f] 01000184 fc521ce3
-[d] 01000180 63 - 04 05 1 - ffffffd8 -
-[r] 04 05 00000000 00000000
-[e] 0100017c 00000002 0
-[f] 01000188 00e00193
-[d] 01000184 13 03 00 - 0 - 0000000e -
-[r] 00 - 00000001 -
-[e] 01000180 01000158 0
-[w] 01000178 1 04 00000002
-[f] 0100018c 00000213
-[d] 01000188 13 04 00 - 0 - 00000000 -
-[r] 00 - 00000000 -
-[e] 01000184 0000000e 0
-[w] 0100017c 1 05 00000002
-[f] 01000190 00000097
-[d] 0100018c 17 01 - - - - 00000000 -
-[r] - - - -
-[e] 01000188 00000000 0
-[f] 01000194 13808093
-[d] 01000190 13 01 01 - 0 - 00000138 -
-[r] 01 - 00000000 -
-[e] 0100018c 0100018c 0
-[w] 01000184 1 03 0000000e
-[f] 01000198 0040af03
-[d] 01000194 03 1e 01 - 2 - 00000004 -
-[r] 01 - 010002cc -
-[e] 01000190 010002c4 0
-[w] 01000188 1 04 00000000
-[f] 010001a4 000f0313
-[d] 010001a0 13 06 1e - 0 - 00000000 -
-[r] 1e - 00000000 -
-[w] 01000194 1 1e ff00ff00
-[f] 010001a4 000f0313
-[d] 010001a0 13 06 1e - 0 - 00000000 -
-[r] 1e - f00ff00f -
-[e] 010001a0 f00ff00f 0
-[f] 010001a8 ff010eb7
-[d] 010001a4 37 1d - - - - ff010000 -
-[r] - - - -
-[e] 010001a0 ff00ff00 0
-[f] 010001ac f00e8e93
-[d] 010001a8 13 1d 1d - 0 - ffffff00 -
-[r] 1d - 00000000 -
-[e] 010001a4 ff010000 0
-[f] 010001b0 0fd31063
-[d] 010001ac 63 - 06 1d 1 - 000000e0 -
-[r] 06 1d f00ff00f 00000000
-[e] 010001a8 ff00ff00 0
-[w] 010001a0 1 06 ff00ff00
-[f] 010001b0 0fd31063
-[d] 010001ac 63 - 06 1d 1 - 000000e0 -
-[r] 06 1d f00ff00f f00ff00f
-[e] 010001ac f00ff00f 0
-[w] 010001a4 1 1d ff010000
-[f] 010001b4 00120213
-[d] 010001b0 13 04 04 - 0 - 00000001 -
-[r] 04 - ff00ff00 -
-[e] 010001ac 0100028c 0
-[w] 010001a8 1 1d ff00ff00
-[f] 010001b8 00200293
-[d] 010001b4 13 05 00 - 0 - 00000002 -
-[r] 00 - 00000000 -
-[e] 010001b0 00000001 0
-[f] 010001bc fc521ae3
-[d] 010001b8 63 - 04 05 1 - ffffffd4 -
-[r] 04 05 00000000 00000000
-[e] 010001b4 00000002 0
-[f] 010001c0 00f00193
-[d] 010001bc 13 03 00 - 0 - 0000000f -
-[r] 00 - 00000000 -
-[e] 010001b8 0100018c 1
-[w] 010001b0 1 04 00000001
-[f] 01000190 00000097
-[d] 0100018c 17 01 - - - - 00000000 -
-[r] - - - -
-[f] 01000194 13808093
-[d] 01000190 13 01 01 - 0 - 00000138 -
-[r] 01 - 00000000 -
-[e] 0100018c 0100018c 0
-[f] 01000198 0040af03
-[d] 01000194 03 1e 01 - 2 - 00000004 -
-[r] 01 - 010002c4 -
-[e] 01000190 010002c4 0
-[f] 010001a4 000f0313
-[d] 010001a0 13 06 1e - 0 - 00000000 -
-[r] 1e - 00000000 -
-[w] 01000194 1 1e ff00ff00
-[f] 010001a4 000f0313
-[d] 010001a0 13 06 1e - 0 - 00000000 -
-[r] 1e - ff00ff00 -
-[e] 010001a0 ff00ff00 0
-[f] 010001a8 ff010eb7
-[d] 010001a4 37 1d - - - - ff010000 -
-[r] - - - -
-[e] 010001a0 ff00ff00 0
-[f] 010001ac f00e8e93
-[d] 010001a8 13 1d 1d - 0 - ffffff00 -
-[r] 1d - 00000000 -
-[e] 010001a4 ff010000 0
-[f] 010001b0 0fd31063
-[d] 010001ac 63 - 06 1d 1 - 000000e0 -
-[r] 06 1d ff00ff00 00000000
-[e] 010001a8 ff00ff00 0
-[w] 010001a0 1 06 ff00ff00
-[f] 010001b0 0fd31063
-[d] 010001ac 63 - 06 1d 1 - 000000e0 -
-[r] 06 1d ff00ff00 ff00ff00
-[e] 010001ac ff00ff00 0
-[w] 010001a4 1 1d ff010000
-[f] 010001b4 00120213
-[d] 010001b0 13 04 04 - 0 - 00000001 -
-[r] 04 - ff00ff00 -
-[e] 010001ac 0100028c 0
-[w] 010001a8 1 1d ff00ff00
-[f] 010001b8 00200293
-[d] 010001b4 13 05 00 - 0 - 00000002 -
-[r] 00 - 00000001 -
-[e] 010001b0 00000002 0
-[f] 010001bc fc521ae3
-[d] 010001b8 63 - 04 05 1 - ffffffd4 -
-[r] 04 05 00000000 00000000
-[e] 010001b4 00000002 0
-[f] 010001c0 00f00193
-[d] 010001bc 13 03 00 - 0 - 0000000f -
-[r] 00 - 00000001 -
-[e] 010001b8 0100018c 0
-[w] 010001b0 1 04 00000002
-[f] 010001c4 00000213
-[d] 010001c0 13 04 00 - 0 - 00000000 -
-[r] 00 - 00000000 -
-[e] 010001bc 0000000f 0
-[w] 010001b4 1 05 00000002
-[f] 010001c8 00000097
-[d] 010001c4 17 01 - - - - 00000000 -
-[r] - - - -
-[e] 010001c0 00000000 0
-[f] 010001cc 10408093
-[d] 010001c8 13 01 01 - 0 - 00000104 -
-[r] 01 - 00000000 -
-[e] 010001c4 010001c4 0
-[w] 010001bc 1 03 0000000f
-[f] 010001d0 0040af03
-[d] 010001cc 03 1e 01 - 2 - 00000004 -
-[r] 01 - 010002c4 -
-[e] 010001c8 010002c8 0
-[w] 010001c0 1 04 00000000
-[f] 010001d4 0ff01eb7
-[d] 010001d0 37 1d - - - - 0ff01000 -
-[r] - - - -
-[e] 010001cc 010002cc 0
-[w] 010001c4 1 01 010001c4
-[f] 010001d8 ff0e8e93
-[d] 010001d4 13 1d 1d - 0 - fffffff0 -
-[r] 1d - 00000000 -
-[e] 010001d0 0ff01000 0
-[w] 010001c8 1 01 010002c8
-[f] 010001dc 0bdf1a63
-[d] 010001d8 63 - 1e 1d 1 - 000000b4 -
-[r] 1e 1d ff00ff00 00000000
-[e] 010001d4 0ff00ff0 0
-[w] 010001cc 1 1e 0ff00ff0
-[f] 010001dc 0bdf1a63
-[d] 010001d8 63 - 1e 1d 1 - 000000b4 -
-[r] 1e 1d ff00ff00 ff00ff00
-[e] 010001d8 ff00ff00 0
-[w] 010001d0 1 1d 0ff01000
-[f] 010001e0 00120213
-[d] 010001dc 13 04 04 - 0 - 00000001 -
-[r] 04 - 0ff00ff0 -
-[e] 010001d8 0100028c 0
-[w] 010001d4 1 1d 0ff00ff0
-[f] 010001e4 00200293
-[d] 010001e0 13 05 00 - 0 - 00000002 -
-[r] 00 - 00000000 -
-[e] 010001dc 00000001 0
-[f] 010001e8 fe5210e3
-[d] 010001e4 63 - 04 05 1 - ffffffe0 -
-[r] 04 05 00000000 00000000
-[e] 010001e0 00000002 0
-[f] 010001ec 01000193
-[d] 010001e8 13 03 00 - 0 - 00000010 -
-[r] 00 - 00000000 -
-[e] 010001e4 010001c4 1
-[w] 010001dc 1 04 00000001
-[f] 010001c8 00000097
-[d] 010001c4 17 01 - - - - 00000000 -
-[r] - - - -
-[f] 010001cc 10408093
-[d] 010001c8 13 01 01 - 0 - 00000104 -
-[r] 01 - 00000000 -
-[e] 010001c4 010001c4 0
-[f] 010001d0 0040af03
-[d] 010001cc 03 1e 01 - 2 - 00000004 -
-[r] 01 - 010002c8 -
-[e] 010001c8 010002c8 0
-[f] 010001d4 0ff01eb7
-[d] 010001d0 37 1d - - - - 0ff01000 -
-[r] - - - -
-[e] 010001cc 010002cc 0
-[w] 010001c4 1 01 010001c4
-[f] 010001d8 ff0e8e93
-[d] 010001d4 13 1d 1d - 0 - fffffff0 -
-[r] 1d - 00000000 -
-[e] 010001d0 0ff01000 0
-[w] 010001c8 1 01 010002c8
-[f] 010001dc 0bdf1a63
-[d] 010001d8 63 - 1e 1d 1 - 000000b4 -
-[r] 1e 1d 0ff00ff0 00000000
-[e] 010001d4 0ff00ff0 0
-[w] 010001cc 1 1e 0ff00ff0
-[f] 010001dc 0bdf1a63
-[d] 010001d8 63 - 1e 1d 1 - 000000b4 -
-[r] 1e 1d 0ff00ff0 0ff00ff0
-[e] 010001d8 0ff00ff0 0
-[w] 010001d0 1 1d 0ff01000
-[f] 010001e0 00120213
-[d] 010001dc 13 04 04 - 0 - 00000001 -
-[r] 04 - 0ff00ff0 -
-[e] 010001d8 0100028c 0
-[w] 010001d4 1 1d 0ff00ff0
-[f] 010001e4 00200293
-[d] 010001e0 13 05 00 - 0 - 00000002 -
-[r] 00 - 00000001 -
-[e] 010001dc 00000002 0
-[f] 010001e8 fe5210e3
-[d] 010001e4 63 - 04 05 1 - ffffffe0 -
-[r] 04 05 00000000 00000000
-[e] 010001e0 00000002 0
-[f] 010001ec 01000193
-[d] 010001e8 13 03 00 - 0 - 00000010 -
-[r] 00 - 00000001 -
-[e] 010001e4 010001c4 0
-[w] 010001dc 1 04 00000002
-[f] 010001f0 00000213
-[d] 010001ec 13 04 00 - 0 - 00000000 -
-[r] 00 - 00000000 -
-[e] 010001e8 00000010 0
-[w] 010001e0 1 05 00000002
-[f] 010001f4 00000097
-[d] 010001f0 17 01 - - - - 00000000 -
-[r] - - - -
-[e] 010001ec 00000000 0
-[f] 010001f8 0dc08093
-[d] 010001f4 13 01 01 - 0 - 000000dc -
-[r] 01 - 00000000 -
-[e] 010001f0 010001f0 0
-[w] 010001e8 1 03 00000010
-[f] 01000200 0040af03
-[d] 010001fc 03 1e 01 - 2 - 00000004 -
-[r] 01 - 00000000 -
-[w] 010001f0 1 01 010001f0
-[f] 01000204 f00ffeb7
-[d] 01000200 37 1d - - - - f00ff000 -
-[r] - - - -
-[e] 010001fc 010002d0 0
-[w] 010001f4 1 01 010002cc
-[f] 01000208 00fe8e93
-[d] 01000204 13 1d 1d - 0 - 0000000f -
-[r] 1d - 00000000 -
-[e] 01000200 f00ff000 1
-[f] 0100020c 09df1263
-[d] 01000208 63 - 1e 1d 1 - 00000084 -
-[r] 1e 1d 0ff00ff0 00000000
-[e] 01000204 f00ff00f 0
-[w] 010001fc 1 1e f00ff00f
-[f] 0100020c 09df1263
-[d] 01000208 63 - 1e 1d 1 - 00000084 -
-[r] 1e 1d 0ff00ff0 0ff00ff0
-[e] 01000208 0ff00ff0 0
-[w] 01000200 1 1d f00ff000
-[f] 01000210 00120213
-[d] 0100020c 13 04 04 - 0 - 00000001 -
-[r] 04 - f00ff00f -
-[e] 01000208 0100028c 0
-[w] 01000204 1 1d f00ff00f
-[f] 01000214 00200293
-[d] 01000210 13 05 00 - 0 - 00000002 -
-[r] 00 - 00000000 -
-[e] 0100020c 00000001 0
-[f] 01000218 fc521ee3
-[d] 01000214 63 - 04 05 1 - ffffffdc -
-[r] 04 05 00000000 00000000
-[e] 01000210 00000002 0
-[f] 0100021c 01100193
-[d] 01000218 13 03 00 - 0 - 00000011 -
-[r] 00 - 00000000 -
-[e] 01000214 010001f0 1
-[w] 0100020c 1 04 00000001
-[f] 010001f4 00000097
-[d] 010001f0 17 01 - - - - 00000000 -
-[r] - - - -
-[f] 010001f8 0dc08093
-[d] 010001f4 13 01 01 - 0 - 000000dc -
-[r] 01 - 00000000 -
-[e] 010001f0 010001f0 0
-[f] 01000200 0040af03
-[d] 010001fc 03 1e 01 - 2 - 00000004 -
-[r] 01 - 00000000 -
-[w] 010001f0 1 01 010001f0
-[f] 01000204 f00ffeb7
-[d] 01000200 37 1d - - - - f00ff000 -
-[r] - - - -
-[e] 010001fc 010002d0 0
-[w] 010001f4 1 01 010002cc
-[f] 01000208 00fe8e93
-[d] 01000204 13 1d 1d - 0 - 0000000f -
-[r] 1d - 00000000 -
-[e] 01000200 f00ff000 1
-[f] 0100020c 09df1263
-[d] 01000208 63 - 1e 1d 1 - 00000084 -
-[r] 1e 1d f00ff00f 00000000
-[e] 01000204 f00ff00f 0
-[w] 010001fc 1 1e f00ff00f
-[f] 0100020c 09df1263
-[d] 01000208 63 - 1e 1d 1 - 00000084 -
-[r] 1e 1d f00ff00f f00ff00f
-[e] 01000208 f00ff00f 0
-[w] 01000200 1 1d f00ff000
-[f] 01000210 00120213
-[d] 0100020c 13 04 04 - 0 - 00000001 -
-[r] 04 - f00ff00f -
-[e] 01000208 0100028c 0
-[w] 01000204 1 1d f00ff00f
-[f] 01000214 00200293
-[d] 01000210 13 05 00 - 0 - 00000002 -
-[r] 00 - 00000001 -
-[e] 0100020c 00000002 0
-[f] 01000218 fc521ee3
-[d] 01000214 63 - 04 05 1 - ffffffdc -
-[r] 04 05 00000000 00000000
-[e] 01000210 00000002 0
-[f] 0100021c 01100193
-[d] 01000218 13 03 00 - 0 - 00000011 -
-[r] 00 - 00000001 -
-[e] 01000214 010001f0 0
-[w] 0100020c 1 04 00000002
-[f] 01000220 00000213
-[d] 0100021c 13 04 00 - 0 - 00000000 -
-[r] 00 - 00000000 -
-[e] 01000218 00000011 0
-[w] 01000210 1 05 00000002
-[f] 01000224 00000097
-[d] 01000220 17 01 - - - - 00000000 -
-[r] - - - -
-[e] 0100021c 00000000 0
-[f] 01000228 0a408093
-[d] 01000224 13 01 01 - 0 - 000000a4 -
-[r] 01 - 00000000 -
-[e] 01000220 01000220 0
-[w] 01000218 1 03 00000011
-[f] 01000234 0040af03
-[d] 01000230 03 1e 01 - 2 - 00000004 -
-[r] 01 - 00000000 -
-[w] 01000224 1 01 010002c4
-[f] 01000234 0040af03
-[d] 01000230 03 1e 01 - 2 - 00000004 -
-[r] 01 - 01000220 -
-[e] 01000230 01000220 0
-[f] 01000238 ff010eb7
-[d] 01000234 37 1d - - - - ff010000 -
+[d] 01000020 17 01 - - - - 00000000 -
 [r] - - - -
-[e] 01000230 010002c8 0
-[f] 0100023c f00e8e93
-[d] 01000238 13 1d 1d - 0 - ffffff00 -
-[r] 1d - 00000000 -
-[e] 01000234 ff010000 0
-[f] 01000240 05df1863
-[d] 0100023c 63 - 1e 1d 1 - 00000050 -
-[r] 1e 1d f00ff00f 00000000
-[e] 01000238 ff00ff00 0
-[w] 01000230 1 1e ff00ff00
-[f] 01000240 05df1863
-[d] 0100023c 63 - 1e 1d 1 - 00000050 -
-[r] 1e 1d f00ff00f f00ff00f
-[e] 0100023c f00ff00f 0
-[w] 01000234 1 1d ff010000
-[f] 01000244 00120213
-[d] 01000240 13 04 04 - 0 - 00000001 -
-[r] 04 - ff00ff00 -
-[e] 0100023c 0100028c 0
-[w] 01000238 1 1d ff00ff00
-[f] 01000248 00200293
-[d] 01000244 13 05 00 - 0 - 00000002 -
-[r] 00 - 00000000 -
-[e] 01000240 00000001 0
-[f] 0100024c fc521ce3
-[d] 01000248 63 - 04 05 1 - ffffffd8 -
-[r] 04 05 00000000 00000000
-[e] 01000244 00000002 0
-[f] 01000250 00000297
-[d] 0100024c 17 05 - - - - 00000000 -
-[r] - - - -
-[e] 01000248 01000220 1
-[w] 01000240 1 04 00000001
-[f] 01000224 00000097
-[d] 01000220 17 01 - - - - 00000000 -
-[r] - - - -
-[f] 01000228 0a408093
-[d] 01000224 13 01 01 - 0 - 000000a4 -
-[r] 01 - 00000000 -
-[e] 01000220 01000220 0
-[f] 01000234 0040af03
-[d] 01000230 03 1e 01 - 2 - 00000004 -
-[r] 01 - 00000000 -
-[w] 01000224 1 01 010002c4
-[f] 01000234 0040af03
-[d] 01000230 03 1e 01 - 2 - 00000004 -
-[r] 01 - 01000220 -
-[e] 01000230 01000220 0
-[f] 01000238 ff010eb7
-[d] 01000234 37 1d - - - - ff010000 -
-[r] - - - -
-[e] 01000230 010002c8 0
-[f] 0100023c f00e8e93
-[d] 01000238 13 1d 1d - 0 - ffffff00 -
-[r] 1d - 00000000 -
-[e] 01000234 ff010000 0
-[f] 01000240 05df1863
-[d] 0100023c 63 - 1e 1d 1 - 00000050 -
-[r] 1e 1d ff00ff00 00000000
-[e] 01000238 ff00ff00 0
-[w] 01000230 1 1e ff00ff00
-[f] 01000240 05df1863
-[d] 0100023c 63 - 1e 1d 1 - 00000050 -
-[r] 1e 1d ff00ff00 ff00ff00
-[e] 0100023c ff00ff00 0
-[w] 01000234 1 1d ff010000
-[f] 01000244 00120213
-[d] 01000240 13 04 04 - 0 - 00000001 -
-[r] 04 - ff00ff00 -
-[e] 0100023c 0100028c 0
-[w] 01000238 1 1d ff00ff00
-[f] 01000248 00200293
-[d] 01000244 13 05 00 - 0 - 00000002 -
-[r] 00 - 00000001 -
-[e] 01000240 00000002 0
-[f] 0100024c fc521ce3
-[d] 01000248 63 - 04 05 1 - ffffffd8 -
-[r] 04 05 00000000 00000000
-[e] 01000244 00000002 0
-[f] 01000250 00000297
-[d] 0100024c 17 05 - - - - 00000000 -
-[r] - - - -
-[e] 01000248 01000220 0
-[w] 01000240 1 04 00000002
-[f] 01000254 07828293
-[d] 01000250 13 05 05 - 0 - 00000078 -
-[r] 05 - 00000000 -
-[e] 0100024c 0100024c 0
-[w] 01000244 1 05 00000002
-[f] 01000258 0002a103
-[d] 01000254 03 02 05 - 2 - 00000000 -
-[r] 05 - 00000002 -
-[e] 01000250 010002c4 0
-[f] 0100025c 00200113
-[d] 01000258 13 02 00 - 0 - 00000002 -
-[r] 00 - 00000002 -
-[e] 01000254 010002c4 0
-[w] 0100024c 1 05 0100024c
-[f] 01000260 00200e93
-[d] 0100025c 13 1d 00 - 0 - 00000002 -
-[r] 00 - 00000000 -
-[e] 01000258 00000002 0
-[w] 01000250 1 05 010002c4
-[f] 01000264 01200193
-[d] 01000260 13 03 00 - 0 - 00000012 -
-[r] 00 - 00000000 -
-[e] 0100025c 00000002 0
-[w] 01000254 1 02 00ff00ff
-[f] 01000268 03d11463
-[d] 01000264 63 - 02 1d 1 - 00000028 -
-[r] 02 1d 00000000 00000000
-[e] 01000260 00000012 0
-[w] 01000258 1 02 00000002
-[f] 01000268 03d11463
-[d] 01000264 63 - 02 1d 1 - 00000028 -
-[r] 02 1d 00ff00ff ff00ff00
-[e] 01000264 00ff00ff 0
-[w] 0100025c 1 1d 00000002
-[f] 01000268 03d11463
-[d] 01000264 63 - 02 1d 1 - 00000028 -
-[r] 02 1d 00000002 ff00ff00
-[e] 01000264 00000002 0
-[w] 01000260 1 03 00000012
-[f] 0100026c 00000297
-[d] 01000268 17 05 - - - - 00000000 -
-[r] - - - -
-[e] 01000264 0100028c 0
-[f] 01000270 05c28293
-[d] 0100026c 13 05 05 - 0 - 0000005c -
-[r] 05 - 00000000 -
-[e] 01000268 01000268 0
-[f] 01000274 0002a103
-[d] 01000270 03 02 05 - 2 - 00000000 -
-[r] 05 - 010002c4 -
-[e] 0100026c 010002c4 0
-[f] 0100027c 00200113
-[d] 01000278 13 02 00 - 0 - 00000002 -
-[r] 00 - 00000000 -
-[w] 0100026c 1 05 010002c4
-[f] 01000280 00200e93
-[d] 0100027c 13 1d 00 - 0 - 00000002 -
-[r] 00 - 00000000 -
-[e] 01000278 00000002 0
-[w] 01000270 1 02 00ff00ff
-[f] 01000284 01300193
-[d] 01000280 13 03 00 - 0 - 00000013 -
-[r] 00 - 00000000 -
-[e] 0100027c 00000002 0
-[f] 01000288 01d11463
-[d] 01000284 63 - 02 1d 1 - 00000008 -
-[r] 02 1d 00000000 00000000
-[e] 01000280 00000013 0
-[w] 01000278 1 02 00000002
-[f] 01000288 01d11463
-[d] 01000284 63 - 02 1d 1 - 00000008 -
-[r] 02 1d 00ff00ff 00000002
-[e] 01000284 00ff00ff 0
-[w] 0100027c 1 1d 00000002
-[f] 01000288 01d11463
-[d] 01000284 63 - 02 1d 1 - 00000008 -
-[r] 02 1d 00000002 00000002
-[e] 01000284 00000002 0
-[w] 01000280 1 03 00000013
-[f] 0100028c 00301c63
-[d] 01000288 63 - 00 03 1 - 00000018 -
-[r] 00 03 00000002 00000002
-[e] 01000284 0100028c 0
-[f] 010002a8 00100193
-[d] 010002a4 13 03 00 - 0 - 00000001 -
-[r] 00 - 00000000 -
-[e] 010002a0 00000000 0
+[e] 0100001c 01000290 1
+[f] 01000294 00018063
+[d] 01000290 03 1e 01 - 2 - 00000004 -
+[r] 01 - 00000000 -
+[f] 01000298 00119193
+[d] 01000294 63 - 03 00 0 - 00000000 -
+[r] 03 00 010002c8 00000000
+[e] 01000290 00000004 0
+[f] 0100029c 0011e193
+[d] 01000298 13 03 03 - 1 - 00000000 -
+[r] 03 - 00000002 -
+[e] 01000294 01000294 0
+[f] 010002a0 00000073
+[d] 0100029c 13 03 03 - 6 - 00000001 -
+[r] 03 - 00000002 -
+[e] 01000298 00000002 0
+[w] 01000290 1 1e 00000097
