--- /tmp/tmp.eHZGedwzMu	2025-11-28 17:09:55.426382720 -0500
+++ /tmp/tmp.kneHlb6MFg	2025-11-28 17:09:55.435382761 -0500
@@ -1,2263 +1,57 @@
-[f] 01000004 800000b7
-[d] 01000000 37 01 - - - - 80000000 -
-[r] - - - -
 [f] 01000008 00000113
-[d] 01000004 13 02 00 - 0 - 00000000 -
-[r] 00 - 00000000 -
-[e] 01000000 80000000 0
+[d] 01000004 37 01 - - - - 80000000 -
+[r] - - - -
+[e] 01000000 00000000 0
 [f] 0100000c 4020df33
-[d] 01000008 33 1e 01 02 5 20 - -
-[r] 01 02 00000000 00000000
-[e] 01000004 00000000 0
+[d] 01000008 13 02 00 - 0 - 00000000 -
+[r] 00 - 00000000 -
+[e] 01000004 80000000 0
 [f] 01000010 80000eb7
-[d] 0100000c 37 1d - - - - 80000000 -
-[r] - - - -
-[e] 01000008 80000000 0
-[w] 01000000 1 01 80000000
+[d] 0100000c 33 1e 01 02 5 20 - -
+[r] 01 02 00000000 00000000
+[e] 01000008 00000000 0
 [f] 01000014 00200193
-[d] 01000010 13 03 00 - 0 - 00000002 -
-[r] 00 - 00000000 -
+[d] 01000010 37 1d - - - - 80000000 -
+[r] - - - -
 [e] 0100000c 80000000 0
-[w] 01000004 1 02 00000000
+[w] 01000004 1 01 80000000
 [f] 01000018 59df1463
-[d] 01000014 63 - 1e 1d 1 - 00000588 -
+[d] 01000014 13 03 00 - 0 - 00000002 -
+[r] 00 - 00000000 -
+[e] 01000010 80000000 0
+[w] 01000008 1 02 00000000
+[f] 0100001c 800000b7
+[d] 01000018 63 - 1e 1d 1 - 00000588 -
 [r] 1e 1d 00000000 00000000
-[e] 01000010 00000002 0
-[w] 01000008 1 1e 80000000
-[f] 01000018 59df1463
-[d] 01000014 63 - 1e 1d 1 - 00000588 -
+[e] 01000014 00000002 0
+[w] 0100000c 1 1e 80000000
+[f] 0100001c 800000b7
+[d] 01000018 63 - 1e 1d 1 - 00000588 -
 [r] 1e 1d 00000000 00000000
-[e] 01000014 00000000 0
-[w] 0100000c 1 1d 80000000
-[f] 01000018 59df1463
-[d] 01000014 63 - 1e 1d 1 - 00000588 -
-[r] 1e 1d 80000000 00000000
-[e] 01000014 80000000 0
-[w] 01000010 1 03 00000002
+[e] 01000018 00000000 0
+[w] 01000010 1 1d 80000000
 [f] 0100001c 800000b7
-[d] 01000018 37 01 - - - - 80000000 -
-[r] - - - -
-[e] 01000014 0100059c 0
+[d] 01000018 63 - 1e 1d 1 - 00000588 -
+[r] 1e 1d 80000000 00000000
+[e] 01000018 00000000 0
+[w] 01000014 1 03 00000002
 [f] 01000020 00100113
-[d] 0100001c 13 02 00 - 0 - 00000001 -
-[r] 00 - 00000000 -
-[e] 01000018 80000000 0
-[f] 01000024 4020df33
-[d] 01000020 33 1e 01 02 5 20 - -
-[r] 01 02 00000000 00000000
-[e] 0100001c 00000001 0
-[f] 01000028 c0000eb7
-[d] 01000024 37 1d - - - - c0000000 -
-[r] - - - -
-[e] 01000020 c0000000 0
-[w] 01000018 1 01 80000000
-[f] 0100002c 00300193
-[d] 01000028 13 03 00 - 0 - 00000003 -
-[r] 00 - 00000000 -
-[e] 01000024 c0000000 0
-[w] 0100001c 1 02 00000001
-[f] 01000030 57df1863
-[d] 0100002c 63 - 1e 1d 1 - 00000570 -
-[r] 1e 1d 00000000 00000000
-[e] 01000028 00000003 0
-[w] 01000020 1 1e c0000000
-[f] 01000030 57df1863
-[d] 0100002c 63 - 1e 1d 1 - 00000570 -
-[r] 1e 1d 80000000 80000000
-[e] 0100002c 80000000 0
-[w] 01000024 1 1d c0000000
-[f] 01000030 57df1863
-[d] 0100002c 63 - 1e 1d 1 - 00000570 -
-[r] 1e 1d c0000000 80000000
-[e] 0100002c c0000000 0
-[w] 01000028 1 03 00000003
-[f] 01000034 800000b7
-[d] 01000030 37 01 - - - - 80000000 -
-[r] - - - -
-[e] 0100002c 0100059c 0
-[f] 01000038 00700113
-[d] 01000034 13 02 00 - 0 - 00000007 -
-[r] 00 - 00000000 -
-[e] 01000030 80000000 0
-[f] 0100003c 4020df33
-[d] 01000038 33 1e 01 02 5 20 - -
-[r] 01 02 00000000 00000000
-[e] 01000034 00000007 0
-[f] 01000040 ff000eb7
-[d] 0100003c 37 1d - - - - ff000000 -
-[r] - - - -
-[e] 01000038 ff000000 0
-[w] 01000030 1 01 80000000
-[f] 01000044 00400193
-[d] 01000040 13 03 00 - 0 - 00000004 -
-[r] 00 - 00000000 -
-[e] 0100003c ff000000 0
-[w] 01000034 1 02 00000007
-[f] 01000048 55df1c63
-[d] 01000044 63 - 1e 1d 1 - 00000558 -
-[r] 1e 1d 00000000 00000000
-[e] 01000040 00000004 0
-[w] 01000038 1 1e ff000000
-[f] 01000048 55df1c63
-[d] 01000044 63 - 1e 1d 1 - 00000558 -
-[r] 1e 1d c0000000 c0000000
-[e] 01000044 c0000000 0
-[w] 0100003c 1 1d ff000000
-[f] 01000048 55df1c63
-[d] 01000044 63 - 1e 1d 1 - 00000558 -
-[r] 1e 1d ff000000 c0000000
-[e] 01000044 ff000000 0
-[w] 01000040 1 03 00000004
-[f] 0100004c 800000b7
-[d] 01000048 37 01 - - - - 80000000 -
-[r] - - - -
-[e] 01000044 0100059c 0
-[f] 01000050 00e00113
-[d] 0100004c 13 02 00 - 0 - 0000000e -
-[r] 00 - 00000000 -
-[e] 01000048 80000000 0
-[f] 01000054 4020df33
-[d] 01000050 33 1e 01 02 5 20 - -
-[r] 01 02 00000000 00000000
-[e] 0100004c 0000000e 0
-[f] 01000058 fffe0eb7
-[d] 01000054 37 1d - - - - fffe0000 -
-[r] - - - -
-[e] 01000050 fffe0000 0
-[w] 01000048 1 01 80000000
-[f] 0100005c 00500193
-[d] 01000058 13 03 00 - 0 - 00000005 -
-[r] 00 - 00000000 -
-[e] 01000054 fffe0000 0
-[w] 0100004c 1 02 0000000e
-[f] 01000060 55df1063
-[d] 0100005c 63 - 1e 1d 1 - 00000540 -
-[r] 1e 1d 00000000 00000000
-[e] 01000058 00000005 0
-[w] 01000050 1 1e fffe0000
-[f] 01000060 55df1063
-[d] 0100005c 63 - 1e 1d 1 - 00000540 -
-[r] 1e 1d ff000000 ff000000
-[e] 0100005c ff000000 0
-[w] 01000054 1 1d fffe0000
-[f] 01000060 55df1063
-[d] 0100005c 63 - 1e 1d 1 - 00000540 -
-[r] 1e 1d fffe0000 ff000000
-[e] 0100005c fffe0000 0
-[w] 01000058 1 03 00000005
-[f] 01000064 800000b7
-[d] 01000060 37 01 - - - - 80000000 -
-[r] - - - -
-[e] 0100005c 0100059c 0
-[f] 01000068 00108093
-[d] 01000064 13 01 01 - 0 - 00000001 -
-[r] 01 - 00000000 -
-[e] 01000060 80000000 0
-[f] 0100006c 01f00113
-[d] 01000068 13 02 00 - 0 - 0000001f -
-[r] 00 - 80000000 -
-[e] 01000064 80000001 0
-[f] 01000070 4020df33
-[d] 0100006c 33 1e 01 02 5 20 - -
-[r] 01 02 00000000 00000000
-[e] 01000068 0000001f 0
-[w] 01000060 1 01 80000000
-[f] 01000074 fff00e93
-[d] 01000070 13 1d 00 - 0 - ffffffff -
-[r] 00 - 80000000 -
-[e] 0100006c ffffffff 0
-[w] 01000064 1 01 80000001
-[f] 01000078 00600193
-[d] 01000074 13 03 00 - 0 - 00000006 -
-[r] 00 - 00000000 -
-[e] 01000070 ffffffff 0
-[w] 01000068 1 02 0000001f
-[f] 0100007c 53df1263
-[d] 01000078 63 - 1e 1d 1 - 00000524 -
-[r] 1e 1d 00000000 00000000
-[e] 01000074 00000006 0
-[w] 0100006c 1 1e ffffffff
-[f] 0100007c 53df1263
-[d] 01000078 63 - 1e 1d 1 - 00000524 -
-[r] 1e 1d fffe0000 fffe0000
-[e] 01000078 fffe0000 0
-[w] 01000070 1 1d ffffffff
-[f] 0100007c 53df1263
-[d] 01000078 63 - 1e 1d 1 - 00000524 -
-[r] 1e 1d ffffffff fffe0000
-[e] 01000078 ffffffff 0
-[w] 01000074 1 03 00000006
-[f] 01000080 800000b7
-[d] 0100007c 37 01 - - - - 80000000 -
-[r] - - - -
-[e] 01000078 0100059c 0
-[f] 01000084 fff08093
-[d] 01000080 13 01 01 - 0 - ffffffff -
-[r] 01 - 00000000 -
-[e] 0100007c 80000000 0
-[f] 01000088 00000113
-[d] 01000084 13 02 00 - 0 - 00000000 -
-[r] 00 - 80000001 -
-[e] 01000080 7fffffff 0
-[f] 0100008c 4020df33
-[d] 01000088 33 1e 01 02 5 20 - -
-[r] 01 02 00000000 00000000
-[e] 01000084 00000000 0
-[w] 0100007c 1 01 80000000
-[f] 01000090 80000eb7
-[d] 0100008c 37 1d - - - - 80000000 -
-[r] - - - -
-[e] 01000088 7fffffff 1
-[w] 01000080 1 01 7fffffff
-[f] 01000094 fffe8e93
-[d] 01000090 13 1d 1d - 0 - ffffffff -
-[r] 1d - 00000000 -
-[e] 0100008c 80000000 0
-[w] 01000084 1 02 00000000
-[f] 01000098 00700193
-[d] 01000094 13 03 00 - 0 - 00000007 -
-[r] 00 - ffffffff -
-[e] 01000090 7fffffff 0
-[w] 01000088 1 1e 7fffffff
-[f] 0100009c 51df1263
-[d] 01000098 63 - 1e 1d 1 - 00000504 -
-[r] 1e 1d 00000000 00000000
-[e] 01000094 00000007 0
-[w] 0100008c 1 1d 80000000
-[f] 010000a0 800000b7
-[d] 0100009c 37 01 - - - - 80000000 -
-[r] - - - -
-[e] 01000098 0100059c 0
-[w] 01000090 1 1d 7fffffff
-[f] 010000a4 fff08093
-[d] 010000a0 13 01 01 - 0 - ffffffff -
-[r] 01 - 00000000 -
-[e] 0100009c 80000000 0
-[w] 01000094 1 03 00000007
-[f] 010000a8 00100113
-[d] 010000a4 13 02 00 - 0 - 00000001 -
-[r] 00 - 7fffffff -
-[e] 010000a0 7fffffff 0
-[f] 010000ac 4020df33
-[d] 010000a8 33 1e 01 02 5 20 - -
-[r] 01 02 00000000 00000000
-[e] 010000a4 00000001 0
-[w] 0100009c 1 01 80000000
-[f] 010000b0 40000eb7
-[d] 010000ac 37 1d - - - - 40000000 -
+[d] 0100001c 37 01 - - - - 80000000 -
 [r] - - - -
-[e] 010000a8 3fffffff 1
-[w] 010000a0 1 01 7fffffff
-[f] 010000b4 fffe8e93
-[d] 010000b0 13 1d 1d - 0 - ffffffff -
-[r] 1d - 00000000 -
-[e] 010000ac 40000000 0
-[w] 010000a4 1 02 00000001
-[f] 010000b8 00800193
-[d] 010000b4 13 03 00 - 0 - 00000008 -
-[r] 00 - 7fffffff -
-[e] 010000b0 3fffffff 0
-[w] 010000a8 1 1e 3fffffff
-[f] 010000bc 4fdf1263
-[d] 010000b8 63 - 1e 1d 1 - 000004e4 -
-[r] 1e 1d 00000000 00000000
-[e] 010000b4 00000008 0
-[w] 010000ac 1 1d 40000000
-[f] 010000c0 800000b7
-[d] 010000bc 37 01 - - - - 80000000 -
-[r] - - - -
-[e] 010000b8 0100059c 0
-[w] 010000b0 1 1d 3fffffff
-[f] 010000c4 fff08093
-[d] 010000c0 13 01 01 - 0 - ffffffff -
-[r] 01 - 00000000 -
-[e] 010000bc 80000000 0
-[w] 010000b4 1 03 00000008
-[f] 010000c8 00700113
-[d] 010000c4 13 02 00 - 0 - 00000007 -
-[r] 00 - 7fffffff -
-[e] 010000c0 7fffffff 0
-[f] 010000cc 4020df33
-[d] 010000c8 33 1e 01 02 5 20 - -
-[r] 01 02 00000000 00000000
-[e] 010000c4 00000007 0
-[w] 010000bc 1 01 80000000
-[f] 010000d0 01000eb7
-[d] 010000cc 37 1d - - - - 01000000 -
-[r] - - - -
-[e] 010000c8 00ffffff 1
-[w] 010000c0 1 01 7fffffff
-[f] 010000d4 fffe8e93
-[d] 010000d0 13 1d 1d - 0 - ffffffff -
-[r] 1d - 00000000 -
-[e] 010000cc 01000000 0
-[w] 010000c4 1 02 00000007
-[f] 010000d8 00900193
-[d] 010000d4 13 03 00 - 0 - 00000009 -
-[r] 00 - 3fffffff -
-[e] 010000d0 00ffffff 0
-[w] 010000c8 1 1e 00ffffff
-[f] 010000dc 4ddf1263
-[d] 010000d8 63 - 1e 1d 1 - 000004c4 -
-[r] 1e 1d 00000000 00000000
-[e] 010000d4 00000009 0
-[w] 010000cc 1 1d 01000000
-[f] 010000e0 800000b7
-[d] 010000dc 37 01 - - - - 80000000 -
-[r] - - - -
-[e] 010000d8 0100059c 0
-[w] 010000d0 1 1d 00ffffff
-[f] 010000e4 fff08093
-[d] 010000e0 13 01 01 - 0 - ffffffff -
-[r] 01 - 00000000 -
-[e] 010000dc 80000000 0
-[w] 010000d4 1 03 00000009
-[f] 010000e8 00e00113
-[d] 010000e4 13 02 00 - 0 - 0000000e -
-[r] 00 - 7fffffff -
-[e] 010000e0 7fffffff 0
-[f] 010000ec 4020df33
-[d] 010000e8 33 1e 01 02 5 20 - -
-[r] 01 02 00000000 00000000
-[e] 010000e4 0000000e 0
-[w] 010000dc 1 01 80000000
-[f] 010000f0 00020eb7
-[d] 010000ec 37 1d - - - - 00020000 -
-[r] - - - -
-[e] 010000e8 0001ffff 1
-[w] 010000e0 1 01 7fffffff
-[f] 010000f4 fffe8e93
-[d] 010000f0 13 1d 1d - 0 - ffffffff -
-[r] 1d - 00000000 -
-[e] 010000ec 00020000 0
-[w] 010000e4 1 02 0000000e
-[f] 010000f8 00a00193
-[d] 010000f4 13 03 00 - 0 - 0000000a -
-[r] 00 - 00ffffff -
-[e] 010000f0 0001ffff 0
-[w] 010000e8 1 1e 0001ffff
-[f] 010000fc 4bdf1263
-[d] 010000f8 63 - 1e 1d 1 - 000004a4 -
-[r] 1e 1d 00000000 00000000
-[e] 010000f4 0000000a 0
-[w] 010000ec 1 1d 00020000
-[f] 01000100 800000b7
-[d] 010000fc 37 01 - - - - 80000000 -
-[r] - - - -
-[e] 010000f8 0100059c 0
-[w] 010000f0 1 1d 0001ffff
-[f] 01000104 fff08093
-[d] 01000100 13 01 01 - 0 - ffffffff -
-[r] 01 - 00000000 -
-[e] 010000fc 80000000 0
-[w] 010000f4 1 03 0000000a
-[f] 01000108 01f00113
-[d] 01000104 13 02 00 - 0 - 0000001f -
-[r] 00 - 7fffffff -
-[e] 01000100 7fffffff 0
-[f] 0100010c 4020df33
-[d] 01000108 33 1e 01 02 5 20 - -
-[r] 01 02 00000000 00000000
-[e] 01000104 0000001f 0
-[w] 010000fc 1 01 80000000
-[f] 01000110 00000e93
-[d] 0100010c 13 1d 00 - 0 - 00000000 -
-[r] 00 - 7fffffff -
-[e] 01000108 00000000 1
-[w] 01000100 1 01 7fffffff
-[f] 01000114 00b00193
-[d] 01000110 13 03 00 - 0 - 0000000b -
-[r] 00 - 00000000 -
-[e] 0100010c 00000000 0
-[w] 01000104 1 02 0000001f
-[f] 01000118 49df1463
-[d] 01000114 63 - 1e 1d 1 - 00000488 -
-[r] 1e 1d 00000000 00000000
-[e] 01000110 0000000b 0
-[w] 01000108 1 1e 00000000
-[f] 01000118 49df1463
-[d] 01000114 63 - 1e 1d 1 - 00000488 -
-[r] 1e 1d 0001ffff 0001ffff
-[e] 01000114 0001ffff 0
-[w] 0100010c 1 1d 00000000
-[f] 01000118 49df1463
-[d] 01000114 63 - 1e 1d 1 - 00000488 -
-[r] 1e 1d 00000000 0001ffff
-[e] 01000114 00000000 0
-[w] 01000110 1 03 0000000b
-[f] 0100011c 818180b7
-[d] 01000118 37 01 - - - - 81818000 -
-[r] - - - -
-[e] 01000114 0100059c 0
-[f] 01000120 18108093
-[d] 0100011c 13 01 01 - 0 - 00000181 -
-[r] 01 - 00000000 -
-[e] 01000118 81818000 0
-[f] 01000124 00000113
-[d] 01000120 13 02 00 - 0 - 00000000 -
-[r] 00 - 7fffffff -
-[e] 0100011c 81818181 0
-[f] 01000128 4020df33
-[d] 01000124 33 1e 01 02 5 20 - -
-[r] 01 02 00000000 00000000
-[e] 01000120 00000000 0
-[w] 01000118 1 01 81818000
-[f] 0100012c 81818eb7
-[d] 01000128 37 1d - - - - 81818000 -
-[r] - - - -
-[e] 01000124 81818181 0
-[w] 0100011c 1 01 81818181
-[f] 01000130 181e8e93
-[d] 0100012c 13 1d 1d - 0 - 00000181 -
-[r] 1d - 00000000 -
-[e] 01000128 81818000 0
-[w] 01000120 1 02 00000000
-[f] 01000134 00c00193
-[d] 01000130 13 03 00 - 0 - 0000000c -
-[r] 00 - 00000000 -
-[e] 0100012c 81818181 0
-[w] 01000124 1 1e 81818181
-[f] 01000138 47df1463
-[d] 01000134 63 - 1e 1d 1 - 00000468 -
-[r] 1e 1d 00000000 00000000
-[e] 01000130 0000000c 0
-[w] 01000128 1 1d 81818000
-[f] 0100013c 818180b7
-[d] 01000138 37 01 - - - - 81818000 -
-[r] - - - -
-[e] 01000134 0100059c 0
-[w] 0100012c 1 1d 81818181
-[f] 01000140 18108093
-[d] 0100013c 13 01 01 - 0 - 00000181 -
-[r] 01 - 00000000 -
-[e] 01000138 81818000 0
-[w] 01000130 1 03 0000000c
-[f] 01000144 00100113
-[d] 01000140 13 02 00 - 0 - 00000001 -
-[r] 00 - 81818181 -
-[e] 0100013c 81818181 0
-[f] 01000148 4020df33
-[d] 01000144 33 1e 01 02 5 20 - -
-[r] 01 02 00000000 00000000
-[e] 01000140 00000001 0
-[w] 01000138 1 01 81818000
-[f] 0100014c c0c0ceb7
-[d] 01000148 37 1d - - - - c0c0c000 -
-[r] - - - -
-[e] 01000144 c0c0c0c0 0
-[w] 0100013c 1 01 81818181
-[f] 01000150 0c0e8e93
-[d] 0100014c 13 1d 1d - 0 - 000000c0 -
-[r] 1d - 00000000 -
-[e] 01000148 c0c0c000 0
-[w] 01000140 1 02 00000001
-[f] 01000154 00d00193
-[d] 01000150 13 03 00 - 0 - 0000000d -
-[r] 00 - 81818181 -
-[e] 0100014c c0c0c0c0 0
-[w] 01000144 1 1e c0c0c0c0
-[f] 01000158 45df1463
-[d] 01000154 63 - 1e 1d 1 - 00000448 -
-[r] 1e 1d 00000000 00000000
-[e] 01000150 0000000d 0
-[w] 01000148 1 1d c0c0c000
-[f] 0100015c 818180b7
-[d] 01000158 37 01 - - - - 81818000 -
-[r] - - - -
-[e] 01000154 0100059c 0
-[w] 0100014c 1 1d c0c0c0c0
-[f] 01000160 18108093
-[d] 0100015c 13 01 01 - 0 - 00000181 -
-[r] 01 - 00000000 -
-[e] 01000158 81818000 0
-[w] 01000150 1 03 0000000d
-[f] 01000164 00700113
-[d] 01000160 13 02 00 - 0 - 00000007 -
-[r] 00 - 81818181 -
-[e] 0100015c 81818181 0
-[f] 01000168 4020df33
-[d] 01000164 33 1e 01 02 5 20 - -
-[r] 01 02 00000000 00000000
-[e] 01000160 00000007 0
-[w] 01000158 1 01 81818000
-[f] 0100016c ff030eb7
-[d] 01000168 37 1d - - - - ff030000 -
-[r] - - - -
-[e] 01000164 ff030303 0
-[w] 0100015c 1 01 81818181
-[f] 01000170 303e8e93
-[d] 0100016c 13 1d 1d - 0 - 00000303 -
-[r] 1d - 00000000 -
-[e] 01000168 ff030000 0
-[w] 01000160 1 02 00000007
-[f] 01000174 00e00193
-[d] 01000170 13 03 00 - 0 - 0000000e -
-[r] 00 - c0c0c0c0 -
-[e] 0100016c ff030303 0
-[w] 01000164 1 1e ff030303
-[f] 01000178 43df1463
-[d] 01000174 63 - 1e 1d 1 - 00000428 -
-[r] 1e 1d 00000000 00000000
-[e] 01000170 0000000e 0
-[w] 01000168 1 1d ff030000
-[f] 0100017c 818180b7
-[d] 01000178 37 01 - - - - 81818000 -
-[r] - - - -
-[e] 01000174 0100059c 0
-[w] 0100016c 1 1d ff030303
-[f] 01000180 18108093
-[d] 0100017c 13 01 01 - 0 - 00000181 -
-[r] 01 - 00000000 -
-[e] 01000178 81818000 0
-[w] 01000170 1 03 0000000e
-[f] 01000184 00e00113
-[d] 01000180 13 02 00 - 0 - 0000000e -
-[r] 00 - 81818181 -
-[e] 0100017c 81818181 0
-[f] 01000188 4020df33
-[d] 01000184 33 1e 01 02 5 20 - -
-[r] 01 02 00000000 00000000
-[e] 01000180 0000000e 0
-[w] 01000178 1 01 81818000
-[f] 0100018c fffe0eb7
-[d] 01000188 37 1d - - - - fffe0000 -
-[r] - - - -
-[e] 01000184 fffe0606 0
-[w] 0100017c 1 01 81818181
-[f] 01000190 606e8e93
-[d] 0100018c 13 1d 1d - 0 - 00000606 -
-[r] 1d - 00000000 -
-[e] 01000188 fffe0000 0
-[w] 01000180 1 02 0000000e
-[f] 01000194 00f00193
-[d] 01000190 13 03 00 - 0 - 0000000f -
-[r] 00 - ff030303 -
-[e] 0100018c fffe0606 0
-[w] 01000184 1 1e fffe0606
-[f] 01000198 41df1463
-[d] 01000194 63 - 1e 1d 1 - 00000408 -
-[r] 1e 1d 00000000 00000000
-[e] 01000190 0000000f 0
-[w] 01000188 1 1d fffe0000
-[f] 0100019c 818180b7
-[d] 01000198 37 01 - - - - 81818000 -
-[r] - - - -
-[e] 01000194 0100059c 0
-[w] 0100018c 1 1d fffe0606
-[f] 010001a0 18108093
-[d] 0100019c 13 01 01 - 0 - 00000181 -
-[r] 01 - 00000000 -
-[e] 01000198 81818000 0
-[w] 01000190 1 03 0000000f
-[f] 010001a4 01f00113
-[d] 010001a0 13 02 00 - 0 - 0000001f -
-[r] 00 - 81818181 -
-[e] 0100019c 81818181 0
-[f] 010001a8 4020df33
-[d] 010001a4 33 1e 01 02 5 20 - -
-[r] 01 02 00000000 00000000
-[e] 010001a0 0000001f 0
-[w] 01000198 1 01 81818000
-[f] 010001ac fff00e93
-[d] 010001a8 13 1d 00 - 0 - ffffffff -
-[r] 00 - 81818181 -
-[e] 010001a4 ffffffff 0
-[w] 0100019c 1 01 81818181
-[f] 010001b0 01000193
-[d] 010001ac 13 03 00 - 0 - 00000010 -
-[r] 00 - 00000000 -
-[e] 010001a8 ffffffff 0
-[w] 010001a0 1 02 0000001f
-[f] 010001b4 3fdf1663
-[d] 010001b0 63 - 1e 1d 1 - 000003ec -
-[r] 1e 1d 00000000 00000000
-[e] 010001ac 00000010 0
-[w] 010001a4 1 1e ffffffff
-[f] 010001b4 3fdf1663
-[d] 010001b0 63 - 1e 1d 1 - 000003ec -
-[r] 1e 1d fffe0606 fffe0606
-[e] 010001b0 fffe0606 0
-[w] 010001a8 1 1d ffffffff
-[f] 010001b4 3fdf1663
-[d] 010001b0 63 - 1e 1d 1 - 000003ec -
-[r] 1e 1d ffffffff fffe0606
-[e] 010001b0 ffffffff 0
-[w] 010001ac 1 03 00000010
-[f] 010001b8 818180b7
-[d] 010001b4 37 01 - - - - 81818000 -
-[r] - - - -
-[e] 010001b0 0100059c 0
-[f] 010001bc 18108093
-[d] 010001b8 13 01 01 - 0 - 00000181 -
-[r] 01 - 00000000 -
-[e] 010001b4 81818000 0
-[f] 010001c0 fc000113
-[d] 010001bc 13 02 00 - 0 - ffffffc0 -
-[r] 00 - 81818181 -
-[e] 010001b8 81818181 0
-[f] 010001c4 4020df33
-[d] 010001c0 33 1e 01 02 5 20 - -
-[r] 01 02 00000000 00000000
-[e] 010001bc ffffffc0 0
-[w] 010001b4 1 01 81818000
-[f] 010001c8 81818eb7
-[d] 010001c4 37 1d - - - - 81818000 -
-[r] - - - -
-[e] 010001c0 81818181 0
-[w] 010001b8 1 01 81818181
-[f] 010001cc 181e8e93
-[d] 010001c8 13 1d 1d - 0 - 00000181 -
-[r] 1d - 00000000 -
-[e] 010001c4 81818000 0
-[w] 010001bc 1 02 ffffffc0
-[f] 010001d0 01100193
-[d] 010001cc 13 03 00 - 0 - 00000011 -
-[r] 00 - ffffffff -
-[e] 010001c8 81818181 0
-[w] 010001c0 1 1e 81818181
-[f] 010001d4 3ddf1663
-[d] 010001d0 63 - 1e 1d 1 - 000003cc -
-[r] 1e 1d 00000000 00000000
-[e] 010001cc 00000011 0
-[w] 010001c4 1 1d 81818000
-[f] 010001d8 818180b7
-[d] 010001d4 37 01 - - - - 81818000 -
-[r] - - - -
-[e] 010001d0 0100059c 0
-[w] 010001c8 1 1d 81818181
-[f] 010001dc 18108093
-[d] 010001d8 13 01 01 - 0 - 00000181 -
-[r] 01 - 00000000 -
-[e] 010001d4 81818000 0
-[w] 010001cc 1 03 00000011
-[f] 010001e0 fc100113
-[d] 010001dc 13 02 00 - 0 - ffffffc1 -
-[r] 00 - 81818181 -
-[e] 010001d8 81818181 0
-[f] 010001e4 4020df33
-[d] 010001e0 33 1e 01 02 5 20 - -
-[r] 01 02 00000000 00000000
-[e] 010001dc ffffffc1 0
-[w] 010001d4 1 01 81818000
-[f] 010001e8 c0c0ceb7
-[d] 010001e4 37 1d - - - - c0c0c000 -
-[r] - - - -
-[e] 010001e0 c0c0c0c0 0
-[w] 010001d8 1 01 81818181
-[f] 010001ec 0c0e8e93
-[d] 010001e8 13 1d 1d - 0 - 000000c0 -
-[r] 1d - 00000000 -
-[e] 010001e4 c0c0c000 0
-[w] 010001dc 1 02 ffffffc1
-[f] 010001f0 01200193
-[d] 010001ec 13 03 00 - 0 - 00000012 -
-[r] 00 - 81818181 -
-[e] 010001e8 c0c0c0c0 0
-[w] 010001e0 1 1e c0c0c0c0
-[f] 010001f4 3bdf1663
-[d] 010001f0 63 - 1e 1d 1 - 000003ac -
-[r] 1e 1d 00000000 00000000
-[e] 010001ec 00000012 0
-[w] 010001e4 1 1d c0c0c000
-[f] 010001f8 818180b7
-[d] 010001f4 37 01 - - - - 81818000 -
-[r] - - - -
-[e] 010001f0 0100059c 0
-[w] 010001e8 1 1d c0c0c0c0
-[f] 010001fc 18108093
-[d] 010001f8 13 01 01 - 0 - 00000181 -
-[r] 01 - 00000000 -
-[e] 010001f4 81818000 0
-[w] 010001ec 1 03 00000012
-[f] 01000200 fc700113
-[d] 010001fc 13 02 00 - 0 - ffffffc7 -
-[r] 00 - 81818181 -
-[e] 010001f8 81818181 0
-[f] 01000204 4020df33
-[d] 01000200 33 1e 01 02 5 20 - -
-[r] 01 02 00000000 00000000
-[e] 010001fc ffffffc7 0
-[w] 010001f4 1 01 81818000
-[f] 01000208 ff030eb7
-[d] 01000204 37 1d - - - - ff030000 -
-[r] - - - -
-[e] 01000200 ff030303 0
-[w] 010001f8 1 01 81818181
-[f] 0100020c 303e8e93
-[d] 01000208 13 1d 1d - 0 - 00000303 -
-[r] 1d - 00000000 -
-[e] 01000204 ff030000 0
-[w] 010001fc 1 02 ffffffc7
-[f] 01000210 01300193
-[d] 0100020c 13 03 00 - 0 - 00000013 -
-[r] 00 - c0c0c0c0 -
-[e] 01000208 ff030303 0
-[w] 01000200 1 1e ff030303
-[f] 01000214 39df1663
-[d] 01000210 63 - 1e 1d 1 - 0000038c -
-[r] 1e 1d 00000000 00000000
-[e] 0100020c 00000013 0
-[w] 01000204 1 1d ff030000
-[f] 01000218 818180b7
-[d] 01000214 37 01 - - - - 81818000 -
-[r] - - - -
-[e] 01000210 0100059c 0
-[w] 01000208 1 1d ff030303
-[f] 0100021c 18108093
-[d] 01000218 13 01 01 - 0 - 00000181 -
-[r] 01 - 00000000 -
-[e] 01000214 81818000 0
-[w] 0100020c 1 03 00000013
-[f] 01000220 fce00113
-[d] 0100021c 13 02 00 - 0 - ffffffce -
-[r] 00 - 81818181 -
-[e] 01000218 81818181 0
-[f] 01000224 4020df33
-[d] 01000220 33 1e 01 02 5 20 - -
-[r] 01 02 00000000 00000000
-[e] 0100021c ffffffce 0
-[w] 01000214 1 01 81818000
-[f] 01000228 fffe0eb7
-[d] 01000224 37 1d - - - - fffe0000 -
-[r] - - - -
-[e] 01000220 fffe0606 0
-[w] 01000218 1 01 81818181
-[f] 0100022c 606e8e93
-[d] 01000228 13 1d 1d - 0 - 00000606 -
-[r] 1d - 00000000 -
-[e] 01000224 fffe0000 0
-[w] 0100021c 1 02 ffffffce
-[f] 01000230 01400193
-[d] 0100022c 13 03 00 - 0 - 00000014 -
-[r] 00 - ff030303 -
-[e] 01000228 fffe0606 0
-[w] 01000220 1 1e fffe0606
-[f] 01000234 37df1663
-[d] 01000230 63 - 1e 1d 1 - 0000036c -
-[r] 1e 1d 00000000 00000000
-[e] 0100022c 00000014 0
-[w] 01000224 1 1d fffe0000
-[f] 01000238 818180b7
-[d] 01000234 37 01 - - - - 81818000 -
-[r] - - - -
-[e] 01000230 0100059c 0
-[w] 01000228 1 1d fffe0606
-[f] 0100023c 18108093
-[d] 01000238 13 01 01 - 0 - 00000181 -
-[r] 01 - 00000000 -
-[e] 01000234 81818000 0
-[w] 0100022c 1 03 00000014
-[f] 01000240 fff00113
-[d] 0100023c 13 02 00 - 0 - ffffffff -
-[r] 00 - 81818181 -
-[e] 01000238 81818181 0
-[f] 01000244 4020df33
-[d] 01000240 33 1e 01 02 5 20 - -
-[r] 01 02 00000000 00000000
-[e] 0100023c ffffffff 0
-[w] 01000234 1 01 81818000
-[f] 01000248 fff00e93
-[d] 01000244 13 1d 00 - 0 - ffffffff -
-[r] 00 - 81818181 -
-[e] 01000240 ffffffff 0
-[w] 01000238 1 01 81818181
-[f] 0100024c 01500193
-[d] 01000248 13 03 00 - 0 - 00000015 -
-[r] 00 - 00000000 -
-[e] 01000244 ffffffff 0
-[w] 0100023c 1 02 ffffffff
-[f] 01000250 35df1863
-[d] 0100024c 63 - 1e 1d 1 - 00000350 -
-[r] 1e 1d 00000000 00000000
-[e] 01000248 00000015 0
-[w] 01000240 1 1e ffffffff
-[f] 01000250 35df1863
-[d] 0100024c 63 - 1e 1d 1 - 00000350 -
-[r] 1e 1d fffe0606 fffe0606
-[e] 0100024c fffe0606 0
-[w] 01000244 1 1d ffffffff
-[f] 01000250 35df1863
-[d] 0100024c 63 - 1e 1d 1 - 00000350 -
-[r] 1e 1d ffffffff fffe0606
-[e] 0100024c ffffffff 0
-[w] 01000248 1 03 00000015
-[f] 01000254 800000b7
-[d] 01000250 37 01 - - - - 80000000 -
-[r] - - - -
-[e] 0100024c 0100059c 0
-[f] 01000258 00700113
-[d] 01000254 13 02 00 - 0 - 00000007 -
-[r] 00 - 00000000 -
-[e] 01000250 80000000 0
-[f] 0100025c 4020d0b3
-[d] 01000258 33 01 01 02 5 20 - -
-[r] 01 02 00000000 00000000
-[e] 01000254 00000007 0
-[f] 01000260 ff000eb7
-[d] 0100025c 37 1d - - - - ff000000 -
-[r] - - - -
-[e] 01000258 ff000000 0
-[w] 01000250 1 01 80000000
-[f] 01000264 01600193
-[d] 01000260 13 03 00 - 0 - 00000016 -
-[r] 00 - 00000000 -
-[e] 0100025c ff000000 0
-[w] 01000254 1 02 00000007
-[f] 01000268 33d09c63
-[d] 01000264 63 - 01 1d 1 - 00000338 -
-[r] 01 1d 00000000 00000000
-[e] 01000260 00000016 0
-[w] 01000258 1 01 ff000000
-[f] 01000268 33d09c63
-[d] 01000264 63 - 01 1d 1 - 00000338 -
-[r] 01 1d 80000000 ffffffff
-[e] 01000264 80000000 0
-[w] 0100025c 1 1d ff000000
-[f] 01000268 33d09c63
-[d] 01000264 63 - 01 1d 1 - 00000338 -
-[r] 01 1d ff000000 ffffffff
-[e] 01000264 ff000000 0
-[w] 01000260 1 03 00000016
-[f] 0100026c 800000b7
-[d] 01000268 37 01 - - - - 80000000 -
-[r] - - - -
-[e] 01000264 0100059c 0
-[f] 01000270 00e00113
-[d] 0100026c 13 02 00 - 0 - 0000000e -
-[r] 00 - 00000000 -
-[e] 01000268 80000000 0
-[f] 01000274 4020d133
-[d] 01000270 33 02 01 02 5 20 - -
-[r] 01 02 00000000 00000000
-[e] 0100026c 0000000e 0
-[f] 01000278 fffe0eb7
-[d] 01000274 37 1d - - - - fffe0000 -
-[r] - - - -
-[e] 01000270 fffe0000 0
-[w] 01000268 1 01 80000000
-[f] 0100027c 01700193
-[d] 01000278 13 03 00 - 0 - 00000017 -
-[r] 00 - 00000000 -
-[e] 01000274 fffe0000 0
-[w] 0100026c 1 02 0000000e
-[f] 01000280 33d11063
-[d] 0100027c 63 - 02 1d 1 - 00000320 -
-[r] 02 1d 00000000 00000000
-[e] 01000278 00000017 0
-[w] 01000270 1 02 fffe0000
-[f] 01000280 33d11063
-[d] 0100027c 63 - 02 1d 1 - 00000320 -
-[r] 02 1d 0000000e ff000000
-[e] 0100027c 0000000e 0
-[w] 01000274 1 1d fffe0000
-[f] 01000280 33d11063
-[d] 0100027c 63 - 02 1d 1 - 00000320 -
-[r] 02 1d fffe0000 ff000000
-[e] 0100027c fffe0000 0
-[w] 01000278 1 03 00000017
-[f] 01000284 00700093
-[d] 01000280 13 01 00 - 0 - 00000007 -
-[r] 00 - fffe0000 -
-[e] 0100027c 0100059c 0
-[f] 01000288 4010d0b3
-[d] 01000284 33 01 01 01 5 20 - -
-[r] 01 01 00000000 00000000
-[e] 01000280 00000007 0
-[f] 0100028c 00000e93
-[d] 01000288 13 1d 00 - 0 - 00000000 -
-[r] 00 - 80000000 -
-[e] 01000284 00000000 1
-[f] 01000290 01800193
-[d] 0100028c 13 03 00 - 0 - 00000018 -
-[r] 00 - 00000000 -
-[e] 01000288 00000000 0
-[w] 01000280 1 01 00000007
-[f] 01000294 31d09663
-[d] 01000290 63 - 01 1d 1 - 0000030c -
-[r] 01 1d 00000000 00000000
-[e] 0100028c 00000018 0
-[w] 01000284 1 01 00000000
-[f] 01000294 31d09663
-[d] 01000290 63 - 01 1d 1 - 0000030c -
-[r] 01 1d 00000007 fffe0000
-[e] 01000290 00000007 0
-[w] 01000288 1 1d 00000000
-[f] 01000294 31d09663
-[d] 01000290 63 - 01 1d 1 - 0000030c -
-[r] 01 1d 00000000 fffe0000
-[e] 01000290 00000000 0
-[w] 0100028c 1 03 00000018
-[f] 01000298 00000213
-[d] 01000294 13 04 00 - 0 - 00000000 -
-[r] 00 - 00000000 -
-[e] 01000290 0100059c 0
-[f] 0100029c 800000b7
-[d] 01000298 37 01 - - - - 80000000 -
-[r] - - - -
-[e] 01000294 00000000 0
-[f] 010002a0 00700113
-[d] 0100029c 13 02 00 - 0 - 00000007 -
-[r] 00 - 00000000 -
-[e] 01000298 80000000 0
-[f] 010002a4 4020df33
-[d] 010002a0 33 1e 01 02 5 20 - -
-[r] 01 02 00000000 00000000
-[e] 0100029c 00000007 0
-[w] 01000294 1 04 00000000
-[f] 010002a8 000f0313
-[d] 010002a4 13 06 1e - 0 - 00000000 -
-[r] 1e - 00000000 -
-[e] 010002a0 ff000000 0
-[w] 01000298 1 01 80000000
-[f] 010002ac 00120213
-[d] 010002a8 13 04 04 - 0 - 00000001 -
-[r] 04 - ffffffff -
-[e] 010002a4 ff000000 0
-[w] 0100029c 1 02 00000007
-[f] 010002b0 00200293
-[d] 010002ac 13 05 00 - 0 - 00000002 -
-[r] 00 - 00000000 -
-[e] 010002a8 00000001 0
-[w] 010002a0 1 1e ff000000
-[f] 010002b4 fe5214e3
-[d] 010002b0 63 - 04 05 1 - ffffffe8 -
-[r] 04 05 00000000 00000000
-[e] 010002ac 00000002 0
-[w] 010002a4 1 06 ff000000
-[f] 010002b8 ff000eb7
-[d] 010002b4 37 1d - - - - ff000000 -
-[r] - - - -
-[e] 010002b0 01000298 1
-[w] 010002a8 1 04 00000001
-[f] 0100029c 800000b7
-[d] 01000298 37 01 - - - - 80000000 -
-[r] - - - -
-[f] 010002a0 00700113
-[d] 0100029c 13 02 00 - 0 - 00000007 -
-[r] 00 - 00000000 -
-[e] 01000298 80000000 0
-[f] 010002a4 4020df33
-[d] 010002a0 33 1e 01 02 5 20 - -
-[r] 01 02 00000000 00000000
-[e] 0100029c 00000007 0
-[f] 010002a8 000f0313
-[d] 010002a4 13 06 1e - 0 - 00000000 -
-[r] 1e - 80000000 -
-[e] 010002a0 ff000000 0
-[w] 01000298 1 01 80000000
-[f] 010002ac 00120213
-[d] 010002a8 13 04 04 - 0 - 00000001 -
-[r] 04 - ff000000 -
-[e] 010002a4 ff000000 0
-[w] 0100029c 1 02 00000007
-[f] 010002b0 00200293
-[d] 010002ac 13 05 00 - 0 - 00000002 -
-[r] 00 - 00000001 -
-[e] 010002a8 00000002 0
-[w] 010002a0 1 1e ff000000
-[f] 010002b4 fe5214e3
-[d] 010002b0 63 - 04 05 1 - ffffffe8 -
-[r] 04 05 00000000 00000000
-[e] 010002ac 00000002 0
-[w] 010002a4 1 06 ff000000
-[f] 010002b8 ff000eb7
-[d] 010002b4 37 1d - - - - ff000000 -
-[r] - - - -
-[e] 010002b0 01000298 0
-[w] 010002a8 1 04 00000002
-[f] 010002bc 01900193
-[d] 010002b8 13 03 00 - 0 - 00000019 -
-[r] 00 - 00000000 -
-[e] 010002b4 ff000000 0
-[w] 010002ac 1 05 00000002
-[f] 010002c0 2fd31063
-[d] 010002bc 63 - 06 1d 1 - 000002e0 -
-[r] 06 1d 00000000 00000000
-[e] 010002b8 00000019 0
-[f] 010002c4 00000213
-[d] 010002c0 13 04 00 - 0 - 00000000 -
-[r] 00 - ff000000 -
-[e] 010002bc 0100059c 0
-[w] 010002b4 1 1d ff000000
-[f] 010002c8 800000b7
-[d] 010002c4 37 01 - - - - 80000000 -
-[r] - - - -
-[e] 010002c0 00000000 0
-[w] 010002b8 1 03 00000019
-[f] 010002cc 00e00113
-[d] 010002c8 13 02 00 - 0 - 0000000e -
-[r] 00 - 00000000 -
-[e] 010002c4 80000000 0
-[f] 010002d0 4020df33
-[d] 010002cc 33 1e 01 02 5 20 - -
-[r] 01 02 00000000 00000000
-[e] 010002c8 0000000e 0
-[w] 010002c0 1 04 00000000
-[f] 010002d8 000f0313
-[d] 010002d4 13 06 1e - 0 - 00000000 -
-[r] 1e - 00000000 -
-[w] 010002c8 1 02 0000000e
-[f] 010002dc 00120213
-[d] 010002d8 13 04 04 - 0 - 00000001 -
-[r] 04 - ff000000 -
-[e] 010002d4 fffe0000 0
-[w] 010002cc 1 1e fffe0000
-[f] 010002e0 00200293
-[d] 010002dc 13 05 00 - 0 - 00000002 -
-[r] 00 - 00000000 -
-[e] 010002d8 00000001 0
-[f] 010002e4 fe5212e3
-[d] 010002e0 63 - 04 05 1 - ffffffe4 -
-[r] 04 05 00000000 00000000
-[e] 010002dc 00000002 0
-[w] 010002d4 1 06 fffe0000
-[f] 010002e8 fffe0eb7
-[d] 010002e4 37 1d - - - - fffe0000 -
-[r] - - - -
-[e] 010002e0 010002c4 1
-[w] 010002d8 1 04 00000001
-[f] 010002c8 800000b7
-[d] 010002c4 37 01 - - - - 80000000 -
-[r] - - - -
-[f] 010002cc 00e00113
-[d] 010002c8 13 02 00 - 0 - 0000000e -
-[r] 00 - 00000000 -
-[e] 010002c4 80000000 0
-[f] 010002d0 4020df33
-[d] 010002cc 33 1e 01 02 5 20 - -
-[r] 01 02 00000000 00000000
-[e] 010002c8 0000000e 0
-[f] 010002d8 000f0313
-[d] 010002d4 13 06 1e - 0 - 00000000 -
-[r] 1e - 00000000 -
-[w] 010002c8 1 02 0000000e
-[f] 010002dc 00120213
-[d] 010002d8 13 04 04 - 0 - 00000001 -
-[r] 04 - fffe0000 -
-[e] 010002d4 fffe0000 0
-[w] 010002cc 1 1e fffe0000
-[f] 010002e0 00200293
-[d] 010002dc 13 05 00 - 0 - 00000002 -
-[r] 00 - 00000001 -
-[e] 010002d8 00000002 0
-[f] 010002e4 fe5212e3
-[d] 010002e0 63 - 04 05 1 - ffffffe4 -
-[r] 04 05 00000000 00000000
-[e] 010002dc 00000002 0
-[w] 010002d4 1 06 fffe0000
-[f] 010002e8 fffe0eb7
-[d] 010002e4 37 1d - - - - fffe0000 -
-[r] - - - -
-[e] 010002e0 010002c4 0
-[w] 010002d8 1 04 00000002
-[f] 010002ec 01a00193
-[d] 010002e8 13 03 00 - 0 - 0000001a -
-[r] 00 - 00000000 -
-[e] 010002e4 fffe0000 0
-[w] 010002dc 1 05 00000002
-[f] 010002f0 2bd31863
-[d] 010002ec 63 - 06 1d 1 - 000002b0 -
-[r] 06 1d 00000000 00000000
-[e] 010002e8 0000001a 0
-[f] 010002f4 00000213
-[d] 010002f0 13 04 00 - 0 - 00000000 -
-[r] 00 - fffe0000 -
-[e] 010002ec 0100059c 0
-[w] 010002e4 1 1d fffe0000
-[f] 010002f8 800000b7
-[d] 010002f4 37 01 - - - - 80000000 -
-[r] - - - -
-[e] 010002f0 00000000 0
-[w] 010002e8 1 03 0000001a
-[f] 010002fc 01f00113
-[d] 010002f8 13 02 00 - 0 - 0000001f -
-[r] 00 - 00000000 -
-[e] 010002f4 80000000 0
-[f] 01000300 4020df33
-[d] 010002fc 33 1e 01 02 5 20 - -
-[r] 01 02 00000000 00000000
-[e] 010002f8 0000001f 0
-[w] 010002f0 1 04 00000000
-[f] 0100030c 000f0313
-[d] 01000308 13 06 1e - 0 - 00000000 -
-[r] 1e - 00000000 -
-[w] 010002fc 1 1e ffffffff
-[f] 0100030c 000f0313
-[d] 01000308 13 06 1e - 0 - 00000000 -
-[r] 1e - fffe0000 -
-[e] 01000308 fffe0000 0
-[f] 01000310 00120213
-[d] 0100030c 13 04 04 - 0 - 00000001 -
-[r] 04 - ffffffff -
-[e] 01000308 ffffffff 0
-[f] 01000314 00200293
-[d] 01000310 13 05 00 - 0 - 00000002 -
-[r] 00 - 00000000 -
-[e] 0100030c 00000001 0
-[f] 01000318 fe5210e3
-[d] 01000314 63 - 04 05 1 - ffffffe0 -
-[r] 04 05 00000000 00000000
-[e] 01000310 00000002 0
-[w] 01000308 1 06 ffffffff
-[f] 0100031c fff00e93
-[d] 01000318 13 1d 00 - 0 - ffffffff -
-[r] 00 - 00000000 -
-[e] 01000314 010002f4 1
-[w] 0100030c 1 04 00000001
-[f] 010002f8 800000b7
-[d] 010002f4 37 01 - - - - 80000000 -
-[r] - - - -
-[f] 010002fc 01f00113
-[d] 010002f8 13 02 00 - 0 - 0000001f -
-[r] 00 - 00000000 -
-[e] 010002f4 80000000 0
-[f] 01000300 4020df33
-[d] 010002fc 33 1e 01 02 5 20 - -
-[r] 01 02 00000000 00000000
-[e] 010002f8 0000001f 0
-[f] 0100030c 000f0313
-[d] 01000308 13 06 1e - 0 - 00000000 -
-[r] 1e - 00000000 -
-[w] 010002fc 1 1e ffffffff
-[f] 0100030c 000f0313
-[d] 01000308 13 06 1e - 0 - 00000000 -
-[r] 1e - ffffffff -
-[e] 01000308 ffffffff 0
-[f] 01000310 00120213
-[d] 0100030c 13 04 04 - 0 - 00000001 -
-[r] 04 - ffffffff -
-[e] 01000308 ffffffff 0
-[f] 01000314 00200293
-[d] 01000310 13 05 00 - 0 - 00000002 -
-[r] 00 - 00000001 -
-[e] 0100030c 00000002 0
-[f] 01000318 fe5210e3
-[d] 01000314 63 - 04 05 1 - ffffffe0 -
-[r] 04 05 00000000 00000000
-[e] 01000310 00000002 0
-[w] 01000308 1 06 ffffffff
-[f] 0100031c fff00e93
-[d] 01000318 13 1d 00 - 0 - ffffffff -
-[r] 00 - 00000001 -
-[e] 01000314 010002f4 0
-[w] 0100030c 1 04 00000002
-[f] 01000320 01b00193
-[d] 0100031c 13 03 00 - 0 - 0000001b -
-[r] 00 - 00000000 -
-[e] 01000318 ffffffff 0
-[w] 01000310 1 05 00000002
-[f] 01000324 27d31e63
-[d] 01000320 63 - 06 1d 1 - 0000027c -
-[r] 06 1d 00000000 00000000
-[e] 0100031c 0000001b 0
-[f] 01000328 00000213
-[d] 01000324 13 04 00 - 0 - 00000000 -
-[r] 00 - ffffffff -
-[e] 01000320 0100059c 0
-[w] 01000318 1 1d ffffffff
-[f] 0100032c 800000b7
-[d] 01000328 37 01 - - - - 80000000 -
-[r] - - - -
-[e] 01000324 00000000 0
-[w] 0100031c 1 03 0000001b
-[f] 01000330 00700113
-[d] 0100032c 13 02 00 - 0 - 00000007 -
-[r] 00 - 00000000 -
-[e] 01000328 80000000 0
-[f] 01000334 4020df33
-[d] 01000330 33 1e 01 02 5 20 - -
-[r] 01 02 00000000 00000000
-[e] 0100032c 00000007 0
-[w] 01000324 1 04 00000000
-[f] 01000338 00120213
-[d] 01000334 13 04 04 - 0 - 00000001 -
-[r] 04 - 80000000 -
-[e] 01000330 ff000000 0
-[w] 01000328 1 01 80000000
-[f] 0100033c 00200293
-[d] 01000338 13 05 00 - 0 - 00000002 -
-[r] 00 - 00000000 -
-[e] 01000334 00000001 0
-[w] 0100032c 1 02 00000007
-[f] 01000340 fe5216e3
-[d] 0100033c 63 - 04 05 1 - ffffffec -
-[r] 04 05 00000000 00000000
-[e] 01000338 00000002 0
-[w] 01000330 1 1e ff000000
-[f] 01000344 ff000eb7
-[d] 01000340 37 1d - - - - ff000000 -
-[r] - - - -
-[e] 0100033c 01000328 1
-[w] 01000334 1 04 00000001
-[f] 0100032c 800000b7
-[d] 01000328 37 01 - - - - 80000000 -
-[r] - - - -
-[f] 01000330 00700113
-[d] 0100032c 13 02 00 - 0 - 00000007 -
-[r] 00 - 00000000 -
-[e] 01000328 80000000 0
-[f] 01000334 4020df33
-[d] 01000330 33 1e 01 02 5 20 - -
-[r] 01 02 00000000 00000000
-[e] 0100032c 00000007 0
-[f] 01000338 00120213
-[d] 01000334 13 04 04 - 0 - 00000001 -
-[r] 04 - 80000000 -
-[e] 01000330 ff000000 0
-[w] 01000328 1 01 80000000
-[f] 0100033c 00200293
-[d] 01000338 13 05 00 - 0 - 00000002 -
-[r] 00 - 00000001 -
-[e] 01000334 00000002 0
-[w] 0100032c 1 02 00000007
-[f] 01000340 fe5216e3
-[d] 0100033c 63 - 04 05 1 - ffffffec -
-[r] 04 05 00000000 00000000
-[e] 01000338 00000002 0
-[w] 01000330 1 1e ff000000
-[f] 01000344 ff000eb7
-[d] 01000340 37 1d - - - - ff000000 -
-[r] - - - -
-[e] 0100033c 01000328 0
-[w] 01000334 1 04 00000002
-[f] 01000348 01c00193
-[d] 01000344 13 03 00 - 0 - 0000001c -
-[r] 00 - 00000000 -
-[e] 01000340 ff000000 0
-[w] 01000338 1 05 00000002
-[f] 0100034c 25df1a63
-[d] 01000348 63 - 1e 1d 1 - 00000254 -
-[r] 1e 1d 00000000 00000000
-[e] 01000344 0000001c 0
-[f] 01000350 00000213
-[d] 0100034c 13 04 00 - 0 - 00000000 -
-[r] 00 - ff000000 -
-[e] 01000348 0100059c 0
-[w] 01000340 1 1d ff000000
-[f] 01000354 800000b7
-[d] 01000350 37 01 - - - - 80000000 -
-[r] - - - -
-[e] 0100034c 00000000 0
-[w] 01000344 1 03 0000001c
-[f] 01000358 00e00113
-[d] 01000354 13 02 00 - 0 - 0000000e -
-[r] 00 - 00000000 -
-[e] 01000350 80000000 0
-[f] 01000360 4020df33
-[d] 0100035c 33 1e 01 02 5 20 - -
-[r] 01 02 00000000 00000000
-[w] 01000350 1 01 80000000
-[f] 01000360 4020df33
-[d] 0100035c 33 1e 01 02 5 20 - -
-[r] 01 02 80000000 00000007
-[e] 0100035c 80000000 0
-[w] 01000354 1 02 0000000e
-[f] 01000360 4020df33
-[d] 0100035c 33 1e 01 02 5 20 - -
-[r] 01 02 80000000 00000007
-[e] 0100035c 80000000 0
-[f] 01000364 00120213
-[d] 01000360 13 04 04 - 0 - 00000001 -
-[r] 04 - 80000000 -
-[e] 0100035c fffe0000 0
-[f] 01000368 00200293
-[d] 01000364 13 05 00 - 0 - 00000002 -
-[r] 00 - 00000000 -
-[e] 01000360 00000001 0
-[f] 0100036c fe5214e3
-[d] 01000368 63 - 04 05 1 - ffffffe8 -
-[r] 04 05 00000000 00000000
-[e] 01000364 00000002 0
-[w] 0100035c 1 1e fffe0000
-[f] 01000370 fffe0eb7
-[d] 0100036c 37 1d - - - - fffe0000 -
-[r] - - - -
-[e] 01000368 01000350 1
-[w] 01000360 1 04 00000001
-[f] 01000354 800000b7
-[d] 01000350 37 01 - - - - 80000000 -
-[r] - - - -
-[f] 01000358 00e00113
-[d] 01000354 13 02 00 - 0 - 0000000e -
-[r] 00 - 00000000 -
-[e] 01000350 80000000 0
-[f] 01000360 4020df33
-[d] 0100035c 33 1e 01 02 5 20 - -
-[r] 01 02 00000000 00000000
-[w] 01000350 1 01 80000000
-[f] 01000360 4020df33
-[d] 0100035c 33 1e 01 02 5 20 - -
-[r] 01 02 80000000 0000000e
-[e] 0100035c 80000000 0
-[w] 01000354 1 02 0000000e
-[f] 01000360 4020df33
-[d] 0100035c 33 1e 01 02 5 20 - -
-[r] 01 02 80000000 0000000e
-[e] 0100035c 80000000 0
-[f] 01000364 00120213
-[d] 01000360 13 04 04 - 0 - 00000001 -
-[r] 04 - 80000000 -
-[e] 0100035c fffe0000 0
-[f] 01000368 00200293
-[d] 01000364 13 05 00 - 0 - 00000002 -
-[r] 00 - 00000001 -
-[e] 01000360 00000002 0
-[f] 0100036c fe5214e3
-[d] 01000368 63 - 04 05 1 - ffffffe8 -
-[r] 04 05 00000000 00000000
-[e] 01000364 00000002 0
-[w] 0100035c 1 1e fffe0000
-[f] 01000370 fffe0eb7
-[d] 0100036c 37 1d - - - - fffe0000 -
-[r] - - - -
-[e] 01000368 01000350 0
-[w] 01000360 1 04 00000002
-[f] 01000374 01d00193
-[d] 01000370 13 03 00 - 0 - 0000001d -
-[r] 00 - 00000000 -
-[e] 0100036c fffe0000 0
-[w] 01000364 1 05 00000002
-[f] 01000378 23df1463
-[d] 01000374 63 - 1e 1d 1 - 00000228 -
-[r] 1e 1d 00000000 00000000
-[e] 01000370 0000001d 0
-[f] 0100037c 00000213
-[d] 01000378 13 04 00 - 0 - 00000000 -
-[r] 00 - fffe0000 -
-[e] 01000374 0100059c 0
-[w] 0100036c 1 1d fffe0000
-[f] 01000380 800000b7
-[d] 0100037c 37 01 - - - - 80000000 -
-[r] - - - -
-[e] 01000378 00000000 0
-[w] 01000370 1 03 0000001d
-[f] 01000384 01f00113
-[d] 01000380 13 02 00 - 0 - 0000001f -
-[r] 00 - 00000000 -
-[e] 0100037c 80000000 0
-[f] 01000390 4020df33
-[d] 0100038c 33 1e 01 02 5 20 - -
-[r] 01 02 00000000 00000000
-[w] 01000380 1 02 0000001f
-[f] 01000390 4020df33
-[d] 0100038c 33 1e 01 02 5 20 - -
-[r] 01 02 80000000 0000000e
-[e] 0100038c 80000000 0
-[f] 01000394 00120213
-[d] 01000390 13 04 04 - 0 - 00000001 -
-[r] 04 - 80000000 -
-[e] 0100038c ffffffff 0
-[f] 01000398 00200293
-[d] 01000394 13 05 00 - 0 - 00000002 -
-[r] 00 - 00000000 -
-[e] 01000390 00000001 0
-[f] 0100039c fe5212e3
-[d] 01000398 63 - 04 05 1 - ffffffe4 -
-[r] 04 05 00000000 00000000
-[e] 01000394 00000002 0
-[w] 0100038c 1 1e ffffffff
-[f] 010003a0 fff00e93
-[d] 0100039c 13 1d 00 - 0 - ffffffff -
-[r] 00 - 00000000 -
-[e] 01000398 0100037c 1
-[w] 01000390 1 04 00000001
-[f] 01000380 800000b7
-[d] 0100037c 37 01 - - - - 80000000 -
-[r] - - - -
-[f] 01000384 01f00113
-[d] 01000380 13 02 00 - 0 - 0000001f -
-[r] 00 - 00000000 -
-[e] 0100037c 80000000 0
-[f] 01000390 4020df33
-[d] 0100038c 33 1e 01 02 5 20 - -
-[r] 01 02 00000000 00000000
-[w] 01000380 1 02 0000001f
-[f] 01000390 4020df33
-[d] 0100038c 33 1e 01 02 5 20 - -
-[r] 01 02 80000000 0000001f
-[e] 0100038c 80000000 0
-[f] 01000394 00120213
-[d] 01000390 13 04 04 - 0 - 00000001 -
-[r] 04 - 80000000 -
-[e] 0100038c ffffffff 0
-[f] 01000398 00200293
-[d] 01000394 13 05 00 - 0 - 00000002 -
-[r] 00 - 00000001 -
-[e] 01000390 00000002 0
-[f] 0100039c fe5212e3
-[d] 01000398 63 - 04 05 1 - ffffffe4 -
-[r] 04 05 00000000 00000000
-[e] 01000394 00000002 0
-[w] 0100038c 1 1e ffffffff
-[f] 010003a0 fff00e93
-[d] 0100039c 13 1d 00 - 0 - ffffffff -
-[r] 00 - 00000001 -
-[e] 01000398 0100037c 0
-[w] 01000390 1 04 00000002
-[f] 010003a4 01e00193
-[d] 010003a0 13 03 00 - 0 - 0000001e -
-[r] 00 - 00000000 -
-[e] 0100039c ffffffff 0
-[w] 01000394 1 05 00000002
-[f] 010003a8 1fdf1c63
-[d] 010003a4 63 - 1e 1d 1 - 000001f8 -
-[r] 1e 1d 00000000 00000000
-[e] 010003a0 0000001e 0
-[f] 010003ac 00000213
-[d] 010003a8 13 04 00 - 0 - 00000000 -
-[r] 00 - ffffffff -
-[e] 010003a4 0100059c 0
-[w] 0100039c 1 1d ffffffff
-[f] 010003b0 800000b7
-[d] 010003ac 37 01 - - - - 80000000 -
-[r] - - - -
-[e] 010003a8 00000000 0
-[w] 010003a0 1 03 0000001e
-[f] 010003b8 00700113
-[d] 010003b4 13 02 00 - 0 - 00000007 -
-[r] 00 - 00000000 -
-[w] 010003a8 1 04 00000000
-[f] 010003bc 4020df33
-[d] 010003b8 33 1e 01 02 5 20 - -
-[r] 01 02 00000000 00000000
-[e] 010003b4 00000007 0
-[w] 010003ac 1 01 80000000
-[f] 010003bc 4020df33
-[d] 010003b8 33 1e 01 02 5 20 - -
-[r] 01 02 80000000 0000001f
-[e] 010003b8 80000000 0
-[f] 010003c0 00120213
-[d] 010003bc 13 04 04 - 0 - 00000001 -
-[r] 04 - 80000000 -
-[e] 010003b8 ff000000 0
-[w] 010003b4 1 02 00000007
-[f] 010003c4 00200293
-[d] 010003c0 13 05 00 - 0 - 00000002 -
-[r] 00 - 00000000 -
-[e] 010003bc 00000001 0
-[f] 010003c8 fe5214e3
-[d] 010003c4 63 - 04 05 1 - ffffffe8 -
-[r] 04 05 00000000 00000000
-[e] 010003c0 00000002 0
-[w] 010003b8 1 1e ff000000
-[f] 010003cc ff000eb7
-[d] 010003c8 37 1d - - - - ff000000 -
-[r] - - - -
-[e] 010003c4 010003ac 1
-[w] 010003bc 1 04 00000001
-[f] 010003b0 800000b7
-[d] 010003ac 37 01 - - - - 80000000 -
-[r] - - - -
-[f] 010003b8 00700113
-[d] 010003b4 13 02 00 - 0 - 00000007 -
-[r] 00 - 00000000 -
-[f] 010003bc 4020df33
-[d] 010003b8 33 1e 01 02 5 20 - -
-[r] 01 02 00000000 00000000
-[e] 010003b4 00000007 0
-[w] 010003ac 1 01 80000000
-[f] 010003bc 4020df33
-[d] 010003b8 33 1e 01 02 5 20 - -
-[r] 01 02 80000000 00000007
-[e] 010003b8 80000000 0
-[f] 010003c0 00120213
-[d] 010003bc 13 04 04 - 0 - 00000001 -
-[r] 04 - 80000000 -
-[e] 010003b8 ff000000 0
-[w] 010003b4 1 02 00000007
-[f] 010003c4 00200293
-[d] 010003c0 13 05 00 - 0 - 00000002 -
-[r] 00 - 00000001 -
-[e] 010003bc 00000002 0
-[f] 010003c8 fe5214e3
-[d] 010003c4 63 - 04 05 1 - ffffffe8 -
-[r] 04 05 00000000 00000000
-[e] 010003c0 00000002 0
-[w] 010003b8 1 1e ff000000
-[f] 010003cc ff000eb7
-[d] 010003c8 37 1d - - - - ff000000 -
-[r] - - - -
-[e] 010003c4 010003ac 0
-[w] 010003bc 1 04 00000002
-[f] 010003d0 01f00193
-[d] 010003cc 13 03 00 - 0 - 0000001f -
-[r] 00 - 00000000 -
-[e] 010003c8 ff000000 0
-[w] 010003c0 1 05 00000002
-[f] 010003d4 1ddf1663
-[d] 010003d0 63 - 1e 1d 1 - 000001cc -
-[r] 1e 1d 00000000 00000000
-[e] 010003cc 0000001f 0
-[f] 010003d8 00000213
-[d] 010003d4 13 04 00 - 0 - 00000000 -
-[r] 00 - ff000000 -
-[e] 010003d0 0100059c 0
-[w] 010003c8 1 1d ff000000
-[f] 010003dc 800000b7
-[d] 010003d8 37 01 - - - - 80000000 -
-[r] - - - -
-[e] 010003d4 00000000 0
-[w] 010003cc 1 03 0000001f
-[f] 010003e4 00e00113
-[d] 010003e0 13 02 00 - 0 - 0000000e -
-[r] 00 - 00000000 -
-[w] 010003d4 1 04 00000000
-[f] 010003ec 4020df33
-[d] 010003e8 33 1e 01 02 5 20 - -
-[r] 01 02 00000000 00000000
-[f] 010003f0 00120213
-[d] 010003ec 13 04 04 - 0 - 00000001 -
-[r] 04 - 80000000 -
-[e] 010003e8 fffe0000 0
-[w] 010003e0 1 02 0000000e
-[f] 010003f4 00200293
-[d] 010003f0 13 05 00 - 0 - 00000002 -
-[r] 00 - 00000000 -
-[e] 010003ec 00000001 0
-[f] 010003f8 fe5212e3
-[d] 010003f4 63 - 04 05 1 - ffffffe4 -
-[r] 04 05 00000000 00000000
-[e] 010003f0 00000002 0
-[w] 010003e8 1 1e fffe0000
-[f] 010003fc fffe0eb7
-[d] 010003f8 37 1d - - - - fffe0000 -
-[r] - - - -
-[e] 010003f4 010003d8 1
-[w] 010003ec 1 04 00000001
-[f] 010003dc 800000b7
-[d] 010003d8 37 01 - - - - 80000000 -
-[r] - - - -
-[f] 010003e4 00e00113
-[d] 010003e0 13 02 00 - 0 - 0000000e -
-[r] 00 - 00000000 -
-[f] 010003ec 4020df33
-[d] 010003e8 33 1e 01 02 5 20 - -
-[r] 01 02 00000000 00000000
-[f] 010003f0 00120213
-[d] 010003ec 13 04 04 - 0 - 00000001 -
-[r] 04 - 80000000 -
-[e] 010003e8 fffe0000 0
-[w] 010003e0 1 02 0000000e
-[f] 010003f4 00200293
-[d] 010003f0 13 05 00 - 0 - 00000002 -
-[r] 00 - 00000001 -
-[e] 010003ec 00000002 0
-[f] 010003f8 fe5212e3
-[d] 010003f4 63 - 04 05 1 - ffffffe4 -
-[r] 04 05 00000000 00000000
-[e] 010003f0 00000002 0
-[w] 010003e8 1 1e fffe0000
-[f] 010003fc fffe0eb7
-[d] 010003f8 37 1d - - - - fffe0000 -
-[r] - - - -
-[e] 010003f4 010003d8 0
-[w] 010003ec 1 04 00000002
-[f] 01000400 02000193
-[d] 010003fc 13 03 00 - 0 - 00000020 -
-[r] 00 - 00000000 -
-[e] 010003f8 fffe0000 0
-[w] 010003f0 1 05 00000002
-[f] 01000404 19df1e63
-[d] 01000400 63 - 1e 1d 1 - 0000019c -
-[r] 1e 1d 00000000 00000000
-[e] 010003fc 00000020 0
-[f] 01000408 00000213
-[d] 01000404 13 04 00 - 0 - 00000000 -
-[r] 00 - fffe0000 -
-[e] 01000400 0100059c 0
-[w] 010003f8 1 1d fffe0000
-[f] 0100040c 800000b7
-[d] 01000408 37 01 - - - - 80000000 -
-[r] - - - -
-[e] 01000404 00000000 0
-[w] 010003fc 1 03 00000020
-[f] 01000418 01f00113
-[d] 01000414 13 02 00 - 0 - 0000001f -
-[r] 00 - 00000000 -
-[w] 01000408 1 01 80000000
-[f] 0100041c 4020df33
-[d] 01000418 33 1e 01 02 5 20 - -
-[r] 01 02 00000000 00000000
-[e] 01000414 0000001f 0
-[f] 01000420 00120213
-[d] 0100041c 13 04 04 - 0 - 00000001 -
-[r] 04 - 80000000 -
-[e] 01000418 ffffffff 0
-[f] 01000424 00200293
-[d] 01000420 13 05 00 - 0 - 00000002 -
-[r] 00 - 00000000 -
-[e] 0100041c 00000001 0
-[w] 01000414 1 02 0000001f
-[f] 01000428 fe5212e3
-[d] 01000424 63 - 04 05 1 - ffffffe4 -
-[r] 04 05 00000000 00000000
-[e] 01000420 00000002 0
-[w] 01000418 1 1e ffffffff
-[f] 0100042c fff00e93
-[d] 01000428 13 1d 00 - 0 - ffffffff -
-[r] 00 - 00000000 -
-[e] 01000424 01000408 1
-[w] 0100041c 1 04 00000001
-[f] 0100040c 800000b7
-[d] 01000408 37 01 - - - - 80000000 -
-[r] - - - -
-[f] 01000418 01f00113
-[d] 01000414 13 02 00 - 0 - 0000001f -
-[r] 00 - 00000000 -
-[w] 01000408 1 01 80000000
-[f] 0100041c 4020df33
-[d] 01000418 33 1e 01 02 5 20 - -
-[r] 01 02 00000000 00000000
-[e] 01000414 0000001f 0
-[f] 01000420 00120213
-[d] 0100041c 13 04 04 - 0 - 00000001 -
-[r] 04 - 80000000 -
-[e] 01000418 ffffffff 0
-[f] 01000424 00200293
-[d] 01000420 13 05 00 - 0 - 00000002 -
-[r] 00 - 00000001 -
-[e] 0100041c 00000002 0
-[w] 01000414 1 02 0000001f
-[f] 01000428 fe5212e3
-[d] 01000424 63 - 04 05 1 - ffffffe4 -
-[r] 04 05 00000000 00000000
-[e] 01000420 00000002 0
-[w] 01000418 1 1e ffffffff
-[f] 0100042c fff00e93
-[d] 01000428 13 1d 00 - 0 - ffffffff -
-[r] 00 - 00000001 -
-[e] 01000424 01000408 0
-[w] 0100041c 1 04 00000002
-[f] 01000430 02100193
-[d] 0100042c 13 03 00 - 0 - 00000021 -
-[r] 00 - 00000000 -
-[e] 01000428 ffffffff 0
-[w] 01000420 1 05 00000002
-[f] 01000434 17df1663
-[d] 01000430 63 - 1e 1d 1 - 0000016c -
-[r] 1e 1d 00000000 00000000
-[e] 0100042c 00000021 0
-[f] 01000438 00000213
-[d] 01000434 13 04 00 - 0 - 00000000 -
-[r] 00 - ffffffff -
-[e] 01000430 0100059c 0
-[w] 01000428 1 1d ffffffff
-[f] 0100043c 00700113
-[d] 01000438 13 02 00 - 0 - 00000007 -
-[r] 00 - 00000000 -
-[e] 01000434 00000000 0
-[w] 0100042c 1 03 00000021
-[f] 01000440 800000b7
-[d] 0100043c 37 01 - - - - 80000000 -
-[r] - - - -
-[e] 01000438 00000007 0
-[f] 01000444 4020df33
-[d] 01000440 33 1e 01 02 5 20 - -
-[r] 01 02 00000000 00000000
-[e] 0100043c 80000000 0
-[w] 01000434 1 04 00000000
-[f] 01000448 00120213
-[d] 01000444 13 04 04 - 0 - 00000001 -
-[r] 04 - 80000000 -
-[e] 01000440 ff000000 0
-[w] 01000438 1 02 00000007
-[f] 0100044c 00200293
-[d] 01000448 13 05 00 - 0 - 00000002 -
-[r] 00 - 00000000 -
-[e] 01000444 00000001 0
-[w] 0100043c 1 01 80000000
-[f] 01000450 fe5216e3
-[d] 0100044c 63 - 04 05 1 - ffffffec -
-[r] 04 05 00000000 00000000
-[e] 01000448 00000002 0
-[w] 01000440 1 1e ff000000
-[f] 01000454 ff000eb7
-[d] 01000450 37 1d - - - - ff000000 -
-[r] - - - -
-[e] 0100044c 01000438 1
-[w] 01000444 1 04 00000001
-[f] 0100043c 00700113
-[d] 01000438 13 02 00 - 0 - 00000007 -
-[r] 00 - 00000000 -
-[f] 01000440 800000b7
-[d] 0100043c 37 01 - - - - 80000000 -
-[r] - - - -
-[e] 01000438 00000007 0
-[f] 01000444 4020df33
-[d] 01000440 33 1e 01 02 5 20 - -
-[r] 01 02 00000000 00000000
-[e] 0100043c 80000000 0
-[f] 01000448 00120213
-[d] 01000444 13 04 04 - 0 - 00000001 -
-[r] 04 - 80000000 -
-[e] 01000440 ff000000 0
-[w] 01000438 1 02 00000007
-[f] 0100044c 00200293
-[d] 01000448 13 05 00 - 0 - 00000002 -
-[r] 00 - 00000001 -
-[e] 01000444 00000002 0
-[w] 0100043c 1 01 80000000
-[f] 01000450 fe5216e3
-[d] 0100044c 63 - 04 05 1 - ffffffec -
-[r] 04 05 00000000 00000000
-[e] 01000448 00000002 0
-[w] 01000440 1 1e ff000000
-[f] 01000454 ff000eb7
-[d] 01000450 37 1d - - - - ff000000 -
-[r] - - - -
-[e] 0100044c 01000438 0
-[w] 01000444 1 04 00000002
-[f] 01000458 02200193
-[d] 01000454 13 03 00 - 0 - 00000022 -
-[r] 00 - 00000000 -
-[e] 01000450 ff000000 0
-[w] 01000448 1 05 00000002
-[f] 0100045c 15df1263
-[d] 01000458 63 - 1e 1d 1 - 00000144 -
-[r] 1e 1d 00000000 00000000
-[e] 01000454 00000022 0
-[f] 01000460 00000213
-[d] 0100045c 13 04 00 - 0 - 00000000 -
-[r] 00 - ff000000 -
-[e] 01000458 0100059c 0
-[w] 01000450 1 1d ff000000
-[f] 01000464 00e00113
-[d] 01000460 13 02 00 - 0 - 0000000e -
-[r] 00 - 00000000 -
-[e] 0100045c 00000000 0
-[w] 01000454 1 03 00000022
-[f] 01000468 800000b7
-[d] 01000464 37 01 - - - - 80000000 -
-[r] - - - -
-[e] 01000460 0000000e 0
-[f] 01000470 4020df33
-[d] 0100046c 33 1e 01 02 5 20 - -
-[r] 01 02 00000000 00000000
-[w] 01000460 1 02 0000000e
-[f] 01000470 4020df33
-[d] 0100046c 33 1e 01 02 5 20 - -
-[r] 01 02 80000000 00000007
-[e] 0100046c 80000000 0
-[w] 01000464 1 01 80000000
-[f] 01000470 4020df33
-[d] 0100046c 33 1e 01 02 5 20 - -
-[r] 01 02 80000000 0000000e
-[e] 0100046c 80000000 0
-[f] 01000474 00120213
-[d] 01000470 13 04 04 - 0 - 00000001 -
-[r] 04 - 80000000 -
-[e] 0100046c fffe0000 0
-[f] 01000478 00200293
-[d] 01000474 13 05 00 - 0 - 00000002 -
-[r] 00 - 00000000 -
-[e] 01000470 00000001 0
-[f] 0100047c fe5214e3
-[d] 01000478 63 - 04 05 1 - ffffffe8 -
-[r] 04 05 00000000 00000000
-[e] 01000474 00000002 0
-[w] 0100046c 1 1e fffe0000
-[f] 01000480 fffe0eb7
-[d] 0100047c 37 1d - - - - fffe0000 -
-[r] - - - -
-[e] 01000478 01000460 1
-[w] 01000470 1 04 00000001
-[f] 01000464 00e00113
-[d] 01000460 13 02 00 - 0 - 0000000e -
-[r] 00 - 00000000 -
-[f] 01000468 800000b7
-[d] 01000464 37 01 - - - - 80000000 -
-[r] - - - -
-[e] 01000460 0000000e 0
-[f] 01000470 4020df33
-[d] 0100046c 33 1e 01 02 5 20 - -
-[r] 01 02 00000000 00000000
-[w] 01000460 1 02 0000000e
-[f] 01000470 4020df33
-[d] 0100046c 33 1e 01 02 5 20 - -
-[r] 01 02 80000000 0000000e
-[e] 0100046c 80000000 0
-[w] 01000464 1 01 80000000
-[f] 01000470 4020df33
-[d] 0100046c 33 1e 01 02 5 20 - -
-[r] 01 02 80000000 0000000e
-[e] 0100046c 80000000 0
-[f] 01000474 00120213
-[d] 01000470 13 04 04 - 0 - 00000001 -
-[r] 04 - 80000000 -
-[e] 0100046c fffe0000 0
-[f] 01000478 00200293
-[d] 01000474 13 05 00 - 0 - 00000002 -
-[r] 00 - 00000001 -
-[e] 01000470 00000002 0
-[f] 0100047c fe5214e3
-[d] 01000478 63 - 04 05 1 - ffffffe8 -
-[r] 04 05 00000000 00000000
-[e] 01000474 00000002 0
-[w] 0100046c 1 1e fffe0000
-[f] 01000480 fffe0eb7
-[d] 0100047c 37 1d - - - - fffe0000 -
-[r] - - - -
-[e] 01000478 01000460 0
-[w] 01000470 1 04 00000002
-[f] 01000484 02300193
-[d] 01000480 13 03 00 - 0 - 00000023 -
-[r] 00 - 00000000 -
-[e] 0100047c fffe0000 0
-[w] 01000474 1 05 00000002
-[f] 01000488 11df1c63
-[d] 01000484 63 - 1e 1d 1 - 00000118 -
-[r] 1e 1d 00000000 00000000
-[e] 01000480 00000023 0
-[f] 0100048c 00000213
-[d] 01000488 13 04 00 - 0 - 00000000 -
-[r] 00 - fffe0000 -
-[e] 01000484 0100059c 0
-[w] 0100047c 1 1d fffe0000
-[f] 01000490 01f00113
-[d] 0100048c 13 02 00 - 0 - 0000001f -
-[r] 00 - 00000000 -
-[e] 01000488 00000000 0
-[w] 01000480 1 03 00000023
-[f] 01000494 800000b7
-[d] 01000490 37 01 - - - - 80000000 -
-[r] - - - -
-[e] 0100048c 0000001f 0
-[f] 010004a0 4020df33
-[d] 0100049c 33 1e 01 02 5 20 - -
-[r] 01 02 00000000 00000000
-[w] 01000490 1 01 80000000
-[f] 010004a0 4020df33
-[d] 0100049c 33 1e 01 02 5 20 - -
-[r] 01 02 80000000 0000001f
-[e] 0100049c 80000000 0
-[f] 010004a4 00120213
-[d] 010004a0 13 04 04 - 0 - 00000001 -
-[r] 04 - 80000000 -
-[e] 0100049c ffffffff 0
-[f] 010004a8 00200293
-[d] 010004a4 13 05 00 - 0 - 00000002 -
-[r] 00 - 00000000 -
-[e] 010004a0 00000001 0
-[f] 010004ac fe5212e3
-[d] 010004a8 63 - 04 05 1 - ffffffe4 -
-[r] 04 05 00000000 00000000
-[e] 010004a4 00000002 0
-[w] 0100049c 1 1e ffffffff
-[f] 010004b0 fff00e93
-[d] 010004ac 13 1d 00 - 0 - ffffffff -
-[r] 00 - 00000000 -
-[e] 010004a8 0100048c 1
-[w] 010004a0 1 04 00000001
-[f] 01000490 01f00113
-[d] 0100048c 13 02 00 - 0 - 0000001f -
-[r] 00 - 00000000 -
-[f] 01000494 800000b7
-[d] 01000490 37 01 - - - - 80000000 -
-[r] - - - -
-[e] 0100048c 0000001f 0
-[f] 010004a0 4020df33
-[d] 0100049c 33 1e 01 02 5 20 - -
-[r] 01 02 00000000 00000000
-[w] 01000490 1 01 80000000
-[f] 010004a0 4020df33
-[d] 0100049c 33 1e 01 02 5 20 - -
-[r] 01 02 80000000 0000001f
-[e] 0100049c 80000000 0
-[f] 010004a4 00120213
-[d] 010004a0 13 04 04 - 0 - 00000001 -
-[r] 04 - 80000000 -
-[e] 0100049c ffffffff 0
-[f] 010004a8 00200293
-[d] 010004a4 13 05 00 - 0 - 00000002 -
-[r] 00 - 00000001 -
-[e] 010004a0 00000002 0
-[f] 010004ac fe5212e3
-[d] 010004a8 63 - 04 05 1 - ffffffe4 -
-[r] 04 05 00000000 00000000
-[e] 010004a4 00000002 0
-[w] 0100049c 1 1e ffffffff
-[f] 010004b0 fff00e93
-[d] 010004ac 13 1d 00 - 0 - ffffffff -
-[r] 00 - 00000001 -
-[e] 010004a8 0100048c 0
-[w] 010004a0 1 04 00000002
-[f] 010004b4 02400193
-[d] 010004b0 13 03 00 - 0 - 00000024 -
-[r] 00 - 00000000 -
-[e] 010004ac ffffffff 0
-[w] 010004a4 1 05 00000002
-[f] 010004b8 0fdf1463
-[d] 010004b4 63 - 1e 1d 1 - 000000e8 -
-[r] 1e 1d 00000000 00000000
-[e] 010004b0 00000024 0
-[f] 010004bc 00000213
-[d] 010004b8 13 04 00 - 0 - 00000000 -
-[r] 00 - ffffffff -
-[e] 010004b4 0100059c 0
-[w] 010004ac 1 1d ffffffff
-[f] 010004c0 00700113
-[d] 010004bc 13 02 00 - 0 - 00000007 -
-[r] 00 - 00000000 -
-[e] 010004b8 00000000 0
-[w] 010004b0 1 03 00000024
-[f] 010004c8 800000b7
-[d] 010004c4 37 01 - - - - 80000000 -
-[r] - - - -
-[w] 010004b8 1 04 00000000
-[f] 010004cc 4020df33
-[d] 010004c8 33 1e 01 02 5 20 - -
-[r] 01 02 00000000 00000000
-[e] 010004c4 80000000 0
-[w] 010004bc 1 02 00000007
-[f] 010004cc 4020df33
-[d] 010004c8 33 1e 01 02 5 20 - -
-[r] 01 02 80000000 0000001f
-[e] 010004c8 80000000 0
-[f] 010004d0 00120213
-[d] 010004cc 13 04 04 - 0 - 00000001 -
-[r] 04 - 80000000 -
-[e] 010004c8 ff000000 0
-[w] 010004c4 1 01 80000000
-[f] 010004d4 00200293
-[d] 010004d0 13 05 00 - 0 - 00000002 -
-[r] 00 - 00000000 -
-[e] 010004cc 00000001 0
-[f] 010004d8 fe5214e3
-[d] 010004d4 63 - 04 05 1 - ffffffe8 -
-[r] 04 05 00000000 00000000
-[e] 010004d0 00000002 0
-[w] 010004c8 1 1e ff000000
-[f] 010004dc ff000eb7
-[d] 010004d8 37 1d - - - - ff000000 -
-[r] - - - -
-[e] 010004d4 010004bc 1
-[w] 010004cc 1 04 00000001
-[f] 010004c0 00700113
-[d] 010004bc 13 02 00 - 0 - 00000007 -
-[r] 00 - 00000000 -
-[f] 010004c8 800000b7
-[d] 010004c4 37 01 - - - - 80000000 -
-[r] - - - -
-[f] 010004cc 4020df33
-[d] 010004c8 33 1e 01 02 5 20 - -
-[r] 01 02 00000000 00000000
-[e] 010004c4 80000000 0
-[w] 010004bc 1 02 00000007
-[f] 010004cc 4020df33
-[d] 010004c8 33 1e 01 02 5 20 - -
-[r] 01 02 80000000 00000007
-[e] 010004c8 80000000 0
-[f] 010004d0 00120213
-[d] 010004cc 13 04 04 - 0 - 00000001 -
-[r] 04 - 80000000 -
-[e] 010004c8 ff000000 0
-[w] 010004c4 1 01 80000000
-[f] 010004d4 00200293
-[d] 010004d0 13 05 00 - 0 - 00000002 -
-[r] 00 - 00000001 -
-[e] 010004cc 00000002 0
-[f] 010004d8 fe5214e3
-[d] 010004d4 63 - 04 05 1 - ffffffe8 -
-[r] 04 05 00000000 00000000
-[e] 010004d0 00000002 0
-[w] 010004c8 1 1e ff000000
-[f] 010004dc ff000eb7
-[d] 010004d8 37 1d - - - - ff000000 -
-[r] - - - -
-[e] 010004d4 010004bc 0
-[w] 010004cc 1 04 00000002
-[f] 010004e0 02500193
-[d] 010004dc 13 03 00 - 0 - 00000025 -
-[r] 00 - 00000000 -
-[e] 010004d8 ff000000 0
-[w] 010004d0 1 05 00000002
-[f] 010004e4 0bdf1e63
-[d] 010004e0 63 - 1e 1d 1 - 000000bc -
-[r] 1e 1d 00000000 00000000
-[e] 010004dc 00000025 0
-[f] 010004e8 00000213
-[d] 010004e4 13 04 00 - 0 - 00000000 -
-[r] 00 - ff000000 -
-[e] 010004e0 0100059c 0
-[w] 010004d8 1 1d ff000000
-[f] 010004ec 00e00113
-[d] 010004e8 13 02 00 - 0 - 0000000e -
-[r] 00 - 00000000 -
-[e] 010004e4 00000000 0
-[w] 010004dc 1 03 00000025
-[f] 010004f4 800000b7
-[d] 010004f0 37 01 - - - - 80000000 -
-[r] - - - -
-[w] 010004e4 1 04 00000000
-[f] 010004fc 4020df33
-[d] 010004f8 33 1e 01 02 5 20 - -
-[r] 01 02 00000000 00000000
-[f] 01000500 00120213
-[d] 010004fc 13 04 04 - 0 - 00000001 -
-[r] 04 - 80000000 -
-[e] 010004f8 fffe0000 0
-[w] 010004f0 1 01 80000000
-[f] 01000504 00200293
-[d] 01000500 13 05 00 - 0 - 00000002 -
-[r] 00 - 00000000 -
-[e] 010004fc 00000001 0
-[f] 01000508 fe5212e3
-[d] 01000504 63 - 04 05 1 - ffffffe4 -
-[r] 04 05 00000000 00000000
-[e] 01000500 00000002 0
-[w] 010004f8 1 1e fffe0000
-[f] 0100050c fffe0eb7
-[d] 01000508 37 1d - - - - fffe0000 -
-[r] - - - -
-[e] 01000504 010004e8 1
-[w] 010004fc 1 04 00000001
-[f] 010004ec 00e00113
-[d] 010004e8 13 02 00 - 0 - 0000000e -
-[r] 00 - 00000000 -
-[f] 010004f4 800000b7
-[d] 010004f0 37 01 - - - - 80000000 -
-[r] - - - -
-[f] 010004fc 4020df33
-[d] 010004f8 33 1e 01 02 5 20 - -
-[r] 01 02 00000000 00000000
-[f] 01000500 00120213
-[d] 010004fc 13 04 04 - 0 - 00000001 -
-[r] 04 - 80000000 -
-[e] 010004f8 fffe0000 0
-[w] 010004f0 1 01 80000000
-[f] 01000504 00200293
-[d] 01000500 13 05 00 - 0 - 00000002 -
-[r] 00 - 00000001 -
-[e] 010004fc 00000002 0
-[f] 01000508 fe5212e3
-[d] 01000504 63 - 04 05 1 - ffffffe4 -
-[r] 04 05 00000000 00000000
-[e] 01000500 00000002 0
-[w] 010004f8 1 1e fffe0000
-[f] 0100050c fffe0eb7
-[d] 01000508 37 1d - - - - fffe0000 -
-[r] - - - -
-[e] 01000504 010004e8 0
-[w] 010004fc 1 04 00000002
-[f] 01000510 02600193
-[d] 0100050c 13 03 00 - 0 - 00000026 -
-[r] 00 - 00000000 -
-[e] 01000508 fffe0000 0
-[w] 01000500 1 05 00000002
-[f] 01000514 09df1663
-[d] 01000510 63 - 1e 1d 1 - 0000008c -
-[r] 1e 1d 00000000 00000000
-[e] 0100050c 00000026 0
-[f] 01000518 00000213
-[d] 01000514 13 04 00 - 0 - 00000000 -
-[r] 00 - fffe0000 -
-[e] 01000510 0100059c 0
-[w] 01000508 1 1d fffe0000
-[f] 0100051c 01f00113
-[d] 01000518 13 02 00 - 0 - 0000001f -
-[r] 00 - 00000000 -
-[e] 01000514 00000000 0
-[w] 0100050c 1 03 00000026
-[f] 01000528 800000b7
-[d] 01000524 37 01 - - - - 80000000 -
-[r] - - - -
-[w] 01000518 1 02 0000001f
-[f] 0100052c 4020df33
-[d] 01000528 33 1e 01 02 5 20 - -
-[r] 01 02 00000000 00000000
-[e] 01000524 80000000 0
-[f] 01000530 00120213
-[d] 0100052c 13 04 04 - 0 - 00000001 -
-[r] 04 - 80000000 -
-[e] 01000528 ffffffff 0
-[f] 01000534 00200293
-[d] 01000530 13 05 00 - 0 - 00000002 -
-[r] 00 - 00000000 -
-[e] 0100052c 00000001 0
-[w] 01000524 1 01 80000000
-[f] 01000538 fe5212e3
-[d] 01000534 63 - 04 05 1 - ffffffe4 -
-[r] 04 05 00000000 00000000
-[e] 01000530 00000002 0
-[w] 01000528 1 1e ffffffff
-[f] 0100053c fff00e93
-[d] 01000538 13 1d 00 - 0 - ffffffff -
-[r] 00 - 00000000 -
-[e] 01000534 01000518 1
-[w] 0100052c 1 04 00000001
-[f] 0100051c 01f00113
-[d] 01000518 13 02 00 - 0 - 0000001f -
-[r] 00 - 00000000 -
-[f] 01000528 800000b7
-[d] 01000524 37 01 - - - - 80000000 -
-[r] - - - -
-[w] 01000518 1 02 0000001f
-[f] 0100052c 4020df33
-[d] 01000528 33 1e 01 02 5 20 - -
-[r] 01 02 00000000 00000000
-[e] 01000524 80000000 0
-[f] 01000530 00120213
-[d] 0100052c 13 04 04 - 0 - 00000001 -
-[r] 04 - 80000000 -
-[e] 01000528 ffffffff 0
-[f] 01000534 00200293
-[d] 01000530 13 05 00 - 0 - 00000002 -
-[r] 00 - 00000001 -
-[e] 0100052c 00000002 0
-[w] 01000524 1 01 80000000
-[f] 01000538 fe5212e3
-[d] 01000534 63 - 04 05 1 - ffffffe4 -
-[r] 04 05 00000000 00000000
-[e] 01000530 00000002 0
-[w] 01000528 1 1e ffffffff
-[f] 0100053c fff00e93
-[d] 01000538 13 1d 00 - 0 - ffffffff -
-[r] 00 - 00000001 -
-[e] 01000534 01000518 0
-[w] 0100052c 1 04 00000002
-[f] 01000540 02700193
-[d] 0100053c 13 03 00 - 0 - 00000027 -
-[r] 00 - 00000000 -
-[e] 01000538 ffffffff 0
-[w] 01000530 1 05 00000002
-[f] 01000544 05df1e63
-[d] 01000540 63 - 1e 1d 1 - 0000005c -
-[r] 1e 1d 00000000 00000000
-[e] 0100053c 00000027 0
-[f] 01000548 00f00093
-[d] 01000544 13 01 00 - 0 - 0000000f -
-[r] 00 - ffffffff -
-[e] 01000540 0100059c 0
-[w] 01000538 1 1d ffffffff
-[f] 0100054c 40105133
-[d] 01000548 33 02 00 01 5 20 - -
-[r] 00 01 00000000 00000000
-[e] 01000544 0000000f 0
-[w] 0100053c 1 03 00000027
-[f] 01000550 00000e93
-[d] 0100054c 13 1d 00 - 0 - 00000000 -
-[r] 00 - 00000000 -
-[e] 01000548 00000000 0
-[f] 01000554 02800193
-[d] 01000550 13 03 00 - 0 - 00000028 -
-[r] 00 - 00000000 -
-[e] 0100054c 00000000 0
-[w] 01000544 1 01 0000000f
-[f] 01000558 05d11463
-[d] 01000554 63 - 02 1d 1 - 00000048 -
-[r] 02 1d 00000000 00000000
-[e] 01000550 00000028 0
-[w] 01000548 1 02 00000000
-[f] 01000558 05d11463
-[d] 01000554 63 - 02 1d 1 - 00000048 -
-[r] 02 1d 0000001f ffffffff
-[e] 01000554 0000001f 0
-[w] 0100054c 1 1d 00000000
-[f] 01000558 05d11463
-[d] 01000554 63 - 02 1d 1 - 00000048 -
-[r] 02 1d 00000000 ffffffff
-[e] 01000554 00000000 0
-[w] 01000550 1 03 00000028
-[f] 0100055c 02000093
-[d] 01000558 13 01 00 - 0 - 00000020 -
-[r] 00 - 00000000 -
-[e] 01000554 0100059c 0
-[f] 01000560 4000d133
-[d] 0100055c 33 02 01 00 5 20 - -
-[r] 01 00 00000000 00000000
-[e] 01000558 00000020 0
-[f] 01000564 02000e93
-[d] 01000560 13 1d 00 - 0 - 00000020 -
-[r] 00 - 0000000f -
-[e] 0100055c 00000020 1
-[f] 01000568 02900193
-[d] 01000564 13 03 00 - 0 - 00000029 -
-[r] 00 - 00000000 -
-[e] 01000560 00000020 0
-[w] 01000558 1 01 00000020
-[f] 0100056c 03d11a63
-[d] 01000568 63 - 02 1d 1 - 00000034 -
-[r] 02 1d 00000000 00000000
-[e] 01000564 00000029 0
-[w] 0100055c 1 02 00000020
-[f] 0100056c 03d11a63
-[d] 01000568 63 - 02 1d 1 - 00000034 -
-[r] 02 1d 00000000 00000000
-[e] 01000568 00000000 0
-[w] 01000560 1 1d 00000020
-[f] 0100056c 03d11a63
-[d] 01000568 63 - 02 1d 1 - 00000034 -
-[r] 02 1d 00000020 00000000
-[e] 01000568 00000020 0
-[w] 01000564 1 03 00000029
-[f] 01000570 400050b3
-[d] 0100056c 33 01 00 00 5 20 - -
-[r] 00 00 00000020 00000020
-[e] 01000568 0100059c 0
-[f] 01000574 00000e93
-[d] 01000570 13 1d 00 - 0 - 00000000 -
-[r] 00 - 00000000 -
-[e] 0100056c 00000000 1
-[f] 01000578 02a00193
-[d] 01000574 13 03 00 - 0 - 0000002a -
-[r] 00 - 00000000 -
-[e] 01000570 00000000 0
-[f] 0100057c 03d09263
-[d] 01000578 63 - 01 1d 1 - 00000024 -
-[r] 01 1d 00000000 00000000
-[e] 01000574 0000002a 0
-[w] 0100056c 1 01 00000000
-[f] 0100057c 03d09263
-[d] 01000578 63 - 01 1d 1 - 00000024 -
-[r] 01 1d 00000020 00000020
-[e] 01000578 00000020 0
-[w] 01000570 1 1d 00000000
-[f] 0100057c 03d09263
-[d] 01000578 63 - 01 1d 1 - 00000024 -
-[r] 01 1d 00000000 00000020
-[e] 01000578 00000000 0
-[w] 01000574 1 03 0000002a
-[f] 01000580 40000093
-[d] 0100057c 13 01 00 - 0 - 00000400 -
-[r] 00 - 00000000 -
-[e] 01000578 0100059c 0
-[f] 01000584 00001137
-[d] 01000580 37 02 - - - - 00001000 -
-[r] - - - -
-[e] 0100057c 00000400 0
-[f] 01000588 80010113
-[d] 01000584 13 02 02 - 0 - fffff800 -
-[r] 02 - 00000000 -
-[e] 01000580 00001000 0
-[f] 0100058c 4020d033
-[d] 01000588 33 00 01 02 5 20 - -
-[r] 01 02 00000020 00000000
-[e] 01000584 00000800 0
-[w] 0100057c 1 01 00000400
-[f] 0100058c 4020d033
-[d] 01000588 33 00 01 02 5 20 - -
-[r] 01 02 00000000 00000020
-[e] 01000588 00000000 0
-[w] 01000580 1 02 00001000
-[f] 01000590 00000e93
-[d] 0100058c 13 1d 00 - 0 - 00000000 -
-[r] 00 - 00000400 -
-[e] 01000588 00000400 0
-[w] 01000584 1 02 00000800
-[f] 01000594 02b00193
-[d] 01000590 13 03 00 - 0 - 0000002b -
-[r] 00 - 00000000 -
-[e] 0100058c 00000000 0
-[f] 01000598 01d01463
-[d] 01000594 63 - 00 1d 1 - 00000008 -
-[r] 00 1d 00000000 00000000
-[e] 01000590 0000002b 0
-[f] 0100059c 00301c63
-[d] 01000598 63 - 00 03 1 - 00000018 -
-[r] 00 03 00000000 00000000
-[e] 01000594 0100059c 0
-[w] 0100058c 1 1d 00000000
-[f] 010005b8 00100193
-[d] 010005b4 13 03 00 - 0 - 00000001 -
-[r] 00 - 00000000 -
-[e] 010005b0 00000000 0
+[e] 01000018 010005a0 1
+[f] 010005a4 00018063
+[d] 010005a0 33 1e 01 02 5 20 - -
+[r] 01 02 00000000 00000000
+[f] 010005a8 00119193
+[d] 010005a4 63 - 03 00 0 - 00000000 -
+[r] 03 00 80000000 00000000
+[e] 010005a0 00000000 0
+[f] 010005ac 0011e193
+[d] 010005a8 13 03 03 - 1 - 00000000 -
+[r] 03 - 00000002 -
+[e] 010005a4 010005a4 0
+[f] 010005b0 00000073
+[d] 010005ac 13 03 03 - 6 - 00000001 -
+[r] 03 - 00000002 -
+[e] 010005a8 00000002 0
+[w] 010005a0 1 1e 00000000
